<?xml version="1.0" encoding="UTF-8"?>
<testsuite name="org.springframework.data.aerospike.repository.AllTests" time="1.086" tests="19" errors="15" skipped="0" failures="0">
  <properties>
    <property name="java.runtime.name" value="Java(TM) SE Runtime Environment"/>
    <property name="sun.boot.library.path" value="/usr/lib/jvm/java-8-oracle/jre/lib/amd64"/>
    <property name="java.vm.version" value="25.91-b14"/>
    <property name="java.vm.vendor" value="Oracle Corporation"/>
    <property name="java.vendor.url" value="http://java.oracle.com/"/>
    <property name="path.separator" value=":"/>
    <property name="guice.disable.misplaced.annotation.check" value="true"/>
    <property name="java.vm.name" value="Java HotSpot(TM) 64-Bit Server VM"/>
    <property name="file.encoding.pkg" value="sun.io"/>
    <property name="user.country" value="BR"/>
    <property name="sun.java.launcher" value="SUN_STANDARD"/>
    <property name="sun.os.patch.level" value="unknown"/>
    <property name="java.vm.specification.name" value="Java Virtual Machine Specification"/>
    <property name="user.dir" value="/home/aluno/spring-projects/maven/spring-data-aerospike"/>
    <property name="java.runtime.version" value="1.8.0_91-b14"/>
    <property name="java.awt.graphicsenv" value="sun.awt.X11GraphicsEnvironment"/>
    <property name="java.endorsed.dirs" value="/usr/lib/jvm/java-8-oracle/jre/lib/endorsed"/>
    <property name="os.arch" value="amd64"/>
    <property name="java.io.tmpdir" value="/tmp"/>
    <property name="line.separator" value="&#10;"/>
    <property name="java.vm.specification.vendor" value="Oracle Corporation"/>
    <property name="os.name" value="Linux"/>
    <property name="classworlds.conf" value="/usr/share/maven/bin/m2.conf"/>
    <property name="sun.jnu.encoding" value="UTF-8"/>
    <property name="java.library.path" value="/usr/java/packages/lib/amd64:/usr/lib64:/lib64:/lib:/usr/lib"/>
    <property name="java.specification.name" value="Java Platform API Specification"/>
    <property name="java.class.version" value="52.0"/>
    <property name="sun.management.compiler" value="HotSpot 64-Bit Tiered Compilers"/>
    <property name="os.version" value="3.13.0-91-generic"/>
    <property name="user.home" value="/home/aluno"/>
    <property name="user.timezone" value="America/Fortaleza"/>
    <property name="java.awt.printerjob" value="sun.print.PSPrinterJob"/>
    <property name="file.encoding" value="UTF-8"/>
    <property name="java.specification.version" value="1.8"/>
    <property name="user.name" value="aluno"/>
    <property name="java.class.path" value="/usr/share/maven/boot/plexus-classworlds-2.x.jar"/>
    <property name="java.vm.specification.version" value="1.8"/>
    <property name="sun.arch.data.model" value="64"/>
    <property name="java.home" value="/usr/lib/jvm/java-8-oracle/jre"/>
    <property name="sun.java.command" value="org.codehaus.plexus.classworlds.launcher.Launcher test"/>
    <property name="java.specification.vendor" value="Oracle Corporation"/>
    <property name="user.language" value="pt"/>
    <property name="awt.toolkit" value="sun.awt.X11.XToolkit"/>
    <property name="java.vm.info" value="mixed mode"/>
    <property name="java.version" value="1.8.0_91"/>
    <property name="java.ext.dirs" value="/usr/lib/jvm/java-8-oracle/jre/lib/ext:/usr/java/packages/lib/ext"/>
    <property name="securerandom.source" value="file:/dev/./urandom"/>
    <property name="sun.boot.class.path" value="/usr/lib/jvm/java-8-oracle/jre/lib/resources.jar:/usr/lib/jvm/java-8-oracle/jre/lib/rt.jar:/usr/lib/jvm/java-8-oracle/jre/lib/sunrsasign.jar:/usr/lib/jvm/java-8-oracle/jre/lib/jsse.jar:/usr/lib/jvm/java-8-oracle/jre/lib/jce.jar:/usr/lib/jvm/java-8-oracle/jre/lib/charsets.jar:/usr/lib/jvm/java-8-oracle/jre/lib/jfr.jar:/usr/lib/jvm/java-8-oracle/jre/classes"/>
    <property name="java.vendor" value="Oracle Corporation"/>
    <property name="maven.home" value="/usr/share/maven"/>
    <property name="file.separator" value="/"/>
    <property name="java.vendor.url.bug" value="http://bugreport.sun.com/bugreport/"/>
    <property name="sun.cpu.endian" value="little"/>
    <property name="sun.io.unicode.encoding" value="UnicodeLittle"/>
    <property name="sun.desktop" value="gnome"/>
    <property name="sun.cpu.isalist" value=""/>
  </properties>
  <testcase name="testReadById" classname="org.springframework.data.aerospike.repository.CustomerRepositoriesIntegrationTests" time="0.404"/>
  <testcase name="testCreate" classname="org.springframework.data.aerospike.repository.CustomerRepositoriesIntegrationTests" time="0.162"/>
  <testcase name="testDelete" classname="org.springframework.data.aerospike.repository.CustomerRepositoriesIntegrationTests" time="0.161"/>
  <testcase name="testExists" classname="org.springframework.data.aerospike.repository.CustomerRepositoriesIntegrationTests" time="0.328"/>
  <testcase name="findsPersonsByFirstnameStartsWith" classname="org.springframework.data.aerospike.repository.PersonRepositoryIntegrationTests" time="0.001">
    <error message="Failed to load ApplicationContext" type="java.lang.IllegalStateException"><![CDATA[java.lang.IllegalStateException: Failed to load ApplicationContext
	at org.springframework.test.context.DefaultCacheAwareContextLoaderDelegate.loadContext(DefaultCacheAwareContextLoaderDelegate.java:94)
	at org.springframework.test.context.DefaultTestContext.getApplicationContext(DefaultTestContext.java:72)
	at org.springframework.test.context.support.DependencyInjectionTestExecutionListener.injectDependencies(DependencyInjectionTestExecutionListener.java:117)
	at org.springframework.test.context.support.DependencyInjectionTestExecutionListener.prepareTestInstance(DependencyInjectionTestExecutionListener.java:83)
	at org.springframework.test.context.TestContextManager.prepareTestInstance(TestContextManager.java:212)
	at org.springframework.test.context.junit4.SpringJUnit4ClassRunner.createTest(SpringJUnit4ClassRunner.java:200)
	at org.springframework.test.context.junit4.SpringJUnit4ClassRunner$1.runReflectiveCall(SpringJUnit4ClassRunner.java:259)
	at org.junit.internal.runners.model.ReflectiveCallable.run(ReflectiveCallable.java:12)
	at org.springframework.test.context.junit4.SpringJUnit4ClassRunner.methodBlock(SpringJUnit4ClassRunner.java:261)
	at org.springframework.test.context.junit4.SpringJUnit4ClassRunner.runChild(SpringJUnit4ClassRunner.java:219)
	at org.springframework.test.context.junit4.SpringJUnit4ClassRunner.runChild(SpringJUnit4ClassRunner.java:83)
	at org.junit.runners.ParentRunner$3.run(ParentRunner.java:290)
	at org.junit.runners.ParentRunner$1.schedule(ParentRunner.java:71)
	at org.junit.runners.ParentRunner.runChildren(ParentRunner.java:288)
	at org.junit.runners.ParentRunner.access$000(ParentRunner.java:58)
	at org.junit.runners.ParentRunner$2.evaluate(ParentRunner.java:268)
	at org.springframework.test.context.junit4.statements.RunBeforeTestClassCallbacks.evaluate(RunBeforeTestClassCallbacks.java:61)
	at org.springframework.test.context.junit4.statements.RunAfterTestClassCallbacks.evaluate(RunAfterTestClassCallbacks.java:68)
	at org.junit.runners.ParentRunner.run(ParentRunner.java:363)
	at org.springframework.test.context.junit4.SpringJUnit4ClassRunner.run(SpringJUnit4ClassRunner.java:163)
	at org.junit.runners.Suite.runChild(Suite.java:128)
	at org.junit.runners.Suite.runChild(Suite.java:27)
	at org.junit.runners.ParentRunner$3.run(ParentRunner.java:290)
	at org.junit.runners.ParentRunner$1.schedule(ParentRunner.java:71)
	at org.junit.runners.ParentRunner.runChildren(ParentRunner.java:288)
	at org.junit.runners.ParentRunner.access$000(ParentRunner.java:58)
	at org.junit.runners.ParentRunner$2.evaluate(ParentRunner.java:268)
	at org.junit.runners.ParentRunner.run(ParentRunner.java:363)
	at org.apache.maven.surefire.junit4.JUnit4Provider.execute(JUnit4Provider.java:283)
	at org.apache.maven.surefire.junit4.JUnit4Provider.executeWithRerun(JUnit4Provider.java:173)
	at org.apache.maven.surefire.junit4.JUnit4Provider.executeTestSet(JUnit4Provider.java:153)
	at org.apache.maven.surefire.junit4.JUnit4Provider.invoke(JUnit4Provider.java:128)
	at org.apache.maven.surefire.booter.ForkedBooter.invokeProviderInSameClassLoader(ForkedBooter.java:203)
	at org.apache.maven.surefire.booter.ForkedBooter.runSuitesInProcess(ForkedBooter.java:155)
	at org.apache.maven.surefire.booter.ForkedBooter.main(ForkedBooter.java:103)
Caused by: org.springframework.beans.factory.BeanCreationException: Error creating bean with name 'aerospikeTemplate' defined in org.springframework.data.aerospike.repository.TestConfigPerson: Bean instantiation via factory method failed; nested exception is org.springframework.beans.BeanInstantiationException: Failed to instantiate [org.springframework.data.aerospike.core.AerospikeTemplate]: Factory method 'aerospikeTemplate' threw exception; nested exception is org.springframework.beans.factory.BeanCreationException: Error creating bean with name 'aerospikeClient' defined in org.springframework.data.aerospike.repository.TestConfigPerson: Bean instantiation via factory method failed; nested exception is org.springframework.beans.BeanInstantiationException: Failed to instantiate [com.aerospike.client.AerospikeClient]: Factory method 'aerospikeClient' threw exception; nested exception is com.aerospike.client.AerospikeException$Connection: Error Code 11: Failed to connect to host(s): 
52.41.32.83:3000 Error Code 11: java.net.SocketTimeoutException: connect timed out

	at org.springframework.beans.factory.support.ConstructorResolver.instantiateUsingFactoryMethod(ConstructorResolver.java:599)
	at org.springframework.beans.factory.support.AbstractAutowireCapableBeanFactory.instantiateUsingFactoryMethod(AbstractAutowireCapableBeanFactory.java:1119)
	at org.springframework.beans.factory.support.AbstractAutowireCapableBeanFactory.createBeanInstance(AbstractAutowireCapableBeanFactory.java:1014)
	at org.springframework.beans.factory.support.AbstractAutowireCapableBeanFactory.doCreateBean(AbstractAutowireCapableBeanFactory.java:504)
	at org.springframework.beans.factory.support.AbstractAutowireCapableBeanFactory.createBean(AbstractAutowireCapableBeanFactory.java:476)
	at org.springframework.beans.factory.support.AbstractBeanFactory$1.getObject(AbstractBeanFactory.java:303)
	at org.springframework.beans.factory.support.DefaultSingletonBeanRegistry.getSingleton(DefaultSingletonBeanRegistry.java:230)
	at org.springframework.beans.factory.support.AbstractBeanFactory.doGetBean(AbstractBeanFactory.java:299)
	at org.springframework.beans.factory.support.AbstractBeanFactory.getBean(AbstractBeanFactory.java:194)
	at org.springframework.beans.factory.support.DefaultListableBeanFactory.preInstantiateSingletons(DefaultListableBeanFactory.java:755)
	at org.springframework.context.support.AbstractApplicationContext.finishBeanFactoryInitialization(AbstractApplicationContext.java:757)
	at org.springframework.context.support.AbstractApplicationContext.refresh(AbstractApplicationContext.java:480)
	at org.springframework.test.context.support.AbstractGenericContextLoader.loadContext(AbstractGenericContextLoader.java:125)
	at org.springframework.test.context.support.AbstractGenericContextLoader.loadContext(AbstractGenericContextLoader.java:60)
	at org.springframework.test.context.support.AbstractDelegatingSmartContextLoader.delegateLoading(AbstractDelegatingSmartContextLoader.java:109)
	at org.springframework.test.context.support.AbstractDelegatingSmartContextLoader.loadContext(AbstractDelegatingSmartContextLoader.java:261)
	at org.springframework.test.context.DefaultCacheAwareContextLoaderDelegate.loadContextInternal(DefaultCacheAwareContextLoaderDelegate.java:68)
	at org.springframework.test.context.DefaultCacheAwareContextLoaderDelegate.loadContext(DefaultCacheAwareContextLoaderDelegate.java:86)
	at org.springframework.test.context.DefaultTestContext.getApplicationContext(DefaultTestContext.java:72)
	at org.springframework.test.context.support.DependencyInjectionTestExecutionListener.injectDependencies(DependencyInjectionTestExecutionListener.java:117)
	at org.springframework.test.context.support.DependencyInjectionTestExecutionListener.prepareTestInstance(DependencyInjectionTestExecutionListener.java:83)
	at org.springframework.test.context.TestContextManager.prepareTestInstance(TestContextManager.java:212)
	at org.springframework.test.context.junit4.SpringJUnit4ClassRunner.createTest(SpringJUnit4ClassRunner.java:200)
	at org.springframework.test.context.junit4.SpringJUnit4ClassRunner$1.runReflectiveCall(SpringJUnit4ClassRunner.java:259)
	at org.junit.internal.runners.model.ReflectiveCallable.run(ReflectiveCallable.java:12)
	at org.springframework.test.context.junit4.SpringJUnit4ClassRunner.methodBlock(SpringJUnit4ClassRunner.java:261)
	at org.springframework.test.context.junit4.SpringJUnit4ClassRunner.runChild(SpringJUnit4ClassRunner.java:219)
	at org.springframework.test.context.junit4.SpringJUnit4ClassRunner.runChild(SpringJUnit4ClassRunner.java:83)
	at org.junit.runners.ParentRunner$3.run(ParentRunner.java:290)
	at org.junit.runners.ParentRunner$1.schedule(ParentRunner.java:71)
	at org.junit.runners.ParentRunner.runChildren(ParentRunner.java:288)
	at org.junit.runners.ParentRunner.access$000(ParentRunner.java:58)
	at org.junit.runners.ParentRunner$2.evaluate(ParentRunner.java:268)
	at org.springframework.test.context.junit4.statements.RunBeforeTestClassCallbacks.evaluate(RunBeforeTestClassCallbacks.java:61)
	at org.springframework.test.context.junit4.statements.RunAfterTestClassCallbacks.evaluate(RunAfterTestClassCallbacks.java:68)
	at org.junit.runners.ParentRunner.run(ParentRunner.java:363)
	at org.springframework.test.context.junit4.SpringJUnit4ClassRunner.run(SpringJUnit4ClassRunner.java:163)
	at org.junit.runners.Suite.runChild(Suite.java:128)
	at org.junit.runners.Suite.runChild(Suite.java:27)
	at org.junit.runners.ParentRunner$3.run(ParentRunner.java:290)
	at org.junit.runners.ParentRunner$1.schedule(ParentRunner.java:71)
	at org.junit.runners.ParentRunner.runChildren(ParentRunner.java:288)
	at org.junit.runners.ParentRunner.access$000(ParentRunner.java:58)
	at org.junit.runners.ParentRunner$2.evaluate(ParentRunner.java:268)
	at org.junit.runners.ParentRunner.run(ParentRunner.java:363)
	at org.apache.maven.surefire.junit4.JUnit4Provider.execute(JUnit4Provider.java:283)
	at org.apache.maven.surefire.junit4.JUnit4Provider.executeWithRerun(JUnit4Provider.java:173)
	at org.apache.maven.surefire.junit4.JUnit4Provider.executeTestSet(JUnit4Provider.java:153)
	at org.apache.maven.surefire.junit4.JUnit4Provider.invoke(JUnit4Provider.java:128)
	at org.apache.maven.surefire.booter.ForkedBooter.invokeProviderInSameClassLoader(ForkedBooter.java:203)
	at org.apache.maven.surefire.booter.ForkedBooter.runSuitesInProcess(ForkedBooter.java:155)
	at org.apache.maven.surefire.booter.ForkedBooter.main(ForkedBooter.java:103)
Caused by: org.springframework.beans.BeanInstantiationException: Failed to instantiate [org.springframework.data.aerospike.core.AerospikeTemplate]: Factory method 'aerospikeTemplate' threw exception; nested exception is org.springframework.beans.factory.BeanCreationException: Error creating bean with name 'aerospikeClient' defined in org.springframework.data.aerospike.repository.TestConfigPerson: Bean instantiation via factory method failed; nested exception is org.springframework.beans.BeanInstantiationException: Failed to instantiate [com.aerospike.client.AerospikeClient]: Factory method 'aerospikeClient' threw exception; nested exception is com.aerospike.client.AerospikeException$Connection: Error Code 11: Failed to connect to host(s): 
52.41.32.83:3000 Error Code 11: java.net.SocketTimeoutException: connect timed out

	at org.springframework.beans.factory.support.SimpleInstantiationStrategy.instantiate(SimpleInstantiationStrategy.java:189)
	at org.springframework.beans.factory.support.ConstructorResolver.instantiateUsingFactoryMethod(ConstructorResolver.java:588)
	at org.springframework.beans.factory.support.AbstractAutowireCapableBeanFactory.instantiateUsingFactoryMethod(AbstractAutowireCapableBeanFactory.java:1119)
	at org.springframework.beans.factory.support.AbstractAutowireCapableBeanFactory.createBeanInstance(AbstractAutowireCapableBeanFactory.java:1014)
	at org.springframework.beans.factory.support.AbstractAutowireCapableBeanFactory.doCreateBean(AbstractAutowireCapableBeanFactory.java:504)
	at org.springframework.beans.factory.support.AbstractAutowireCapableBeanFactory.createBean(AbstractAutowireCapableBeanFactory.java:476)
	at org.springframework.beans.factory.support.AbstractBeanFactory$1.getObject(AbstractBeanFactory.java:303)
	at org.springframework.beans.factory.support.DefaultSingletonBeanRegistry.getSingleton(DefaultSingletonBeanRegistry.java:230)
	at org.springframework.beans.factory.support.AbstractBeanFactory.doGetBean(AbstractBeanFactory.java:299)
	at org.springframework.beans.factory.support.AbstractBeanFactory.getBean(AbstractBeanFactory.java:194)
	at org.springframework.beans.factory.support.DefaultListableBeanFactory.preInstantiateSingletons(DefaultListableBeanFactory.java:755)
	at org.springframework.context.support.AbstractApplicationContext.finishBeanFactoryInitialization(AbstractApplicationContext.java:757)
	at org.springframework.context.support.AbstractApplicationContext.refresh(AbstractApplicationContext.java:480)
	at org.springframework.test.context.support.AbstractGenericContextLoader.loadContext(AbstractGenericContextLoader.java:125)
	at org.springframework.test.context.support.AbstractGenericContextLoader.loadContext(AbstractGenericContextLoader.java:60)
	at org.springframework.test.context.support.AbstractDelegatingSmartContextLoader.delegateLoading(AbstractDelegatingSmartContextLoader.java:109)
	at org.springframework.test.context.support.AbstractDelegatingSmartContextLoader.loadContext(AbstractDelegatingSmartContextLoader.java:261)
	at org.springframework.test.context.DefaultCacheAwareContextLoaderDelegate.loadContextInternal(DefaultCacheAwareContextLoaderDelegate.java:68)
	at org.springframework.test.context.DefaultCacheAwareContextLoaderDelegate.loadContext(DefaultCacheAwareContextLoaderDelegate.java:86)
	at org.springframework.test.context.DefaultTestContext.getApplicationContext(DefaultTestContext.java:72)
	at org.springframework.test.context.support.DependencyInjectionTestExecutionListener.injectDependencies(DependencyInjectionTestExecutionListener.java:117)
	at org.springframework.test.context.support.DependencyInjectionTestExecutionListener.prepareTestInstance(DependencyInjectionTestExecutionListener.java:83)
	at org.springframework.test.context.TestContextManager.prepareTestInstance(TestContextManager.java:212)
	at org.springframework.test.context.junit4.SpringJUnit4ClassRunner.createTest(SpringJUnit4ClassRunner.java:200)
	at org.springframework.test.context.junit4.SpringJUnit4ClassRunner$1.runReflectiveCall(SpringJUnit4ClassRunner.java:259)
	at org.junit.internal.runners.model.ReflectiveCallable.run(ReflectiveCallable.java:12)
	at org.springframework.test.context.junit4.SpringJUnit4ClassRunner.methodBlock(SpringJUnit4ClassRunner.java:261)
	at org.springframework.test.context.junit4.SpringJUnit4ClassRunner.runChild(SpringJUnit4ClassRunner.java:219)
	at org.springframework.test.context.junit4.SpringJUnit4ClassRunner.runChild(SpringJUnit4ClassRunner.java:83)
	at org.junit.runners.ParentRunner$3.run(ParentRunner.java:290)
	at org.junit.runners.ParentRunner$1.schedule(ParentRunner.java:71)
	at org.junit.runners.ParentRunner.runChildren(ParentRunner.java:288)
	at org.junit.runners.ParentRunner.access$000(ParentRunner.java:58)
	at org.junit.runners.ParentRunner$2.evaluate(ParentRunner.java:268)
	at org.springframework.test.context.junit4.statements.RunBeforeTestClassCallbacks.evaluate(RunBeforeTestClassCallbacks.java:61)
	at org.springframework.test.context.junit4.statements.RunAfterTestClassCallbacks.evaluate(RunAfterTestClassCallbacks.java:68)
	at org.junit.runners.ParentRunner.run(ParentRunner.java:363)
	at org.springframework.test.context.junit4.SpringJUnit4ClassRunner.run(SpringJUnit4ClassRunner.java:163)
	at org.junit.runners.Suite.runChild(Suite.java:128)
	at org.junit.runners.Suite.runChild(Suite.java:27)
	at org.junit.runners.ParentRunner$3.run(ParentRunner.java:290)
	at org.junit.runners.ParentRunner$1.schedule(ParentRunner.java:71)
	at org.junit.runners.ParentRunner.runChildren(ParentRunner.java:288)
	at org.junit.runners.ParentRunner.access$000(ParentRunner.java:58)
	at org.junit.runners.ParentRunner$2.evaluate(ParentRunner.java:268)
	at org.junit.runners.ParentRunner.run(ParentRunner.java:363)
	at org.apache.maven.surefire.junit4.JUnit4Provider.execute(JUnit4Provider.java:283)
	at org.apache.maven.surefire.junit4.JUnit4Provider.executeWithRerun(JUnit4Provider.java:173)
	at org.apache.maven.surefire.junit4.JUnit4Provider.executeTestSet(JUnit4Provider.java:153)
	at org.apache.maven.surefire.junit4.JUnit4Provider.invoke(JUnit4Provider.java:128)
	at org.apache.maven.surefire.booter.ForkedBooter.invokeProviderInSameClassLoader(ForkedBooter.java:203)
	at org.apache.maven.surefire.booter.ForkedBooter.runSuitesInProcess(ForkedBooter.java:155)
	at org.apache.maven.surefire.booter.ForkedBooter.main(ForkedBooter.java:103)
Caused by: org.springframework.beans.factory.BeanCreationException: Error creating bean with name 'aerospikeClient' defined in org.springframework.data.aerospike.repository.TestConfigPerson: Bean instantiation via factory method failed; nested exception is org.springframework.beans.BeanInstantiationException: Failed to instantiate [com.aerospike.client.AerospikeClient]: Factory method 'aerospikeClient' threw exception; nested exception is com.aerospike.client.AerospikeException$Connection: Error Code 11: Failed to connect to host(s): 
52.41.32.83:3000 Error Code 11: java.net.SocketTimeoutException: connect timed out

	at org.springframework.beans.factory.support.ConstructorResolver.instantiateUsingFactoryMethod(ConstructorResolver.java:599)
	at org.springframework.beans.factory.support.AbstractAutowireCapableBeanFactory.instantiateUsingFactoryMethod(AbstractAutowireCapableBeanFactory.java:1119)
	at org.springframework.beans.factory.support.AbstractAutowireCapableBeanFactory.createBeanInstance(AbstractAutowireCapableBeanFactory.java:1014)
	at org.springframework.beans.factory.support.AbstractAutowireCapableBeanFactory.doCreateBean(AbstractAutowireCapableBeanFactory.java:504)
	at org.springframework.beans.factory.support.AbstractAutowireCapableBeanFactory.createBean(AbstractAutowireCapableBeanFactory.java:476)
	at org.springframework.beans.factory.support.AbstractBeanFactory$1.getObject(AbstractBeanFactory.java:303)
	at org.springframework.beans.factory.support.DefaultSingletonBeanRegistry.getSingleton(DefaultSingletonBeanRegistry.java:230)
	at org.springframework.beans.factory.support.AbstractBeanFactory.doGetBean(AbstractBeanFactory.java:299)
	at org.springframework.beans.factory.support.AbstractBeanFactory.getBean(AbstractBeanFactory.java:194)
	at org.springframework.context.annotation.ConfigurationClassEnhancer$BeanMethodInterceptor.intercept(ConfigurationClassEnhancer.java:322)
	at org.springframework.data.aerospike.repository.TestConfigPerson$$EnhancerBySpringCGLIB$$3f27a8da.aerospikeClient(<generated>)
	at org.springframework.data.aerospike.repository.TestConfigPerson.aerospikeTemplate(TestConfigPerson.java:38)
	at org.springframework.data.aerospike.repository.TestConfigPerson$$EnhancerBySpringCGLIB$$3f27a8da.CGLIB$aerospikeTemplate$0(<generated>)
	at org.springframework.data.aerospike.repository.TestConfigPerson$$EnhancerBySpringCGLIB$$3f27a8da$$FastClassBySpringCGLIB$$38965c5e.invoke(<generated>)
	at org.springframework.cglib.proxy.MethodProxy.invokeSuper(MethodProxy.java:228)
	at org.springframework.context.annotation.ConfigurationClassEnhancer$BeanMethodInterceptor.intercept(ConfigurationClassEnhancer.java:309)
	at org.springframework.data.aerospike.repository.TestConfigPerson$$EnhancerBySpringCGLIB$$3f27a8da.aerospikeTemplate(<generated>)
	at sun.reflect.NativeMethodAccessorImpl.invoke0(Native Method)
	at sun.reflect.NativeMethodAccessorImpl.invoke(NativeMethodAccessorImpl.java:62)
	at sun.reflect.DelegatingMethodAccessorImpl.invoke(DelegatingMethodAccessorImpl.java:43)
	at java.lang.reflect.Method.invoke(Method.java:498)
	at org.springframework.beans.factory.support.SimpleInstantiationStrategy.instantiate(SimpleInstantiationStrategy.java:162)
	at org.springframework.beans.factory.support.ConstructorResolver.instantiateUsingFactoryMethod(ConstructorResolver.java:588)
	at org.springframework.beans.factory.support.AbstractAutowireCapableBeanFactory.instantiateUsingFactoryMethod(AbstractAutowireCapableBeanFactory.java:1119)
	at org.springframework.beans.factory.support.AbstractAutowireCapableBeanFactory.createBeanInstance(AbstractAutowireCapableBeanFactory.java:1014)
	at org.springframework.beans.factory.support.AbstractAutowireCapableBeanFactory.doCreateBean(AbstractAutowireCapableBeanFactory.java:504)
	at org.springframework.beans.factory.support.AbstractAutowireCapableBeanFactory.createBean(AbstractAutowireCapableBeanFactory.java:476)
	at org.springframework.beans.factory.support.AbstractBeanFactory$1.getObject(AbstractBeanFactory.java:303)
	at org.springframework.beans.factory.support.DefaultSingletonBeanRegistry.getSingleton(DefaultSingletonBeanRegistry.java:230)
	at org.springframework.beans.factory.support.AbstractBeanFactory.doGetBean(AbstractBeanFactory.java:299)
	at org.springframework.beans.factory.support.AbstractBeanFactory.getBean(AbstractBeanFactory.java:194)
	at org.springframework.beans.factory.support.DefaultListableBeanFactory.preInstantiateSingletons(DefaultListableBeanFactory.java:755)
	at org.springframework.context.support.AbstractApplicationContext.finishBeanFactoryInitialization(AbstractApplicationContext.java:757)
	at org.springframework.context.support.AbstractApplicationContext.refresh(AbstractApplicationContext.java:480)
	at org.springframework.test.context.support.AbstractGenericContextLoader.loadContext(AbstractGenericContextLoader.java:125)
	at org.springframework.test.context.support.AbstractGenericContextLoader.loadContext(AbstractGenericContextLoader.java:60)
	at org.springframework.test.context.support.AbstractDelegatingSmartContextLoader.delegateLoading(AbstractDelegatingSmartContextLoader.java:109)
	at org.springframework.test.context.support.AbstractDelegatingSmartContextLoader.loadContext(AbstractDelegatingSmartContextLoader.java:261)
	at org.springframework.test.context.DefaultCacheAwareContextLoaderDelegate.loadContextInternal(DefaultCacheAwareContextLoaderDelegate.java:68)
	at org.springframework.test.context.DefaultCacheAwareContextLoaderDelegate.loadContext(DefaultCacheAwareContextLoaderDelegate.java:86)
	at org.springframework.test.context.DefaultTestContext.getApplicationContext(DefaultTestContext.java:72)
	at org.springframework.test.context.support.DependencyInjectionTestExecutionListener.injectDependencies(DependencyInjectionTestExecutionListener.java:117)
	at org.springframework.test.context.support.DependencyInjectionTestExecutionListener.prepareTestInstance(DependencyInjectionTestExecutionListener.java:83)
	at org.springframework.test.context.TestContextManager.prepareTestInstance(TestContextManager.java:212)
	at org.springframework.test.context.junit4.SpringJUnit4ClassRunner.createTest(SpringJUnit4ClassRunner.java:200)
	at org.springframework.test.context.junit4.SpringJUnit4ClassRunner$1.runReflectiveCall(SpringJUnit4ClassRunner.java:259)
	at org.junit.internal.runners.model.ReflectiveCallable.run(ReflectiveCallable.java:12)
	at org.springframework.test.context.junit4.SpringJUnit4ClassRunner.methodBlock(SpringJUnit4ClassRunner.java:261)
	at org.springframework.test.context.junit4.SpringJUnit4ClassRunner.runChild(SpringJUnit4ClassRunner.java:219)
	at org.springframework.test.context.junit4.SpringJUnit4ClassRunner.runChild(SpringJUnit4ClassRunner.java:83)
	at org.junit.runners.ParentRunner$3.run(ParentRunner.java:290)
	at org.junit.runners.ParentRunner$1.schedule(ParentRunner.java:71)
	at org.junit.runners.ParentRunner.runChildren(ParentRunner.java:288)
	at org.junit.runners.ParentRunner.access$000(ParentRunner.java:58)
	at org.junit.runners.ParentRunner$2.evaluate(ParentRunner.java:268)
	at org.springframework.test.context.junit4.statements.RunBeforeTestClassCallbacks.evaluate(RunBeforeTestClassCallbacks.java:61)
	at org.springframework.test.context.junit4.statements.RunAfterTestClassCallbacks.evaluate(RunAfterTestClassCallbacks.java:68)
	at org.junit.runners.ParentRunner.run(ParentRunner.java:363)
	at org.springframework.test.context.junit4.SpringJUnit4ClassRunner.run(SpringJUnit4ClassRunner.java:163)
	at org.junit.runners.Suite.runChild(Suite.java:128)
	at org.junit.runners.Suite.runChild(Suite.java:27)
	at org.junit.runners.ParentRunner$3.run(ParentRunner.java:290)
	at org.junit.runners.ParentRunner$1.schedule(ParentRunner.java:71)
	at org.junit.runners.ParentRunner.runChildren(ParentRunner.java:288)
	at org.junit.runners.ParentRunner.access$000(ParentRunner.java:58)
	at org.junit.runners.ParentRunner$2.evaluate(ParentRunner.java:268)
	at org.junit.runners.ParentRunner.run(ParentRunner.java:363)
	at org.apache.maven.surefire.junit4.JUnit4Provider.execute(JUnit4Provider.java:283)
	at org.apache.maven.surefire.junit4.JUnit4Provider.executeWithRerun(JUnit4Provider.java:173)
	at org.apache.maven.surefire.junit4.JUnit4Provider.executeTestSet(JUnit4Provider.java:153)
	at org.apache.maven.surefire.junit4.JUnit4Provider.invoke(JUnit4Provider.java:128)
	at org.apache.maven.surefire.booter.ForkedBooter.invokeProviderInSameClassLoader(ForkedBooter.java:203)
	at org.apache.maven.surefire.booter.ForkedBooter.runSuitesInProcess(ForkedBooter.java:155)
	at org.apache.maven.surefire.booter.ForkedBooter.main(ForkedBooter.java:103)
Caused by: org.springframework.beans.BeanInstantiationException: Failed to instantiate [com.aerospike.client.AerospikeClient]: Factory method 'aerospikeClient' threw exception; nested exception is com.aerospike.client.AerospikeException$Connection: Error Code 11: Failed to connect to host(s): 
52.41.32.83:3000 Error Code 11: java.net.SocketTimeoutException: connect timed out

	at org.springframework.beans.factory.support.SimpleInstantiationStrategy.instantiate(SimpleInstantiationStrategy.java:189)
	at org.springframework.beans.factory.support.ConstructorResolver.instantiateUsingFactoryMethod(ConstructorResolver.java:588)
	at org.springframework.beans.factory.support.AbstractAutowireCapableBeanFactory.instantiateUsingFactoryMethod(AbstractAutowireCapableBeanFactory.java:1119)
	at org.springframework.beans.factory.support.AbstractAutowireCapableBeanFactory.createBeanInstance(AbstractAutowireCapableBeanFactory.java:1014)
	at org.springframework.beans.factory.support.AbstractAutowireCapableBeanFactory.doCreateBean(AbstractAutowireCapableBeanFactory.java:504)
	at org.springframework.beans.factory.support.AbstractAutowireCapableBeanFactory.createBean(AbstractAutowireCapableBeanFactory.java:476)
	at org.springframework.beans.factory.support.AbstractBeanFactory$1.getObject(AbstractBeanFactory.java:303)
	at org.springframework.beans.factory.support.DefaultSingletonBeanRegistry.getSingleton(DefaultSingletonBeanRegistry.java:230)
	at org.springframework.beans.factory.support.AbstractBeanFactory.doGetBean(AbstractBeanFactory.java:299)
	at org.springframework.beans.factory.support.AbstractBeanFactory.getBean(AbstractBeanFactory.java:194)
	at org.springframework.context.annotation.ConfigurationClassEnhancer$BeanMethodInterceptor.intercept(ConfigurationClassEnhancer.java:322)
	at org.springframework.data.aerospike.repository.TestConfigPerson$$EnhancerBySpringCGLIB$$3f27a8da.aerospikeClient(<generated>)
	at org.springframework.data.aerospike.repository.TestConfigPerson.aerospikeTemplate(TestConfigPerson.java:38)
	at org.springframework.data.aerospike.repository.TestConfigPerson$$EnhancerBySpringCGLIB$$3f27a8da.CGLIB$aerospikeTemplate$0(<generated>)
	at org.springframework.data.aerospike.repository.TestConfigPerson$$EnhancerBySpringCGLIB$$3f27a8da$$FastClassBySpringCGLIB$$38965c5e.invoke(<generated>)
	at org.springframework.cglib.proxy.MethodProxy.invokeSuper(MethodProxy.java:228)
	at org.springframework.context.annotation.ConfigurationClassEnhancer$BeanMethodInterceptor.intercept(ConfigurationClassEnhancer.java:309)
	at org.springframework.data.aerospike.repository.TestConfigPerson$$EnhancerBySpringCGLIB$$3f27a8da.aerospikeTemplate(<generated>)
	at sun.reflect.NativeMethodAccessorImpl.invoke0(Native Method)
	at sun.reflect.NativeMethodAccessorImpl.invoke(NativeMethodAccessorImpl.java:62)
	at sun.reflect.DelegatingMethodAccessorImpl.invoke(DelegatingMethodAccessorImpl.java:43)
	at java.lang.reflect.Method.invoke(Method.java:498)
	at org.springframework.beans.factory.support.SimpleInstantiationStrategy.instantiate(SimpleInstantiationStrategy.java:162)
	at org.springframework.beans.factory.support.ConstructorResolver.instantiateUsingFactoryMethod(ConstructorResolver.java:588)
	at org.springframework.beans.factory.support.AbstractAutowireCapableBeanFactory.instantiateUsingFactoryMethod(AbstractAutowireCapableBeanFactory.java:1119)
	at org.springframework.beans.factory.support.AbstractAutowireCapableBeanFactory.createBeanInstance(AbstractAutowireCapableBeanFactory.java:1014)
	at org.springframework.beans.factory.support.AbstractAutowireCapableBeanFactory.doCreateBean(AbstractAutowireCapableBeanFactory.java:504)
	at org.springframework.beans.factory.support.AbstractAutowireCapableBeanFactory.createBean(AbstractAutowireCapableBeanFactory.java:476)
	at org.springframework.beans.factory.support.AbstractBeanFactory$1.getObject(AbstractBeanFactory.java:303)
	at org.springframework.beans.factory.support.DefaultSingletonBeanRegistry.getSingleton(DefaultSingletonBeanRegistry.java:230)
	at org.springframework.beans.factory.support.AbstractBeanFactory.doGetBean(AbstractBeanFactory.java:299)
	at org.springframework.beans.factory.support.AbstractBeanFactory.getBean(AbstractBeanFactory.java:194)
	at org.springframework.beans.factory.support.DefaultListableBeanFactory.preInstantiateSingletons(DefaultListableBeanFactory.java:755)
	at org.springframework.context.support.AbstractApplicationContext.finishBeanFactoryInitialization(AbstractApplicationContext.java:757)
	at org.springframework.context.support.AbstractApplicationContext.refresh(AbstractApplicationContext.java:480)
	at org.springframework.test.context.support.AbstractGenericContextLoader.loadContext(AbstractGenericContextLoader.java:125)
	at org.springframework.test.context.support.AbstractGenericContextLoader.loadContext(AbstractGenericContextLoader.java:60)
	at org.springframework.test.context.support.AbstractDelegatingSmartContextLoader.delegateLoading(AbstractDelegatingSmartContextLoader.java:109)
	at org.springframework.test.context.support.AbstractDelegatingSmartContextLoader.loadContext(AbstractDelegatingSmartContextLoader.java:261)
	at org.springframework.test.context.DefaultCacheAwareContextLoaderDelegate.loadContextInternal(DefaultCacheAwareContextLoaderDelegate.java:68)
	at org.springframework.test.context.DefaultCacheAwareContextLoaderDelegate.loadContext(DefaultCacheAwareContextLoaderDelegate.java:86)
	at org.springframework.test.context.DefaultTestContext.getApplicationContext(DefaultTestContext.java:72)
	at org.springframework.test.context.support.DependencyInjectionTestExecutionListener.injectDependencies(DependencyInjectionTestExecutionListener.java:117)
	at org.springframework.test.context.support.DependencyInjectionTestExecutionListener.prepareTestInstance(DependencyInjectionTestExecutionListener.java:83)
	at org.springframework.test.context.TestContextManager.prepareTestInstance(TestContextManager.java:212)
	at org.springframework.test.context.junit4.SpringJUnit4ClassRunner.createTest(SpringJUnit4ClassRunner.java:200)
	at org.springframework.test.context.junit4.SpringJUnit4ClassRunner$1.runReflectiveCall(SpringJUnit4ClassRunner.java:259)
	at org.junit.internal.runners.model.ReflectiveCallable.run(ReflectiveCallable.java:12)
	at org.springframework.test.context.junit4.SpringJUnit4ClassRunner.methodBlock(SpringJUnit4ClassRunner.java:261)
	at org.springframework.test.context.junit4.SpringJUnit4ClassRunner.runChild(SpringJUnit4ClassRunner.java:219)
	at org.springframework.test.context.junit4.SpringJUnit4ClassRunner.runChild(SpringJUnit4ClassRunner.java:83)
	at org.junit.runners.ParentRunner$3.run(ParentRunner.java:290)
	at org.junit.runners.ParentRunner$1.schedule(ParentRunner.java:71)
	at org.junit.runners.ParentRunner.runChildren(ParentRunner.java:288)
	at org.junit.runners.ParentRunner.access$000(ParentRunner.java:58)
	at org.junit.runners.ParentRunner$2.evaluate(ParentRunner.java:268)
	at org.springframework.test.context.junit4.statements.RunBeforeTestClassCallbacks.evaluate(RunBeforeTestClassCallbacks.java:61)
	at org.springframework.test.context.junit4.statements.RunAfterTestClassCallbacks.evaluate(RunAfterTestClassCallbacks.java:68)
	at org.junit.runners.ParentRunner.run(ParentRunner.java:363)
	at org.springframework.test.context.junit4.SpringJUnit4ClassRunner.run(SpringJUnit4ClassRunner.java:163)
	at org.junit.runners.Suite.runChild(Suite.java:128)
	at org.junit.runners.Suite.runChild(Suite.java:27)
	at org.junit.runners.ParentRunner$3.run(ParentRunner.java:290)
	at org.junit.runners.ParentRunner$1.schedule(ParentRunner.java:71)
	at org.junit.runners.ParentRunner.runChildren(ParentRunner.java:288)
	at org.junit.runners.ParentRunner.access$000(ParentRunner.java:58)
	at org.junit.runners.ParentRunner$2.evaluate(ParentRunner.java:268)
	at org.junit.runners.ParentRunner.run(ParentRunner.java:363)
	at org.apache.maven.surefire.junit4.JUnit4Provider.execute(JUnit4Provider.java:283)
	at org.apache.maven.surefire.junit4.JUnit4Provider.executeWithRerun(JUnit4Provider.java:173)
	at org.apache.maven.surefire.junit4.JUnit4Provider.executeTestSet(JUnit4Provider.java:153)
	at org.apache.maven.surefire.junit4.JUnit4Provider.invoke(JUnit4Provider.java:128)
	at org.apache.maven.surefire.booter.ForkedBooter.invokeProviderInSameClassLoader(ForkedBooter.java:203)
	at org.apache.maven.surefire.booter.ForkedBooter.runSuitesInProcess(ForkedBooter.java:155)
	at org.apache.maven.surefire.booter.ForkedBooter.main(ForkedBooter.java:103)
Caused by: com.aerospike.client.AerospikeException$Connection: Error Code 11: Failed to connect to host(s): 
52.41.32.83:3000 Error Code 11: java.net.SocketTimeoutException: connect timed out

	at com.aerospike.client.cluster.Cluster.seedNodes(Cluster.java:386)
	at com.aerospike.client.cluster.Cluster.tend(Cluster.java:273)
	at com.aerospike.client.cluster.Cluster.waitTillStabilized(Cluster.java:238)
	at com.aerospike.client.cluster.Cluster.initTendThread(Cluster.java:148)
	at com.aerospike.client.AerospikeClient.<init>(AerospikeClient.java:209)
	at com.aerospike.client.AerospikeClient.<init>(AerospikeClient.java:173)
	at org.springframework.data.aerospike.repository.TestConfigPerson.aerospikeClient(TestConfigPerson.java:32)
	at org.springframework.data.aerospike.repository.TestConfigPerson$$EnhancerBySpringCGLIB$$3f27a8da.CGLIB$aerospikeClient$1(<generated>)
	at org.springframework.data.aerospike.repository.TestConfigPerson$$EnhancerBySpringCGLIB$$3f27a8da$$FastClassBySpringCGLIB$$38965c5e.invoke(<generated>)
	at org.springframework.cglib.proxy.MethodProxy.invokeSuper(MethodProxy.java:228)
	at org.springframework.context.annotation.ConfigurationClassEnhancer$BeanMethodInterceptor.intercept(ConfigurationClassEnhancer.java:309)
	at org.springframework.data.aerospike.repository.TestConfigPerson$$EnhancerBySpringCGLIB$$3f27a8da.aerospikeClient(<generated>)
	at sun.reflect.NativeMethodAccessorImpl.invoke0(Native Method)
	at sun.reflect.NativeMethodAccessorImpl.invoke(NativeMethodAccessorImpl.java:62)
	at sun.reflect.DelegatingMethodAccessorImpl.invoke(DelegatingMethodAccessorImpl.java:43)
	at java.lang.reflect.Method.invoke(Method.java:498)
	at org.springframework.beans.factory.support.SimpleInstantiationStrategy.instantiate(SimpleInstantiationStrategy.java:162)
	at org.springframework.beans.factory.support.ConstructorResolver.instantiateUsingFactoryMethod(ConstructorResolver.java:588)
	at org.springframework.beans.factory.support.AbstractAutowireCapableBeanFactory.instantiateUsingFactoryMethod(AbstractAutowireCapableBeanFactory.java:1119)
	at org.springframework.beans.factory.support.AbstractAutowireCapableBeanFactory.createBeanInstance(AbstractAutowireCapableBeanFactory.java:1014)
	at org.springframework.beans.factory.support.AbstractAutowireCapableBeanFactory.doCreateBean(AbstractAutowireCapableBeanFactory.java:504)
	at org.springframework.beans.factory.support.AbstractAutowireCapableBeanFactory.createBean(AbstractAutowireCapableBeanFactory.java:476)
	at org.springframework.beans.factory.support.AbstractBeanFactory$1.getObject(AbstractBeanFactory.java:303)
	at org.springframework.beans.factory.support.DefaultSingletonBeanRegistry.getSingleton(DefaultSingletonBeanRegistry.java:230)
	at org.springframework.beans.factory.support.AbstractBeanFactory.doGetBean(AbstractBeanFactory.java:299)
	at org.springframework.beans.factory.support.AbstractBeanFactory.getBean(AbstractBeanFactory.java:194)
	at org.springframework.context.annotation.ConfigurationClassEnhancer$BeanMethodInterceptor.intercept(ConfigurationClassEnhancer.java:322)
	at org.springframework.data.aerospike.repository.TestConfigPerson$$EnhancerBySpringCGLIB$$3f27a8da.aerospikeClient(<generated>)
	at org.springframework.data.aerospike.repository.TestConfigPerson.aerospikeTemplate(TestConfigPerson.java:38)
	at org.springframework.data.aerospike.repository.TestConfigPerson$$EnhancerBySpringCGLIB$$3f27a8da.CGLIB$aerospikeTemplate$0(<generated>)
	at org.springframework.data.aerospike.repository.TestConfigPerson$$EnhancerBySpringCGLIB$$3f27a8da$$FastClassBySpringCGLIB$$38965c5e.invoke(<generated>)
	at org.springframework.cglib.proxy.MethodProxy.invokeSuper(MethodProxy.java:228)
	at org.springframework.context.annotation.ConfigurationClassEnhancer$BeanMethodInterceptor.intercept(ConfigurationClassEnhancer.java:309)
	at org.springframework.data.aerospike.repository.TestConfigPerson$$EnhancerBySpringCGLIB$$3f27a8da.aerospikeTemplate(<generated>)
	at sun.reflect.NativeMethodAccessorImpl.invoke0(Native Method)
	at sun.reflect.NativeMethodAccessorImpl.invoke(NativeMethodAccessorImpl.java:62)
	at sun.reflect.DelegatingMethodAccessorImpl.invoke(DelegatingMethodAccessorImpl.java:43)
	at java.lang.reflect.Method.invoke(Method.java:498)
	at org.springframework.beans.factory.support.SimpleInstantiationStrategy.instantiate(SimpleInstantiationStrategy.java:162)
	at org.springframework.beans.factory.support.ConstructorResolver.instantiateUsingFactoryMethod(ConstructorResolver.java:588)
	at org.springframework.beans.factory.support.AbstractAutowireCapableBeanFactory.instantiateUsingFactoryMethod(AbstractAutowireCapableBeanFactory.java:1119)
	at org.springframework.beans.factory.support.AbstractAutowireCapableBeanFactory.createBeanInstance(AbstractAutowireCapableBeanFactory.java:1014)
	at org.springframework.beans.factory.support.AbstractAutowireCapableBeanFactory.doCreateBean(AbstractAutowireCapableBeanFactory.java:504)
	at org.springframework.beans.factory.support.AbstractAutowireCapableBeanFactory.createBean(AbstractAutowireCapableBeanFactory.java:476)
	at org.springframework.beans.factory.support.AbstractBeanFactory$1.getObject(AbstractBeanFactory.java:303)
	at org.springframework.beans.factory.support.DefaultSingletonBeanRegistry.getSingleton(DefaultSingletonBeanRegistry.java:230)
	at org.springframework.beans.factory.support.AbstractBeanFactory.doGetBean(AbstractBeanFactory.java:299)
	at org.springframework.beans.factory.support.AbstractBeanFactory.getBean(AbstractBeanFactory.java:194)
	at org.springframework.beans.factory.support.DefaultListableBeanFactory.preInstantiateSingletons(DefaultListableBeanFactory.java:755)
	at org.springframework.context.support.AbstractApplicationContext.finishBeanFactoryInitialization(AbstractApplicationContext.java:757)
	at org.springframework.context.support.AbstractApplicationContext.refresh(AbstractApplicationContext.java:480)
	at org.springframework.test.context.support.AbstractGenericContextLoader.loadContext(AbstractGenericContextLoader.java:125)
	at org.springframework.test.context.support.AbstractGenericContextLoader.loadContext(AbstractGenericContextLoader.java:60)
	at org.springframework.test.context.support.AbstractDelegatingSmartContextLoader.delegateLoading(AbstractDelegatingSmartContextLoader.java:109)
	at org.springframework.test.context.support.AbstractDelegatingSmartContextLoader.loadContext(AbstractDelegatingSmartContextLoader.java:261)
	at org.springframework.test.context.DefaultCacheAwareContextLoaderDelegate.loadContextInternal(DefaultCacheAwareContextLoaderDelegate.java:68)
	at org.springframework.test.context.DefaultCacheAwareContextLoaderDelegate.loadContext(DefaultCacheAwareContextLoaderDelegate.java:86)
	at org.springframework.test.context.DefaultTestContext.getApplicationContext(DefaultTestContext.java:72)
	at org.springframework.test.context.support.DependencyInjectionTestExecutionListener.injectDependencies(DependencyInjectionTestExecutionListener.java:117)
	at org.springframework.test.context.support.DependencyInjectionTestExecutionListener.prepareTestInstance(DependencyInjectionTestExecutionListener.java:83)
	at org.springframework.test.context.TestContextManager.prepareTestInstance(TestContextManager.java:212)
	at org.springframework.test.context.junit4.SpringJUnit4ClassRunner.createTest(SpringJUnit4ClassRunner.java:200)
	at org.springframework.test.context.junit4.SpringJUnit4ClassRunner$1.runReflectiveCall(SpringJUnit4ClassRunner.java:259)
	at org.junit.internal.runners.model.ReflectiveCallable.run(ReflectiveCallable.java:12)
	at org.springframework.test.context.junit4.SpringJUnit4ClassRunner.methodBlock(SpringJUnit4ClassRunner.java:261)
	at org.springframework.test.context.junit4.SpringJUnit4ClassRunner.runChild(SpringJUnit4ClassRunner.java:219)
	at org.springframework.test.context.junit4.SpringJUnit4ClassRunner.runChild(SpringJUnit4ClassRunner.java:83)
	at org.junit.runners.ParentRunner$3.run(ParentRunner.java:290)
	at org.junit.runners.ParentRunner$1.schedule(ParentRunner.java:71)
	at org.junit.runners.ParentRunner.runChildren(ParentRunner.java:288)
	at org.junit.runners.ParentRunner.access$000(ParentRunner.java:58)
	at org.junit.runners.ParentRunner$2.evaluate(ParentRunner.java:268)
	at org.springframework.test.context.junit4.statements.RunBeforeTestClassCallbacks.evaluate(RunBeforeTestClassCallbacks.java:61)
	at org.springframework.test.context.junit4.statements.RunAfterTestClassCallbacks.evaluate(RunAfterTestClassCallbacks.java:68)
	at org.junit.runners.ParentRunner.run(ParentRunner.java:363)
	at org.springframework.test.context.junit4.SpringJUnit4ClassRunner.run(SpringJUnit4ClassRunner.java:163)
	at org.junit.runners.Suite.runChild(Suite.java:128)
	at org.junit.runners.Suite.runChild(Suite.java:27)
	at org.junit.runners.ParentRunner$3.run(ParentRunner.java:290)
	at org.junit.runners.ParentRunner$1.schedule(ParentRunner.java:71)
	at org.junit.runners.ParentRunner.runChildren(ParentRunner.java:288)
	at org.junit.runners.ParentRunner.access$000(ParentRunner.java:58)
	at org.junit.runners.ParentRunner$2.evaluate(ParentRunner.java:268)
	at org.junit.runners.ParentRunner.run(ParentRunner.java:363)
	at org.apache.maven.surefire.junit4.JUnit4Provider.execute(JUnit4Provider.java:283)
	at org.apache.maven.surefire.junit4.JUnit4Provider.executeWithRerun(JUnit4Provider.java:173)
	at org.apache.maven.surefire.junit4.JUnit4Provider.executeTestSet(JUnit4Provider.java:153)
	at org.apache.maven.surefire.junit4.JUnit4Provider.invoke(JUnit4Provider.java:128)
	at org.apache.maven.surefire.booter.ForkedBooter.invokeProviderInSameClassLoader(ForkedBooter.java:203)
	at org.apache.maven.surefire.booter.ForkedBooter.runSuitesInProcess(ForkedBooter.java:155)
	at org.apache.maven.surefire.booter.ForkedBooter.main(ForkedBooter.java:103)
]]></error>
    <system-out><![CDATA[16:37:14.346 [main] DEBUG o.s.t.c.s.DirtiesContextTestExecutionListener - After test class: context [DefaultTestContext@110844f6 testClass = CustomerRepositoriesIntegrationTests, testInstance = [null], testMethod = [null], testException = [null], mergedContextConfiguration = [MergedContextConfiguration@df1cff6 testClass = CustomerRepositoriesIntegrationTests, locations = '{}', classes = '{class org.springframework.data.aerospike.repository.CustomerRepositoriesIntegrationTests$Config}', contextInitializerClasses = '[]', activeProfiles = '{}', propertySourceLocations = '{}', propertySourceProperties = '{}', contextLoader = 'org.springframework.test.context.support.DelegatingSmartContextLoader', parent = [null]]], dirtiesContext [false].
16:37:14.347 [main] DEBUG o.s.t.annotation.ProfileValueUtils - Retrieved @ProfileValueSourceConfiguration [null] for test class [org.springframework.data.aerospike.repository.PersonRepositoryIntegrationTests]
16:37:14.347 [main] DEBUG o.s.t.annotation.ProfileValueUtils - Retrieved ProfileValueSource type [class org.springframework.test.annotation.SystemProfileValueSource] for class [org.springframework.data.aerospike.repository.PersonRepositoryIntegrationTests]
16:37:14.347 [main] DEBUG o.s.t.annotation.ProfileValueUtils - Retrieved @ProfileValueSourceConfiguration [null] for test class [org.springframework.data.aerospike.repository.PersonRepositoryIntegrationTests]
16:37:14.347 [main] DEBUG o.s.t.annotation.ProfileValueUtils - Retrieved ProfileValueSource type [class org.springframework.test.annotation.SystemProfileValueSource] for class [org.springframework.data.aerospike.repository.PersonRepositoryIntegrationTests]
16:37:14.347 [main] DEBUG o.s.t.annotation.ProfileValueUtils - Retrieved @ProfileValueSourceConfiguration [null] for test class [org.springframework.data.aerospike.repository.PersonRepositoryIntegrationTests]
16:37:14.347 [main] DEBUG o.s.t.annotation.ProfileValueUtils - Retrieved ProfileValueSource type [class org.springframework.test.annotation.SystemProfileValueSource] for class [org.springframework.data.aerospike.repository.PersonRepositoryIntegrationTests]
16:37:14.347 [main] DEBUG o.s.t.c.s.DependencyInjectionTestExecutionListener - Performing dependency injection for test context [[DefaultTestContext@70807224 testClass = PersonRepositoryIntegrationTests, testInstance = org.springframework.data.aerospike.repository.PersonRepositoryIntegrationTests@7e97551f, testMethod = [null], testException = [null], mergedContextConfiguration = [MergedContextConfiguration@400d912a testClass = PersonRepositoryIntegrationTests, locations = '{}', classes = '{class org.springframework.data.aerospike.repository.TestConfigPerson}', contextInitializerClasses = '[]', activeProfiles = '{}', propertySourceLocations = '{}', propertySourceProperties = '{}', contextLoader = 'org.springframework.test.context.support.DelegatingSmartContextLoader', parent = [null]]]].
16:37:14.347 [main] DEBUG o.s.t.c.s.AbstractDelegatingSmartContextLoader - Delegating to AnnotationConfigContextLoader to load context from [MergedContextConfiguration@400d912a testClass = PersonRepositoryIntegrationTests, locations = '{}', classes = '{class org.springframework.data.aerospike.repository.TestConfigPerson}', contextInitializerClasses = '[]', activeProfiles = '{}', propertySourceLocations = '{}', propertySourceProperties = '{}', contextLoader = 'org.springframework.test.context.support.DelegatingSmartContextLoader', parent = [null]].
16:37:14.347 [main] DEBUG o.s.t.c.s.AbstractGenericContextLoader - Loading ApplicationContext for merged context configuration [[MergedContextConfiguration@400d912a testClass = PersonRepositoryIntegrationTests, locations = '{}', classes = '{class org.springframework.data.aerospike.repository.TestConfigPerson}', contextInitializerClasses = '[]', activeProfiles = '{}', propertySourceLocations = '{}', propertySourceProperties = '{}', contextLoader = 'org.springframework.test.context.support.DelegatingSmartContextLoader', parent = [null]]].
16:37:14.351 [main] DEBUG o.s.core.env.StandardEnvironment - Adding [systemProperties] PropertySource with lowest search precedence
16:37:14.351 [main] DEBUG o.s.core.env.StandardEnvironment - Adding [systemEnvironment] PropertySource with lowest search precedence
16:37:14.351 [main] DEBUG o.s.core.env.StandardEnvironment - Initialized StandardEnvironment with PropertySources [systemProperties,systemEnvironment]
16:37:14.351 [main] DEBUG o.s.t.c.s.AnnotationConfigContextLoader - Registering annotated classes: {class org.springframework.data.aerospike.repository.TestConfigPerson}
16:37:14.352 [main] INFO  o.s.c.s.GenericApplicationContext - Refreshing org.springframework.context.support.GenericApplicationContext@9f6e406: startup date [Tue Oct 04 16:37:14 BRT 2016]; root of context hierarchy
16:37:14.352 [main] DEBUG o.s.c.s.GenericApplicationContext - Bean factory for org.springframework.context.support.GenericApplicationContext@9f6e406: org.springframework.beans.factory.support.DefaultListableBeanFactory@7a94b64e: defining beans [org.springframework.context.annotation.internalConfigurationAnnotationProcessor,org.springframework.context.annotation.internalAutowiredAnnotationProcessor,org.springframework.context.annotation.internalRequiredAnnotationProcessor,org.springframework.context.annotation.internalCommonAnnotationProcessor,testConfigPerson]; root of factory hierarchy
16:37:14.352 [main] DEBUG o.s.b.f.s.DefaultListableBeanFactory - Creating shared instance of singleton bean 'org.springframework.context.annotation.internalConfigurationAnnotationProcessor'
16:37:14.352 [main] DEBUG o.s.b.f.s.DefaultListableBeanFactory - Creating instance of bean 'org.springframework.context.annotation.internalConfigurationAnnotationProcessor'
16:37:14.352 [main] DEBUG o.s.b.f.s.DefaultListableBeanFactory - Eagerly caching bean 'org.springframework.context.annotation.internalConfigurationAnnotationProcessor' to allow for resolving potential circular references
16:37:14.353 [main] DEBUG o.s.b.f.s.DefaultListableBeanFactory - Finished creating instance of bean 'org.springframework.context.annotation.internalConfigurationAnnotationProcessor'
16:37:14.354 [main] DEBUG o.s.c.a.ConfigurationClassBeanDefinitionReader - Registering bean definition for @Bean method org.springframework.data.aerospike.repository.TestConfigPerson.aerospikeTemplate()
16:37:14.354 [main] DEBUG o.s.c.a.ConfigurationClassBeanDefinitionReader - Registering bean definition for @Bean method org.springframework.data.aerospike.repository.TestConfigPerson.aerospikeClient()
16:37:14.354 [main] DEBUG o.s.core.env.StandardEnvironment - Adding [systemProperties] PropertySource with lowest search precedence
16:37:14.354 [main] DEBUG o.s.core.env.StandardEnvironment - Adding [systemEnvironment] PropertySource with lowest search precedence
16:37:14.355 [main] DEBUG o.s.core.env.StandardEnvironment - Initialized StandardEnvironment with PropertySources [systemProperties,systemEnvironment]
16:37:14.355 [main] DEBUG o.s.c.i.s.PathMatchingResourcePatternResolver - Looking for matching resources in directory tree [/home/aluno/spring-projects/maven/spring-data-aerospike/target/test-classes/org/springframework/data]
16:37:14.355 [main] DEBUG o.s.c.i.s.PathMatchingResourcePatternResolver - Searching directory [/home/aluno/spring-projects/maven/spring-data-aerospike/target/test-classes/org/springframework/data] for files matching pattern [/home/aluno/spring-projects/maven/spring-data-aerospike/target/test-classes/org/springframework/data/**/repository/support/**/*.class]
16:37:14.355 [main] DEBUG o.s.c.i.s.PathMatchingResourcePatternResolver - Searching directory [/home/aluno/spring-projects/maven/spring-data-aerospike/target/test-classes/org/springframework/data/keyvalue] for files matching pattern [/home/aluno/spring-projects/maven/spring-data-aerospike/target/test-classes/org/springframework/data/**/repository/support/**/*.class]
16:37:14.355 [main] DEBUG o.s.c.i.s.PathMatchingResourcePatternResolver - Searching directory [/home/aluno/spring-projects/maven/spring-data-aerospike/target/test-classes/org/springframework/data/keyvalue/repository] for files matching pattern [/home/aluno/spring-projects/maven/spring-data-aerospike/target/test-classes/org/springframework/data/**/repository/support/**/*.class]
16:37:14.356 [main] DEBUG o.s.c.i.s.PathMatchingResourcePatternResolver - Searching directory [/home/aluno/spring-projects/maven/spring-data-aerospike/target/test-classes/org/springframework/data/keyvalue/repository/query] for files matching pattern [/home/aluno/spring-projects/maven/spring-data-aerospike/target/test-classes/org/springframework/data/**/repository/support/**/*.class]
16:37:14.356 [main] DEBUG o.s.c.i.s.PathMatchingResourcePatternResolver - Searching directory [/home/aluno/spring-projects/maven/spring-data-aerospike/target/test-classes/org/springframework/data/aerospike] for files matching pattern [/home/aluno/spring-projects/maven/spring-data-aerospike/target/test-classes/org/springframework/data/**/repository/support/**/*.class]
16:37:14.356 [main] DEBUG o.s.c.i.s.PathMatchingResourcePatternResolver - Searching directory [/home/aluno/spring-projects/maven/spring-data-aerospike/target/test-classes/org/springframework/data/aerospike/mapping] for files matching pattern [/home/aluno/spring-projects/maven/spring-data-aerospike/target/test-classes/org/springframework/data/**/repository/support/**/*.class]
16:37:14.356 [main] DEBUG o.s.c.i.s.PathMatchingResourcePatternResolver - Searching directory [/home/aluno/spring-projects/maven/spring-data-aerospike/target/test-classes/org/springframework/data/aerospike/core] for files matching pattern [/home/aluno/spring-projects/maven/spring-data-aerospike/target/test-classes/org/springframework/data/**/repository/support/**/*.class]
16:37:14.356 [main] DEBUG o.s.c.i.s.PathMatchingResourcePatternResolver - Searching directory [/home/aluno/spring-projects/maven/spring-data-aerospike/target/test-classes/org/springframework/data/aerospike/convert] for files matching pattern [/home/aluno/spring-projects/maven/spring-data-aerospike/target/test-classes/org/springframework/data/**/repository/support/**/*.class]
16:37:14.371 [main] DEBUG o.s.c.i.s.PathMatchingResourcePatternResolver - Searching directory [/home/aluno/spring-projects/maven/spring-data-aerospike/target/test-classes/org/springframework/data/aerospike/sample] for files matching pattern [/home/aluno/spring-projects/maven/spring-data-aerospike/target/test-classes/org/springframework/data/**/repository/support/**/*.class]
16:37:14.371 [main] DEBUG o.s.c.i.s.PathMatchingResourcePatternResolver - Searching directory [/home/aluno/spring-projects/maven/spring-data-aerospike/target/test-classes/org/springframework/data/aerospike/repository] for files matching pattern [/home/aluno/spring-projects/maven/spring-data-aerospike/target/test-classes/org/springframework/data/**/repository/support/**/*.class]
16:37:14.371 [main] DEBUG o.s.c.i.s.PathMatchingResourcePatternResolver - Searching directory [/home/aluno/spring-projects/maven/spring-data-aerospike/target/test-classes/org/springframework/data/aerospike/repository/support] for files matching pattern [/home/aluno/spring-projects/maven/spring-data-aerospike/target/test-classes/org/springframework/data/**/repository/support/**/*.class]
16:37:14.387 [main] DEBUG o.s.c.i.s.PathMatchingResourcePatternResolver - Searching directory [/home/aluno/spring-projects/maven/spring-data-aerospike/target/test-classes/org/springframework/data/aerospike/repository/query] for files matching pattern [/home/aluno/spring-projects/maven/spring-data-aerospike/target/test-classes/org/springframework/data/**/repository/support/**/*.class]
16:37:14.387 [main] DEBUG o.s.c.i.s.PathMatchingResourcePatternResolver - Searching directory [/home/aluno/spring-projects/maven/spring-data-aerospike/target/test-classes/org/springframework/data/aerospike/config] for files matching pattern [/home/aluno/spring-projects/maven/spring-data-aerospike/target/test-classes/org/springframework/data/**/repository/support/**/*.class]
16:37:14.387 [main] DEBUG o.s.c.i.s.PathMatchingResourcePatternResolver - Searching directory [/home/aluno/spring-projects/maven/spring-data-aerospike/target/test-classes/org/springframework/data/aerospike/cache] for files matching pattern [/home/aluno/spring-projects/maven/spring-data-aerospike/target/test-classes/org/springframework/data/**/repository/support/**/*.class]
16:37:14.387 [main] DEBUG o.s.c.i.s.PathMatchingResourcePatternResolver - Looking for matching resources in directory tree [/home/aluno/spring-projects/maven/spring-data-aerospike/target/classes/org/springframework/data]
16:37:14.387 [main] DEBUG o.s.c.i.s.PathMatchingResourcePatternResolver - Searching directory [/home/aluno/spring-projects/maven/spring-data-aerospike/target/classes/org/springframework/data] for files matching pattern [/home/aluno/spring-projects/maven/spring-data-aerospike/target/classes/org/springframework/data/**/repository/support/**/*.class]
16:37:14.387 [main] DEBUG o.s.c.i.s.PathMatchingResourcePatternResolver - Searching directory [/home/aluno/spring-projects/maven/spring-data-aerospike/target/classes/org/springframework/data/aerospike] for files matching pattern [/home/aluno/spring-projects/maven/spring-data-aerospike/target/classes/org/springframework/data/**/repository/support/**/*.class]
16:37:14.387 [main] DEBUG o.s.c.i.s.PathMatchingResourcePatternResolver - Searching directory [/home/aluno/spring-projects/maven/spring-data-aerospike/target/classes/org/springframework/data/aerospike/mapping] for files matching pattern [/home/aluno/spring-projects/maven/spring-data-aerospike/target/classes/org/springframework/data/**/repository/support/**/*.class]
16:37:14.388 [main] DEBUG o.s.c.i.s.PathMatchingResourcePatternResolver - Searching directory [/home/aluno/spring-projects/maven/spring-data-aerospike/target/classes/org/springframework/data/aerospike/core] for files matching pattern [/home/aluno/spring-projects/maven/spring-data-aerospike/target/classes/org/springframework/data/**/repository/support/**/*.class]
16:37:14.388 [main] DEBUG o.s.c.i.s.PathMatchingResourcePatternResolver - Searching directory [/home/aluno/spring-projects/maven/spring-data-aerospike/target/classes/org/springframework/data/aerospike/convert] for files matching pattern [/home/aluno/spring-projects/maven/spring-data-aerospike/target/classes/org/springframework/data/**/repository/support/**/*.class]
16:37:14.388 [main] DEBUG o.s.c.i.s.PathMatchingResourcePatternResolver - Searching directory [/home/aluno/spring-projects/maven/spring-data-aerospike/target/classes/org/springframework/data/aerospike/example] for files matching pattern [/home/aluno/spring-projects/maven/spring-data-aerospike/target/classes/org/springframework/data/**/repository/support/**/*.class]
16:37:14.388 [main] DEBUG o.s.c.i.s.PathMatchingResourcePatternResolver - Searching directory [/home/aluno/spring-projects/maven/spring-data-aerospike/target/classes/org/springframework/data/aerospike/example/data] for files matching pattern [/home/aluno/spring-projects/maven/spring-data-aerospike/target/classes/org/springframework/data/**/repository/support/**/*.class]
16:37:14.388 [main] DEBUG o.s.c.i.s.PathMatchingResourcePatternResolver - Searching directory [/home/aluno/spring-projects/maven/spring-data-aerospike/target/classes/org/springframework/data/aerospike/example/config] for files matching pattern [/home/aluno/spring-projects/maven/spring-data-aerospike/target/classes/org/springframework/data/**/repository/support/**/*.class]
16:37:14.388 [main] DEBUG o.s.c.i.s.PathMatchingResourcePatternResolver - Searching directory [/home/aluno/spring-projects/maven/spring-data-aerospike/target/classes/org/springframework/data/aerospike/annotation] for files matching pattern [/home/aluno/spring-projects/maven/spring-data-aerospike/target/classes/org/springframework/data/**/repository/support/**/*.class]
16:37:14.388 [main] DEBUG o.s.c.i.s.PathMatchingResourcePatternResolver - Searching directory [/home/aluno/spring-projects/maven/spring-data-aerospike/target/classes/org/springframework/data/aerospike/repository] for files matching pattern [/home/aluno/spring-projects/maven/spring-data-aerospike/target/classes/org/springframework/data/**/repository/support/**/*.class]
16:37:14.389 [main] DEBUG o.s.c.i.s.PathMatchingResourcePatternResolver - Searching directory [/home/aluno/spring-projects/maven/spring-data-aerospike/target/classes/org/springframework/data/aerospike/repository/support] for files matching pattern [/home/aluno/spring-projects/maven/spring-data-aerospike/target/classes/org/springframework/data/**/repository/support/**/*.class]
16:37:14.389 [main] DEBUG o.s.c.i.s.PathMatchingResourcePatternResolver - Searching directory [/home/aluno/spring-projects/maven/spring-data-aerospike/target/classes/org/springframework/data/aerospike/repository/config] for files matching pattern [/home/aluno/spring-projects/maven/spring-data-aerospike/target/classes/org/springframework/data/**/repository/support/**/*.class]
16:37:14.389 [main] DEBUG o.s.c.i.s.PathMatchingResourcePatternResolver - Searching directory [/home/aluno/spring-projects/maven/spring-data-aerospike/target/classes/org/springframework/data/aerospike/repository/query] for files matching pattern [/home/aluno/spring-projects/maven/spring-data-aerospike/target/classes/org/springframework/data/**/repository/support/**/*.class]
16:37:14.389 [main] DEBUG o.s.c.i.s.PathMatchingResourcePatternResolver - Searching directory [/home/aluno/spring-projects/maven/spring-data-aerospike/target/classes/org/springframework/data/aerospike/config] for files matching pattern [/home/aluno/spring-projects/maven/spring-data-aerospike/target/classes/org/springframework/data/**/repository/support/**/*.class]
16:37:14.389 [main] DEBUG o.s.c.i.s.PathMatchingResourcePatternResolver - Searching directory [/home/aluno/spring-projects/maven/spring-data-aerospike/target/classes/org/springframework/data/aerospike/cache] for files matching pattern [/home/aluno/spring-projects/maven/spring-data-aerospike/target/classes/org/springframework/data/**/repository/support/**/*.class]
16:37:14.389 [main] DEBUG o.s.c.i.s.PathMatchingResourcePatternResolver - Searching directory [/home/aluno/spring-projects/maven/spring-data-aerospike/target/classes/org/springframework/data/aerospike/utility] for files matching pattern [/home/aluno/spring-projects/maven/spring-data-aerospike/target/classes/org/springframework/data/**/repository/support/**/*.class]
16:37:14.389 [main] DEBUG o.s.c.i.s.PathMatchingResourcePatternResolver - Looking for matching resources in jar file [file:/home/aluno/.m2/repository/org/springframework/data/spring-data-commons/1.11.0.RELEASE/spring-data-commons-1.11.0.RELEASE.jar]
16:37:14.391 [main] DEBUG o.s.c.i.s.PathMatchingResourcePatternResolver - Looking for matching resources in jar file [file:/home/aluno/.m2/repository/org/springframework/data/spring-data-keyvalue/1.0.0.M1/spring-data-keyvalue-1.0.0.M1.jar]
16:37:14.403 [main] DEBUG o.s.c.i.s.PathMatchingResourcePatternResolver - Resolved location pattern [classpath*:org/springframework/data/**/repository/support/**/*.class] to resources [file [/home/aluno/spring-projects/maven/spring-data-aerospike/target/test-classes/org/springframework/data/aerospike/repository/support/SimpleAerospikeRepositoryTest$5.class], file [/home/aluno/spring-projects/maven/spring-data-aerospike/target/test-classes/org/springframework/data/aerospike/repository/support/SimpleAerospikeRepositoryTest$9.class], file [/home/aluno/spring-projects/maven/spring-data-aerospike/target/test-classes/org/springframework/data/aerospike/repository/support/SimpleAerospikeRepositoryTest$4.class], file [/home/aluno/spring-projects/maven/spring-data-aerospike/target/test-classes/org/springframework/data/aerospike/repository/support/AerospikeRepositoryFactoryTest.class], file [/home/aluno/spring-projects/maven/spring-data-aerospike/target/test-classes/org/springframework/data/aerospike/repository/support/SimpleAerospikeRepositoryTest.class], file [/home/aluno/spring-projects/maven/spring-data-aerospike/target/test-classes/org/springframework/data/aerospike/repository/support/SimpleAerospikeRepositoryTest$1.class], file [/home/aluno/spring-projects/maven/spring-data-aerospike/target/test-classes/org/springframework/data/aerospike/repository/support/SimpleAerospikeRepositoryTest$3.class], file [/home/aluno/spring-projects/maven/spring-data-aerospike/target/test-classes/org/springframework/data/aerospike/repository/support/SimpleAerospikeRepositoryTest$8.class], file [/home/aluno/spring-projects/maven/spring-data-aerospike/target/test-classes/org/springframework/data/aerospike/repository/support/SimpleAerospikeRepositoryTest$6.class], file [/home/aluno/spring-projects/maven/spring-data-aerospike/target/test-classes/org/springframework/data/aerospike/repository/support/SimpleAerospikeRepositoryTest$2.class], file [/home/aluno/spring-projects/maven/spring-data-aerospike/target/test-classes/org/springframework/data/aerospike/repository/support/AllTests.class], file [/home/aluno/spring-projects/maven/spring-data-aerospike/target/test-classes/org/springframework/data/aerospike/repository/support/SimpleAerospikeRepositoryTest$7.class], file [/home/aluno/spring-projects/maven/spring-data-aerospike/target/classes/org/springframework/data/aerospike/repository/support/AerospikeRepositoryFactoryBean.class], file [/home/aluno/spring-projects/maven/spring-data-aerospike/target/classes/org/springframework/data/aerospike/repository/support/AerospikeRepositoryFactory$AerospikeQueryLookupStrategy.class], file [/home/aluno/spring-projects/maven/spring-data-aerospike/target/classes/org/springframework/data/aerospike/repository/support/AerospikeRepositoryFactory.class], file [/home/aluno/spring-projects/maven/spring-data-aerospike/target/classes/org/springframework/data/aerospike/repository/support/SimpleAerospikeRepository.class], URL [jar:file:/home/aluno/.m2/repository/org/springframework/data/spring-data-commons/1.11.0.RELEASE/spring-data-commons-1.11.0.RELEASE.jar!/org/springframework/data/repository/support/DomainClassConverter$ConversionMatchAbbreviationException.class], URL [jar:file:/home/aluno/.m2/repository/org/springframework/data/spring-data-commons/1.11.0.RELEASE/spring-data-commons-1.11.0.RELEASE.jar!/org/springframework/data/repository/support/DomainClassConverter$ToIdConverter.class], URL [jar:file:/home/aluno/.m2/repository/org/springframework/data/spring-data-commons/1.11.0.RELEASE/spring-data-commons-1.11.0.RELEASE.jar!/org/springframework/data/repository/support/Repositories$EmptyRepositoryFactoryInformation.class], URL [jar:file:/home/aluno/.m2/repository/org/springframework/data/spring-data-commons/1.11.0.RELEASE/spring-data-commons-1.11.0.RELEASE.jar!/org/springframework/data/repository/support/PagingAndSortingRepositoryInvoker.class], URL [jar:file:/home/aluno/.m2/repository/org/springframework/data/spring-data-commons/1.11.0.RELEASE/spring-data-commons-1.11.0.RELEASE.jar!/org/springframework/data/repository/support/QueryMethodParameterConversionException.class], URL [jar:file:/home/aluno/.m2/repository/org/springframework/data/spring-data-commons/1.11.0.RELEASE/spring-data-commons-1.11.0.RELEASE.jar!/org/springframework/data/repository/support/MethodParameters.class], URL [jar:file:/home/aluno/.m2/repository/org/springframework/data/spring-data-commons/1.11.0.RELEASE/spring-data-commons-1.11.0.RELEASE.jar!/org/springframework/data/repository/support/RepositoryInvoker.class], URL [jar:file:/home/aluno/.m2/repository/org/springframework/data/spring-data-commons/1.11.0.RELEASE/spring-data-commons-1.11.0.RELEASE.jar!/org/springframework/data/repository/support/RepositoryInvokerFactory.class], URL [jar:file:/home/aluno/.m2/repository/org/springframework/data/spring-data-commons/1.11.0.RELEASE/spring-data-commons-1.11.0.RELEASE.jar!/org/springframework/data/repository/support/DomainClassPropertyEditorRegistrar.class], URL [jar:file:/home/aluno/.m2/repository/org/springframework/data/spring-data-commons/1.11.0.RELEASE/spring-data-commons-1.11.0.RELEASE.jar!/org/springframework/data/repository/support/AnnotationAttribute.class], URL [jar:file:/home/aluno/.m2/repository/org/springframework/data/spring-data-commons/1.11.0.RELEASE/spring-data-commons-1.11.0.RELEASE.jar!/org/springframework/data/repository/support/DefaultRepositoryInvokerFactory.class], URL [jar:file:/home/aluno/.m2/repository/org/springframework/data/spring-data-commons/1.11.0.RELEASE/spring-data-commons-1.11.0.RELEASE.jar!/org/springframework/data/repository/support/MethodParameters$AnnotationNamingMethodParameter.class], URL [jar:file:/home/aluno/.m2/repository/org/springframework/data/spring-data-commons/1.11.0.RELEASE/spring-data-commons-1.11.0.RELEASE.jar!/org/springframework/data/repository/support/CrudRepositoryInvoker.class], URL [jar:file:/home/aluno/.m2/repository/org/springframework/data/spring-data-commons/1.11.0.RELEASE/spring-data-commons-1.11.0.RELEASE.jar!/org/springframework/data/repository/support/Repositories.class], URL [jar:file:/home/aluno/.m2/repository/org/springframework/data/spring-data-commons/1.11.0.RELEASE/spring-data-commons-1.11.0.RELEASE.jar!/org/springframework/data/repository/support/DomainClassConverter$ToEntityConverter.class], URL [jar:file:/home/aluno/.m2/repository/org/springframework/data/spring-data-commons/1.11.0.RELEASE/spring-data-commons-1.11.0.RELEASE.jar!/org/springframework/data/repository/support/ReflectionRepositoryInvoker.class], URL [jar:file:/home/aluno/.m2/repository/org/springframework/data/spring-data-commons/1.11.0.RELEASE/spring-data-commons-1.11.0.RELEASE.jar!/org/springframework/data/repository/support/DomainClassPropertyEditor.class], URL [jar:file:/home/aluno/.m2/repository/org/springframework/data/spring-data-commons/1.11.0.RELEASE/spring-data-commons-1.11.0.RELEASE.jar!/org/springframework/data/repository/support/DomainClassConverter.class], URL [jar:file:/home/aluno/.m2/repository/org/springframework/data/spring-data-commons/1.11.0.RELEASE/spring-data-commons-1.11.0.RELEASE.jar!/org/springframework/data/repository/support/DomainClassConverter$1.class], URL [jar:file:/home/aluno/.m2/repository/org/springframework/data/spring-data-commons/1.11.0.RELEASE/spring-data-commons-1.11.0.RELEASE.jar!/org/springframework/data/repository/support/RepositoryInvocationInformation.class], URL [jar:file:/home/aluno/.m2/repository/org/springframework/data/spring-data-keyvalue/1.0.0.M1/spring-data-keyvalue-1.0.0.M1.jar!/org/springframework/data/keyvalue/repository/support/KeyValueRepositoryFactory$KeyValueQueryLookupStrategy.class], URL [jar:file:/home/aluno/.m2/repository/org/springframework/data/spring-data-keyvalue/1.0.0.M1/spring-data-keyvalue-1.0.0.M1.jar!/org/springframework/data/keyvalue/repository/support/QuerydslKeyValueRepository.class], URL [jar:file:/home/aluno/.m2/repository/org/springframework/data/spring-data-keyvalue/1.0.0.M1/spring-data-keyvalue-1.0.0.M1.jar!/org/springframework/data/keyvalue/repository/support/KeyValueRepositoryFactoryBean.class], URL [jar:file:/home/aluno/.m2/repository/org/springframework/data/spring-data-keyvalue/1.0.0.M1/spring-data-keyvalue-1.0.0.M1.jar!/org/springframework/data/keyvalue/repository/support/KeyValueQuerydslUtils$1.class], URL [jar:file:/home/aluno/.m2/repository/org/springframework/data/spring-data-keyvalue/1.0.0.M1/spring-data-keyvalue-1.0.0.M1.jar!/org/springframework/data/keyvalue/repository/support/KeyValueQuerydslUtils.class], URL [jar:file:/home/aluno/.m2/repository/org/springframework/data/spring-data-keyvalue/1.0.0.M1/spring-data-keyvalue-1.0.0.M1.jar!/org/springframework/data/keyvalue/repository/support/KeyValueRepositoryFactory.class], URL [jar:file:/home/aluno/.m2/repository/org/springframework/data/spring-data-keyvalue/1.0.0.M1/spring-data-keyvalue-1.0.0.M1.jar!/org/springframework/data/keyvalue/repository/support/SimpleKeyValueRepository.class]]
16:37:14.416 [main] DEBUG o.s.c.a.ClassPathScanningCandidateComponentProvider - Identified candidate component class: file [/home/aluno/spring-projects/maven/spring-data-aerospike/target/classes/org/springframework/data/aerospike/repository/support/AerospikeRepositoryFactory.class]
16:37:14.431 [main] DEBUG o.s.c.a.ClassPathScanningCandidateComponentProvider - Identified candidate component class: URL [jar:file:/home/aluno/.m2/repository/org/springframework/data/spring-data-keyvalue/1.0.0.M1/spring-data-keyvalue-1.0.0.M1.jar!/org/springframework/data/keyvalue/repository/support/KeyValueRepositoryFactory.class]
16:37:14.431 [main] DEBUG o.s.d.r.c.RepositoryConfigurationDelegate - Multiple Spring Data modules found, entering strict repository configuration mode!
16:37:14.432 [main] DEBUG o.s.core.env.StandardEnvironment - Adding [systemProperties] PropertySource with lowest search precedence
16:37:14.432 [main] DEBUG o.s.core.env.StandardEnvironment - Adding [systemEnvironment] PropertySource with lowest search precedence
16:37:14.432 [main] DEBUG o.s.core.env.StandardEnvironment - Initialized StandardEnvironment with PropertySources [systemProperties,systemEnvironment]
16:37:14.432 [main] DEBUG o.s.c.i.s.PathMatchingResourcePatternResolver - Looking for matching resources in directory tree [/home/aluno/spring-projects/maven/spring-data-aerospike/target/test-classes/org/springframework/data/aerospike/repository]
16:37:14.432 [main] DEBUG o.s.c.i.s.PathMatchingResourcePatternResolver - Searching directory [/home/aluno/spring-projects/maven/spring-data-aerospike/target/test-classes/org/springframework/data/aerospike/repository] for files matching pattern [/home/aluno/spring-projects/maven/spring-data-aerospike/target/test-classes/org/springframework/data/aerospike/repository/**/*.class]
16:37:14.432 [main] DEBUG o.s.c.i.s.PathMatchingResourcePatternResolver - Searching directory [/home/aluno/spring-projects/maven/spring-data-aerospike/target/test-classes/org/springframework/data/aerospike/repository/support] for files matching pattern [/home/aluno/spring-projects/maven/spring-data-aerospike/target/test-classes/org/springframework/data/aerospike/repository/**/*.class]
16:37:14.432 [main] DEBUG o.s.c.i.s.PathMatchingResourcePatternResolver - Searching directory [/home/aluno/spring-projects/maven/spring-data-aerospike/target/test-classes/org/springframework/data/aerospike/repository/query] for files matching pattern [/home/aluno/spring-projects/maven/spring-data-aerospike/target/test-classes/org/springframework/data/aerospike/repository/**/*.class]
16:37:14.433 [main] DEBUG o.s.c.i.s.PathMatchingResourcePatternResolver - Looking for matching resources in directory tree [/home/aluno/spring-projects/maven/spring-data-aerospike/target/classes/org/springframework/data/aerospike/repository]
16:37:14.433 [main] DEBUG o.s.c.i.s.PathMatchingResourcePatternResolver - Searching directory [/home/aluno/spring-projects/maven/spring-data-aerospike/target/classes/org/springframework/data/aerospike/repository] for files matching pattern [/home/aluno/spring-projects/maven/spring-data-aerospike/target/classes/org/springframework/data/aerospike/repository/**/*.class]
16:37:14.433 [main] DEBUG o.s.c.i.s.PathMatchingResourcePatternResolver - Searching directory [/home/aluno/spring-projects/maven/spring-data-aerospike/target/classes/org/springframework/data/aerospike/repository/support] for files matching pattern [/home/aluno/spring-projects/maven/spring-data-aerospike/target/classes/org/springframework/data/aerospike/repository/**/*.class]
16:37:14.433 [main] DEBUG o.s.c.i.s.PathMatchingResourcePatternResolver - Searching directory [/home/aluno/spring-projects/maven/spring-data-aerospike/target/classes/org/springframework/data/aerospike/repository/config] for files matching pattern [/home/aluno/spring-projects/maven/spring-data-aerospike/target/classes/org/springframework/data/aerospike/repository/**/*.class]
16:37:14.434 [main] DEBUG o.s.c.i.s.PathMatchingResourcePatternResolver - Searching directory [/home/aluno/spring-projects/maven/spring-data-aerospike/target/classes/org/springframework/data/aerospike/repository/query] for files matching pattern [/home/aluno/spring-projects/maven/spring-data-aerospike/target/classes/org/springframework/data/aerospike/repository/**/*.class]
16:37:14.435 [main] DEBUG o.s.c.i.s.PathMatchingResourcePatternResolver - Resolved location pattern [classpath*:org/springframework/data/aerospike/repository/**/*.class] to resources [file [/home/aluno/spring-projects/maven/spring-data-aerospike/target/test-classes/org/springframework/data/aerospike/repository/Credentials.class], file [/home/aluno/spring-projects/maven/spring-data-aerospike/target/test-classes/org/springframework/data/aerospike/repository/AbstractPersonRepositoryIntegrationTests$1.class], file [/home/aluno/spring-projects/maven/spring-data-aerospike/target/test-classes/org/springframework/data/aerospike/repository/PersonRepository.class], file [/home/aluno/spring-projects/maven/spring-data-aerospike/target/test-classes/org/springframework/data/aerospike/repository/TestConfigPerson.class], file [/home/aluno/spring-projects/maven/spring-data-aerospike/target/test-classes/org/springframework/data/aerospike/repository/Address.class], file [/home/aluno/spring-projects/maven/spring-data-aerospike/target/test-classes/org/springframework/data/aerospike/repository/Person$Sex.class], file [/home/aluno/spring-projects/maven/spring-data-aerospike/target/test-classes/org/springframework/data/aerospike/repository/Person.class], file [/home/aluno/spring-projects/maven/spring-data-aerospike/target/test-classes/org/springframework/data/aerospike/repository/ContactRepository.class], file [/home/aluno/spring-projects/maven/spring-data-aerospike/target/test-classes/org/springframework/data/aerospike/repository/AbstractPersonRepositoryIntegrationTests.class], file [/home/aluno/spring-projects/maven/spring-data-aerospike/target/test-classes/org/springframework/data/aerospike/repository/User.class], file [/home/aluno/spring-projects/maven/spring-data-aerospike/target/test-classes/org/springframework/data/aerospike/repository/CustomerRepositoriesIntegrationTests$Config.class], file [/home/aluno/spring-projects/maven/spring-data-aerospike/target/test-classes/org/springframework/data/aerospike/repository/AnnotatedPerson.class], file [/home/aluno/spring-projects/maven/spring-data-aerospike/target/test-classes/org/springframework/data/aerospike/repository/support/SimpleAerospikeRepositoryTest$5.class], file [/home/aluno/spring-projects/maven/spring-data-aerospike/target/test-classes/org/springframework/data/aerospike/repository/support/SimpleAerospikeRepositoryTest$9.class], file [/home/aluno/spring-projects/maven/spring-data-aerospike/target/test-classes/org/springframework/data/aerospike/repository/support/SimpleAerospikeRepositoryTest$4.class], file [/home/aluno/spring-projects/maven/spring-data-aerospike/target/test-classes/org/springframework/data/aerospike/repository/support/AerospikeRepositoryFactoryTest.class], file [/home/aluno/spring-projects/maven/spring-data-aerospike/target/test-classes/org/springframework/data/aerospike/repository/support/SimpleAerospikeRepositoryTest.class], file [/home/aluno/spring-projects/maven/spring-data-aerospike/target/test-classes/org/springframework/data/aerospike/repository/support/SimpleAerospikeRepositoryTest$1.class], file [/home/aluno/spring-projects/maven/spring-data-aerospike/target/test-classes/org/springframework/data/aerospike/repository/support/SimpleAerospikeRepositoryTest$3.class], file [/home/aluno/spring-projects/maven/spring-data-aerospike/target/test-classes/org/springframework/data/aerospike/repository/support/SimpleAerospikeRepositoryTest$8.class], file [/home/aluno/spring-projects/maven/spring-data-aerospike/target/test-classes/org/springframework/data/aerospike/repository/support/SimpleAerospikeRepositoryTest$6.class], file [/home/aluno/spring-projects/maven/spring-data-aerospike/target/test-classes/org/springframework/data/aerospike/repository/support/SimpleAerospikeRepositoryTest$2.class], file [/home/aluno/spring-projects/maven/spring-data-aerospike/target/test-classes/org/springframework/data/aerospike/repository/support/AllTests.class], file [/home/aluno/spring-projects/maven/spring-data-aerospike/target/test-classes/org/springframework/data/aerospike/repository/support/SimpleAerospikeRepositoryTest$7.class], file [/home/aluno/spring-projects/maven/spring-data-aerospike/target/test-classes/org/springframework/data/aerospike/repository/Contact.class], file [/home/aluno/spring-projects/maven/spring-data-aerospike/target/test-classes/org/springframework/data/aerospike/repository/AllTests.class], file [/home/aluno/spring-projects/maven/spring-data-aerospike/target/test-classes/org/springframework/data/aerospike/repository/PersonRepositoryIntegrationTests.class], file [/home/aluno/spring-projects/maven/spring-data-aerospike/target/test-classes/org/springframework/data/aerospike/repository/query/StubParameterAccessor.class], file [/home/aluno/spring-projects/maven/spring-data-aerospike/target/test-classes/org/springframework/data/aerospike/repository/query/AllTests.class], file [/home/aluno/spring-projects/maven/spring-data-aerospike/target/test-classes/org/springframework/data/aerospike/repository/query/AerospikePartTreeQueryTest.class], file [/home/aluno/spring-projects/maven/spring-data-aerospike/target/test-classes/org/springframework/data/aerospike/repository/CustomerRepositoriesIntegrationTests.class], file [/home/aluno/spring-projects/maven/spring-data-aerospike/target/classes/org/springframework/data/aerospike/repository/AerospikeRepository.class], file [/home/aluno/spring-projects/maven/spring-data-aerospike/target/classes/org/springframework/data/aerospike/repository/support/AerospikeRepositoryFactoryBean.class], file [/home/aluno/spring-projects/maven/spring-data-aerospike/target/classes/org/springframework/data/aerospike/repository/support/AerospikeRepositoryFactory$AerospikeQueryLookupStrategy.class], file [/home/aluno/spring-projects/maven/spring-data-aerospike/target/classes/org/springframework/data/aerospike/repository/support/AerospikeRepositoryFactory.class], file [/home/aluno/spring-projects/maven/spring-data-aerospike/target/classes/org/springframework/data/aerospike/repository/support/SimpleAerospikeRepository.class], file [/home/aluno/spring-projects/maven/spring-data-aerospike/target/classes/org/springframework/data/aerospike/repository/config/AerospikeRepositoriesRegistrar.class], file [/home/aluno/spring-projects/maven/spring-data-aerospike/target/classes/org/springframework/data/aerospike/repository/config/EnableAerospikeRepositories.class], file [/home/aluno/spring-projects/maven/spring-data-aerospike/target/classes/org/springframework/data/aerospike/repository/config/AerospikeRepositoriesRegistrar$1.class], file [/home/aluno/spring-projects/maven/spring-data-aerospike/target/classes/org/springframework/data/aerospike/repository/config/AerospikeRepositoriesRegistrar$AerospikeRepositoryConfigurationExtension.class], file [/home/aluno/spring-projects/maven/spring-data-aerospike/target/classes/org/springframework/data/aerospike/repository/query/AerospikeParameterAccessor.class], file [/home/aluno/spring-projects/maven/spring-data-aerospike/target/classes/org/springframework/data/aerospike/repository/query/Query.class], file [/home/aluno/spring-projects/maven/spring-data-aerospike/target/classes/org/springframework/data/aerospike/repository/query/ConvertingParameterAccessor.class], file [/home/aluno/spring-projects/maven/spring-data-aerospike/target/classes/org/springframework/data/aerospike/repository/query/AerospikeQueryCreator$1.class], file [/home/aluno/spring-projects/maven/spring-data-aerospike/target/classes/org/springframework/data/aerospike/repository/query/CriteriaDefinition.class], file [/home/aluno/spring-projects/maven/spring-data-aerospike/target/classes/org/springframework/data/aerospike/repository/query/TextCriteria.class], file [/home/aluno/spring-projects/maven/spring-data-aerospike/target/classes/org/springframework/data/aerospike/repository/query/Criteria.class], file [/home/aluno/spring-projects/maven/spring-data-aerospike/target/classes/org/springframework/data/aerospike/repository/query/AerospikePartTreeQuery.class], file [/home/aluno/spring-projects/maven/spring-data-aerospike/target/classes/org/springframework/data/aerospike/repository/query/AerospikeQueryCreator.class]]
16:37:14.457 [main] DEBUG o.s.d.r.c.RepositoryComponentProvider - Identified candidate component class: file [/home/aluno/spring-projects/maven/spring-data-aerospike/target/test-classes/org/springframework/data/aerospike/repository/PersonRepository.class]
16:37:14.464 [main] DEBUG o.s.d.r.c.RepositoryComponentProvider - Identified candidate component class: file [/home/aluno/spring-projects/maven/spring-data-aerospike/target/test-classes/org/springframework/data/aerospike/repository/ContactRepository.class]
16:37:14.581 [main] DEBUG o.s.core.env.StandardEnvironment - Adding [systemProperties] PropertySource with lowest search precedence
16:37:14.581 [main] DEBUG o.s.core.env.StandardEnvironment - Adding [systemEnvironment] PropertySource with lowest search precedence
16:37:14.581 [main] DEBUG o.s.core.env.StandardEnvironment - Initialized StandardEnvironment with PropertySources [systemProperties,systemEnvironment]
16:37:14.582 [main] DEBUG o.s.c.i.s.PathMatchingResourcePatternResolver - Looking for matching resources in directory tree [/home/aluno/spring-projects/maven/spring-data-aerospike/target/test-classes/org/springframework/data/aerospike/repository]
16:37:14.582 [main] DEBUG o.s.c.i.s.PathMatchingResourcePatternResolver - Searching directory [/home/aluno/spring-projects/maven/spring-data-aerospike/target/test-classes/org/springframework/data/aerospike/repository] for files matching pattern [/home/aluno/spring-projects/maven/spring-data-aerospike/target/test-classes/org/springframework/data/aerospike/repository/**/*PersonRepositoryImpl.class]
16:37:14.582 [main] DEBUG o.s.c.i.s.PathMatchingResourcePatternResolver - Searching directory [/home/aluno/spring-projects/maven/spring-data-aerospike/target/test-classes/org/springframework/data/aerospike/repository/support] for files matching pattern [/home/aluno/spring-projects/maven/spring-data-aerospike/target/test-classes/org/springframework/data/aerospike/repository/**/*PersonRepositoryImpl.class]
16:37:14.582 [main] DEBUG o.s.c.i.s.PathMatchingResourcePatternResolver - Searching directory [/home/aluno/spring-projects/maven/spring-data-aerospike/target/test-classes/org/springframework/data/aerospike/repository/query] for files matching pattern [/home/aluno/spring-projects/maven/spring-data-aerospike/target/test-classes/org/springframework/data/aerospike/repository/**/*PersonRepositoryImpl.class]
16:37:14.582 [main] DEBUG o.s.c.i.s.PathMatchingResourcePatternResolver - Looking for matching resources in directory tree [/home/aluno/spring-projects/maven/spring-data-aerospike/target/classes/org/springframework/data/aerospike/repository]
16:37:14.582 [main] DEBUG o.s.c.i.s.PathMatchingResourcePatternResolver - Searching directory [/home/aluno/spring-projects/maven/spring-data-aerospike/target/classes/org/springframework/data/aerospike/repository] for files matching pattern [/home/aluno/spring-projects/maven/spring-data-aerospike/target/classes/org/springframework/data/aerospike/repository/**/*PersonRepositoryImpl.class]
16:37:14.583 [main] DEBUG o.s.c.i.s.PathMatchingResourcePatternResolver - Searching directory [/home/aluno/spring-projects/maven/spring-data-aerospike/target/classes/org/springframework/data/aerospike/repository/support] for files matching pattern [/home/aluno/spring-projects/maven/spring-data-aerospike/target/classes/org/springframework/data/aerospike/repository/**/*PersonRepositoryImpl.class]
16:37:14.583 [main] DEBUG o.s.c.i.s.PathMatchingResourcePatternResolver - Searching directory [/home/aluno/spring-projects/maven/spring-data-aerospike/target/classes/org/springframework/data/aerospike/repository/config] for files matching pattern [/home/aluno/spring-projects/maven/spring-data-aerospike/target/classes/org/springframework/data/aerospike/repository/**/*PersonRepositoryImpl.class]
16:37:14.583 [main] DEBUG o.s.c.i.s.PathMatchingResourcePatternResolver - Searching directory [/home/aluno/spring-projects/maven/spring-data-aerospike/target/classes/org/springframework/data/aerospike/repository/query] for files matching pattern [/home/aluno/spring-projects/maven/spring-data-aerospike/target/classes/org/springframework/data/aerospike/repository/**/*PersonRepositoryImpl.class]
16:37:14.583 [main] DEBUG o.s.c.i.s.PathMatchingResourcePatternResolver - Resolved location pattern [classpath*:org/springframework/data/aerospike/repository/**/*PersonRepositoryImpl.class] to resources []
16:37:14.583 [main] DEBUG o.s.d.r.c.RepositoryConfigurationDelegate - Spring Data Aerospike - Registering repository: personRepository - Interface: org.springframework.data.aerospike.repository.PersonRepository - Factory: org.springframework.data.keyvalue.repository.support.KeyValueRepositoryFactoryBean
16:37:14.583 [main] DEBUG o.s.core.env.StandardEnvironment - Adding [systemProperties] PropertySource with lowest search precedence
16:37:14.583 [main] DEBUG o.s.core.env.StandardEnvironment - Adding [systemEnvironment] PropertySource with lowest search precedence
16:37:14.583 [main] DEBUG o.s.core.env.StandardEnvironment - Initialized StandardEnvironment with PropertySources [systemProperties,systemEnvironment]
16:37:14.584 [main] DEBUG o.s.c.i.s.PathMatchingResourcePatternResolver - Looking for matching resources in directory tree [/home/aluno/spring-projects/maven/spring-data-aerospike/target/test-classes/org/springframework/data/aerospike/repository]
16:37:14.584 [main] DEBUG o.s.c.i.s.PathMatchingResourcePatternResolver - Searching directory [/home/aluno/spring-projects/maven/spring-data-aerospike/target/test-classes/org/springframework/data/aerospike/repository] for files matching pattern [/home/aluno/spring-projects/maven/spring-data-aerospike/target/test-classes/org/springframework/data/aerospike/repository/**/*ContactRepositoryImpl.class]
16:37:14.584 [main] DEBUG o.s.c.i.s.PathMatchingResourcePatternResolver - Searching directory [/home/aluno/spring-projects/maven/spring-data-aerospike/target/test-classes/org/springframework/data/aerospike/repository/support] for files matching pattern [/home/aluno/spring-projects/maven/spring-data-aerospike/target/test-classes/org/springframework/data/aerospike/repository/**/*ContactRepositoryImpl.class]
16:37:14.584 [main] DEBUG o.s.c.i.s.PathMatchingResourcePatternResolver - Searching directory [/home/aluno/spring-projects/maven/spring-data-aerospike/target/test-classes/org/springframework/data/aerospike/repository/query] for files matching pattern [/home/aluno/spring-projects/maven/spring-data-aerospike/target/test-classes/org/springframework/data/aerospike/repository/**/*ContactRepositoryImpl.class]
16:37:14.584 [main] DEBUG o.s.c.i.s.PathMatchingResourcePatternResolver - Looking for matching resources in directory tree [/home/aluno/spring-projects/maven/spring-data-aerospike/target/classes/org/springframework/data/aerospike/repository]
16:37:14.584 [main] DEBUG o.s.c.i.s.PathMatchingResourcePatternResolver - Searching directory [/home/aluno/spring-projects/maven/spring-data-aerospike/target/classes/org/springframework/data/aerospike/repository] for files matching pattern [/home/aluno/spring-projects/maven/spring-data-aerospike/target/classes/org/springframework/data/aerospike/repository/**/*ContactRepositoryImpl.class]
16:37:14.584 [main] DEBUG o.s.c.i.s.PathMatchingResourcePatternResolver - Searching directory [/home/aluno/spring-projects/maven/spring-data-aerospike/target/classes/org/springframework/data/aerospike/repository/support] for files matching pattern [/home/aluno/spring-projects/maven/spring-data-aerospike/target/classes/org/springframework/data/aerospike/repository/**/*ContactRepositoryImpl.class]
16:37:14.584 [main] DEBUG o.s.c.i.s.PathMatchingResourcePatternResolver - Searching directory [/home/aluno/spring-projects/maven/spring-data-aerospike/target/classes/org/springframework/data/aerospike/repository/config] for files matching pattern [/home/aluno/spring-projects/maven/spring-data-aerospike/target/classes/org/springframework/data/aerospike/repository/**/*ContactRepositoryImpl.class]
16:37:14.584 [main] DEBUG o.s.c.i.s.PathMatchingResourcePatternResolver - Searching directory [/home/aluno/spring-projects/maven/spring-data-aerospike/target/classes/org/springframework/data/aerospike/repository/query] for files matching pattern [/home/aluno/spring-projects/maven/spring-data-aerospike/target/classes/org/springframework/data/aerospike/repository/**/*ContactRepositoryImpl.class]
16:37:14.585 [main] DEBUG o.s.c.i.s.PathMatchingResourcePatternResolver - Resolved location pattern [classpath*:org/springframework/data/aerospike/repository/**/*ContactRepositoryImpl.class] to resources []
16:37:14.585 [main] DEBUG o.s.d.r.c.RepositoryConfigurationDelegate - Spring Data Aerospike - Registering repository: contactRepository - Interface: org.springframework.data.aerospike.repository.ContactRepository - Factory: org.springframework.data.keyvalue.repository.support.KeyValueRepositoryFactoryBean
16:37:14.587 [main] DEBUG o.s.c.a.ConfigurationClassEnhancer - Successfully enhanced org.springframework.data.aerospike.repository.TestConfigPerson; enhanced class name is: org.springframework.data.aerospike.repository.TestConfigPerson$$EnhancerBySpringCGLIB$$3f27a8da
16:37:14.587 [main] DEBUG o.s.c.a.ConfigurationClassPostProcessor - Replacing bean definition 'testConfigPerson' existing class name 'org.springframework.data.aerospike.repository.TestConfigPerson' with enhanced class name 'org.springframework.data.aerospike.repository.TestConfigPerson$$EnhancerBySpringCGLIB$$3f27a8da'
16:37:14.587 [main] DEBUG o.s.b.f.s.DefaultListableBeanFactory - Creating shared instance of singleton bean 'org.springframework.context.annotation.internalAutowiredAnnotationProcessor'
16:37:14.587 [main] DEBUG o.s.b.f.s.DefaultListableBeanFactory - Creating instance of bean 'org.springframework.context.annotation.internalAutowiredAnnotationProcessor'
16:37:14.588 [main] DEBUG o.s.b.f.s.DefaultListableBeanFactory - Eagerly caching bean 'org.springframework.context.annotation.internalAutowiredAnnotationProcessor' to allow for resolving potential circular references
16:37:14.588 [main] DEBUG o.s.b.f.s.DefaultListableBeanFactory - Finished creating instance of bean 'org.springframework.context.annotation.internalAutowiredAnnotationProcessor'
16:37:14.588 [main] DEBUG o.s.b.f.s.DefaultListableBeanFactory - Creating shared instance of singleton bean 'org.springframework.context.annotation.internalRequiredAnnotationProcessor'
16:37:14.588 [main] DEBUG o.s.b.f.s.DefaultListableBeanFactory - Creating instance of bean 'org.springframework.context.annotation.internalRequiredAnnotationProcessor'
16:37:14.591 [main] DEBUG o.s.b.f.s.DefaultListableBeanFactory - Eagerly caching bean 'org.springframework.context.annotation.internalRequiredAnnotationProcessor' to allow for resolving potential circular references
16:37:14.592 [main] DEBUG o.s.b.f.s.DefaultListableBeanFactory - Finished creating instance of bean 'org.springframework.context.annotation.internalRequiredAnnotationProcessor'
16:37:14.592 [main] DEBUG o.s.b.f.s.DefaultListableBeanFactory - Creating shared instance of singleton bean 'org.springframework.context.annotation.internalCommonAnnotationProcessor'
16:37:14.592 [main] DEBUG o.s.b.f.s.DefaultListableBeanFactory - Creating instance of bean 'org.springframework.context.annotation.internalCommonAnnotationProcessor'
16:37:14.592 [main] DEBUG o.s.b.f.s.DefaultListableBeanFactory - Eagerly caching bean 'org.springframework.context.annotation.internalCommonAnnotationProcessor' to allow for resolving potential circular references
16:37:14.592 [main] DEBUG o.s.b.f.s.DefaultListableBeanFactory - Finished creating instance of bean 'org.springframework.context.annotation.internalCommonAnnotationProcessor'
16:37:14.592 [main] DEBUG o.s.b.f.s.DefaultListableBeanFactory - Creating shared instance of singleton bean 'org.springframework.context.annotation.ConfigurationClassPostProcessor.importAwareProcessor'
16:37:14.592 [main] DEBUG o.s.b.f.s.DefaultListableBeanFactory - Creating instance of bean 'org.springframework.context.annotation.ConfigurationClassPostProcessor.importAwareProcessor'
16:37:14.592 [main] DEBUG o.s.b.f.s.DefaultListableBeanFactory - Eagerly caching bean 'org.springframework.context.annotation.ConfigurationClassPostProcessor.importAwareProcessor' to allow for resolving potential circular references
16:37:14.592 [main] DEBUG o.s.b.f.s.DefaultListableBeanFactory - Finished creating instance of bean 'org.springframework.context.annotation.ConfigurationClassPostProcessor.importAwareProcessor'
16:37:14.592 [main] DEBUG o.s.b.f.s.DefaultListableBeanFactory - Creating shared instance of singleton bean 'org.springframework.context.annotation.ConfigurationClassPostProcessor.enhancedConfigurationProcessor'
16:37:14.596 [main] DEBUG o.s.b.f.s.DefaultListableBeanFactory - Creating instance of bean 'org.springframework.context.annotation.ConfigurationClassPostProcessor.enhancedConfigurationProcessor'
16:37:14.596 [main] DEBUG o.s.b.f.s.DefaultListableBeanFactory - Eagerly caching bean 'org.springframework.context.annotation.ConfigurationClassPostProcessor.enhancedConfigurationProcessor' to allow for resolving potential circular references
16:37:14.596 [main] DEBUG o.s.b.f.s.DefaultListableBeanFactory - Finished creating instance of bean 'org.springframework.context.annotation.ConfigurationClassPostProcessor.enhancedConfigurationProcessor'
16:37:14.596 [main] DEBUG o.s.b.f.s.DefaultListableBeanFactory - Creating shared instance of singleton bean 'org.springframework.data.repository.core.support.RepositoryInterfaceAwareBeanPostProcessor'
16:37:14.596 [main] DEBUG o.s.b.f.s.DefaultListableBeanFactory - Creating instance of bean 'org.springframework.data.repository.core.support.RepositoryInterfaceAwareBeanPostProcessor'
16:37:14.596 [main] DEBUG o.s.b.f.s.DefaultListableBeanFactory - Eagerly caching bean 'org.springframework.data.repository.core.support.RepositoryInterfaceAwareBeanPostProcessor' to allow for resolving potential circular references
16:37:14.596 [main] DEBUG o.s.b.f.s.DefaultListableBeanFactory - Finished creating instance of bean 'org.springframework.data.repository.core.support.RepositoryInterfaceAwareBeanPostProcessor'
16:37:14.597 [main] DEBUG o.s.c.s.GenericApplicationContext - Unable to locate MessageSource with name 'messageSource': using default [org.springframework.context.support.DelegatingMessageSource@2f879bab]
16:37:14.597 [main] DEBUG o.s.c.s.GenericApplicationContext - Unable to locate ApplicationEventMulticaster with name 'applicationEventMulticaster': using default [org.springframework.context.event.SimpleApplicationEventMulticaster@1d4664d7]
16:37:14.597 [main] DEBUG o.s.b.f.s.DefaultListableBeanFactory - Pre-instantiating singletons in org.springframework.beans.factory.support.DefaultListableBeanFactory@7a94b64e: defining beans [org.springframework.context.annotation.internalConfigurationAnnotationProcessor,org.springframework.context.annotation.internalAutowiredAnnotationProcessor,org.springframework.context.annotation.internalRequiredAnnotationProcessor,org.springframework.context.annotation.internalCommonAnnotationProcessor,testConfigPerson,org.springframework.context.annotation.ConfigurationClassPostProcessor.importAwareProcessor,org.springframework.context.annotation.ConfigurationClassPostProcessor.enhancedConfigurationProcessor,aerospikeTemplate,aerospikeClient,org.springframework.data.aerospike.repository.config.AerospikeRepositoriesRegistrar$AerospikeRepositoryConfigurationExtension#0,org.springframework.data.repository.core.support.RepositoryInterfaceAwareBeanPostProcessor,keyValueMappingContext,personRepository,contactRepository]; root of factory hierarchy
16:37:14.597 [main] DEBUG o.s.b.f.s.DefaultListableBeanFactory - Returning cached instance of singleton bean 'org.springframework.context.annotation.internalConfigurationAnnotationProcessor'
16:37:14.597 [main] DEBUG o.s.b.f.s.DefaultListableBeanFactory - Returning cached instance of singleton bean 'org.springframework.context.annotation.internalAutowiredAnnotationProcessor'
16:37:14.597 [main] DEBUG o.s.b.f.s.DefaultListableBeanFactory - Returning cached instance of singleton bean 'org.springframework.context.annotation.internalRequiredAnnotationProcessor'
16:37:14.597 [main] DEBUG o.s.b.f.s.DefaultListableBeanFactory - Returning cached instance of singleton bean 'org.springframework.context.annotation.internalCommonAnnotationProcessor'
16:37:14.597 [main] DEBUG o.s.b.f.s.DefaultListableBeanFactory - Creating shared instance of singleton bean 'testConfigPerson'
16:37:14.597 [main] DEBUG o.s.b.f.s.DefaultListableBeanFactory - Creating instance of bean 'testConfigPerson'
16:37:14.597 [main] DEBUG o.s.b.f.s.DefaultListableBeanFactory - Eagerly caching bean 'testConfigPerson' to allow for resolving potential circular references
16:37:14.599 [main] DEBUG o.s.b.f.s.DefaultListableBeanFactory - Finished creating instance of bean 'testConfigPerson'
16:37:14.599 [main] DEBUG o.s.b.f.s.DefaultListableBeanFactory - Returning cached instance of singleton bean 'org.springframework.context.annotation.ConfigurationClassPostProcessor.importAwareProcessor'
16:37:14.599 [main] DEBUG o.s.b.f.s.DefaultListableBeanFactory - Returning cached instance of singleton bean 'org.springframework.context.annotation.ConfigurationClassPostProcessor.enhancedConfigurationProcessor'
16:37:14.599 [main] DEBUG o.s.b.f.s.DefaultListableBeanFactory - Creating shared instance of singleton bean 'aerospikeTemplate'
16:37:14.599 [main] DEBUG o.s.b.f.s.DefaultListableBeanFactory - Creating instance of bean 'aerospikeTemplate'
16:37:14.599 [main] DEBUG o.s.b.f.s.DefaultListableBeanFactory - Returning cached instance of singleton bean 'testConfigPerson'
16:37:14.612 [main] DEBUG o.s.b.f.s.DefaultListableBeanFactory - Creating shared instance of singleton bean 'aerospikeClient'
16:37:14.612 [main] DEBUG o.s.b.f.s.DefaultListableBeanFactory - Creating instance of bean 'aerospikeClient'
16:37:14.612 [main] DEBUG o.s.b.f.s.DefaultListableBeanFactory - Returning cached instance of singleton bean 'testConfigPerson'
16:37:16.623 [main] DEBUG o.s.d.a.r.q.AerospikeQueryCreator - AS:Alias 52.41.32.83:3000 failed: Error Code 11: java.net.SocketTimeoutException: connect timed out
16:37:16.623 [main] WARN  o.s.d.a.r.q.AerospikeQueryCreator - AS:Seed 52.41.32.83:3000 failed: Error Code 11: java.net.SocketTimeoutException: connect timed out
16:37:16.625 [main] WARN  o.s.c.s.GenericApplicationContext - Exception encountered during context initialization - cancelling refresh attempt
org.springframework.beans.factory.BeanCreationException: Error creating bean with name 'aerospikeTemplate' defined in org.springframework.data.aerospike.repository.TestConfigPerson: Bean instantiation via factory method failed; nested exception is org.springframework.beans.BeanInstantiationException: Failed to instantiate [org.springframework.data.aerospike.core.AerospikeTemplate]: Factory method 'aerospikeTemplate' threw exception; nested exception is org.springframework.beans.factory.BeanCreationException: Error creating bean with name 'aerospikeClient' defined in org.springframework.data.aerospike.repository.TestConfigPerson: Bean instantiation via factory method failed; nested exception is org.springframework.beans.BeanInstantiationException: Failed to instantiate [com.aerospike.client.AerospikeClient]: Factory method 'aerospikeClient' threw exception; nested exception is com.aerospike.client.AerospikeException$Connection: Error Code 11: Failed to connect to host(s): 
52.41.32.83:3000 Error Code 11: java.net.SocketTimeoutException: connect timed out

	at org.springframework.beans.factory.support.ConstructorResolver.instantiateUsingFactoryMethod(ConstructorResolver.java:599) ~[spring-beans-4.1.7.RELEASE.jar:4.1.7.RELEASE]
	at org.springframework.beans.factory.support.AbstractAutowireCapableBeanFactory.instantiateUsingFactoryMethod(AbstractAutowireCapableBeanFactory.java:1119) ~[spring-beans-4.1.7.RELEASE.jar:4.1.7.RELEASE]
	at org.springframework.beans.factory.support.AbstractAutowireCapableBeanFactory.createBeanInstance(AbstractAutowireCapableBeanFactory.java:1014) ~[spring-beans-4.1.7.RELEASE.jar:4.1.7.RELEASE]
	at org.springframework.beans.factory.support.AbstractAutowireCapableBeanFactory.doCreateBean(AbstractAutowireCapableBeanFactory.java:504) ~[spring-beans-4.1.7.RELEASE.jar:4.1.7.RELEASE]
	at org.springframework.beans.factory.support.AbstractAutowireCapableBeanFactory.createBean(AbstractAutowireCapableBeanFactory.java:476) ~[spring-beans-4.1.7.RELEASE.jar:4.1.7.RELEASE]
	at org.springframework.beans.factory.support.AbstractBeanFactory$1.getObject(AbstractBeanFactory.java:303) ~[spring-beans-4.1.7.RELEASE.jar:4.1.7.RELEASE]
	at org.springframework.beans.factory.support.DefaultSingletonBeanRegistry.getSingleton(DefaultSingletonBeanRegistry.java:230) ~[spring-beans-4.1.7.RELEASE.jar:4.1.7.RELEASE]
	at org.springframework.beans.factory.support.AbstractBeanFactory.doGetBean(AbstractBeanFactory.java:299) ~[spring-beans-4.1.7.RELEASE.jar:4.1.7.RELEASE]
	at org.springframework.beans.factory.support.AbstractBeanFactory.getBean(AbstractBeanFactory.java:194) ~[spring-beans-4.1.7.RELEASE.jar:4.1.7.RELEASE]
	at org.springframework.beans.factory.support.DefaultListableBeanFactory.preInstantiateSingletons(DefaultListableBeanFactory.java:755) ~[spring-beans-4.1.7.RELEASE.jar:4.1.7.RELEASE]
	at org.springframework.context.support.AbstractApplicationContext.finishBeanFactoryInitialization(AbstractApplicationContext.java:757) ~[spring-context-4.1.7.RELEASE.jar:4.1.7.RELEASE]
	at org.springframework.context.support.AbstractApplicationContext.refresh(AbstractApplicationContext.java:480) ~[spring-context-4.1.7.RELEASE.jar:4.1.7.RELEASE]
	at org.springframework.test.context.support.AbstractGenericContextLoader.loadContext(AbstractGenericContextLoader.java:125) [spring-test-4.1.7.RELEASE.jar:4.1.7.RELEASE]
	at org.springframework.test.context.support.AbstractGenericContextLoader.loadContext(AbstractGenericContextLoader.java:60) [spring-test-4.1.7.RELEASE.jar:4.1.7.RELEASE]
	at org.springframework.test.context.support.AbstractDelegatingSmartContextLoader.delegateLoading(AbstractDelegatingSmartContextLoader.java:109) [spring-test-4.1.7.RELEASE.jar:4.1.7.RELEASE]
	at org.springframework.test.context.support.AbstractDelegatingSmartContextLoader.loadContext(AbstractDelegatingSmartContextLoader.java:261) [spring-test-4.1.7.RELEASE.jar:4.1.7.RELEASE]
	at org.springframework.test.context.DefaultCacheAwareContextLoaderDelegate.loadContextInternal(DefaultCacheAwareContextLoaderDelegate.java:68) [spring-test-4.1.7.RELEASE.jar:4.1.7.RELEASE]
	at org.springframework.test.context.DefaultCacheAwareContextLoaderDelegate.loadContext(DefaultCacheAwareContextLoaderDelegate.java:86) [spring-test-4.1.7.RELEASE.jar:4.1.7.RELEASE]
	at org.springframework.test.context.DefaultTestContext.getApplicationContext(DefaultTestContext.java:72) [spring-test-4.1.7.RELEASE.jar:4.1.7.RELEASE]
	at org.springframework.test.context.support.DependencyInjectionTestExecutionListener.injectDependencies(DependencyInjectionTestExecutionListener.java:117) [spring-test-4.1.7.RELEASE.jar:4.1.7.RELEASE]
	at org.springframework.test.context.support.DependencyInjectionTestExecutionListener.prepareTestInstance(DependencyInjectionTestExecutionListener.java:83) [spring-test-4.1.7.RELEASE.jar:4.1.7.RELEASE]
	at org.springframework.test.context.TestContextManager.prepareTestInstance(TestContextManager.java:212) [spring-test-4.1.7.RELEASE.jar:4.1.7.RELEASE]
	at org.springframework.test.context.junit4.SpringJUnit4ClassRunner.createTest(SpringJUnit4ClassRunner.java:200) [spring-test-4.1.7.RELEASE.jar:4.1.7.RELEASE]
	at org.springframework.test.context.junit4.SpringJUnit4ClassRunner$1.runReflectiveCall(SpringJUnit4ClassRunner.java:259) [spring-test-4.1.7.RELEASE.jar:4.1.7.RELEASE]
	at org.junit.internal.runners.model.ReflectiveCallable.run(ReflectiveCallable.java:12) [junit-4.12.jar:4.12]
	at org.springframework.test.context.junit4.SpringJUnit4ClassRunner.methodBlock(SpringJUnit4ClassRunner.java:261) [spring-test-4.1.7.RELEASE.jar:4.1.7.RELEASE]
	at org.springframework.test.context.junit4.SpringJUnit4ClassRunner.runChild(SpringJUnit4ClassRunner.java:219) [spring-test-4.1.7.RELEASE.jar:4.1.7.RELEASE]
	at org.springframework.test.context.junit4.SpringJUnit4ClassRunner.runChild(SpringJUnit4ClassRunner.java:83) [spring-test-4.1.7.RELEASE.jar:4.1.7.RELEASE]
	at org.junit.runners.ParentRunner$3.run(ParentRunner.java:290) [junit-4.12.jar:4.12]
	at org.junit.runners.ParentRunner$1.schedule(ParentRunner.java:71) [junit-4.12.jar:4.12]
	at org.junit.runners.ParentRunner.runChildren(ParentRunner.java:288) [junit-4.12.jar:4.12]
	at org.junit.runners.ParentRunner.access$000(ParentRunner.java:58) [junit-4.12.jar:4.12]
	at org.junit.runners.ParentRunner$2.evaluate(ParentRunner.java:268) [junit-4.12.jar:4.12]
	at org.springframework.test.context.junit4.statements.RunBeforeTestClassCallbacks.evaluate(RunBeforeTestClassCallbacks.java:61) [spring-test-4.1.7.RELEASE.jar:4.1.7.RELEASE]
	at org.springframework.test.context.junit4.statements.RunAfterTestClassCallbacks.evaluate(RunAfterTestClassCallbacks.java:68) [spring-test-4.1.7.RELEASE.jar:4.1.7.RELEASE]
	at org.junit.runners.ParentRunner.run(ParentRunner.java:363) [junit-4.12.jar:4.12]
	at org.springframework.test.context.junit4.SpringJUnit4ClassRunner.run(SpringJUnit4ClassRunner.java:163) [spring-test-4.1.7.RELEASE.jar:4.1.7.RELEASE]
	at org.junit.runners.Suite.runChild(Suite.java:128) [junit-4.12.jar:4.12]
	at org.junit.runners.Suite.runChild(Suite.java:27) [junit-4.12.jar:4.12]
	at org.junit.runners.ParentRunner$3.run(ParentRunner.java:290) [junit-4.12.jar:4.12]
	at org.junit.runners.ParentRunner$1.schedule(ParentRunner.java:71) [junit-4.12.jar:4.12]
	at org.junit.runners.ParentRunner.runChildren(ParentRunner.java:288) [junit-4.12.jar:4.12]
	at org.junit.runners.ParentRunner.access$000(ParentRunner.java:58) [junit-4.12.jar:4.12]
	at org.junit.runners.ParentRunner$2.evaluate(ParentRunner.java:268) [junit-4.12.jar:4.12]
	at org.junit.runners.ParentRunner.run(ParentRunner.java:363) [junit-4.12.jar:4.12]
	at org.apache.maven.surefire.junit4.JUnit4Provider.execute(JUnit4Provider.java:283) [surefire-junit4-2.18.1.jar:2.18.1]
	at org.apache.maven.surefire.junit4.JUnit4Provider.executeWithRerun(JUnit4Provider.java:173) [surefire-junit4-2.18.1.jar:2.18.1]
	at org.apache.maven.surefire.junit4.JUnit4Provider.executeTestSet(JUnit4Provider.java:153) [surefire-junit4-2.18.1.jar:2.18.1]
	at org.apache.maven.surefire.junit4.JUnit4Provider.invoke(JUnit4Provider.java:128) [surefire-junit4-2.18.1.jar:2.18.1]
	at org.apache.maven.surefire.booter.ForkedBooter.invokeProviderInSameClassLoader(ForkedBooter.java:203) [surefire-booter-2.18.1.jar:2.18.1]
	at org.apache.maven.surefire.booter.ForkedBooter.runSuitesInProcess(ForkedBooter.java:155) [surefire-booter-2.18.1.jar:2.18.1]
	at org.apache.maven.surefire.booter.ForkedBooter.main(ForkedBooter.java:103) [surefire-booter-2.18.1.jar:2.18.1]
Caused by: org.springframework.beans.BeanInstantiationException: Failed to instantiate [org.springframework.data.aerospike.core.AerospikeTemplate]: Factory method 'aerospikeTemplate' threw exception; nested exception is org.springframework.beans.factory.BeanCreationException: Error creating bean with name 'aerospikeClient' defined in org.springframework.data.aerospike.repository.TestConfigPerson: Bean instantiation via factory method failed; nested exception is org.springframework.beans.BeanInstantiationException: Failed to instantiate [com.aerospike.client.AerospikeClient]: Factory method 'aerospikeClient' threw exception; nested exception is com.aerospike.client.AerospikeException$Connection: Error Code 11: Failed to connect to host(s): 
52.41.32.83:3000 Error Code 11: java.net.SocketTimeoutException: connect timed out

	at org.springframework.beans.factory.support.SimpleInstantiationStrategy.instantiate(SimpleInstantiationStrategy.java:189) ~[spring-beans-4.1.7.RELEASE.jar:4.1.7.RELEASE]
	at org.springframework.beans.factory.support.ConstructorResolver.instantiateUsingFactoryMethod(ConstructorResolver.java:588) ~[spring-beans-4.1.7.RELEASE.jar:4.1.7.RELEASE]
	... 51 common frames omitted
Caused by: org.springframework.beans.factory.BeanCreationException: Error creating bean with name 'aerospikeClient' defined in org.springframework.data.aerospike.repository.TestConfigPerson: Bean instantiation via factory method failed; nested exception is org.springframework.beans.BeanInstantiationException: Failed to instantiate [com.aerospike.client.AerospikeClient]: Factory method 'aerospikeClient' threw exception; nested exception is com.aerospike.client.AerospikeException$Connection: Error Code 11: Failed to connect to host(s): 
52.41.32.83:3000 Error Code 11: java.net.SocketTimeoutException: connect timed out

	at org.springframework.beans.factory.support.ConstructorResolver.instantiateUsingFactoryMethod(ConstructorResolver.java:599) ~[spring-beans-4.1.7.RELEASE.jar:4.1.7.RELEASE]
	at org.springframework.beans.factory.support.AbstractAutowireCapableBeanFactory.instantiateUsingFactoryMethod(AbstractAutowireCapableBeanFactory.java:1119) ~[spring-beans-4.1.7.RELEASE.jar:4.1.7.RELEASE]
	at org.springframework.beans.factory.support.AbstractAutowireCapableBeanFactory.createBeanInstance(AbstractAutowireCapableBeanFactory.java:1014) ~[spring-beans-4.1.7.RELEASE.jar:4.1.7.RELEASE]
	at org.springframework.beans.factory.support.AbstractAutowireCapableBeanFactory.doCreateBean(AbstractAutowireCapableBeanFactory.java:504) ~[spring-beans-4.1.7.RELEASE.jar:4.1.7.RELEASE]
	at org.springframework.beans.factory.support.AbstractAutowireCapableBeanFactory.createBean(AbstractAutowireCapableBeanFactory.java:476) ~[spring-beans-4.1.7.RELEASE.jar:4.1.7.RELEASE]
	at org.springframework.beans.factory.support.AbstractBeanFactory$1.getObject(AbstractBeanFactory.java:303) ~[spring-beans-4.1.7.RELEASE.jar:4.1.7.RELEASE]
	at org.springframework.beans.factory.support.DefaultSingletonBeanRegistry.getSingleton(DefaultSingletonBeanRegistry.java:230) ~[spring-beans-4.1.7.RELEASE.jar:4.1.7.RELEASE]
	at org.springframework.beans.factory.support.AbstractBeanFactory.doGetBean(AbstractBeanFactory.java:299) ~[spring-beans-4.1.7.RELEASE.jar:4.1.7.RELEASE]
	at org.springframework.beans.factory.support.AbstractBeanFactory.getBean(AbstractBeanFactory.java:194) ~[spring-beans-4.1.7.RELEASE.jar:4.1.7.RELEASE]
	at org.springframework.context.annotation.ConfigurationClassEnhancer$BeanMethodInterceptor.intercept(ConfigurationClassEnhancer.java:322) ~[spring-context-4.1.7.RELEASE.jar:4.1.7.RELEASE]
	at org.springframework.data.aerospike.repository.TestConfigPerson$$EnhancerBySpringCGLIB$$3f27a8da.aerospikeClient(<generated>) ~[spring-core-4.1.7.RELEASE.jar:na]
	at org.springframework.data.aerospike.repository.TestConfigPerson.aerospikeTemplate(TestConfigPerson.java:38) ~[test-classes/:na]
	at org.springframework.data.aerospike.repository.TestConfigPerson$$EnhancerBySpringCGLIB$$3f27a8da.CGLIB$aerospikeTemplate$0(<generated>) ~[spring-core-4.1.7.RELEASE.jar:na]
	at org.springframework.data.aerospike.repository.TestConfigPerson$$EnhancerBySpringCGLIB$$3f27a8da$$FastClassBySpringCGLIB$$38965c5e.invoke(<generated>) ~[spring-core-4.1.7.RELEASE.jar:na]
	at org.springframework.cglib.proxy.MethodProxy.invokeSuper(MethodProxy.java:228) ~[spring-core-4.1.7.RELEASE.jar:4.1.7.RELEASE]
	at org.springframework.context.annotation.ConfigurationClassEnhancer$BeanMethodInterceptor.intercept(ConfigurationClassEnhancer.java:309) ~[spring-context-4.1.7.RELEASE.jar:4.1.7.RELEASE]
	at org.springframework.data.aerospike.repository.TestConfigPerson$$EnhancerBySpringCGLIB$$3f27a8da.aerospikeTemplate(<generated>) ~[spring-core-4.1.7.RELEASE.jar:na]
	at sun.reflect.NativeMethodAccessorImpl.invoke0(Native Method) ~[na:1.8.0_91]
	at sun.reflect.NativeMethodAccessorImpl.invoke(NativeMethodAccessorImpl.java:62) ~[na:1.8.0_91]
	at sun.reflect.DelegatingMethodAccessorImpl.invoke(DelegatingMethodAccessorImpl.java:43) ~[na:1.8.0_91]
	at java.lang.reflect.Method.invoke(Method.java:498) ~[na:1.8.0_91]
	at org.springframework.beans.factory.support.SimpleInstantiationStrategy.instantiate(SimpleInstantiationStrategy.java:162) ~[spring-beans-4.1.7.RELEASE.jar:4.1.7.RELEASE]
	... 52 common frames omitted
Caused by: org.springframework.beans.BeanInstantiationException: Failed to instantiate [com.aerospike.client.AerospikeClient]: Factory method 'aerospikeClient' threw exception; nested exception is com.aerospike.client.AerospikeException$Connection: Error Code 11: Failed to connect to host(s): 
52.41.32.83:3000 Error Code 11: java.net.SocketTimeoutException: connect timed out

	at org.springframework.beans.factory.support.SimpleInstantiationStrategy.instantiate(SimpleInstantiationStrategy.java:189) ~[spring-beans-4.1.7.RELEASE.jar:4.1.7.RELEASE]
	at org.springframework.beans.factory.support.ConstructorResolver.instantiateUsingFactoryMethod(ConstructorResolver.java:588) ~[spring-beans-4.1.7.RELEASE.jar:4.1.7.RELEASE]
	... 73 common frames omitted
Caused by: com.aerospike.client.AerospikeException$Connection: Error Code 11: Failed to connect to host(s): 
52.41.32.83:3000 Error Code 11: java.net.SocketTimeoutException: connect timed out

	at com.aerospike.client.cluster.Cluster.seedNodes(Cluster.java:386) ~[aerospike-client-3.2.3.jar:na]
	at com.aerospike.client.cluster.Cluster.tend(Cluster.java:273) ~[aerospike-client-3.2.3.jar:na]
	at com.aerospike.client.cluster.Cluster.waitTillStabilized(Cluster.java:238) ~[aerospike-client-3.2.3.jar:na]
	at com.aerospike.client.cluster.Cluster.initTendThread(Cluster.java:148) ~[aerospike-client-3.2.3.jar:na]
	at com.aerospike.client.AerospikeClient.<init>(AerospikeClient.java:209) ~[aerospike-client-3.2.3.jar:na]
	at com.aerospike.client.AerospikeClient.<init>(AerospikeClient.java:173) ~[aerospike-client-3.2.3.jar:na]
	at org.springframework.data.aerospike.repository.TestConfigPerson.aerospikeClient(TestConfigPerson.java:32) ~[test-classes/:na]
	at org.springframework.data.aerospike.repository.TestConfigPerson$$EnhancerBySpringCGLIB$$3f27a8da.CGLIB$aerospikeClient$1(<generated>) ~[spring-core-4.1.7.RELEASE.jar:na]
	at org.springframework.data.aerospike.repository.TestConfigPerson$$EnhancerBySpringCGLIB$$3f27a8da$$FastClassBySpringCGLIB$$38965c5e.invoke(<generated>) ~[spring-core-4.1.7.RELEASE.jar:na]
	at org.springframework.cglib.proxy.MethodProxy.invokeSuper(MethodProxy.java:228) ~[spring-core-4.1.7.RELEASE.jar:4.1.7.RELEASE]
	at org.springframework.context.annotation.ConfigurationClassEnhancer$BeanMethodInterceptor.intercept(ConfigurationClassEnhancer.java:309) ~[spring-context-4.1.7.RELEASE.jar:4.1.7.RELEASE]
	at org.springframework.data.aerospike.repository.TestConfigPerson$$EnhancerBySpringCGLIB$$3f27a8da.aerospikeClient(<generated>) ~[spring-core-4.1.7.RELEASE.jar:na]
	at sun.reflect.NativeMethodAccessorImpl.invoke0(Native Method) ~[na:1.8.0_91]
	at sun.reflect.NativeMethodAccessorImpl.invoke(NativeMethodAccessorImpl.java:62) ~[na:1.8.0_91]
	at sun.reflect.DelegatingMethodAccessorImpl.invoke(DelegatingMethodAccessorImpl.java:43) ~[na:1.8.0_91]
	at java.lang.reflect.Method.invoke(Method.java:498) ~[na:1.8.0_91]
	at org.springframework.beans.factory.support.SimpleInstantiationStrategy.instantiate(SimpleInstantiationStrategy.java:162) ~[spring-beans-4.1.7.RELEASE.jar:4.1.7.RELEASE]
	... 74 common frames omitted
16:37:16.625 [main] DEBUG o.s.b.f.s.DefaultListableBeanFactory - Destroying singletons in org.springframework.beans.factory.support.DefaultListableBeanFactory@7a94b64e: defining beans [org.springframework.context.annotation.internalConfigurationAnnotationProcessor,org.springframework.context.annotation.internalAutowiredAnnotationProcessor,org.springframework.context.annotation.internalRequiredAnnotationProcessor,org.springframework.context.annotation.internalCommonAnnotationProcessor,testConfigPerson,org.springframework.context.annotation.ConfigurationClassPostProcessor.importAwareProcessor,org.springframework.context.annotation.ConfigurationClassPostProcessor.enhancedConfigurationProcessor,aerospikeTemplate,aerospikeClient,org.springframework.data.aerospike.repository.config.AerospikeRepositoriesRegistrar$AerospikeRepositoryConfigurationExtension#0,org.springframework.data.repository.core.support.RepositoryInterfaceAwareBeanPostProcessor,keyValueMappingContext,personRepository,contactRepository]; root of factory hierarchy
16:37:16.625 [main] ERROR o.s.test.context.TestContextManager - Caught exception while allowing TestExecutionListener [org.springframework.test.context.support.DependencyInjectionTestExecutionListener@48e7b3d2] to prepare test instance [org.springframework.data.aerospike.repository.PersonRepositoryIntegrationTests@7e97551f]
java.lang.IllegalStateException: Failed to load ApplicationContext
	at org.springframework.test.context.DefaultCacheAwareContextLoaderDelegate.loadContext(DefaultCacheAwareContextLoaderDelegate.java:94) ~[spring-test-4.1.7.RELEASE.jar:4.1.7.RELEASE]
	at org.springframework.test.context.DefaultTestContext.getApplicationContext(DefaultTestContext.java:72) ~[spring-test-4.1.7.RELEASE.jar:4.1.7.RELEASE]
	at org.springframework.test.context.support.DependencyInjectionTestExecutionListener.injectDependencies(DependencyInjectionTestExecutionListener.java:117) ~[spring-test-4.1.7.RELEASE.jar:4.1.7.RELEASE]
	at org.springframework.test.context.support.DependencyInjectionTestExecutionListener.prepareTestInstance(DependencyInjectionTestExecutionListener.java:83) ~[spring-test-4.1.7.RELEASE.jar:4.1.7.RELEASE]
	at org.springframework.test.context.TestContextManager.prepareTestInstance(TestContextManager.java:212) ~[spring-test-4.1.7.RELEASE.jar:4.1.7.RELEASE]
	at org.springframework.test.context.junit4.SpringJUnit4ClassRunner.createTest(SpringJUnit4ClassRunner.java:200) [spring-test-4.1.7.RELEASE.jar:4.1.7.RELEASE]
	at org.springframework.test.context.junit4.SpringJUnit4ClassRunner$1.runReflectiveCall(SpringJUnit4ClassRunner.java:259) [spring-test-4.1.7.RELEASE.jar:4.1.7.RELEASE]
	at org.junit.internal.runners.model.ReflectiveCallable.run(ReflectiveCallable.java:12) [junit-4.12.jar:4.12]
	at org.springframework.test.context.junit4.SpringJUnit4ClassRunner.methodBlock(SpringJUnit4ClassRunner.java:261) [spring-test-4.1.7.RELEASE.jar:4.1.7.RELEASE]
	at org.springframework.test.context.junit4.SpringJUnit4ClassRunner.runChild(SpringJUnit4ClassRunner.java:219) [spring-test-4.1.7.RELEASE.jar:4.1.7.RELEASE]
	at org.springframework.test.context.junit4.SpringJUnit4ClassRunner.runChild(SpringJUnit4ClassRunner.java:83) [spring-test-4.1.7.RELEASE.jar:4.1.7.RELEASE]
	at org.junit.runners.ParentRunner$3.run(ParentRunner.java:290) [junit-4.12.jar:4.12]
	at org.junit.runners.ParentRunner$1.schedule(ParentRunner.java:71) [junit-4.12.jar:4.12]
	at org.junit.runners.ParentRunner.runChildren(ParentRunner.java:288) [junit-4.12.jar:4.12]
	at org.junit.runners.ParentRunner.access$000(ParentRunner.java:58) [junit-4.12.jar:4.12]
	at org.junit.runners.ParentRunner$2.evaluate(ParentRunner.java:268) [junit-4.12.jar:4.12]
	at org.springframework.test.context.junit4.statements.RunBeforeTestClassCallbacks.evaluate(RunBeforeTestClassCallbacks.java:61) [spring-test-4.1.7.RELEASE.jar:4.1.7.RELEASE]
	at org.springframework.test.context.junit4.statements.RunAfterTestClassCallbacks.evaluate(RunAfterTestClassCallbacks.java:68) [spring-test-4.1.7.RELEASE.jar:4.1.7.RELEASE]
	at org.junit.runners.ParentRunner.run(ParentRunner.java:363) [junit-4.12.jar:4.12]
	at org.springframework.test.context.junit4.SpringJUnit4ClassRunner.run(SpringJUnit4ClassRunner.java:163) [spring-test-4.1.7.RELEASE.jar:4.1.7.RELEASE]
	at org.junit.runners.Suite.runChild(Suite.java:128) [junit-4.12.jar:4.12]
	at org.junit.runners.Suite.runChild(Suite.java:27) [junit-4.12.jar:4.12]
	at org.junit.runners.ParentRunner$3.run(ParentRunner.java:290) [junit-4.12.jar:4.12]
	at org.junit.runners.ParentRunner$1.schedule(ParentRunner.java:71) [junit-4.12.jar:4.12]
	at org.junit.runners.ParentRunner.runChildren(ParentRunner.java:288) [junit-4.12.jar:4.12]
	at org.junit.runners.ParentRunner.access$000(ParentRunner.java:58) [junit-4.12.jar:4.12]
	at org.junit.runners.ParentRunner$2.evaluate(ParentRunner.java:268) [junit-4.12.jar:4.12]
	at org.junit.runners.ParentRunner.run(ParentRunner.java:363) [junit-4.12.jar:4.12]
	at org.apache.maven.surefire.junit4.JUnit4Provider.execute(JUnit4Provider.java:283) [surefire-junit4-2.18.1.jar:2.18.1]
	at org.apache.maven.surefire.junit4.JUnit4Provider.executeWithRerun(JUnit4Provider.java:173) [surefire-junit4-2.18.1.jar:2.18.1]
	at org.apache.maven.surefire.junit4.JUnit4Provider.executeTestSet(JUnit4Provider.java:153) [surefire-junit4-2.18.1.jar:2.18.1]
	at org.apache.maven.surefire.junit4.JUnit4Provider.invoke(JUnit4Provider.java:128) [surefire-junit4-2.18.1.jar:2.18.1]
	at org.apache.maven.surefire.booter.ForkedBooter.invokeProviderInSameClassLoader(ForkedBooter.java:203) [surefire-booter-2.18.1.jar:2.18.1]
	at org.apache.maven.surefire.booter.ForkedBooter.runSuitesInProcess(ForkedBooter.java:155) [surefire-booter-2.18.1.jar:2.18.1]
	at org.apache.maven.surefire.booter.ForkedBooter.main(ForkedBooter.java:103) [surefire-booter-2.18.1.jar:2.18.1]
Caused by: org.springframework.beans.factory.BeanCreationException: Error creating bean with name 'aerospikeTemplate' defined in org.springframework.data.aerospike.repository.TestConfigPerson: Bean instantiation via factory method failed; nested exception is org.springframework.beans.BeanInstantiationException: Failed to instantiate [org.springframework.data.aerospike.core.AerospikeTemplate]: Factory method 'aerospikeTemplate' threw exception; nested exception is org.springframework.beans.factory.BeanCreationException: Error creating bean with name 'aerospikeClient' defined in org.springframework.data.aerospike.repository.TestConfigPerson: Bean instantiation via factory method failed; nested exception is org.springframework.beans.BeanInstantiationException: Failed to instantiate [com.aerospike.client.AerospikeClient]: Factory method 'aerospikeClient' threw exception; nested exception is com.aerospike.client.AerospikeException$Connection: Error Code 11: Failed to connect to host(s): 
52.41.32.83:3000 Error Code 11: java.net.SocketTimeoutException: connect timed out

	at org.springframework.beans.factory.support.ConstructorResolver.instantiateUsingFactoryMethod(ConstructorResolver.java:599) ~[spring-beans-4.1.7.RELEASE.jar:4.1.7.RELEASE]
	at org.springframework.beans.factory.support.AbstractAutowireCapableBeanFactory.instantiateUsingFactoryMethod(AbstractAutowireCapableBeanFactory.java:1119) ~[spring-beans-4.1.7.RELEASE.jar:4.1.7.RELEASE]
	at org.springframework.beans.factory.support.AbstractAutowireCapableBeanFactory.createBeanInstance(AbstractAutowireCapableBeanFactory.java:1014) ~[spring-beans-4.1.7.RELEASE.jar:4.1.7.RELEASE]
	at org.springframework.beans.factory.support.AbstractAutowireCapableBeanFactory.doCreateBean(AbstractAutowireCapableBeanFactory.java:504) ~[spring-beans-4.1.7.RELEASE.jar:4.1.7.RELEASE]
	at org.springframework.beans.factory.support.AbstractAutowireCapableBeanFactory.createBean(AbstractAutowireCapableBeanFactory.java:476) ~[spring-beans-4.1.7.RELEASE.jar:4.1.7.RELEASE]
	at org.springframework.beans.factory.support.AbstractBeanFactory$1.getObject(AbstractBeanFactory.java:303) ~[spring-beans-4.1.7.RELEASE.jar:4.1.7.RELEASE]
	at org.springframework.beans.factory.support.DefaultSingletonBeanRegistry.getSingleton(DefaultSingletonBeanRegistry.java:230) ~[spring-beans-4.1.7.RELEASE.jar:4.1.7.RELEASE]
	at org.springframework.beans.factory.support.AbstractBeanFactory.doGetBean(AbstractBeanFactory.java:299) ~[spring-beans-4.1.7.RELEASE.jar:4.1.7.RELEASE]
	at org.springframework.beans.factory.support.AbstractBeanFactory.getBean(AbstractBeanFactory.java:194) ~[spring-beans-4.1.7.RELEASE.jar:4.1.7.RELEASE]
	at org.springframework.beans.factory.support.DefaultListableBeanFactory.preInstantiateSingletons(DefaultListableBeanFactory.java:755) ~[spring-beans-4.1.7.RELEASE.jar:4.1.7.RELEASE]
	at org.springframework.context.support.AbstractApplicationContext.finishBeanFactoryInitialization(AbstractApplicationContext.java:757) ~[spring-context-4.1.7.RELEASE.jar:4.1.7.RELEASE]
	at org.springframework.context.support.AbstractApplicationContext.refresh(AbstractApplicationContext.java:480) ~[spring-context-4.1.7.RELEASE.jar:4.1.7.RELEASE]
	at org.springframework.test.context.support.AbstractGenericContextLoader.loadContext(AbstractGenericContextLoader.java:125) ~[spring-test-4.1.7.RELEASE.jar:4.1.7.RELEASE]
	at org.springframework.test.context.support.AbstractGenericContextLoader.loadContext(AbstractGenericContextLoader.java:60) ~[spring-test-4.1.7.RELEASE.jar:4.1.7.RELEASE]
	at org.springframework.test.context.support.AbstractDelegatingSmartContextLoader.delegateLoading(AbstractDelegatingSmartContextLoader.java:109) ~[spring-test-4.1.7.RELEASE.jar:4.1.7.RELEASE]
	at org.springframework.test.context.support.AbstractDelegatingSmartContextLoader.loadContext(AbstractDelegatingSmartContextLoader.java:261) ~[spring-test-4.1.7.RELEASE.jar:4.1.7.RELEASE]
	at org.springframework.test.context.DefaultCacheAwareContextLoaderDelegate.loadContextInternal(DefaultCacheAwareContextLoaderDelegate.java:68) ~[spring-test-4.1.7.RELEASE.jar:4.1.7.RELEASE]
	at org.springframework.test.context.DefaultCacheAwareContextLoaderDelegate.loadContext(DefaultCacheAwareContextLoaderDelegate.java:86) ~[spring-test-4.1.7.RELEASE.jar:4.1.7.RELEASE]
	... 34 common frames omitted
Caused by: org.springframework.beans.BeanInstantiationException: Failed to instantiate [org.springframework.data.aerospike.core.AerospikeTemplate]: Factory method 'aerospikeTemplate' threw exception; nested exception is org.springframework.beans.factory.BeanCreationException: Error creating bean with name 'aerospikeClient' defined in org.springframework.data.aerospike.repository.TestConfigPerson: Bean instantiation via factory method failed; nested exception is org.springframework.beans.BeanInstantiationException: Failed to instantiate [com.aerospike.client.AerospikeClient]: Factory method 'aerospikeClient' threw exception; nested exception is com.aerospike.client.AerospikeException$Connection: Error Code 11: Failed to connect to host(s): 
52.41.32.83:3000 Error Code 11: java.net.SocketTimeoutException: connect timed out

	at org.springframework.beans.factory.support.SimpleInstantiationStrategy.instantiate(SimpleInstantiationStrategy.java:189) ~[spring-beans-4.1.7.RELEASE.jar:4.1.7.RELEASE]
	at org.springframework.beans.factory.support.ConstructorResolver.instantiateUsingFactoryMethod(ConstructorResolver.java:588) ~[spring-beans-4.1.7.RELEASE.jar:4.1.7.RELEASE]
	... 51 common frames omitted
Caused by: org.springframework.beans.factory.BeanCreationException: Error creating bean with name 'aerospikeClient' defined in org.springframework.data.aerospike.repository.TestConfigPerson: Bean instantiation via factory method failed; nested exception is org.springframework.beans.BeanInstantiationException: Failed to instantiate [com.aerospike.client.AerospikeClient]: Factory method 'aerospikeClient' threw exception; nested exception is com.aerospike.client.AerospikeException$Connection: Error Code 11: Failed to connect to host(s): 
52.41.32.83:3000 Error Code 11: java.net.SocketTimeoutException: connect timed out

	at org.springframework.beans.factory.support.ConstructorResolver.instantiateUsingFactoryMethod(ConstructorResolver.java:599) ~[spring-beans-4.1.7.RELEASE.jar:4.1.7.RELEASE]
	at org.springframework.beans.factory.support.AbstractAutowireCapableBeanFactory.instantiateUsingFactoryMethod(AbstractAutowireCapableBeanFactory.java:1119) ~[spring-beans-4.1.7.RELEASE.jar:4.1.7.RELEASE]
	at org.springframework.beans.factory.support.AbstractAutowireCapableBeanFactory.createBeanInstance(AbstractAutowireCapableBeanFactory.java:1014) ~[spring-beans-4.1.7.RELEASE.jar:4.1.7.RELEASE]
	at org.springframework.beans.factory.support.AbstractAutowireCapableBeanFactory.doCreateBean(AbstractAutowireCapableBeanFactory.java:504) ~[spring-beans-4.1.7.RELEASE.jar:4.1.7.RELEASE]
	at org.springframework.beans.factory.support.AbstractAutowireCapableBeanFactory.createBean(AbstractAutowireCapableBeanFactory.java:476) ~[spring-beans-4.1.7.RELEASE.jar:4.1.7.RELEASE]
	at org.springframework.beans.factory.support.AbstractBeanFactory$1.getObject(AbstractBeanFactory.java:303) ~[spring-beans-4.1.7.RELEASE.jar:4.1.7.RELEASE]
	at org.springframework.beans.factory.support.DefaultSingletonBeanRegistry.getSingleton(DefaultSingletonBeanRegistry.java:230) ~[spring-beans-4.1.7.RELEASE.jar:4.1.7.RELEASE]
	at org.springframework.beans.factory.support.AbstractBeanFactory.doGetBean(AbstractBeanFactory.java:299) ~[spring-beans-4.1.7.RELEASE.jar:4.1.7.RELEASE]
	at org.springframework.beans.factory.support.AbstractBeanFactory.getBean(AbstractBeanFactory.java:194) ~[spring-beans-4.1.7.RELEASE.jar:4.1.7.RELEASE]
	at org.springframework.context.annotation.ConfigurationClassEnhancer$BeanMethodInterceptor.intercept(ConfigurationClassEnhancer.java:322) ~[spring-context-4.1.7.RELEASE.jar:4.1.7.RELEASE]
	at org.springframework.data.aerospike.repository.TestConfigPerson$$EnhancerBySpringCGLIB$$3f27a8da.aerospikeClient(<generated>) ~[spring-core-4.1.7.RELEASE.jar:na]
	at org.springframework.data.aerospike.repository.TestConfigPerson.aerospikeTemplate(TestConfigPerson.java:38) ~[test-classes/:na]
	at org.springframework.data.aerospike.repository.TestConfigPerson$$EnhancerBySpringCGLIB$$3f27a8da.CGLIB$aerospikeTemplate$0(<generated>) ~[spring-core-4.1.7.RELEASE.jar:na]
	at org.springframework.data.aerospike.repository.TestConfigPerson$$EnhancerBySpringCGLIB$$3f27a8da$$FastClassBySpringCGLIB$$38965c5e.invoke(<generated>) ~[spring-core-4.1.7.RELEASE.jar:na]
	at org.springframework.cglib.proxy.MethodProxy.invokeSuper(MethodProxy.java:228) ~[spring-core-4.1.7.RELEASE.jar:4.1.7.RELEASE]
	at org.springframework.context.annotation.ConfigurationClassEnhancer$BeanMethodInterceptor.intercept(ConfigurationClassEnhancer.java:309) ~[spring-context-4.1.7.RELEASE.jar:4.1.7.RELEASE]
	at org.springframework.data.aerospike.repository.TestConfigPerson$$EnhancerBySpringCGLIB$$3f27a8da.aerospikeTemplate(<generated>) ~[spring-core-4.1.7.RELEASE.jar:na]
	at sun.reflect.NativeMethodAccessorImpl.invoke0(Native Method) ~[na:1.8.0_91]
	at sun.reflect.NativeMethodAccessorImpl.invoke(NativeMethodAccessorImpl.java:62) ~[na:1.8.0_91]
	at sun.reflect.DelegatingMethodAccessorImpl.invoke(DelegatingMethodAccessorImpl.java:43) ~[na:1.8.0_91]
	at java.lang.reflect.Method.invoke(Method.java:498) ~[na:1.8.0_91]
	at org.springframework.beans.factory.support.SimpleInstantiationStrategy.instantiate(SimpleInstantiationStrategy.java:162) ~[spring-beans-4.1.7.RELEASE.jar:4.1.7.RELEASE]
	... 52 common frames omitted
Caused by: org.springframework.beans.BeanInstantiationException: Failed to instantiate [com.aerospike.client.AerospikeClient]: Factory method 'aerospikeClient' threw exception; nested exception is com.aerospike.client.AerospikeException$Connection: Error Code 11: Failed to connect to host(s): 
52.41.32.83:3000 Error Code 11: java.net.SocketTimeoutException: connect timed out

	at org.springframework.beans.factory.support.SimpleInstantiationStrategy.instantiate(SimpleInstantiationStrategy.java:189) ~[spring-beans-4.1.7.RELEASE.jar:4.1.7.RELEASE]
	at org.springframework.beans.factory.support.ConstructorResolver.instantiateUsingFactoryMethod(ConstructorResolver.java:588) ~[spring-beans-4.1.7.RELEASE.jar:4.1.7.RELEASE]
	... 73 common frames omitted
Caused by: com.aerospike.client.AerospikeException$Connection: Error Code 11: Failed to connect to host(s): 
52.41.32.83:3000 Error Code 11: java.net.SocketTimeoutException: connect timed out

	at com.aerospike.client.cluster.Cluster.seedNodes(Cluster.java:386) ~[aerospike-client-3.2.3.jar:na]
	at com.aerospike.client.cluster.Cluster.tend(Cluster.java:273) ~[aerospike-client-3.2.3.jar:na]
	at com.aerospike.client.cluster.Cluster.waitTillStabilized(Cluster.java:238) ~[aerospike-client-3.2.3.jar:na]
	at com.aerospike.client.cluster.Cluster.initTendThread(Cluster.java:148) ~[aerospike-client-3.2.3.jar:na]
	at com.aerospike.client.AerospikeClient.<init>(AerospikeClient.java:209) ~[aerospike-client-3.2.3.jar:na]
	at com.aerospike.client.AerospikeClient.<init>(AerospikeClient.java:173) ~[aerospike-client-3.2.3.jar:na]
	at org.springframework.data.aerospike.repository.TestConfigPerson.aerospikeClient(TestConfigPerson.java:32) ~[test-classes/:na]
	at org.springframework.data.aerospike.repository.TestConfigPerson$$EnhancerBySpringCGLIB$$3f27a8da.CGLIB$aerospikeClient$1(<generated>) ~[spring-core-4.1.7.RELEASE.jar:na]
	at org.springframework.data.aerospike.repository.TestConfigPerson$$EnhancerBySpringCGLIB$$3f27a8da$$FastClassBySpringCGLIB$$38965c5e.invoke(<generated>) ~[spring-core-4.1.7.RELEASE.jar:na]
	at org.springframework.cglib.proxy.MethodProxy.invokeSuper(MethodProxy.java:228) ~[spring-core-4.1.7.RELEASE.jar:4.1.7.RELEASE]
	at org.springframework.context.annotation.ConfigurationClassEnhancer$BeanMethodInterceptor.intercept(ConfigurationClassEnhancer.java:309) ~[spring-context-4.1.7.RELEASE.jar:4.1.7.RELEASE]
	at org.springframework.data.aerospike.repository.TestConfigPerson$$EnhancerBySpringCGLIB$$3f27a8da.aerospikeClient(<generated>) ~[spring-core-4.1.7.RELEASE.jar:na]
	at sun.reflect.NativeMethodAccessorImpl.invoke0(Native Method) ~[na:1.8.0_91]
	at sun.reflect.NativeMethodAccessorImpl.invoke(NativeMethodAccessorImpl.java:62) ~[na:1.8.0_91]
	at sun.reflect.DelegatingMethodAccessorImpl.invoke(DelegatingMethodAccessorImpl.java:43) ~[na:1.8.0_91]
	at java.lang.reflect.Method.invoke(Method.java:498) ~[na:1.8.0_91]
	at org.springframework.beans.factory.support.SimpleInstantiationStrategy.instantiate(SimpleInstantiationStrategy.java:162) ~[spring-beans-4.1.7.RELEASE.jar:4.1.7.RELEASE]
	... 74 common frames omitted
]]></system-out>
  </testcase>
  <testcase name="findsAllWithGivenIds" classname="org.springframework.data.aerospike.repository.PersonRepositoryIntegrationTests" time="0.001">
    <error message="Failed to load ApplicationContext" type="java.lang.IllegalStateException"><![CDATA[java.lang.IllegalStateException: Failed to load ApplicationContext
	at org.springframework.test.context.DefaultCacheAwareContextLoaderDelegate.loadContext(DefaultCacheAwareContextLoaderDelegate.java:94)
	at org.springframework.test.context.DefaultTestContext.getApplicationContext(DefaultTestContext.java:72)
	at org.springframework.test.context.support.DependencyInjectionTestExecutionListener.injectDependencies(DependencyInjectionTestExecutionListener.java:117)
	at org.springframework.test.context.support.DependencyInjectionTestExecutionListener.prepareTestInstance(DependencyInjectionTestExecutionListener.java:83)
	at org.springframework.test.context.TestContextManager.prepareTestInstance(TestContextManager.java:212)
	at org.springframework.test.context.junit4.SpringJUnit4ClassRunner.createTest(SpringJUnit4ClassRunner.java:200)
	at org.springframework.test.context.junit4.SpringJUnit4ClassRunner$1.runReflectiveCall(SpringJUnit4ClassRunner.java:259)
	at org.junit.internal.runners.model.ReflectiveCallable.run(ReflectiveCallable.java:12)
	at org.springframework.test.context.junit4.SpringJUnit4ClassRunner.methodBlock(SpringJUnit4ClassRunner.java:261)
	at org.springframework.test.context.junit4.SpringJUnit4ClassRunner.runChild(SpringJUnit4ClassRunner.java:219)
	at org.springframework.test.context.junit4.SpringJUnit4ClassRunner.runChild(SpringJUnit4ClassRunner.java:83)
	at org.junit.runners.ParentRunner$3.run(ParentRunner.java:290)
	at org.junit.runners.ParentRunner$1.schedule(ParentRunner.java:71)
	at org.junit.runners.ParentRunner.runChildren(ParentRunner.java:288)
	at org.junit.runners.ParentRunner.access$000(ParentRunner.java:58)
	at org.junit.runners.ParentRunner$2.evaluate(ParentRunner.java:268)
	at org.springframework.test.context.junit4.statements.RunBeforeTestClassCallbacks.evaluate(RunBeforeTestClassCallbacks.java:61)
	at org.springframework.test.context.junit4.statements.RunAfterTestClassCallbacks.evaluate(RunAfterTestClassCallbacks.java:68)
	at org.junit.runners.ParentRunner.run(ParentRunner.java:363)
	at org.springframework.test.context.junit4.SpringJUnit4ClassRunner.run(SpringJUnit4ClassRunner.java:163)
	at org.junit.runners.Suite.runChild(Suite.java:128)
	at org.junit.runners.Suite.runChild(Suite.java:27)
	at org.junit.runners.ParentRunner$3.run(ParentRunner.java:290)
	at org.junit.runners.ParentRunner$1.schedule(ParentRunner.java:71)
	at org.junit.runners.ParentRunner.runChildren(ParentRunner.java:288)
	at org.junit.runners.ParentRunner.access$000(ParentRunner.java:58)
	at org.junit.runners.ParentRunner$2.evaluate(ParentRunner.java:268)
	at org.junit.runners.ParentRunner.run(ParentRunner.java:363)
	at org.apache.maven.surefire.junit4.JUnit4Provider.execute(JUnit4Provider.java:283)
	at org.apache.maven.surefire.junit4.JUnit4Provider.executeWithRerun(JUnit4Provider.java:173)
	at org.apache.maven.surefire.junit4.JUnit4Provider.executeTestSet(JUnit4Provider.java:153)
	at org.apache.maven.surefire.junit4.JUnit4Provider.invoke(JUnit4Provider.java:128)
	at org.apache.maven.surefire.booter.ForkedBooter.invokeProviderInSameClassLoader(ForkedBooter.java:203)
	at org.apache.maven.surefire.booter.ForkedBooter.runSuitesInProcess(ForkedBooter.java:155)
	at org.apache.maven.surefire.booter.ForkedBooter.main(ForkedBooter.java:103)
Caused by: org.springframework.beans.factory.BeanCreationException: Error creating bean with name 'aerospikeTemplate' defined in org.springframework.data.aerospike.repository.TestConfigPerson: Bean instantiation via factory method failed; nested exception is org.springframework.beans.BeanInstantiationException: Failed to instantiate [org.springframework.data.aerospike.core.AerospikeTemplate]: Factory method 'aerospikeTemplate' threw exception; nested exception is org.springframework.beans.factory.BeanCreationException: Error creating bean with name 'aerospikeClient' defined in org.springframework.data.aerospike.repository.TestConfigPerson: Bean instantiation via factory method failed; nested exception is org.springframework.beans.BeanInstantiationException: Failed to instantiate [com.aerospike.client.AerospikeClient]: Factory method 'aerospikeClient' threw exception; nested exception is com.aerospike.client.AerospikeException$Connection: Error Code 11: Failed to connect to host(s): 
52.41.32.83:3000 Error Code 11: java.net.SocketTimeoutException: connect timed out

	at org.springframework.beans.factory.support.ConstructorResolver.instantiateUsingFactoryMethod(ConstructorResolver.java:599)
	at org.springframework.beans.factory.support.AbstractAutowireCapableBeanFactory.instantiateUsingFactoryMethod(AbstractAutowireCapableBeanFactory.java:1119)
	at org.springframework.beans.factory.support.AbstractAutowireCapableBeanFactory.createBeanInstance(AbstractAutowireCapableBeanFactory.java:1014)
	at org.springframework.beans.factory.support.AbstractAutowireCapableBeanFactory.doCreateBean(AbstractAutowireCapableBeanFactory.java:504)
	at org.springframework.beans.factory.support.AbstractAutowireCapableBeanFactory.createBean(AbstractAutowireCapableBeanFactory.java:476)
	at org.springframework.beans.factory.support.AbstractBeanFactory$1.getObject(AbstractBeanFactory.java:303)
	at org.springframework.beans.factory.support.DefaultSingletonBeanRegistry.getSingleton(DefaultSingletonBeanRegistry.java:230)
	at org.springframework.beans.factory.support.AbstractBeanFactory.doGetBean(AbstractBeanFactory.java:299)
	at org.springframework.beans.factory.support.AbstractBeanFactory.getBean(AbstractBeanFactory.java:194)
	at org.springframework.beans.factory.support.DefaultListableBeanFactory.preInstantiateSingletons(DefaultListableBeanFactory.java:755)
	at org.springframework.context.support.AbstractApplicationContext.finishBeanFactoryInitialization(AbstractApplicationContext.java:757)
	at org.springframework.context.support.AbstractApplicationContext.refresh(AbstractApplicationContext.java:480)
	at org.springframework.test.context.support.AbstractGenericContextLoader.loadContext(AbstractGenericContextLoader.java:125)
	at org.springframework.test.context.support.AbstractGenericContextLoader.loadContext(AbstractGenericContextLoader.java:60)
	at org.springframework.test.context.support.AbstractDelegatingSmartContextLoader.delegateLoading(AbstractDelegatingSmartContextLoader.java:109)
	at org.springframework.test.context.support.AbstractDelegatingSmartContextLoader.loadContext(AbstractDelegatingSmartContextLoader.java:261)
	at org.springframework.test.context.DefaultCacheAwareContextLoaderDelegate.loadContextInternal(DefaultCacheAwareContextLoaderDelegate.java:68)
	at org.springframework.test.context.DefaultCacheAwareContextLoaderDelegate.loadContext(DefaultCacheAwareContextLoaderDelegate.java:86)
	at org.springframework.test.context.DefaultTestContext.getApplicationContext(DefaultTestContext.java:72)
	at org.springframework.test.context.support.DependencyInjectionTestExecutionListener.injectDependencies(DependencyInjectionTestExecutionListener.java:117)
	at org.springframework.test.context.support.DependencyInjectionTestExecutionListener.prepareTestInstance(DependencyInjectionTestExecutionListener.java:83)
	at org.springframework.test.context.TestContextManager.prepareTestInstance(TestContextManager.java:212)
	at org.springframework.test.context.junit4.SpringJUnit4ClassRunner.createTest(SpringJUnit4ClassRunner.java:200)
	at org.springframework.test.context.junit4.SpringJUnit4ClassRunner$1.runReflectiveCall(SpringJUnit4ClassRunner.java:259)
	at org.junit.internal.runners.model.ReflectiveCallable.run(ReflectiveCallable.java:12)
	at org.springframework.test.context.junit4.SpringJUnit4ClassRunner.methodBlock(SpringJUnit4ClassRunner.java:261)
	at org.springframework.test.context.junit4.SpringJUnit4ClassRunner.runChild(SpringJUnit4ClassRunner.java:219)
	at org.springframework.test.context.junit4.SpringJUnit4ClassRunner.runChild(SpringJUnit4ClassRunner.java:83)
	at org.junit.runners.ParentRunner$3.run(ParentRunner.java:290)
	at org.junit.runners.ParentRunner$1.schedule(ParentRunner.java:71)
	at org.junit.runners.ParentRunner.runChildren(ParentRunner.java:288)
	at org.junit.runners.ParentRunner.access$000(ParentRunner.java:58)
	at org.junit.runners.ParentRunner$2.evaluate(ParentRunner.java:268)
	at org.springframework.test.context.junit4.statements.RunBeforeTestClassCallbacks.evaluate(RunBeforeTestClassCallbacks.java:61)
	at org.springframework.test.context.junit4.statements.RunAfterTestClassCallbacks.evaluate(RunAfterTestClassCallbacks.java:68)
	at org.junit.runners.ParentRunner.run(ParentRunner.java:363)
	at org.springframework.test.context.junit4.SpringJUnit4ClassRunner.run(SpringJUnit4ClassRunner.java:163)
	at org.junit.runners.Suite.runChild(Suite.java:128)
	at org.junit.runners.Suite.runChild(Suite.java:27)
	at org.junit.runners.ParentRunner$3.run(ParentRunner.java:290)
	at org.junit.runners.ParentRunner$1.schedule(ParentRunner.java:71)
	at org.junit.runners.ParentRunner.runChildren(ParentRunner.java:288)
	at org.junit.runners.ParentRunner.access$000(ParentRunner.java:58)
	at org.junit.runners.ParentRunner$2.evaluate(ParentRunner.java:268)
	at org.junit.runners.ParentRunner.run(ParentRunner.java:363)
	at org.apache.maven.surefire.junit4.JUnit4Provider.execute(JUnit4Provider.java:283)
	at org.apache.maven.surefire.junit4.JUnit4Provider.executeWithRerun(JUnit4Provider.java:173)
	at org.apache.maven.surefire.junit4.JUnit4Provider.executeTestSet(JUnit4Provider.java:153)
	at org.apache.maven.surefire.junit4.JUnit4Provider.invoke(JUnit4Provider.java:128)
	at org.apache.maven.surefire.booter.ForkedBooter.invokeProviderInSameClassLoader(ForkedBooter.java:203)
	at org.apache.maven.surefire.booter.ForkedBooter.runSuitesInProcess(ForkedBooter.java:155)
	at org.apache.maven.surefire.booter.ForkedBooter.main(ForkedBooter.java:103)
Caused by: org.springframework.beans.BeanInstantiationException: Failed to instantiate [org.springframework.data.aerospike.core.AerospikeTemplate]: Factory method 'aerospikeTemplate' threw exception; nested exception is org.springframework.beans.factory.BeanCreationException: Error creating bean with name 'aerospikeClient' defined in org.springframework.data.aerospike.repository.TestConfigPerson: Bean instantiation via factory method failed; nested exception is org.springframework.beans.BeanInstantiationException: Failed to instantiate [com.aerospike.client.AerospikeClient]: Factory method 'aerospikeClient' threw exception; nested exception is com.aerospike.client.AerospikeException$Connection: Error Code 11: Failed to connect to host(s): 
52.41.32.83:3000 Error Code 11: java.net.SocketTimeoutException: connect timed out

	at org.springframework.beans.factory.support.SimpleInstantiationStrategy.instantiate(SimpleInstantiationStrategy.java:189)
	at org.springframework.beans.factory.support.ConstructorResolver.instantiateUsingFactoryMethod(ConstructorResolver.java:588)
	at org.springframework.beans.factory.support.AbstractAutowireCapableBeanFactory.instantiateUsingFactoryMethod(AbstractAutowireCapableBeanFactory.java:1119)
	at org.springframework.beans.factory.support.AbstractAutowireCapableBeanFactory.createBeanInstance(AbstractAutowireCapableBeanFactory.java:1014)
	at org.springframework.beans.factory.support.AbstractAutowireCapableBeanFactory.doCreateBean(AbstractAutowireCapableBeanFactory.java:504)
	at org.springframework.beans.factory.support.AbstractAutowireCapableBeanFactory.createBean(AbstractAutowireCapableBeanFactory.java:476)
	at org.springframework.beans.factory.support.AbstractBeanFactory$1.getObject(AbstractBeanFactory.java:303)
	at org.springframework.beans.factory.support.DefaultSingletonBeanRegistry.getSingleton(DefaultSingletonBeanRegistry.java:230)
	at org.springframework.beans.factory.support.AbstractBeanFactory.doGetBean(AbstractBeanFactory.java:299)
	at org.springframework.beans.factory.support.AbstractBeanFactory.getBean(AbstractBeanFactory.java:194)
	at org.springframework.beans.factory.support.DefaultListableBeanFactory.preInstantiateSingletons(DefaultListableBeanFactory.java:755)
	at org.springframework.context.support.AbstractApplicationContext.finishBeanFactoryInitialization(AbstractApplicationContext.java:757)
	at org.springframework.context.support.AbstractApplicationContext.refresh(AbstractApplicationContext.java:480)
	at org.springframework.test.context.support.AbstractGenericContextLoader.loadContext(AbstractGenericContextLoader.java:125)
	at org.springframework.test.context.support.AbstractGenericContextLoader.loadContext(AbstractGenericContextLoader.java:60)
	at org.springframework.test.context.support.AbstractDelegatingSmartContextLoader.delegateLoading(AbstractDelegatingSmartContextLoader.java:109)
	at org.springframework.test.context.support.AbstractDelegatingSmartContextLoader.loadContext(AbstractDelegatingSmartContextLoader.java:261)
	at org.springframework.test.context.DefaultCacheAwareContextLoaderDelegate.loadContextInternal(DefaultCacheAwareContextLoaderDelegate.java:68)
	at org.springframework.test.context.DefaultCacheAwareContextLoaderDelegate.loadContext(DefaultCacheAwareContextLoaderDelegate.java:86)
	at org.springframework.test.context.DefaultTestContext.getApplicationContext(DefaultTestContext.java:72)
	at org.springframework.test.context.support.DependencyInjectionTestExecutionListener.injectDependencies(DependencyInjectionTestExecutionListener.java:117)
	at org.springframework.test.context.support.DependencyInjectionTestExecutionListener.prepareTestInstance(DependencyInjectionTestExecutionListener.java:83)
	at org.springframework.test.context.TestContextManager.prepareTestInstance(TestContextManager.java:212)
	at org.springframework.test.context.junit4.SpringJUnit4ClassRunner.createTest(SpringJUnit4ClassRunner.java:200)
	at org.springframework.test.context.junit4.SpringJUnit4ClassRunner$1.runReflectiveCall(SpringJUnit4ClassRunner.java:259)
	at org.junit.internal.runners.model.ReflectiveCallable.run(ReflectiveCallable.java:12)
	at org.springframework.test.context.junit4.SpringJUnit4ClassRunner.methodBlock(SpringJUnit4ClassRunner.java:261)
	at org.springframework.test.context.junit4.SpringJUnit4ClassRunner.runChild(SpringJUnit4ClassRunner.java:219)
	at org.springframework.test.context.junit4.SpringJUnit4ClassRunner.runChild(SpringJUnit4ClassRunner.java:83)
	at org.junit.runners.ParentRunner$3.run(ParentRunner.java:290)
	at org.junit.runners.ParentRunner$1.schedule(ParentRunner.java:71)
	at org.junit.runners.ParentRunner.runChildren(ParentRunner.java:288)
	at org.junit.runners.ParentRunner.access$000(ParentRunner.java:58)
	at org.junit.runners.ParentRunner$2.evaluate(ParentRunner.java:268)
	at org.springframework.test.context.junit4.statements.RunBeforeTestClassCallbacks.evaluate(RunBeforeTestClassCallbacks.java:61)
	at org.springframework.test.context.junit4.statements.RunAfterTestClassCallbacks.evaluate(RunAfterTestClassCallbacks.java:68)
	at org.junit.runners.ParentRunner.run(ParentRunner.java:363)
	at org.springframework.test.context.junit4.SpringJUnit4ClassRunner.run(SpringJUnit4ClassRunner.java:163)
	at org.junit.runners.Suite.runChild(Suite.java:128)
	at org.junit.runners.Suite.runChild(Suite.java:27)
	at org.junit.runners.ParentRunner$3.run(ParentRunner.java:290)
	at org.junit.runners.ParentRunner$1.schedule(ParentRunner.java:71)
	at org.junit.runners.ParentRunner.runChildren(ParentRunner.java:288)
	at org.junit.runners.ParentRunner.access$000(ParentRunner.java:58)
	at org.junit.runners.ParentRunner$2.evaluate(ParentRunner.java:268)
	at org.junit.runners.ParentRunner.run(ParentRunner.java:363)
	at org.apache.maven.surefire.junit4.JUnit4Provider.execute(JUnit4Provider.java:283)
	at org.apache.maven.surefire.junit4.JUnit4Provider.executeWithRerun(JUnit4Provider.java:173)
	at org.apache.maven.surefire.junit4.JUnit4Provider.executeTestSet(JUnit4Provider.java:153)
	at org.apache.maven.surefire.junit4.JUnit4Provider.invoke(JUnit4Provider.java:128)
	at org.apache.maven.surefire.booter.ForkedBooter.invokeProviderInSameClassLoader(ForkedBooter.java:203)
	at org.apache.maven.surefire.booter.ForkedBooter.runSuitesInProcess(ForkedBooter.java:155)
	at org.apache.maven.surefire.booter.ForkedBooter.main(ForkedBooter.java:103)
Caused by: org.springframework.beans.factory.BeanCreationException: Error creating bean with name 'aerospikeClient' defined in org.springframework.data.aerospike.repository.TestConfigPerson: Bean instantiation via factory method failed; nested exception is org.springframework.beans.BeanInstantiationException: Failed to instantiate [com.aerospike.client.AerospikeClient]: Factory method 'aerospikeClient' threw exception; nested exception is com.aerospike.client.AerospikeException$Connection: Error Code 11: Failed to connect to host(s): 
52.41.32.83:3000 Error Code 11: java.net.SocketTimeoutException: connect timed out

	at org.springframework.beans.factory.support.ConstructorResolver.instantiateUsingFactoryMethod(ConstructorResolver.java:599)
	at org.springframework.beans.factory.support.AbstractAutowireCapableBeanFactory.instantiateUsingFactoryMethod(AbstractAutowireCapableBeanFactory.java:1119)
	at org.springframework.beans.factory.support.AbstractAutowireCapableBeanFactory.createBeanInstance(AbstractAutowireCapableBeanFactory.java:1014)
	at org.springframework.beans.factory.support.AbstractAutowireCapableBeanFactory.doCreateBean(AbstractAutowireCapableBeanFactory.java:504)
	at org.springframework.beans.factory.support.AbstractAutowireCapableBeanFactory.createBean(AbstractAutowireCapableBeanFactory.java:476)
	at org.springframework.beans.factory.support.AbstractBeanFactory$1.getObject(AbstractBeanFactory.java:303)
	at org.springframework.beans.factory.support.DefaultSingletonBeanRegistry.getSingleton(DefaultSingletonBeanRegistry.java:230)
	at org.springframework.beans.factory.support.AbstractBeanFactory.doGetBean(AbstractBeanFactory.java:299)
	at org.springframework.beans.factory.support.AbstractBeanFactory.getBean(AbstractBeanFactory.java:194)
	at org.springframework.context.annotation.ConfigurationClassEnhancer$BeanMethodInterceptor.intercept(ConfigurationClassEnhancer.java:322)
	at org.springframework.data.aerospike.repository.TestConfigPerson$$EnhancerBySpringCGLIB$$3f27a8da.aerospikeClient(<generated>)
	at org.springframework.data.aerospike.repository.TestConfigPerson.aerospikeTemplate(TestConfigPerson.java:38)
	at org.springframework.data.aerospike.repository.TestConfigPerson$$EnhancerBySpringCGLIB$$3f27a8da.CGLIB$aerospikeTemplate$0(<generated>)
	at org.springframework.data.aerospike.repository.TestConfigPerson$$EnhancerBySpringCGLIB$$3f27a8da$$FastClassBySpringCGLIB$$38965c5e.invoke(<generated>)
	at org.springframework.cglib.proxy.MethodProxy.invokeSuper(MethodProxy.java:228)
	at org.springframework.context.annotation.ConfigurationClassEnhancer$BeanMethodInterceptor.intercept(ConfigurationClassEnhancer.java:309)
	at org.springframework.data.aerospike.repository.TestConfigPerson$$EnhancerBySpringCGLIB$$3f27a8da.aerospikeTemplate(<generated>)
	at sun.reflect.NativeMethodAccessorImpl.invoke0(Native Method)
	at sun.reflect.NativeMethodAccessorImpl.invoke(NativeMethodAccessorImpl.java:62)
	at sun.reflect.DelegatingMethodAccessorImpl.invoke(DelegatingMethodAccessorImpl.java:43)
	at java.lang.reflect.Method.invoke(Method.java:498)
	at org.springframework.beans.factory.support.SimpleInstantiationStrategy.instantiate(SimpleInstantiationStrategy.java:162)
	at org.springframework.beans.factory.support.ConstructorResolver.instantiateUsingFactoryMethod(ConstructorResolver.java:588)
	at org.springframework.beans.factory.support.AbstractAutowireCapableBeanFactory.instantiateUsingFactoryMethod(AbstractAutowireCapableBeanFactory.java:1119)
	at org.springframework.beans.factory.support.AbstractAutowireCapableBeanFactory.createBeanInstance(AbstractAutowireCapableBeanFactory.java:1014)
	at org.springframework.beans.factory.support.AbstractAutowireCapableBeanFactory.doCreateBean(AbstractAutowireCapableBeanFactory.java:504)
	at org.springframework.beans.factory.support.AbstractAutowireCapableBeanFactory.createBean(AbstractAutowireCapableBeanFactory.java:476)
	at org.springframework.beans.factory.support.AbstractBeanFactory$1.getObject(AbstractBeanFactory.java:303)
	at org.springframework.beans.factory.support.DefaultSingletonBeanRegistry.getSingleton(DefaultSingletonBeanRegistry.java:230)
	at org.springframework.beans.factory.support.AbstractBeanFactory.doGetBean(AbstractBeanFactory.java:299)
	at org.springframework.beans.factory.support.AbstractBeanFactory.getBean(AbstractBeanFactory.java:194)
	at org.springframework.beans.factory.support.DefaultListableBeanFactory.preInstantiateSingletons(DefaultListableBeanFactory.java:755)
	at org.springframework.context.support.AbstractApplicationContext.finishBeanFactoryInitialization(AbstractApplicationContext.java:757)
	at org.springframework.context.support.AbstractApplicationContext.refresh(AbstractApplicationContext.java:480)
	at org.springframework.test.context.support.AbstractGenericContextLoader.loadContext(AbstractGenericContextLoader.java:125)
	at org.springframework.test.context.support.AbstractGenericContextLoader.loadContext(AbstractGenericContextLoader.java:60)
	at org.springframework.test.context.support.AbstractDelegatingSmartContextLoader.delegateLoading(AbstractDelegatingSmartContextLoader.java:109)
	at org.springframework.test.context.support.AbstractDelegatingSmartContextLoader.loadContext(AbstractDelegatingSmartContextLoader.java:261)
	at org.springframework.test.context.DefaultCacheAwareContextLoaderDelegate.loadContextInternal(DefaultCacheAwareContextLoaderDelegate.java:68)
	at org.springframework.test.context.DefaultCacheAwareContextLoaderDelegate.loadContext(DefaultCacheAwareContextLoaderDelegate.java:86)
	at org.springframework.test.context.DefaultTestContext.getApplicationContext(DefaultTestContext.java:72)
	at org.springframework.test.context.support.DependencyInjectionTestExecutionListener.injectDependencies(DependencyInjectionTestExecutionListener.java:117)
	at org.springframework.test.context.support.DependencyInjectionTestExecutionListener.prepareTestInstance(DependencyInjectionTestExecutionListener.java:83)
	at org.springframework.test.context.TestContextManager.prepareTestInstance(TestContextManager.java:212)
	at org.springframework.test.context.junit4.SpringJUnit4ClassRunner.createTest(SpringJUnit4ClassRunner.java:200)
	at org.springframework.test.context.junit4.SpringJUnit4ClassRunner$1.runReflectiveCall(SpringJUnit4ClassRunner.java:259)
	at org.junit.internal.runners.model.ReflectiveCallable.run(ReflectiveCallable.java:12)
	at org.springframework.test.context.junit4.SpringJUnit4ClassRunner.methodBlock(SpringJUnit4ClassRunner.java:261)
	at org.springframework.test.context.junit4.SpringJUnit4ClassRunner.runChild(SpringJUnit4ClassRunner.java:219)
	at org.springframework.test.context.junit4.SpringJUnit4ClassRunner.runChild(SpringJUnit4ClassRunner.java:83)
	at org.junit.runners.ParentRunner$3.run(ParentRunner.java:290)
	at org.junit.runners.ParentRunner$1.schedule(ParentRunner.java:71)
	at org.junit.runners.ParentRunner.runChildren(ParentRunner.java:288)
	at org.junit.runners.ParentRunner.access$000(ParentRunner.java:58)
	at org.junit.runners.ParentRunner$2.evaluate(ParentRunner.java:268)
	at org.springframework.test.context.junit4.statements.RunBeforeTestClassCallbacks.evaluate(RunBeforeTestClassCallbacks.java:61)
	at org.springframework.test.context.junit4.statements.RunAfterTestClassCallbacks.evaluate(RunAfterTestClassCallbacks.java:68)
	at org.junit.runners.ParentRunner.run(ParentRunner.java:363)
	at org.springframework.test.context.junit4.SpringJUnit4ClassRunner.run(SpringJUnit4ClassRunner.java:163)
	at org.junit.runners.Suite.runChild(Suite.java:128)
	at org.junit.runners.Suite.runChild(Suite.java:27)
	at org.junit.runners.ParentRunner$3.run(ParentRunner.java:290)
	at org.junit.runners.ParentRunner$1.schedule(ParentRunner.java:71)
	at org.junit.runners.ParentRunner.runChildren(ParentRunner.java:288)
	at org.junit.runners.ParentRunner.access$000(ParentRunner.java:58)
	at org.junit.runners.ParentRunner$2.evaluate(ParentRunner.java:268)
	at org.junit.runners.ParentRunner.run(ParentRunner.java:363)
	at org.apache.maven.surefire.junit4.JUnit4Provider.execute(JUnit4Provider.java:283)
	at org.apache.maven.surefire.junit4.JUnit4Provider.executeWithRerun(JUnit4Provider.java:173)
	at org.apache.maven.surefire.junit4.JUnit4Provider.executeTestSet(JUnit4Provider.java:153)
	at org.apache.maven.surefire.junit4.JUnit4Provider.invoke(JUnit4Provider.java:128)
	at org.apache.maven.surefire.booter.ForkedBooter.invokeProviderInSameClassLoader(ForkedBooter.java:203)
	at org.apache.maven.surefire.booter.ForkedBooter.runSuitesInProcess(ForkedBooter.java:155)
	at org.apache.maven.surefire.booter.ForkedBooter.main(ForkedBooter.java:103)
Caused by: org.springframework.beans.BeanInstantiationException: Failed to instantiate [com.aerospike.client.AerospikeClient]: Factory method 'aerospikeClient' threw exception; nested exception is com.aerospike.client.AerospikeException$Connection: Error Code 11: Failed to connect to host(s): 
52.41.32.83:3000 Error Code 11: java.net.SocketTimeoutException: connect timed out

	at org.springframework.beans.factory.support.SimpleInstantiationStrategy.instantiate(SimpleInstantiationStrategy.java:189)
	at org.springframework.beans.factory.support.ConstructorResolver.instantiateUsingFactoryMethod(ConstructorResolver.java:588)
	at org.springframework.beans.factory.support.AbstractAutowireCapableBeanFactory.instantiateUsingFactoryMethod(AbstractAutowireCapableBeanFactory.java:1119)
	at org.springframework.beans.factory.support.AbstractAutowireCapableBeanFactory.createBeanInstance(AbstractAutowireCapableBeanFactory.java:1014)
	at org.springframework.beans.factory.support.AbstractAutowireCapableBeanFactory.doCreateBean(AbstractAutowireCapableBeanFactory.java:504)
	at org.springframework.beans.factory.support.AbstractAutowireCapableBeanFactory.createBean(AbstractAutowireCapableBeanFactory.java:476)
	at org.springframework.beans.factory.support.AbstractBeanFactory$1.getObject(AbstractBeanFactory.java:303)
	at org.springframework.beans.factory.support.DefaultSingletonBeanRegistry.getSingleton(DefaultSingletonBeanRegistry.java:230)
	at org.springframework.beans.factory.support.AbstractBeanFactory.doGetBean(AbstractBeanFactory.java:299)
	at org.springframework.beans.factory.support.AbstractBeanFactory.getBean(AbstractBeanFactory.java:194)
	at org.springframework.context.annotation.ConfigurationClassEnhancer$BeanMethodInterceptor.intercept(ConfigurationClassEnhancer.java:322)
	at org.springframework.data.aerospike.repository.TestConfigPerson$$EnhancerBySpringCGLIB$$3f27a8da.aerospikeClient(<generated>)
	at org.springframework.data.aerospike.repository.TestConfigPerson.aerospikeTemplate(TestConfigPerson.java:38)
	at org.springframework.data.aerospike.repository.TestConfigPerson$$EnhancerBySpringCGLIB$$3f27a8da.CGLIB$aerospikeTemplate$0(<generated>)
	at org.springframework.data.aerospike.repository.TestConfigPerson$$EnhancerBySpringCGLIB$$3f27a8da$$FastClassBySpringCGLIB$$38965c5e.invoke(<generated>)
	at org.springframework.cglib.proxy.MethodProxy.invokeSuper(MethodProxy.java:228)
	at org.springframework.context.annotation.ConfigurationClassEnhancer$BeanMethodInterceptor.intercept(ConfigurationClassEnhancer.java:309)
	at org.springframework.data.aerospike.repository.TestConfigPerson$$EnhancerBySpringCGLIB$$3f27a8da.aerospikeTemplate(<generated>)
	at sun.reflect.NativeMethodAccessorImpl.invoke0(Native Method)
	at sun.reflect.NativeMethodAccessorImpl.invoke(NativeMethodAccessorImpl.java:62)
	at sun.reflect.DelegatingMethodAccessorImpl.invoke(DelegatingMethodAccessorImpl.java:43)
	at java.lang.reflect.Method.invoke(Method.java:498)
	at org.springframework.beans.factory.support.SimpleInstantiationStrategy.instantiate(SimpleInstantiationStrategy.java:162)
	at org.springframework.beans.factory.support.ConstructorResolver.instantiateUsingFactoryMethod(ConstructorResolver.java:588)
	at org.springframework.beans.factory.support.AbstractAutowireCapableBeanFactory.instantiateUsingFactoryMethod(AbstractAutowireCapableBeanFactory.java:1119)
	at org.springframework.beans.factory.support.AbstractAutowireCapableBeanFactory.createBeanInstance(AbstractAutowireCapableBeanFactory.java:1014)
	at org.springframework.beans.factory.support.AbstractAutowireCapableBeanFactory.doCreateBean(AbstractAutowireCapableBeanFactory.java:504)
	at org.springframework.beans.factory.support.AbstractAutowireCapableBeanFactory.createBean(AbstractAutowireCapableBeanFactory.java:476)
	at org.springframework.beans.factory.support.AbstractBeanFactory$1.getObject(AbstractBeanFactory.java:303)
	at org.springframework.beans.factory.support.DefaultSingletonBeanRegistry.getSingleton(DefaultSingletonBeanRegistry.java:230)
	at org.springframework.beans.factory.support.AbstractBeanFactory.doGetBean(AbstractBeanFactory.java:299)
	at org.springframework.beans.factory.support.AbstractBeanFactory.getBean(AbstractBeanFactory.java:194)
	at org.springframework.beans.factory.support.DefaultListableBeanFactory.preInstantiateSingletons(DefaultListableBeanFactory.java:755)
	at org.springframework.context.support.AbstractApplicationContext.finishBeanFactoryInitialization(AbstractApplicationContext.java:757)
	at org.springframework.context.support.AbstractApplicationContext.refresh(AbstractApplicationContext.java:480)
	at org.springframework.test.context.support.AbstractGenericContextLoader.loadContext(AbstractGenericContextLoader.java:125)
	at org.springframework.test.context.support.AbstractGenericContextLoader.loadContext(AbstractGenericContextLoader.java:60)
	at org.springframework.test.context.support.AbstractDelegatingSmartContextLoader.delegateLoading(AbstractDelegatingSmartContextLoader.java:109)
	at org.springframework.test.context.support.AbstractDelegatingSmartContextLoader.loadContext(AbstractDelegatingSmartContextLoader.java:261)
	at org.springframework.test.context.DefaultCacheAwareContextLoaderDelegate.loadContextInternal(DefaultCacheAwareContextLoaderDelegate.java:68)
	at org.springframework.test.context.DefaultCacheAwareContextLoaderDelegate.loadContext(DefaultCacheAwareContextLoaderDelegate.java:86)
	at org.springframework.test.context.DefaultTestContext.getApplicationContext(DefaultTestContext.java:72)
	at org.springframework.test.context.support.DependencyInjectionTestExecutionListener.injectDependencies(DependencyInjectionTestExecutionListener.java:117)
	at org.springframework.test.context.support.DependencyInjectionTestExecutionListener.prepareTestInstance(DependencyInjectionTestExecutionListener.java:83)
	at org.springframework.test.context.TestContextManager.prepareTestInstance(TestContextManager.java:212)
	at org.springframework.test.context.junit4.SpringJUnit4ClassRunner.createTest(SpringJUnit4ClassRunner.java:200)
	at org.springframework.test.context.junit4.SpringJUnit4ClassRunner$1.runReflectiveCall(SpringJUnit4ClassRunner.java:259)
	at org.junit.internal.runners.model.ReflectiveCallable.run(ReflectiveCallable.java:12)
	at org.springframework.test.context.junit4.SpringJUnit4ClassRunner.methodBlock(SpringJUnit4ClassRunner.java:261)
	at org.springframework.test.context.junit4.SpringJUnit4ClassRunner.runChild(SpringJUnit4ClassRunner.java:219)
	at org.springframework.test.context.junit4.SpringJUnit4ClassRunner.runChild(SpringJUnit4ClassRunner.java:83)
	at org.junit.runners.ParentRunner$3.run(ParentRunner.java:290)
	at org.junit.runners.ParentRunner$1.schedule(ParentRunner.java:71)
	at org.junit.runners.ParentRunner.runChildren(ParentRunner.java:288)
	at org.junit.runners.ParentRunner.access$000(ParentRunner.java:58)
	at org.junit.runners.ParentRunner$2.evaluate(ParentRunner.java:268)
	at org.springframework.test.context.junit4.statements.RunBeforeTestClassCallbacks.evaluate(RunBeforeTestClassCallbacks.java:61)
	at org.springframework.test.context.junit4.statements.RunAfterTestClassCallbacks.evaluate(RunAfterTestClassCallbacks.java:68)
	at org.junit.runners.ParentRunner.run(ParentRunner.java:363)
	at org.springframework.test.context.junit4.SpringJUnit4ClassRunner.run(SpringJUnit4ClassRunner.java:163)
	at org.junit.runners.Suite.runChild(Suite.java:128)
	at org.junit.runners.Suite.runChild(Suite.java:27)
	at org.junit.runners.ParentRunner$3.run(ParentRunner.java:290)
	at org.junit.runners.ParentRunner$1.schedule(ParentRunner.java:71)
	at org.junit.runners.ParentRunner.runChildren(ParentRunner.java:288)
	at org.junit.runners.ParentRunner.access$000(ParentRunner.java:58)
	at org.junit.runners.ParentRunner$2.evaluate(ParentRunner.java:268)
	at org.junit.runners.ParentRunner.run(ParentRunner.java:363)
	at org.apache.maven.surefire.junit4.JUnit4Provider.execute(JUnit4Provider.java:283)
	at org.apache.maven.surefire.junit4.JUnit4Provider.executeWithRerun(JUnit4Provider.java:173)
	at org.apache.maven.surefire.junit4.JUnit4Provider.executeTestSet(JUnit4Provider.java:153)
	at org.apache.maven.surefire.junit4.JUnit4Provider.invoke(JUnit4Provider.java:128)
	at org.apache.maven.surefire.booter.ForkedBooter.invokeProviderInSameClassLoader(ForkedBooter.java:203)
	at org.apache.maven.surefire.booter.ForkedBooter.runSuitesInProcess(ForkedBooter.java:155)
	at org.apache.maven.surefire.booter.ForkedBooter.main(ForkedBooter.java:103)
Caused by: com.aerospike.client.AerospikeException$Connection: Error Code 11: Failed to connect to host(s): 
52.41.32.83:3000 Error Code 11: java.net.SocketTimeoutException: connect timed out

	at com.aerospike.client.cluster.Cluster.seedNodes(Cluster.java:386)
	at com.aerospike.client.cluster.Cluster.tend(Cluster.java:273)
	at com.aerospike.client.cluster.Cluster.waitTillStabilized(Cluster.java:238)
	at com.aerospike.client.cluster.Cluster.initTendThread(Cluster.java:148)
	at com.aerospike.client.AerospikeClient.<init>(AerospikeClient.java:209)
	at com.aerospike.client.AerospikeClient.<init>(AerospikeClient.java:173)
	at org.springframework.data.aerospike.repository.TestConfigPerson.aerospikeClient(TestConfigPerson.java:32)
	at org.springframework.data.aerospike.repository.TestConfigPerson$$EnhancerBySpringCGLIB$$3f27a8da.CGLIB$aerospikeClient$1(<generated>)
	at org.springframework.data.aerospike.repository.TestConfigPerson$$EnhancerBySpringCGLIB$$3f27a8da$$FastClassBySpringCGLIB$$38965c5e.invoke(<generated>)
	at org.springframework.cglib.proxy.MethodProxy.invokeSuper(MethodProxy.java:228)
	at org.springframework.context.annotation.ConfigurationClassEnhancer$BeanMethodInterceptor.intercept(ConfigurationClassEnhancer.java:309)
	at org.springframework.data.aerospike.repository.TestConfigPerson$$EnhancerBySpringCGLIB$$3f27a8da.aerospikeClient(<generated>)
	at sun.reflect.NativeMethodAccessorImpl.invoke0(Native Method)
	at sun.reflect.NativeMethodAccessorImpl.invoke(NativeMethodAccessorImpl.java:62)
	at sun.reflect.DelegatingMethodAccessorImpl.invoke(DelegatingMethodAccessorImpl.java:43)
	at java.lang.reflect.Method.invoke(Method.java:498)
	at org.springframework.beans.factory.support.SimpleInstantiationStrategy.instantiate(SimpleInstantiationStrategy.java:162)
	at org.springframework.beans.factory.support.ConstructorResolver.instantiateUsingFactoryMethod(ConstructorResolver.java:588)
	at org.springframework.beans.factory.support.AbstractAutowireCapableBeanFactory.instantiateUsingFactoryMethod(AbstractAutowireCapableBeanFactory.java:1119)
	at org.springframework.beans.factory.support.AbstractAutowireCapableBeanFactory.createBeanInstance(AbstractAutowireCapableBeanFactory.java:1014)
	at org.springframework.beans.factory.support.AbstractAutowireCapableBeanFactory.doCreateBean(AbstractAutowireCapableBeanFactory.java:504)
	at org.springframework.beans.factory.support.AbstractAutowireCapableBeanFactory.createBean(AbstractAutowireCapableBeanFactory.java:476)
	at org.springframework.beans.factory.support.AbstractBeanFactory$1.getObject(AbstractBeanFactory.java:303)
	at org.springframework.beans.factory.support.DefaultSingletonBeanRegistry.getSingleton(DefaultSingletonBeanRegistry.java:230)
	at org.springframework.beans.factory.support.AbstractBeanFactory.doGetBean(AbstractBeanFactory.java:299)
	at org.springframework.beans.factory.support.AbstractBeanFactory.getBean(AbstractBeanFactory.java:194)
	at org.springframework.context.annotation.ConfigurationClassEnhancer$BeanMethodInterceptor.intercept(ConfigurationClassEnhancer.java:322)
	at org.springframework.data.aerospike.repository.TestConfigPerson$$EnhancerBySpringCGLIB$$3f27a8da.aerospikeClient(<generated>)
	at org.springframework.data.aerospike.repository.TestConfigPerson.aerospikeTemplate(TestConfigPerson.java:38)
	at org.springframework.data.aerospike.repository.TestConfigPerson$$EnhancerBySpringCGLIB$$3f27a8da.CGLIB$aerospikeTemplate$0(<generated>)
	at org.springframework.data.aerospike.repository.TestConfigPerson$$EnhancerBySpringCGLIB$$3f27a8da$$FastClassBySpringCGLIB$$38965c5e.invoke(<generated>)
	at org.springframework.cglib.proxy.MethodProxy.invokeSuper(MethodProxy.java:228)
	at org.springframework.context.annotation.ConfigurationClassEnhancer$BeanMethodInterceptor.intercept(ConfigurationClassEnhancer.java:309)
	at org.springframework.data.aerospike.repository.TestConfigPerson$$EnhancerBySpringCGLIB$$3f27a8da.aerospikeTemplate(<generated>)
	at sun.reflect.NativeMethodAccessorImpl.invoke0(Native Method)
	at sun.reflect.NativeMethodAccessorImpl.invoke(NativeMethodAccessorImpl.java:62)
	at sun.reflect.DelegatingMethodAccessorImpl.invoke(DelegatingMethodAccessorImpl.java:43)
	at java.lang.reflect.Method.invoke(Method.java:498)
	at org.springframework.beans.factory.support.SimpleInstantiationStrategy.instantiate(SimpleInstantiationStrategy.java:162)
	at org.springframework.beans.factory.support.ConstructorResolver.instantiateUsingFactoryMethod(ConstructorResolver.java:588)
	at org.springframework.beans.factory.support.AbstractAutowireCapableBeanFactory.instantiateUsingFactoryMethod(AbstractAutowireCapableBeanFactory.java:1119)
	at org.springframework.beans.factory.support.AbstractAutowireCapableBeanFactory.createBeanInstance(AbstractAutowireCapableBeanFactory.java:1014)
	at org.springframework.beans.factory.support.AbstractAutowireCapableBeanFactory.doCreateBean(AbstractAutowireCapableBeanFactory.java:504)
	at org.springframework.beans.factory.support.AbstractAutowireCapableBeanFactory.createBean(AbstractAutowireCapableBeanFactory.java:476)
	at org.springframework.beans.factory.support.AbstractBeanFactory$1.getObject(AbstractBeanFactory.java:303)
	at org.springframework.beans.factory.support.DefaultSingletonBeanRegistry.getSingleton(DefaultSingletonBeanRegistry.java:230)
	at org.springframework.beans.factory.support.AbstractBeanFactory.doGetBean(AbstractBeanFactory.java:299)
	at org.springframework.beans.factory.support.AbstractBeanFactory.getBean(AbstractBeanFactory.java:194)
	at org.springframework.beans.factory.support.DefaultListableBeanFactory.preInstantiateSingletons(DefaultListableBeanFactory.java:755)
	at org.springframework.context.support.AbstractApplicationContext.finishBeanFactoryInitialization(AbstractApplicationContext.java:757)
	at org.springframework.context.support.AbstractApplicationContext.refresh(AbstractApplicationContext.java:480)
	at org.springframework.test.context.support.AbstractGenericContextLoader.loadContext(AbstractGenericContextLoader.java:125)
	at org.springframework.test.context.support.AbstractGenericContextLoader.loadContext(AbstractGenericContextLoader.java:60)
	at org.springframework.test.context.support.AbstractDelegatingSmartContextLoader.delegateLoading(AbstractDelegatingSmartContextLoader.java:109)
	at org.springframework.test.context.support.AbstractDelegatingSmartContextLoader.loadContext(AbstractDelegatingSmartContextLoader.java:261)
	at org.springframework.test.context.DefaultCacheAwareContextLoaderDelegate.loadContextInternal(DefaultCacheAwareContextLoaderDelegate.java:68)
	at org.springframework.test.context.DefaultCacheAwareContextLoaderDelegate.loadContext(DefaultCacheAwareContextLoaderDelegate.java:86)
	at org.springframework.test.context.DefaultTestContext.getApplicationContext(DefaultTestContext.java:72)
	at org.springframework.test.context.support.DependencyInjectionTestExecutionListener.injectDependencies(DependencyInjectionTestExecutionListener.java:117)
	at org.springframework.test.context.support.DependencyInjectionTestExecutionListener.prepareTestInstance(DependencyInjectionTestExecutionListener.java:83)
	at org.springframework.test.context.TestContextManager.prepareTestInstance(TestContextManager.java:212)
	at org.springframework.test.context.junit4.SpringJUnit4ClassRunner.createTest(SpringJUnit4ClassRunner.java:200)
	at org.springframework.test.context.junit4.SpringJUnit4ClassRunner$1.runReflectiveCall(SpringJUnit4ClassRunner.java:259)
	at org.junit.internal.runners.model.ReflectiveCallable.run(ReflectiveCallable.java:12)
	at org.springframework.test.context.junit4.SpringJUnit4ClassRunner.methodBlock(SpringJUnit4ClassRunner.java:261)
	at org.springframework.test.context.junit4.SpringJUnit4ClassRunner.runChild(SpringJUnit4ClassRunner.java:219)
	at org.springframework.test.context.junit4.SpringJUnit4ClassRunner.runChild(SpringJUnit4ClassRunner.java:83)
	at org.junit.runners.ParentRunner$3.run(ParentRunner.java:290)
	at org.junit.runners.ParentRunner$1.schedule(ParentRunner.java:71)
	at org.junit.runners.ParentRunner.runChildren(ParentRunner.java:288)
	at org.junit.runners.ParentRunner.access$000(ParentRunner.java:58)
	at org.junit.runners.ParentRunner$2.evaluate(ParentRunner.java:268)
	at org.springframework.test.context.junit4.statements.RunBeforeTestClassCallbacks.evaluate(RunBeforeTestClassCallbacks.java:61)
	at org.springframework.test.context.junit4.statements.RunAfterTestClassCallbacks.evaluate(RunAfterTestClassCallbacks.java:68)
	at org.junit.runners.ParentRunner.run(ParentRunner.java:363)
	at org.springframework.test.context.junit4.SpringJUnit4ClassRunner.run(SpringJUnit4ClassRunner.java:163)
	at org.junit.runners.Suite.runChild(Suite.java:128)
	at org.junit.runners.Suite.runChild(Suite.java:27)
	at org.junit.runners.ParentRunner$3.run(ParentRunner.java:290)
	at org.junit.runners.ParentRunner$1.schedule(ParentRunner.java:71)
	at org.junit.runners.ParentRunner.runChildren(ParentRunner.java:288)
	at org.junit.runners.ParentRunner.access$000(ParentRunner.java:58)
	at org.junit.runners.ParentRunner$2.evaluate(ParentRunner.java:268)
	at org.junit.runners.ParentRunner.run(ParentRunner.java:363)
	at org.apache.maven.surefire.junit4.JUnit4Provider.execute(JUnit4Provider.java:283)
	at org.apache.maven.surefire.junit4.JUnit4Provider.executeWithRerun(JUnit4Provider.java:173)
	at org.apache.maven.surefire.junit4.JUnit4Provider.executeTestSet(JUnit4Provider.java:153)
	at org.apache.maven.surefire.junit4.JUnit4Provider.invoke(JUnit4Provider.java:128)
	at org.apache.maven.surefire.booter.ForkedBooter.invokeProviderInSameClassLoader(ForkedBooter.java:203)
	at org.apache.maven.surefire.booter.ForkedBooter.runSuitesInProcess(ForkedBooter.java:155)
	at org.apache.maven.surefire.booter.ForkedBooter.main(ForkedBooter.java:103)
]]></error>
    <system-out><![CDATA[16:37:16.627 [main] DEBUG o.s.t.annotation.ProfileValueUtils - Retrieved @ProfileValueSourceConfiguration [null] for test class [org.springframework.data.aerospike.repository.PersonRepositoryIntegrationTests]
16:37:16.627 [main] DEBUG o.s.t.annotation.ProfileValueUtils - Retrieved ProfileValueSource type [class org.springframework.test.annotation.SystemProfileValueSource] for class [org.springframework.data.aerospike.repository.PersonRepositoryIntegrationTests]
16:37:16.627 [main] DEBUG o.s.t.c.s.DependencyInjectionTestExecutionListener - Performing dependency injection for test context [[DefaultTestContext@70807224 testClass = PersonRepositoryIntegrationTests, testInstance = org.springframework.data.aerospike.repository.PersonRepositoryIntegrationTests@46c00568, testMethod = [null], testException = [null], mergedContextConfiguration = [MergedContextConfiguration@400d912a testClass = PersonRepositoryIntegrationTests, locations = '{}', classes = '{class org.springframework.data.aerospike.repository.TestConfigPerson}', contextInitializerClasses = '[]', activeProfiles = '{}', propertySourceLocations = '{}', propertySourceProperties = '{}', contextLoader = 'org.springframework.test.context.support.DelegatingSmartContextLoader', parent = [null]]]].
16:37:16.627 [main] DEBUG o.s.t.c.s.AbstractDelegatingSmartContextLoader - Delegating to AnnotationConfigContextLoader to load context from [MergedContextConfiguration@400d912a testClass = PersonRepositoryIntegrationTests, locations = '{}', classes = '{class org.springframework.data.aerospike.repository.TestConfigPerson}', contextInitializerClasses = '[]', activeProfiles = '{}', propertySourceLocations = '{}', propertySourceProperties = '{}', contextLoader = 'org.springframework.test.context.support.DelegatingSmartContextLoader', parent = [null]].
16:37:16.627 [main] DEBUG o.s.t.c.s.AbstractGenericContextLoader - Loading ApplicationContext for merged context configuration [[MergedContextConfiguration@400d912a testClass = PersonRepositoryIntegrationTests, locations = '{}', classes = '{class org.springframework.data.aerospike.repository.TestConfigPerson}', contextInitializerClasses = '[]', activeProfiles = '{}', propertySourceLocations = '{}', propertySourceProperties = '{}', contextLoader = 'org.springframework.test.context.support.DelegatingSmartContextLoader', parent = [null]]].
16:37:16.627 [main] DEBUG o.s.core.env.StandardEnvironment - Adding [systemProperties] PropertySource with lowest search precedence
16:37:16.627 [main] DEBUG o.s.core.env.StandardEnvironment - Adding [systemEnvironment] PropertySource with lowest search precedence
16:37:16.627 [main] DEBUG o.s.core.env.StandardEnvironment - Initialized StandardEnvironment with PropertySources [systemProperties,systemEnvironment]
16:37:16.627 [main] DEBUG o.s.t.c.s.AnnotationConfigContextLoader - Registering annotated classes: {class org.springframework.data.aerospike.repository.TestConfigPerson}
16:37:16.629 [main] INFO  o.s.c.s.GenericApplicationContext - Refreshing org.springframework.context.support.GenericApplicationContext@56ccd751: startup date [Tue Oct 04 16:37:16 BRT 2016]; root of context hierarchy
16:37:16.630 [main] DEBUG o.s.c.s.GenericApplicationContext - Bean factory for org.springframework.context.support.GenericApplicationContext@56ccd751: org.springframework.beans.factory.support.DefaultListableBeanFactory@6090f3ca: defining beans [org.springframework.context.annotation.internalConfigurationAnnotationProcessor,org.springframework.context.annotation.internalAutowiredAnnotationProcessor,org.springframework.context.annotation.internalRequiredAnnotationProcessor,org.springframework.context.annotation.internalCommonAnnotationProcessor,testConfigPerson]; root of factory hierarchy
16:37:16.630 [main] DEBUG o.s.b.f.s.DefaultListableBeanFactory - Creating shared instance of singleton bean 'org.springframework.context.annotation.internalConfigurationAnnotationProcessor'
16:37:16.630 [main] DEBUG o.s.b.f.s.DefaultListableBeanFactory - Creating instance of bean 'org.springframework.context.annotation.internalConfigurationAnnotationProcessor'
16:37:16.630 [main] DEBUG o.s.b.f.s.DefaultListableBeanFactory - Eagerly caching bean 'org.springframework.context.annotation.internalConfigurationAnnotationProcessor' to allow for resolving potential circular references
16:37:16.630 [main] DEBUG o.s.b.f.s.DefaultListableBeanFactory - Finished creating instance of bean 'org.springframework.context.annotation.internalConfigurationAnnotationProcessor'
16:37:16.630 [main] DEBUG o.s.c.a.ConfigurationClassBeanDefinitionReader - Registering bean definition for @Bean method org.springframework.data.aerospike.repository.TestConfigPerson.aerospikeTemplate()
16:37:16.630 [main] DEBUG o.s.c.a.ConfigurationClassBeanDefinitionReader - Registering bean definition for @Bean method org.springframework.data.aerospike.repository.TestConfigPerson.aerospikeClient()
16:37:16.631 [main] DEBUG o.s.core.env.StandardEnvironment - Adding [systemProperties] PropertySource with lowest search precedence
16:37:16.631 [main] DEBUG o.s.core.env.StandardEnvironment - Adding [systemEnvironment] PropertySource with lowest search precedence
16:37:16.631 [main] DEBUG o.s.core.env.StandardEnvironment - Initialized StandardEnvironment with PropertySources [systemProperties,systemEnvironment]
16:37:16.631 [main] DEBUG o.s.c.i.s.PathMatchingResourcePatternResolver - Looking for matching resources in directory tree [/home/aluno/spring-projects/maven/spring-data-aerospike/target/test-classes/org/springframework/data]
16:37:16.631 [main] DEBUG o.s.c.i.s.PathMatchingResourcePatternResolver - Searching directory [/home/aluno/spring-projects/maven/spring-data-aerospike/target/test-classes/org/springframework/data] for files matching pattern [/home/aluno/spring-projects/maven/spring-data-aerospike/target/test-classes/org/springframework/data/**/repository/support/**/*.class]
16:37:16.631 [main] DEBUG o.s.c.i.s.PathMatchingResourcePatternResolver - Searching directory [/home/aluno/spring-projects/maven/spring-data-aerospike/target/test-classes/org/springframework/data/keyvalue] for files matching pattern [/home/aluno/spring-projects/maven/spring-data-aerospike/target/test-classes/org/springframework/data/**/repository/support/**/*.class]
16:37:16.631 [main] DEBUG o.s.c.i.s.PathMatchingResourcePatternResolver - Searching directory [/home/aluno/spring-projects/maven/spring-data-aerospike/target/test-classes/org/springframework/data/keyvalue/repository] for files matching pattern [/home/aluno/spring-projects/maven/spring-data-aerospike/target/test-classes/org/springframework/data/**/repository/support/**/*.class]
16:37:16.631 [main] DEBUG o.s.c.i.s.PathMatchingResourcePatternResolver - Searching directory [/home/aluno/spring-projects/maven/spring-data-aerospike/target/test-classes/org/springframework/data/keyvalue/repository/query] for files matching pattern [/home/aluno/spring-projects/maven/spring-data-aerospike/target/test-classes/org/springframework/data/**/repository/support/**/*.class]
16:37:16.631 [main] DEBUG o.s.c.i.s.PathMatchingResourcePatternResolver - Searching directory [/home/aluno/spring-projects/maven/spring-data-aerospike/target/test-classes/org/springframework/data/aerospike] for files matching pattern [/home/aluno/spring-projects/maven/spring-data-aerospike/target/test-classes/org/springframework/data/**/repository/support/**/*.class]
16:37:16.632 [main] DEBUG o.s.c.i.s.PathMatchingResourcePatternResolver - Searching directory [/home/aluno/spring-projects/maven/spring-data-aerospike/target/test-classes/org/springframework/data/aerospike/mapping] for files matching pattern [/home/aluno/spring-projects/maven/spring-data-aerospike/target/test-classes/org/springframework/data/**/repository/support/**/*.class]
16:37:16.632 [main] DEBUG o.s.c.i.s.PathMatchingResourcePatternResolver - Searching directory [/home/aluno/spring-projects/maven/spring-data-aerospike/target/test-classes/org/springframework/data/aerospike/core] for files matching pattern [/home/aluno/spring-projects/maven/spring-data-aerospike/target/test-classes/org/springframework/data/**/repository/support/**/*.class]
16:37:16.632 [main] DEBUG o.s.c.i.s.PathMatchingResourcePatternResolver - Searching directory [/home/aluno/spring-projects/maven/spring-data-aerospike/target/test-classes/org/springframework/data/aerospike/convert] for files matching pattern [/home/aluno/spring-projects/maven/spring-data-aerospike/target/test-classes/org/springframework/data/**/repository/support/**/*.class]
16:37:16.633 [main] DEBUG o.s.c.i.s.PathMatchingResourcePatternResolver - Searching directory [/home/aluno/spring-projects/maven/spring-data-aerospike/target/test-classes/org/springframework/data/aerospike/sample] for files matching pattern [/home/aluno/spring-projects/maven/spring-data-aerospike/target/test-classes/org/springframework/data/**/repository/support/**/*.class]
16:37:16.633 [main] DEBUG o.s.c.i.s.PathMatchingResourcePatternResolver - Searching directory [/home/aluno/spring-projects/maven/spring-data-aerospike/target/test-classes/org/springframework/data/aerospike/repository] for files matching pattern [/home/aluno/spring-projects/maven/spring-data-aerospike/target/test-classes/org/springframework/data/**/repository/support/**/*.class]
16:37:16.633 [main] DEBUG o.s.c.i.s.PathMatchingResourcePatternResolver - Searching directory [/home/aluno/spring-projects/maven/spring-data-aerospike/target/test-classes/org/springframework/data/aerospike/repository/support] for files matching pattern [/home/aluno/spring-projects/maven/spring-data-aerospike/target/test-classes/org/springframework/data/**/repository/support/**/*.class]
16:37:16.633 [main] DEBUG o.s.c.i.s.PathMatchingResourcePatternResolver - Searching directory [/home/aluno/spring-projects/maven/spring-data-aerospike/target/test-classes/org/springframework/data/aerospike/repository/query] for files matching pattern [/home/aluno/spring-projects/maven/spring-data-aerospike/target/test-classes/org/springframework/data/**/repository/support/**/*.class]
16:37:16.633 [main] DEBUG o.s.c.i.s.PathMatchingResourcePatternResolver - Searching directory [/home/aluno/spring-projects/maven/spring-data-aerospike/target/test-classes/org/springframework/data/aerospike/config] for files matching pattern [/home/aluno/spring-projects/maven/spring-data-aerospike/target/test-classes/org/springframework/data/**/repository/support/**/*.class]
16:37:16.633 [main] DEBUG o.s.c.i.s.PathMatchingResourcePatternResolver - Searching directory [/home/aluno/spring-projects/maven/spring-data-aerospike/target/test-classes/org/springframework/data/aerospike/cache] for files matching pattern [/home/aluno/spring-projects/maven/spring-data-aerospike/target/test-classes/org/springframework/data/**/repository/support/**/*.class]
16:37:16.633 [main] DEBUG o.s.c.i.s.PathMatchingResourcePatternResolver - Looking for matching resources in directory tree [/home/aluno/spring-projects/maven/spring-data-aerospike/target/classes/org/springframework/data]
16:37:16.633 [main] DEBUG o.s.c.i.s.PathMatchingResourcePatternResolver - Searching directory [/home/aluno/spring-projects/maven/spring-data-aerospike/target/classes/org/springframework/data] for files matching pattern [/home/aluno/spring-projects/maven/spring-data-aerospike/target/classes/org/springframework/data/**/repository/support/**/*.class]
16:37:16.633 [main] DEBUG o.s.c.i.s.PathMatchingResourcePatternResolver - Searching directory [/home/aluno/spring-projects/maven/spring-data-aerospike/target/classes/org/springframework/data/aerospike] for files matching pattern [/home/aluno/spring-projects/maven/spring-data-aerospike/target/classes/org/springframework/data/**/repository/support/**/*.class]
16:37:16.633 [main] DEBUG o.s.c.i.s.PathMatchingResourcePatternResolver - Searching directory [/home/aluno/spring-projects/maven/spring-data-aerospike/target/classes/org/springframework/data/aerospike/mapping] for files matching pattern [/home/aluno/spring-projects/maven/spring-data-aerospike/target/classes/org/springframework/data/**/repository/support/**/*.class]
16:37:16.634 [main] DEBUG o.s.c.i.s.PathMatchingResourcePatternResolver - Searching directory [/home/aluno/spring-projects/maven/spring-data-aerospike/target/classes/org/springframework/data/aerospike/core] for files matching pattern [/home/aluno/spring-projects/maven/spring-data-aerospike/target/classes/org/springframework/data/**/repository/support/**/*.class]
16:37:16.634 [main] DEBUG o.s.c.i.s.PathMatchingResourcePatternResolver - Searching directory [/home/aluno/spring-projects/maven/spring-data-aerospike/target/classes/org/springframework/data/aerospike/convert] for files matching pattern [/home/aluno/spring-projects/maven/spring-data-aerospike/target/classes/org/springframework/data/**/repository/support/**/*.class]
16:37:16.634 [main] DEBUG o.s.c.i.s.PathMatchingResourcePatternResolver - Searching directory [/home/aluno/spring-projects/maven/spring-data-aerospike/target/classes/org/springframework/data/aerospike/example] for files matching pattern [/home/aluno/spring-projects/maven/spring-data-aerospike/target/classes/org/springframework/data/**/repository/support/**/*.class]
16:37:16.634 [main] DEBUG o.s.c.i.s.PathMatchingResourcePatternResolver - Searching directory [/home/aluno/spring-projects/maven/spring-data-aerospike/target/classes/org/springframework/data/aerospike/example/data] for files matching pattern [/home/aluno/spring-projects/maven/spring-data-aerospike/target/classes/org/springframework/data/**/repository/support/**/*.class]
16:37:16.634 [main] DEBUG o.s.c.i.s.PathMatchingResourcePatternResolver - Searching directory [/home/aluno/spring-projects/maven/spring-data-aerospike/target/classes/org/springframework/data/aerospike/example/config] for files matching pattern [/home/aluno/spring-projects/maven/spring-data-aerospike/target/classes/org/springframework/data/**/repository/support/**/*.class]
16:37:16.634 [main] DEBUG o.s.c.i.s.PathMatchingResourcePatternResolver - Searching directory [/home/aluno/spring-projects/maven/spring-data-aerospike/target/classes/org/springframework/data/aerospike/annotation] for files matching pattern [/home/aluno/spring-projects/maven/spring-data-aerospike/target/classes/org/springframework/data/**/repository/support/**/*.class]
16:37:16.634 [main] DEBUG o.s.c.i.s.PathMatchingResourcePatternResolver - Searching directory [/home/aluno/spring-projects/maven/spring-data-aerospike/target/classes/org/springframework/data/aerospike/repository] for files matching pattern [/home/aluno/spring-projects/maven/spring-data-aerospike/target/classes/org/springframework/data/**/repository/support/**/*.class]
16:37:16.634 [main] DEBUG o.s.c.i.s.PathMatchingResourcePatternResolver - Searching directory [/home/aluno/spring-projects/maven/spring-data-aerospike/target/classes/org/springframework/data/aerospike/repository/support] for files matching pattern [/home/aluno/spring-projects/maven/spring-data-aerospike/target/classes/org/springframework/data/**/repository/support/**/*.class]
16:37:16.634 [main] DEBUG o.s.c.i.s.PathMatchingResourcePatternResolver - Searching directory [/home/aluno/spring-projects/maven/spring-data-aerospike/target/classes/org/springframework/data/aerospike/repository/config] for files matching pattern [/home/aluno/spring-projects/maven/spring-data-aerospike/target/classes/org/springframework/data/**/repository/support/**/*.class]
16:37:16.634 [main] DEBUG o.s.c.i.s.PathMatchingResourcePatternResolver - Searching directory [/home/aluno/spring-projects/maven/spring-data-aerospike/target/classes/org/springframework/data/aerospike/repository/query] for files matching pattern [/home/aluno/spring-projects/maven/spring-data-aerospike/target/classes/org/springframework/data/**/repository/support/**/*.class]
16:37:16.635 [main] DEBUG o.s.c.i.s.PathMatchingResourcePatternResolver - Searching directory [/home/aluno/spring-projects/maven/spring-data-aerospike/target/classes/org/springframework/data/aerospike/config] for files matching pattern [/home/aluno/spring-projects/maven/spring-data-aerospike/target/classes/org/springframework/data/**/repository/support/**/*.class]
16:37:16.635 [main] DEBUG o.s.c.i.s.PathMatchingResourcePatternResolver - Searching directory [/home/aluno/spring-projects/maven/spring-data-aerospike/target/classes/org/springframework/data/aerospike/cache] for files matching pattern [/home/aluno/spring-projects/maven/spring-data-aerospike/target/classes/org/springframework/data/**/repository/support/**/*.class]
16:37:16.635 [main] DEBUG o.s.c.i.s.PathMatchingResourcePatternResolver - Searching directory [/home/aluno/spring-projects/maven/spring-data-aerospike/target/classes/org/springframework/data/aerospike/utility] for files matching pattern [/home/aluno/spring-projects/maven/spring-data-aerospike/target/classes/org/springframework/data/**/repository/support/**/*.class]
16:37:16.635 [main] DEBUG o.s.c.i.s.PathMatchingResourcePatternResolver - Looking for matching resources in jar file [file:/home/aluno/.m2/repository/org/springframework/data/spring-data-commons/1.11.0.RELEASE/spring-data-commons-1.11.0.RELEASE.jar]
16:37:16.637 [main] DEBUG o.s.c.i.s.PathMatchingResourcePatternResolver - Looking for matching resources in jar file [file:/home/aluno/.m2/repository/org/springframework/data/spring-data-keyvalue/1.0.0.M1/spring-data-keyvalue-1.0.0.M1.jar]
16:37:16.637 [main] DEBUG o.s.c.i.s.PathMatchingResourcePatternResolver - Resolved location pattern [classpath*:org/springframework/data/**/repository/support/**/*.class] to resources [file [/home/aluno/spring-projects/maven/spring-data-aerospike/target/test-classes/org/springframework/data/aerospike/repository/support/SimpleAerospikeRepositoryTest$5.class], file [/home/aluno/spring-projects/maven/spring-data-aerospike/target/test-classes/org/springframework/data/aerospike/repository/support/SimpleAerospikeRepositoryTest$9.class], file [/home/aluno/spring-projects/maven/spring-data-aerospike/target/test-classes/org/springframework/data/aerospike/repository/support/SimpleAerospikeRepositoryTest$4.class], file [/home/aluno/spring-projects/maven/spring-data-aerospike/target/test-classes/org/springframework/data/aerospike/repository/support/AerospikeRepositoryFactoryTest.class], file [/home/aluno/spring-projects/maven/spring-data-aerospike/target/test-classes/org/springframework/data/aerospike/repository/support/SimpleAerospikeRepositoryTest.class], file [/home/aluno/spring-projects/maven/spring-data-aerospike/target/test-classes/org/springframework/data/aerospike/repository/support/SimpleAerospikeRepositoryTest$1.class], file [/home/aluno/spring-projects/maven/spring-data-aerospike/target/test-classes/org/springframework/data/aerospike/repository/support/SimpleAerospikeRepositoryTest$3.class], file [/home/aluno/spring-projects/maven/spring-data-aerospike/target/test-classes/org/springframework/data/aerospike/repository/support/SimpleAerospikeRepositoryTest$8.class], file [/home/aluno/spring-projects/maven/spring-data-aerospike/target/test-classes/org/springframework/data/aerospike/repository/support/SimpleAerospikeRepositoryTest$6.class], file [/home/aluno/spring-projects/maven/spring-data-aerospike/target/test-classes/org/springframework/data/aerospike/repository/support/SimpleAerospikeRepositoryTest$2.class], file [/home/aluno/spring-projects/maven/spring-data-aerospike/target/test-classes/org/springframework/data/aerospike/repository/support/AllTests.class], file [/home/aluno/spring-projects/maven/spring-data-aerospike/target/test-classes/org/springframework/data/aerospike/repository/support/SimpleAerospikeRepositoryTest$7.class], file [/home/aluno/spring-projects/maven/spring-data-aerospike/target/classes/org/springframework/data/aerospike/repository/support/AerospikeRepositoryFactoryBean.class], file [/home/aluno/spring-projects/maven/spring-data-aerospike/target/classes/org/springframework/data/aerospike/repository/support/AerospikeRepositoryFactory$AerospikeQueryLookupStrategy.class], file [/home/aluno/spring-projects/maven/spring-data-aerospike/target/classes/org/springframework/data/aerospike/repository/support/AerospikeRepositoryFactory.class], file [/home/aluno/spring-projects/maven/spring-data-aerospike/target/classes/org/springframework/data/aerospike/repository/support/SimpleAerospikeRepository.class], URL [jar:file:/home/aluno/.m2/repository/org/springframework/data/spring-data-commons/1.11.0.RELEASE/spring-data-commons-1.11.0.RELEASE.jar!/org/springframework/data/repository/support/DomainClassConverter$ConversionMatchAbbreviationException.class], URL [jar:file:/home/aluno/.m2/repository/org/springframework/data/spring-data-commons/1.11.0.RELEASE/spring-data-commons-1.11.0.RELEASE.jar!/org/springframework/data/repository/support/DomainClassConverter$ToIdConverter.class], URL [jar:file:/home/aluno/.m2/repository/org/springframework/data/spring-data-commons/1.11.0.RELEASE/spring-data-commons-1.11.0.RELEASE.jar!/org/springframework/data/repository/support/Repositories$EmptyRepositoryFactoryInformation.class], URL [jar:file:/home/aluno/.m2/repository/org/springframework/data/spring-data-commons/1.11.0.RELEASE/spring-data-commons-1.11.0.RELEASE.jar!/org/springframework/data/repository/support/PagingAndSortingRepositoryInvoker.class], URL [jar:file:/home/aluno/.m2/repository/org/springframework/data/spring-data-commons/1.11.0.RELEASE/spring-data-commons-1.11.0.RELEASE.jar!/org/springframework/data/repository/support/QueryMethodParameterConversionException.class], URL [jar:file:/home/aluno/.m2/repository/org/springframework/data/spring-data-commons/1.11.0.RELEASE/spring-data-commons-1.11.0.RELEASE.jar!/org/springframework/data/repository/support/MethodParameters.class], URL [jar:file:/home/aluno/.m2/repository/org/springframework/data/spring-data-commons/1.11.0.RELEASE/spring-data-commons-1.11.0.RELEASE.jar!/org/springframework/data/repository/support/RepositoryInvoker.class], URL [jar:file:/home/aluno/.m2/repository/org/springframework/data/spring-data-commons/1.11.0.RELEASE/spring-data-commons-1.11.0.RELEASE.jar!/org/springframework/data/repository/support/RepositoryInvokerFactory.class], URL [jar:file:/home/aluno/.m2/repository/org/springframework/data/spring-data-commons/1.11.0.RELEASE/spring-data-commons-1.11.0.RELEASE.jar!/org/springframework/data/repository/support/DomainClassPropertyEditorRegistrar.class], URL [jar:file:/home/aluno/.m2/repository/org/springframework/data/spring-data-commons/1.11.0.RELEASE/spring-data-commons-1.11.0.RELEASE.jar!/org/springframework/data/repository/support/AnnotationAttribute.class], URL [jar:file:/home/aluno/.m2/repository/org/springframework/data/spring-data-commons/1.11.0.RELEASE/spring-data-commons-1.11.0.RELEASE.jar!/org/springframework/data/repository/support/DefaultRepositoryInvokerFactory.class], URL [jar:file:/home/aluno/.m2/repository/org/springframework/data/spring-data-commons/1.11.0.RELEASE/spring-data-commons-1.11.0.RELEASE.jar!/org/springframework/data/repository/support/MethodParameters$AnnotationNamingMethodParameter.class], URL [jar:file:/home/aluno/.m2/repository/org/springframework/data/spring-data-commons/1.11.0.RELEASE/spring-data-commons-1.11.0.RELEASE.jar!/org/springframework/data/repository/support/CrudRepositoryInvoker.class], URL [jar:file:/home/aluno/.m2/repository/org/springframework/data/spring-data-commons/1.11.0.RELEASE/spring-data-commons-1.11.0.RELEASE.jar!/org/springframework/data/repository/support/Repositories.class], URL [jar:file:/home/aluno/.m2/repository/org/springframework/data/spring-data-commons/1.11.0.RELEASE/spring-data-commons-1.11.0.RELEASE.jar!/org/springframework/data/repository/support/DomainClassConverter$ToEntityConverter.class], URL [jar:file:/home/aluno/.m2/repository/org/springframework/data/spring-data-commons/1.11.0.RELEASE/spring-data-commons-1.11.0.RELEASE.jar!/org/springframework/data/repository/support/ReflectionRepositoryInvoker.class], URL [jar:file:/home/aluno/.m2/repository/org/springframework/data/spring-data-commons/1.11.0.RELEASE/spring-data-commons-1.11.0.RELEASE.jar!/org/springframework/data/repository/support/DomainClassPropertyEditor.class], URL [jar:file:/home/aluno/.m2/repository/org/springframework/data/spring-data-commons/1.11.0.RELEASE/spring-data-commons-1.11.0.RELEASE.jar!/org/springframework/data/repository/support/DomainClassConverter.class], URL [jar:file:/home/aluno/.m2/repository/org/springframework/data/spring-data-commons/1.11.0.RELEASE/spring-data-commons-1.11.0.RELEASE.jar!/org/springframework/data/repository/support/DomainClassConverter$1.class], URL [jar:file:/home/aluno/.m2/repository/org/springframework/data/spring-data-commons/1.11.0.RELEASE/spring-data-commons-1.11.0.RELEASE.jar!/org/springframework/data/repository/support/RepositoryInvocationInformation.class], URL [jar:file:/home/aluno/.m2/repository/org/springframework/data/spring-data-keyvalue/1.0.0.M1/spring-data-keyvalue-1.0.0.M1.jar!/org/springframework/data/keyvalue/repository/support/KeyValueRepositoryFactory$KeyValueQueryLookupStrategy.class], URL [jar:file:/home/aluno/.m2/repository/org/springframework/data/spring-data-keyvalue/1.0.0.M1/spring-data-keyvalue-1.0.0.M1.jar!/org/springframework/data/keyvalue/repository/support/QuerydslKeyValueRepository.class], URL [jar:file:/home/aluno/.m2/repository/org/springframework/data/spring-data-keyvalue/1.0.0.M1/spring-data-keyvalue-1.0.0.M1.jar!/org/springframework/data/keyvalue/repository/support/KeyValueRepositoryFactoryBean.class], URL [jar:file:/home/aluno/.m2/repository/org/springframework/data/spring-data-keyvalue/1.0.0.M1/spring-data-keyvalue-1.0.0.M1.jar!/org/springframework/data/keyvalue/repository/support/KeyValueQuerydslUtils$1.class], URL [jar:file:/home/aluno/.m2/repository/org/springframework/data/spring-data-keyvalue/1.0.0.M1/spring-data-keyvalue-1.0.0.M1.jar!/org/springframework/data/keyvalue/repository/support/KeyValueQuerydslUtils.class], URL [jar:file:/home/aluno/.m2/repository/org/springframework/data/spring-data-keyvalue/1.0.0.M1/spring-data-keyvalue-1.0.0.M1.jar!/org/springframework/data/keyvalue/repository/support/KeyValueRepositoryFactory.class], URL [jar:file:/home/aluno/.m2/repository/org/springframework/data/spring-data-keyvalue/1.0.0.M1/spring-data-keyvalue-1.0.0.M1.jar!/org/springframework/data/keyvalue/repository/support/SimpleKeyValueRepository.class]]
16:37:16.640 [main] DEBUG o.s.c.a.ClassPathScanningCandidateComponentProvider - Identified candidate component class: file [/home/aluno/spring-projects/maven/spring-data-aerospike/target/classes/org/springframework/data/aerospike/repository/support/AerospikeRepositoryFactory.class]
16:37:16.645 [main] DEBUG o.s.c.a.ClassPathScanningCandidateComponentProvider - Identified candidate component class: URL [jar:file:/home/aluno/.m2/repository/org/springframework/data/spring-data-keyvalue/1.0.0.M1/spring-data-keyvalue-1.0.0.M1.jar!/org/springframework/data/keyvalue/repository/support/KeyValueRepositoryFactory.class]
16:37:16.646 [main] DEBUG o.s.d.r.c.RepositoryConfigurationDelegate - Multiple Spring Data modules found, entering strict repository configuration mode!
16:37:16.646 [main] DEBUG o.s.core.env.StandardEnvironment - Adding [systemProperties] PropertySource with lowest search precedence
16:37:16.646 [main] DEBUG o.s.core.env.StandardEnvironment - Adding [systemEnvironment] PropertySource with lowest search precedence
16:37:16.646 [main] DEBUG o.s.core.env.StandardEnvironment - Initialized StandardEnvironment with PropertySources [systemProperties,systemEnvironment]
16:37:16.646 [main] DEBUG o.s.c.i.s.PathMatchingResourcePatternResolver - Looking for matching resources in directory tree [/home/aluno/spring-projects/maven/spring-data-aerospike/target/test-classes/org/springframework/data/aerospike/repository]
16:37:16.646 [main] DEBUG o.s.c.i.s.PathMatchingResourcePatternResolver - Searching directory [/home/aluno/spring-projects/maven/spring-data-aerospike/target/test-classes/org/springframework/data/aerospike/repository] for files matching pattern [/home/aluno/spring-projects/maven/spring-data-aerospike/target/test-classes/org/springframework/data/aerospike/repository/**/*.class]
16:37:16.647 [main] DEBUG o.s.c.i.s.PathMatchingResourcePatternResolver - Searching directory [/home/aluno/spring-projects/maven/spring-data-aerospike/target/test-classes/org/springframework/data/aerospike/repository/support] for files matching pattern [/home/aluno/spring-projects/maven/spring-data-aerospike/target/test-classes/org/springframework/data/aerospike/repository/**/*.class]
16:37:16.647 [main] DEBUG o.s.c.i.s.PathMatchingResourcePatternResolver - Searching directory [/home/aluno/spring-projects/maven/spring-data-aerospike/target/test-classes/org/springframework/data/aerospike/repository/query] for files matching pattern [/home/aluno/spring-projects/maven/spring-data-aerospike/target/test-classes/org/springframework/data/aerospike/repository/**/*.class]
16:37:16.647 [main] DEBUG o.s.c.i.s.PathMatchingResourcePatternResolver - Looking for matching resources in directory tree [/home/aluno/spring-projects/maven/spring-data-aerospike/target/classes/org/springframework/data/aerospike/repository]
16:37:16.647 [main] DEBUG o.s.c.i.s.PathMatchingResourcePatternResolver - Searching directory [/home/aluno/spring-projects/maven/spring-data-aerospike/target/classes/org/springframework/data/aerospike/repository] for files matching pattern [/home/aluno/spring-projects/maven/spring-data-aerospike/target/classes/org/springframework/data/aerospike/repository/**/*.class]
16:37:16.647 [main] DEBUG o.s.c.i.s.PathMatchingResourcePatternResolver - Searching directory [/home/aluno/spring-projects/maven/spring-data-aerospike/target/classes/org/springframework/data/aerospike/repository/support] for files matching pattern [/home/aluno/spring-projects/maven/spring-data-aerospike/target/classes/org/springframework/data/aerospike/repository/**/*.class]
16:37:16.647 [main] DEBUG o.s.c.i.s.PathMatchingResourcePatternResolver - Searching directory [/home/aluno/spring-projects/maven/spring-data-aerospike/target/classes/org/springframework/data/aerospike/repository/config] for files matching pattern [/home/aluno/spring-projects/maven/spring-data-aerospike/target/classes/org/springframework/data/aerospike/repository/**/*.class]
16:37:16.647 [main] DEBUG o.s.c.i.s.PathMatchingResourcePatternResolver - Searching directory [/home/aluno/spring-projects/maven/spring-data-aerospike/target/classes/org/springframework/data/aerospike/repository/query] for files matching pattern [/home/aluno/spring-projects/maven/spring-data-aerospike/target/classes/org/springframework/data/aerospike/repository/**/*.class]
16:37:16.647 [main] DEBUG o.s.c.i.s.PathMatchingResourcePatternResolver - Resolved location pattern [classpath*:org/springframework/data/aerospike/repository/**/*.class] to resources [file [/home/aluno/spring-projects/maven/spring-data-aerospike/target/test-classes/org/springframework/data/aerospike/repository/Credentials.class], file [/home/aluno/spring-projects/maven/spring-data-aerospike/target/test-classes/org/springframework/data/aerospike/repository/AbstractPersonRepositoryIntegrationTests$1.class], file [/home/aluno/spring-projects/maven/spring-data-aerospike/target/test-classes/org/springframework/data/aerospike/repository/PersonRepository.class], file [/home/aluno/spring-projects/maven/spring-data-aerospike/target/test-classes/org/springframework/data/aerospike/repository/TestConfigPerson.class], file [/home/aluno/spring-projects/maven/spring-data-aerospike/target/test-classes/org/springframework/data/aerospike/repository/Address.class], file [/home/aluno/spring-projects/maven/spring-data-aerospike/target/test-classes/org/springframework/data/aerospike/repository/Person$Sex.class], file [/home/aluno/spring-projects/maven/spring-data-aerospike/target/test-classes/org/springframework/data/aerospike/repository/Person.class], file [/home/aluno/spring-projects/maven/spring-data-aerospike/target/test-classes/org/springframework/data/aerospike/repository/ContactRepository.class], file [/home/aluno/spring-projects/maven/spring-data-aerospike/target/test-classes/org/springframework/data/aerospike/repository/AbstractPersonRepositoryIntegrationTests.class], file [/home/aluno/spring-projects/maven/spring-data-aerospike/target/test-classes/org/springframework/data/aerospike/repository/User.class], file [/home/aluno/spring-projects/maven/spring-data-aerospike/target/test-classes/org/springframework/data/aerospike/repository/CustomerRepositoriesIntegrationTests$Config.class], file [/home/aluno/spring-projects/maven/spring-data-aerospike/target/test-classes/org/springframework/data/aerospike/repository/AnnotatedPerson.class], file [/home/aluno/spring-projects/maven/spring-data-aerospike/target/test-classes/org/springframework/data/aerospike/repository/support/SimpleAerospikeRepositoryTest$5.class], file [/home/aluno/spring-projects/maven/spring-data-aerospike/target/test-classes/org/springframework/data/aerospike/repository/support/SimpleAerospikeRepositoryTest$9.class], file [/home/aluno/spring-projects/maven/spring-data-aerospike/target/test-classes/org/springframework/data/aerospike/repository/support/SimpleAerospikeRepositoryTest$4.class], file [/home/aluno/spring-projects/maven/spring-data-aerospike/target/test-classes/org/springframework/data/aerospike/repository/support/AerospikeRepositoryFactoryTest.class], file [/home/aluno/spring-projects/maven/spring-data-aerospike/target/test-classes/org/springframework/data/aerospike/repository/support/SimpleAerospikeRepositoryTest.class], file [/home/aluno/spring-projects/maven/spring-data-aerospike/target/test-classes/org/springframework/data/aerospike/repository/support/SimpleAerospikeRepositoryTest$1.class], file [/home/aluno/spring-projects/maven/spring-data-aerospike/target/test-classes/org/springframework/data/aerospike/repository/support/SimpleAerospikeRepositoryTest$3.class], file [/home/aluno/spring-projects/maven/spring-data-aerospike/target/test-classes/org/springframework/data/aerospike/repository/support/SimpleAerospikeRepositoryTest$8.class], file [/home/aluno/spring-projects/maven/spring-data-aerospike/target/test-classes/org/springframework/data/aerospike/repository/support/SimpleAerospikeRepositoryTest$6.class], file [/home/aluno/spring-projects/maven/spring-data-aerospike/target/test-classes/org/springframework/data/aerospike/repository/support/SimpleAerospikeRepositoryTest$2.class], file [/home/aluno/spring-projects/maven/spring-data-aerospike/target/test-classes/org/springframework/data/aerospike/repository/support/AllTests.class], file [/home/aluno/spring-projects/maven/spring-data-aerospike/target/test-classes/org/springframework/data/aerospike/repository/support/SimpleAerospikeRepositoryTest$7.class], file [/home/aluno/spring-projects/maven/spring-data-aerospike/target/test-classes/org/springframework/data/aerospike/repository/Contact.class], file [/home/aluno/spring-projects/maven/spring-data-aerospike/target/test-classes/org/springframework/data/aerospike/repository/AllTests.class], file [/home/aluno/spring-projects/maven/spring-data-aerospike/target/test-classes/org/springframework/data/aerospike/repository/PersonRepositoryIntegrationTests.class], file [/home/aluno/spring-projects/maven/spring-data-aerospike/target/test-classes/org/springframework/data/aerospike/repository/query/StubParameterAccessor.class], file [/home/aluno/spring-projects/maven/spring-data-aerospike/target/test-classes/org/springframework/data/aerospike/repository/query/AllTests.class], file [/home/aluno/spring-projects/maven/spring-data-aerospike/target/test-classes/org/springframework/data/aerospike/repository/query/AerospikePartTreeQueryTest.class], file [/home/aluno/spring-projects/maven/spring-data-aerospike/target/test-classes/org/springframework/data/aerospike/repository/CustomerRepositoriesIntegrationTests.class], file [/home/aluno/spring-projects/maven/spring-data-aerospike/target/classes/org/springframework/data/aerospike/repository/AerospikeRepository.class], file [/home/aluno/spring-projects/maven/spring-data-aerospike/target/classes/org/springframework/data/aerospike/repository/support/AerospikeRepositoryFactoryBean.class], file [/home/aluno/spring-projects/maven/spring-data-aerospike/target/classes/org/springframework/data/aerospike/repository/support/AerospikeRepositoryFactory$AerospikeQueryLookupStrategy.class], file [/home/aluno/spring-projects/maven/spring-data-aerospike/target/classes/org/springframework/data/aerospike/repository/support/AerospikeRepositoryFactory.class], file [/home/aluno/spring-projects/maven/spring-data-aerospike/target/classes/org/springframework/data/aerospike/repository/support/SimpleAerospikeRepository.class], file [/home/aluno/spring-projects/maven/spring-data-aerospike/target/classes/org/springframework/data/aerospike/repository/config/AerospikeRepositoriesRegistrar.class], file [/home/aluno/spring-projects/maven/spring-data-aerospike/target/classes/org/springframework/data/aerospike/repository/config/EnableAerospikeRepositories.class], file [/home/aluno/spring-projects/maven/spring-data-aerospike/target/classes/org/springframework/data/aerospike/repository/config/AerospikeRepositoriesRegistrar$1.class], file [/home/aluno/spring-projects/maven/spring-data-aerospike/target/classes/org/springframework/data/aerospike/repository/config/AerospikeRepositoriesRegistrar$AerospikeRepositoryConfigurationExtension.class], file [/home/aluno/spring-projects/maven/spring-data-aerospike/target/classes/org/springframework/data/aerospike/repository/query/AerospikeParameterAccessor.class], file [/home/aluno/spring-projects/maven/spring-data-aerospike/target/classes/org/springframework/data/aerospike/repository/query/Query.class], file [/home/aluno/spring-projects/maven/spring-data-aerospike/target/classes/org/springframework/data/aerospike/repository/query/ConvertingParameterAccessor.class], file [/home/aluno/spring-projects/maven/spring-data-aerospike/target/classes/org/springframework/data/aerospike/repository/query/AerospikeQueryCreator$1.class], file [/home/aluno/spring-projects/maven/spring-data-aerospike/target/classes/org/springframework/data/aerospike/repository/query/CriteriaDefinition.class], file [/home/aluno/spring-projects/maven/spring-data-aerospike/target/classes/org/springframework/data/aerospike/repository/query/TextCriteria.class], file [/home/aluno/spring-projects/maven/spring-data-aerospike/target/classes/org/springframework/data/aerospike/repository/query/Criteria.class], file [/home/aluno/spring-projects/maven/spring-data-aerospike/target/classes/org/springframework/data/aerospike/repository/query/AerospikePartTreeQuery.class], file [/home/aluno/spring-projects/maven/spring-data-aerospike/target/classes/org/springframework/data/aerospike/repository/query/AerospikeQueryCreator.class]]
16:37:16.648 [main] DEBUG o.s.d.r.c.RepositoryComponentProvider - Identified candidate component class: file [/home/aluno/spring-projects/maven/spring-data-aerospike/target/test-classes/org/springframework/data/aerospike/repository/PersonRepository.class]
16:37:16.649 [main] DEBUG o.s.d.r.c.RepositoryComponentProvider - Identified candidate component class: file [/home/aluno/spring-projects/maven/spring-data-aerospike/target/test-classes/org/springframework/data/aerospike/repository/ContactRepository.class]
16:37:16.665 [main] DEBUG o.s.core.env.StandardEnvironment - Adding [systemProperties] PropertySource with lowest search precedence
16:37:16.666 [main] DEBUG o.s.core.env.StandardEnvironment - Adding [systemEnvironment] PropertySource with lowest search precedence
16:37:16.666 [main] DEBUG o.s.core.env.StandardEnvironment - Initialized StandardEnvironment with PropertySources [systemProperties,systemEnvironment]
16:37:16.666 [main] DEBUG o.s.c.i.s.PathMatchingResourcePatternResolver - Looking for matching resources in directory tree [/home/aluno/spring-projects/maven/spring-data-aerospike/target/test-classes/org/springframework/data/aerospike/repository]
16:37:16.666 [main] DEBUG o.s.c.i.s.PathMatchingResourcePatternResolver - Searching directory [/home/aluno/spring-projects/maven/spring-data-aerospike/target/test-classes/org/springframework/data/aerospike/repository] for files matching pattern [/home/aluno/spring-projects/maven/spring-data-aerospike/target/test-classes/org/springframework/data/aerospike/repository/**/*PersonRepositoryImpl.class]
16:37:16.666 [main] DEBUG o.s.c.i.s.PathMatchingResourcePatternResolver - Searching directory [/home/aluno/spring-projects/maven/spring-data-aerospike/target/test-classes/org/springframework/data/aerospike/repository/support] for files matching pattern [/home/aluno/spring-projects/maven/spring-data-aerospike/target/test-classes/org/springframework/data/aerospike/repository/**/*PersonRepositoryImpl.class]
16:37:16.667 [main] DEBUG o.s.c.i.s.PathMatchingResourcePatternResolver - Searching directory [/home/aluno/spring-projects/maven/spring-data-aerospike/target/test-classes/org/springframework/data/aerospike/repository/query] for files matching pattern [/home/aluno/spring-projects/maven/spring-data-aerospike/target/test-classes/org/springframework/data/aerospike/repository/**/*PersonRepositoryImpl.class]
16:37:16.667 [main] DEBUG o.s.c.i.s.PathMatchingResourcePatternResolver - Looking for matching resources in directory tree [/home/aluno/spring-projects/maven/spring-data-aerospike/target/classes/org/springframework/data/aerospike/repository]
16:37:16.667 [main] DEBUG o.s.c.i.s.PathMatchingResourcePatternResolver - Searching directory [/home/aluno/spring-projects/maven/spring-data-aerospike/target/classes/org/springframework/data/aerospike/repository] for files matching pattern [/home/aluno/spring-projects/maven/spring-data-aerospike/target/classes/org/springframework/data/aerospike/repository/**/*PersonRepositoryImpl.class]
16:37:16.667 [main] DEBUG o.s.c.i.s.PathMatchingResourcePatternResolver - Searching directory [/home/aluno/spring-projects/maven/spring-data-aerospike/target/classes/org/springframework/data/aerospike/repository/support] for files matching pattern [/home/aluno/spring-projects/maven/spring-data-aerospike/target/classes/org/springframework/data/aerospike/repository/**/*PersonRepositoryImpl.class]
16:37:16.667 [main] DEBUG o.s.c.i.s.PathMatchingResourcePatternResolver - Searching directory [/home/aluno/spring-projects/maven/spring-data-aerospike/target/classes/org/springframework/data/aerospike/repository/config] for files matching pattern [/home/aluno/spring-projects/maven/spring-data-aerospike/target/classes/org/springframework/data/aerospike/repository/**/*PersonRepositoryImpl.class]
16:37:16.667 [main] DEBUG o.s.c.i.s.PathMatchingResourcePatternResolver - Searching directory [/home/aluno/spring-projects/maven/spring-data-aerospike/target/classes/org/springframework/data/aerospike/repository/query] for files matching pattern [/home/aluno/spring-projects/maven/spring-data-aerospike/target/classes/org/springframework/data/aerospike/repository/**/*PersonRepositoryImpl.class]
16:37:16.667 [main] DEBUG o.s.c.i.s.PathMatchingResourcePatternResolver - Resolved location pattern [classpath*:org/springframework/data/aerospike/repository/**/*PersonRepositoryImpl.class] to resources []
16:37:16.667 [main] DEBUG o.s.d.r.c.RepositoryConfigurationDelegate - Spring Data Aerospike - Registering repository: personRepository - Interface: org.springframework.data.aerospike.repository.PersonRepository - Factory: org.springframework.data.keyvalue.repository.support.KeyValueRepositoryFactoryBean
16:37:16.668 [main] DEBUG o.s.core.env.StandardEnvironment - Adding [systemProperties] PropertySource with lowest search precedence
16:37:16.668 [main] DEBUG o.s.core.env.StandardEnvironment - Adding [systemEnvironment] PropertySource with lowest search precedence
16:37:16.668 [main] DEBUG o.s.core.env.StandardEnvironment - Initialized StandardEnvironment with PropertySources [systemProperties,systemEnvironment]
16:37:16.668 [main] DEBUG o.s.c.i.s.PathMatchingResourcePatternResolver - Looking for matching resources in directory tree [/home/aluno/spring-projects/maven/spring-data-aerospike/target/test-classes/org/springframework/data/aerospike/repository]
16:37:16.668 [main] DEBUG o.s.c.i.s.PathMatchingResourcePatternResolver - Searching directory [/home/aluno/spring-projects/maven/spring-data-aerospike/target/test-classes/org/springframework/data/aerospike/repository] for files matching pattern [/home/aluno/spring-projects/maven/spring-data-aerospike/target/test-classes/org/springframework/data/aerospike/repository/**/*ContactRepositoryImpl.class]
16:37:16.668 [main] DEBUG o.s.c.i.s.PathMatchingResourcePatternResolver - Searching directory [/home/aluno/spring-projects/maven/spring-data-aerospike/target/test-classes/org/springframework/data/aerospike/repository/support] for files matching pattern [/home/aluno/spring-projects/maven/spring-data-aerospike/target/test-classes/org/springframework/data/aerospike/repository/**/*ContactRepositoryImpl.class]
16:37:16.669 [main] DEBUG o.s.c.i.s.PathMatchingResourcePatternResolver - Searching directory [/home/aluno/spring-projects/maven/spring-data-aerospike/target/test-classes/org/springframework/data/aerospike/repository/query] for files matching pattern [/home/aluno/spring-projects/maven/spring-data-aerospike/target/test-classes/org/springframework/data/aerospike/repository/**/*ContactRepositoryImpl.class]
16:37:16.669 [main] DEBUG o.s.c.i.s.PathMatchingResourcePatternResolver - Looking for matching resources in directory tree [/home/aluno/spring-projects/maven/spring-data-aerospike/target/classes/org/springframework/data/aerospike/repository]
16:37:16.669 [main] DEBUG o.s.c.i.s.PathMatchingResourcePatternResolver - Searching directory [/home/aluno/spring-projects/maven/spring-data-aerospike/target/classes/org/springframework/data/aerospike/repository] for files matching pattern [/home/aluno/spring-projects/maven/spring-data-aerospike/target/classes/org/springframework/data/aerospike/repository/**/*ContactRepositoryImpl.class]
16:37:16.669 [main] DEBUG o.s.c.i.s.PathMatchingResourcePatternResolver - Searching directory [/home/aluno/spring-projects/maven/spring-data-aerospike/target/classes/org/springframework/data/aerospike/repository/support] for files matching pattern [/home/aluno/spring-projects/maven/spring-data-aerospike/target/classes/org/springframework/data/aerospike/repository/**/*ContactRepositoryImpl.class]
16:37:16.669 [main] DEBUG o.s.c.i.s.PathMatchingResourcePatternResolver - Searching directory [/home/aluno/spring-projects/maven/spring-data-aerospike/target/classes/org/springframework/data/aerospike/repository/config] for files matching pattern [/home/aluno/spring-projects/maven/spring-data-aerospike/target/classes/org/springframework/data/aerospike/repository/**/*ContactRepositoryImpl.class]
16:37:16.669 [main] DEBUG o.s.c.i.s.PathMatchingResourcePatternResolver - Searching directory [/home/aluno/spring-projects/maven/spring-data-aerospike/target/classes/org/springframework/data/aerospike/repository/query] for files matching pattern [/home/aluno/spring-projects/maven/spring-data-aerospike/target/classes/org/springframework/data/aerospike/repository/**/*ContactRepositoryImpl.class]
16:37:16.669 [main] DEBUG o.s.c.i.s.PathMatchingResourcePatternResolver - Resolved location pattern [classpath*:org/springframework/data/aerospike/repository/**/*ContactRepositoryImpl.class] to resources []
16:37:16.669 [main] DEBUG o.s.d.r.c.RepositoryConfigurationDelegate - Spring Data Aerospike - Registering repository: contactRepository - Interface: org.springframework.data.aerospike.repository.ContactRepository - Factory: org.springframework.data.keyvalue.repository.support.KeyValueRepositoryFactoryBean
16:37:16.670 [main] DEBUG o.s.c.a.ConfigurationClassEnhancer - Successfully enhanced org.springframework.data.aerospike.repository.TestConfigPerson; enhanced class name is: org.springframework.data.aerospike.repository.TestConfigPerson$$EnhancerBySpringCGLIB$$3f27a8da
16:37:16.670 [main] DEBUG o.s.c.a.ConfigurationClassPostProcessor - Replacing bean definition 'testConfigPerson' existing class name 'org.springframework.data.aerospike.repository.TestConfigPerson' with enhanced class name 'org.springframework.data.aerospike.repository.TestConfigPerson$$EnhancerBySpringCGLIB$$3f27a8da'
16:37:16.671 [main] DEBUG o.s.b.f.s.DefaultListableBeanFactory - Creating shared instance of singleton bean 'org.springframework.context.annotation.internalAutowiredAnnotationProcessor'
16:37:16.671 [main] DEBUG o.s.b.f.s.DefaultListableBeanFactory - Creating instance of bean 'org.springframework.context.annotation.internalAutowiredAnnotationProcessor'
16:37:16.671 [main] DEBUG o.s.b.f.s.DefaultListableBeanFactory - Eagerly caching bean 'org.springframework.context.annotation.internalAutowiredAnnotationProcessor' to allow for resolving potential circular references
16:37:16.671 [main] DEBUG o.s.b.f.s.DefaultListableBeanFactory - Finished creating instance of bean 'org.springframework.context.annotation.internalAutowiredAnnotationProcessor'
16:37:16.671 [main] DEBUG o.s.b.f.s.DefaultListableBeanFactory - Creating shared instance of singleton bean 'org.springframework.context.annotation.internalRequiredAnnotationProcessor'
16:37:16.671 [main] DEBUG o.s.b.f.s.DefaultListableBeanFactory - Creating instance of bean 'org.springframework.context.annotation.internalRequiredAnnotationProcessor'
16:37:16.671 [main] DEBUG o.s.b.f.s.DefaultListableBeanFactory - Eagerly caching bean 'org.springframework.context.annotation.internalRequiredAnnotationProcessor' to allow for resolving potential circular references
16:37:16.671 [main] DEBUG o.s.b.f.s.DefaultListableBeanFactory - Finished creating instance of bean 'org.springframework.context.annotation.internalRequiredAnnotationProcessor'
16:37:16.671 [main] DEBUG o.s.b.f.s.DefaultListableBeanFactory - Creating shared instance of singleton bean 'org.springframework.context.annotation.internalCommonAnnotationProcessor'
16:37:16.671 [main] DEBUG o.s.b.f.s.DefaultListableBeanFactory - Creating instance of bean 'org.springframework.context.annotation.internalCommonAnnotationProcessor'
16:37:16.671 [main] DEBUG o.s.b.f.s.DefaultListableBeanFactory - Eagerly caching bean 'org.springframework.context.annotation.internalCommonAnnotationProcessor' to allow for resolving potential circular references
16:37:16.671 [main] DEBUG o.s.b.f.s.DefaultListableBeanFactory - Finished creating instance of bean 'org.springframework.context.annotation.internalCommonAnnotationProcessor'
16:37:16.671 [main] DEBUG o.s.b.f.s.DefaultListableBeanFactory - Creating shared instance of singleton bean 'org.springframework.context.annotation.ConfigurationClassPostProcessor.importAwareProcessor'
16:37:16.671 [main] DEBUG o.s.b.f.s.DefaultListableBeanFactory - Creating instance of bean 'org.springframework.context.annotation.ConfigurationClassPostProcessor.importAwareProcessor'
16:37:16.671 [main] DEBUG o.s.b.f.s.DefaultListableBeanFactory - Eagerly caching bean 'org.springframework.context.annotation.ConfigurationClassPostProcessor.importAwareProcessor' to allow for resolving potential circular references
16:37:16.671 [main] DEBUG o.s.b.f.s.DefaultListableBeanFactory - Finished creating instance of bean 'org.springframework.context.annotation.ConfigurationClassPostProcessor.importAwareProcessor'
16:37:16.671 [main] DEBUG o.s.b.f.s.DefaultListableBeanFactory - Creating shared instance of singleton bean 'org.springframework.context.annotation.ConfigurationClassPostProcessor.enhancedConfigurationProcessor'
16:37:16.671 [main] DEBUG o.s.b.f.s.DefaultListableBeanFactory - Creating instance of bean 'org.springframework.context.annotation.ConfigurationClassPostProcessor.enhancedConfigurationProcessor'
16:37:16.671 [main] DEBUG o.s.b.f.s.DefaultListableBeanFactory - Eagerly caching bean 'org.springframework.context.annotation.ConfigurationClassPostProcessor.enhancedConfigurationProcessor' to allow for resolving potential circular references
16:37:16.672 [main] DEBUG o.s.b.f.s.DefaultListableBeanFactory - Finished creating instance of bean 'org.springframework.context.annotation.ConfigurationClassPostProcessor.enhancedConfigurationProcessor'
16:37:16.672 [main] DEBUG o.s.b.f.s.DefaultListableBeanFactory - Creating shared instance of singleton bean 'org.springframework.data.repository.core.support.RepositoryInterfaceAwareBeanPostProcessor'
16:37:16.672 [main] DEBUG o.s.b.f.s.DefaultListableBeanFactory - Creating instance of bean 'org.springframework.data.repository.core.support.RepositoryInterfaceAwareBeanPostProcessor'
16:37:16.672 [main] DEBUG o.s.b.f.s.DefaultListableBeanFactory - Eagerly caching bean 'org.springframework.data.repository.core.support.RepositoryInterfaceAwareBeanPostProcessor' to allow for resolving potential circular references
16:37:16.672 [main] DEBUG o.s.b.f.s.DefaultListableBeanFactory - Finished creating instance of bean 'org.springframework.data.repository.core.support.RepositoryInterfaceAwareBeanPostProcessor'
16:37:16.672 [main] DEBUG o.s.c.s.GenericApplicationContext - Unable to locate MessageSource with name 'messageSource': using default [org.springframework.context.support.DelegatingMessageSource@677b8e13]
16:37:16.672 [main] DEBUG o.s.c.s.GenericApplicationContext - Unable to locate ApplicationEventMulticaster with name 'applicationEventMulticaster': using default [org.springframework.context.event.SimpleApplicationEventMulticaster@4a9486c0]
16:37:16.672 [main] DEBUG o.s.b.f.s.DefaultListableBeanFactory - Pre-instantiating singletons in org.springframework.beans.factory.support.DefaultListableBeanFactory@6090f3ca: defining beans [org.springframework.context.annotation.internalConfigurationAnnotationProcessor,org.springframework.context.annotation.internalAutowiredAnnotationProcessor,org.springframework.context.annotation.internalRequiredAnnotationProcessor,org.springframework.context.annotation.internalCommonAnnotationProcessor,testConfigPerson,org.springframework.context.annotation.ConfigurationClassPostProcessor.importAwareProcessor,org.springframework.context.annotation.ConfigurationClassPostProcessor.enhancedConfigurationProcessor,aerospikeTemplate,aerospikeClient,org.springframework.data.aerospike.repository.config.AerospikeRepositoriesRegistrar$AerospikeRepositoryConfigurationExtension#0,org.springframework.data.repository.core.support.RepositoryInterfaceAwareBeanPostProcessor,keyValueMappingContext,personRepository,contactRepository]; root of factory hierarchy
16:37:16.672 [main] DEBUG o.s.b.f.s.DefaultListableBeanFactory - Returning cached instance of singleton bean 'org.springframework.context.annotation.internalConfigurationAnnotationProcessor'
16:37:16.672 [main] DEBUG o.s.b.f.s.DefaultListableBeanFactory - Returning cached instance of singleton bean 'org.springframework.context.annotation.internalAutowiredAnnotationProcessor'
16:37:16.672 [main] DEBUG o.s.b.f.s.DefaultListableBeanFactory - Returning cached instance of singleton bean 'org.springframework.context.annotation.internalRequiredAnnotationProcessor'
16:37:16.672 [main] DEBUG o.s.b.f.s.DefaultListableBeanFactory - Returning cached instance of singleton bean 'org.springframework.context.annotation.internalCommonAnnotationProcessor'
16:37:16.672 [main] DEBUG o.s.b.f.s.DefaultListableBeanFactory - Creating shared instance of singleton bean 'testConfigPerson'
16:37:16.672 [main] DEBUG o.s.b.f.s.DefaultListableBeanFactory - Creating instance of bean 'testConfigPerson'
16:37:16.672 [main] DEBUG o.s.b.f.s.DefaultListableBeanFactory - Eagerly caching bean 'testConfigPerson' to allow for resolving potential circular references
16:37:16.673 [main] DEBUG o.s.b.f.s.DefaultListableBeanFactory - Finished creating instance of bean 'testConfigPerson'
16:37:16.673 [main] DEBUG o.s.b.f.s.DefaultListableBeanFactory - Returning cached instance of singleton bean 'org.springframework.context.annotation.ConfigurationClassPostProcessor.importAwareProcessor'
16:37:16.673 [main] DEBUG o.s.b.f.s.DefaultListableBeanFactory - Returning cached instance of singleton bean 'org.springframework.context.annotation.ConfigurationClassPostProcessor.enhancedConfigurationProcessor'
16:37:16.673 [main] DEBUG o.s.b.f.s.DefaultListableBeanFactory - Creating shared instance of singleton bean 'aerospikeTemplate'
16:37:16.673 [main] DEBUG o.s.b.f.s.DefaultListableBeanFactory - Creating instance of bean 'aerospikeTemplate'
16:37:16.673 [main] DEBUG o.s.b.f.s.DefaultListableBeanFactory - Returning cached instance of singleton bean 'testConfigPerson'
16:37:16.673 [main] DEBUG o.s.b.f.s.DefaultListableBeanFactory - Creating shared instance of singleton bean 'aerospikeClient'
16:37:16.673 [main] DEBUG o.s.b.f.s.DefaultListableBeanFactory - Creating instance of bean 'aerospikeClient'
16:37:16.673 [main] DEBUG o.s.b.f.s.DefaultListableBeanFactory - Returning cached instance of singleton bean 'testConfigPerson'
16:37:18.675 [main] DEBUG o.s.d.a.r.q.AerospikeQueryCreator - AS:Alias 52.41.32.83:3000 failed: Error Code 11: java.net.SocketTimeoutException: connect timed out
16:37:18.676 [main] WARN  o.s.d.a.r.q.AerospikeQueryCreator - AS:Seed 52.41.32.83:3000 failed: Error Code 11: java.net.SocketTimeoutException: connect timed out
16:37:18.677 [main] WARN  o.s.c.s.GenericApplicationContext - Exception encountered during context initialization - cancelling refresh attempt
org.springframework.beans.factory.BeanCreationException: Error creating bean with name 'aerospikeTemplate' defined in org.springframework.data.aerospike.repository.TestConfigPerson: Bean instantiation via factory method failed; nested exception is org.springframework.beans.BeanInstantiationException: Failed to instantiate [org.springframework.data.aerospike.core.AerospikeTemplate]: Factory method 'aerospikeTemplate' threw exception; nested exception is org.springframework.beans.factory.BeanCreationException: Error creating bean with name 'aerospikeClient' defined in org.springframework.data.aerospike.repository.TestConfigPerson: Bean instantiation via factory method failed; nested exception is org.springframework.beans.BeanInstantiationException: Failed to instantiate [com.aerospike.client.AerospikeClient]: Factory method 'aerospikeClient' threw exception; nested exception is com.aerospike.client.AerospikeException$Connection: Error Code 11: Failed to connect to host(s): 
52.41.32.83:3000 Error Code 11: java.net.SocketTimeoutException: connect timed out

	at org.springframework.beans.factory.support.ConstructorResolver.instantiateUsingFactoryMethod(ConstructorResolver.java:599) ~[spring-beans-4.1.7.RELEASE.jar:4.1.7.RELEASE]
	at org.springframework.beans.factory.support.AbstractAutowireCapableBeanFactory.instantiateUsingFactoryMethod(AbstractAutowireCapableBeanFactory.java:1119) ~[spring-beans-4.1.7.RELEASE.jar:4.1.7.RELEASE]
	at org.springframework.beans.factory.support.AbstractAutowireCapableBeanFactory.createBeanInstance(AbstractAutowireCapableBeanFactory.java:1014) ~[spring-beans-4.1.7.RELEASE.jar:4.1.7.RELEASE]
	at org.springframework.beans.factory.support.AbstractAutowireCapableBeanFactory.doCreateBean(AbstractAutowireCapableBeanFactory.java:504) ~[spring-beans-4.1.7.RELEASE.jar:4.1.7.RELEASE]
	at org.springframework.beans.factory.support.AbstractAutowireCapableBeanFactory.createBean(AbstractAutowireCapableBeanFactory.java:476) ~[spring-beans-4.1.7.RELEASE.jar:4.1.7.RELEASE]
	at org.springframework.beans.factory.support.AbstractBeanFactory$1.getObject(AbstractBeanFactory.java:303) ~[spring-beans-4.1.7.RELEASE.jar:4.1.7.RELEASE]
	at org.springframework.beans.factory.support.DefaultSingletonBeanRegistry.getSingleton(DefaultSingletonBeanRegistry.java:230) ~[spring-beans-4.1.7.RELEASE.jar:4.1.7.RELEASE]
	at org.springframework.beans.factory.support.AbstractBeanFactory.doGetBean(AbstractBeanFactory.java:299) ~[spring-beans-4.1.7.RELEASE.jar:4.1.7.RELEASE]
	at org.springframework.beans.factory.support.AbstractBeanFactory.getBean(AbstractBeanFactory.java:194) ~[spring-beans-4.1.7.RELEASE.jar:4.1.7.RELEASE]
	at org.springframework.beans.factory.support.DefaultListableBeanFactory.preInstantiateSingletons(DefaultListableBeanFactory.java:755) ~[spring-beans-4.1.7.RELEASE.jar:4.1.7.RELEASE]
	at org.springframework.context.support.AbstractApplicationContext.finishBeanFactoryInitialization(AbstractApplicationContext.java:757) ~[spring-context-4.1.7.RELEASE.jar:4.1.7.RELEASE]
	at org.springframework.context.support.AbstractApplicationContext.refresh(AbstractApplicationContext.java:480) ~[spring-context-4.1.7.RELEASE.jar:4.1.7.RELEASE]
	at org.springframework.test.context.support.AbstractGenericContextLoader.loadContext(AbstractGenericContextLoader.java:125) [spring-test-4.1.7.RELEASE.jar:4.1.7.RELEASE]
	at org.springframework.test.context.support.AbstractGenericContextLoader.loadContext(AbstractGenericContextLoader.java:60) [spring-test-4.1.7.RELEASE.jar:4.1.7.RELEASE]
	at org.springframework.test.context.support.AbstractDelegatingSmartContextLoader.delegateLoading(AbstractDelegatingSmartContextLoader.java:109) [spring-test-4.1.7.RELEASE.jar:4.1.7.RELEASE]
	at org.springframework.test.context.support.AbstractDelegatingSmartContextLoader.loadContext(AbstractDelegatingSmartContextLoader.java:261) [spring-test-4.1.7.RELEASE.jar:4.1.7.RELEASE]
	at org.springframework.test.context.DefaultCacheAwareContextLoaderDelegate.loadContextInternal(DefaultCacheAwareContextLoaderDelegate.java:68) [spring-test-4.1.7.RELEASE.jar:4.1.7.RELEASE]
	at org.springframework.test.context.DefaultCacheAwareContextLoaderDelegate.loadContext(DefaultCacheAwareContextLoaderDelegate.java:86) [spring-test-4.1.7.RELEASE.jar:4.1.7.RELEASE]
	at org.springframework.test.context.DefaultTestContext.getApplicationContext(DefaultTestContext.java:72) [spring-test-4.1.7.RELEASE.jar:4.1.7.RELEASE]
	at org.springframework.test.context.support.DependencyInjectionTestExecutionListener.injectDependencies(DependencyInjectionTestExecutionListener.java:117) [spring-test-4.1.7.RELEASE.jar:4.1.7.RELEASE]
	at org.springframework.test.context.support.DependencyInjectionTestExecutionListener.prepareTestInstance(DependencyInjectionTestExecutionListener.java:83) [spring-test-4.1.7.RELEASE.jar:4.1.7.RELEASE]
	at org.springframework.test.context.TestContextManager.prepareTestInstance(TestContextManager.java:212) [spring-test-4.1.7.RELEASE.jar:4.1.7.RELEASE]
	at org.springframework.test.context.junit4.SpringJUnit4ClassRunner.createTest(SpringJUnit4ClassRunner.java:200) [spring-test-4.1.7.RELEASE.jar:4.1.7.RELEASE]
	at org.springframework.test.context.junit4.SpringJUnit4ClassRunner$1.runReflectiveCall(SpringJUnit4ClassRunner.java:259) [spring-test-4.1.7.RELEASE.jar:4.1.7.RELEASE]
	at org.junit.internal.runners.model.ReflectiveCallable.run(ReflectiveCallable.java:12) [junit-4.12.jar:4.12]
	at org.springframework.test.context.junit4.SpringJUnit4ClassRunner.methodBlock(SpringJUnit4ClassRunner.java:261) [spring-test-4.1.7.RELEASE.jar:4.1.7.RELEASE]
	at org.springframework.test.context.junit4.SpringJUnit4ClassRunner.runChild(SpringJUnit4ClassRunner.java:219) [spring-test-4.1.7.RELEASE.jar:4.1.7.RELEASE]
	at org.springframework.test.context.junit4.SpringJUnit4ClassRunner.runChild(SpringJUnit4ClassRunner.java:83) [spring-test-4.1.7.RELEASE.jar:4.1.7.RELEASE]
	at org.junit.runners.ParentRunner$3.run(ParentRunner.java:290) [junit-4.12.jar:4.12]
	at org.junit.runners.ParentRunner$1.schedule(ParentRunner.java:71) [junit-4.12.jar:4.12]
	at org.junit.runners.ParentRunner.runChildren(ParentRunner.java:288) [junit-4.12.jar:4.12]
	at org.junit.runners.ParentRunner.access$000(ParentRunner.java:58) [junit-4.12.jar:4.12]
	at org.junit.runners.ParentRunner$2.evaluate(ParentRunner.java:268) [junit-4.12.jar:4.12]
	at org.springframework.test.context.junit4.statements.RunBeforeTestClassCallbacks.evaluate(RunBeforeTestClassCallbacks.java:61) [spring-test-4.1.7.RELEASE.jar:4.1.7.RELEASE]
	at org.springframework.test.context.junit4.statements.RunAfterTestClassCallbacks.evaluate(RunAfterTestClassCallbacks.java:68) [spring-test-4.1.7.RELEASE.jar:4.1.7.RELEASE]
	at org.junit.runners.ParentRunner.run(ParentRunner.java:363) [junit-4.12.jar:4.12]
	at org.springframework.test.context.junit4.SpringJUnit4ClassRunner.run(SpringJUnit4ClassRunner.java:163) [spring-test-4.1.7.RELEASE.jar:4.1.7.RELEASE]
	at org.junit.runners.Suite.runChild(Suite.java:128) [junit-4.12.jar:4.12]
	at org.junit.runners.Suite.runChild(Suite.java:27) [junit-4.12.jar:4.12]
	at org.junit.runners.ParentRunner$3.run(ParentRunner.java:290) [junit-4.12.jar:4.12]
	at org.junit.runners.ParentRunner$1.schedule(ParentRunner.java:71) [junit-4.12.jar:4.12]
	at org.junit.runners.ParentRunner.runChildren(ParentRunner.java:288) [junit-4.12.jar:4.12]
	at org.junit.runners.ParentRunner.access$000(ParentRunner.java:58) [junit-4.12.jar:4.12]
	at org.junit.runners.ParentRunner$2.evaluate(ParentRunner.java:268) [junit-4.12.jar:4.12]
	at org.junit.runners.ParentRunner.run(ParentRunner.java:363) [junit-4.12.jar:4.12]
	at org.apache.maven.surefire.junit4.JUnit4Provider.execute(JUnit4Provider.java:283) [surefire-junit4-2.18.1.jar:2.18.1]
	at org.apache.maven.surefire.junit4.JUnit4Provider.executeWithRerun(JUnit4Provider.java:173) [surefire-junit4-2.18.1.jar:2.18.1]
	at org.apache.maven.surefire.junit4.JUnit4Provider.executeTestSet(JUnit4Provider.java:153) [surefire-junit4-2.18.1.jar:2.18.1]
	at org.apache.maven.surefire.junit4.JUnit4Provider.invoke(JUnit4Provider.java:128) [surefire-junit4-2.18.1.jar:2.18.1]
	at org.apache.maven.surefire.booter.ForkedBooter.invokeProviderInSameClassLoader(ForkedBooter.java:203) [surefire-booter-2.18.1.jar:2.18.1]
	at org.apache.maven.surefire.booter.ForkedBooter.runSuitesInProcess(ForkedBooter.java:155) [surefire-booter-2.18.1.jar:2.18.1]
	at org.apache.maven.surefire.booter.ForkedBooter.main(ForkedBooter.java:103) [surefire-booter-2.18.1.jar:2.18.1]
Caused by: org.springframework.beans.BeanInstantiationException: Failed to instantiate [org.springframework.data.aerospike.core.AerospikeTemplate]: Factory method 'aerospikeTemplate' threw exception; nested exception is org.springframework.beans.factory.BeanCreationException: Error creating bean with name 'aerospikeClient' defined in org.springframework.data.aerospike.repository.TestConfigPerson: Bean instantiation via factory method failed; nested exception is org.springframework.beans.BeanInstantiationException: Failed to instantiate [com.aerospike.client.AerospikeClient]: Factory method 'aerospikeClient' threw exception; nested exception is com.aerospike.client.AerospikeException$Connection: Error Code 11: Failed to connect to host(s): 
52.41.32.83:3000 Error Code 11: java.net.SocketTimeoutException: connect timed out

	at org.springframework.beans.factory.support.SimpleInstantiationStrategy.instantiate(SimpleInstantiationStrategy.java:189) ~[spring-beans-4.1.7.RELEASE.jar:4.1.7.RELEASE]
	at org.springframework.beans.factory.support.ConstructorResolver.instantiateUsingFactoryMethod(ConstructorResolver.java:588) ~[spring-beans-4.1.7.RELEASE.jar:4.1.7.RELEASE]
	... 51 common frames omitted
Caused by: org.springframework.beans.factory.BeanCreationException: Error creating bean with name 'aerospikeClient' defined in org.springframework.data.aerospike.repository.TestConfigPerson: Bean instantiation via factory method failed; nested exception is org.springframework.beans.BeanInstantiationException: Failed to instantiate [com.aerospike.client.AerospikeClient]: Factory method 'aerospikeClient' threw exception; nested exception is com.aerospike.client.AerospikeException$Connection: Error Code 11: Failed to connect to host(s): 
52.41.32.83:3000 Error Code 11: java.net.SocketTimeoutException: connect timed out

	at org.springframework.beans.factory.support.ConstructorResolver.instantiateUsingFactoryMethod(ConstructorResolver.java:599) ~[spring-beans-4.1.7.RELEASE.jar:4.1.7.RELEASE]
	at org.springframework.beans.factory.support.AbstractAutowireCapableBeanFactory.instantiateUsingFactoryMethod(AbstractAutowireCapableBeanFactory.java:1119) ~[spring-beans-4.1.7.RELEASE.jar:4.1.7.RELEASE]
	at org.springframework.beans.factory.support.AbstractAutowireCapableBeanFactory.createBeanInstance(AbstractAutowireCapableBeanFactory.java:1014) ~[spring-beans-4.1.7.RELEASE.jar:4.1.7.RELEASE]
	at org.springframework.beans.factory.support.AbstractAutowireCapableBeanFactory.doCreateBean(AbstractAutowireCapableBeanFactory.java:504) ~[spring-beans-4.1.7.RELEASE.jar:4.1.7.RELEASE]
	at org.springframework.beans.factory.support.AbstractAutowireCapableBeanFactory.createBean(AbstractAutowireCapableBeanFactory.java:476) ~[spring-beans-4.1.7.RELEASE.jar:4.1.7.RELEASE]
	at org.springframework.beans.factory.support.AbstractBeanFactory$1.getObject(AbstractBeanFactory.java:303) ~[spring-beans-4.1.7.RELEASE.jar:4.1.7.RELEASE]
	at org.springframework.beans.factory.support.DefaultSingletonBeanRegistry.getSingleton(DefaultSingletonBeanRegistry.java:230) ~[spring-beans-4.1.7.RELEASE.jar:4.1.7.RELEASE]
	at org.springframework.beans.factory.support.AbstractBeanFactory.doGetBean(AbstractBeanFactory.java:299) ~[spring-beans-4.1.7.RELEASE.jar:4.1.7.RELEASE]
	at org.springframework.beans.factory.support.AbstractBeanFactory.getBean(AbstractBeanFactory.java:194) ~[spring-beans-4.1.7.RELEASE.jar:4.1.7.RELEASE]
	at org.springframework.context.annotation.ConfigurationClassEnhancer$BeanMethodInterceptor.intercept(ConfigurationClassEnhancer.java:322) ~[spring-context-4.1.7.RELEASE.jar:4.1.7.RELEASE]
	at org.springframework.data.aerospike.repository.TestConfigPerson$$EnhancerBySpringCGLIB$$3f27a8da.aerospikeClient(<generated>) ~[spring-core-4.1.7.RELEASE.jar:na]
	at org.springframework.data.aerospike.repository.TestConfigPerson.aerospikeTemplate(TestConfigPerson.java:38) ~[test-classes/:na]
	at org.springframework.data.aerospike.repository.TestConfigPerson$$EnhancerBySpringCGLIB$$3f27a8da.CGLIB$aerospikeTemplate$0(<generated>) ~[spring-core-4.1.7.RELEASE.jar:na]
	at org.springframework.data.aerospike.repository.TestConfigPerson$$EnhancerBySpringCGLIB$$3f27a8da$$FastClassBySpringCGLIB$$38965c5e.invoke(<generated>) ~[spring-core-4.1.7.RELEASE.jar:na]
	at org.springframework.cglib.proxy.MethodProxy.invokeSuper(MethodProxy.java:228) ~[spring-core-4.1.7.RELEASE.jar:4.1.7.RELEASE]
	at org.springframework.context.annotation.ConfigurationClassEnhancer$BeanMethodInterceptor.intercept(ConfigurationClassEnhancer.java:309) ~[spring-context-4.1.7.RELEASE.jar:4.1.7.RELEASE]
	at org.springframework.data.aerospike.repository.TestConfigPerson$$EnhancerBySpringCGLIB$$3f27a8da.aerospikeTemplate(<generated>) ~[spring-core-4.1.7.RELEASE.jar:na]
	at sun.reflect.NativeMethodAccessorImpl.invoke0(Native Method) ~[na:1.8.0_91]
	at sun.reflect.NativeMethodAccessorImpl.invoke(NativeMethodAccessorImpl.java:62) ~[na:1.8.0_91]
	at sun.reflect.DelegatingMethodAccessorImpl.invoke(DelegatingMethodAccessorImpl.java:43) ~[na:1.8.0_91]
	at java.lang.reflect.Method.invoke(Method.java:498) ~[na:1.8.0_91]
	at org.springframework.beans.factory.support.SimpleInstantiationStrategy.instantiate(SimpleInstantiationStrategy.java:162) ~[spring-beans-4.1.7.RELEASE.jar:4.1.7.RELEASE]
	... 52 common frames omitted
Caused by: org.springframework.beans.BeanInstantiationException: Failed to instantiate [com.aerospike.client.AerospikeClient]: Factory method 'aerospikeClient' threw exception; nested exception is com.aerospike.client.AerospikeException$Connection: Error Code 11: Failed to connect to host(s): 
52.41.32.83:3000 Error Code 11: java.net.SocketTimeoutException: connect timed out

	at org.springframework.beans.factory.support.SimpleInstantiationStrategy.instantiate(SimpleInstantiationStrategy.java:189) ~[spring-beans-4.1.7.RELEASE.jar:4.1.7.RELEASE]
	at org.springframework.beans.factory.support.ConstructorResolver.instantiateUsingFactoryMethod(ConstructorResolver.java:588) ~[spring-beans-4.1.7.RELEASE.jar:4.1.7.RELEASE]
	... 73 common frames omitted
Caused by: com.aerospike.client.AerospikeException$Connection: Error Code 11: Failed to connect to host(s): 
52.41.32.83:3000 Error Code 11: java.net.SocketTimeoutException: connect timed out

	at com.aerospike.client.cluster.Cluster.seedNodes(Cluster.java:386) ~[aerospike-client-3.2.3.jar:na]
	at com.aerospike.client.cluster.Cluster.tend(Cluster.java:273) ~[aerospike-client-3.2.3.jar:na]
	at com.aerospike.client.cluster.Cluster.waitTillStabilized(Cluster.java:238) ~[aerospike-client-3.2.3.jar:na]
	at com.aerospike.client.cluster.Cluster.initTendThread(Cluster.java:148) ~[aerospike-client-3.2.3.jar:na]
	at com.aerospike.client.AerospikeClient.<init>(AerospikeClient.java:209) ~[aerospike-client-3.2.3.jar:na]
	at com.aerospike.client.AerospikeClient.<init>(AerospikeClient.java:173) ~[aerospike-client-3.2.3.jar:na]
	at org.springframework.data.aerospike.repository.TestConfigPerson.aerospikeClient(TestConfigPerson.java:32) ~[test-classes/:na]
	at org.springframework.data.aerospike.repository.TestConfigPerson$$EnhancerBySpringCGLIB$$3f27a8da.CGLIB$aerospikeClient$1(<generated>) ~[spring-core-4.1.7.RELEASE.jar:na]
	at org.springframework.data.aerospike.repository.TestConfigPerson$$EnhancerBySpringCGLIB$$3f27a8da$$FastClassBySpringCGLIB$$38965c5e.invoke(<generated>) ~[spring-core-4.1.7.RELEASE.jar:na]
	at org.springframework.cglib.proxy.MethodProxy.invokeSuper(MethodProxy.java:228) ~[spring-core-4.1.7.RELEASE.jar:4.1.7.RELEASE]
	at org.springframework.context.annotation.ConfigurationClassEnhancer$BeanMethodInterceptor.intercept(ConfigurationClassEnhancer.java:309) ~[spring-context-4.1.7.RELEASE.jar:4.1.7.RELEASE]
	at org.springframework.data.aerospike.repository.TestConfigPerson$$EnhancerBySpringCGLIB$$3f27a8da.aerospikeClient(<generated>) ~[spring-core-4.1.7.RELEASE.jar:na]
	at sun.reflect.NativeMethodAccessorImpl.invoke0(Native Method) ~[na:1.8.0_91]
	at sun.reflect.NativeMethodAccessorImpl.invoke(NativeMethodAccessorImpl.java:62) ~[na:1.8.0_91]
	at sun.reflect.DelegatingMethodAccessorImpl.invoke(DelegatingMethodAccessorImpl.java:43) ~[na:1.8.0_91]
	at java.lang.reflect.Method.invoke(Method.java:498) ~[na:1.8.0_91]
	at org.springframework.beans.factory.support.SimpleInstantiationStrategy.instantiate(SimpleInstantiationStrategy.java:162) ~[spring-beans-4.1.7.RELEASE.jar:4.1.7.RELEASE]
	... 74 common frames omitted
16:37:18.677 [main] DEBUG o.s.b.f.s.DefaultListableBeanFactory - Destroying singletons in org.springframework.beans.factory.support.DefaultListableBeanFactory@6090f3ca: defining beans [org.springframework.context.annotation.internalConfigurationAnnotationProcessor,org.springframework.context.annotation.internalAutowiredAnnotationProcessor,org.springframework.context.annotation.internalRequiredAnnotationProcessor,org.springframework.context.annotation.internalCommonAnnotationProcessor,testConfigPerson,org.springframework.context.annotation.ConfigurationClassPostProcessor.importAwareProcessor,org.springframework.context.annotation.ConfigurationClassPostProcessor.enhancedConfigurationProcessor,aerospikeTemplate,aerospikeClient,org.springframework.data.aerospike.repository.config.AerospikeRepositoriesRegistrar$AerospikeRepositoryConfigurationExtension#0,org.springframework.data.repository.core.support.RepositoryInterfaceAwareBeanPostProcessor,keyValueMappingContext,personRepository,contactRepository]; root of factory hierarchy
16:37:18.678 [main] ERROR o.s.test.context.TestContextManager - Caught exception while allowing TestExecutionListener [org.springframework.test.context.support.DependencyInjectionTestExecutionListener@48e7b3d2] to prepare test instance [org.springframework.data.aerospike.repository.PersonRepositoryIntegrationTests@46c00568]
java.lang.IllegalStateException: Failed to load ApplicationContext
	at org.springframework.test.context.DefaultCacheAwareContextLoaderDelegate.loadContext(DefaultCacheAwareContextLoaderDelegate.java:94) ~[spring-test-4.1.7.RELEASE.jar:4.1.7.RELEASE]
	at org.springframework.test.context.DefaultTestContext.getApplicationContext(DefaultTestContext.java:72) ~[spring-test-4.1.7.RELEASE.jar:4.1.7.RELEASE]
	at org.springframework.test.context.support.DependencyInjectionTestExecutionListener.injectDependencies(DependencyInjectionTestExecutionListener.java:117) ~[spring-test-4.1.7.RELEASE.jar:4.1.7.RELEASE]
	at org.springframework.test.context.support.DependencyInjectionTestExecutionListener.prepareTestInstance(DependencyInjectionTestExecutionListener.java:83) ~[spring-test-4.1.7.RELEASE.jar:4.1.7.RELEASE]
	at org.springframework.test.context.TestContextManager.prepareTestInstance(TestContextManager.java:212) ~[spring-test-4.1.7.RELEASE.jar:4.1.7.RELEASE]
	at org.springframework.test.context.junit4.SpringJUnit4ClassRunner.createTest(SpringJUnit4ClassRunner.java:200) [spring-test-4.1.7.RELEASE.jar:4.1.7.RELEASE]
	at org.springframework.test.context.junit4.SpringJUnit4ClassRunner$1.runReflectiveCall(SpringJUnit4ClassRunner.java:259) [spring-test-4.1.7.RELEASE.jar:4.1.7.RELEASE]
	at org.junit.internal.runners.model.ReflectiveCallable.run(ReflectiveCallable.java:12) [junit-4.12.jar:4.12]
	at org.springframework.test.context.junit4.SpringJUnit4ClassRunner.methodBlock(SpringJUnit4ClassRunner.java:261) [spring-test-4.1.7.RELEASE.jar:4.1.7.RELEASE]
	at org.springframework.test.context.junit4.SpringJUnit4ClassRunner.runChild(SpringJUnit4ClassRunner.java:219) [spring-test-4.1.7.RELEASE.jar:4.1.7.RELEASE]
	at org.springframework.test.context.junit4.SpringJUnit4ClassRunner.runChild(SpringJUnit4ClassRunner.java:83) [spring-test-4.1.7.RELEASE.jar:4.1.7.RELEASE]
	at org.junit.runners.ParentRunner$3.run(ParentRunner.java:290) [junit-4.12.jar:4.12]
	at org.junit.runners.ParentRunner$1.schedule(ParentRunner.java:71) [junit-4.12.jar:4.12]
	at org.junit.runners.ParentRunner.runChildren(ParentRunner.java:288) [junit-4.12.jar:4.12]
	at org.junit.runners.ParentRunner.access$000(ParentRunner.java:58) [junit-4.12.jar:4.12]
	at org.junit.runners.ParentRunner$2.evaluate(ParentRunner.java:268) [junit-4.12.jar:4.12]
	at org.springframework.test.context.junit4.statements.RunBeforeTestClassCallbacks.evaluate(RunBeforeTestClassCallbacks.java:61) [spring-test-4.1.7.RELEASE.jar:4.1.7.RELEASE]
	at org.springframework.test.context.junit4.statements.RunAfterTestClassCallbacks.evaluate(RunAfterTestClassCallbacks.java:68) [spring-test-4.1.7.RELEASE.jar:4.1.7.RELEASE]
	at org.junit.runners.ParentRunner.run(ParentRunner.java:363) [junit-4.12.jar:4.12]
	at org.springframework.test.context.junit4.SpringJUnit4ClassRunner.run(SpringJUnit4ClassRunner.java:163) [spring-test-4.1.7.RELEASE.jar:4.1.7.RELEASE]
	at org.junit.runners.Suite.runChild(Suite.java:128) [junit-4.12.jar:4.12]
	at org.junit.runners.Suite.runChild(Suite.java:27) [junit-4.12.jar:4.12]
	at org.junit.runners.ParentRunner$3.run(ParentRunner.java:290) [junit-4.12.jar:4.12]
	at org.junit.runners.ParentRunner$1.schedule(ParentRunner.java:71) [junit-4.12.jar:4.12]
	at org.junit.runners.ParentRunner.runChildren(ParentRunner.java:288) [junit-4.12.jar:4.12]
	at org.junit.runners.ParentRunner.access$000(ParentRunner.java:58) [junit-4.12.jar:4.12]
	at org.junit.runners.ParentRunner$2.evaluate(ParentRunner.java:268) [junit-4.12.jar:4.12]
	at org.junit.runners.ParentRunner.run(ParentRunner.java:363) [junit-4.12.jar:4.12]
	at org.apache.maven.surefire.junit4.JUnit4Provider.execute(JUnit4Provider.java:283) [surefire-junit4-2.18.1.jar:2.18.1]
	at org.apache.maven.surefire.junit4.JUnit4Provider.executeWithRerun(JUnit4Provider.java:173) [surefire-junit4-2.18.1.jar:2.18.1]
	at org.apache.maven.surefire.junit4.JUnit4Provider.executeTestSet(JUnit4Provider.java:153) [surefire-junit4-2.18.1.jar:2.18.1]
	at org.apache.maven.surefire.junit4.JUnit4Provider.invoke(JUnit4Provider.java:128) [surefire-junit4-2.18.1.jar:2.18.1]
	at org.apache.maven.surefire.booter.ForkedBooter.invokeProviderInSameClassLoader(ForkedBooter.java:203) [surefire-booter-2.18.1.jar:2.18.1]
	at org.apache.maven.surefire.booter.ForkedBooter.runSuitesInProcess(ForkedBooter.java:155) [surefire-booter-2.18.1.jar:2.18.1]
	at org.apache.maven.surefire.booter.ForkedBooter.main(ForkedBooter.java:103) [surefire-booter-2.18.1.jar:2.18.1]
Caused by: org.springframework.beans.factory.BeanCreationException: Error creating bean with name 'aerospikeTemplate' defined in org.springframework.data.aerospike.repository.TestConfigPerson: Bean instantiation via factory method failed; nested exception is org.springframework.beans.BeanInstantiationException: Failed to instantiate [org.springframework.data.aerospike.core.AerospikeTemplate]: Factory method 'aerospikeTemplate' threw exception; nested exception is org.springframework.beans.factory.BeanCreationException: Error creating bean with name 'aerospikeClient' defined in org.springframework.data.aerospike.repository.TestConfigPerson: Bean instantiation via factory method failed; nested exception is org.springframework.beans.BeanInstantiationException: Failed to instantiate [com.aerospike.client.AerospikeClient]: Factory method 'aerospikeClient' threw exception; nested exception is com.aerospike.client.AerospikeException$Connection: Error Code 11: Failed to connect to host(s): 
52.41.32.83:3000 Error Code 11: java.net.SocketTimeoutException: connect timed out

	at org.springframework.beans.factory.support.ConstructorResolver.instantiateUsingFactoryMethod(ConstructorResolver.java:599) ~[spring-beans-4.1.7.RELEASE.jar:4.1.7.RELEASE]
	at org.springframework.beans.factory.support.AbstractAutowireCapableBeanFactory.instantiateUsingFactoryMethod(AbstractAutowireCapableBeanFactory.java:1119) ~[spring-beans-4.1.7.RELEASE.jar:4.1.7.RELEASE]
	at org.springframework.beans.factory.support.AbstractAutowireCapableBeanFactory.createBeanInstance(AbstractAutowireCapableBeanFactory.java:1014) ~[spring-beans-4.1.7.RELEASE.jar:4.1.7.RELEASE]
	at org.springframework.beans.factory.support.AbstractAutowireCapableBeanFactory.doCreateBean(AbstractAutowireCapableBeanFactory.java:504) ~[spring-beans-4.1.7.RELEASE.jar:4.1.7.RELEASE]
	at org.springframework.beans.factory.support.AbstractAutowireCapableBeanFactory.createBean(AbstractAutowireCapableBeanFactory.java:476) ~[spring-beans-4.1.7.RELEASE.jar:4.1.7.RELEASE]
	at org.springframework.beans.factory.support.AbstractBeanFactory$1.getObject(AbstractBeanFactory.java:303) ~[spring-beans-4.1.7.RELEASE.jar:4.1.7.RELEASE]
	at org.springframework.beans.factory.support.DefaultSingletonBeanRegistry.getSingleton(DefaultSingletonBeanRegistry.java:230) ~[spring-beans-4.1.7.RELEASE.jar:4.1.7.RELEASE]
	at org.springframework.beans.factory.support.AbstractBeanFactory.doGetBean(AbstractBeanFactory.java:299) ~[spring-beans-4.1.7.RELEASE.jar:4.1.7.RELEASE]
	at org.springframework.beans.factory.support.AbstractBeanFactory.getBean(AbstractBeanFactory.java:194) ~[spring-beans-4.1.7.RELEASE.jar:4.1.7.RELEASE]
	at org.springframework.beans.factory.support.DefaultListableBeanFactory.preInstantiateSingletons(DefaultListableBeanFactory.java:755) ~[spring-beans-4.1.7.RELEASE.jar:4.1.7.RELEASE]
	at org.springframework.context.support.AbstractApplicationContext.finishBeanFactoryInitialization(AbstractApplicationContext.java:757) ~[spring-context-4.1.7.RELEASE.jar:4.1.7.RELEASE]
	at org.springframework.context.support.AbstractApplicationContext.refresh(AbstractApplicationContext.java:480) ~[spring-context-4.1.7.RELEASE.jar:4.1.7.RELEASE]
	at org.springframework.test.context.support.AbstractGenericContextLoader.loadContext(AbstractGenericContextLoader.java:125) ~[spring-test-4.1.7.RELEASE.jar:4.1.7.RELEASE]
	at org.springframework.test.context.support.AbstractGenericContextLoader.loadContext(AbstractGenericContextLoader.java:60) ~[spring-test-4.1.7.RELEASE.jar:4.1.7.RELEASE]
	at org.springframework.test.context.support.AbstractDelegatingSmartContextLoader.delegateLoading(AbstractDelegatingSmartContextLoader.java:109) ~[spring-test-4.1.7.RELEASE.jar:4.1.7.RELEASE]
	at org.springframework.test.context.support.AbstractDelegatingSmartContextLoader.loadContext(AbstractDelegatingSmartContextLoader.java:261) ~[spring-test-4.1.7.RELEASE.jar:4.1.7.RELEASE]
	at org.springframework.test.context.DefaultCacheAwareContextLoaderDelegate.loadContextInternal(DefaultCacheAwareContextLoaderDelegate.java:68) ~[spring-test-4.1.7.RELEASE.jar:4.1.7.RELEASE]
	at org.springframework.test.context.DefaultCacheAwareContextLoaderDelegate.loadContext(DefaultCacheAwareContextLoaderDelegate.java:86) ~[spring-test-4.1.7.RELEASE.jar:4.1.7.RELEASE]
	... 34 common frames omitted
Caused by: org.springframework.beans.BeanInstantiationException: Failed to instantiate [org.springframework.data.aerospike.core.AerospikeTemplate]: Factory method 'aerospikeTemplate' threw exception; nested exception is org.springframework.beans.factory.BeanCreationException: Error creating bean with name 'aerospikeClient' defined in org.springframework.data.aerospike.repository.TestConfigPerson: Bean instantiation via factory method failed; nested exception is org.springframework.beans.BeanInstantiationException: Failed to instantiate [com.aerospike.client.AerospikeClient]: Factory method 'aerospikeClient' threw exception; nested exception is com.aerospike.client.AerospikeException$Connection: Error Code 11: Failed to connect to host(s): 
52.41.32.83:3000 Error Code 11: java.net.SocketTimeoutException: connect timed out

	at org.springframework.beans.factory.support.SimpleInstantiationStrategy.instantiate(SimpleInstantiationStrategy.java:189) ~[spring-beans-4.1.7.RELEASE.jar:4.1.7.RELEASE]
	at org.springframework.beans.factory.support.ConstructorResolver.instantiateUsingFactoryMethod(ConstructorResolver.java:588) ~[spring-beans-4.1.7.RELEASE.jar:4.1.7.RELEASE]
	... 51 common frames omitted
Caused by: org.springframework.beans.factory.BeanCreationException: Error creating bean with name 'aerospikeClient' defined in org.springframework.data.aerospike.repository.TestConfigPerson: Bean instantiation via factory method failed; nested exception is org.springframework.beans.BeanInstantiationException: Failed to instantiate [com.aerospike.client.AerospikeClient]: Factory method 'aerospikeClient' threw exception; nested exception is com.aerospike.client.AerospikeException$Connection: Error Code 11: Failed to connect to host(s): 
52.41.32.83:3000 Error Code 11: java.net.SocketTimeoutException: connect timed out

	at org.springframework.beans.factory.support.ConstructorResolver.instantiateUsingFactoryMethod(ConstructorResolver.java:599) ~[spring-beans-4.1.7.RELEASE.jar:4.1.7.RELEASE]
	at org.springframework.beans.factory.support.AbstractAutowireCapableBeanFactory.instantiateUsingFactoryMethod(AbstractAutowireCapableBeanFactory.java:1119) ~[spring-beans-4.1.7.RELEASE.jar:4.1.7.RELEASE]
	at org.springframework.beans.factory.support.AbstractAutowireCapableBeanFactory.createBeanInstance(AbstractAutowireCapableBeanFactory.java:1014) ~[spring-beans-4.1.7.RELEASE.jar:4.1.7.RELEASE]
	at org.springframework.beans.factory.support.AbstractAutowireCapableBeanFactory.doCreateBean(AbstractAutowireCapableBeanFactory.java:504) ~[spring-beans-4.1.7.RELEASE.jar:4.1.7.RELEASE]
	at org.springframework.beans.factory.support.AbstractAutowireCapableBeanFactory.createBean(AbstractAutowireCapableBeanFactory.java:476) ~[spring-beans-4.1.7.RELEASE.jar:4.1.7.RELEASE]
	at org.springframework.beans.factory.support.AbstractBeanFactory$1.getObject(AbstractBeanFactory.java:303) ~[spring-beans-4.1.7.RELEASE.jar:4.1.7.RELEASE]
	at org.springframework.beans.factory.support.DefaultSingletonBeanRegistry.getSingleton(DefaultSingletonBeanRegistry.java:230) ~[spring-beans-4.1.7.RELEASE.jar:4.1.7.RELEASE]
	at org.springframework.beans.factory.support.AbstractBeanFactory.doGetBean(AbstractBeanFactory.java:299) ~[spring-beans-4.1.7.RELEASE.jar:4.1.7.RELEASE]
	at org.springframework.beans.factory.support.AbstractBeanFactory.getBean(AbstractBeanFactory.java:194) ~[spring-beans-4.1.7.RELEASE.jar:4.1.7.RELEASE]
	at org.springframework.context.annotation.ConfigurationClassEnhancer$BeanMethodInterceptor.intercept(ConfigurationClassEnhancer.java:322) ~[spring-context-4.1.7.RELEASE.jar:4.1.7.RELEASE]
	at org.springframework.data.aerospike.repository.TestConfigPerson$$EnhancerBySpringCGLIB$$3f27a8da.aerospikeClient(<generated>) ~[spring-core-4.1.7.RELEASE.jar:na]
	at org.springframework.data.aerospike.repository.TestConfigPerson.aerospikeTemplate(TestConfigPerson.java:38) ~[test-classes/:na]
	at org.springframework.data.aerospike.repository.TestConfigPerson$$EnhancerBySpringCGLIB$$3f27a8da.CGLIB$aerospikeTemplate$0(<generated>) ~[spring-core-4.1.7.RELEASE.jar:na]
	at org.springframework.data.aerospike.repository.TestConfigPerson$$EnhancerBySpringCGLIB$$3f27a8da$$FastClassBySpringCGLIB$$38965c5e.invoke(<generated>) ~[spring-core-4.1.7.RELEASE.jar:na]
	at org.springframework.cglib.proxy.MethodProxy.invokeSuper(MethodProxy.java:228) ~[spring-core-4.1.7.RELEASE.jar:4.1.7.RELEASE]
	at org.springframework.context.annotation.ConfigurationClassEnhancer$BeanMethodInterceptor.intercept(ConfigurationClassEnhancer.java:309) ~[spring-context-4.1.7.RELEASE.jar:4.1.7.RELEASE]
	at org.springframework.data.aerospike.repository.TestConfigPerson$$EnhancerBySpringCGLIB$$3f27a8da.aerospikeTemplate(<generated>) ~[spring-core-4.1.7.RELEASE.jar:na]
	at sun.reflect.NativeMethodAccessorImpl.invoke0(Native Method) ~[na:1.8.0_91]
	at sun.reflect.NativeMethodAccessorImpl.invoke(NativeMethodAccessorImpl.java:62) ~[na:1.8.0_91]
	at sun.reflect.DelegatingMethodAccessorImpl.invoke(DelegatingMethodAccessorImpl.java:43) ~[na:1.8.0_91]
	at java.lang.reflect.Method.invoke(Method.java:498) ~[na:1.8.0_91]
	at org.springframework.beans.factory.support.SimpleInstantiationStrategy.instantiate(SimpleInstantiationStrategy.java:162) ~[spring-beans-4.1.7.RELEASE.jar:4.1.7.RELEASE]
	... 52 common frames omitted
Caused by: org.springframework.beans.BeanInstantiationException: Failed to instantiate [com.aerospike.client.AerospikeClient]: Factory method 'aerospikeClient' threw exception; nested exception is com.aerospike.client.AerospikeException$Connection: Error Code 11: Failed to connect to host(s): 
52.41.32.83:3000 Error Code 11: java.net.SocketTimeoutException: connect timed out

	at org.springframework.beans.factory.support.SimpleInstantiationStrategy.instantiate(SimpleInstantiationStrategy.java:189) ~[spring-beans-4.1.7.RELEASE.jar:4.1.7.RELEASE]
	at org.springframework.beans.factory.support.ConstructorResolver.instantiateUsingFactoryMethod(ConstructorResolver.java:588) ~[spring-beans-4.1.7.RELEASE.jar:4.1.7.RELEASE]
	... 73 common frames omitted
Caused by: com.aerospike.client.AerospikeException$Connection: Error Code 11: Failed to connect to host(s): 
52.41.32.83:3000 Error Code 11: java.net.SocketTimeoutException: connect timed out

	at com.aerospike.client.cluster.Cluster.seedNodes(Cluster.java:386) ~[aerospike-client-3.2.3.jar:na]
	at com.aerospike.client.cluster.Cluster.tend(Cluster.java:273) ~[aerospike-client-3.2.3.jar:na]
	at com.aerospike.client.cluster.Cluster.waitTillStabilized(Cluster.java:238) ~[aerospike-client-3.2.3.jar:na]
	at com.aerospike.client.cluster.Cluster.initTendThread(Cluster.java:148) ~[aerospike-client-3.2.3.jar:na]
	at com.aerospike.client.AerospikeClient.<init>(AerospikeClient.java:209) ~[aerospike-client-3.2.3.jar:na]
	at com.aerospike.client.AerospikeClient.<init>(AerospikeClient.java:173) ~[aerospike-client-3.2.3.jar:na]
	at org.springframework.data.aerospike.repository.TestConfigPerson.aerospikeClient(TestConfigPerson.java:32) ~[test-classes/:na]
	at org.springframework.data.aerospike.repository.TestConfigPerson$$EnhancerBySpringCGLIB$$3f27a8da.CGLIB$aerospikeClient$1(<generated>) ~[spring-core-4.1.7.RELEASE.jar:na]
	at org.springframework.data.aerospike.repository.TestConfigPerson$$EnhancerBySpringCGLIB$$3f27a8da$$FastClassBySpringCGLIB$$38965c5e.invoke(<generated>) ~[spring-core-4.1.7.RELEASE.jar:na]
	at org.springframework.cglib.proxy.MethodProxy.invokeSuper(MethodProxy.java:228) ~[spring-core-4.1.7.RELEASE.jar:4.1.7.RELEASE]
	at org.springframework.context.annotation.ConfigurationClassEnhancer$BeanMethodInterceptor.intercept(ConfigurationClassEnhancer.java:309) ~[spring-context-4.1.7.RELEASE.jar:4.1.7.RELEASE]
	at org.springframework.data.aerospike.repository.TestConfigPerson$$EnhancerBySpringCGLIB$$3f27a8da.aerospikeClient(<generated>) ~[spring-core-4.1.7.RELEASE.jar:na]
	at sun.reflect.NativeMethodAccessorImpl.invoke0(Native Method) ~[na:1.8.0_91]
	at sun.reflect.NativeMethodAccessorImpl.invoke(NativeMethodAccessorImpl.java:62) ~[na:1.8.0_91]
	at sun.reflect.DelegatingMethodAccessorImpl.invoke(DelegatingMethodAccessorImpl.java:43) ~[na:1.8.0_91]
	at java.lang.reflect.Method.invoke(Method.java:498) ~[na:1.8.0_91]
	at org.springframework.beans.factory.support.SimpleInstantiationStrategy.instantiate(SimpleInstantiationStrategy.java:162) ~[spring-beans-4.1.7.RELEASE.jar:4.1.7.RELEASE]
	... 74 common frames omitted
]]></system-out>
  </testcase>
  <testcase name="findsPersonByNameRetriveShippingAddressesCorrectly" classname="org.springframework.data.aerospike.repository.PersonRepositoryIntegrationTests" time="0.001">
    <error message="Failed to load ApplicationContext" type="java.lang.IllegalStateException"><![CDATA[java.lang.IllegalStateException: Failed to load ApplicationContext
	at org.springframework.test.context.DefaultCacheAwareContextLoaderDelegate.loadContext(DefaultCacheAwareContextLoaderDelegate.java:94)
	at org.springframework.test.context.DefaultTestContext.getApplicationContext(DefaultTestContext.java:72)
	at org.springframework.test.context.support.DependencyInjectionTestExecutionListener.injectDependencies(DependencyInjectionTestExecutionListener.java:117)
	at org.springframework.test.context.support.DependencyInjectionTestExecutionListener.prepareTestInstance(DependencyInjectionTestExecutionListener.java:83)
	at org.springframework.test.context.TestContextManager.prepareTestInstance(TestContextManager.java:212)
	at org.springframework.test.context.junit4.SpringJUnit4ClassRunner.createTest(SpringJUnit4ClassRunner.java:200)
	at org.springframework.test.context.junit4.SpringJUnit4ClassRunner$1.runReflectiveCall(SpringJUnit4ClassRunner.java:259)
	at org.junit.internal.runners.model.ReflectiveCallable.run(ReflectiveCallable.java:12)
	at org.springframework.test.context.junit4.SpringJUnit4ClassRunner.methodBlock(SpringJUnit4ClassRunner.java:261)
	at org.springframework.test.context.junit4.SpringJUnit4ClassRunner.runChild(SpringJUnit4ClassRunner.java:219)
	at org.springframework.test.context.junit4.SpringJUnit4ClassRunner.runChild(SpringJUnit4ClassRunner.java:83)
	at org.junit.runners.ParentRunner$3.run(ParentRunner.java:290)
	at org.junit.runners.ParentRunner$1.schedule(ParentRunner.java:71)
	at org.junit.runners.ParentRunner.runChildren(ParentRunner.java:288)
	at org.junit.runners.ParentRunner.access$000(ParentRunner.java:58)
	at org.junit.runners.ParentRunner$2.evaluate(ParentRunner.java:268)
	at org.springframework.test.context.junit4.statements.RunBeforeTestClassCallbacks.evaluate(RunBeforeTestClassCallbacks.java:61)
	at org.springframework.test.context.junit4.statements.RunAfterTestClassCallbacks.evaluate(RunAfterTestClassCallbacks.java:68)
	at org.junit.runners.ParentRunner.run(ParentRunner.java:363)
	at org.springframework.test.context.junit4.SpringJUnit4ClassRunner.run(SpringJUnit4ClassRunner.java:163)
	at org.junit.runners.Suite.runChild(Suite.java:128)
	at org.junit.runners.Suite.runChild(Suite.java:27)
	at org.junit.runners.ParentRunner$3.run(ParentRunner.java:290)
	at org.junit.runners.ParentRunner$1.schedule(ParentRunner.java:71)
	at org.junit.runners.ParentRunner.runChildren(ParentRunner.java:288)
	at org.junit.runners.ParentRunner.access$000(ParentRunner.java:58)
	at org.junit.runners.ParentRunner$2.evaluate(ParentRunner.java:268)
	at org.junit.runners.ParentRunner.run(ParentRunner.java:363)
	at org.apache.maven.surefire.junit4.JUnit4Provider.execute(JUnit4Provider.java:283)
	at org.apache.maven.surefire.junit4.JUnit4Provider.executeWithRerun(JUnit4Provider.java:173)
	at org.apache.maven.surefire.junit4.JUnit4Provider.executeTestSet(JUnit4Provider.java:153)
	at org.apache.maven.surefire.junit4.JUnit4Provider.invoke(JUnit4Provider.java:128)
	at org.apache.maven.surefire.booter.ForkedBooter.invokeProviderInSameClassLoader(ForkedBooter.java:203)
	at org.apache.maven.surefire.booter.ForkedBooter.runSuitesInProcess(ForkedBooter.java:155)
	at org.apache.maven.surefire.booter.ForkedBooter.main(ForkedBooter.java:103)
Caused by: org.springframework.beans.factory.BeanCreationException: Error creating bean with name 'aerospikeTemplate' defined in org.springframework.data.aerospike.repository.TestConfigPerson: Bean instantiation via factory method failed; nested exception is org.springframework.beans.BeanInstantiationException: Failed to instantiate [org.springframework.data.aerospike.core.AerospikeTemplate]: Factory method 'aerospikeTemplate' threw exception; nested exception is org.springframework.beans.factory.BeanCreationException: Error creating bean with name 'aerospikeClient' defined in org.springframework.data.aerospike.repository.TestConfigPerson: Bean instantiation via factory method failed; nested exception is org.springframework.beans.BeanInstantiationException: Failed to instantiate [com.aerospike.client.AerospikeClient]: Factory method 'aerospikeClient' threw exception; nested exception is com.aerospike.client.AerospikeException$Connection: Error Code 11: Failed to connect to host(s): 
52.41.32.83:3000 Error Code 11: java.net.SocketTimeoutException: connect timed out

	at org.springframework.beans.factory.support.ConstructorResolver.instantiateUsingFactoryMethod(ConstructorResolver.java:599)
	at org.springframework.beans.factory.support.AbstractAutowireCapableBeanFactory.instantiateUsingFactoryMethod(AbstractAutowireCapableBeanFactory.java:1119)
	at org.springframework.beans.factory.support.AbstractAutowireCapableBeanFactory.createBeanInstance(AbstractAutowireCapableBeanFactory.java:1014)
	at org.springframework.beans.factory.support.AbstractAutowireCapableBeanFactory.doCreateBean(AbstractAutowireCapableBeanFactory.java:504)
	at org.springframework.beans.factory.support.AbstractAutowireCapableBeanFactory.createBean(AbstractAutowireCapableBeanFactory.java:476)
	at org.springframework.beans.factory.support.AbstractBeanFactory$1.getObject(AbstractBeanFactory.java:303)
	at org.springframework.beans.factory.support.DefaultSingletonBeanRegistry.getSingleton(DefaultSingletonBeanRegistry.java:230)
	at org.springframework.beans.factory.support.AbstractBeanFactory.doGetBean(AbstractBeanFactory.java:299)
	at org.springframework.beans.factory.support.AbstractBeanFactory.getBean(AbstractBeanFactory.java:194)
	at org.springframework.beans.factory.support.DefaultListableBeanFactory.preInstantiateSingletons(DefaultListableBeanFactory.java:755)
	at org.springframework.context.support.AbstractApplicationContext.finishBeanFactoryInitialization(AbstractApplicationContext.java:757)
	at org.springframework.context.support.AbstractApplicationContext.refresh(AbstractApplicationContext.java:480)
	at org.springframework.test.context.support.AbstractGenericContextLoader.loadContext(AbstractGenericContextLoader.java:125)
	at org.springframework.test.context.support.AbstractGenericContextLoader.loadContext(AbstractGenericContextLoader.java:60)
	at org.springframework.test.context.support.AbstractDelegatingSmartContextLoader.delegateLoading(AbstractDelegatingSmartContextLoader.java:109)
	at org.springframework.test.context.support.AbstractDelegatingSmartContextLoader.loadContext(AbstractDelegatingSmartContextLoader.java:261)
	at org.springframework.test.context.DefaultCacheAwareContextLoaderDelegate.loadContextInternal(DefaultCacheAwareContextLoaderDelegate.java:68)
	at org.springframework.test.context.DefaultCacheAwareContextLoaderDelegate.loadContext(DefaultCacheAwareContextLoaderDelegate.java:86)
	at org.springframework.test.context.DefaultTestContext.getApplicationContext(DefaultTestContext.java:72)
	at org.springframework.test.context.support.DependencyInjectionTestExecutionListener.injectDependencies(DependencyInjectionTestExecutionListener.java:117)
	at org.springframework.test.context.support.DependencyInjectionTestExecutionListener.prepareTestInstance(DependencyInjectionTestExecutionListener.java:83)
	at org.springframework.test.context.TestContextManager.prepareTestInstance(TestContextManager.java:212)
	at org.springframework.test.context.junit4.SpringJUnit4ClassRunner.createTest(SpringJUnit4ClassRunner.java:200)
	at org.springframework.test.context.junit4.SpringJUnit4ClassRunner$1.runReflectiveCall(SpringJUnit4ClassRunner.java:259)
	at org.junit.internal.runners.model.ReflectiveCallable.run(ReflectiveCallable.java:12)
	at org.springframework.test.context.junit4.SpringJUnit4ClassRunner.methodBlock(SpringJUnit4ClassRunner.java:261)
	at org.springframework.test.context.junit4.SpringJUnit4ClassRunner.runChild(SpringJUnit4ClassRunner.java:219)
	at org.springframework.test.context.junit4.SpringJUnit4ClassRunner.runChild(SpringJUnit4ClassRunner.java:83)
	at org.junit.runners.ParentRunner$3.run(ParentRunner.java:290)
	at org.junit.runners.ParentRunner$1.schedule(ParentRunner.java:71)
	at org.junit.runners.ParentRunner.runChildren(ParentRunner.java:288)
	at org.junit.runners.ParentRunner.access$000(ParentRunner.java:58)
	at org.junit.runners.ParentRunner$2.evaluate(ParentRunner.java:268)
	at org.springframework.test.context.junit4.statements.RunBeforeTestClassCallbacks.evaluate(RunBeforeTestClassCallbacks.java:61)
	at org.springframework.test.context.junit4.statements.RunAfterTestClassCallbacks.evaluate(RunAfterTestClassCallbacks.java:68)
	at org.junit.runners.ParentRunner.run(ParentRunner.java:363)
	at org.springframework.test.context.junit4.SpringJUnit4ClassRunner.run(SpringJUnit4ClassRunner.java:163)
	at org.junit.runners.Suite.runChild(Suite.java:128)
	at org.junit.runners.Suite.runChild(Suite.java:27)
	at org.junit.runners.ParentRunner$3.run(ParentRunner.java:290)
	at org.junit.runners.ParentRunner$1.schedule(ParentRunner.java:71)
	at org.junit.runners.ParentRunner.runChildren(ParentRunner.java:288)
	at org.junit.runners.ParentRunner.access$000(ParentRunner.java:58)
	at org.junit.runners.ParentRunner$2.evaluate(ParentRunner.java:268)
	at org.junit.runners.ParentRunner.run(ParentRunner.java:363)
	at org.apache.maven.surefire.junit4.JUnit4Provider.execute(JUnit4Provider.java:283)
	at org.apache.maven.surefire.junit4.JUnit4Provider.executeWithRerun(JUnit4Provider.java:173)
	at org.apache.maven.surefire.junit4.JUnit4Provider.executeTestSet(JUnit4Provider.java:153)
	at org.apache.maven.surefire.junit4.JUnit4Provider.invoke(JUnit4Provider.java:128)
	at org.apache.maven.surefire.booter.ForkedBooter.invokeProviderInSameClassLoader(ForkedBooter.java:203)
	at org.apache.maven.surefire.booter.ForkedBooter.runSuitesInProcess(ForkedBooter.java:155)
	at org.apache.maven.surefire.booter.ForkedBooter.main(ForkedBooter.java:103)
Caused by: org.springframework.beans.BeanInstantiationException: Failed to instantiate [org.springframework.data.aerospike.core.AerospikeTemplate]: Factory method 'aerospikeTemplate' threw exception; nested exception is org.springframework.beans.factory.BeanCreationException: Error creating bean with name 'aerospikeClient' defined in org.springframework.data.aerospike.repository.TestConfigPerson: Bean instantiation via factory method failed; nested exception is org.springframework.beans.BeanInstantiationException: Failed to instantiate [com.aerospike.client.AerospikeClient]: Factory method 'aerospikeClient' threw exception; nested exception is com.aerospike.client.AerospikeException$Connection: Error Code 11: Failed to connect to host(s): 
52.41.32.83:3000 Error Code 11: java.net.SocketTimeoutException: connect timed out

	at org.springframework.beans.factory.support.SimpleInstantiationStrategy.instantiate(SimpleInstantiationStrategy.java:189)
	at org.springframework.beans.factory.support.ConstructorResolver.instantiateUsingFactoryMethod(ConstructorResolver.java:588)
	at org.springframework.beans.factory.support.AbstractAutowireCapableBeanFactory.instantiateUsingFactoryMethod(AbstractAutowireCapableBeanFactory.java:1119)
	at org.springframework.beans.factory.support.AbstractAutowireCapableBeanFactory.createBeanInstance(AbstractAutowireCapableBeanFactory.java:1014)
	at org.springframework.beans.factory.support.AbstractAutowireCapableBeanFactory.doCreateBean(AbstractAutowireCapableBeanFactory.java:504)
	at org.springframework.beans.factory.support.AbstractAutowireCapableBeanFactory.createBean(AbstractAutowireCapableBeanFactory.java:476)
	at org.springframework.beans.factory.support.AbstractBeanFactory$1.getObject(AbstractBeanFactory.java:303)
	at org.springframework.beans.factory.support.DefaultSingletonBeanRegistry.getSingleton(DefaultSingletonBeanRegistry.java:230)
	at org.springframework.beans.factory.support.AbstractBeanFactory.doGetBean(AbstractBeanFactory.java:299)
	at org.springframework.beans.factory.support.AbstractBeanFactory.getBean(AbstractBeanFactory.java:194)
	at org.springframework.beans.factory.support.DefaultListableBeanFactory.preInstantiateSingletons(DefaultListableBeanFactory.java:755)
	at org.springframework.context.support.AbstractApplicationContext.finishBeanFactoryInitialization(AbstractApplicationContext.java:757)
	at org.springframework.context.support.AbstractApplicationContext.refresh(AbstractApplicationContext.java:480)
	at org.springframework.test.context.support.AbstractGenericContextLoader.loadContext(AbstractGenericContextLoader.java:125)
	at org.springframework.test.context.support.AbstractGenericContextLoader.loadContext(AbstractGenericContextLoader.java:60)
	at org.springframework.test.context.support.AbstractDelegatingSmartContextLoader.delegateLoading(AbstractDelegatingSmartContextLoader.java:109)
	at org.springframework.test.context.support.AbstractDelegatingSmartContextLoader.loadContext(AbstractDelegatingSmartContextLoader.java:261)
	at org.springframework.test.context.DefaultCacheAwareContextLoaderDelegate.loadContextInternal(DefaultCacheAwareContextLoaderDelegate.java:68)
	at org.springframework.test.context.DefaultCacheAwareContextLoaderDelegate.loadContext(DefaultCacheAwareContextLoaderDelegate.java:86)
	at org.springframework.test.context.DefaultTestContext.getApplicationContext(DefaultTestContext.java:72)
	at org.springframework.test.context.support.DependencyInjectionTestExecutionListener.injectDependencies(DependencyInjectionTestExecutionListener.java:117)
	at org.springframework.test.context.support.DependencyInjectionTestExecutionListener.prepareTestInstance(DependencyInjectionTestExecutionListener.java:83)
	at org.springframework.test.context.TestContextManager.prepareTestInstance(TestContextManager.java:212)
	at org.springframework.test.context.junit4.SpringJUnit4ClassRunner.createTest(SpringJUnit4ClassRunner.java:200)
	at org.springframework.test.context.junit4.SpringJUnit4ClassRunner$1.runReflectiveCall(SpringJUnit4ClassRunner.java:259)
	at org.junit.internal.runners.model.ReflectiveCallable.run(ReflectiveCallable.java:12)
	at org.springframework.test.context.junit4.SpringJUnit4ClassRunner.methodBlock(SpringJUnit4ClassRunner.java:261)
	at org.springframework.test.context.junit4.SpringJUnit4ClassRunner.runChild(SpringJUnit4ClassRunner.java:219)
	at org.springframework.test.context.junit4.SpringJUnit4ClassRunner.runChild(SpringJUnit4ClassRunner.java:83)
	at org.junit.runners.ParentRunner$3.run(ParentRunner.java:290)
	at org.junit.runners.ParentRunner$1.schedule(ParentRunner.java:71)
	at org.junit.runners.ParentRunner.runChildren(ParentRunner.java:288)
	at org.junit.runners.ParentRunner.access$000(ParentRunner.java:58)
	at org.junit.runners.ParentRunner$2.evaluate(ParentRunner.java:268)
	at org.springframework.test.context.junit4.statements.RunBeforeTestClassCallbacks.evaluate(RunBeforeTestClassCallbacks.java:61)
	at org.springframework.test.context.junit4.statements.RunAfterTestClassCallbacks.evaluate(RunAfterTestClassCallbacks.java:68)
	at org.junit.runners.ParentRunner.run(ParentRunner.java:363)
	at org.springframework.test.context.junit4.SpringJUnit4ClassRunner.run(SpringJUnit4ClassRunner.java:163)
	at org.junit.runners.Suite.runChild(Suite.java:128)
	at org.junit.runners.Suite.runChild(Suite.java:27)
	at org.junit.runners.ParentRunner$3.run(ParentRunner.java:290)
	at org.junit.runners.ParentRunner$1.schedule(ParentRunner.java:71)
	at org.junit.runners.ParentRunner.runChildren(ParentRunner.java:288)
	at org.junit.runners.ParentRunner.access$000(ParentRunner.java:58)
	at org.junit.runners.ParentRunner$2.evaluate(ParentRunner.java:268)
	at org.junit.runners.ParentRunner.run(ParentRunner.java:363)
	at org.apache.maven.surefire.junit4.JUnit4Provider.execute(JUnit4Provider.java:283)
	at org.apache.maven.surefire.junit4.JUnit4Provider.executeWithRerun(JUnit4Provider.java:173)
	at org.apache.maven.surefire.junit4.JUnit4Provider.executeTestSet(JUnit4Provider.java:153)
	at org.apache.maven.surefire.junit4.JUnit4Provider.invoke(JUnit4Provider.java:128)
	at org.apache.maven.surefire.booter.ForkedBooter.invokeProviderInSameClassLoader(ForkedBooter.java:203)
	at org.apache.maven.surefire.booter.ForkedBooter.runSuitesInProcess(ForkedBooter.java:155)
	at org.apache.maven.surefire.booter.ForkedBooter.main(ForkedBooter.java:103)
Caused by: org.springframework.beans.factory.BeanCreationException: Error creating bean with name 'aerospikeClient' defined in org.springframework.data.aerospike.repository.TestConfigPerson: Bean instantiation via factory method failed; nested exception is org.springframework.beans.BeanInstantiationException: Failed to instantiate [com.aerospike.client.AerospikeClient]: Factory method 'aerospikeClient' threw exception; nested exception is com.aerospike.client.AerospikeException$Connection: Error Code 11: Failed to connect to host(s): 
52.41.32.83:3000 Error Code 11: java.net.SocketTimeoutException: connect timed out

	at org.springframework.beans.factory.support.ConstructorResolver.instantiateUsingFactoryMethod(ConstructorResolver.java:599)
	at org.springframework.beans.factory.support.AbstractAutowireCapableBeanFactory.instantiateUsingFactoryMethod(AbstractAutowireCapableBeanFactory.java:1119)
	at org.springframework.beans.factory.support.AbstractAutowireCapableBeanFactory.createBeanInstance(AbstractAutowireCapableBeanFactory.java:1014)
	at org.springframework.beans.factory.support.AbstractAutowireCapableBeanFactory.doCreateBean(AbstractAutowireCapableBeanFactory.java:504)
	at org.springframework.beans.factory.support.AbstractAutowireCapableBeanFactory.createBean(AbstractAutowireCapableBeanFactory.java:476)
	at org.springframework.beans.factory.support.AbstractBeanFactory$1.getObject(AbstractBeanFactory.java:303)
	at org.springframework.beans.factory.support.DefaultSingletonBeanRegistry.getSingleton(DefaultSingletonBeanRegistry.java:230)
	at org.springframework.beans.factory.support.AbstractBeanFactory.doGetBean(AbstractBeanFactory.java:299)
	at org.springframework.beans.factory.support.AbstractBeanFactory.getBean(AbstractBeanFactory.java:194)
	at org.springframework.context.annotation.ConfigurationClassEnhancer$BeanMethodInterceptor.intercept(ConfigurationClassEnhancer.java:322)
	at org.springframework.data.aerospike.repository.TestConfigPerson$$EnhancerBySpringCGLIB$$3f27a8da.aerospikeClient(<generated>)
	at org.springframework.data.aerospike.repository.TestConfigPerson.aerospikeTemplate(TestConfigPerson.java:38)
	at org.springframework.data.aerospike.repository.TestConfigPerson$$EnhancerBySpringCGLIB$$3f27a8da.CGLIB$aerospikeTemplate$0(<generated>)
	at org.springframework.data.aerospike.repository.TestConfigPerson$$EnhancerBySpringCGLIB$$3f27a8da$$FastClassBySpringCGLIB$$38965c5e.invoke(<generated>)
	at org.springframework.cglib.proxy.MethodProxy.invokeSuper(MethodProxy.java:228)
	at org.springframework.context.annotation.ConfigurationClassEnhancer$BeanMethodInterceptor.intercept(ConfigurationClassEnhancer.java:309)
	at org.springframework.data.aerospike.repository.TestConfigPerson$$EnhancerBySpringCGLIB$$3f27a8da.aerospikeTemplate(<generated>)
	at sun.reflect.NativeMethodAccessorImpl.invoke0(Native Method)
	at sun.reflect.NativeMethodAccessorImpl.invoke(NativeMethodAccessorImpl.java:62)
	at sun.reflect.DelegatingMethodAccessorImpl.invoke(DelegatingMethodAccessorImpl.java:43)
	at java.lang.reflect.Method.invoke(Method.java:498)
	at org.springframework.beans.factory.support.SimpleInstantiationStrategy.instantiate(SimpleInstantiationStrategy.java:162)
	at org.springframework.beans.factory.support.ConstructorResolver.instantiateUsingFactoryMethod(ConstructorResolver.java:588)
	at org.springframework.beans.factory.support.AbstractAutowireCapableBeanFactory.instantiateUsingFactoryMethod(AbstractAutowireCapableBeanFactory.java:1119)
	at org.springframework.beans.factory.support.AbstractAutowireCapableBeanFactory.createBeanInstance(AbstractAutowireCapableBeanFactory.java:1014)
	at org.springframework.beans.factory.support.AbstractAutowireCapableBeanFactory.doCreateBean(AbstractAutowireCapableBeanFactory.java:504)
	at org.springframework.beans.factory.support.AbstractAutowireCapableBeanFactory.createBean(AbstractAutowireCapableBeanFactory.java:476)
	at org.springframework.beans.factory.support.AbstractBeanFactory$1.getObject(AbstractBeanFactory.java:303)
	at org.springframework.beans.factory.support.DefaultSingletonBeanRegistry.getSingleton(DefaultSingletonBeanRegistry.java:230)
	at org.springframework.beans.factory.support.AbstractBeanFactory.doGetBean(AbstractBeanFactory.java:299)
	at org.springframework.beans.factory.support.AbstractBeanFactory.getBean(AbstractBeanFactory.java:194)
	at org.springframework.beans.factory.support.DefaultListableBeanFactory.preInstantiateSingletons(DefaultListableBeanFactory.java:755)
	at org.springframework.context.support.AbstractApplicationContext.finishBeanFactoryInitialization(AbstractApplicationContext.java:757)
	at org.springframework.context.support.AbstractApplicationContext.refresh(AbstractApplicationContext.java:480)
	at org.springframework.test.context.support.AbstractGenericContextLoader.loadContext(AbstractGenericContextLoader.java:125)
	at org.springframework.test.context.support.AbstractGenericContextLoader.loadContext(AbstractGenericContextLoader.java:60)
	at org.springframework.test.context.support.AbstractDelegatingSmartContextLoader.delegateLoading(AbstractDelegatingSmartContextLoader.java:109)
	at org.springframework.test.context.support.AbstractDelegatingSmartContextLoader.loadContext(AbstractDelegatingSmartContextLoader.java:261)
	at org.springframework.test.context.DefaultCacheAwareContextLoaderDelegate.loadContextInternal(DefaultCacheAwareContextLoaderDelegate.java:68)
	at org.springframework.test.context.DefaultCacheAwareContextLoaderDelegate.loadContext(DefaultCacheAwareContextLoaderDelegate.java:86)
	at org.springframework.test.context.DefaultTestContext.getApplicationContext(DefaultTestContext.java:72)
	at org.springframework.test.context.support.DependencyInjectionTestExecutionListener.injectDependencies(DependencyInjectionTestExecutionListener.java:117)
	at org.springframework.test.context.support.DependencyInjectionTestExecutionListener.prepareTestInstance(DependencyInjectionTestExecutionListener.java:83)
	at org.springframework.test.context.TestContextManager.prepareTestInstance(TestContextManager.java:212)
	at org.springframework.test.context.junit4.SpringJUnit4ClassRunner.createTest(SpringJUnit4ClassRunner.java:200)
	at org.springframework.test.context.junit4.SpringJUnit4ClassRunner$1.runReflectiveCall(SpringJUnit4ClassRunner.java:259)
	at org.junit.internal.runners.model.ReflectiveCallable.run(ReflectiveCallable.java:12)
	at org.springframework.test.context.junit4.SpringJUnit4ClassRunner.methodBlock(SpringJUnit4ClassRunner.java:261)
	at org.springframework.test.context.junit4.SpringJUnit4ClassRunner.runChild(SpringJUnit4ClassRunner.java:219)
	at org.springframework.test.context.junit4.SpringJUnit4ClassRunner.runChild(SpringJUnit4ClassRunner.java:83)
	at org.junit.runners.ParentRunner$3.run(ParentRunner.java:290)
	at org.junit.runners.ParentRunner$1.schedule(ParentRunner.java:71)
	at org.junit.runners.ParentRunner.runChildren(ParentRunner.java:288)
	at org.junit.runners.ParentRunner.access$000(ParentRunner.java:58)
	at org.junit.runners.ParentRunner$2.evaluate(ParentRunner.java:268)
	at org.springframework.test.context.junit4.statements.RunBeforeTestClassCallbacks.evaluate(RunBeforeTestClassCallbacks.java:61)
	at org.springframework.test.context.junit4.statements.RunAfterTestClassCallbacks.evaluate(RunAfterTestClassCallbacks.java:68)
	at org.junit.runners.ParentRunner.run(ParentRunner.java:363)
	at org.springframework.test.context.junit4.SpringJUnit4ClassRunner.run(SpringJUnit4ClassRunner.java:163)
	at org.junit.runners.Suite.runChild(Suite.java:128)
	at org.junit.runners.Suite.runChild(Suite.java:27)
	at org.junit.runners.ParentRunner$3.run(ParentRunner.java:290)
	at org.junit.runners.ParentRunner$1.schedule(ParentRunner.java:71)
	at org.junit.runners.ParentRunner.runChildren(ParentRunner.java:288)
	at org.junit.runners.ParentRunner.access$000(ParentRunner.java:58)
	at org.junit.runners.ParentRunner$2.evaluate(ParentRunner.java:268)
	at org.junit.runners.ParentRunner.run(ParentRunner.java:363)
	at org.apache.maven.surefire.junit4.JUnit4Provider.execute(JUnit4Provider.java:283)
	at org.apache.maven.surefire.junit4.JUnit4Provider.executeWithRerun(JUnit4Provider.java:173)
	at org.apache.maven.surefire.junit4.JUnit4Provider.executeTestSet(JUnit4Provider.java:153)
	at org.apache.maven.surefire.junit4.JUnit4Provider.invoke(JUnit4Provider.java:128)
	at org.apache.maven.surefire.booter.ForkedBooter.invokeProviderInSameClassLoader(ForkedBooter.java:203)
	at org.apache.maven.surefire.booter.ForkedBooter.runSuitesInProcess(ForkedBooter.java:155)
	at org.apache.maven.surefire.booter.ForkedBooter.main(ForkedBooter.java:103)
Caused by: org.springframework.beans.BeanInstantiationException: Failed to instantiate [com.aerospike.client.AerospikeClient]: Factory method 'aerospikeClient' threw exception; nested exception is com.aerospike.client.AerospikeException$Connection: Error Code 11: Failed to connect to host(s): 
52.41.32.83:3000 Error Code 11: java.net.SocketTimeoutException: connect timed out

	at org.springframework.beans.factory.support.SimpleInstantiationStrategy.instantiate(SimpleInstantiationStrategy.java:189)
	at org.springframework.beans.factory.support.ConstructorResolver.instantiateUsingFactoryMethod(ConstructorResolver.java:588)
	at org.springframework.beans.factory.support.AbstractAutowireCapableBeanFactory.instantiateUsingFactoryMethod(AbstractAutowireCapableBeanFactory.java:1119)
	at org.springframework.beans.factory.support.AbstractAutowireCapableBeanFactory.createBeanInstance(AbstractAutowireCapableBeanFactory.java:1014)
	at org.springframework.beans.factory.support.AbstractAutowireCapableBeanFactory.doCreateBean(AbstractAutowireCapableBeanFactory.java:504)
	at org.springframework.beans.factory.support.AbstractAutowireCapableBeanFactory.createBean(AbstractAutowireCapableBeanFactory.java:476)
	at org.springframework.beans.factory.support.AbstractBeanFactory$1.getObject(AbstractBeanFactory.java:303)
	at org.springframework.beans.factory.support.DefaultSingletonBeanRegistry.getSingleton(DefaultSingletonBeanRegistry.java:230)
	at org.springframework.beans.factory.support.AbstractBeanFactory.doGetBean(AbstractBeanFactory.java:299)
	at org.springframework.beans.factory.support.AbstractBeanFactory.getBean(AbstractBeanFactory.java:194)
	at org.springframework.context.annotation.ConfigurationClassEnhancer$BeanMethodInterceptor.intercept(ConfigurationClassEnhancer.java:322)
	at org.springframework.data.aerospike.repository.TestConfigPerson$$EnhancerBySpringCGLIB$$3f27a8da.aerospikeClient(<generated>)
	at org.springframework.data.aerospike.repository.TestConfigPerson.aerospikeTemplate(TestConfigPerson.java:38)
	at org.springframework.data.aerospike.repository.TestConfigPerson$$EnhancerBySpringCGLIB$$3f27a8da.CGLIB$aerospikeTemplate$0(<generated>)
	at org.springframework.data.aerospike.repository.TestConfigPerson$$EnhancerBySpringCGLIB$$3f27a8da$$FastClassBySpringCGLIB$$38965c5e.invoke(<generated>)
	at org.springframework.cglib.proxy.MethodProxy.invokeSuper(MethodProxy.java:228)
	at org.springframework.context.annotation.ConfigurationClassEnhancer$BeanMethodInterceptor.intercept(ConfigurationClassEnhancer.java:309)
	at org.springframework.data.aerospike.repository.TestConfigPerson$$EnhancerBySpringCGLIB$$3f27a8da.aerospikeTemplate(<generated>)
	at sun.reflect.NativeMethodAccessorImpl.invoke0(Native Method)
	at sun.reflect.NativeMethodAccessorImpl.invoke(NativeMethodAccessorImpl.java:62)
	at sun.reflect.DelegatingMethodAccessorImpl.invoke(DelegatingMethodAccessorImpl.java:43)
	at java.lang.reflect.Method.invoke(Method.java:498)
	at org.springframework.beans.factory.support.SimpleInstantiationStrategy.instantiate(SimpleInstantiationStrategy.java:162)
	at org.springframework.beans.factory.support.ConstructorResolver.instantiateUsingFactoryMethod(ConstructorResolver.java:588)
	at org.springframework.beans.factory.support.AbstractAutowireCapableBeanFactory.instantiateUsingFactoryMethod(AbstractAutowireCapableBeanFactory.java:1119)
	at org.springframework.beans.factory.support.AbstractAutowireCapableBeanFactory.createBeanInstance(AbstractAutowireCapableBeanFactory.java:1014)
	at org.springframework.beans.factory.support.AbstractAutowireCapableBeanFactory.doCreateBean(AbstractAutowireCapableBeanFactory.java:504)
	at org.springframework.beans.factory.support.AbstractAutowireCapableBeanFactory.createBean(AbstractAutowireCapableBeanFactory.java:476)
	at org.springframework.beans.factory.support.AbstractBeanFactory$1.getObject(AbstractBeanFactory.java:303)
	at org.springframework.beans.factory.support.DefaultSingletonBeanRegistry.getSingleton(DefaultSingletonBeanRegistry.java:230)
	at org.springframework.beans.factory.support.AbstractBeanFactory.doGetBean(AbstractBeanFactory.java:299)
	at org.springframework.beans.factory.support.AbstractBeanFactory.getBean(AbstractBeanFactory.java:194)
	at org.springframework.beans.factory.support.DefaultListableBeanFactory.preInstantiateSingletons(DefaultListableBeanFactory.java:755)
	at org.springframework.context.support.AbstractApplicationContext.finishBeanFactoryInitialization(AbstractApplicationContext.java:757)
	at org.springframework.context.support.AbstractApplicationContext.refresh(AbstractApplicationContext.java:480)
	at org.springframework.test.context.support.AbstractGenericContextLoader.loadContext(AbstractGenericContextLoader.java:125)
	at org.springframework.test.context.support.AbstractGenericContextLoader.loadContext(AbstractGenericContextLoader.java:60)
	at org.springframework.test.context.support.AbstractDelegatingSmartContextLoader.delegateLoading(AbstractDelegatingSmartContextLoader.java:109)
	at org.springframework.test.context.support.AbstractDelegatingSmartContextLoader.loadContext(AbstractDelegatingSmartContextLoader.java:261)
	at org.springframework.test.context.DefaultCacheAwareContextLoaderDelegate.loadContextInternal(DefaultCacheAwareContextLoaderDelegate.java:68)
	at org.springframework.test.context.DefaultCacheAwareContextLoaderDelegate.loadContext(DefaultCacheAwareContextLoaderDelegate.java:86)
	at org.springframework.test.context.DefaultTestContext.getApplicationContext(DefaultTestContext.java:72)
	at org.springframework.test.context.support.DependencyInjectionTestExecutionListener.injectDependencies(DependencyInjectionTestExecutionListener.java:117)
	at org.springframework.test.context.support.DependencyInjectionTestExecutionListener.prepareTestInstance(DependencyInjectionTestExecutionListener.java:83)
	at org.springframework.test.context.TestContextManager.prepareTestInstance(TestContextManager.java:212)
	at org.springframework.test.context.junit4.SpringJUnit4ClassRunner.createTest(SpringJUnit4ClassRunner.java:200)
	at org.springframework.test.context.junit4.SpringJUnit4ClassRunner$1.runReflectiveCall(SpringJUnit4ClassRunner.java:259)
	at org.junit.internal.runners.model.ReflectiveCallable.run(ReflectiveCallable.java:12)
	at org.springframework.test.context.junit4.SpringJUnit4ClassRunner.methodBlock(SpringJUnit4ClassRunner.java:261)
	at org.springframework.test.context.junit4.SpringJUnit4ClassRunner.runChild(SpringJUnit4ClassRunner.java:219)
	at org.springframework.test.context.junit4.SpringJUnit4ClassRunner.runChild(SpringJUnit4ClassRunner.java:83)
	at org.junit.runners.ParentRunner$3.run(ParentRunner.java:290)
	at org.junit.runners.ParentRunner$1.schedule(ParentRunner.java:71)
	at org.junit.runners.ParentRunner.runChildren(ParentRunner.java:288)
	at org.junit.runners.ParentRunner.access$000(ParentRunner.java:58)
	at org.junit.runners.ParentRunner$2.evaluate(ParentRunner.java:268)
	at org.springframework.test.context.junit4.statements.RunBeforeTestClassCallbacks.evaluate(RunBeforeTestClassCallbacks.java:61)
	at org.springframework.test.context.junit4.statements.RunAfterTestClassCallbacks.evaluate(RunAfterTestClassCallbacks.java:68)
	at org.junit.runners.ParentRunner.run(ParentRunner.java:363)
	at org.springframework.test.context.junit4.SpringJUnit4ClassRunner.run(SpringJUnit4ClassRunner.java:163)
	at org.junit.runners.Suite.runChild(Suite.java:128)
	at org.junit.runners.Suite.runChild(Suite.java:27)
	at org.junit.runners.ParentRunner$3.run(ParentRunner.java:290)
	at org.junit.runners.ParentRunner$1.schedule(ParentRunner.java:71)
	at org.junit.runners.ParentRunner.runChildren(ParentRunner.java:288)
	at org.junit.runners.ParentRunner.access$000(ParentRunner.java:58)
	at org.junit.runners.ParentRunner$2.evaluate(ParentRunner.java:268)
	at org.junit.runners.ParentRunner.run(ParentRunner.java:363)
	at org.apache.maven.surefire.junit4.JUnit4Provider.execute(JUnit4Provider.java:283)
	at org.apache.maven.surefire.junit4.JUnit4Provider.executeWithRerun(JUnit4Provider.java:173)
	at org.apache.maven.surefire.junit4.JUnit4Provider.executeTestSet(JUnit4Provider.java:153)
	at org.apache.maven.surefire.junit4.JUnit4Provider.invoke(JUnit4Provider.java:128)
	at org.apache.maven.surefire.booter.ForkedBooter.invokeProviderInSameClassLoader(ForkedBooter.java:203)
	at org.apache.maven.surefire.booter.ForkedBooter.runSuitesInProcess(ForkedBooter.java:155)
	at org.apache.maven.surefire.booter.ForkedBooter.main(ForkedBooter.java:103)
Caused by: com.aerospike.client.AerospikeException$Connection: Error Code 11: Failed to connect to host(s): 
52.41.32.83:3000 Error Code 11: java.net.SocketTimeoutException: connect timed out

	at com.aerospike.client.cluster.Cluster.seedNodes(Cluster.java:386)
	at com.aerospike.client.cluster.Cluster.tend(Cluster.java:273)
	at com.aerospike.client.cluster.Cluster.waitTillStabilized(Cluster.java:238)
	at com.aerospike.client.cluster.Cluster.initTendThread(Cluster.java:148)
	at com.aerospike.client.AerospikeClient.<init>(AerospikeClient.java:209)
	at com.aerospike.client.AerospikeClient.<init>(AerospikeClient.java:173)
	at org.springframework.data.aerospike.repository.TestConfigPerson.aerospikeClient(TestConfigPerson.java:32)
	at org.springframework.data.aerospike.repository.TestConfigPerson$$EnhancerBySpringCGLIB$$3f27a8da.CGLIB$aerospikeClient$1(<generated>)
	at org.springframework.data.aerospike.repository.TestConfigPerson$$EnhancerBySpringCGLIB$$3f27a8da$$FastClassBySpringCGLIB$$38965c5e.invoke(<generated>)
	at org.springframework.cglib.proxy.MethodProxy.invokeSuper(MethodProxy.java:228)
	at org.springframework.context.annotation.ConfigurationClassEnhancer$BeanMethodInterceptor.intercept(ConfigurationClassEnhancer.java:309)
	at org.springframework.data.aerospike.repository.TestConfigPerson$$EnhancerBySpringCGLIB$$3f27a8da.aerospikeClient(<generated>)
	at sun.reflect.NativeMethodAccessorImpl.invoke0(Native Method)
	at sun.reflect.NativeMethodAccessorImpl.invoke(NativeMethodAccessorImpl.java:62)
	at sun.reflect.DelegatingMethodAccessorImpl.invoke(DelegatingMethodAccessorImpl.java:43)
	at java.lang.reflect.Method.invoke(Method.java:498)
	at org.springframework.beans.factory.support.SimpleInstantiationStrategy.instantiate(SimpleInstantiationStrategy.java:162)
	at org.springframework.beans.factory.support.ConstructorResolver.instantiateUsingFactoryMethod(ConstructorResolver.java:588)
	at org.springframework.beans.factory.support.AbstractAutowireCapableBeanFactory.instantiateUsingFactoryMethod(AbstractAutowireCapableBeanFactory.java:1119)
	at org.springframework.beans.factory.support.AbstractAutowireCapableBeanFactory.createBeanInstance(AbstractAutowireCapableBeanFactory.java:1014)
	at org.springframework.beans.factory.support.AbstractAutowireCapableBeanFactory.doCreateBean(AbstractAutowireCapableBeanFactory.java:504)
	at org.springframework.beans.factory.support.AbstractAutowireCapableBeanFactory.createBean(AbstractAutowireCapableBeanFactory.java:476)
	at org.springframework.beans.factory.support.AbstractBeanFactory$1.getObject(AbstractBeanFactory.java:303)
	at org.springframework.beans.factory.support.DefaultSingletonBeanRegistry.getSingleton(DefaultSingletonBeanRegistry.java:230)
	at org.springframework.beans.factory.support.AbstractBeanFactory.doGetBean(AbstractBeanFactory.java:299)
	at org.springframework.beans.factory.support.AbstractBeanFactory.getBean(AbstractBeanFactory.java:194)
	at org.springframework.context.annotation.ConfigurationClassEnhancer$BeanMethodInterceptor.intercept(ConfigurationClassEnhancer.java:322)
	at org.springframework.data.aerospike.repository.TestConfigPerson$$EnhancerBySpringCGLIB$$3f27a8da.aerospikeClient(<generated>)
	at org.springframework.data.aerospike.repository.TestConfigPerson.aerospikeTemplate(TestConfigPerson.java:38)
	at org.springframework.data.aerospike.repository.TestConfigPerson$$EnhancerBySpringCGLIB$$3f27a8da.CGLIB$aerospikeTemplate$0(<generated>)
	at org.springframework.data.aerospike.repository.TestConfigPerson$$EnhancerBySpringCGLIB$$3f27a8da$$FastClassBySpringCGLIB$$38965c5e.invoke(<generated>)
	at org.springframework.cglib.proxy.MethodProxy.invokeSuper(MethodProxy.java:228)
	at org.springframework.context.annotation.ConfigurationClassEnhancer$BeanMethodInterceptor.intercept(ConfigurationClassEnhancer.java:309)
	at org.springframework.data.aerospike.repository.TestConfigPerson$$EnhancerBySpringCGLIB$$3f27a8da.aerospikeTemplate(<generated>)
	at sun.reflect.NativeMethodAccessorImpl.invoke0(Native Method)
	at sun.reflect.NativeMethodAccessorImpl.invoke(NativeMethodAccessorImpl.java:62)
	at sun.reflect.DelegatingMethodAccessorImpl.invoke(DelegatingMethodAccessorImpl.java:43)
	at java.lang.reflect.Method.invoke(Method.java:498)
	at org.springframework.beans.factory.support.SimpleInstantiationStrategy.instantiate(SimpleInstantiationStrategy.java:162)
	at org.springframework.beans.factory.support.ConstructorResolver.instantiateUsingFactoryMethod(ConstructorResolver.java:588)
	at org.springframework.beans.factory.support.AbstractAutowireCapableBeanFactory.instantiateUsingFactoryMethod(AbstractAutowireCapableBeanFactory.java:1119)
	at org.springframework.beans.factory.support.AbstractAutowireCapableBeanFactory.createBeanInstance(AbstractAutowireCapableBeanFactory.java:1014)
	at org.springframework.beans.factory.support.AbstractAutowireCapableBeanFactory.doCreateBean(AbstractAutowireCapableBeanFactory.java:504)
	at org.springframework.beans.factory.support.AbstractAutowireCapableBeanFactory.createBean(AbstractAutowireCapableBeanFactory.java:476)
	at org.springframework.beans.factory.support.AbstractBeanFactory$1.getObject(AbstractBeanFactory.java:303)
	at org.springframework.beans.factory.support.DefaultSingletonBeanRegistry.getSingleton(DefaultSingletonBeanRegistry.java:230)
	at org.springframework.beans.factory.support.AbstractBeanFactory.doGetBean(AbstractBeanFactory.java:299)
	at org.springframework.beans.factory.support.AbstractBeanFactory.getBean(AbstractBeanFactory.java:194)
	at org.springframework.beans.factory.support.DefaultListableBeanFactory.preInstantiateSingletons(DefaultListableBeanFactory.java:755)
	at org.springframework.context.support.AbstractApplicationContext.finishBeanFactoryInitialization(AbstractApplicationContext.java:757)
	at org.springframework.context.support.AbstractApplicationContext.refresh(AbstractApplicationContext.java:480)
	at org.springframework.test.context.support.AbstractGenericContextLoader.loadContext(AbstractGenericContextLoader.java:125)
	at org.springframework.test.context.support.AbstractGenericContextLoader.loadContext(AbstractGenericContextLoader.java:60)
	at org.springframework.test.context.support.AbstractDelegatingSmartContextLoader.delegateLoading(AbstractDelegatingSmartContextLoader.java:109)
	at org.springframework.test.context.support.AbstractDelegatingSmartContextLoader.loadContext(AbstractDelegatingSmartContextLoader.java:261)
	at org.springframework.test.context.DefaultCacheAwareContextLoaderDelegate.loadContextInternal(DefaultCacheAwareContextLoaderDelegate.java:68)
	at org.springframework.test.context.DefaultCacheAwareContextLoaderDelegate.loadContext(DefaultCacheAwareContextLoaderDelegate.java:86)
	at org.springframework.test.context.DefaultTestContext.getApplicationContext(DefaultTestContext.java:72)
	at org.springframework.test.context.support.DependencyInjectionTestExecutionListener.injectDependencies(DependencyInjectionTestExecutionListener.java:117)
	at org.springframework.test.context.support.DependencyInjectionTestExecutionListener.prepareTestInstance(DependencyInjectionTestExecutionListener.java:83)
	at org.springframework.test.context.TestContextManager.prepareTestInstance(TestContextManager.java:212)
	at org.springframework.test.context.junit4.SpringJUnit4ClassRunner.createTest(SpringJUnit4ClassRunner.java:200)
	at org.springframework.test.context.junit4.SpringJUnit4ClassRunner$1.runReflectiveCall(SpringJUnit4ClassRunner.java:259)
	at org.junit.internal.runners.model.ReflectiveCallable.run(ReflectiveCallable.java:12)
	at org.springframework.test.context.junit4.SpringJUnit4ClassRunner.methodBlock(SpringJUnit4ClassRunner.java:261)
	at org.springframework.test.context.junit4.SpringJUnit4ClassRunner.runChild(SpringJUnit4ClassRunner.java:219)
	at org.springframework.test.context.junit4.SpringJUnit4ClassRunner.runChild(SpringJUnit4ClassRunner.java:83)
	at org.junit.runners.ParentRunner$3.run(ParentRunner.java:290)
	at org.junit.runners.ParentRunner$1.schedule(ParentRunner.java:71)
	at org.junit.runners.ParentRunner.runChildren(ParentRunner.java:288)
	at org.junit.runners.ParentRunner.access$000(ParentRunner.java:58)
	at org.junit.runners.ParentRunner$2.evaluate(ParentRunner.java:268)
	at org.springframework.test.context.junit4.statements.RunBeforeTestClassCallbacks.evaluate(RunBeforeTestClassCallbacks.java:61)
	at org.springframework.test.context.junit4.statements.RunAfterTestClassCallbacks.evaluate(RunAfterTestClassCallbacks.java:68)
	at org.junit.runners.ParentRunner.run(ParentRunner.java:363)
	at org.springframework.test.context.junit4.SpringJUnit4ClassRunner.run(SpringJUnit4ClassRunner.java:163)
	at org.junit.runners.Suite.runChild(Suite.java:128)
	at org.junit.runners.Suite.runChild(Suite.java:27)
	at org.junit.runners.ParentRunner$3.run(ParentRunner.java:290)
	at org.junit.runners.ParentRunner$1.schedule(ParentRunner.java:71)
	at org.junit.runners.ParentRunner.runChildren(ParentRunner.java:288)
	at org.junit.runners.ParentRunner.access$000(ParentRunner.java:58)
	at org.junit.runners.ParentRunner$2.evaluate(ParentRunner.java:268)
	at org.junit.runners.ParentRunner.run(ParentRunner.java:363)
	at org.apache.maven.surefire.junit4.JUnit4Provider.execute(JUnit4Provider.java:283)
	at org.apache.maven.surefire.junit4.JUnit4Provider.executeWithRerun(JUnit4Provider.java:173)
	at org.apache.maven.surefire.junit4.JUnit4Provider.executeTestSet(JUnit4Provider.java:153)
	at org.apache.maven.surefire.junit4.JUnit4Provider.invoke(JUnit4Provider.java:128)
	at org.apache.maven.surefire.booter.ForkedBooter.invokeProviderInSameClassLoader(ForkedBooter.java:203)
	at org.apache.maven.surefire.booter.ForkedBooter.runSuitesInProcess(ForkedBooter.java:155)
	at org.apache.maven.surefire.booter.ForkedBooter.main(ForkedBooter.java:103)
]]></error>
    <system-out><![CDATA[16:37:18.679 [main] DEBUG o.s.t.annotation.ProfileValueUtils - Retrieved @ProfileValueSourceConfiguration [null] for test class [org.springframework.data.aerospike.repository.PersonRepositoryIntegrationTests]
16:37:18.679 [main] DEBUG o.s.t.annotation.ProfileValueUtils - Retrieved ProfileValueSource type [class org.springframework.test.annotation.SystemProfileValueSource] for class [org.springframework.data.aerospike.repository.PersonRepositoryIntegrationTests]
16:37:18.679 [main] DEBUG o.s.t.c.s.DependencyInjectionTestExecutionListener - Performing dependency injection for test context [[DefaultTestContext@70807224 testClass = PersonRepositoryIntegrationTests, testInstance = org.springframework.data.aerospike.repository.PersonRepositoryIntegrationTests@4c27d39d, testMethod = [null], testException = [null], mergedContextConfiguration = [MergedContextConfiguration@400d912a testClass = PersonRepositoryIntegrationTests, locations = '{}', classes = '{class org.springframework.data.aerospike.repository.TestConfigPerson}', contextInitializerClasses = '[]', activeProfiles = '{}', propertySourceLocations = '{}', propertySourceProperties = '{}', contextLoader = 'org.springframework.test.context.support.DelegatingSmartContextLoader', parent = [null]]]].
16:37:18.679 [main] DEBUG o.s.t.c.s.AbstractDelegatingSmartContextLoader - Delegating to AnnotationConfigContextLoader to load context from [MergedContextConfiguration@400d912a testClass = PersonRepositoryIntegrationTests, locations = '{}', classes = '{class org.springframework.data.aerospike.repository.TestConfigPerson}', contextInitializerClasses = '[]', activeProfiles = '{}', propertySourceLocations = '{}', propertySourceProperties = '{}', contextLoader = 'org.springframework.test.context.support.DelegatingSmartContextLoader', parent = [null]].
16:37:18.679 [main] DEBUG o.s.t.c.s.AbstractGenericContextLoader - Loading ApplicationContext for merged context configuration [[MergedContextConfiguration@400d912a testClass = PersonRepositoryIntegrationTests, locations = '{}', classes = '{class org.springframework.data.aerospike.repository.TestConfigPerson}', contextInitializerClasses = '[]', activeProfiles = '{}', propertySourceLocations = '{}', propertySourceProperties = '{}', contextLoader = 'org.springframework.test.context.support.DelegatingSmartContextLoader', parent = [null]]].
16:37:18.679 [main] DEBUG o.s.core.env.StandardEnvironment - Adding [systemProperties] PropertySource with lowest search precedence
16:37:18.679 [main] DEBUG o.s.core.env.StandardEnvironment - Adding [systemEnvironment] PropertySource with lowest search precedence
16:37:18.679 [main] DEBUG o.s.core.env.StandardEnvironment - Initialized StandardEnvironment with PropertySources [systemProperties,systemEnvironment]
16:37:18.679 [main] DEBUG o.s.t.c.s.AnnotationConfigContextLoader - Registering annotated classes: {class org.springframework.data.aerospike.repository.TestConfigPerson}
16:37:18.680 [main] INFO  o.s.c.s.GenericApplicationContext - Refreshing org.springframework.context.support.GenericApplicationContext@40ee0a22: startup date [Tue Oct 04 16:37:18 BRT 2016]; root of context hierarchy
16:37:18.680 [main] DEBUG o.s.c.s.GenericApplicationContext - Bean factory for org.springframework.context.support.GenericApplicationContext@40ee0a22: org.springframework.beans.factory.support.DefaultListableBeanFactory@7bde1f3a: defining beans [org.springframework.context.annotation.internalConfigurationAnnotationProcessor,org.springframework.context.annotation.internalAutowiredAnnotationProcessor,org.springframework.context.annotation.internalRequiredAnnotationProcessor,org.springframework.context.annotation.internalCommonAnnotationProcessor,testConfigPerson]; root of factory hierarchy
16:37:18.680 [main] DEBUG o.s.b.f.s.DefaultListableBeanFactory - Creating shared instance of singleton bean 'org.springframework.context.annotation.internalConfigurationAnnotationProcessor'
16:37:18.680 [main] DEBUG o.s.b.f.s.DefaultListableBeanFactory - Creating instance of bean 'org.springframework.context.annotation.internalConfigurationAnnotationProcessor'
16:37:18.680 [main] DEBUG o.s.b.f.s.DefaultListableBeanFactory - Eagerly caching bean 'org.springframework.context.annotation.internalConfigurationAnnotationProcessor' to allow for resolving potential circular references
16:37:18.680 [main] DEBUG o.s.b.f.s.DefaultListableBeanFactory - Finished creating instance of bean 'org.springframework.context.annotation.internalConfigurationAnnotationProcessor'
16:37:18.680 [main] DEBUG o.s.c.a.ConfigurationClassBeanDefinitionReader - Registering bean definition for @Bean method org.springframework.data.aerospike.repository.TestConfigPerson.aerospikeTemplate()
16:37:18.681 [main] DEBUG o.s.c.a.ConfigurationClassBeanDefinitionReader - Registering bean definition for @Bean method org.springframework.data.aerospike.repository.TestConfigPerson.aerospikeClient()
16:37:18.681 [main] DEBUG o.s.core.env.StandardEnvironment - Adding [systemProperties] PropertySource with lowest search precedence
16:37:18.681 [main] DEBUG o.s.core.env.StandardEnvironment - Adding [systemEnvironment] PropertySource with lowest search precedence
16:37:18.681 [main] DEBUG o.s.core.env.StandardEnvironment - Initialized StandardEnvironment with PropertySources [systemProperties,systemEnvironment]
16:37:18.681 [main] DEBUG o.s.c.i.s.PathMatchingResourcePatternResolver - Looking for matching resources in directory tree [/home/aluno/spring-projects/maven/spring-data-aerospike/target/test-classes/org/springframework/data]
16:37:18.681 [main] DEBUG o.s.c.i.s.PathMatchingResourcePatternResolver - Searching directory [/home/aluno/spring-projects/maven/spring-data-aerospike/target/test-classes/org/springframework/data] for files matching pattern [/home/aluno/spring-projects/maven/spring-data-aerospike/target/test-classes/org/springframework/data/**/repository/support/**/*.class]
16:37:18.681 [main] DEBUG o.s.c.i.s.PathMatchingResourcePatternResolver - Searching directory [/home/aluno/spring-projects/maven/spring-data-aerospike/target/test-classes/org/springframework/data/keyvalue] for files matching pattern [/home/aluno/spring-projects/maven/spring-data-aerospike/target/test-classes/org/springframework/data/**/repository/support/**/*.class]
16:37:18.681 [main] DEBUG o.s.c.i.s.PathMatchingResourcePatternResolver - Searching directory [/home/aluno/spring-projects/maven/spring-data-aerospike/target/test-classes/org/springframework/data/keyvalue/repository] for files matching pattern [/home/aluno/spring-projects/maven/spring-data-aerospike/target/test-classes/org/springframework/data/**/repository/support/**/*.class]
16:37:18.681 [main] DEBUG o.s.c.i.s.PathMatchingResourcePatternResolver - Searching directory [/home/aluno/spring-projects/maven/spring-data-aerospike/target/test-classes/org/springframework/data/keyvalue/repository/query] for files matching pattern [/home/aluno/spring-projects/maven/spring-data-aerospike/target/test-classes/org/springframework/data/**/repository/support/**/*.class]
16:37:18.681 [main] DEBUG o.s.c.i.s.PathMatchingResourcePatternResolver - Searching directory [/home/aluno/spring-projects/maven/spring-data-aerospike/target/test-classes/org/springframework/data/aerospike] for files matching pattern [/home/aluno/spring-projects/maven/spring-data-aerospike/target/test-classes/org/springframework/data/**/repository/support/**/*.class]
16:37:18.682 [main] DEBUG o.s.c.i.s.PathMatchingResourcePatternResolver - Searching directory [/home/aluno/spring-projects/maven/spring-data-aerospike/target/test-classes/org/springframework/data/aerospike/mapping] for files matching pattern [/home/aluno/spring-projects/maven/spring-data-aerospike/target/test-classes/org/springframework/data/**/repository/support/**/*.class]
16:37:18.682 [main] DEBUG o.s.c.i.s.PathMatchingResourcePatternResolver - Searching directory [/home/aluno/spring-projects/maven/spring-data-aerospike/target/test-classes/org/springframework/data/aerospike/core] for files matching pattern [/home/aluno/spring-projects/maven/spring-data-aerospike/target/test-classes/org/springframework/data/**/repository/support/**/*.class]
16:37:18.682 [main] DEBUG o.s.c.i.s.PathMatchingResourcePatternResolver - Searching directory [/home/aluno/spring-projects/maven/spring-data-aerospike/target/test-classes/org/springframework/data/aerospike/convert] for files matching pattern [/home/aluno/spring-projects/maven/spring-data-aerospike/target/test-classes/org/springframework/data/**/repository/support/**/*.class]
16:37:18.683 [main] DEBUG o.s.c.i.s.PathMatchingResourcePatternResolver - Searching directory [/home/aluno/spring-projects/maven/spring-data-aerospike/target/test-classes/org/springframework/data/aerospike/sample] for files matching pattern [/home/aluno/spring-projects/maven/spring-data-aerospike/target/test-classes/org/springframework/data/**/repository/support/**/*.class]
16:37:18.683 [main] DEBUG o.s.c.i.s.PathMatchingResourcePatternResolver - Searching directory [/home/aluno/spring-projects/maven/spring-data-aerospike/target/test-classes/org/springframework/data/aerospike/repository] for files matching pattern [/home/aluno/spring-projects/maven/spring-data-aerospike/target/test-classes/org/springframework/data/**/repository/support/**/*.class]
16:37:18.683 [main] DEBUG o.s.c.i.s.PathMatchingResourcePatternResolver - Searching directory [/home/aluno/spring-projects/maven/spring-data-aerospike/target/test-classes/org/springframework/data/aerospike/repository/support] for files matching pattern [/home/aluno/spring-projects/maven/spring-data-aerospike/target/test-classes/org/springframework/data/**/repository/support/**/*.class]
16:37:18.683 [main] DEBUG o.s.c.i.s.PathMatchingResourcePatternResolver - Searching directory [/home/aluno/spring-projects/maven/spring-data-aerospike/target/test-classes/org/springframework/data/aerospike/repository/query] for files matching pattern [/home/aluno/spring-projects/maven/spring-data-aerospike/target/test-classes/org/springframework/data/**/repository/support/**/*.class]
16:37:18.683 [main] DEBUG o.s.c.i.s.PathMatchingResourcePatternResolver - Searching directory [/home/aluno/spring-projects/maven/spring-data-aerospike/target/test-classes/org/springframework/data/aerospike/config] for files matching pattern [/home/aluno/spring-projects/maven/spring-data-aerospike/target/test-classes/org/springframework/data/**/repository/support/**/*.class]
16:37:18.683 [main] DEBUG o.s.c.i.s.PathMatchingResourcePatternResolver - Searching directory [/home/aluno/spring-projects/maven/spring-data-aerospike/target/test-classes/org/springframework/data/aerospike/cache] for files matching pattern [/home/aluno/spring-projects/maven/spring-data-aerospike/target/test-classes/org/springframework/data/**/repository/support/**/*.class]
16:37:18.683 [main] DEBUG o.s.c.i.s.PathMatchingResourcePatternResolver - Looking for matching resources in directory tree [/home/aluno/spring-projects/maven/spring-data-aerospike/target/classes/org/springframework/data]
16:37:18.683 [main] DEBUG o.s.c.i.s.PathMatchingResourcePatternResolver - Searching directory [/home/aluno/spring-projects/maven/spring-data-aerospike/target/classes/org/springframework/data] for files matching pattern [/home/aluno/spring-projects/maven/spring-data-aerospike/target/classes/org/springframework/data/**/repository/support/**/*.class]
16:37:18.684 [main] DEBUG o.s.c.i.s.PathMatchingResourcePatternResolver - Searching directory [/home/aluno/spring-projects/maven/spring-data-aerospike/target/classes/org/springframework/data/aerospike] for files matching pattern [/home/aluno/spring-projects/maven/spring-data-aerospike/target/classes/org/springframework/data/**/repository/support/**/*.class]
16:37:18.684 [main] DEBUG o.s.c.i.s.PathMatchingResourcePatternResolver - Searching directory [/home/aluno/spring-projects/maven/spring-data-aerospike/target/classes/org/springframework/data/aerospike/mapping] for files matching pattern [/home/aluno/spring-projects/maven/spring-data-aerospike/target/classes/org/springframework/data/**/repository/support/**/*.class]
16:37:18.684 [main] DEBUG o.s.c.i.s.PathMatchingResourcePatternResolver - Searching directory [/home/aluno/spring-projects/maven/spring-data-aerospike/target/classes/org/springframework/data/aerospike/core] for files matching pattern [/home/aluno/spring-projects/maven/spring-data-aerospike/target/classes/org/springframework/data/**/repository/support/**/*.class]
16:37:18.684 [main] DEBUG o.s.c.i.s.PathMatchingResourcePatternResolver - Searching directory [/home/aluno/spring-projects/maven/spring-data-aerospike/target/classes/org/springframework/data/aerospike/convert] for files matching pattern [/home/aluno/spring-projects/maven/spring-data-aerospike/target/classes/org/springframework/data/**/repository/support/**/*.class]
16:37:18.684 [main] DEBUG o.s.c.i.s.PathMatchingResourcePatternResolver - Searching directory [/home/aluno/spring-projects/maven/spring-data-aerospike/target/classes/org/springframework/data/aerospike/example] for files matching pattern [/home/aluno/spring-projects/maven/spring-data-aerospike/target/classes/org/springframework/data/**/repository/support/**/*.class]
16:37:18.684 [main] DEBUG o.s.c.i.s.PathMatchingResourcePatternResolver - Searching directory [/home/aluno/spring-projects/maven/spring-data-aerospike/target/classes/org/springframework/data/aerospike/example/data] for files matching pattern [/home/aluno/spring-projects/maven/spring-data-aerospike/target/classes/org/springframework/data/**/repository/support/**/*.class]
16:37:18.684 [main] DEBUG o.s.c.i.s.PathMatchingResourcePatternResolver - Searching directory [/home/aluno/spring-projects/maven/spring-data-aerospike/target/classes/org/springframework/data/aerospike/example/config] for files matching pattern [/home/aluno/spring-projects/maven/spring-data-aerospike/target/classes/org/springframework/data/**/repository/support/**/*.class]
16:37:18.684 [main] DEBUG o.s.c.i.s.PathMatchingResourcePatternResolver - Searching directory [/home/aluno/spring-projects/maven/spring-data-aerospike/target/classes/org/springframework/data/aerospike/annotation] for files matching pattern [/home/aluno/spring-projects/maven/spring-data-aerospike/target/classes/org/springframework/data/**/repository/support/**/*.class]
16:37:18.685 [main] DEBUG o.s.c.i.s.PathMatchingResourcePatternResolver - Searching directory [/home/aluno/spring-projects/maven/spring-data-aerospike/target/classes/org/springframework/data/aerospike/repository] for files matching pattern [/home/aluno/spring-projects/maven/spring-data-aerospike/target/classes/org/springframework/data/**/repository/support/**/*.class]
16:37:18.685 [main] DEBUG o.s.c.i.s.PathMatchingResourcePatternResolver - Searching directory [/home/aluno/spring-projects/maven/spring-data-aerospike/target/classes/org/springframework/data/aerospike/repository/support] for files matching pattern [/home/aluno/spring-projects/maven/spring-data-aerospike/target/classes/org/springframework/data/**/repository/support/**/*.class]
16:37:18.685 [main] DEBUG o.s.c.i.s.PathMatchingResourcePatternResolver - Searching directory [/home/aluno/spring-projects/maven/spring-data-aerospike/target/classes/org/springframework/data/aerospike/repository/config] for files matching pattern [/home/aluno/spring-projects/maven/spring-data-aerospike/target/classes/org/springframework/data/**/repository/support/**/*.class]
16:37:18.685 [main] DEBUG o.s.c.i.s.PathMatchingResourcePatternResolver - Searching directory [/home/aluno/spring-projects/maven/spring-data-aerospike/target/classes/org/springframework/data/aerospike/repository/query] for files matching pattern [/home/aluno/spring-projects/maven/spring-data-aerospike/target/classes/org/springframework/data/**/repository/support/**/*.class]
16:37:18.685 [main] DEBUG o.s.c.i.s.PathMatchingResourcePatternResolver - Searching directory [/home/aluno/spring-projects/maven/spring-data-aerospike/target/classes/org/springframework/data/aerospike/config] for files matching pattern [/home/aluno/spring-projects/maven/spring-data-aerospike/target/classes/org/springframework/data/**/repository/support/**/*.class]
16:37:18.685 [main] DEBUG o.s.c.i.s.PathMatchingResourcePatternResolver - Searching directory [/home/aluno/spring-projects/maven/spring-data-aerospike/target/classes/org/springframework/data/aerospike/cache] for files matching pattern [/home/aluno/spring-projects/maven/spring-data-aerospike/target/classes/org/springframework/data/**/repository/support/**/*.class]
16:37:18.685 [main] DEBUG o.s.c.i.s.PathMatchingResourcePatternResolver - Searching directory [/home/aluno/spring-projects/maven/spring-data-aerospike/target/classes/org/springframework/data/aerospike/utility] for files matching pattern [/home/aluno/spring-projects/maven/spring-data-aerospike/target/classes/org/springframework/data/**/repository/support/**/*.class]
16:37:18.685 [main] DEBUG o.s.c.i.s.PathMatchingResourcePatternResolver - Looking for matching resources in jar file [file:/home/aluno/.m2/repository/org/springframework/data/spring-data-commons/1.11.0.RELEASE/spring-data-commons-1.11.0.RELEASE.jar]
16:37:18.687 [main] DEBUG o.s.c.i.s.PathMatchingResourcePatternResolver - Looking for matching resources in jar file [file:/home/aluno/.m2/repository/org/springframework/data/spring-data-keyvalue/1.0.0.M1/spring-data-keyvalue-1.0.0.M1.jar]
16:37:18.687 [main] DEBUG o.s.c.i.s.PathMatchingResourcePatternResolver - Resolved location pattern [classpath*:org/springframework/data/**/repository/support/**/*.class] to resources [file [/home/aluno/spring-projects/maven/spring-data-aerospike/target/test-classes/org/springframework/data/aerospike/repository/support/SimpleAerospikeRepositoryTest$5.class], file [/home/aluno/spring-projects/maven/spring-data-aerospike/target/test-classes/org/springframework/data/aerospike/repository/support/SimpleAerospikeRepositoryTest$9.class], file [/home/aluno/spring-projects/maven/spring-data-aerospike/target/test-classes/org/springframework/data/aerospike/repository/support/SimpleAerospikeRepositoryTest$4.class], file [/home/aluno/spring-projects/maven/spring-data-aerospike/target/test-classes/org/springframework/data/aerospike/repository/support/AerospikeRepositoryFactoryTest.class], file [/home/aluno/spring-projects/maven/spring-data-aerospike/target/test-classes/org/springframework/data/aerospike/repository/support/SimpleAerospikeRepositoryTest.class], file [/home/aluno/spring-projects/maven/spring-data-aerospike/target/test-classes/org/springframework/data/aerospike/repository/support/SimpleAerospikeRepositoryTest$1.class], file [/home/aluno/spring-projects/maven/spring-data-aerospike/target/test-classes/org/springframework/data/aerospike/repository/support/SimpleAerospikeRepositoryTest$3.class], file [/home/aluno/spring-projects/maven/spring-data-aerospike/target/test-classes/org/springframework/data/aerospike/repository/support/SimpleAerospikeRepositoryTest$8.class], file [/home/aluno/spring-projects/maven/spring-data-aerospike/target/test-classes/org/springframework/data/aerospike/repository/support/SimpleAerospikeRepositoryTest$6.class], file [/home/aluno/spring-projects/maven/spring-data-aerospike/target/test-classes/org/springframework/data/aerospike/repository/support/SimpleAerospikeRepositoryTest$2.class], file [/home/aluno/spring-projects/maven/spring-data-aerospike/target/test-classes/org/springframework/data/aerospike/repository/support/AllTests.class], file [/home/aluno/spring-projects/maven/spring-data-aerospike/target/test-classes/org/springframework/data/aerospike/repository/support/SimpleAerospikeRepositoryTest$7.class], file [/home/aluno/spring-projects/maven/spring-data-aerospike/target/classes/org/springframework/data/aerospike/repository/support/AerospikeRepositoryFactoryBean.class], file [/home/aluno/spring-projects/maven/spring-data-aerospike/target/classes/org/springframework/data/aerospike/repository/support/AerospikeRepositoryFactory$AerospikeQueryLookupStrategy.class], file [/home/aluno/spring-projects/maven/spring-data-aerospike/target/classes/org/springframework/data/aerospike/repository/support/AerospikeRepositoryFactory.class], file [/home/aluno/spring-projects/maven/spring-data-aerospike/target/classes/org/springframework/data/aerospike/repository/support/SimpleAerospikeRepository.class], URL [jar:file:/home/aluno/.m2/repository/org/springframework/data/spring-data-commons/1.11.0.RELEASE/spring-data-commons-1.11.0.RELEASE.jar!/org/springframework/data/repository/support/DomainClassConverter$ConversionMatchAbbreviationException.class], URL [jar:file:/home/aluno/.m2/repository/org/springframework/data/spring-data-commons/1.11.0.RELEASE/spring-data-commons-1.11.0.RELEASE.jar!/org/springframework/data/repository/support/DomainClassConverter$ToIdConverter.class], URL [jar:file:/home/aluno/.m2/repository/org/springframework/data/spring-data-commons/1.11.0.RELEASE/spring-data-commons-1.11.0.RELEASE.jar!/org/springframework/data/repository/support/Repositories$EmptyRepositoryFactoryInformation.class], URL [jar:file:/home/aluno/.m2/repository/org/springframework/data/spring-data-commons/1.11.0.RELEASE/spring-data-commons-1.11.0.RELEASE.jar!/org/springframework/data/repository/support/PagingAndSortingRepositoryInvoker.class], URL [jar:file:/home/aluno/.m2/repository/org/springframework/data/spring-data-commons/1.11.0.RELEASE/spring-data-commons-1.11.0.RELEASE.jar!/org/springframework/data/repository/support/QueryMethodParameterConversionException.class], URL [jar:file:/home/aluno/.m2/repository/org/springframework/data/spring-data-commons/1.11.0.RELEASE/spring-data-commons-1.11.0.RELEASE.jar!/org/springframework/data/repository/support/MethodParameters.class], URL [jar:file:/home/aluno/.m2/repository/org/springframework/data/spring-data-commons/1.11.0.RELEASE/spring-data-commons-1.11.0.RELEASE.jar!/org/springframework/data/repository/support/RepositoryInvoker.class], URL [jar:file:/home/aluno/.m2/repository/org/springframework/data/spring-data-commons/1.11.0.RELEASE/spring-data-commons-1.11.0.RELEASE.jar!/org/springframework/data/repository/support/RepositoryInvokerFactory.class], URL [jar:file:/home/aluno/.m2/repository/org/springframework/data/spring-data-commons/1.11.0.RELEASE/spring-data-commons-1.11.0.RELEASE.jar!/org/springframework/data/repository/support/DomainClassPropertyEditorRegistrar.class], URL [jar:file:/home/aluno/.m2/repository/org/springframework/data/spring-data-commons/1.11.0.RELEASE/spring-data-commons-1.11.0.RELEASE.jar!/org/springframework/data/repository/support/AnnotationAttribute.class], URL [jar:file:/home/aluno/.m2/repository/org/springframework/data/spring-data-commons/1.11.0.RELEASE/spring-data-commons-1.11.0.RELEASE.jar!/org/springframework/data/repository/support/DefaultRepositoryInvokerFactory.class], URL [jar:file:/home/aluno/.m2/repository/org/springframework/data/spring-data-commons/1.11.0.RELEASE/spring-data-commons-1.11.0.RELEASE.jar!/org/springframework/data/repository/support/MethodParameters$AnnotationNamingMethodParameter.class], URL [jar:file:/home/aluno/.m2/repository/org/springframework/data/spring-data-commons/1.11.0.RELEASE/spring-data-commons-1.11.0.RELEASE.jar!/org/springframework/data/repository/support/CrudRepositoryInvoker.class], URL [jar:file:/home/aluno/.m2/repository/org/springframework/data/spring-data-commons/1.11.0.RELEASE/spring-data-commons-1.11.0.RELEASE.jar!/org/springframework/data/repository/support/Repositories.class], URL [jar:file:/home/aluno/.m2/repository/org/springframework/data/spring-data-commons/1.11.0.RELEASE/spring-data-commons-1.11.0.RELEASE.jar!/org/springframework/data/repository/support/DomainClassConverter$ToEntityConverter.class], URL [jar:file:/home/aluno/.m2/repository/org/springframework/data/spring-data-commons/1.11.0.RELEASE/spring-data-commons-1.11.0.RELEASE.jar!/org/springframework/data/repository/support/ReflectionRepositoryInvoker.class], URL [jar:file:/home/aluno/.m2/repository/org/springframework/data/spring-data-commons/1.11.0.RELEASE/spring-data-commons-1.11.0.RELEASE.jar!/org/springframework/data/repository/support/DomainClassPropertyEditor.class], URL [jar:file:/home/aluno/.m2/repository/org/springframework/data/spring-data-commons/1.11.0.RELEASE/spring-data-commons-1.11.0.RELEASE.jar!/org/springframework/data/repository/support/DomainClassConverter.class], URL [jar:file:/home/aluno/.m2/repository/org/springframework/data/spring-data-commons/1.11.0.RELEASE/spring-data-commons-1.11.0.RELEASE.jar!/org/springframework/data/repository/support/DomainClassConverter$1.class], URL [jar:file:/home/aluno/.m2/repository/org/springframework/data/spring-data-commons/1.11.0.RELEASE/spring-data-commons-1.11.0.RELEASE.jar!/org/springframework/data/repository/support/RepositoryInvocationInformation.class], URL [jar:file:/home/aluno/.m2/repository/org/springframework/data/spring-data-keyvalue/1.0.0.M1/spring-data-keyvalue-1.0.0.M1.jar!/org/springframework/data/keyvalue/repository/support/KeyValueRepositoryFactory$KeyValueQueryLookupStrategy.class], URL [jar:file:/home/aluno/.m2/repository/org/springframework/data/spring-data-keyvalue/1.0.0.M1/spring-data-keyvalue-1.0.0.M1.jar!/org/springframework/data/keyvalue/repository/support/QuerydslKeyValueRepository.class], URL [jar:file:/home/aluno/.m2/repository/org/springframework/data/spring-data-keyvalue/1.0.0.M1/spring-data-keyvalue-1.0.0.M1.jar!/org/springframework/data/keyvalue/repository/support/KeyValueRepositoryFactoryBean.class], URL [jar:file:/home/aluno/.m2/repository/org/springframework/data/spring-data-keyvalue/1.0.0.M1/spring-data-keyvalue-1.0.0.M1.jar!/org/springframework/data/keyvalue/repository/support/KeyValueQuerydslUtils$1.class], URL [jar:file:/home/aluno/.m2/repository/org/springframework/data/spring-data-keyvalue/1.0.0.M1/spring-data-keyvalue-1.0.0.M1.jar!/org/springframework/data/keyvalue/repository/support/KeyValueQuerydslUtils.class], URL [jar:file:/home/aluno/.m2/repository/org/springframework/data/spring-data-keyvalue/1.0.0.M1/spring-data-keyvalue-1.0.0.M1.jar!/org/springframework/data/keyvalue/repository/support/KeyValueRepositoryFactory.class], URL [jar:file:/home/aluno/.m2/repository/org/springframework/data/spring-data-keyvalue/1.0.0.M1/spring-data-keyvalue-1.0.0.M1.jar!/org/springframework/data/keyvalue/repository/support/SimpleKeyValueRepository.class]]
16:37:18.690 [main] DEBUG o.s.c.a.ClassPathScanningCandidateComponentProvider - Identified candidate component class: file [/home/aluno/spring-projects/maven/spring-data-aerospike/target/classes/org/springframework/data/aerospike/repository/support/AerospikeRepositoryFactory.class]
16:37:18.837 [main] DEBUG o.s.c.a.ClassPathScanningCandidateComponentProvider - Identified candidate component class: URL [jar:file:/home/aluno/.m2/repository/org/springframework/data/spring-data-keyvalue/1.0.0.M1/spring-data-keyvalue-1.0.0.M1.jar!/org/springframework/data/keyvalue/repository/support/KeyValueRepositoryFactory.class]
16:37:18.838 [main] DEBUG o.s.d.r.c.RepositoryConfigurationDelegate - Multiple Spring Data modules found, entering strict repository configuration mode!
16:37:18.838 [main] DEBUG o.s.core.env.StandardEnvironment - Adding [systemProperties] PropertySource with lowest search precedence
16:37:18.838 [main] DEBUG o.s.core.env.StandardEnvironment - Adding [systemEnvironment] PropertySource with lowest search precedence
16:37:18.838 [main] DEBUG o.s.core.env.StandardEnvironment - Initialized StandardEnvironment with PropertySources [systemProperties,systemEnvironment]
16:37:18.839 [main] DEBUG o.s.c.i.s.PathMatchingResourcePatternResolver - Looking for matching resources in directory tree [/home/aluno/spring-projects/maven/spring-data-aerospike/target/test-classes/org/springframework/data/aerospike/repository]
16:37:18.839 [main] DEBUG o.s.c.i.s.PathMatchingResourcePatternResolver - Searching directory [/home/aluno/spring-projects/maven/spring-data-aerospike/target/test-classes/org/springframework/data/aerospike/repository] for files matching pattern [/home/aluno/spring-projects/maven/spring-data-aerospike/target/test-classes/org/springframework/data/aerospike/repository/**/*.class]
16:37:18.839 [main] DEBUG o.s.c.i.s.PathMatchingResourcePatternResolver - Searching directory [/home/aluno/spring-projects/maven/spring-data-aerospike/target/test-classes/org/springframework/data/aerospike/repository/support] for files matching pattern [/home/aluno/spring-projects/maven/spring-data-aerospike/target/test-classes/org/springframework/data/aerospike/repository/**/*.class]
16:37:18.839 [main] DEBUG o.s.c.i.s.PathMatchingResourcePatternResolver - Searching directory [/home/aluno/spring-projects/maven/spring-data-aerospike/target/test-classes/org/springframework/data/aerospike/repository/query] for files matching pattern [/home/aluno/spring-projects/maven/spring-data-aerospike/target/test-classes/org/springframework/data/aerospike/repository/**/*.class]
16:37:18.839 [main] DEBUG o.s.c.i.s.PathMatchingResourcePatternResolver - Looking for matching resources in directory tree [/home/aluno/spring-projects/maven/spring-data-aerospike/target/classes/org/springframework/data/aerospike/repository]
16:37:18.839 [main] DEBUG o.s.c.i.s.PathMatchingResourcePatternResolver - Searching directory [/home/aluno/spring-projects/maven/spring-data-aerospike/target/classes/org/springframework/data/aerospike/repository] for files matching pattern [/home/aluno/spring-projects/maven/spring-data-aerospike/target/classes/org/springframework/data/aerospike/repository/**/*.class]
16:37:18.840 [main] DEBUG o.s.c.i.s.PathMatchingResourcePatternResolver - Searching directory [/home/aluno/spring-projects/maven/spring-data-aerospike/target/classes/org/springframework/data/aerospike/repository/support] for files matching pattern [/home/aluno/spring-projects/maven/spring-data-aerospike/target/classes/org/springframework/data/aerospike/repository/**/*.class]
16:37:18.840 [main] DEBUG o.s.c.i.s.PathMatchingResourcePatternResolver - Searching directory [/home/aluno/spring-projects/maven/spring-data-aerospike/target/classes/org/springframework/data/aerospike/repository/config] for files matching pattern [/home/aluno/spring-projects/maven/spring-data-aerospike/target/classes/org/springframework/data/aerospike/repository/**/*.class]
16:37:18.840 [main] DEBUG o.s.c.i.s.PathMatchingResourcePatternResolver - Searching directory [/home/aluno/spring-projects/maven/spring-data-aerospike/target/classes/org/springframework/data/aerospike/repository/query] for files matching pattern [/home/aluno/spring-projects/maven/spring-data-aerospike/target/classes/org/springframework/data/aerospike/repository/**/*.class]
16:37:18.840 [main] DEBUG o.s.c.i.s.PathMatchingResourcePatternResolver - Resolved location pattern [classpath*:org/springframework/data/aerospike/repository/**/*.class] to resources [file [/home/aluno/spring-projects/maven/spring-data-aerospike/target/test-classes/org/springframework/data/aerospike/repository/Credentials.class], file [/home/aluno/spring-projects/maven/spring-data-aerospike/target/test-classes/org/springframework/data/aerospike/repository/AbstractPersonRepositoryIntegrationTests$1.class], file [/home/aluno/spring-projects/maven/spring-data-aerospike/target/test-classes/org/springframework/data/aerospike/repository/PersonRepository.class], file [/home/aluno/spring-projects/maven/spring-data-aerospike/target/test-classes/org/springframework/data/aerospike/repository/TestConfigPerson.class], file [/home/aluno/spring-projects/maven/spring-data-aerospike/target/test-classes/org/springframework/data/aerospike/repository/Address.class], file [/home/aluno/spring-projects/maven/spring-data-aerospike/target/test-classes/org/springframework/data/aerospike/repository/Person$Sex.class], file [/home/aluno/spring-projects/maven/spring-data-aerospike/target/test-classes/org/springframework/data/aerospike/repository/Person.class], file [/home/aluno/spring-projects/maven/spring-data-aerospike/target/test-classes/org/springframework/data/aerospike/repository/ContactRepository.class], file [/home/aluno/spring-projects/maven/spring-data-aerospike/target/test-classes/org/springframework/data/aerospike/repository/AbstractPersonRepositoryIntegrationTests.class], file [/home/aluno/spring-projects/maven/spring-data-aerospike/target/test-classes/org/springframework/data/aerospike/repository/User.class], file [/home/aluno/spring-projects/maven/spring-data-aerospike/target/test-classes/org/springframework/data/aerospike/repository/CustomerRepositoriesIntegrationTests$Config.class], file [/home/aluno/spring-projects/maven/spring-data-aerospike/target/test-classes/org/springframework/data/aerospike/repository/AnnotatedPerson.class], file [/home/aluno/spring-projects/maven/spring-data-aerospike/target/test-classes/org/springframework/data/aerospike/repository/support/SimpleAerospikeRepositoryTest$5.class], file [/home/aluno/spring-projects/maven/spring-data-aerospike/target/test-classes/org/springframework/data/aerospike/repository/support/SimpleAerospikeRepositoryTest$9.class], file [/home/aluno/spring-projects/maven/spring-data-aerospike/target/test-classes/org/springframework/data/aerospike/repository/support/SimpleAerospikeRepositoryTest$4.class], file [/home/aluno/spring-projects/maven/spring-data-aerospike/target/test-classes/org/springframework/data/aerospike/repository/support/AerospikeRepositoryFactoryTest.class], file [/home/aluno/spring-projects/maven/spring-data-aerospike/target/test-classes/org/springframework/data/aerospike/repository/support/SimpleAerospikeRepositoryTest.class], file [/home/aluno/spring-projects/maven/spring-data-aerospike/target/test-classes/org/springframework/data/aerospike/repository/support/SimpleAerospikeRepositoryTest$1.class], file [/home/aluno/spring-projects/maven/spring-data-aerospike/target/test-classes/org/springframework/data/aerospike/repository/support/SimpleAerospikeRepositoryTest$3.class], file [/home/aluno/spring-projects/maven/spring-data-aerospike/target/test-classes/org/springframework/data/aerospike/repository/support/SimpleAerospikeRepositoryTest$8.class], file [/home/aluno/spring-projects/maven/spring-data-aerospike/target/test-classes/org/springframework/data/aerospike/repository/support/SimpleAerospikeRepositoryTest$6.class], file [/home/aluno/spring-projects/maven/spring-data-aerospike/target/test-classes/org/springframework/data/aerospike/repository/support/SimpleAerospikeRepositoryTest$2.class], file [/home/aluno/spring-projects/maven/spring-data-aerospike/target/test-classes/org/springframework/data/aerospike/repository/support/AllTests.class], file [/home/aluno/spring-projects/maven/spring-data-aerospike/target/test-classes/org/springframework/data/aerospike/repository/support/SimpleAerospikeRepositoryTest$7.class], file [/home/aluno/spring-projects/maven/spring-data-aerospike/target/test-classes/org/springframework/data/aerospike/repository/Contact.class], file [/home/aluno/spring-projects/maven/spring-data-aerospike/target/test-classes/org/springframework/data/aerospike/repository/AllTests.class], file [/home/aluno/spring-projects/maven/spring-data-aerospike/target/test-classes/org/springframework/data/aerospike/repository/PersonRepositoryIntegrationTests.class], file [/home/aluno/spring-projects/maven/spring-data-aerospike/target/test-classes/org/springframework/data/aerospike/repository/query/StubParameterAccessor.class], file [/home/aluno/spring-projects/maven/spring-data-aerospike/target/test-classes/org/springframework/data/aerospike/repository/query/AllTests.class], file [/home/aluno/spring-projects/maven/spring-data-aerospike/target/test-classes/org/springframework/data/aerospike/repository/query/AerospikePartTreeQueryTest.class], file [/home/aluno/spring-projects/maven/spring-data-aerospike/target/test-classes/org/springframework/data/aerospike/repository/CustomerRepositoriesIntegrationTests.class], file [/home/aluno/spring-projects/maven/spring-data-aerospike/target/classes/org/springframework/data/aerospike/repository/AerospikeRepository.class], file [/home/aluno/spring-projects/maven/spring-data-aerospike/target/classes/org/springframework/data/aerospike/repository/support/AerospikeRepositoryFactoryBean.class], file [/home/aluno/spring-projects/maven/spring-data-aerospike/target/classes/org/springframework/data/aerospike/repository/support/AerospikeRepositoryFactory$AerospikeQueryLookupStrategy.class], file [/home/aluno/spring-projects/maven/spring-data-aerospike/target/classes/org/springframework/data/aerospike/repository/support/AerospikeRepositoryFactory.class], file [/home/aluno/spring-projects/maven/spring-data-aerospike/target/classes/org/springframework/data/aerospike/repository/support/SimpleAerospikeRepository.class], file [/home/aluno/spring-projects/maven/spring-data-aerospike/target/classes/org/springframework/data/aerospike/repository/config/AerospikeRepositoriesRegistrar.class], file [/home/aluno/spring-projects/maven/spring-data-aerospike/target/classes/org/springframework/data/aerospike/repository/config/EnableAerospikeRepositories.class], file [/home/aluno/spring-projects/maven/spring-data-aerospike/target/classes/org/springframework/data/aerospike/repository/config/AerospikeRepositoriesRegistrar$1.class], file [/home/aluno/spring-projects/maven/spring-data-aerospike/target/classes/org/springframework/data/aerospike/repository/config/AerospikeRepositoriesRegistrar$AerospikeRepositoryConfigurationExtension.class], file [/home/aluno/spring-projects/maven/spring-data-aerospike/target/classes/org/springframework/data/aerospike/repository/query/AerospikeParameterAccessor.class], file [/home/aluno/spring-projects/maven/spring-data-aerospike/target/classes/org/springframework/data/aerospike/repository/query/Query.class], file [/home/aluno/spring-projects/maven/spring-data-aerospike/target/classes/org/springframework/data/aerospike/repository/query/ConvertingParameterAccessor.class], file [/home/aluno/spring-projects/maven/spring-data-aerospike/target/classes/org/springframework/data/aerospike/repository/query/AerospikeQueryCreator$1.class], file [/home/aluno/spring-projects/maven/spring-data-aerospike/target/classes/org/springframework/data/aerospike/repository/query/CriteriaDefinition.class], file [/home/aluno/spring-projects/maven/spring-data-aerospike/target/classes/org/springframework/data/aerospike/repository/query/TextCriteria.class], file [/home/aluno/spring-projects/maven/spring-data-aerospike/target/classes/org/springframework/data/aerospike/repository/query/Criteria.class], file [/home/aluno/spring-projects/maven/spring-data-aerospike/target/classes/org/springframework/data/aerospike/repository/query/AerospikePartTreeQuery.class], file [/home/aluno/spring-projects/maven/spring-data-aerospike/target/classes/org/springframework/data/aerospike/repository/query/AerospikeQueryCreator.class]]
16:37:18.841 [main] DEBUG o.s.d.r.c.RepositoryComponentProvider - Identified candidate component class: file [/home/aluno/spring-projects/maven/spring-data-aerospike/target/test-classes/org/springframework/data/aerospike/repository/PersonRepository.class]
16:37:18.842 [main] DEBUG o.s.d.r.c.RepositoryComponentProvider - Identified candidate component class: file [/home/aluno/spring-projects/maven/spring-data-aerospike/target/test-classes/org/springframework/data/aerospike/repository/ContactRepository.class]
16:37:18.851 [main] DEBUG o.s.core.env.StandardEnvironment - Adding [systemProperties] PropertySource with lowest search precedence
16:37:18.854 [main] DEBUG o.s.core.env.StandardEnvironment - Adding [systemEnvironment] PropertySource with lowest search precedence
16:37:18.854 [main] DEBUG o.s.core.env.StandardEnvironment - Initialized StandardEnvironment with PropertySources [systemProperties,systemEnvironment]
16:37:18.854 [main] DEBUG o.s.c.i.s.PathMatchingResourcePatternResolver - Looking for matching resources in directory tree [/home/aluno/spring-projects/maven/spring-data-aerospike/target/test-classes/org/springframework/data/aerospike/repository]
16:37:18.854 [main] DEBUG o.s.c.i.s.PathMatchingResourcePatternResolver - Searching directory [/home/aluno/spring-projects/maven/spring-data-aerospike/target/test-classes/org/springframework/data/aerospike/repository] for files matching pattern [/home/aluno/spring-projects/maven/spring-data-aerospike/target/test-classes/org/springframework/data/aerospike/repository/**/*PersonRepositoryImpl.class]
16:37:18.855 [main] DEBUG o.s.c.i.s.PathMatchingResourcePatternResolver - Searching directory [/home/aluno/spring-projects/maven/spring-data-aerospike/target/test-classes/org/springframework/data/aerospike/repository/support] for files matching pattern [/home/aluno/spring-projects/maven/spring-data-aerospike/target/test-classes/org/springframework/data/aerospike/repository/**/*PersonRepositoryImpl.class]
16:37:18.855 [main] DEBUG o.s.c.i.s.PathMatchingResourcePatternResolver - Searching directory [/home/aluno/spring-projects/maven/spring-data-aerospike/target/test-classes/org/springframework/data/aerospike/repository/query] for files matching pattern [/home/aluno/spring-projects/maven/spring-data-aerospike/target/test-classes/org/springframework/data/aerospike/repository/**/*PersonRepositoryImpl.class]
16:37:18.855 [main] DEBUG o.s.c.i.s.PathMatchingResourcePatternResolver - Looking for matching resources in directory tree [/home/aluno/spring-projects/maven/spring-data-aerospike/target/classes/org/springframework/data/aerospike/repository]
16:37:18.859 [main] DEBUG o.s.c.i.s.PathMatchingResourcePatternResolver - Searching directory [/home/aluno/spring-projects/maven/spring-data-aerospike/target/classes/org/springframework/data/aerospike/repository] for files matching pattern [/home/aluno/spring-projects/maven/spring-data-aerospike/target/classes/org/springframework/data/aerospike/repository/**/*PersonRepositoryImpl.class]
16:37:18.860 [main] DEBUG o.s.c.i.s.PathMatchingResourcePatternResolver - Searching directory [/home/aluno/spring-projects/maven/spring-data-aerospike/target/classes/org/springframework/data/aerospike/repository/support] for files matching pattern [/home/aluno/spring-projects/maven/spring-data-aerospike/target/classes/org/springframework/data/aerospike/repository/**/*PersonRepositoryImpl.class]
16:37:18.860 [main] DEBUG o.s.c.i.s.PathMatchingResourcePatternResolver - Searching directory [/home/aluno/spring-projects/maven/spring-data-aerospike/target/classes/org/springframework/data/aerospike/repository/config] for files matching pattern [/home/aluno/spring-projects/maven/spring-data-aerospike/target/classes/org/springframework/data/aerospike/repository/**/*PersonRepositoryImpl.class]
16:37:18.860 [main] DEBUG o.s.c.i.s.PathMatchingResourcePatternResolver - Searching directory [/home/aluno/spring-projects/maven/spring-data-aerospike/target/classes/org/springframework/data/aerospike/repository/query] for files matching pattern [/home/aluno/spring-projects/maven/spring-data-aerospike/target/classes/org/springframework/data/aerospike/repository/**/*PersonRepositoryImpl.class]
16:37:18.860 [main] DEBUG o.s.c.i.s.PathMatchingResourcePatternResolver - Resolved location pattern [classpath*:org/springframework/data/aerospike/repository/**/*PersonRepositoryImpl.class] to resources []
16:37:18.860 [main] DEBUG o.s.d.r.c.RepositoryConfigurationDelegate - Spring Data Aerospike - Registering repository: personRepository - Interface: org.springframework.data.aerospike.repository.PersonRepository - Factory: org.springframework.data.keyvalue.repository.support.KeyValueRepositoryFactoryBean
16:37:18.861 [main] DEBUG o.s.core.env.StandardEnvironment - Adding [systemProperties] PropertySource with lowest search precedence
16:37:18.861 [main] DEBUG o.s.core.env.StandardEnvironment - Adding [systemEnvironment] PropertySource with lowest search precedence
16:37:18.861 [main] DEBUG o.s.core.env.StandardEnvironment - Initialized StandardEnvironment with PropertySources [systemProperties,systemEnvironment]
16:37:18.861 [main] DEBUG o.s.c.i.s.PathMatchingResourcePatternResolver - Looking for matching resources in directory tree [/home/aluno/spring-projects/maven/spring-data-aerospike/target/test-classes/org/springframework/data/aerospike/repository]
16:37:18.861 [main] DEBUG o.s.c.i.s.PathMatchingResourcePatternResolver - Searching directory [/home/aluno/spring-projects/maven/spring-data-aerospike/target/test-classes/org/springframework/data/aerospike/repository] for files matching pattern [/home/aluno/spring-projects/maven/spring-data-aerospike/target/test-classes/org/springframework/data/aerospike/repository/**/*ContactRepositoryImpl.class]
16:37:18.861 [main] DEBUG o.s.c.i.s.PathMatchingResourcePatternResolver - Searching directory [/home/aluno/spring-projects/maven/spring-data-aerospike/target/test-classes/org/springframework/data/aerospike/repository/support] for files matching pattern [/home/aluno/spring-projects/maven/spring-data-aerospike/target/test-classes/org/springframework/data/aerospike/repository/**/*ContactRepositoryImpl.class]
16:37:18.862 [main] DEBUG o.s.c.i.s.PathMatchingResourcePatternResolver - Searching directory [/home/aluno/spring-projects/maven/spring-data-aerospike/target/test-classes/org/springframework/data/aerospike/repository/query] for files matching pattern [/home/aluno/spring-projects/maven/spring-data-aerospike/target/test-classes/org/springframework/data/aerospike/repository/**/*ContactRepositoryImpl.class]
16:37:18.862 [main] DEBUG o.s.c.i.s.PathMatchingResourcePatternResolver - Looking for matching resources in directory tree [/home/aluno/spring-projects/maven/spring-data-aerospike/target/classes/org/springframework/data/aerospike/repository]
16:37:18.862 [main] DEBUG o.s.c.i.s.PathMatchingResourcePatternResolver - Searching directory [/home/aluno/spring-projects/maven/spring-data-aerospike/target/classes/org/springframework/data/aerospike/repository] for files matching pattern [/home/aluno/spring-projects/maven/spring-data-aerospike/target/classes/org/springframework/data/aerospike/repository/**/*ContactRepositoryImpl.class]
16:37:18.862 [main] DEBUG o.s.c.i.s.PathMatchingResourcePatternResolver - Searching directory [/home/aluno/spring-projects/maven/spring-data-aerospike/target/classes/org/springframework/data/aerospike/repository/support] for files matching pattern [/home/aluno/spring-projects/maven/spring-data-aerospike/target/classes/org/springframework/data/aerospike/repository/**/*ContactRepositoryImpl.class]
16:37:18.862 [main] DEBUG o.s.c.i.s.PathMatchingResourcePatternResolver - Searching directory [/home/aluno/spring-projects/maven/spring-data-aerospike/target/classes/org/springframework/data/aerospike/repository/config] for files matching pattern [/home/aluno/spring-projects/maven/spring-data-aerospike/target/classes/org/springframework/data/aerospike/repository/**/*ContactRepositoryImpl.class]
16:37:18.862 [main] DEBUG o.s.c.i.s.PathMatchingResourcePatternResolver - Searching directory [/home/aluno/spring-projects/maven/spring-data-aerospike/target/classes/org/springframework/data/aerospike/repository/query] for files matching pattern [/home/aluno/spring-projects/maven/spring-data-aerospike/target/classes/org/springframework/data/aerospike/repository/**/*ContactRepositoryImpl.class]
16:37:18.862 [main] DEBUG o.s.c.i.s.PathMatchingResourcePatternResolver - Resolved location pattern [classpath*:org/springframework/data/aerospike/repository/**/*ContactRepositoryImpl.class] to resources []
16:37:18.862 [main] DEBUG o.s.d.r.c.RepositoryConfigurationDelegate - Spring Data Aerospike - Registering repository: contactRepository - Interface: org.springframework.data.aerospike.repository.ContactRepository - Factory: org.springframework.data.keyvalue.repository.support.KeyValueRepositoryFactoryBean
16:37:18.863 [main] DEBUG o.s.c.a.ConfigurationClassEnhancer - Successfully enhanced org.springframework.data.aerospike.repository.TestConfigPerson; enhanced class name is: org.springframework.data.aerospike.repository.TestConfigPerson$$EnhancerBySpringCGLIB$$3f27a8da
16:37:18.863 [main] DEBUG o.s.c.a.ConfigurationClassPostProcessor - Replacing bean definition 'testConfigPerson' existing class name 'org.springframework.data.aerospike.repository.TestConfigPerson' with enhanced class name 'org.springframework.data.aerospike.repository.TestConfigPerson$$EnhancerBySpringCGLIB$$3f27a8da'
16:37:18.864 [main] DEBUG o.s.b.f.s.DefaultListableBeanFactory - Creating shared instance of singleton bean 'org.springframework.context.annotation.internalAutowiredAnnotationProcessor'
16:37:18.864 [main] DEBUG o.s.b.f.s.DefaultListableBeanFactory - Creating instance of bean 'org.springframework.context.annotation.internalAutowiredAnnotationProcessor'
16:37:18.864 [main] DEBUG o.s.b.f.s.DefaultListableBeanFactory - Eagerly caching bean 'org.springframework.context.annotation.internalAutowiredAnnotationProcessor' to allow for resolving potential circular references
16:37:18.864 [main] DEBUG o.s.b.f.s.DefaultListableBeanFactory - Finished creating instance of bean 'org.springframework.context.annotation.internalAutowiredAnnotationProcessor'
16:37:18.864 [main] DEBUG o.s.b.f.s.DefaultListableBeanFactory - Creating shared instance of singleton bean 'org.springframework.context.annotation.internalRequiredAnnotationProcessor'
16:37:18.864 [main] DEBUG o.s.b.f.s.DefaultListableBeanFactory - Creating instance of bean 'org.springframework.context.annotation.internalRequiredAnnotationProcessor'
16:37:18.864 [main] DEBUG o.s.b.f.s.DefaultListableBeanFactory - Eagerly caching bean 'org.springframework.context.annotation.internalRequiredAnnotationProcessor' to allow for resolving potential circular references
16:37:18.864 [main] DEBUG o.s.b.f.s.DefaultListableBeanFactory - Finished creating instance of bean 'org.springframework.context.annotation.internalRequiredAnnotationProcessor'
16:37:18.864 [main] DEBUG o.s.b.f.s.DefaultListableBeanFactory - Creating shared instance of singleton bean 'org.springframework.context.annotation.internalCommonAnnotationProcessor'
16:37:18.864 [main] DEBUG o.s.b.f.s.DefaultListableBeanFactory - Creating instance of bean 'org.springframework.context.annotation.internalCommonAnnotationProcessor'
16:37:18.864 [main] DEBUG o.s.b.f.s.DefaultListableBeanFactory - Eagerly caching bean 'org.springframework.context.annotation.internalCommonAnnotationProcessor' to allow for resolving potential circular references
16:37:18.864 [main] DEBUG o.s.b.f.s.DefaultListableBeanFactory - Finished creating instance of bean 'org.springframework.context.annotation.internalCommonAnnotationProcessor'
16:37:18.864 [main] DEBUG o.s.b.f.s.DefaultListableBeanFactory - Creating shared instance of singleton bean 'org.springframework.context.annotation.ConfigurationClassPostProcessor.importAwareProcessor'
16:37:18.864 [main] DEBUG o.s.b.f.s.DefaultListableBeanFactory - Creating instance of bean 'org.springframework.context.annotation.ConfigurationClassPostProcessor.importAwareProcessor'
16:37:18.864 [main] DEBUG o.s.b.f.s.DefaultListableBeanFactory - Eagerly caching bean 'org.springframework.context.annotation.ConfigurationClassPostProcessor.importAwareProcessor' to allow for resolving potential circular references
16:37:18.865 [main] DEBUG o.s.b.f.s.DefaultListableBeanFactory - Finished creating instance of bean 'org.springframework.context.annotation.ConfigurationClassPostProcessor.importAwareProcessor'
16:37:18.865 [main] DEBUG o.s.b.f.s.DefaultListableBeanFactory - Creating shared instance of singleton bean 'org.springframework.context.annotation.ConfigurationClassPostProcessor.enhancedConfigurationProcessor'
16:37:18.865 [main] DEBUG o.s.b.f.s.DefaultListableBeanFactory - Creating instance of bean 'org.springframework.context.annotation.ConfigurationClassPostProcessor.enhancedConfigurationProcessor'
16:37:18.865 [main] DEBUG o.s.b.f.s.DefaultListableBeanFactory - Eagerly caching bean 'org.springframework.context.annotation.ConfigurationClassPostProcessor.enhancedConfigurationProcessor' to allow for resolving potential circular references
16:37:18.865 [main] DEBUG o.s.b.f.s.DefaultListableBeanFactory - Finished creating instance of bean 'org.springframework.context.annotation.ConfigurationClassPostProcessor.enhancedConfigurationProcessor'
16:37:18.865 [main] DEBUG o.s.b.f.s.DefaultListableBeanFactory - Creating shared instance of singleton bean 'org.springframework.data.repository.core.support.RepositoryInterfaceAwareBeanPostProcessor'
16:37:18.865 [main] DEBUG o.s.b.f.s.DefaultListableBeanFactory - Creating instance of bean 'org.springframework.data.repository.core.support.RepositoryInterfaceAwareBeanPostProcessor'
16:37:18.865 [main] DEBUG o.s.b.f.s.DefaultListableBeanFactory - Eagerly caching bean 'org.springframework.data.repository.core.support.RepositoryInterfaceAwareBeanPostProcessor' to allow for resolving potential circular references
16:37:18.865 [main] DEBUG o.s.b.f.s.DefaultListableBeanFactory - Finished creating instance of bean 'org.springframework.data.repository.core.support.RepositoryInterfaceAwareBeanPostProcessor'
16:37:18.865 [main] DEBUG o.s.c.s.GenericApplicationContext - Unable to locate MessageSource with name 'messageSource': using default [org.springframework.context.support.DelegatingMessageSource@1b005a0b]
16:37:18.865 [main] DEBUG o.s.c.s.GenericApplicationContext - Unable to locate ApplicationEventMulticaster with name 'applicationEventMulticaster': using default [org.springframework.context.event.SimpleApplicationEventMulticaster@141e879d]
16:37:18.865 [main] DEBUG o.s.b.f.s.DefaultListableBeanFactory - Pre-instantiating singletons in org.springframework.beans.factory.support.DefaultListableBeanFactory@7bde1f3a: defining beans [org.springframework.context.annotation.internalConfigurationAnnotationProcessor,org.springframework.context.annotation.internalAutowiredAnnotationProcessor,org.springframework.context.annotation.internalRequiredAnnotationProcessor,org.springframework.context.annotation.internalCommonAnnotationProcessor,testConfigPerson,org.springframework.context.annotation.ConfigurationClassPostProcessor.importAwareProcessor,org.springframework.context.annotation.ConfigurationClassPostProcessor.enhancedConfigurationProcessor,aerospikeTemplate,aerospikeClient,org.springframework.data.aerospike.repository.config.AerospikeRepositoriesRegistrar$AerospikeRepositoryConfigurationExtension#0,org.springframework.data.repository.core.support.RepositoryInterfaceAwareBeanPostProcessor,keyValueMappingContext,personRepository,contactRepository]; root of factory hierarchy
16:37:18.865 [main] DEBUG o.s.b.f.s.DefaultListableBeanFactory - Returning cached instance of singleton bean 'org.springframework.context.annotation.internalConfigurationAnnotationProcessor'
16:37:18.865 [main] DEBUG o.s.b.f.s.DefaultListableBeanFactory - Returning cached instance of singleton bean 'org.springframework.context.annotation.internalAutowiredAnnotationProcessor'
16:37:18.865 [main] DEBUG o.s.b.f.s.DefaultListableBeanFactory - Returning cached instance of singleton bean 'org.springframework.context.annotation.internalRequiredAnnotationProcessor'
16:37:18.866 [main] DEBUG o.s.b.f.s.DefaultListableBeanFactory - Returning cached instance of singleton bean 'org.springframework.context.annotation.internalCommonAnnotationProcessor'
16:37:18.866 [main] DEBUG o.s.b.f.s.DefaultListableBeanFactory - Creating shared instance of singleton bean 'testConfigPerson'
16:37:18.866 [main] DEBUG o.s.b.f.s.DefaultListableBeanFactory - Creating instance of bean 'testConfigPerson'
16:37:18.866 [main] DEBUG o.s.b.f.s.DefaultListableBeanFactory - Eagerly caching bean 'testConfigPerson' to allow for resolving potential circular references
16:37:18.866 [main] DEBUG o.s.b.f.s.DefaultListableBeanFactory - Finished creating instance of bean 'testConfigPerson'
16:37:18.866 [main] DEBUG o.s.b.f.s.DefaultListableBeanFactory - Returning cached instance of singleton bean 'org.springframework.context.annotation.ConfigurationClassPostProcessor.importAwareProcessor'
16:37:18.866 [main] DEBUG o.s.b.f.s.DefaultListableBeanFactory - Returning cached instance of singleton bean 'org.springframework.context.annotation.ConfigurationClassPostProcessor.enhancedConfigurationProcessor'
16:37:18.866 [main] DEBUG o.s.b.f.s.DefaultListableBeanFactory - Creating shared instance of singleton bean 'aerospikeTemplate'
16:37:18.866 [main] DEBUG o.s.b.f.s.DefaultListableBeanFactory - Creating instance of bean 'aerospikeTemplate'
16:37:18.866 [main] DEBUG o.s.b.f.s.DefaultListableBeanFactory - Returning cached instance of singleton bean 'testConfigPerson'
16:37:18.866 [main] DEBUG o.s.b.f.s.DefaultListableBeanFactory - Creating shared instance of singleton bean 'aerospikeClient'
16:37:18.866 [main] DEBUG o.s.b.f.s.DefaultListableBeanFactory - Creating instance of bean 'aerospikeClient'
16:37:18.866 [main] DEBUG o.s.b.f.s.DefaultListableBeanFactory - Returning cached instance of singleton bean 'testConfigPerson'
16:37:20.868 [main] DEBUG o.s.d.a.r.q.AerospikeQueryCreator - AS:Alias 52.41.32.83:3000 failed: Error Code 11: java.net.SocketTimeoutException: connect timed out
16:37:20.868 [main] WARN  o.s.d.a.r.q.AerospikeQueryCreator - AS:Seed 52.41.32.83:3000 failed: Error Code 11: java.net.SocketTimeoutException: connect timed out
16:37:20.870 [main] WARN  o.s.c.s.GenericApplicationContext - Exception encountered during context initialization - cancelling refresh attempt
org.springframework.beans.factory.BeanCreationException: Error creating bean with name 'aerospikeTemplate' defined in org.springframework.data.aerospike.repository.TestConfigPerson: Bean instantiation via factory method failed; nested exception is org.springframework.beans.BeanInstantiationException: Failed to instantiate [org.springframework.data.aerospike.core.AerospikeTemplate]: Factory method 'aerospikeTemplate' threw exception; nested exception is org.springframework.beans.factory.BeanCreationException: Error creating bean with name 'aerospikeClient' defined in org.springframework.data.aerospike.repository.TestConfigPerson: Bean instantiation via factory method failed; nested exception is org.springframework.beans.BeanInstantiationException: Failed to instantiate [com.aerospike.client.AerospikeClient]: Factory method 'aerospikeClient' threw exception; nested exception is com.aerospike.client.AerospikeException$Connection: Error Code 11: Failed to connect to host(s): 
52.41.32.83:3000 Error Code 11: java.net.SocketTimeoutException: connect timed out

	at org.springframework.beans.factory.support.ConstructorResolver.instantiateUsingFactoryMethod(ConstructorResolver.java:599) ~[spring-beans-4.1.7.RELEASE.jar:4.1.7.RELEASE]
	at org.springframework.beans.factory.support.AbstractAutowireCapableBeanFactory.instantiateUsingFactoryMethod(AbstractAutowireCapableBeanFactory.java:1119) ~[spring-beans-4.1.7.RELEASE.jar:4.1.7.RELEASE]
	at org.springframework.beans.factory.support.AbstractAutowireCapableBeanFactory.createBeanInstance(AbstractAutowireCapableBeanFactory.java:1014) ~[spring-beans-4.1.7.RELEASE.jar:4.1.7.RELEASE]
	at org.springframework.beans.factory.support.AbstractAutowireCapableBeanFactory.doCreateBean(AbstractAutowireCapableBeanFactory.java:504) ~[spring-beans-4.1.7.RELEASE.jar:4.1.7.RELEASE]
	at org.springframework.beans.factory.support.AbstractAutowireCapableBeanFactory.createBean(AbstractAutowireCapableBeanFactory.java:476) ~[spring-beans-4.1.7.RELEASE.jar:4.1.7.RELEASE]
	at org.springframework.beans.factory.support.AbstractBeanFactory$1.getObject(AbstractBeanFactory.java:303) ~[spring-beans-4.1.7.RELEASE.jar:4.1.7.RELEASE]
	at org.springframework.beans.factory.support.DefaultSingletonBeanRegistry.getSingleton(DefaultSingletonBeanRegistry.java:230) ~[spring-beans-4.1.7.RELEASE.jar:4.1.7.RELEASE]
	at org.springframework.beans.factory.support.AbstractBeanFactory.doGetBean(AbstractBeanFactory.java:299) ~[spring-beans-4.1.7.RELEASE.jar:4.1.7.RELEASE]
	at org.springframework.beans.factory.support.AbstractBeanFactory.getBean(AbstractBeanFactory.java:194) ~[spring-beans-4.1.7.RELEASE.jar:4.1.7.RELEASE]
	at org.springframework.beans.factory.support.DefaultListableBeanFactory.preInstantiateSingletons(DefaultListableBeanFactory.java:755) ~[spring-beans-4.1.7.RELEASE.jar:4.1.7.RELEASE]
	at org.springframework.context.support.AbstractApplicationContext.finishBeanFactoryInitialization(AbstractApplicationContext.java:757) ~[spring-context-4.1.7.RELEASE.jar:4.1.7.RELEASE]
	at org.springframework.context.support.AbstractApplicationContext.refresh(AbstractApplicationContext.java:480) ~[spring-context-4.1.7.RELEASE.jar:4.1.7.RELEASE]
	at org.springframework.test.context.support.AbstractGenericContextLoader.loadContext(AbstractGenericContextLoader.java:125) [spring-test-4.1.7.RELEASE.jar:4.1.7.RELEASE]
	at org.springframework.test.context.support.AbstractGenericContextLoader.loadContext(AbstractGenericContextLoader.java:60) [spring-test-4.1.7.RELEASE.jar:4.1.7.RELEASE]
	at org.springframework.test.context.support.AbstractDelegatingSmartContextLoader.delegateLoading(AbstractDelegatingSmartContextLoader.java:109) [spring-test-4.1.7.RELEASE.jar:4.1.7.RELEASE]
	at org.springframework.test.context.support.AbstractDelegatingSmartContextLoader.loadContext(AbstractDelegatingSmartContextLoader.java:261) [spring-test-4.1.7.RELEASE.jar:4.1.7.RELEASE]
	at org.springframework.test.context.DefaultCacheAwareContextLoaderDelegate.loadContextInternal(DefaultCacheAwareContextLoaderDelegate.java:68) [spring-test-4.1.7.RELEASE.jar:4.1.7.RELEASE]
	at org.springframework.test.context.DefaultCacheAwareContextLoaderDelegate.loadContext(DefaultCacheAwareContextLoaderDelegate.java:86) [spring-test-4.1.7.RELEASE.jar:4.1.7.RELEASE]
	at org.springframework.test.context.DefaultTestContext.getApplicationContext(DefaultTestContext.java:72) [spring-test-4.1.7.RELEASE.jar:4.1.7.RELEASE]
	at org.springframework.test.context.support.DependencyInjectionTestExecutionListener.injectDependencies(DependencyInjectionTestExecutionListener.java:117) [spring-test-4.1.7.RELEASE.jar:4.1.7.RELEASE]
	at org.springframework.test.context.support.DependencyInjectionTestExecutionListener.prepareTestInstance(DependencyInjectionTestExecutionListener.java:83) [spring-test-4.1.7.RELEASE.jar:4.1.7.RELEASE]
	at org.springframework.test.context.TestContextManager.prepareTestInstance(TestContextManager.java:212) [spring-test-4.1.7.RELEASE.jar:4.1.7.RELEASE]
	at org.springframework.test.context.junit4.SpringJUnit4ClassRunner.createTest(SpringJUnit4ClassRunner.java:200) [spring-test-4.1.7.RELEASE.jar:4.1.7.RELEASE]
	at org.springframework.test.context.junit4.SpringJUnit4ClassRunner$1.runReflectiveCall(SpringJUnit4ClassRunner.java:259) [spring-test-4.1.7.RELEASE.jar:4.1.7.RELEASE]
	at org.junit.internal.runners.model.ReflectiveCallable.run(ReflectiveCallable.java:12) [junit-4.12.jar:4.12]
	at org.springframework.test.context.junit4.SpringJUnit4ClassRunner.methodBlock(SpringJUnit4ClassRunner.java:261) [spring-test-4.1.7.RELEASE.jar:4.1.7.RELEASE]
	at org.springframework.test.context.junit4.SpringJUnit4ClassRunner.runChild(SpringJUnit4ClassRunner.java:219) [spring-test-4.1.7.RELEASE.jar:4.1.7.RELEASE]
	at org.springframework.test.context.junit4.SpringJUnit4ClassRunner.runChild(SpringJUnit4ClassRunner.java:83) [spring-test-4.1.7.RELEASE.jar:4.1.7.RELEASE]
	at org.junit.runners.ParentRunner$3.run(ParentRunner.java:290) [junit-4.12.jar:4.12]
	at org.junit.runners.ParentRunner$1.schedule(ParentRunner.java:71) [junit-4.12.jar:4.12]
	at org.junit.runners.ParentRunner.runChildren(ParentRunner.java:288) [junit-4.12.jar:4.12]
	at org.junit.runners.ParentRunner.access$000(ParentRunner.java:58) [junit-4.12.jar:4.12]
	at org.junit.runners.ParentRunner$2.evaluate(ParentRunner.java:268) [junit-4.12.jar:4.12]
	at org.springframework.test.context.junit4.statements.RunBeforeTestClassCallbacks.evaluate(RunBeforeTestClassCallbacks.java:61) [spring-test-4.1.7.RELEASE.jar:4.1.7.RELEASE]
	at org.springframework.test.context.junit4.statements.RunAfterTestClassCallbacks.evaluate(RunAfterTestClassCallbacks.java:68) [spring-test-4.1.7.RELEASE.jar:4.1.7.RELEASE]
	at org.junit.runners.ParentRunner.run(ParentRunner.java:363) [junit-4.12.jar:4.12]
	at org.springframework.test.context.junit4.SpringJUnit4ClassRunner.run(SpringJUnit4ClassRunner.java:163) [spring-test-4.1.7.RELEASE.jar:4.1.7.RELEASE]
	at org.junit.runners.Suite.runChild(Suite.java:128) [junit-4.12.jar:4.12]
	at org.junit.runners.Suite.runChild(Suite.java:27) [junit-4.12.jar:4.12]
	at org.junit.runners.ParentRunner$3.run(ParentRunner.java:290) [junit-4.12.jar:4.12]
	at org.junit.runners.ParentRunner$1.schedule(ParentRunner.java:71) [junit-4.12.jar:4.12]
	at org.junit.runners.ParentRunner.runChildren(ParentRunner.java:288) [junit-4.12.jar:4.12]
	at org.junit.runners.ParentRunner.access$000(ParentRunner.java:58) [junit-4.12.jar:4.12]
	at org.junit.runners.ParentRunner$2.evaluate(ParentRunner.java:268) [junit-4.12.jar:4.12]
	at org.junit.runners.ParentRunner.run(ParentRunner.java:363) [junit-4.12.jar:4.12]
	at org.apache.maven.surefire.junit4.JUnit4Provider.execute(JUnit4Provider.java:283) [surefire-junit4-2.18.1.jar:2.18.1]
	at org.apache.maven.surefire.junit4.JUnit4Provider.executeWithRerun(JUnit4Provider.java:173) [surefire-junit4-2.18.1.jar:2.18.1]
	at org.apache.maven.surefire.junit4.JUnit4Provider.executeTestSet(JUnit4Provider.java:153) [surefire-junit4-2.18.1.jar:2.18.1]
	at org.apache.maven.surefire.junit4.JUnit4Provider.invoke(JUnit4Provider.java:128) [surefire-junit4-2.18.1.jar:2.18.1]
	at org.apache.maven.surefire.booter.ForkedBooter.invokeProviderInSameClassLoader(ForkedBooter.java:203) [surefire-booter-2.18.1.jar:2.18.1]
	at org.apache.maven.surefire.booter.ForkedBooter.runSuitesInProcess(ForkedBooter.java:155) [surefire-booter-2.18.1.jar:2.18.1]
	at org.apache.maven.surefire.booter.ForkedBooter.main(ForkedBooter.java:103) [surefire-booter-2.18.1.jar:2.18.1]
Caused by: org.springframework.beans.BeanInstantiationException: Failed to instantiate [org.springframework.data.aerospike.core.AerospikeTemplate]: Factory method 'aerospikeTemplate' threw exception; nested exception is org.springframework.beans.factory.BeanCreationException: Error creating bean with name 'aerospikeClient' defined in org.springframework.data.aerospike.repository.TestConfigPerson: Bean instantiation via factory method failed; nested exception is org.springframework.beans.BeanInstantiationException: Failed to instantiate [com.aerospike.client.AerospikeClient]: Factory method 'aerospikeClient' threw exception; nested exception is com.aerospike.client.AerospikeException$Connection: Error Code 11: Failed to connect to host(s): 
52.41.32.83:3000 Error Code 11: java.net.SocketTimeoutException: connect timed out

	at org.springframework.beans.factory.support.SimpleInstantiationStrategy.instantiate(SimpleInstantiationStrategy.java:189) ~[spring-beans-4.1.7.RELEASE.jar:4.1.7.RELEASE]
	at org.springframework.beans.factory.support.ConstructorResolver.instantiateUsingFactoryMethod(ConstructorResolver.java:588) ~[spring-beans-4.1.7.RELEASE.jar:4.1.7.RELEASE]
	... 51 common frames omitted
Caused by: org.springframework.beans.factory.BeanCreationException: Error creating bean with name 'aerospikeClient' defined in org.springframework.data.aerospike.repository.TestConfigPerson: Bean instantiation via factory method failed; nested exception is org.springframework.beans.BeanInstantiationException: Failed to instantiate [com.aerospike.client.AerospikeClient]: Factory method 'aerospikeClient' threw exception; nested exception is com.aerospike.client.AerospikeException$Connection: Error Code 11: Failed to connect to host(s): 
52.41.32.83:3000 Error Code 11: java.net.SocketTimeoutException: connect timed out

	at org.springframework.beans.factory.support.ConstructorResolver.instantiateUsingFactoryMethod(ConstructorResolver.java:599) ~[spring-beans-4.1.7.RELEASE.jar:4.1.7.RELEASE]
	at org.springframework.beans.factory.support.AbstractAutowireCapableBeanFactory.instantiateUsingFactoryMethod(AbstractAutowireCapableBeanFactory.java:1119) ~[spring-beans-4.1.7.RELEASE.jar:4.1.7.RELEASE]
	at org.springframework.beans.factory.support.AbstractAutowireCapableBeanFactory.createBeanInstance(AbstractAutowireCapableBeanFactory.java:1014) ~[spring-beans-4.1.7.RELEASE.jar:4.1.7.RELEASE]
	at org.springframework.beans.factory.support.AbstractAutowireCapableBeanFactory.doCreateBean(AbstractAutowireCapableBeanFactory.java:504) ~[spring-beans-4.1.7.RELEASE.jar:4.1.7.RELEASE]
	at org.springframework.beans.factory.support.AbstractAutowireCapableBeanFactory.createBean(AbstractAutowireCapableBeanFactory.java:476) ~[spring-beans-4.1.7.RELEASE.jar:4.1.7.RELEASE]
	at org.springframework.beans.factory.support.AbstractBeanFactory$1.getObject(AbstractBeanFactory.java:303) ~[spring-beans-4.1.7.RELEASE.jar:4.1.7.RELEASE]
	at org.springframework.beans.factory.support.DefaultSingletonBeanRegistry.getSingleton(DefaultSingletonBeanRegistry.java:230) ~[spring-beans-4.1.7.RELEASE.jar:4.1.7.RELEASE]
	at org.springframework.beans.factory.support.AbstractBeanFactory.doGetBean(AbstractBeanFactory.java:299) ~[spring-beans-4.1.7.RELEASE.jar:4.1.7.RELEASE]
	at org.springframework.beans.factory.support.AbstractBeanFactory.getBean(AbstractBeanFactory.java:194) ~[spring-beans-4.1.7.RELEASE.jar:4.1.7.RELEASE]
	at org.springframework.context.annotation.ConfigurationClassEnhancer$BeanMethodInterceptor.intercept(ConfigurationClassEnhancer.java:322) ~[spring-context-4.1.7.RELEASE.jar:4.1.7.RELEASE]
	at org.springframework.data.aerospike.repository.TestConfigPerson$$EnhancerBySpringCGLIB$$3f27a8da.aerospikeClient(<generated>) ~[spring-core-4.1.7.RELEASE.jar:na]
	at org.springframework.data.aerospike.repository.TestConfigPerson.aerospikeTemplate(TestConfigPerson.java:38) ~[test-classes/:na]
	at org.springframework.data.aerospike.repository.TestConfigPerson$$EnhancerBySpringCGLIB$$3f27a8da.CGLIB$aerospikeTemplate$0(<generated>) ~[spring-core-4.1.7.RELEASE.jar:na]
	at org.springframework.data.aerospike.repository.TestConfigPerson$$EnhancerBySpringCGLIB$$3f27a8da$$FastClassBySpringCGLIB$$38965c5e.invoke(<generated>) ~[spring-core-4.1.7.RELEASE.jar:na]
	at org.springframework.cglib.proxy.MethodProxy.invokeSuper(MethodProxy.java:228) ~[spring-core-4.1.7.RELEASE.jar:4.1.7.RELEASE]
	at org.springframework.context.annotation.ConfigurationClassEnhancer$BeanMethodInterceptor.intercept(ConfigurationClassEnhancer.java:309) ~[spring-context-4.1.7.RELEASE.jar:4.1.7.RELEASE]
	at org.springframework.data.aerospike.repository.TestConfigPerson$$EnhancerBySpringCGLIB$$3f27a8da.aerospikeTemplate(<generated>) ~[spring-core-4.1.7.RELEASE.jar:na]
	at sun.reflect.NativeMethodAccessorImpl.invoke0(Native Method) ~[na:1.8.0_91]
	at sun.reflect.NativeMethodAccessorImpl.invoke(NativeMethodAccessorImpl.java:62) ~[na:1.8.0_91]
	at sun.reflect.DelegatingMethodAccessorImpl.invoke(DelegatingMethodAccessorImpl.java:43) ~[na:1.8.0_91]
	at java.lang.reflect.Method.invoke(Method.java:498) ~[na:1.8.0_91]
	at org.springframework.beans.factory.support.SimpleInstantiationStrategy.instantiate(SimpleInstantiationStrategy.java:162) ~[spring-beans-4.1.7.RELEASE.jar:4.1.7.RELEASE]
	... 52 common frames omitted
Caused by: org.springframework.beans.BeanInstantiationException: Failed to instantiate [com.aerospike.client.AerospikeClient]: Factory method 'aerospikeClient' threw exception; nested exception is com.aerospike.client.AerospikeException$Connection: Error Code 11: Failed to connect to host(s): 
52.41.32.83:3000 Error Code 11: java.net.SocketTimeoutException: connect timed out

	at org.springframework.beans.factory.support.SimpleInstantiationStrategy.instantiate(SimpleInstantiationStrategy.java:189) ~[spring-beans-4.1.7.RELEASE.jar:4.1.7.RELEASE]
	at org.springframework.beans.factory.support.ConstructorResolver.instantiateUsingFactoryMethod(ConstructorResolver.java:588) ~[spring-beans-4.1.7.RELEASE.jar:4.1.7.RELEASE]
	... 73 common frames omitted
Caused by: com.aerospike.client.AerospikeException$Connection: Error Code 11: Failed to connect to host(s): 
52.41.32.83:3000 Error Code 11: java.net.SocketTimeoutException: connect timed out

	at com.aerospike.client.cluster.Cluster.seedNodes(Cluster.java:386) ~[aerospike-client-3.2.3.jar:na]
	at com.aerospike.client.cluster.Cluster.tend(Cluster.java:273) ~[aerospike-client-3.2.3.jar:na]
	at com.aerospike.client.cluster.Cluster.waitTillStabilized(Cluster.java:238) ~[aerospike-client-3.2.3.jar:na]
	at com.aerospike.client.cluster.Cluster.initTendThread(Cluster.java:148) ~[aerospike-client-3.2.3.jar:na]
	at com.aerospike.client.AerospikeClient.<init>(AerospikeClient.java:209) ~[aerospike-client-3.2.3.jar:na]
	at com.aerospike.client.AerospikeClient.<init>(AerospikeClient.java:173) ~[aerospike-client-3.2.3.jar:na]
	at org.springframework.data.aerospike.repository.TestConfigPerson.aerospikeClient(TestConfigPerson.java:32) ~[test-classes/:na]
	at org.springframework.data.aerospike.repository.TestConfigPerson$$EnhancerBySpringCGLIB$$3f27a8da.CGLIB$aerospikeClient$1(<generated>) ~[spring-core-4.1.7.RELEASE.jar:na]
	at org.springframework.data.aerospike.repository.TestConfigPerson$$EnhancerBySpringCGLIB$$3f27a8da$$FastClassBySpringCGLIB$$38965c5e.invoke(<generated>) ~[spring-core-4.1.7.RELEASE.jar:na]
	at org.springframework.cglib.proxy.MethodProxy.invokeSuper(MethodProxy.java:228) ~[spring-core-4.1.7.RELEASE.jar:4.1.7.RELEASE]
	at org.springframework.context.annotation.ConfigurationClassEnhancer$BeanMethodInterceptor.intercept(ConfigurationClassEnhancer.java:309) ~[spring-context-4.1.7.RELEASE.jar:4.1.7.RELEASE]
	at org.springframework.data.aerospike.repository.TestConfigPerson$$EnhancerBySpringCGLIB$$3f27a8da.aerospikeClient(<generated>) ~[spring-core-4.1.7.RELEASE.jar:na]
	at sun.reflect.NativeMethodAccessorImpl.invoke0(Native Method) ~[na:1.8.0_91]
	at sun.reflect.NativeMethodAccessorImpl.invoke(NativeMethodAccessorImpl.java:62) ~[na:1.8.0_91]
	at sun.reflect.DelegatingMethodAccessorImpl.invoke(DelegatingMethodAccessorImpl.java:43) ~[na:1.8.0_91]
	at java.lang.reflect.Method.invoke(Method.java:498) ~[na:1.8.0_91]
	at org.springframework.beans.factory.support.SimpleInstantiationStrategy.instantiate(SimpleInstantiationStrategy.java:162) ~[spring-beans-4.1.7.RELEASE.jar:4.1.7.RELEASE]
	... 74 common frames omitted
16:37:20.870 [main] DEBUG o.s.b.f.s.DefaultListableBeanFactory - Destroying singletons in org.springframework.beans.factory.support.DefaultListableBeanFactory@7bde1f3a: defining beans [org.springframework.context.annotation.internalConfigurationAnnotationProcessor,org.springframework.context.annotation.internalAutowiredAnnotationProcessor,org.springframework.context.annotation.internalRequiredAnnotationProcessor,org.springframework.context.annotation.internalCommonAnnotationProcessor,testConfigPerson,org.springframework.context.annotation.ConfigurationClassPostProcessor.importAwareProcessor,org.springframework.context.annotation.ConfigurationClassPostProcessor.enhancedConfigurationProcessor,aerospikeTemplate,aerospikeClient,org.springframework.data.aerospike.repository.config.AerospikeRepositoriesRegistrar$AerospikeRepositoryConfigurationExtension#0,org.springframework.data.repository.core.support.RepositoryInterfaceAwareBeanPostProcessor,keyValueMappingContext,personRepository,contactRepository]; root of factory hierarchy
16:37:20.871 [main] ERROR o.s.test.context.TestContextManager - Caught exception while allowing TestExecutionListener [org.springframework.test.context.support.DependencyInjectionTestExecutionListener@48e7b3d2] to prepare test instance [org.springframework.data.aerospike.repository.PersonRepositoryIntegrationTests@4c27d39d]
java.lang.IllegalStateException: Failed to load ApplicationContext
	at org.springframework.test.context.DefaultCacheAwareContextLoaderDelegate.loadContext(DefaultCacheAwareContextLoaderDelegate.java:94) ~[spring-test-4.1.7.RELEASE.jar:4.1.7.RELEASE]
	at org.springframework.test.context.DefaultTestContext.getApplicationContext(DefaultTestContext.java:72) ~[spring-test-4.1.7.RELEASE.jar:4.1.7.RELEASE]
	at org.springframework.test.context.support.DependencyInjectionTestExecutionListener.injectDependencies(DependencyInjectionTestExecutionListener.java:117) ~[spring-test-4.1.7.RELEASE.jar:4.1.7.RELEASE]
	at org.springframework.test.context.support.DependencyInjectionTestExecutionListener.prepareTestInstance(DependencyInjectionTestExecutionListener.java:83) ~[spring-test-4.1.7.RELEASE.jar:4.1.7.RELEASE]
	at org.springframework.test.context.TestContextManager.prepareTestInstance(TestContextManager.java:212) ~[spring-test-4.1.7.RELEASE.jar:4.1.7.RELEASE]
	at org.springframework.test.context.junit4.SpringJUnit4ClassRunner.createTest(SpringJUnit4ClassRunner.java:200) [spring-test-4.1.7.RELEASE.jar:4.1.7.RELEASE]
	at org.springframework.test.context.junit4.SpringJUnit4ClassRunner$1.runReflectiveCall(SpringJUnit4ClassRunner.java:259) [spring-test-4.1.7.RELEASE.jar:4.1.7.RELEASE]
	at org.junit.internal.runners.model.ReflectiveCallable.run(ReflectiveCallable.java:12) [junit-4.12.jar:4.12]
	at org.springframework.test.context.junit4.SpringJUnit4ClassRunner.methodBlock(SpringJUnit4ClassRunner.java:261) [spring-test-4.1.7.RELEASE.jar:4.1.7.RELEASE]
	at org.springframework.test.context.junit4.SpringJUnit4ClassRunner.runChild(SpringJUnit4ClassRunner.java:219) [spring-test-4.1.7.RELEASE.jar:4.1.7.RELEASE]
	at org.springframework.test.context.junit4.SpringJUnit4ClassRunner.runChild(SpringJUnit4ClassRunner.java:83) [spring-test-4.1.7.RELEASE.jar:4.1.7.RELEASE]
	at org.junit.runners.ParentRunner$3.run(ParentRunner.java:290) [junit-4.12.jar:4.12]
	at org.junit.runners.ParentRunner$1.schedule(ParentRunner.java:71) [junit-4.12.jar:4.12]
	at org.junit.runners.ParentRunner.runChildren(ParentRunner.java:288) [junit-4.12.jar:4.12]
	at org.junit.runners.ParentRunner.access$000(ParentRunner.java:58) [junit-4.12.jar:4.12]
	at org.junit.runners.ParentRunner$2.evaluate(ParentRunner.java:268) [junit-4.12.jar:4.12]
	at org.springframework.test.context.junit4.statements.RunBeforeTestClassCallbacks.evaluate(RunBeforeTestClassCallbacks.java:61) [spring-test-4.1.7.RELEASE.jar:4.1.7.RELEASE]
	at org.springframework.test.context.junit4.statements.RunAfterTestClassCallbacks.evaluate(RunAfterTestClassCallbacks.java:68) [spring-test-4.1.7.RELEASE.jar:4.1.7.RELEASE]
	at org.junit.runners.ParentRunner.run(ParentRunner.java:363) [junit-4.12.jar:4.12]
	at org.springframework.test.context.junit4.SpringJUnit4ClassRunner.run(SpringJUnit4ClassRunner.java:163) [spring-test-4.1.7.RELEASE.jar:4.1.7.RELEASE]
	at org.junit.runners.Suite.runChild(Suite.java:128) [junit-4.12.jar:4.12]
	at org.junit.runners.Suite.runChild(Suite.java:27) [junit-4.12.jar:4.12]
	at org.junit.runners.ParentRunner$3.run(ParentRunner.java:290) [junit-4.12.jar:4.12]
	at org.junit.runners.ParentRunner$1.schedule(ParentRunner.java:71) [junit-4.12.jar:4.12]
	at org.junit.runners.ParentRunner.runChildren(ParentRunner.java:288) [junit-4.12.jar:4.12]
	at org.junit.runners.ParentRunner.access$000(ParentRunner.java:58) [junit-4.12.jar:4.12]
	at org.junit.runners.ParentRunner$2.evaluate(ParentRunner.java:268) [junit-4.12.jar:4.12]
	at org.junit.runners.ParentRunner.run(ParentRunner.java:363) [junit-4.12.jar:4.12]
	at org.apache.maven.surefire.junit4.JUnit4Provider.execute(JUnit4Provider.java:283) [surefire-junit4-2.18.1.jar:2.18.1]
	at org.apache.maven.surefire.junit4.JUnit4Provider.executeWithRerun(JUnit4Provider.java:173) [surefire-junit4-2.18.1.jar:2.18.1]
	at org.apache.maven.surefire.junit4.JUnit4Provider.executeTestSet(JUnit4Provider.java:153) [surefire-junit4-2.18.1.jar:2.18.1]
	at org.apache.maven.surefire.junit4.JUnit4Provider.invoke(JUnit4Provider.java:128) [surefire-junit4-2.18.1.jar:2.18.1]
	at org.apache.maven.surefire.booter.ForkedBooter.invokeProviderInSameClassLoader(ForkedBooter.java:203) [surefire-booter-2.18.1.jar:2.18.1]
	at org.apache.maven.surefire.booter.ForkedBooter.runSuitesInProcess(ForkedBooter.java:155) [surefire-booter-2.18.1.jar:2.18.1]
	at org.apache.maven.surefire.booter.ForkedBooter.main(ForkedBooter.java:103) [surefire-booter-2.18.1.jar:2.18.1]
Caused by: org.springframework.beans.factory.BeanCreationException: Error creating bean with name 'aerospikeTemplate' defined in org.springframework.data.aerospike.repository.TestConfigPerson: Bean instantiation via factory method failed; nested exception is org.springframework.beans.BeanInstantiationException: Failed to instantiate [org.springframework.data.aerospike.core.AerospikeTemplate]: Factory method 'aerospikeTemplate' threw exception; nested exception is org.springframework.beans.factory.BeanCreationException: Error creating bean with name 'aerospikeClient' defined in org.springframework.data.aerospike.repository.TestConfigPerson: Bean instantiation via factory method failed; nested exception is org.springframework.beans.BeanInstantiationException: Failed to instantiate [com.aerospike.client.AerospikeClient]: Factory method 'aerospikeClient' threw exception; nested exception is com.aerospike.client.AerospikeException$Connection: Error Code 11: Failed to connect to host(s): 
52.41.32.83:3000 Error Code 11: java.net.SocketTimeoutException: connect timed out

	at org.springframework.beans.factory.support.ConstructorResolver.instantiateUsingFactoryMethod(ConstructorResolver.java:599) ~[spring-beans-4.1.7.RELEASE.jar:4.1.7.RELEASE]
	at org.springframework.beans.factory.support.AbstractAutowireCapableBeanFactory.instantiateUsingFactoryMethod(AbstractAutowireCapableBeanFactory.java:1119) ~[spring-beans-4.1.7.RELEASE.jar:4.1.7.RELEASE]
	at org.springframework.beans.factory.support.AbstractAutowireCapableBeanFactory.createBeanInstance(AbstractAutowireCapableBeanFactory.java:1014) ~[spring-beans-4.1.7.RELEASE.jar:4.1.7.RELEASE]
	at org.springframework.beans.factory.support.AbstractAutowireCapableBeanFactory.doCreateBean(AbstractAutowireCapableBeanFactory.java:504) ~[spring-beans-4.1.7.RELEASE.jar:4.1.7.RELEASE]
	at org.springframework.beans.factory.support.AbstractAutowireCapableBeanFactory.createBean(AbstractAutowireCapableBeanFactory.java:476) ~[spring-beans-4.1.7.RELEASE.jar:4.1.7.RELEASE]
	at org.springframework.beans.factory.support.AbstractBeanFactory$1.getObject(AbstractBeanFactory.java:303) ~[spring-beans-4.1.7.RELEASE.jar:4.1.7.RELEASE]
	at org.springframework.beans.factory.support.DefaultSingletonBeanRegistry.getSingleton(DefaultSingletonBeanRegistry.java:230) ~[spring-beans-4.1.7.RELEASE.jar:4.1.7.RELEASE]
	at org.springframework.beans.factory.support.AbstractBeanFactory.doGetBean(AbstractBeanFactory.java:299) ~[spring-beans-4.1.7.RELEASE.jar:4.1.7.RELEASE]
	at org.springframework.beans.factory.support.AbstractBeanFactory.getBean(AbstractBeanFactory.java:194) ~[spring-beans-4.1.7.RELEASE.jar:4.1.7.RELEASE]
	at org.springframework.beans.factory.support.DefaultListableBeanFactory.preInstantiateSingletons(DefaultListableBeanFactory.java:755) ~[spring-beans-4.1.7.RELEASE.jar:4.1.7.RELEASE]
	at org.springframework.context.support.AbstractApplicationContext.finishBeanFactoryInitialization(AbstractApplicationContext.java:757) ~[spring-context-4.1.7.RELEASE.jar:4.1.7.RELEASE]
	at org.springframework.context.support.AbstractApplicationContext.refresh(AbstractApplicationContext.java:480) ~[spring-context-4.1.7.RELEASE.jar:4.1.7.RELEASE]
	at org.springframework.test.context.support.AbstractGenericContextLoader.loadContext(AbstractGenericContextLoader.java:125) ~[spring-test-4.1.7.RELEASE.jar:4.1.7.RELEASE]
	at org.springframework.test.context.support.AbstractGenericContextLoader.loadContext(AbstractGenericContextLoader.java:60) ~[spring-test-4.1.7.RELEASE.jar:4.1.7.RELEASE]
	at org.springframework.test.context.support.AbstractDelegatingSmartContextLoader.delegateLoading(AbstractDelegatingSmartContextLoader.java:109) ~[spring-test-4.1.7.RELEASE.jar:4.1.7.RELEASE]
	at org.springframework.test.context.support.AbstractDelegatingSmartContextLoader.loadContext(AbstractDelegatingSmartContextLoader.java:261) ~[spring-test-4.1.7.RELEASE.jar:4.1.7.RELEASE]
	at org.springframework.test.context.DefaultCacheAwareContextLoaderDelegate.loadContextInternal(DefaultCacheAwareContextLoaderDelegate.java:68) ~[spring-test-4.1.7.RELEASE.jar:4.1.7.RELEASE]
	at org.springframework.test.context.DefaultCacheAwareContextLoaderDelegate.loadContext(DefaultCacheAwareContextLoaderDelegate.java:86) ~[spring-test-4.1.7.RELEASE.jar:4.1.7.RELEASE]
	... 34 common frames omitted
Caused by: org.springframework.beans.BeanInstantiationException: Failed to instantiate [org.springframework.data.aerospike.core.AerospikeTemplate]: Factory method 'aerospikeTemplate' threw exception; nested exception is org.springframework.beans.factory.BeanCreationException: Error creating bean with name 'aerospikeClient' defined in org.springframework.data.aerospike.repository.TestConfigPerson: Bean instantiation via factory method failed; nested exception is org.springframework.beans.BeanInstantiationException: Failed to instantiate [com.aerospike.client.AerospikeClient]: Factory method 'aerospikeClient' threw exception; nested exception is com.aerospike.client.AerospikeException$Connection: Error Code 11: Failed to connect to host(s): 
52.41.32.83:3000 Error Code 11: java.net.SocketTimeoutException: connect timed out

	at org.springframework.beans.factory.support.SimpleInstantiationStrategy.instantiate(SimpleInstantiationStrategy.java:189) ~[spring-beans-4.1.7.RELEASE.jar:4.1.7.RELEASE]
	at org.springframework.beans.factory.support.ConstructorResolver.instantiateUsingFactoryMethod(ConstructorResolver.java:588) ~[spring-beans-4.1.7.RELEASE.jar:4.1.7.RELEASE]
	... 51 common frames omitted
Caused by: org.springframework.beans.factory.BeanCreationException: Error creating bean with name 'aerospikeClient' defined in org.springframework.data.aerospike.repository.TestConfigPerson: Bean instantiation via factory method failed; nested exception is org.springframework.beans.BeanInstantiationException: Failed to instantiate [com.aerospike.client.AerospikeClient]: Factory method 'aerospikeClient' threw exception; nested exception is com.aerospike.client.AerospikeException$Connection: Error Code 11: Failed to connect to host(s): 
52.41.32.83:3000 Error Code 11: java.net.SocketTimeoutException: connect timed out

	at org.springframework.beans.factory.support.ConstructorResolver.instantiateUsingFactoryMethod(ConstructorResolver.java:599) ~[spring-beans-4.1.7.RELEASE.jar:4.1.7.RELEASE]
	at org.springframework.beans.factory.support.AbstractAutowireCapableBeanFactory.instantiateUsingFactoryMethod(AbstractAutowireCapableBeanFactory.java:1119) ~[spring-beans-4.1.7.RELEASE.jar:4.1.7.RELEASE]
	at org.springframework.beans.factory.support.AbstractAutowireCapableBeanFactory.createBeanInstance(AbstractAutowireCapableBeanFactory.java:1014) ~[spring-beans-4.1.7.RELEASE.jar:4.1.7.RELEASE]
	at org.springframework.beans.factory.support.AbstractAutowireCapableBeanFactory.doCreateBean(AbstractAutowireCapableBeanFactory.java:504) ~[spring-beans-4.1.7.RELEASE.jar:4.1.7.RELEASE]
	at org.springframework.beans.factory.support.AbstractAutowireCapableBeanFactory.createBean(AbstractAutowireCapableBeanFactory.java:476) ~[spring-beans-4.1.7.RELEASE.jar:4.1.7.RELEASE]
	at org.springframework.beans.factory.support.AbstractBeanFactory$1.getObject(AbstractBeanFactory.java:303) ~[spring-beans-4.1.7.RELEASE.jar:4.1.7.RELEASE]
	at org.springframework.beans.factory.support.DefaultSingletonBeanRegistry.getSingleton(DefaultSingletonBeanRegistry.java:230) ~[spring-beans-4.1.7.RELEASE.jar:4.1.7.RELEASE]
	at org.springframework.beans.factory.support.AbstractBeanFactory.doGetBean(AbstractBeanFactory.java:299) ~[spring-beans-4.1.7.RELEASE.jar:4.1.7.RELEASE]
	at org.springframework.beans.factory.support.AbstractBeanFactory.getBean(AbstractBeanFactory.java:194) ~[spring-beans-4.1.7.RELEASE.jar:4.1.7.RELEASE]
	at org.springframework.context.annotation.ConfigurationClassEnhancer$BeanMethodInterceptor.intercept(ConfigurationClassEnhancer.java:322) ~[spring-context-4.1.7.RELEASE.jar:4.1.7.RELEASE]
	at org.springframework.data.aerospike.repository.TestConfigPerson$$EnhancerBySpringCGLIB$$3f27a8da.aerospikeClient(<generated>) ~[spring-core-4.1.7.RELEASE.jar:na]
	at org.springframework.data.aerospike.repository.TestConfigPerson.aerospikeTemplate(TestConfigPerson.java:38) ~[test-classes/:na]
	at org.springframework.data.aerospike.repository.TestConfigPerson$$EnhancerBySpringCGLIB$$3f27a8da.CGLIB$aerospikeTemplate$0(<generated>) ~[spring-core-4.1.7.RELEASE.jar:na]
	at org.springframework.data.aerospike.repository.TestConfigPerson$$EnhancerBySpringCGLIB$$3f27a8da$$FastClassBySpringCGLIB$$38965c5e.invoke(<generated>) ~[spring-core-4.1.7.RELEASE.jar:na]
	at org.springframework.cglib.proxy.MethodProxy.invokeSuper(MethodProxy.java:228) ~[spring-core-4.1.7.RELEASE.jar:4.1.7.RELEASE]
	at org.springframework.context.annotation.ConfigurationClassEnhancer$BeanMethodInterceptor.intercept(ConfigurationClassEnhancer.java:309) ~[spring-context-4.1.7.RELEASE.jar:4.1.7.RELEASE]
	at org.springframework.data.aerospike.repository.TestConfigPerson$$EnhancerBySpringCGLIB$$3f27a8da.aerospikeTemplate(<generated>) ~[spring-core-4.1.7.RELEASE.jar:na]
	at sun.reflect.NativeMethodAccessorImpl.invoke0(Native Method) ~[na:1.8.0_91]
	at sun.reflect.NativeMethodAccessorImpl.invoke(NativeMethodAccessorImpl.java:62) ~[na:1.8.0_91]
	at sun.reflect.DelegatingMethodAccessorImpl.invoke(DelegatingMethodAccessorImpl.java:43) ~[na:1.8.0_91]
	at java.lang.reflect.Method.invoke(Method.java:498) ~[na:1.8.0_91]
	at org.springframework.beans.factory.support.SimpleInstantiationStrategy.instantiate(SimpleInstantiationStrategy.java:162) ~[spring-beans-4.1.7.RELEASE.jar:4.1.7.RELEASE]
	... 52 common frames omitted
Caused by: org.springframework.beans.BeanInstantiationException: Failed to instantiate [com.aerospike.client.AerospikeClient]: Factory method 'aerospikeClient' threw exception; nested exception is com.aerospike.client.AerospikeException$Connection: Error Code 11: Failed to connect to host(s): 
52.41.32.83:3000 Error Code 11: java.net.SocketTimeoutException: connect timed out

	at org.springframework.beans.factory.support.SimpleInstantiationStrategy.instantiate(SimpleInstantiationStrategy.java:189) ~[spring-beans-4.1.7.RELEASE.jar:4.1.7.RELEASE]
	at org.springframework.beans.factory.support.ConstructorResolver.instantiateUsingFactoryMethod(ConstructorResolver.java:588) ~[spring-beans-4.1.7.RELEASE.jar:4.1.7.RELEASE]
	... 73 common frames omitted
Caused by: com.aerospike.client.AerospikeException$Connection: Error Code 11: Failed to connect to host(s): 
52.41.32.83:3000 Error Code 11: java.net.SocketTimeoutException: connect timed out

	at com.aerospike.client.cluster.Cluster.seedNodes(Cluster.java:386) ~[aerospike-client-3.2.3.jar:na]
	at com.aerospike.client.cluster.Cluster.tend(Cluster.java:273) ~[aerospike-client-3.2.3.jar:na]
	at com.aerospike.client.cluster.Cluster.waitTillStabilized(Cluster.java:238) ~[aerospike-client-3.2.3.jar:na]
	at com.aerospike.client.cluster.Cluster.initTendThread(Cluster.java:148) ~[aerospike-client-3.2.3.jar:na]
	at com.aerospike.client.AerospikeClient.<init>(AerospikeClient.java:209) ~[aerospike-client-3.2.3.jar:na]
	at com.aerospike.client.AerospikeClient.<init>(AerospikeClient.java:173) ~[aerospike-client-3.2.3.jar:na]
	at org.springframework.data.aerospike.repository.TestConfigPerson.aerospikeClient(TestConfigPerson.java:32) ~[test-classes/:na]
	at org.springframework.data.aerospike.repository.TestConfigPerson$$EnhancerBySpringCGLIB$$3f27a8da.CGLIB$aerospikeClient$1(<generated>) ~[spring-core-4.1.7.RELEASE.jar:na]
	at org.springframework.data.aerospike.repository.TestConfigPerson$$EnhancerBySpringCGLIB$$3f27a8da$$FastClassBySpringCGLIB$$38965c5e.invoke(<generated>) ~[spring-core-4.1.7.RELEASE.jar:na]
	at org.springframework.cglib.proxy.MethodProxy.invokeSuper(MethodProxy.java:228) ~[spring-core-4.1.7.RELEASE.jar:4.1.7.RELEASE]
	at org.springframework.context.annotation.ConfigurationClassEnhancer$BeanMethodInterceptor.intercept(ConfigurationClassEnhancer.java:309) ~[spring-context-4.1.7.RELEASE.jar:4.1.7.RELEASE]
	at org.springframework.data.aerospike.repository.TestConfigPerson$$EnhancerBySpringCGLIB$$3f27a8da.aerospikeClient(<generated>) ~[spring-core-4.1.7.RELEASE.jar:na]
	at sun.reflect.NativeMethodAccessorImpl.invoke0(Native Method) ~[na:1.8.0_91]
	at sun.reflect.NativeMethodAccessorImpl.invoke(NativeMethodAccessorImpl.java:62) ~[na:1.8.0_91]
	at sun.reflect.DelegatingMethodAccessorImpl.invoke(DelegatingMethodAccessorImpl.java:43) ~[na:1.8.0_91]
	at java.lang.reflect.Method.invoke(Method.java:498) ~[na:1.8.0_91]
	at org.springframework.beans.factory.support.SimpleInstantiationStrategy.instantiate(SimpleInstantiationStrategy.java:162) ~[spring-beans-4.1.7.RELEASE.jar:4.1.7.RELEASE]
	... 74 common frames omitted
]]></system-out>
  </testcase>
  <testcase name="testSetup" classname="org.springframework.data.aerospike.repository.PersonRepositoryIntegrationTests" time="0">
    <error message="Failed to load ApplicationContext" type="java.lang.IllegalStateException"><![CDATA[java.lang.IllegalStateException: Failed to load ApplicationContext
	at org.springframework.test.context.DefaultCacheAwareContextLoaderDelegate.loadContext(DefaultCacheAwareContextLoaderDelegate.java:94)
	at org.springframework.test.context.DefaultTestContext.getApplicationContext(DefaultTestContext.java:72)
	at org.springframework.test.context.support.DependencyInjectionTestExecutionListener.injectDependencies(DependencyInjectionTestExecutionListener.java:117)
	at org.springframework.test.context.support.DependencyInjectionTestExecutionListener.prepareTestInstance(DependencyInjectionTestExecutionListener.java:83)
	at org.springframework.test.context.TestContextManager.prepareTestInstance(TestContextManager.java:212)
	at org.springframework.test.context.junit4.SpringJUnit4ClassRunner.createTest(SpringJUnit4ClassRunner.java:200)
	at org.springframework.test.context.junit4.SpringJUnit4ClassRunner$1.runReflectiveCall(SpringJUnit4ClassRunner.java:259)
	at org.junit.internal.runners.model.ReflectiveCallable.run(ReflectiveCallable.java:12)
	at org.springframework.test.context.junit4.SpringJUnit4ClassRunner.methodBlock(SpringJUnit4ClassRunner.java:261)
	at org.springframework.test.context.junit4.SpringJUnit4ClassRunner.runChild(SpringJUnit4ClassRunner.java:219)
	at org.springframework.test.context.junit4.SpringJUnit4ClassRunner.runChild(SpringJUnit4ClassRunner.java:83)
	at org.junit.runners.ParentRunner$3.run(ParentRunner.java:290)
	at org.junit.runners.ParentRunner$1.schedule(ParentRunner.java:71)
	at org.junit.runners.ParentRunner.runChildren(ParentRunner.java:288)
	at org.junit.runners.ParentRunner.access$000(ParentRunner.java:58)
	at org.junit.runners.ParentRunner$2.evaluate(ParentRunner.java:268)
	at org.springframework.test.context.junit4.statements.RunBeforeTestClassCallbacks.evaluate(RunBeforeTestClassCallbacks.java:61)
	at org.springframework.test.context.junit4.statements.RunAfterTestClassCallbacks.evaluate(RunAfterTestClassCallbacks.java:68)
	at org.junit.runners.ParentRunner.run(ParentRunner.java:363)
	at org.springframework.test.context.junit4.SpringJUnit4ClassRunner.run(SpringJUnit4ClassRunner.java:163)
	at org.junit.runners.Suite.runChild(Suite.java:128)
	at org.junit.runners.Suite.runChild(Suite.java:27)
	at org.junit.runners.ParentRunner$3.run(ParentRunner.java:290)
	at org.junit.runners.ParentRunner$1.schedule(ParentRunner.java:71)
	at org.junit.runners.ParentRunner.runChildren(ParentRunner.java:288)
	at org.junit.runners.ParentRunner.access$000(ParentRunner.java:58)
	at org.junit.runners.ParentRunner$2.evaluate(ParentRunner.java:268)
	at org.junit.runners.ParentRunner.run(ParentRunner.java:363)
	at org.apache.maven.surefire.junit4.JUnit4Provider.execute(JUnit4Provider.java:283)
	at org.apache.maven.surefire.junit4.JUnit4Provider.executeWithRerun(JUnit4Provider.java:173)
	at org.apache.maven.surefire.junit4.JUnit4Provider.executeTestSet(JUnit4Provider.java:153)
	at org.apache.maven.surefire.junit4.JUnit4Provider.invoke(JUnit4Provider.java:128)
	at org.apache.maven.surefire.booter.ForkedBooter.invokeProviderInSameClassLoader(ForkedBooter.java:203)
	at org.apache.maven.surefire.booter.ForkedBooter.runSuitesInProcess(ForkedBooter.java:155)
	at org.apache.maven.surefire.booter.ForkedBooter.main(ForkedBooter.java:103)
Caused by: org.springframework.beans.factory.BeanCreationException: Error creating bean with name 'aerospikeTemplate' defined in org.springframework.data.aerospike.repository.TestConfigPerson: Bean instantiation via factory method failed; nested exception is org.springframework.beans.BeanInstantiationException: Failed to instantiate [org.springframework.data.aerospike.core.AerospikeTemplate]: Factory method 'aerospikeTemplate' threw exception; nested exception is com.aerospike.helper.query.ClusterRefreshError: Cannot find UDF modules
	at org.springframework.beans.factory.support.ConstructorResolver.instantiateUsingFactoryMethod(ConstructorResolver.java:599)
	at org.springframework.beans.factory.support.AbstractAutowireCapableBeanFactory.instantiateUsingFactoryMethod(AbstractAutowireCapableBeanFactory.java:1119)
	at org.springframework.beans.factory.support.AbstractAutowireCapableBeanFactory.createBeanInstance(AbstractAutowireCapableBeanFactory.java:1014)
	at org.springframework.beans.factory.support.AbstractAutowireCapableBeanFactory.doCreateBean(AbstractAutowireCapableBeanFactory.java:504)
	at org.springframework.beans.factory.support.AbstractAutowireCapableBeanFactory.createBean(AbstractAutowireCapableBeanFactory.java:476)
	at org.springframework.beans.factory.support.AbstractBeanFactory$1.getObject(AbstractBeanFactory.java:303)
	at org.springframework.beans.factory.support.DefaultSingletonBeanRegistry.getSingleton(DefaultSingletonBeanRegistry.java:230)
	at org.springframework.beans.factory.support.AbstractBeanFactory.doGetBean(AbstractBeanFactory.java:299)
	at org.springframework.beans.factory.support.AbstractBeanFactory.getBean(AbstractBeanFactory.java:194)
	at org.springframework.beans.factory.support.DefaultListableBeanFactory.preInstantiateSingletons(DefaultListableBeanFactory.java:755)
	at org.springframework.context.support.AbstractApplicationContext.finishBeanFactoryInitialization(AbstractApplicationContext.java:757)
	at org.springframework.context.support.AbstractApplicationContext.refresh(AbstractApplicationContext.java:480)
	at org.springframework.test.context.support.AbstractGenericContextLoader.loadContext(AbstractGenericContextLoader.java:125)
	at org.springframework.test.context.support.AbstractGenericContextLoader.loadContext(AbstractGenericContextLoader.java:60)
	at org.springframework.test.context.support.AbstractDelegatingSmartContextLoader.delegateLoading(AbstractDelegatingSmartContextLoader.java:109)
	at org.springframework.test.context.support.AbstractDelegatingSmartContextLoader.loadContext(AbstractDelegatingSmartContextLoader.java:261)
	at org.springframework.test.context.DefaultCacheAwareContextLoaderDelegate.loadContextInternal(DefaultCacheAwareContextLoaderDelegate.java:68)
	at org.springframework.test.context.DefaultCacheAwareContextLoaderDelegate.loadContext(DefaultCacheAwareContextLoaderDelegate.java:86)
	at org.springframework.test.context.DefaultTestContext.getApplicationContext(DefaultTestContext.java:72)
	at org.springframework.test.context.support.DependencyInjectionTestExecutionListener.injectDependencies(DependencyInjectionTestExecutionListener.java:117)
	at org.springframework.test.context.support.DependencyInjectionTestExecutionListener.prepareTestInstance(DependencyInjectionTestExecutionListener.java:83)
	at org.springframework.test.context.TestContextManager.prepareTestInstance(TestContextManager.java:212)
	at org.springframework.test.context.junit4.SpringJUnit4ClassRunner.createTest(SpringJUnit4ClassRunner.java:200)
	at org.springframework.test.context.junit4.SpringJUnit4ClassRunner$1.runReflectiveCall(SpringJUnit4ClassRunner.java:259)
	at org.junit.internal.runners.model.ReflectiveCallable.run(ReflectiveCallable.java:12)
	at org.springframework.test.context.junit4.SpringJUnit4ClassRunner.methodBlock(SpringJUnit4ClassRunner.java:261)
	at org.springframework.test.context.junit4.SpringJUnit4ClassRunner.runChild(SpringJUnit4ClassRunner.java:219)
	at org.springframework.test.context.junit4.SpringJUnit4ClassRunner.runChild(SpringJUnit4ClassRunner.java:83)
	at org.junit.runners.ParentRunner$3.run(ParentRunner.java:290)
	at org.junit.runners.ParentRunner$1.schedule(ParentRunner.java:71)
	at org.junit.runners.ParentRunner.runChildren(ParentRunner.java:288)
	at org.junit.runners.ParentRunner.access$000(ParentRunner.java:58)
	at org.junit.runners.ParentRunner$2.evaluate(ParentRunner.java:268)
	at org.springframework.test.context.junit4.statements.RunBeforeTestClassCallbacks.evaluate(RunBeforeTestClassCallbacks.java:61)
	at org.springframework.test.context.junit4.statements.RunAfterTestClassCallbacks.evaluate(RunAfterTestClassCallbacks.java:68)
	at org.junit.runners.ParentRunner.run(ParentRunner.java:363)
	at org.springframework.test.context.junit4.SpringJUnit4ClassRunner.run(SpringJUnit4ClassRunner.java:163)
	at org.junit.runners.Suite.runChild(Suite.java:128)
	at org.junit.runners.Suite.runChild(Suite.java:27)
	at org.junit.runners.ParentRunner$3.run(ParentRunner.java:290)
	at org.junit.runners.ParentRunner$1.schedule(ParentRunner.java:71)
	at org.junit.runners.ParentRunner.runChildren(ParentRunner.java:288)
	at org.junit.runners.ParentRunner.access$000(ParentRunner.java:58)
	at org.junit.runners.ParentRunner$2.evaluate(ParentRunner.java:268)
	at org.junit.runners.ParentRunner.run(ParentRunner.java:363)
	at org.apache.maven.surefire.junit4.JUnit4Provider.execute(JUnit4Provider.java:283)
	at org.apache.maven.surefire.junit4.JUnit4Provider.executeWithRerun(JUnit4Provider.java:173)
	at org.apache.maven.surefire.junit4.JUnit4Provider.executeTestSet(JUnit4Provider.java:153)
	at org.apache.maven.surefire.junit4.JUnit4Provider.invoke(JUnit4Provider.java:128)
	at org.apache.maven.surefire.booter.ForkedBooter.invokeProviderInSameClassLoader(ForkedBooter.java:203)
	at org.apache.maven.surefire.booter.ForkedBooter.runSuitesInProcess(ForkedBooter.java:155)
	at org.apache.maven.surefire.booter.ForkedBooter.main(ForkedBooter.java:103)
Caused by: org.springframework.beans.BeanInstantiationException: Failed to instantiate [org.springframework.data.aerospike.core.AerospikeTemplate]: Factory method 'aerospikeTemplate' threw exception; nested exception is com.aerospike.helper.query.ClusterRefreshError: Cannot find UDF modules
	at org.springframework.beans.factory.support.SimpleInstantiationStrategy.instantiate(SimpleInstantiationStrategy.java:189)
	at org.springframework.beans.factory.support.ConstructorResolver.instantiateUsingFactoryMethod(ConstructorResolver.java:588)
	at org.springframework.beans.factory.support.AbstractAutowireCapableBeanFactory.instantiateUsingFactoryMethod(AbstractAutowireCapableBeanFactory.java:1119)
	at org.springframework.beans.factory.support.AbstractAutowireCapableBeanFactory.createBeanInstance(AbstractAutowireCapableBeanFactory.java:1014)
	at org.springframework.beans.factory.support.AbstractAutowireCapableBeanFactory.doCreateBean(AbstractAutowireCapableBeanFactory.java:504)
	at org.springframework.beans.factory.support.AbstractAutowireCapableBeanFactory.createBean(AbstractAutowireCapableBeanFactory.java:476)
	at org.springframework.beans.factory.support.AbstractBeanFactory$1.getObject(AbstractBeanFactory.java:303)
	at org.springframework.beans.factory.support.DefaultSingletonBeanRegistry.getSingleton(DefaultSingletonBeanRegistry.java:230)
	at org.springframework.beans.factory.support.AbstractBeanFactory.doGetBean(AbstractBeanFactory.java:299)
	at org.springframework.beans.factory.support.AbstractBeanFactory.getBean(AbstractBeanFactory.java:194)
	at org.springframework.beans.factory.support.DefaultListableBeanFactory.preInstantiateSingletons(DefaultListableBeanFactory.java:755)
	at org.springframework.context.support.AbstractApplicationContext.finishBeanFactoryInitialization(AbstractApplicationContext.java:757)
	at org.springframework.context.support.AbstractApplicationContext.refresh(AbstractApplicationContext.java:480)
	at org.springframework.test.context.support.AbstractGenericContextLoader.loadContext(AbstractGenericContextLoader.java:125)
	at org.springframework.test.context.support.AbstractGenericContextLoader.loadContext(AbstractGenericContextLoader.java:60)
	at org.springframework.test.context.support.AbstractDelegatingSmartContextLoader.delegateLoading(AbstractDelegatingSmartContextLoader.java:109)
	at org.springframework.test.context.support.AbstractDelegatingSmartContextLoader.loadContext(AbstractDelegatingSmartContextLoader.java:261)
	at org.springframework.test.context.DefaultCacheAwareContextLoaderDelegate.loadContextInternal(DefaultCacheAwareContextLoaderDelegate.java:68)
	at org.springframework.test.context.DefaultCacheAwareContextLoaderDelegate.loadContext(DefaultCacheAwareContextLoaderDelegate.java:86)
	at org.springframework.test.context.DefaultTestContext.getApplicationContext(DefaultTestContext.java:72)
	at org.springframework.test.context.support.DependencyInjectionTestExecutionListener.injectDependencies(DependencyInjectionTestExecutionListener.java:117)
	at org.springframework.test.context.support.DependencyInjectionTestExecutionListener.prepareTestInstance(DependencyInjectionTestExecutionListener.java:83)
	at org.springframework.test.context.TestContextManager.prepareTestInstance(TestContextManager.java:212)
	at org.springframework.test.context.junit4.SpringJUnit4ClassRunner.createTest(SpringJUnit4ClassRunner.java:200)
	at org.springframework.test.context.junit4.SpringJUnit4ClassRunner$1.runReflectiveCall(SpringJUnit4ClassRunner.java:259)
	at org.junit.internal.runners.model.ReflectiveCallable.run(ReflectiveCallable.java:12)
	at org.springframework.test.context.junit4.SpringJUnit4ClassRunner.methodBlock(SpringJUnit4ClassRunner.java:261)
	at org.springframework.test.context.junit4.SpringJUnit4ClassRunner.runChild(SpringJUnit4ClassRunner.java:219)
	at org.springframework.test.context.junit4.SpringJUnit4ClassRunner.runChild(SpringJUnit4ClassRunner.java:83)
	at org.junit.runners.ParentRunner$3.run(ParentRunner.java:290)
	at org.junit.runners.ParentRunner$1.schedule(ParentRunner.java:71)
	at org.junit.runners.ParentRunner.runChildren(ParentRunner.java:288)
	at org.junit.runners.ParentRunner.access$000(ParentRunner.java:58)
	at org.junit.runners.ParentRunner$2.evaluate(ParentRunner.java:268)
	at org.springframework.test.context.junit4.statements.RunBeforeTestClassCallbacks.evaluate(RunBeforeTestClassCallbacks.java:61)
	at org.springframework.test.context.junit4.statements.RunAfterTestClassCallbacks.evaluate(RunAfterTestClassCallbacks.java:68)
	at org.junit.runners.ParentRunner.run(ParentRunner.java:363)
	at org.springframework.test.context.junit4.SpringJUnit4ClassRunner.run(SpringJUnit4ClassRunner.java:163)
	at org.junit.runners.Suite.runChild(Suite.java:128)
	at org.junit.runners.Suite.runChild(Suite.java:27)
	at org.junit.runners.ParentRunner$3.run(ParentRunner.java:290)
	at org.junit.runners.ParentRunner$1.schedule(ParentRunner.java:71)
	at org.junit.runners.ParentRunner.runChildren(ParentRunner.java:288)
	at org.junit.runners.ParentRunner.access$000(ParentRunner.java:58)
	at org.junit.runners.ParentRunner$2.evaluate(ParentRunner.java:268)
	at org.junit.runners.ParentRunner.run(ParentRunner.java:363)
	at org.apache.maven.surefire.junit4.JUnit4Provider.execute(JUnit4Provider.java:283)
	at org.apache.maven.surefire.junit4.JUnit4Provider.executeWithRerun(JUnit4Provider.java:173)
	at org.apache.maven.surefire.junit4.JUnit4Provider.executeTestSet(JUnit4Provider.java:153)
	at org.apache.maven.surefire.junit4.JUnit4Provider.invoke(JUnit4Provider.java:128)
	at org.apache.maven.surefire.booter.ForkedBooter.invokeProviderInSameClassLoader(ForkedBooter.java:203)
	at org.apache.maven.surefire.booter.ForkedBooter.runSuitesInProcess(ForkedBooter.java:155)
	at org.apache.maven.surefire.booter.ForkedBooter.main(ForkedBooter.java:103)
Caused by: com.aerospike.helper.query.ClusterRefreshError: Cannot find UDF modules
	at com.aerospike.helper.query.QueryEngine.refreshModules(QueryEngine.java:678)
	at com.aerospike.helper.query.QueryEngine.refreshCluster(QueryEngine.java:536)
	at com.aerospike.helper.query.QueryEngine.setClient(QueryEngine.java:129)
	at com.aerospike.helper.query.QueryEngine.<init>(QueryEngine.java:110)
	at org.springframework.data.aerospike.core.AerospikeTemplate.<init>(AerospikeTemplate.java:132)
	at org.springframework.data.aerospike.repository.TestConfigPerson.aerospikeTemplate(TestConfigPerson.java:38)
	at org.springframework.data.aerospike.repository.TestConfigPerson$$EnhancerBySpringCGLIB$$3f27a8da.CGLIB$aerospikeTemplate$0(<generated>)
	at org.springframework.data.aerospike.repository.TestConfigPerson$$EnhancerBySpringCGLIB$$3f27a8da$$FastClassBySpringCGLIB$$38965c5e.invoke(<generated>)
	at org.springframework.cglib.proxy.MethodProxy.invokeSuper(MethodProxy.java:228)
	at org.springframework.context.annotation.ConfigurationClassEnhancer$BeanMethodInterceptor.intercept(ConfigurationClassEnhancer.java:309)
	at org.springframework.data.aerospike.repository.TestConfigPerson$$EnhancerBySpringCGLIB$$3f27a8da.aerospikeTemplate(<generated>)
	at sun.reflect.NativeMethodAccessorImpl.invoke0(Native Method)
	at sun.reflect.NativeMethodAccessorImpl.invoke(NativeMethodAccessorImpl.java:62)
	at sun.reflect.DelegatingMethodAccessorImpl.invoke(DelegatingMethodAccessorImpl.java:43)
	at java.lang.reflect.Method.invoke(Method.java:498)
	at org.springframework.beans.factory.support.SimpleInstantiationStrategy.instantiate(SimpleInstantiationStrategy.java:162)
	at org.springframework.beans.factory.support.ConstructorResolver.instantiateUsingFactoryMethod(ConstructorResolver.java:588)
	at org.springframework.beans.factory.support.AbstractAutowireCapableBeanFactory.instantiateUsingFactoryMethod(AbstractAutowireCapableBeanFactory.java:1119)
	at org.springframework.beans.factory.support.AbstractAutowireCapableBeanFactory.createBeanInstance(AbstractAutowireCapableBeanFactory.java:1014)
	at org.springframework.beans.factory.support.AbstractAutowireCapableBeanFactory.doCreateBean(AbstractAutowireCapableBeanFactory.java:504)
	at org.springframework.beans.factory.support.AbstractAutowireCapableBeanFactory.createBean(AbstractAutowireCapableBeanFactory.java:476)
	at org.springframework.beans.factory.support.AbstractBeanFactory$1.getObject(AbstractBeanFactory.java:303)
	at org.springframework.beans.factory.support.DefaultSingletonBeanRegistry.getSingleton(DefaultSingletonBeanRegistry.java:230)
	at org.springframework.beans.factory.support.AbstractBeanFactory.doGetBean(AbstractBeanFactory.java:299)
	at org.springframework.beans.factory.support.AbstractBeanFactory.getBean(AbstractBeanFactory.java:194)
	at org.springframework.beans.factory.support.DefaultListableBeanFactory.preInstantiateSingletons(DefaultListableBeanFactory.java:755)
	at org.springframework.context.support.AbstractApplicationContext.finishBeanFactoryInitialization(AbstractApplicationContext.java:757)
	at org.springframework.context.support.AbstractApplicationContext.refresh(AbstractApplicationContext.java:480)
	at org.springframework.test.context.support.AbstractGenericContextLoader.loadContext(AbstractGenericContextLoader.java:125)
	at org.springframework.test.context.support.AbstractGenericContextLoader.loadContext(AbstractGenericContextLoader.java:60)
	at org.springframework.test.context.support.AbstractDelegatingSmartContextLoader.delegateLoading(AbstractDelegatingSmartContextLoader.java:109)
	at org.springframework.test.context.support.AbstractDelegatingSmartContextLoader.loadContext(AbstractDelegatingSmartContextLoader.java:261)
	at org.springframework.test.context.DefaultCacheAwareContextLoaderDelegate.loadContextInternal(DefaultCacheAwareContextLoaderDelegate.java:68)
	at org.springframework.test.context.DefaultCacheAwareContextLoaderDelegate.loadContext(DefaultCacheAwareContextLoaderDelegate.java:86)
	at org.springframework.test.context.DefaultTestContext.getApplicationContext(DefaultTestContext.java:72)
	at org.springframework.test.context.support.DependencyInjectionTestExecutionListener.injectDependencies(DependencyInjectionTestExecutionListener.java:117)
	at org.springframework.test.context.support.DependencyInjectionTestExecutionListener.prepareTestInstance(DependencyInjectionTestExecutionListener.java:83)
	at org.springframework.test.context.TestContextManager.prepareTestInstance(TestContextManager.java:212)
	at org.springframework.test.context.junit4.SpringJUnit4ClassRunner.createTest(SpringJUnit4ClassRunner.java:200)
	at org.springframework.test.context.junit4.SpringJUnit4ClassRunner$1.runReflectiveCall(SpringJUnit4ClassRunner.java:259)
	at org.junit.internal.runners.model.ReflectiveCallable.run(ReflectiveCallable.java:12)
	at org.springframework.test.context.junit4.SpringJUnit4ClassRunner.methodBlock(SpringJUnit4ClassRunner.java:261)
	at org.springframework.test.context.junit4.SpringJUnit4ClassRunner.runChild(SpringJUnit4ClassRunner.java:219)
	at org.springframework.test.context.junit4.SpringJUnit4ClassRunner.runChild(SpringJUnit4ClassRunner.java:83)
	at org.junit.runners.ParentRunner$3.run(ParentRunner.java:290)
	at org.junit.runners.ParentRunner$1.schedule(ParentRunner.java:71)
	at org.junit.runners.ParentRunner.runChildren(ParentRunner.java:288)
	at org.junit.runners.ParentRunner.access$000(ParentRunner.java:58)
	at org.junit.runners.ParentRunner$2.evaluate(ParentRunner.java:268)
	at org.springframework.test.context.junit4.statements.RunBeforeTestClassCallbacks.evaluate(RunBeforeTestClassCallbacks.java:61)
	at org.springframework.test.context.junit4.statements.RunAfterTestClassCallbacks.evaluate(RunAfterTestClassCallbacks.java:68)
	at org.junit.runners.ParentRunner.run(ParentRunner.java:363)
	at org.springframework.test.context.junit4.SpringJUnit4ClassRunner.run(SpringJUnit4ClassRunner.java:163)
	at org.junit.runners.Suite.runChild(Suite.java:128)
	at org.junit.runners.Suite.runChild(Suite.java:27)
	at org.junit.runners.ParentRunner$3.run(ParentRunner.java:290)
	at org.junit.runners.ParentRunner$1.schedule(ParentRunner.java:71)
	at org.junit.runners.ParentRunner.runChildren(ParentRunner.java:288)
	at org.junit.runners.ParentRunner.access$000(ParentRunner.java:58)
	at org.junit.runners.ParentRunner$2.evaluate(ParentRunner.java:268)
	at org.junit.runners.ParentRunner.run(ParentRunner.java:363)
	at org.apache.maven.surefire.junit4.JUnit4Provider.execute(JUnit4Provider.java:283)
	at org.apache.maven.surefire.junit4.JUnit4Provider.executeWithRerun(JUnit4Provider.java:173)
	at org.apache.maven.surefire.junit4.JUnit4Provider.executeTestSet(JUnit4Provider.java:153)
	at org.apache.maven.surefire.junit4.JUnit4Provider.invoke(JUnit4Provider.java:128)
	at org.apache.maven.surefire.booter.ForkedBooter.invokeProviderInSameClassLoader(ForkedBooter.java:203)
	at org.apache.maven.surefire.booter.ForkedBooter.runSuitesInProcess(ForkedBooter.java:155)
	at org.apache.maven.surefire.booter.ForkedBooter.main(ForkedBooter.java:103)
]]></error>
    <system-out><![CDATA[16:37:20.872 [main] DEBUG o.s.t.annotation.ProfileValueUtils - Retrieved @ProfileValueSourceConfiguration [null] for test class [org.springframework.data.aerospike.repository.PersonRepositoryIntegrationTests]
16:37:20.872 [main] DEBUG o.s.t.annotation.ProfileValueUtils - Retrieved ProfileValueSource type [class org.springframework.test.annotation.SystemProfileValueSource] for class [org.springframework.data.aerospike.repository.PersonRepositoryIntegrationTests]
16:37:20.872 [main] DEBUG o.s.t.c.s.DependencyInjectionTestExecutionListener - Performing dependency injection for test context [[DefaultTestContext@70807224 testClass = PersonRepositoryIntegrationTests, testInstance = org.springframework.data.aerospike.repository.PersonRepositoryIntegrationTests@109d724c, testMethod = [null], testException = [null], mergedContextConfiguration = [MergedContextConfiguration@400d912a testClass = PersonRepositoryIntegrationTests, locations = '{}', classes = '{class org.springframework.data.aerospike.repository.TestConfigPerson}', contextInitializerClasses = '[]', activeProfiles = '{}', propertySourceLocations = '{}', propertySourceProperties = '{}', contextLoader = 'org.springframework.test.context.support.DelegatingSmartContextLoader', parent = [null]]]].
16:37:20.872 [main] DEBUG o.s.t.c.s.AbstractDelegatingSmartContextLoader - Delegating to AnnotationConfigContextLoader to load context from [MergedContextConfiguration@400d912a testClass = PersonRepositoryIntegrationTests, locations = '{}', classes = '{class org.springframework.data.aerospike.repository.TestConfigPerson}', contextInitializerClasses = '[]', activeProfiles = '{}', propertySourceLocations = '{}', propertySourceProperties = '{}', contextLoader = 'org.springframework.test.context.support.DelegatingSmartContextLoader', parent = [null]].
16:37:20.872 [main] DEBUG o.s.t.c.s.AbstractGenericContextLoader - Loading ApplicationContext for merged context configuration [[MergedContextConfiguration@400d912a testClass = PersonRepositoryIntegrationTests, locations = '{}', classes = '{class org.springframework.data.aerospike.repository.TestConfigPerson}', contextInitializerClasses = '[]', activeProfiles = '{}', propertySourceLocations = '{}', propertySourceProperties = '{}', contextLoader = 'org.springframework.test.context.support.DelegatingSmartContextLoader', parent = [null]]].
16:37:20.873 [main] DEBUG o.s.core.env.StandardEnvironment - Adding [systemProperties] PropertySource with lowest search precedence
16:37:20.873 [main] DEBUG o.s.core.env.StandardEnvironment - Adding [systemEnvironment] PropertySource with lowest search precedence
16:37:20.873 [main] DEBUG o.s.core.env.StandardEnvironment - Initialized StandardEnvironment with PropertySources [systemProperties,systemEnvironment]
16:37:20.873 [main] DEBUG o.s.t.c.s.AnnotationConfigContextLoader - Registering annotated classes: {class org.springframework.data.aerospike.repository.TestConfigPerson}
16:37:20.873 [main] INFO  o.s.c.s.GenericApplicationContext - Refreshing org.springframework.context.support.GenericApplicationContext@1704f67f: startup date [Tue Oct 04 16:37:20 BRT 2016]; root of context hierarchy
16:37:20.873 [main] DEBUG o.s.c.s.GenericApplicationContext - Bean factory for org.springframework.context.support.GenericApplicationContext@1704f67f: org.springframework.beans.factory.support.DefaultListableBeanFactory@e4d2696: defining beans [org.springframework.context.annotation.internalConfigurationAnnotationProcessor,org.springframework.context.annotation.internalAutowiredAnnotationProcessor,org.springframework.context.annotation.internalRequiredAnnotationProcessor,org.springframework.context.annotation.internalCommonAnnotationProcessor,testConfigPerson]; root of factory hierarchy
16:37:20.874 [main] DEBUG o.s.b.f.s.DefaultListableBeanFactory - Creating shared instance of singleton bean 'org.springframework.context.annotation.internalConfigurationAnnotationProcessor'
16:37:20.874 [main] DEBUG o.s.b.f.s.DefaultListableBeanFactory - Creating instance of bean 'org.springframework.context.annotation.internalConfigurationAnnotationProcessor'
16:37:20.874 [main] DEBUG o.s.b.f.s.DefaultListableBeanFactory - Eagerly caching bean 'org.springframework.context.annotation.internalConfigurationAnnotationProcessor' to allow for resolving potential circular references
16:37:20.874 [main] DEBUG o.s.b.f.s.DefaultListableBeanFactory - Finished creating instance of bean 'org.springframework.context.annotation.internalConfigurationAnnotationProcessor'
16:37:20.874 [main] DEBUG o.s.c.a.ConfigurationClassBeanDefinitionReader - Registering bean definition for @Bean method org.springframework.data.aerospike.repository.TestConfigPerson.aerospikeTemplate()
16:37:20.874 [main] DEBUG o.s.c.a.ConfigurationClassBeanDefinitionReader - Registering bean definition for @Bean method org.springframework.data.aerospike.repository.TestConfigPerson.aerospikeClient()
16:37:20.875 [main] DEBUG o.s.core.env.StandardEnvironment - Adding [systemProperties] PropertySource with lowest search precedence
16:37:20.875 [main] DEBUG o.s.core.env.StandardEnvironment - Adding [systemEnvironment] PropertySource with lowest search precedence
16:37:20.875 [main] DEBUG o.s.core.env.StandardEnvironment - Initialized StandardEnvironment with PropertySources [systemProperties,systemEnvironment]
16:37:20.875 [main] DEBUG o.s.c.i.s.PathMatchingResourcePatternResolver - Looking for matching resources in directory tree [/home/aluno/spring-projects/maven/spring-data-aerospike/target/test-classes/org/springframework/data]
16:37:20.875 [main] DEBUG o.s.c.i.s.PathMatchingResourcePatternResolver - Searching directory [/home/aluno/spring-projects/maven/spring-data-aerospike/target/test-classes/org/springframework/data] for files matching pattern [/home/aluno/spring-projects/maven/spring-data-aerospike/target/test-classes/org/springframework/data/**/repository/support/**/*.class]
16:37:20.875 [main] DEBUG o.s.c.i.s.PathMatchingResourcePatternResolver - Searching directory [/home/aluno/spring-projects/maven/spring-data-aerospike/target/test-classes/org/springframework/data/keyvalue] for files matching pattern [/home/aluno/spring-projects/maven/spring-data-aerospike/target/test-classes/org/springframework/data/**/repository/support/**/*.class]
16:37:20.876 [main] DEBUG o.s.c.i.s.PathMatchingResourcePatternResolver - Searching directory [/home/aluno/spring-projects/maven/spring-data-aerospike/target/test-classes/org/springframework/data/keyvalue/repository] for files matching pattern [/home/aluno/spring-projects/maven/spring-data-aerospike/target/test-classes/org/springframework/data/**/repository/support/**/*.class]
16:37:20.876 [main] DEBUG o.s.c.i.s.PathMatchingResourcePatternResolver - Searching directory [/home/aluno/spring-projects/maven/spring-data-aerospike/target/test-classes/org/springframework/data/keyvalue/repository/query] for files matching pattern [/home/aluno/spring-projects/maven/spring-data-aerospike/target/test-classes/org/springframework/data/**/repository/support/**/*.class]
16:37:20.876 [main] DEBUG o.s.c.i.s.PathMatchingResourcePatternResolver - Searching directory [/home/aluno/spring-projects/maven/spring-data-aerospike/target/test-classes/org/springframework/data/aerospike] for files matching pattern [/home/aluno/spring-projects/maven/spring-data-aerospike/target/test-classes/org/springframework/data/**/repository/support/**/*.class]
16:37:20.876 [main] DEBUG o.s.c.i.s.PathMatchingResourcePatternResolver - Searching directory [/home/aluno/spring-projects/maven/spring-data-aerospike/target/test-classes/org/springframework/data/aerospike/mapping] for files matching pattern [/home/aluno/spring-projects/maven/spring-data-aerospike/target/test-classes/org/springframework/data/**/repository/support/**/*.class]
16:37:20.876 [main] DEBUG o.s.c.i.s.PathMatchingResourcePatternResolver - Searching directory [/home/aluno/spring-projects/maven/spring-data-aerospike/target/test-classes/org/springframework/data/aerospike/core] for files matching pattern [/home/aluno/spring-projects/maven/spring-data-aerospike/target/test-classes/org/springframework/data/**/repository/support/**/*.class]
16:37:20.876 [main] DEBUG o.s.c.i.s.PathMatchingResourcePatternResolver - Searching directory [/home/aluno/spring-projects/maven/spring-data-aerospike/target/test-classes/org/springframework/data/aerospike/convert] for files matching pattern [/home/aluno/spring-projects/maven/spring-data-aerospike/target/test-classes/org/springframework/data/**/repository/support/**/*.class]
16:37:20.877 [main] DEBUG o.s.c.i.s.PathMatchingResourcePatternResolver - Searching directory [/home/aluno/spring-projects/maven/spring-data-aerospike/target/test-classes/org/springframework/data/aerospike/sample] for files matching pattern [/home/aluno/spring-projects/maven/spring-data-aerospike/target/test-classes/org/springframework/data/**/repository/support/**/*.class]
16:37:20.877 [main] DEBUG o.s.c.i.s.PathMatchingResourcePatternResolver - Searching directory [/home/aluno/spring-projects/maven/spring-data-aerospike/target/test-classes/org/springframework/data/aerospike/repository] for files matching pattern [/home/aluno/spring-projects/maven/spring-data-aerospike/target/test-classes/org/springframework/data/**/repository/support/**/*.class]
16:37:20.878 [main] DEBUG o.s.c.i.s.PathMatchingResourcePatternResolver - Searching directory [/home/aluno/spring-projects/maven/spring-data-aerospike/target/test-classes/org/springframework/data/aerospike/repository/support] for files matching pattern [/home/aluno/spring-projects/maven/spring-data-aerospike/target/test-classes/org/springframework/data/**/repository/support/**/*.class]
16:37:20.878 [main] DEBUG o.s.c.i.s.PathMatchingResourcePatternResolver - Searching directory [/home/aluno/spring-projects/maven/spring-data-aerospike/target/test-classes/org/springframework/data/aerospike/repository/query] for files matching pattern [/home/aluno/spring-projects/maven/spring-data-aerospike/target/test-classes/org/springframework/data/**/repository/support/**/*.class]
16:37:20.878 [main] DEBUG o.s.c.i.s.PathMatchingResourcePatternResolver - Searching directory [/home/aluno/spring-projects/maven/spring-data-aerospike/target/test-classes/org/springframework/data/aerospike/config] for files matching pattern [/home/aluno/spring-projects/maven/spring-data-aerospike/target/test-classes/org/springframework/data/**/repository/support/**/*.class]
16:37:20.878 [main] DEBUG o.s.c.i.s.PathMatchingResourcePatternResolver - Searching directory [/home/aluno/spring-projects/maven/spring-data-aerospike/target/test-classes/org/springframework/data/aerospike/cache] for files matching pattern [/home/aluno/spring-projects/maven/spring-data-aerospike/target/test-classes/org/springframework/data/**/repository/support/**/*.class]
16:37:20.878 [main] DEBUG o.s.c.i.s.PathMatchingResourcePatternResolver - Looking for matching resources in directory tree [/home/aluno/spring-projects/maven/spring-data-aerospike/target/classes/org/springframework/data]
16:37:20.878 [main] DEBUG o.s.c.i.s.PathMatchingResourcePatternResolver - Searching directory [/home/aluno/spring-projects/maven/spring-data-aerospike/target/classes/org/springframework/data] for files matching pattern [/home/aluno/spring-projects/maven/spring-data-aerospike/target/classes/org/springframework/data/**/repository/support/**/*.class]
16:37:20.878 [main] DEBUG o.s.c.i.s.PathMatchingResourcePatternResolver - Searching directory [/home/aluno/spring-projects/maven/spring-data-aerospike/target/classes/org/springframework/data/aerospike] for files matching pattern [/home/aluno/spring-projects/maven/spring-data-aerospike/target/classes/org/springframework/data/**/repository/support/**/*.class]
16:37:20.878 [main] DEBUG o.s.c.i.s.PathMatchingResourcePatternResolver - Searching directory [/home/aluno/spring-projects/maven/spring-data-aerospike/target/classes/org/springframework/data/aerospike/mapping] for files matching pattern [/home/aluno/spring-projects/maven/spring-data-aerospike/target/classes/org/springframework/data/**/repository/support/**/*.class]
16:37:20.878 [main] DEBUG o.s.c.i.s.PathMatchingResourcePatternResolver - Searching directory [/home/aluno/spring-projects/maven/spring-data-aerospike/target/classes/org/springframework/data/aerospike/core] for files matching pattern [/home/aluno/spring-projects/maven/spring-data-aerospike/target/classes/org/springframework/data/**/repository/support/**/*.class]
16:37:20.878 [main] DEBUG o.s.c.i.s.PathMatchingResourcePatternResolver - Searching directory [/home/aluno/spring-projects/maven/spring-data-aerospike/target/classes/org/springframework/data/aerospike/convert] for files matching pattern [/home/aluno/spring-projects/maven/spring-data-aerospike/target/classes/org/springframework/data/**/repository/support/**/*.class]
16:37:20.879 [main] DEBUG o.s.c.i.s.PathMatchingResourcePatternResolver - Searching directory [/home/aluno/spring-projects/maven/spring-data-aerospike/target/classes/org/springframework/data/aerospike/example] for files matching pattern [/home/aluno/spring-projects/maven/spring-data-aerospike/target/classes/org/springframework/data/**/repository/support/**/*.class]
16:37:20.879 [main] DEBUG o.s.c.i.s.PathMatchingResourcePatternResolver - Searching directory [/home/aluno/spring-projects/maven/spring-data-aerospike/target/classes/org/springframework/data/aerospike/example/data] for files matching pattern [/home/aluno/spring-projects/maven/spring-data-aerospike/target/classes/org/springframework/data/**/repository/support/**/*.class]
16:37:20.879 [main] DEBUG o.s.c.i.s.PathMatchingResourcePatternResolver - Searching directory [/home/aluno/spring-projects/maven/spring-data-aerospike/target/classes/org/springframework/data/aerospike/example/config] for files matching pattern [/home/aluno/spring-projects/maven/spring-data-aerospike/target/classes/org/springframework/data/**/repository/support/**/*.class]
16:37:20.879 [main] DEBUG o.s.c.i.s.PathMatchingResourcePatternResolver - Searching directory [/home/aluno/spring-projects/maven/spring-data-aerospike/target/classes/org/springframework/data/aerospike/annotation] for files matching pattern [/home/aluno/spring-projects/maven/spring-data-aerospike/target/classes/org/springframework/data/**/repository/support/**/*.class]
16:37:20.879 [main] DEBUG o.s.c.i.s.PathMatchingResourcePatternResolver - Searching directory [/home/aluno/spring-projects/maven/spring-data-aerospike/target/classes/org/springframework/data/aerospike/repository] for files matching pattern [/home/aluno/spring-projects/maven/spring-data-aerospike/target/classes/org/springframework/data/**/repository/support/**/*.class]
16:37:20.879 [main] DEBUG o.s.c.i.s.PathMatchingResourcePatternResolver - Searching directory [/home/aluno/spring-projects/maven/spring-data-aerospike/target/classes/org/springframework/data/aerospike/repository/support] for files matching pattern [/home/aluno/spring-projects/maven/spring-data-aerospike/target/classes/org/springframework/data/**/repository/support/**/*.class]
16:37:20.879 [main] DEBUG o.s.c.i.s.PathMatchingResourcePatternResolver - Searching directory [/home/aluno/spring-projects/maven/spring-data-aerospike/target/classes/org/springframework/data/aerospike/repository/config] for files matching pattern [/home/aluno/spring-projects/maven/spring-data-aerospike/target/classes/org/springframework/data/**/repository/support/**/*.class]
16:37:20.879 [main] DEBUG o.s.c.i.s.PathMatchingResourcePatternResolver - Searching directory [/home/aluno/spring-projects/maven/spring-data-aerospike/target/classes/org/springframework/data/aerospike/repository/query] for files matching pattern [/home/aluno/spring-projects/maven/spring-data-aerospike/target/classes/org/springframework/data/**/repository/support/**/*.class]
16:37:20.879 [main] DEBUG o.s.c.i.s.PathMatchingResourcePatternResolver - Searching directory [/home/aluno/spring-projects/maven/spring-data-aerospike/target/classes/org/springframework/data/aerospike/config] for files matching pattern [/home/aluno/spring-projects/maven/spring-data-aerospike/target/classes/org/springframework/data/**/repository/support/**/*.class]
16:37:20.879 [main] DEBUG o.s.c.i.s.PathMatchingResourcePatternResolver - Searching directory [/home/aluno/spring-projects/maven/spring-data-aerospike/target/classes/org/springframework/data/aerospike/cache] for files matching pattern [/home/aluno/spring-projects/maven/spring-data-aerospike/target/classes/org/springframework/data/**/repository/support/**/*.class]
16:37:20.879 [main] DEBUG o.s.c.i.s.PathMatchingResourcePatternResolver - Searching directory [/home/aluno/spring-projects/maven/spring-data-aerospike/target/classes/org/springframework/data/aerospike/utility] for files matching pattern [/home/aluno/spring-projects/maven/spring-data-aerospike/target/classes/org/springframework/data/**/repository/support/**/*.class]
16:37:20.880 [main] DEBUG o.s.c.i.s.PathMatchingResourcePatternResolver - Looking for matching resources in jar file [file:/home/aluno/.m2/repository/org/springframework/data/spring-data-commons/1.11.0.RELEASE/spring-data-commons-1.11.0.RELEASE.jar]
16:37:20.881 [main] DEBUG o.s.c.i.s.PathMatchingResourcePatternResolver - Looking for matching resources in jar file [file:/home/aluno/.m2/repository/org/springframework/data/spring-data-keyvalue/1.0.0.M1/spring-data-keyvalue-1.0.0.M1.jar]
16:37:20.882 [main] DEBUG o.s.c.i.s.PathMatchingResourcePatternResolver - Resolved location pattern [classpath*:org/springframework/data/**/repository/support/**/*.class] to resources [file [/home/aluno/spring-projects/maven/spring-data-aerospike/target/test-classes/org/springframework/data/aerospike/repository/support/SimpleAerospikeRepositoryTest$5.class], file [/home/aluno/spring-projects/maven/spring-data-aerospike/target/test-classes/org/springframework/data/aerospike/repository/support/SimpleAerospikeRepositoryTest$9.class], file [/home/aluno/spring-projects/maven/spring-data-aerospike/target/test-classes/org/springframework/data/aerospike/repository/support/SimpleAerospikeRepositoryTest$4.class], file [/home/aluno/spring-projects/maven/spring-data-aerospike/target/test-classes/org/springframework/data/aerospike/repository/support/AerospikeRepositoryFactoryTest.class], file [/home/aluno/spring-projects/maven/spring-data-aerospike/target/test-classes/org/springframework/data/aerospike/repository/support/SimpleAerospikeRepositoryTest.class], file [/home/aluno/spring-projects/maven/spring-data-aerospike/target/test-classes/org/springframework/data/aerospike/repository/support/SimpleAerospikeRepositoryTest$1.class], file [/home/aluno/spring-projects/maven/spring-data-aerospike/target/test-classes/org/springframework/data/aerospike/repository/support/SimpleAerospikeRepositoryTest$3.class], file [/home/aluno/spring-projects/maven/spring-data-aerospike/target/test-classes/org/springframework/data/aerospike/repository/support/SimpleAerospikeRepositoryTest$8.class], file [/home/aluno/spring-projects/maven/spring-data-aerospike/target/test-classes/org/springframework/data/aerospike/repository/support/SimpleAerospikeRepositoryTest$6.class], file [/home/aluno/spring-projects/maven/spring-data-aerospike/target/test-classes/org/springframework/data/aerospike/repository/support/SimpleAerospikeRepositoryTest$2.class], file [/home/aluno/spring-projects/maven/spring-data-aerospike/target/test-classes/org/springframework/data/aerospike/repository/support/AllTests.class], file [/home/aluno/spring-projects/maven/spring-data-aerospike/target/test-classes/org/springframework/data/aerospike/repository/support/SimpleAerospikeRepositoryTest$7.class], file [/home/aluno/spring-projects/maven/spring-data-aerospike/target/classes/org/springframework/data/aerospike/repository/support/AerospikeRepositoryFactoryBean.class], file [/home/aluno/spring-projects/maven/spring-data-aerospike/target/classes/org/springframework/data/aerospike/repository/support/AerospikeRepositoryFactory$AerospikeQueryLookupStrategy.class], file [/home/aluno/spring-projects/maven/spring-data-aerospike/target/classes/org/springframework/data/aerospike/repository/support/AerospikeRepositoryFactory.class], file [/home/aluno/spring-projects/maven/spring-data-aerospike/target/classes/org/springframework/data/aerospike/repository/support/SimpleAerospikeRepository.class], URL [jar:file:/home/aluno/.m2/repository/org/springframework/data/spring-data-commons/1.11.0.RELEASE/spring-data-commons-1.11.0.RELEASE.jar!/org/springframework/data/repository/support/DomainClassConverter$ConversionMatchAbbreviationException.class], URL [jar:file:/home/aluno/.m2/repository/org/springframework/data/spring-data-commons/1.11.0.RELEASE/spring-data-commons-1.11.0.RELEASE.jar!/org/springframework/data/repository/support/DomainClassConverter$ToIdConverter.class], URL [jar:file:/home/aluno/.m2/repository/org/springframework/data/spring-data-commons/1.11.0.RELEASE/spring-data-commons-1.11.0.RELEASE.jar!/org/springframework/data/repository/support/Repositories$EmptyRepositoryFactoryInformation.class], URL [jar:file:/home/aluno/.m2/repository/org/springframework/data/spring-data-commons/1.11.0.RELEASE/spring-data-commons-1.11.0.RELEASE.jar!/org/springframework/data/repository/support/PagingAndSortingRepositoryInvoker.class], URL [jar:file:/home/aluno/.m2/repository/org/springframework/data/spring-data-commons/1.11.0.RELEASE/spring-data-commons-1.11.0.RELEASE.jar!/org/springframework/data/repository/support/QueryMethodParameterConversionException.class], URL [jar:file:/home/aluno/.m2/repository/org/springframework/data/spring-data-commons/1.11.0.RELEASE/spring-data-commons-1.11.0.RELEASE.jar!/org/springframework/data/repository/support/MethodParameters.class], URL [jar:file:/home/aluno/.m2/repository/org/springframework/data/spring-data-commons/1.11.0.RELEASE/spring-data-commons-1.11.0.RELEASE.jar!/org/springframework/data/repository/support/RepositoryInvoker.class], URL [jar:file:/home/aluno/.m2/repository/org/springframework/data/spring-data-commons/1.11.0.RELEASE/spring-data-commons-1.11.0.RELEASE.jar!/org/springframework/data/repository/support/RepositoryInvokerFactory.class], URL [jar:file:/home/aluno/.m2/repository/org/springframework/data/spring-data-commons/1.11.0.RELEASE/spring-data-commons-1.11.0.RELEASE.jar!/org/springframework/data/repository/support/DomainClassPropertyEditorRegistrar.class], URL [jar:file:/home/aluno/.m2/repository/org/springframework/data/spring-data-commons/1.11.0.RELEASE/spring-data-commons-1.11.0.RELEASE.jar!/org/springframework/data/repository/support/AnnotationAttribute.class], URL [jar:file:/home/aluno/.m2/repository/org/springframework/data/spring-data-commons/1.11.0.RELEASE/spring-data-commons-1.11.0.RELEASE.jar!/org/springframework/data/repository/support/DefaultRepositoryInvokerFactory.class], URL [jar:file:/home/aluno/.m2/repository/org/springframework/data/spring-data-commons/1.11.0.RELEASE/spring-data-commons-1.11.0.RELEASE.jar!/org/springframework/data/repository/support/MethodParameters$AnnotationNamingMethodParameter.class], URL [jar:file:/home/aluno/.m2/repository/org/springframework/data/spring-data-commons/1.11.0.RELEASE/spring-data-commons-1.11.0.RELEASE.jar!/org/springframework/data/repository/support/CrudRepositoryInvoker.class], URL [jar:file:/home/aluno/.m2/repository/org/springframework/data/spring-data-commons/1.11.0.RELEASE/spring-data-commons-1.11.0.RELEASE.jar!/org/springframework/data/repository/support/Repositories.class], URL [jar:file:/home/aluno/.m2/repository/org/springframework/data/spring-data-commons/1.11.0.RELEASE/spring-data-commons-1.11.0.RELEASE.jar!/org/springframework/data/repository/support/DomainClassConverter$ToEntityConverter.class], URL [jar:file:/home/aluno/.m2/repository/org/springframework/data/spring-data-commons/1.11.0.RELEASE/spring-data-commons-1.11.0.RELEASE.jar!/org/springframework/data/repository/support/ReflectionRepositoryInvoker.class], URL [jar:file:/home/aluno/.m2/repository/org/springframework/data/spring-data-commons/1.11.0.RELEASE/spring-data-commons-1.11.0.RELEASE.jar!/org/springframework/data/repository/support/DomainClassPropertyEditor.class], URL [jar:file:/home/aluno/.m2/repository/org/springframework/data/spring-data-commons/1.11.0.RELEASE/spring-data-commons-1.11.0.RELEASE.jar!/org/springframework/data/repository/support/DomainClassConverter.class], URL [jar:file:/home/aluno/.m2/repository/org/springframework/data/spring-data-commons/1.11.0.RELEASE/spring-data-commons-1.11.0.RELEASE.jar!/org/springframework/data/repository/support/DomainClassConverter$1.class], URL [jar:file:/home/aluno/.m2/repository/org/springframework/data/spring-data-commons/1.11.0.RELEASE/spring-data-commons-1.11.0.RELEASE.jar!/org/springframework/data/repository/support/RepositoryInvocationInformation.class], URL [jar:file:/home/aluno/.m2/repository/org/springframework/data/spring-data-keyvalue/1.0.0.M1/spring-data-keyvalue-1.0.0.M1.jar!/org/springframework/data/keyvalue/repository/support/KeyValueRepositoryFactory$KeyValueQueryLookupStrategy.class], URL [jar:file:/home/aluno/.m2/repository/org/springframework/data/spring-data-keyvalue/1.0.0.M1/spring-data-keyvalue-1.0.0.M1.jar!/org/springframework/data/keyvalue/repository/support/QuerydslKeyValueRepository.class], URL [jar:file:/home/aluno/.m2/repository/org/springframework/data/spring-data-keyvalue/1.0.0.M1/spring-data-keyvalue-1.0.0.M1.jar!/org/springframework/data/keyvalue/repository/support/KeyValueRepositoryFactoryBean.class], URL [jar:file:/home/aluno/.m2/repository/org/springframework/data/spring-data-keyvalue/1.0.0.M1/spring-data-keyvalue-1.0.0.M1.jar!/org/springframework/data/keyvalue/repository/support/KeyValueQuerydslUtils$1.class], URL [jar:file:/home/aluno/.m2/repository/org/springframework/data/spring-data-keyvalue/1.0.0.M1/spring-data-keyvalue-1.0.0.M1.jar!/org/springframework/data/keyvalue/repository/support/KeyValueQuerydslUtils.class], URL [jar:file:/home/aluno/.m2/repository/org/springframework/data/spring-data-keyvalue/1.0.0.M1/spring-data-keyvalue-1.0.0.M1.jar!/org/springframework/data/keyvalue/repository/support/KeyValueRepositoryFactory.class], URL [jar:file:/home/aluno/.m2/repository/org/springframework/data/spring-data-keyvalue/1.0.0.M1/spring-data-keyvalue-1.0.0.M1.jar!/org/springframework/data/keyvalue/repository/support/SimpleKeyValueRepository.class]]
16:37:20.886 [main] DEBUG o.s.c.a.ClassPathScanningCandidateComponentProvider - Identified candidate component class: file [/home/aluno/spring-projects/maven/spring-data-aerospike/target/classes/org/springframework/data/aerospike/repository/support/AerospikeRepositoryFactory.class]
16:37:20.893 [main] DEBUG o.s.c.a.ClassPathScanningCandidateComponentProvider - Identified candidate component class: URL [jar:file:/home/aluno/.m2/repository/org/springframework/data/spring-data-keyvalue/1.0.0.M1/spring-data-keyvalue-1.0.0.M1.jar!/org/springframework/data/keyvalue/repository/support/KeyValueRepositoryFactory.class]
16:37:20.893 [main] DEBUG o.s.d.r.c.RepositoryConfigurationDelegate - Multiple Spring Data modules found, entering strict repository configuration mode!
16:37:20.893 [main] DEBUG o.s.core.env.StandardEnvironment - Adding [systemProperties] PropertySource with lowest search precedence
16:37:20.893 [main] DEBUG o.s.core.env.StandardEnvironment - Adding [systemEnvironment] PropertySource with lowest search precedence
16:37:20.893 [main] DEBUG o.s.core.env.StandardEnvironment - Initialized StandardEnvironment with PropertySources [systemProperties,systemEnvironment]
16:37:20.894 [main] DEBUG o.s.c.i.s.PathMatchingResourcePatternResolver - Looking for matching resources in directory tree [/home/aluno/spring-projects/maven/spring-data-aerospike/target/test-classes/org/springframework/data/aerospike/repository]
16:37:20.894 [main] DEBUG o.s.c.i.s.PathMatchingResourcePatternResolver - Searching directory [/home/aluno/spring-projects/maven/spring-data-aerospike/target/test-classes/org/springframework/data/aerospike/repository] for files matching pattern [/home/aluno/spring-projects/maven/spring-data-aerospike/target/test-classes/org/springframework/data/aerospike/repository/**/*.class]
16:37:20.894 [main] DEBUG o.s.c.i.s.PathMatchingResourcePatternResolver - Searching directory [/home/aluno/spring-projects/maven/spring-data-aerospike/target/test-classes/org/springframework/data/aerospike/repository/support] for files matching pattern [/home/aluno/spring-projects/maven/spring-data-aerospike/target/test-classes/org/springframework/data/aerospike/repository/**/*.class]
16:37:20.894 [main] DEBUG o.s.c.i.s.PathMatchingResourcePatternResolver - Searching directory [/home/aluno/spring-projects/maven/spring-data-aerospike/target/test-classes/org/springframework/data/aerospike/repository/query] for files matching pattern [/home/aluno/spring-projects/maven/spring-data-aerospike/target/test-classes/org/springframework/data/aerospike/repository/**/*.class]
16:37:20.895 [main] DEBUG o.s.c.i.s.PathMatchingResourcePatternResolver - Looking for matching resources in directory tree [/home/aluno/spring-projects/maven/spring-data-aerospike/target/classes/org/springframework/data/aerospike/repository]
16:37:20.895 [main] DEBUG o.s.c.i.s.PathMatchingResourcePatternResolver - Searching directory [/home/aluno/spring-projects/maven/spring-data-aerospike/target/classes/org/springframework/data/aerospike/repository] for files matching pattern [/home/aluno/spring-projects/maven/spring-data-aerospike/target/classes/org/springframework/data/aerospike/repository/**/*.class]
16:37:20.895 [main] DEBUG o.s.c.i.s.PathMatchingResourcePatternResolver - Searching directory [/home/aluno/spring-projects/maven/spring-data-aerospike/target/classes/org/springframework/data/aerospike/repository/support] for files matching pattern [/home/aluno/spring-projects/maven/spring-data-aerospike/target/classes/org/springframework/data/aerospike/repository/**/*.class]
16:37:20.895 [main] DEBUG o.s.c.i.s.PathMatchingResourcePatternResolver - Searching directory [/home/aluno/spring-projects/maven/spring-data-aerospike/target/classes/org/springframework/data/aerospike/repository/config] for files matching pattern [/home/aluno/spring-projects/maven/spring-data-aerospike/target/classes/org/springframework/data/aerospike/repository/**/*.class]
16:37:20.895 [main] DEBUG o.s.c.i.s.PathMatchingResourcePatternResolver - Searching directory [/home/aluno/spring-projects/maven/spring-data-aerospike/target/classes/org/springframework/data/aerospike/repository/query] for files matching pattern [/home/aluno/spring-projects/maven/spring-data-aerospike/target/classes/org/springframework/data/aerospike/repository/**/*.class]
16:37:20.895 [main] DEBUG o.s.c.i.s.PathMatchingResourcePatternResolver - Resolved location pattern [classpath*:org/springframework/data/aerospike/repository/**/*.class] to resources [file [/home/aluno/spring-projects/maven/spring-data-aerospike/target/test-classes/org/springframework/data/aerospike/repository/Credentials.class], file [/home/aluno/spring-projects/maven/spring-data-aerospike/target/test-classes/org/springframework/data/aerospike/repository/AbstractPersonRepositoryIntegrationTests$1.class], file [/home/aluno/spring-projects/maven/spring-data-aerospike/target/test-classes/org/springframework/data/aerospike/repository/PersonRepository.class], file [/home/aluno/spring-projects/maven/spring-data-aerospike/target/test-classes/org/springframework/data/aerospike/repository/TestConfigPerson.class], file [/home/aluno/spring-projects/maven/spring-data-aerospike/target/test-classes/org/springframework/data/aerospike/repository/Address.class], file [/home/aluno/spring-projects/maven/spring-data-aerospike/target/test-classes/org/springframework/data/aerospike/repository/Person$Sex.class], file [/home/aluno/spring-projects/maven/spring-data-aerospike/target/test-classes/org/springframework/data/aerospike/repository/Person.class], file [/home/aluno/spring-projects/maven/spring-data-aerospike/target/test-classes/org/springframework/data/aerospike/repository/ContactRepository.class], file [/home/aluno/spring-projects/maven/spring-data-aerospike/target/test-classes/org/springframework/data/aerospike/repository/AbstractPersonRepositoryIntegrationTests.class], file [/home/aluno/spring-projects/maven/spring-data-aerospike/target/test-classes/org/springframework/data/aerospike/repository/User.class], file [/home/aluno/spring-projects/maven/spring-data-aerospike/target/test-classes/org/springframework/data/aerospike/repository/CustomerRepositoriesIntegrationTests$Config.class], file [/home/aluno/spring-projects/maven/spring-data-aerospike/target/test-classes/org/springframework/data/aerospike/repository/AnnotatedPerson.class], file [/home/aluno/spring-projects/maven/spring-data-aerospike/target/test-classes/org/springframework/data/aerospike/repository/support/SimpleAerospikeRepositoryTest$5.class], file [/home/aluno/spring-projects/maven/spring-data-aerospike/target/test-classes/org/springframework/data/aerospike/repository/support/SimpleAerospikeRepositoryTest$9.class], file [/home/aluno/spring-projects/maven/spring-data-aerospike/target/test-classes/org/springframework/data/aerospike/repository/support/SimpleAerospikeRepositoryTest$4.class], file [/home/aluno/spring-projects/maven/spring-data-aerospike/target/test-classes/org/springframework/data/aerospike/repository/support/AerospikeRepositoryFactoryTest.class], file [/home/aluno/spring-projects/maven/spring-data-aerospike/target/test-classes/org/springframework/data/aerospike/repository/support/SimpleAerospikeRepositoryTest.class], file [/home/aluno/spring-projects/maven/spring-data-aerospike/target/test-classes/org/springframework/data/aerospike/repository/support/SimpleAerospikeRepositoryTest$1.class], file [/home/aluno/spring-projects/maven/spring-data-aerospike/target/test-classes/org/springframework/data/aerospike/repository/support/SimpleAerospikeRepositoryTest$3.class], file [/home/aluno/spring-projects/maven/spring-data-aerospike/target/test-classes/org/springframework/data/aerospike/repository/support/SimpleAerospikeRepositoryTest$8.class], file [/home/aluno/spring-projects/maven/spring-data-aerospike/target/test-classes/org/springframework/data/aerospike/repository/support/SimpleAerospikeRepositoryTest$6.class], file [/home/aluno/spring-projects/maven/spring-data-aerospike/target/test-classes/org/springframework/data/aerospike/repository/support/SimpleAerospikeRepositoryTest$2.class], file [/home/aluno/spring-projects/maven/spring-data-aerospike/target/test-classes/org/springframework/data/aerospike/repository/support/AllTests.class], file [/home/aluno/spring-projects/maven/spring-data-aerospike/target/test-classes/org/springframework/data/aerospike/repository/support/SimpleAerospikeRepositoryTest$7.class], file [/home/aluno/spring-projects/maven/spring-data-aerospike/target/test-classes/org/springframework/data/aerospike/repository/Contact.class], file [/home/aluno/spring-projects/maven/spring-data-aerospike/target/test-classes/org/springframework/data/aerospike/repository/AllTests.class], file [/home/aluno/spring-projects/maven/spring-data-aerospike/target/test-classes/org/springframework/data/aerospike/repository/PersonRepositoryIntegrationTests.class], file [/home/aluno/spring-projects/maven/spring-data-aerospike/target/test-classes/org/springframework/data/aerospike/repository/query/StubParameterAccessor.class], file [/home/aluno/spring-projects/maven/spring-data-aerospike/target/test-classes/org/springframework/data/aerospike/repository/query/AllTests.class], file [/home/aluno/spring-projects/maven/spring-data-aerospike/target/test-classes/org/springframework/data/aerospike/repository/query/AerospikePartTreeQueryTest.class], file [/home/aluno/spring-projects/maven/spring-data-aerospike/target/test-classes/org/springframework/data/aerospike/repository/CustomerRepositoriesIntegrationTests.class], file [/home/aluno/spring-projects/maven/spring-data-aerospike/target/classes/org/springframework/data/aerospike/repository/AerospikeRepository.class], file [/home/aluno/spring-projects/maven/spring-data-aerospike/target/classes/org/springframework/data/aerospike/repository/support/AerospikeRepositoryFactoryBean.class], file [/home/aluno/spring-projects/maven/spring-data-aerospike/target/classes/org/springframework/data/aerospike/repository/support/AerospikeRepositoryFactory$AerospikeQueryLookupStrategy.class], file [/home/aluno/spring-projects/maven/spring-data-aerospike/target/classes/org/springframework/data/aerospike/repository/support/AerospikeRepositoryFactory.class], file [/home/aluno/spring-projects/maven/spring-data-aerospike/target/classes/org/springframework/data/aerospike/repository/support/SimpleAerospikeRepository.class], file [/home/aluno/spring-projects/maven/spring-data-aerospike/target/classes/org/springframework/data/aerospike/repository/config/AerospikeRepositoriesRegistrar.class], file [/home/aluno/spring-projects/maven/spring-data-aerospike/target/classes/org/springframework/data/aerospike/repository/config/EnableAerospikeRepositories.class], file [/home/aluno/spring-projects/maven/spring-data-aerospike/target/classes/org/springframework/data/aerospike/repository/config/AerospikeRepositoriesRegistrar$1.class], file [/home/aluno/spring-projects/maven/spring-data-aerospike/target/classes/org/springframework/data/aerospike/repository/config/AerospikeRepositoriesRegistrar$AerospikeRepositoryConfigurationExtension.class], file [/home/aluno/spring-projects/maven/spring-data-aerospike/target/classes/org/springframework/data/aerospike/repository/query/AerospikeParameterAccessor.class], file [/home/aluno/spring-projects/maven/spring-data-aerospike/target/classes/org/springframework/data/aerospike/repository/query/Query.class], file [/home/aluno/spring-projects/maven/spring-data-aerospike/target/classes/org/springframework/data/aerospike/repository/query/ConvertingParameterAccessor.class], file [/home/aluno/spring-projects/maven/spring-data-aerospike/target/classes/org/springframework/data/aerospike/repository/query/AerospikeQueryCreator$1.class], file [/home/aluno/spring-projects/maven/spring-data-aerospike/target/classes/org/springframework/data/aerospike/repository/query/CriteriaDefinition.class], file [/home/aluno/spring-projects/maven/spring-data-aerospike/target/classes/org/springframework/data/aerospike/repository/query/TextCriteria.class], file [/home/aluno/spring-projects/maven/spring-data-aerospike/target/classes/org/springframework/data/aerospike/repository/query/Criteria.class], file [/home/aluno/spring-projects/maven/spring-data-aerospike/target/classes/org/springframework/data/aerospike/repository/query/AerospikePartTreeQuery.class], file [/home/aluno/spring-projects/maven/spring-data-aerospike/target/classes/org/springframework/data/aerospike/repository/query/AerospikeQueryCreator.class]]
16:37:20.896 [main] DEBUG o.s.d.r.c.RepositoryComponentProvider - Identified candidate component class: file [/home/aluno/spring-projects/maven/spring-data-aerospike/target/test-classes/org/springframework/data/aerospike/repository/PersonRepository.class]
16:37:20.896 [main] DEBUG o.s.d.r.c.RepositoryComponentProvider - Identified candidate component class: file [/home/aluno/spring-projects/maven/spring-data-aerospike/target/test-classes/org/springframework/data/aerospike/repository/ContactRepository.class]
16:37:20.905 [main] DEBUG o.s.core.env.StandardEnvironment - Adding [systemProperties] PropertySource with lowest search precedence
16:37:20.905 [main] DEBUG o.s.core.env.StandardEnvironment - Adding [systemEnvironment] PropertySource with lowest search precedence
16:37:20.905 [main] DEBUG o.s.core.env.StandardEnvironment - Initialized StandardEnvironment with PropertySources [systemProperties,systemEnvironment]
16:37:20.905 [main] DEBUG o.s.c.i.s.PathMatchingResourcePatternResolver - Looking for matching resources in directory tree [/home/aluno/spring-projects/maven/spring-data-aerospike/target/test-classes/org/springframework/data/aerospike/repository]
16:37:20.905 [main] DEBUG o.s.c.i.s.PathMatchingResourcePatternResolver - Searching directory [/home/aluno/spring-projects/maven/spring-data-aerospike/target/test-classes/org/springframework/data/aerospike/repository] for files matching pattern [/home/aluno/spring-projects/maven/spring-data-aerospike/target/test-classes/org/springframework/data/aerospike/repository/**/*ContactRepositoryImpl.class]
16:37:20.905 [main] DEBUG o.s.c.i.s.PathMatchingResourcePatternResolver - Searching directory [/home/aluno/spring-projects/maven/spring-data-aerospike/target/test-classes/org/springframework/data/aerospike/repository/support] for files matching pattern [/home/aluno/spring-projects/maven/spring-data-aerospike/target/test-classes/org/springframework/data/aerospike/repository/**/*ContactRepositoryImpl.class]
16:37:20.905 [main] DEBUG o.s.c.i.s.PathMatchingResourcePatternResolver - Searching directory [/home/aluno/spring-projects/maven/spring-data-aerospike/target/test-classes/org/springframework/data/aerospike/repository/query] for files matching pattern [/home/aluno/spring-projects/maven/spring-data-aerospike/target/test-classes/org/springframework/data/aerospike/repository/**/*ContactRepositoryImpl.class]
16:37:20.906 [main] DEBUG o.s.c.i.s.PathMatchingResourcePatternResolver - Looking for matching resources in directory tree [/home/aluno/spring-projects/maven/spring-data-aerospike/target/classes/org/springframework/data/aerospike/repository]
16:37:20.906 [main] DEBUG o.s.c.i.s.PathMatchingResourcePatternResolver - Searching directory [/home/aluno/spring-projects/maven/spring-data-aerospike/target/classes/org/springframework/data/aerospike/repository] for files matching pattern [/home/aluno/spring-projects/maven/spring-data-aerospike/target/classes/org/springframework/data/aerospike/repository/**/*ContactRepositoryImpl.class]
16:37:20.906 [main] DEBUG o.s.c.i.s.PathMatchingResourcePatternResolver - Searching directory [/home/aluno/spring-projects/maven/spring-data-aerospike/target/classes/org/springframework/data/aerospike/repository/support] for files matching pattern [/home/aluno/spring-projects/maven/spring-data-aerospike/target/classes/org/springframework/data/aerospike/repository/**/*ContactRepositoryImpl.class]
16:37:20.906 [main] DEBUG o.s.c.i.s.PathMatchingResourcePatternResolver - Searching directory [/home/aluno/spring-projects/maven/spring-data-aerospike/target/classes/org/springframework/data/aerospike/repository/config] for files matching pattern [/home/aluno/spring-projects/maven/spring-data-aerospike/target/classes/org/springframework/data/aerospike/repository/**/*ContactRepositoryImpl.class]
16:37:20.906 [main] DEBUG o.s.c.i.s.PathMatchingResourcePatternResolver - Searching directory [/home/aluno/spring-projects/maven/spring-data-aerospike/target/classes/org/springframework/data/aerospike/repository/query] for files matching pattern [/home/aluno/spring-projects/maven/spring-data-aerospike/target/classes/org/springframework/data/aerospike/repository/**/*ContactRepositoryImpl.class]
16:37:20.906 [main] DEBUG o.s.c.i.s.PathMatchingResourcePatternResolver - Resolved location pattern [classpath*:org/springframework/data/aerospike/repository/**/*ContactRepositoryImpl.class] to resources []
16:37:20.906 [main] DEBUG o.s.d.r.c.RepositoryConfigurationDelegate - Spring Data Aerospike - Registering repository: contactRepository - Interface: org.springframework.data.aerospike.repository.ContactRepository - Factory: org.springframework.data.keyvalue.repository.support.KeyValueRepositoryFactoryBean
16:37:20.906 [main] DEBUG o.s.core.env.StandardEnvironment - Adding [systemProperties] PropertySource with lowest search precedence
16:37:20.906 [main] DEBUG o.s.core.env.StandardEnvironment - Adding [systemEnvironment] PropertySource with lowest search precedence
16:37:20.906 [main] DEBUG o.s.core.env.StandardEnvironment - Initialized StandardEnvironment with PropertySources [systemProperties,systemEnvironment]
16:37:20.907 [main] DEBUG o.s.c.i.s.PathMatchingResourcePatternResolver - Looking for matching resources in directory tree [/home/aluno/spring-projects/maven/spring-data-aerospike/target/test-classes/org/springframework/data/aerospike/repository]
16:37:20.907 [main] DEBUG o.s.c.i.s.PathMatchingResourcePatternResolver - Searching directory [/home/aluno/spring-projects/maven/spring-data-aerospike/target/test-classes/org/springframework/data/aerospike/repository] for files matching pattern [/home/aluno/spring-projects/maven/spring-data-aerospike/target/test-classes/org/springframework/data/aerospike/repository/**/*PersonRepositoryImpl.class]
16:37:20.907 [main] DEBUG o.s.c.i.s.PathMatchingResourcePatternResolver - Searching directory [/home/aluno/spring-projects/maven/spring-data-aerospike/target/test-classes/org/springframework/data/aerospike/repository/support] for files matching pattern [/home/aluno/spring-projects/maven/spring-data-aerospike/target/test-classes/org/springframework/data/aerospike/repository/**/*PersonRepositoryImpl.class]
16:37:20.907 [main] DEBUG o.s.c.i.s.PathMatchingResourcePatternResolver - Searching directory [/home/aluno/spring-projects/maven/spring-data-aerospike/target/test-classes/org/springframework/data/aerospike/repository/query] for files matching pattern [/home/aluno/spring-projects/maven/spring-data-aerospike/target/test-classes/org/springframework/data/aerospike/repository/**/*PersonRepositoryImpl.class]
16:37:20.907 [main] DEBUG o.s.c.i.s.PathMatchingResourcePatternResolver - Looking for matching resources in directory tree [/home/aluno/spring-projects/maven/spring-data-aerospike/target/classes/org/springframework/data/aerospike/repository]
16:37:20.907 [main] DEBUG o.s.c.i.s.PathMatchingResourcePatternResolver - Searching directory [/home/aluno/spring-projects/maven/spring-data-aerospike/target/classes/org/springframework/data/aerospike/repository] for files matching pattern [/home/aluno/spring-projects/maven/spring-data-aerospike/target/classes/org/springframework/data/aerospike/repository/**/*PersonRepositoryImpl.class]
16:37:20.907 [main] DEBUG o.s.c.i.s.PathMatchingResourcePatternResolver - Searching directory [/home/aluno/spring-projects/maven/spring-data-aerospike/target/classes/org/springframework/data/aerospike/repository/support] for files matching pattern [/home/aluno/spring-projects/maven/spring-data-aerospike/target/classes/org/springframework/data/aerospike/repository/**/*PersonRepositoryImpl.class]
16:37:20.907 [main] DEBUG o.s.c.i.s.PathMatchingResourcePatternResolver - Searching directory [/home/aluno/spring-projects/maven/spring-data-aerospike/target/classes/org/springframework/data/aerospike/repository/config] for files matching pattern [/home/aluno/spring-projects/maven/spring-data-aerospike/target/classes/org/springframework/data/aerospike/repository/**/*PersonRepositoryImpl.class]
16:37:20.907 [main] DEBUG o.s.c.i.s.PathMatchingResourcePatternResolver - Searching directory [/home/aluno/spring-projects/maven/spring-data-aerospike/target/classes/org/springframework/data/aerospike/repository/query] for files matching pattern [/home/aluno/spring-projects/maven/spring-data-aerospike/target/classes/org/springframework/data/aerospike/repository/**/*PersonRepositoryImpl.class]
16:37:20.907 [main] DEBUG o.s.c.i.s.PathMatchingResourcePatternResolver - Resolved location pattern [classpath*:org/springframework/data/aerospike/repository/**/*PersonRepositoryImpl.class] to resources []
16:37:20.907 [main] DEBUG o.s.d.r.c.RepositoryConfigurationDelegate - Spring Data Aerospike - Registering repository: personRepository - Interface: org.springframework.data.aerospike.repository.PersonRepository - Factory: org.springframework.data.keyvalue.repository.support.KeyValueRepositoryFactoryBean
16:37:20.908 [main] DEBUG o.s.c.a.ConfigurationClassEnhancer - Successfully enhanced org.springframework.data.aerospike.repository.TestConfigPerson; enhanced class name is: org.springframework.data.aerospike.repository.TestConfigPerson$$EnhancerBySpringCGLIB$$3f27a8da
16:37:20.908 [main] DEBUG o.s.c.a.ConfigurationClassPostProcessor - Replacing bean definition 'testConfigPerson' existing class name 'org.springframework.data.aerospike.repository.TestConfigPerson' with enhanced class name 'org.springframework.data.aerospike.repository.TestConfigPerson$$EnhancerBySpringCGLIB$$3f27a8da'
16:37:20.908 [main] DEBUG o.s.b.f.s.DefaultListableBeanFactory - Creating shared instance of singleton bean 'org.springframework.context.annotation.internalAutowiredAnnotationProcessor'
16:37:20.908 [main] DEBUG o.s.b.f.s.DefaultListableBeanFactory - Creating instance of bean 'org.springframework.context.annotation.internalAutowiredAnnotationProcessor'
16:37:20.909 [main] DEBUG o.s.b.f.s.DefaultListableBeanFactory - Eagerly caching bean 'org.springframework.context.annotation.internalAutowiredAnnotationProcessor' to allow for resolving potential circular references
16:37:20.909 [main] DEBUG o.s.b.f.s.DefaultListableBeanFactory - Finished creating instance of bean 'org.springframework.context.annotation.internalAutowiredAnnotationProcessor'
16:37:20.909 [main] DEBUG o.s.b.f.s.DefaultListableBeanFactory - Creating shared instance of singleton bean 'org.springframework.context.annotation.internalRequiredAnnotationProcessor'
16:37:20.909 [main] DEBUG o.s.b.f.s.DefaultListableBeanFactory - Creating instance of bean 'org.springframework.context.annotation.internalRequiredAnnotationProcessor'
16:37:20.909 [main] DEBUG o.s.b.f.s.DefaultListableBeanFactory - Eagerly caching bean 'org.springframework.context.annotation.internalRequiredAnnotationProcessor' to allow for resolving potential circular references
16:37:20.909 [main] DEBUG o.s.b.f.s.DefaultListableBeanFactory - Finished creating instance of bean 'org.springframework.context.annotation.internalRequiredAnnotationProcessor'
16:37:20.909 [main] DEBUG o.s.b.f.s.DefaultListableBeanFactory - Creating shared instance of singleton bean 'org.springframework.context.annotation.internalCommonAnnotationProcessor'
16:37:20.909 [main] DEBUG o.s.b.f.s.DefaultListableBeanFactory - Creating instance of bean 'org.springframework.context.annotation.internalCommonAnnotationProcessor'
16:37:20.909 [main] DEBUG o.s.b.f.s.DefaultListableBeanFactory - Eagerly caching bean 'org.springframework.context.annotation.internalCommonAnnotationProcessor' to allow for resolving potential circular references
16:37:20.909 [main] DEBUG o.s.b.f.s.DefaultListableBeanFactory - Finished creating instance of bean 'org.springframework.context.annotation.internalCommonAnnotationProcessor'
16:37:20.909 [main] DEBUG o.s.b.f.s.DefaultListableBeanFactory - Creating shared instance of singleton bean 'org.springframework.context.annotation.ConfigurationClassPostProcessor.importAwareProcessor'
16:37:20.909 [main] DEBUG o.s.b.f.s.DefaultListableBeanFactory - Creating instance of bean 'org.springframework.context.annotation.ConfigurationClassPostProcessor.importAwareProcessor'
16:37:20.909 [main] DEBUG o.s.b.f.s.DefaultListableBeanFactory - Eagerly caching bean 'org.springframework.context.annotation.ConfigurationClassPostProcessor.importAwareProcessor' to allow for resolving potential circular references
16:37:20.909 [main] DEBUG o.s.b.f.s.DefaultListableBeanFactory - Finished creating instance of bean 'org.springframework.context.annotation.ConfigurationClassPostProcessor.importAwareProcessor'
16:37:20.909 [main] DEBUG o.s.b.f.s.DefaultListableBeanFactory - Creating shared instance of singleton bean 'org.springframework.context.annotation.ConfigurationClassPostProcessor.enhancedConfigurationProcessor'
16:37:20.909 [main] DEBUG o.s.b.f.s.DefaultListableBeanFactory - Creating instance of bean 'org.springframework.context.annotation.ConfigurationClassPostProcessor.enhancedConfigurationProcessor'
16:37:20.909 [main] DEBUG o.s.b.f.s.DefaultListableBeanFactory - Eagerly caching bean 'org.springframework.context.annotation.ConfigurationClassPostProcessor.enhancedConfigurationProcessor' to allow for resolving potential circular references
16:37:20.909 [main] DEBUG o.s.b.f.s.DefaultListableBeanFactory - Finished creating instance of bean 'org.springframework.context.annotation.ConfigurationClassPostProcessor.enhancedConfigurationProcessor'
16:37:20.909 [main] DEBUG o.s.b.f.s.DefaultListableBeanFactory - Creating shared instance of singleton bean 'org.springframework.data.repository.core.support.RepositoryInterfaceAwareBeanPostProcessor'
16:37:20.909 [main] DEBUG o.s.b.f.s.DefaultListableBeanFactory - Creating instance of bean 'org.springframework.data.repository.core.support.RepositoryInterfaceAwareBeanPostProcessor'
16:37:20.909 [main] DEBUG o.s.b.f.s.DefaultListableBeanFactory - Eagerly caching bean 'org.springframework.data.repository.core.support.RepositoryInterfaceAwareBeanPostProcessor' to allow for resolving potential circular references
16:37:20.909 [main] DEBUG o.s.b.f.s.DefaultListableBeanFactory - Finished creating instance of bean 'org.springframework.data.repository.core.support.RepositoryInterfaceAwareBeanPostProcessor'
16:37:20.909 [main] DEBUG o.s.c.s.GenericApplicationContext - Unable to locate MessageSource with name 'messageSource': using default [org.springframework.context.support.DelegatingMessageSource@ea9e141]
16:37:20.909 [main] DEBUG o.s.c.s.GenericApplicationContext - Unable to locate ApplicationEventMulticaster with name 'applicationEventMulticaster': using default [org.springframework.context.event.SimpleApplicationEventMulticaster@1e54cb33]
16:37:20.909 [main] DEBUG o.s.b.f.s.DefaultListableBeanFactory - Pre-instantiating singletons in org.springframework.beans.factory.support.DefaultListableBeanFactory@e4d2696: defining beans [org.springframework.context.annotation.internalConfigurationAnnotationProcessor,org.springframework.context.annotation.internalAutowiredAnnotationProcessor,org.springframework.context.annotation.internalRequiredAnnotationProcessor,org.springframework.context.annotation.internalCommonAnnotationProcessor,testConfigPerson,org.springframework.context.annotation.ConfigurationClassPostProcessor.importAwareProcessor,org.springframework.context.annotation.ConfigurationClassPostProcessor.enhancedConfigurationProcessor,aerospikeTemplate,aerospikeClient,org.springframework.data.aerospike.repository.config.AerospikeRepositoriesRegistrar$AerospikeRepositoryConfigurationExtension#0,org.springframework.data.repository.core.support.RepositoryInterfaceAwareBeanPostProcessor,keyValueMappingContext,contactRepository,personRepository]; root of factory hierarchy
16:37:20.909 [main] DEBUG o.s.b.f.s.DefaultListableBeanFactory - Returning cached instance of singleton bean 'org.springframework.context.annotation.internalConfigurationAnnotationProcessor'
16:37:20.909 [main] DEBUG o.s.b.f.s.DefaultListableBeanFactory - Returning cached instance of singleton bean 'org.springframework.context.annotation.internalAutowiredAnnotationProcessor'
16:37:20.909 [main] DEBUG o.s.b.f.s.DefaultListableBeanFactory - Returning cached instance of singleton bean 'org.springframework.context.annotation.internalRequiredAnnotationProcessor'
16:37:20.909 [main] DEBUG o.s.b.f.s.DefaultListableBeanFactory - Returning cached instance of singleton bean 'org.springframework.context.annotation.internalCommonAnnotationProcessor'
16:37:20.909 [main] DEBUG o.s.b.f.s.DefaultListableBeanFactory - Creating shared instance of singleton bean 'testConfigPerson'
16:37:20.909 [main] DEBUG o.s.b.f.s.DefaultListableBeanFactory - Creating instance of bean 'testConfigPerson'
16:37:20.910 [main] DEBUG o.s.b.f.s.DefaultListableBeanFactory - Eagerly caching bean 'testConfigPerson' to allow for resolving potential circular references
16:37:20.910 [main] DEBUG o.s.b.f.s.DefaultListableBeanFactory - Finished creating instance of bean 'testConfigPerson'
16:37:20.910 [main] DEBUG o.s.b.f.s.DefaultListableBeanFactory - Returning cached instance of singleton bean 'org.springframework.context.annotation.ConfigurationClassPostProcessor.importAwareProcessor'
16:37:20.910 [main] DEBUG o.s.b.f.s.DefaultListableBeanFactory - Returning cached instance of singleton bean 'org.springframework.context.annotation.ConfigurationClassPostProcessor.enhancedConfigurationProcessor'
16:37:20.910 [main] DEBUG o.s.b.f.s.DefaultListableBeanFactory - Creating shared instance of singleton bean 'aerospikeTemplate'
16:37:20.910 [main] DEBUG o.s.b.f.s.DefaultListableBeanFactory - Creating instance of bean 'aerospikeTemplate'
16:37:20.910 [main] DEBUG o.s.b.f.s.DefaultListableBeanFactory - Returning cached instance of singleton bean 'testConfigPerson'
16:37:20.910 [main] DEBUG o.s.b.f.s.DefaultListableBeanFactory - Creating shared instance of singleton bean 'aerospikeClient'
16:37:20.910 [main] DEBUG o.s.b.f.s.DefaultListableBeanFactory - Creating instance of bean 'aerospikeClient'
16:37:20.910 [main] DEBUG o.s.b.f.s.DefaultListableBeanFactory - Returning cached instance of singleton bean 'testConfigPerson'
16:37:21.235 [main] INFO  o.s.d.a.r.q.AerospikeQueryCreator - AS:Add node BB98511CE0DC702 52.41.32.83:3000
16:37:21.398 [main] DEBUG o.s.d.a.r.q.AerospikeQueryCreator - AS:Node BB98511CE0DC702 52.41.32.83:3000 partition generation 1 changed.
16:37:21.731 [main] DEBUG o.s.d.a.r.q.AerospikeQueryCreator - AS:Add seed 52.41.32.83:3000
16:37:21.731 [main] DEBUG o.s.b.f.s.DefaultListableBeanFactory - Eagerly caching bean 'aerospikeClient' to allow for resolving potential circular references
16:37:21.731 [main] DEBUG o.s.b.f.s.DefaultListableBeanFactory - Finished creating instance of bean 'aerospikeClient'
16:37:24.736 [main] WARN  o.s.c.s.GenericApplicationContext - Exception encountered during context initialization - cancelling refresh attempt
org.springframework.beans.factory.BeanCreationException: Error creating bean with name 'aerospikeTemplate' defined in org.springframework.data.aerospike.repository.TestConfigPerson: Bean instantiation via factory method failed; nested exception is org.springframework.beans.BeanInstantiationException: Failed to instantiate [org.springframework.data.aerospike.core.AerospikeTemplate]: Factory method 'aerospikeTemplate' threw exception; nested exception is com.aerospike.helper.query.ClusterRefreshError: Cannot find UDF modules
	at org.springframework.beans.factory.support.ConstructorResolver.instantiateUsingFactoryMethod(ConstructorResolver.java:599) ~[spring-beans-4.1.7.RELEASE.jar:4.1.7.RELEASE]
	at org.springframework.beans.factory.support.AbstractAutowireCapableBeanFactory.instantiateUsingFactoryMethod(AbstractAutowireCapableBeanFactory.java:1119) ~[spring-beans-4.1.7.RELEASE.jar:4.1.7.RELEASE]
	at org.springframework.beans.factory.support.AbstractAutowireCapableBeanFactory.createBeanInstance(AbstractAutowireCapableBeanFactory.java:1014) ~[spring-beans-4.1.7.RELEASE.jar:4.1.7.RELEASE]
	at org.springframework.beans.factory.support.AbstractAutowireCapableBeanFactory.doCreateBean(AbstractAutowireCapableBeanFactory.java:504) ~[spring-beans-4.1.7.RELEASE.jar:4.1.7.RELEASE]
	at org.springframework.beans.factory.support.AbstractAutowireCapableBeanFactory.createBean(AbstractAutowireCapableBeanFactory.java:476) ~[spring-beans-4.1.7.RELEASE.jar:4.1.7.RELEASE]
	at org.springframework.beans.factory.support.AbstractBeanFactory$1.getObject(AbstractBeanFactory.java:303) ~[spring-beans-4.1.7.RELEASE.jar:4.1.7.RELEASE]
	at org.springframework.beans.factory.support.DefaultSingletonBeanRegistry.getSingleton(DefaultSingletonBeanRegistry.java:230) ~[spring-beans-4.1.7.RELEASE.jar:4.1.7.RELEASE]
	at org.springframework.beans.factory.support.AbstractBeanFactory.doGetBean(AbstractBeanFactory.java:299) ~[spring-beans-4.1.7.RELEASE.jar:4.1.7.RELEASE]
	at org.springframework.beans.factory.support.AbstractBeanFactory.getBean(AbstractBeanFactory.java:194) ~[spring-beans-4.1.7.RELEASE.jar:4.1.7.RELEASE]
	at org.springframework.beans.factory.support.DefaultListableBeanFactory.preInstantiateSingletons(DefaultListableBeanFactory.java:755) ~[spring-beans-4.1.7.RELEASE.jar:4.1.7.RELEASE]
	at org.springframework.context.support.AbstractApplicationContext.finishBeanFactoryInitialization(AbstractApplicationContext.java:757) ~[spring-context-4.1.7.RELEASE.jar:4.1.7.RELEASE]
	at org.springframework.context.support.AbstractApplicationContext.refresh(AbstractApplicationContext.java:480) ~[spring-context-4.1.7.RELEASE.jar:4.1.7.RELEASE]
	at org.springframework.test.context.support.AbstractGenericContextLoader.loadContext(AbstractGenericContextLoader.java:125) [spring-test-4.1.7.RELEASE.jar:4.1.7.RELEASE]
	at org.springframework.test.context.support.AbstractGenericContextLoader.loadContext(AbstractGenericContextLoader.java:60) [spring-test-4.1.7.RELEASE.jar:4.1.7.RELEASE]
	at org.springframework.test.context.support.AbstractDelegatingSmartContextLoader.delegateLoading(AbstractDelegatingSmartContextLoader.java:109) [spring-test-4.1.7.RELEASE.jar:4.1.7.RELEASE]
	at org.springframework.test.context.support.AbstractDelegatingSmartContextLoader.loadContext(AbstractDelegatingSmartContextLoader.java:261) [spring-test-4.1.7.RELEASE.jar:4.1.7.RELEASE]
	at org.springframework.test.context.DefaultCacheAwareContextLoaderDelegate.loadContextInternal(DefaultCacheAwareContextLoaderDelegate.java:68) [spring-test-4.1.7.RELEASE.jar:4.1.7.RELEASE]
	at org.springframework.test.context.DefaultCacheAwareContextLoaderDelegate.loadContext(DefaultCacheAwareContextLoaderDelegate.java:86) [spring-test-4.1.7.RELEASE.jar:4.1.7.RELEASE]
	at org.springframework.test.context.DefaultTestContext.getApplicationContext(DefaultTestContext.java:72) [spring-test-4.1.7.RELEASE.jar:4.1.7.RELEASE]
	at org.springframework.test.context.support.DependencyInjectionTestExecutionListener.injectDependencies(DependencyInjectionTestExecutionListener.java:117) [spring-test-4.1.7.RELEASE.jar:4.1.7.RELEASE]
	at org.springframework.test.context.support.DependencyInjectionTestExecutionListener.prepareTestInstance(DependencyInjectionTestExecutionListener.java:83) [spring-test-4.1.7.RELEASE.jar:4.1.7.RELEASE]
	at org.springframework.test.context.TestContextManager.prepareTestInstance(TestContextManager.java:212) [spring-test-4.1.7.RELEASE.jar:4.1.7.RELEASE]
	at org.springframework.test.context.junit4.SpringJUnit4ClassRunner.createTest(SpringJUnit4ClassRunner.java:200) [spring-test-4.1.7.RELEASE.jar:4.1.7.RELEASE]
	at org.springframework.test.context.junit4.SpringJUnit4ClassRunner$1.runReflectiveCall(SpringJUnit4ClassRunner.java:259) [spring-test-4.1.7.RELEASE.jar:4.1.7.RELEASE]
	at org.junit.internal.runners.model.ReflectiveCallable.run(ReflectiveCallable.java:12) [junit-4.12.jar:4.12]
	at org.springframework.test.context.junit4.SpringJUnit4ClassRunner.methodBlock(SpringJUnit4ClassRunner.java:261) [spring-test-4.1.7.RELEASE.jar:4.1.7.RELEASE]
	at org.springframework.test.context.junit4.SpringJUnit4ClassRunner.runChild(SpringJUnit4ClassRunner.java:219) [spring-test-4.1.7.RELEASE.jar:4.1.7.RELEASE]
	at org.springframework.test.context.junit4.SpringJUnit4ClassRunner.runChild(SpringJUnit4ClassRunner.java:83) [spring-test-4.1.7.RELEASE.jar:4.1.7.RELEASE]
	at org.junit.runners.ParentRunner$3.run(ParentRunner.java:290) [junit-4.12.jar:4.12]
	at org.junit.runners.ParentRunner$1.schedule(ParentRunner.java:71) [junit-4.12.jar:4.12]
	at org.junit.runners.ParentRunner.runChildren(ParentRunner.java:288) [junit-4.12.jar:4.12]
	at org.junit.runners.ParentRunner.access$000(ParentRunner.java:58) [junit-4.12.jar:4.12]
	at org.junit.runners.ParentRunner$2.evaluate(ParentRunner.java:268) [junit-4.12.jar:4.12]
	at org.springframework.test.context.junit4.statements.RunBeforeTestClassCallbacks.evaluate(RunBeforeTestClassCallbacks.java:61) [spring-test-4.1.7.RELEASE.jar:4.1.7.RELEASE]
	at org.springframework.test.context.junit4.statements.RunAfterTestClassCallbacks.evaluate(RunAfterTestClassCallbacks.java:68) [spring-test-4.1.7.RELEASE.jar:4.1.7.RELEASE]
	at org.junit.runners.ParentRunner.run(ParentRunner.java:363) [junit-4.12.jar:4.12]
	at org.springframework.test.context.junit4.SpringJUnit4ClassRunner.run(SpringJUnit4ClassRunner.java:163) [spring-test-4.1.7.RELEASE.jar:4.1.7.RELEASE]
	at org.junit.runners.Suite.runChild(Suite.java:128) [junit-4.12.jar:4.12]
	at org.junit.runners.Suite.runChild(Suite.java:27) [junit-4.12.jar:4.12]
	at org.junit.runners.ParentRunner$3.run(ParentRunner.java:290) [junit-4.12.jar:4.12]
	at org.junit.runners.ParentRunner$1.schedule(ParentRunner.java:71) [junit-4.12.jar:4.12]
	at org.junit.runners.ParentRunner.runChildren(ParentRunner.java:288) [junit-4.12.jar:4.12]
	at org.junit.runners.ParentRunner.access$000(ParentRunner.java:58) [junit-4.12.jar:4.12]
	at org.junit.runners.ParentRunner$2.evaluate(ParentRunner.java:268) [junit-4.12.jar:4.12]
	at org.junit.runners.ParentRunner.run(ParentRunner.java:363) [junit-4.12.jar:4.12]
	at org.apache.maven.surefire.junit4.JUnit4Provider.execute(JUnit4Provider.java:283) [surefire-junit4-2.18.1.jar:2.18.1]
	at org.apache.maven.surefire.junit4.JUnit4Provider.executeWithRerun(JUnit4Provider.java:173) [surefire-junit4-2.18.1.jar:2.18.1]
	at org.apache.maven.surefire.junit4.JUnit4Provider.executeTestSet(JUnit4Provider.java:153) [surefire-junit4-2.18.1.jar:2.18.1]
	at org.apache.maven.surefire.junit4.JUnit4Provider.invoke(JUnit4Provider.java:128) [surefire-junit4-2.18.1.jar:2.18.1]
	at org.apache.maven.surefire.booter.ForkedBooter.invokeProviderInSameClassLoader(ForkedBooter.java:203) [surefire-booter-2.18.1.jar:2.18.1]
	at org.apache.maven.surefire.booter.ForkedBooter.runSuitesInProcess(ForkedBooter.java:155) [surefire-booter-2.18.1.jar:2.18.1]
	at org.apache.maven.surefire.booter.ForkedBooter.main(ForkedBooter.java:103) [surefire-booter-2.18.1.jar:2.18.1]
Caused by: org.springframework.beans.BeanInstantiationException: Failed to instantiate [org.springframework.data.aerospike.core.AerospikeTemplate]: Factory method 'aerospikeTemplate' threw exception; nested exception is com.aerospike.helper.query.ClusterRefreshError: Cannot find UDF modules
	at org.springframework.beans.factory.support.SimpleInstantiationStrategy.instantiate(SimpleInstantiationStrategy.java:189) ~[spring-beans-4.1.7.RELEASE.jar:4.1.7.RELEASE]
	at org.springframework.beans.factory.support.ConstructorResolver.instantiateUsingFactoryMethod(ConstructorResolver.java:588) ~[spring-beans-4.1.7.RELEASE.jar:4.1.7.RELEASE]
	... 51 common frames omitted
Caused by: com.aerospike.helper.query.ClusterRefreshError: Cannot find UDF modules
	at com.aerospike.helper.query.QueryEngine.refreshModules(QueryEngine.java:678) ~[classes/:na]
	at com.aerospike.helper.query.QueryEngine.refreshCluster(QueryEngine.java:536) ~[classes/:na]
	at com.aerospike.helper.query.QueryEngine.setClient(QueryEngine.java:129) ~[classes/:na]
	at com.aerospike.helper.query.QueryEngine.<init>(QueryEngine.java:110) ~[classes/:na]
	at org.springframework.data.aerospike.core.AerospikeTemplate.<init>(AerospikeTemplate.java:132) ~[classes/:na]
	at org.springframework.data.aerospike.repository.TestConfigPerson.aerospikeTemplate(TestConfigPerson.java:38) ~[test-classes/:na]
	at org.springframework.data.aerospike.repository.TestConfigPerson$$EnhancerBySpringCGLIB$$3f27a8da.CGLIB$aerospikeTemplate$0(<generated>) ~[spring-core-4.1.7.RELEASE.jar:na]
	at org.springframework.data.aerospike.repository.TestConfigPerson$$EnhancerBySpringCGLIB$$3f27a8da$$FastClassBySpringCGLIB$$38965c5e.invoke(<generated>) ~[spring-core-4.1.7.RELEASE.jar:na]
	at org.springframework.cglib.proxy.MethodProxy.invokeSuper(MethodProxy.java:228) ~[spring-core-4.1.7.RELEASE.jar:4.1.7.RELEASE]
	at org.springframework.context.annotation.ConfigurationClassEnhancer$BeanMethodInterceptor.intercept(ConfigurationClassEnhancer.java:309) ~[spring-context-4.1.7.RELEASE.jar:4.1.7.RELEASE]
	at org.springframework.data.aerospike.repository.TestConfigPerson$$EnhancerBySpringCGLIB$$3f27a8da.aerospikeTemplate(<generated>) ~[spring-core-4.1.7.RELEASE.jar:na]
	at sun.reflect.NativeMethodAccessorImpl.invoke0(Native Method) ~[na:1.8.0_91]
	at sun.reflect.NativeMethodAccessorImpl.invoke(NativeMethodAccessorImpl.java:62) ~[na:1.8.0_91]
	at sun.reflect.DelegatingMethodAccessorImpl.invoke(DelegatingMethodAccessorImpl.java:43) ~[na:1.8.0_91]
	at java.lang.reflect.Method.invoke(Method.java:498) ~[na:1.8.0_91]
	at org.springframework.beans.factory.support.SimpleInstantiationStrategy.instantiate(SimpleInstantiationStrategy.java:162) ~[spring-beans-4.1.7.RELEASE.jar:4.1.7.RELEASE]
	... 52 common frames omitted
16:37:24.736 [main] DEBUG o.s.b.f.s.DefaultListableBeanFactory - Destroying singletons in org.springframework.beans.factory.support.DefaultListableBeanFactory@e4d2696: defining beans [org.springframework.context.annotation.internalConfigurationAnnotationProcessor,org.springframework.context.annotation.internalAutowiredAnnotationProcessor,org.springframework.context.annotation.internalRequiredAnnotationProcessor,org.springframework.context.annotation.internalCommonAnnotationProcessor,testConfigPerson,org.springframework.context.annotation.ConfigurationClassPostProcessor.importAwareProcessor,org.springframework.context.annotation.ConfigurationClassPostProcessor.enhancedConfigurationProcessor,aerospikeTemplate,aerospikeClient,org.springframework.data.aerospike.repository.config.AerospikeRepositoriesRegistrar$AerospikeRepositoryConfigurationExtension#0,org.springframework.data.repository.core.support.RepositoryInterfaceAwareBeanPostProcessor,keyValueMappingContext,contactRepository,personRepository]; root of factory hierarchy
16:37:24.736 [main] DEBUG o.s.b.f.s.DisposableBeanAdapter - Invoking destroy method 'close' on bean with name 'aerospikeClient'
16:37:24.737 [main] ERROR o.s.test.context.TestContextManager - Caught exception while allowing TestExecutionListener [org.springframework.test.context.support.DependencyInjectionTestExecutionListener@48e7b3d2] to prepare test instance [org.springframework.data.aerospike.repository.PersonRepositoryIntegrationTests@109d724c]
java.lang.IllegalStateException: Failed to load ApplicationContext
	at org.springframework.test.context.DefaultCacheAwareContextLoaderDelegate.loadContext(DefaultCacheAwareContextLoaderDelegate.java:94) ~[spring-test-4.1.7.RELEASE.jar:4.1.7.RELEASE]
	at org.springframework.test.context.DefaultTestContext.getApplicationContext(DefaultTestContext.java:72) ~[spring-test-4.1.7.RELEASE.jar:4.1.7.RELEASE]
	at org.springframework.test.context.support.DependencyInjectionTestExecutionListener.injectDependencies(DependencyInjectionTestExecutionListener.java:117) ~[spring-test-4.1.7.RELEASE.jar:4.1.7.RELEASE]
	at org.springframework.test.context.support.DependencyInjectionTestExecutionListener.prepareTestInstance(DependencyInjectionTestExecutionListener.java:83) ~[spring-test-4.1.7.RELEASE.jar:4.1.7.RELEASE]
	at org.springframework.test.context.TestContextManager.prepareTestInstance(TestContextManager.java:212) ~[spring-test-4.1.7.RELEASE.jar:4.1.7.RELEASE]
	at org.springframework.test.context.junit4.SpringJUnit4ClassRunner.createTest(SpringJUnit4ClassRunner.java:200) [spring-test-4.1.7.RELEASE.jar:4.1.7.RELEASE]
	at org.springframework.test.context.junit4.SpringJUnit4ClassRunner$1.runReflectiveCall(SpringJUnit4ClassRunner.java:259) [spring-test-4.1.7.RELEASE.jar:4.1.7.RELEASE]
	at org.junit.internal.runners.model.ReflectiveCallable.run(ReflectiveCallable.java:12) [junit-4.12.jar:4.12]
	at org.springframework.test.context.junit4.SpringJUnit4ClassRunner.methodBlock(SpringJUnit4ClassRunner.java:261) [spring-test-4.1.7.RELEASE.jar:4.1.7.RELEASE]
	at org.springframework.test.context.junit4.SpringJUnit4ClassRunner.runChild(SpringJUnit4ClassRunner.java:219) [spring-test-4.1.7.RELEASE.jar:4.1.7.RELEASE]
	at org.springframework.test.context.junit4.SpringJUnit4ClassRunner.runChild(SpringJUnit4ClassRunner.java:83) [spring-test-4.1.7.RELEASE.jar:4.1.7.RELEASE]
	at org.junit.runners.ParentRunner$3.run(ParentRunner.java:290) [junit-4.12.jar:4.12]
	at org.junit.runners.ParentRunner$1.schedule(ParentRunner.java:71) [junit-4.12.jar:4.12]
	at org.junit.runners.ParentRunner.runChildren(ParentRunner.java:288) [junit-4.12.jar:4.12]
	at org.junit.runners.ParentRunner.access$000(ParentRunner.java:58) [junit-4.12.jar:4.12]
	at org.junit.runners.ParentRunner$2.evaluate(ParentRunner.java:268) [junit-4.12.jar:4.12]
	at org.springframework.test.context.junit4.statements.RunBeforeTestClassCallbacks.evaluate(RunBeforeTestClassCallbacks.java:61) [spring-test-4.1.7.RELEASE.jar:4.1.7.RELEASE]
	at org.springframework.test.context.junit4.statements.RunAfterTestClassCallbacks.evaluate(RunAfterTestClassCallbacks.java:68) [spring-test-4.1.7.RELEASE.jar:4.1.7.RELEASE]
	at org.junit.runners.ParentRunner.run(ParentRunner.java:363) [junit-4.12.jar:4.12]
	at org.springframework.test.context.junit4.SpringJUnit4ClassRunner.run(SpringJUnit4ClassRunner.java:163) [spring-test-4.1.7.RELEASE.jar:4.1.7.RELEASE]
	at org.junit.runners.Suite.runChild(Suite.java:128) [junit-4.12.jar:4.12]
	at org.junit.runners.Suite.runChild(Suite.java:27) [junit-4.12.jar:4.12]
	at org.junit.runners.ParentRunner$3.run(ParentRunner.java:290) [junit-4.12.jar:4.12]
	at org.junit.runners.ParentRunner$1.schedule(ParentRunner.java:71) [junit-4.12.jar:4.12]
	at org.junit.runners.ParentRunner.runChildren(ParentRunner.java:288) [junit-4.12.jar:4.12]
	at org.junit.runners.ParentRunner.access$000(ParentRunner.java:58) [junit-4.12.jar:4.12]
	at org.junit.runners.ParentRunner$2.evaluate(ParentRunner.java:268) [junit-4.12.jar:4.12]
	at org.junit.runners.ParentRunner.run(ParentRunner.java:363) [junit-4.12.jar:4.12]
	at org.apache.maven.surefire.junit4.JUnit4Provider.execute(JUnit4Provider.java:283) [surefire-junit4-2.18.1.jar:2.18.1]
	at org.apache.maven.surefire.junit4.JUnit4Provider.executeWithRerun(JUnit4Provider.java:173) [surefire-junit4-2.18.1.jar:2.18.1]
	at org.apache.maven.surefire.junit4.JUnit4Provider.executeTestSet(JUnit4Provider.java:153) [surefire-junit4-2.18.1.jar:2.18.1]
	at org.apache.maven.surefire.junit4.JUnit4Provider.invoke(JUnit4Provider.java:128) [surefire-junit4-2.18.1.jar:2.18.1]
	at org.apache.maven.surefire.booter.ForkedBooter.invokeProviderInSameClassLoader(ForkedBooter.java:203) [surefire-booter-2.18.1.jar:2.18.1]
	at org.apache.maven.surefire.booter.ForkedBooter.runSuitesInProcess(ForkedBooter.java:155) [surefire-booter-2.18.1.jar:2.18.1]
	at org.apache.maven.surefire.booter.ForkedBooter.main(ForkedBooter.java:103) [surefire-booter-2.18.1.jar:2.18.1]
Caused by: org.springframework.beans.factory.BeanCreationException: Error creating bean with name 'aerospikeTemplate' defined in org.springframework.data.aerospike.repository.TestConfigPerson: Bean instantiation via factory method failed; nested exception is org.springframework.beans.BeanInstantiationException: Failed to instantiate [org.springframework.data.aerospike.core.AerospikeTemplate]: Factory method 'aerospikeTemplate' threw exception; nested exception is com.aerospike.helper.query.ClusterRefreshError: Cannot find UDF modules
	at org.springframework.beans.factory.support.ConstructorResolver.instantiateUsingFactoryMethod(ConstructorResolver.java:599) ~[spring-beans-4.1.7.RELEASE.jar:4.1.7.RELEASE]
	at org.springframework.beans.factory.support.AbstractAutowireCapableBeanFactory.instantiateUsingFactoryMethod(AbstractAutowireCapableBeanFactory.java:1119) ~[spring-beans-4.1.7.RELEASE.jar:4.1.7.RELEASE]
	at org.springframework.beans.factory.support.AbstractAutowireCapableBeanFactory.createBeanInstance(AbstractAutowireCapableBeanFactory.java:1014) ~[spring-beans-4.1.7.RELEASE.jar:4.1.7.RELEASE]
	at org.springframework.beans.factory.support.AbstractAutowireCapableBeanFactory.doCreateBean(AbstractAutowireCapableBeanFactory.java:504) ~[spring-beans-4.1.7.RELEASE.jar:4.1.7.RELEASE]
	at org.springframework.beans.factory.support.AbstractAutowireCapableBeanFactory.createBean(AbstractAutowireCapableBeanFactory.java:476) ~[spring-beans-4.1.7.RELEASE.jar:4.1.7.RELEASE]
	at org.springframework.beans.factory.support.AbstractBeanFactory$1.getObject(AbstractBeanFactory.java:303) ~[spring-beans-4.1.7.RELEASE.jar:4.1.7.RELEASE]
	at org.springframework.beans.factory.support.DefaultSingletonBeanRegistry.getSingleton(DefaultSingletonBeanRegistry.java:230) ~[spring-beans-4.1.7.RELEASE.jar:4.1.7.RELEASE]
	at org.springframework.beans.factory.support.AbstractBeanFactory.doGetBean(AbstractBeanFactory.java:299) ~[spring-beans-4.1.7.RELEASE.jar:4.1.7.RELEASE]
	at org.springframework.beans.factory.support.AbstractBeanFactory.getBean(AbstractBeanFactory.java:194) ~[spring-beans-4.1.7.RELEASE.jar:4.1.7.RELEASE]
	at org.springframework.beans.factory.support.DefaultListableBeanFactory.preInstantiateSingletons(DefaultListableBeanFactory.java:755) ~[spring-beans-4.1.7.RELEASE.jar:4.1.7.RELEASE]
	at org.springframework.context.support.AbstractApplicationContext.finishBeanFactoryInitialization(AbstractApplicationContext.java:757) ~[spring-context-4.1.7.RELEASE.jar:4.1.7.RELEASE]
	at org.springframework.context.support.AbstractApplicationContext.refresh(AbstractApplicationContext.java:480) ~[spring-context-4.1.7.RELEASE.jar:4.1.7.RELEASE]
	at org.springframework.test.context.support.AbstractGenericContextLoader.loadContext(AbstractGenericContextLoader.java:125) ~[spring-test-4.1.7.RELEASE.jar:4.1.7.RELEASE]
	at org.springframework.test.context.support.AbstractGenericContextLoader.loadContext(AbstractGenericContextLoader.java:60) ~[spring-test-4.1.7.RELEASE.jar:4.1.7.RELEASE]
	at org.springframework.test.context.support.AbstractDelegatingSmartContextLoader.delegateLoading(AbstractDelegatingSmartContextLoader.java:109) ~[spring-test-4.1.7.RELEASE.jar:4.1.7.RELEASE]
	at org.springframework.test.context.support.AbstractDelegatingSmartContextLoader.loadContext(AbstractDelegatingSmartContextLoader.java:261) ~[spring-test-4.1.7.RELEASE.jar:4.1.7.RELEASE]
	at org.springframework.test.context.DefaultCacheAwareContextLoaderDelegate.loadContextInternal(DefaultCacheAwareContextLoaderDelegate.java:68) ~[spring-test-4.1.7.RELEASE.jar:4.1.7.RELEASE]
	at org.springframework.test.context.DefaultCacheAwareContextLoaderDelegate.loadContext(DefaultCacheAwareContextLoaderDelegate.java:86) ~[spring-test-4.1.7.RELEASE.jar:4.1.7.RELEASE]
	... 34 common frames omitted
Caused by: org.springframework.beans.BeanInstantiationException: Failed to instantiate [org.springframework.data.aerospike.core.AerospikeTemplate]: Factory method 'aerospikeTemplate' threw exception; nested exception is com.aerospike.helper.query.ClusterRefreshError: Cannot find UDF modules
	at org.springframework.beans.factory.support.SimpleInstantiationStrategy.instantiate(SimpleInstantiationStrategy.java:189) ~[spring-beans-4.1.7.RELEASE.jar:4.1.7.RELEASE]
	at org.springframework.beans.factory.support.ConstructorResolver.instantiateUsingFactoryMethod(ConstructorResolver.java:588) ~[spring-beans-4.1.7.RELEASE.jar:4.1.7.RELEASE]
	... 51 common frames omitted
Caused by: com.aerospike.helper.query.ClusterRefreshError: Cannot find UDF modules
	at com.aerospike.helper.query.QueryEngine.refreshModules(QueryEngine.java:678) ~[classes/:na]
	at com.aerospike.helper.query.QueryEngine.refreshCluster(QueryEngine.java:536) ~[classes/:na]
	at com.aerospike.helper.query.QueryEngine.setClient(QueryEngine.java:129) ~[classes/:na]
	at com.aerospike.helper.query.QueryEngine.<init>(QueryEngine.java:110) ~[classes/:na]
	at org.springframework.data.aerospike.core.AerospikeTemplate.<init>(AerospikeTemplate.java:132) ~[classes/:na]
	at org.springframework.data.aerospike.repository.TestConfigPerson.aerospikeTemplate(TestConfigPerson.java:38) ~[test-classes/:na]
	at org.springframework.data.aerospike.repository.TestConfigPerson$$EnhancerBySpringCGLIB$$3f27a8da.CGLIB$aerospikeTemplate$0(<generated>) ~[spring-core-4.1.7.RELEASE.jar:na]
	at org.springframework.data.aerospike.repository.TestConfigPerson$$EnhancerBySpringCGLIB$$3f27a8da$$FastClassBySpringCGLIB$$38965c5e.invoke(<generated>) ~[spring-core-4.1.7.RELEASE.jar:na]
	at org.springframework.cglib.proxy.MethodProxy.invokeSuper(MethodProxy.java:228) ~[spring-core-4.1.7.RELEASE.jar:4.1.7.RELEASE]
	at org.springframework.context.annotation.ConfigurationClassEnhancer$BeanMethodInterceptor.intercept(ConfigurationClassEnhancer.java:309) ~[spring-context-4.1.7.RELEASE.jar:4.1.7.RELEASE]
	at org.springframework.data.aerospike.repository.TestConfigPerson$$EnhancerBySpringCGLIB$$3f27a8da.aerospikeTemplate(<generated>) ~[spring-core-4.1.7.RELEASE.jar:na]
	at sun.reflect.NativeMethodAccessorImpl.invoke0(Native Method) ~[na:1.8.0_91]
	at sun.reflect.NativeMethodAccessorImpl.invoke(NativeMethodAccessorImpl.java:62) ~[na:1.8.0_91]
	at sun.reflect.DelegatingMethodAccessorImpl.invoke(DelegatingMethodAccessorImpl.java:43) ~[na:1.8.0_91]
	at java.lang.reflect.Method.invoke(Method.java:498) ~[na:1.8.0_91]
	at org.springframework.beans.factory.support.SimpleInstantiationStrategy.instantiate(SimpleInstantiationStrategy.java:162) ~[spring-beans-4.1.7.RELEASE.jar:4.1.7.RELEASE]
	... 52 common frames omitted
]]></system-out>
  </testcase>
  <testcase name="deletesPersonByIdCorrectly" classname="org.springframework.data.aerospike.repository.PersonRepositoryIntegrationTests" time="0.024">
    <error message="Failed to load ApplicationContext" type="java.lang.IllegalStateException"><![CDATA[java.lang.IllegalStateException: Failed to load ApplicationContext
	at org.springframework.test.context.DefaultCacheAwareContextLoaderDelegate.loadContext(DefaultCacheAwareContextLoaderDelegate.java:94)
	at org.springframework.test.context.DefaultTestContext.getApplicationContext(DefaultTestContext.java:72)
	at org.springframework.test.context.support.DependencyInjectionTestExecutionListener.injectDependencies(DependencyInjectionTestExecutionListener.java:117)
	at org.springframework.test.context.support.DependencyInjectionTestExecutionListener.prepareTestInstance(DependencyInjectionTestExecutionListener.java:83)
	at org.springframework.test.context.TestContextManager.prepareTestInstance(TestContextManager.java:212)
	at org.springframework.test.context.junit4.SpringJUnit4ClassRunner.createTest(SpringJUnit4ClassRunner.java:200)
	at org.springframework.test.context.junit4.SpringJUnit4ClassRunner$1.runReflectiveCall(SpringJUnit4ClassRunner.java:259)
	at org.junit.internal.runners.model.ReflectiveCallable.run(ReflectiveCallable.java:12)
	at org.springframework.test.context.junit4.SpringJUnit4ClassRunner.methodBlock(SpringJUnit4ClassRunner.java:261)
	at org.springframework.test.context.junit4.SpringJUnit4ClassRunner.runChild(SpringJUnit4ClassRunner.java:219)
	at org.springframework.test.context.junit4.SpringJUnit4ClassRunner.runChild(SpringJUnit4ClassRunner.java:83)
	at org.junit.runners.ParentRunner$3.run(ParentRunner.java:290)
	at org.junit.runners.ParentRunner$1.schedule(ParentRunner.java:71)
	at org.junit.runners.ParentRunner.runChildren(ParentRunner.java:288)
	at org.junit.runners.ParentRunner.access$000(ParentRunner.java:58)
	at org.junit.runners.ParentRunner$2.evaluate(ParentRunner.java:268)
	at org.springframework.test.context.junit4.statements.RunBeforeTestClassCallbacks.evaluate(RunBeforeTestClassCallbacks.java:61)
	at org.springframework.test.context.junit4.statements.RunAfterTestClassCallbacks.evaluate(RunAfterTestClassCallbacks.java:68)
	at org.junit.runners.ParentRunner.run(ParentRunner.java:363)
	at org.springframework.test.context.junit4.SpringJUnit4ClassRunner.run(SpringJUnit4ClassRunner.java:163)
	at org.junit.runners.Suite.runChild(Suite.java:128)
	at org.junit.runners.Suite.runChild(Suite.java:27)
	at org.junit.runners.ParentRunner$3.run(ParentRunner.java:290)
	at org.junit.runners.ParentRunner$1.schedule(ParentRunner.java:71)
	at org.junit.runners.ParentRunner.runChildren(ParentRunner.java:288)
	at org.junit.runners.ParentRunner.access$000(ParentRunner.java:58)
	at org.junit.runners.ParentRunner$2.evaluate(ParentRunner.java:268)
	at org.junit.runners.ParentRunner.run(ParentRunner.java:363)
	at org.apache.maven.surefire.junit4.JUnit4Provider.execute(JUnit4Provider.java:283)
	at org.apache.maven.surefire.junit4.JUnit4Provider.executeWithRerun(JUnit4Provider.java:173)
	at org.apache.maven.surefire.junit4.JUnit4Provider.executeTestSet(JUnit4Provider.java:153)
	at org.apache.maven.surefire.junit4.JUnit4Provider.invoke(JUnit4Provider.java:128)
	at org.apache.maven.surefire.booter.ForkedBooter.invokeProviderInSameClassLoader(ForkedBooter.java:203)
	at org.apache.maven.surefire.booter.ForkedBooter.runSuitesInProcess(ForkedBooter.java:155)
	at org.apache.maven.surefire.booter.ForkedBooter.main(ForkedBooter.java:103)
Caused by: org.springframework.beans.factory.BeanCreationException: Error creating bean with name 'aerospikeTemplate' defined in org.springframework.data.aerospike.repository.TestConfigPerson: Bean instantiation via factory method failed; nested exception is org.springframework.beans.BeanInstantiationException: Failed to instantiate [org.springframework.data.aerospike.core.AerospikeTemplate]: Factory method 'aerospikeTemplate' threw exception; nested exception is org.springframework.beans.factory.BeanCreationException: Error creating bean with name 'aerospikeClient' defined in org.springframework.data.aerospike.repository.TestConfigPerson: Bean instantiation via factory method failed; nested exception is org.springframework.beans.BeanInstantiationException: Failed to instantiate [com.aerospike.client.AerospikeClient]: Factory method 'aerospikeClient' threw exception; nested exception is com.aerospike.client.AerospikeException$Connection: Error Code 11: Failed to connect to host(s): 
52.41.32.83:3000 Error Code 11: java.net.SocketTimeoutException: connect timed out

	at org.springframework.beans.factory.support.ConstructorResolver.instantiateUsingFactoryMethod(ConstructorResolver.java:599)
	at org.springframework.beans.factory.support.AbstractAutowireCapableBeanFactory.instantiateUsingFactoryMethod(AbstractAutowireCapableBeanFactory.java:1119)
	at org.springframework.beans.factory.support.AbstractAutowireCapableBeanFactory.createBeanInstance(AbstractAutowireCapableBeanFactory.java:1014)
	at org.springframework.beans.factory.support.AbstractAutowireCapableBeanFactory.doCreateBean(AbstractAutowireCapableBeanFactory.java:504)
	at org.springframework.beans.factory.support.AbstractAutowireCapableBeanFactory.createBean(AbstractAutowireCapableBeanFactory.java:476)
	at org.springframework.beans.factory.support.AbstractBeanFactory$1.getObject(AbstractBeanFactory.java:303)
	at org.springframework.beans.factory.support.DefaultSingletonBeanRegistry.getSingleton(DefaultSingletonBeanRegistry.java:230)
	at org.springframework.beans.factory.support.AbstractBeanFactory.doGetBean(AbstractBeanFactory.java:299)
	at org.springframework.beans.factory.support.AbstractBeanFactory.getBean(AbstractBeanFactory.java:194)
	at org.springframework.beans.factory.support.DefaultListableBeanFactory.preInstantiateSingletons(DefaultListableBeanFactory.java:755)
	at org.springframework.context.support.AbstractApplicationContext.finishBeanFactoryInitialization(AbstractApplicationContext.java:757)
	at org.springframework.context.support.AbstractApplicationContext.refresh(AbstractApplicationContext.java:480)
	at org.springframework.test.context.support.AbstractGenericContextLoader.loadContext(AbstractGenericContextLoader.java:125)
	at org.springframework.test.context.support.AbstractGenericContextLoader.loadContext(AbstractGenericContextLoader.java:60)
	at org.springframework.test.context.support.AbstractDelegatingSmartContextLoader.delegateLoading(AbstractDelegatingSmartContextLoader.java:109)
	at org.springframework.test.context.support.AbstractDelegatingSmartContextLoader.loadContext(AbstractDelegatingSmartContextLoader.java:261)
	at org.springframework.test.context.DefaultCacheAwareContextLoaderDelegate.loadContextInternal(DefaultCacheAwareContextLoaderDelegate.java:68)
	at org.springframework.test.context.DefaultCacheAwareContextLoaderDelegate.loadContext(DefaultCacheAwareContextLoaderDelegate.java:86)
	at org.springframework.test.context.DefaultTestContext.getApplicationContext(DefaultTestContext.java:72)
	at org.springframework.test.context.support.DependencyInjectionTestExecutionListener.injectDependencies(DependencyInjectionTestExecutionListener.java:117)
	at org.springframework.test.context.support.DependencyInjectionTestExecutionListener.prepareTestInstance(DependencyInjectionTestExecutionListener.java:83)
	at org.springframework.test.context.TestContextManager.prepareTestInstance(TestContextManager.java:212)
	at org.springframework.test.context.junit4.SpringJUnit4ClassRunner.createTest(SpringJUnit4ClassRunner.java:200)
	at org.springframework.test.context.junit4.SpringJUnit4ClassRunner$1.runReflectiveCall(SpringJUnit4ClassRunner.java:259)
	at org.junit.internal.runners.model.ReflectiveCallable.run(ReflectiveCallable.java:12)
	at org.springframework.test.context.junit4.SpringJUnit4ClassRunner.methodBlock(SpringJUnit4ClassRunner.java:261)
	at org.springframework.test.context.junit4.SpringJUnit4ClassRunner.runChild(SpringJUnit4ClassRunner.java:219)
	at org.springframework.test.context.junit4.SpringJUnit4ClassRunner.runChild(SpringJUnit4ClassRunner.java:83)
	at org.junit.runners.ParentRunner$3.run(ParentRunner.java:290)
	at org.junit.runners.ParentRunner$1.schedule(ParentRunner.java:71)
	at org.junit.runners.ParentRunner.runChildren(ParentRunner.java:288)
	at org.junit.runners.ParentRunner.access$000(ParentRunner.java:58)
	at org.junit.runners.ParentRunner$2.evaluate(ParentRunner.java:268)
	at org.springframework.test.context.junit4.statements.RunBeforeTestClassCallbacks.evaluate(RunBeforeTestClassCallbacks.java:61)
	at org.springframework.test.context.junit4.statements.RunAfterTestClassCallbacks.evaluate(RunAfterTestClassCallbacks.java:68)
	at org.junit.runners.ParentRunner.run(ParentRunner.java:363)
	at org.springframework.test.context.junit4.SpringJUnit4ClassRunner.run(SpringJUnit4ClassRunner.java:163)
	at org.junit.runners.Suite.runChild(Suite.java:128)
	at org.junit.runners.Suite.runChild(Suite.java:27)
	at org.junit.runners.ParentRunner$3.run(ParentRunner.java:290)
	at org.junit.runners.ParentRunner$1.schedule(ParentRunner.java:71)
	at org.junit.runners.ParentRunner.runChildren(ParentRunner.java:288)
	at org.junit.runners.ParentRunner.access$000(ParentRunner.java:58)
	at org.junit.runners.ParentRunner$2.evaluate(ParentRunner.java:268)
	at org.junit.runners.ParentRunner.run(ParentRunner.java:363)
	at org.apache.maven.surefire.junit4.JUnit4Provider.execute(JUnit4Provider.java:283)
	at org.apache.maven.surefire.junit4.JUnit4Provider.executeWithRerun(JUnit4Provider.java:173)
	at org.apache.maven.surefire.junit4.JUnit4Provider.executeTestSet(JUnit4Provider.java:153)
	at org.apache.maven.surefire.junit4.JUnit4Provider.invoke(JUnit4Provider.java:128)
	at org.apache.maven.surefire.booter.ForkedBooter.invokeProviderInSameClassLoader(ForkedBooter.java:203)
	at org.apache.maven.surefire.booter.ForkedBooter.runSuitesInProcess(ForkedBooter.java:155)
	at org.apache.maven.surefire.booter.ForkedBooter.main(ForkedBooter.java:103)
Caused by: org.springframework.beans.BeanInstantiationException: Failed to instantiate [org.springframework.data.aerospike.core.AerospikeTemplate]: Factory method 'aerospikeTemplate' threw exception; nested exception is org.springframework.beans.factory.BeanCreationException: Error creating bean with name 'aerospikeClient' defined in org.springframework.data.aerospike.repository.TestConfigPerson: Bean instantiation via factory method failed; nested exception is org.springframework.beans.BeanInstantiationException: Failed to instantiate [com.aerospike.client.AerospikeClient]: Factory method 'aerospikeClient' threw exception; nested exception is com.aerospike.client.AerospikeException$Connection: Error Code 11: Failed to connect to host(s): 
52.41.32.83:3000 Error Code 11: java.net.SocketTimeoutException: connect timed out

	at org.springframework.beans.factory.support.SimpleInstantiationStrategy.instantiate(SimpleInstantiationStrategy.java:189)
	at org.springframework.beans.factory.support.ConstructorResolver.instantiateUsingFactoryMethod(ConstructorResolver.java:588)
	at org.springframework.beans.factory.support.AbstractAutowireCapableBeanFactory.instantiateUsingFactoryMethod(AbstractAutowireCapableBeanFactory.java:1119)
	at org.springframework.beans.factory.support.AbstractAutowireCapableBeanFactory.createBeanInstance(AbstractAutowireCapableBeanFactory.java:1014)
	at org.springframework.beans.factory.support.AbstractAutowireCapableBeanFactory.doCreateBean(AbstractAutowireCapableBeanFactory.java:504)
	at org.springframework.beans.factory.support.AbstractAutowireCapableBeanFactory.createBean(AbstractAutowireCapableBeanFactory.java:476)
	at org.springframework.beans.factory.support.AbstractBeanFactory$1.getObject(AbstractBeanFactory.java:303)
	at org.springframework.beans.factory.support.DefaultSingletonBeanRegistry.getSingleton(DefaultSingletonBeanRegistry.java:230)
	at org.springframework.beans.factory.support.AbstractBeanFactory.doGetBean(AbstractBeanFactory.java:299)
	at org.springframework.beans.factory.support.AbstractBeanFactory.getBean(AbstractBeanFactory.java:194)
	at org.springframework.beans.factory.support.DefaultListableBeanFactory.preInstantiateSingletons(DefaultListableBeanFactory.java:755)
	at org.springframework.context.support.AbstractApplicationContext.finishBeanFactoryInitialization(AbstractApplicationContext.java:757)
	at org.springframework.context.support.AbstractApplicationContext.refresh(AbstractApplicationContext.java:480)
	at org.springframework.test.context.support.AbstractGenericContextLoader.loadContext(AbstractGenericContextLoader.java:125)
	at org.springframework.test.context.support.AbstractGenericContextLoader.loadContext(AbstractGenericContextLoader.java:60)
	at org.springframework.test.context.support.AbstractDelegatingSmartContextLoader.delegateLoading(AbstractDelegatingSmartContextLoader.java:109)
	at org.springframework.test.context.support.AbstractDelegatingSmartContextLoader.loadContext(AbstractDelegatingSmartContextLoader.java:261)
	at org.springframework.test.context.DefaultCacheAwareContextLoaderDelegate.loadContextInternal(DefaultCacheAwareContextLoaderDelegate.java:68)
	at org.springframework.test.context.DefaultCacheAwareContextLoaderDelegate.loadContext(DefaultCacheAwareContextLoaderDelegate.java:86)
	at org.springframework.test.context.DefaultTestContext.getApplicationContext(DefaultTestContext.java:72)
	at org.springframework.test.context.support.DependencyInjectionTestExecutionListener.injectDependencies(DependencyInjectionTestExecutionListener.java:117)
	at org.springframework.test.context.support.DependencyInjectionTestExecutionListener.prepareTestInstance(DependencyInjectionTestExecutionListener.java:83)
	at org.springframework.test.context.TestContextManager.prepareTestInstance(TestContextManager.java:212)
	at org.springframework.test.context.junit4.SpringJUnit4ClassRunner.createTest(SpringJUnit4ClassRunner.java:200)
	at org.springframework.test.context.junit4.SpringJUnit4ClassRunner$1.runReflectiveCall(SpringJUnit4ClassRunner.java:259)
	at org.junit.internal.runners.model.ReflectiveCallable.run(ReflectiveCallable.java:12)
	at org.springframework.test.context.junit4.SpringJUnit4ClassRunner.methodBlock(SpringJUnit4ClassRunner.java:261)
	at org.springframework.test.context.junit4.SpringJUnit4ClassRunner.runChild(SpringJUnit4ClassRunner.java:219)
	at org.springframework.test.context.junit4.SpringJUnit4ClassRunner.runChild(SpringJUnit4ClassRunner.java:83)
	at org.junit.runners.ParentRunner$3.run(ParentRunner.java:290)
	at org.junit.runners.ParentRunner$1.schedule(ParentRunner.java:71)
	at org.junit.runners.ParentRunner.runChildren(ParentRunner.java:288)
	at org.junit.runners.ParentRunner.access$000(ParentRunner.java:58)
	at org.junit.runners.ParentRunner$2.evaluate(ParentRunner.java:268)
	at org.springframework.test.context.junit4.statements.RunBeforeTestClassCallbacks.evaluate(RunBeforeTestClassCallbacks.java:61)
	at org.springframework.test.context.junit4.statements.RunAfterTestClassCallbacks.evaluate(RunAfterTestClassCallbacks.java:68)
	at org.junit.runners.ParentRunner.run(ParentRunner.java:363)
	at org.springframework.test.context.junit4.SpringJUnit4ClassRunner.run(SpringJUnit4ClassRunner.java:163)
	at org.junit.runners.Suite.runChild(Suite.java:128)
	at org.junit.runners.Suite.runChild(Suite.java:27)
	at org.junit.runners.ParentRunner$3.run(ParentRunner.java:290)
	at org.junit.runners.ParentRunner$1.schedule(ParentRunner.java:71)
	at org.junit.runners.ParentRunner.runChildren(ParentRunner.java:288)
	at org.junit.runners.ParentRunner.access$000(ParentRunner.java:58)
	at org.junit.runners.ParentRunner$2.evaluate(ParentRunner.java:268)
	at org.junit.runners.ParentRunner.run(ParentRunner.java:363)
	at org.apache.maven.surefire.junit4.JUnit4Provider.execute(JUnit4Provider.java:283)
	at org.apache.maven.surefire.junit4.JUnit4Provider.executeWithRerun(JUnit4Provider.java:173)
	at org.apache.maven.surefire.junit4.JUnit4Provider.executeTestSet(JUnit4Provider.java:153)
	at org.apache.maven.surefire.junit4.JUnit4Provider.invoke(JUnit4Provider.java:128)
	at org.apache.maven.surefire.booter.ForkedBooter.invokeProviderInSameClassLoader(ForkedBooter.java:203)
	at org.apache.maven.surefire.booter.ForkedBooter.runSuitesInProcess(ForkedBooter.java:155)
	at org.apache.maven.surefire.booter.ForkedBooter.main(ForkedBooter.java:103)
Caused by: org.springframework.beans.factory.BeanCreationException: Error creating bean with name 'aerospikeClient' defined in org.springframework.data.aerospike.repository.TestConfigPerson: Bean instantiation via factory method failed; nested exception is org.springframework.beans.BeanInstantiationException: Failed to instantiate [com.aerospike.client.AerospikeClient]: Factory method 'aerospikeClient' threw exception; nested exception is com.aerospike.client.AerospikeException$Connection: Error Code 11: Failed to connect to host(s): 
52.41.32.83:3000 Error Code 11: java.net.SocketTimeoutException: connect timed out

	at org.springframework.beans.factory.support.ConstructorResolver.instantiateUsingFactoryMethod(ConstructorResolver.java:599)
	at org.springframework.beans.factory.support.AbstractAutowireCapableBeanFactory.instantiateUsingFactoryMethod(AbstractAutowireCapableBeanFactory.java:1119)
	at org.springframework.beans.factory.support.AbstractAutowireCapableBeanFactory.createBeanInstance(AbstractAutowireCapableBeanFactory.java:1014)
	at org.springframework.beans.factory.support.AbstractAutowireCapableBeanFactory.doCreateBean(AbstractAutowireCapableBeanFactory.java:504)
	at org.springframework.beans.factory.support.AbstractAutowireCapableBeanFactory.createBean(AbstractAutowireCapableBeanFactory.java:476)
	at org.springframework.beans.factory.support.AbstractBeanFactory$1.getObject(AbstractBeanFactory.java:303)
	at org.springframework.beans.factory.support.DefaultSingletonBeanRegistry.getSingleton(DefaultSingletonBeanRegistry.java:230)
	at org.springframework.beans.factory.support.AbstractBeanFactory.doGetBean(AbstractBeanFactory.java:299)
	at org.springframework.beans.factory.support.AbstractBeanFactory.getBean(AbstractBeanFactory.java:194)
	at org.springframework.context.annotation.ConfigurationClassEnhancer$BeanMethodInterceptor.intercept(ConfigurationClassEnhancer.java:322)
	at org.springframework.data.aerospike.repository.TestConfigPerson$$EnhancerBySpringCGLIB$$3f27a8da.aerospikeClient(<generated>)
	at org.springframework.data.aerospike.repository.TestConfigPerson.aerospikeTemplate(TestConfigPerson.java:38)
	at org.springframework.data.aerospike.repository.TestConfigPerson$$EnhancerBySpringCGLIB$$3f27a8da.CGLIB$aerospikeTemplate$0(<generated>)
	at org.springframework.data.aerospike.repository.TestConfigPerson$$EnhancerBySpringCGLIB$$3f27a8da$$FastClassBySpringCGLIB$$38965c5e.invoke(<generated>)
	at org.springframework.cglib.proxy.MethodProxy.invokeSuper(MethodProxy.java:228)
	at org.springframework.context.annotation.ConfigurationClassEnhancer$BeanMethodInterceptor.intercept(ConfigurationClassEnhancer.java:309)
	at org.springframework.data.aerospike.repository.TestConfigPerson$$EnhancerBySpringCGLIB$$3f27a8da.aerospikeTemplate(<generated>)
	at sun.reflect.NativeMethodAccessorImpl.invoke0(Native Method)
	at sun.reflect.NativeMethodAccessorImpl.invoke(NativeMethodAccessorImpl.java:62)
	at sun.reflect.DelegatingMethodAccessorImpl.invoke(DelegatingMethodAccessorImpl.java:43)
	at java.lang.reflect.Method.invoke(Method.java:498)
	at org.springframework.beans.factory.support.SimpleInstantiationStrategy.instantiate(SimpleInstantiationStrategy.java:162)
	at org.springframework.beans.factory.support.ConstructorResolver.instantiateUsingFactoryMethod(ConstructorResolver.java:588)
	at org.springframework.beans.factory.support.AbstractAutowireCapableBeanFactory.instantiateUsingFactoryMethod(AbstractAutowireCapableBeanFactory.java:1119)
	at org.springframework.beans.factory.support.AbstractAutowireCapableBeanFactory.createBeanInstance(AbstractAutowireCapableBeanFactory.java:1014)
	at org.springframework.beans.factory.support.AbstractAutowireCapableBeanFactory.doCreateBean(AbstractAutowireCapableBeanFactory.java:504)
	at org.springframework.beans.factory.support.AbstractAutowireCapableBeanFactory.createBean(AbstractAutowireCapableBeanFactory.java:476)
	at org.springframework.beans.factory.support.AbstractBeanFactory$1.getObject(AbstractBeanFactory.java:303)
	at org.springframework.beans.factory.support.DefaultSingletonBeanRegistry.getSingleton(DefaultSingletonBeanRegistry.java:230)
	at org.springframework.beans.factory.support.AbstractBeanFactory.doGetBean(AbstractBeanFactory.java:299)
	at org.springframework.beans.factory.support.AbstractBeanFactory.getBean(AbstractBeanFactory.java:194)
	at org.springframework.beans.factory.support.DefaultListableBeanFactory.preInstantiateSingletons(DefaultListableBeanFactory.java:755)
	at org.springframework.context.support.AbstractApplicationContext.finishBeanFactoryInitialization(AbstractApplicationContext.java:757)
	at org.springframework.context.support.AbstractApplicationContext.refresh(AbstractApplicationContext.java:480)
	at org.springframework.test.context.support.AbstractGenericContextLoader.loadContext(AbstractGenericContextLoader.java:125)
	at org.springframework.test.context.support.AbstractGenericContextLoader.loadContext(AbstractGenericContextLoader.java:60)
	at org.springframework.test.context.support.AbstractDelegatingSmartContextLoader.delegateLoading(AbstractDelegatingSmartContextLoader.java:109)
	at org.springframework.test.context.support.AbstractDelegatingSmartContextLoader.loadContext(AbstractDelegatingSmartContextLoader.java:261)
	at org.springframework.test.context.DefaultCacheAwareContextLoaderDelegate.loadContextInternal(DefaultCacheAwareContextLoaderDelegate.java:68)
	at org.springframework.test.context.DefaultCacheAwareContextLoaderDelegate.loadContext(DefaultCacheAwareContextLoaderDelegate.java:86)
	at org.springframework.test.context.DefaultTestContext.getApplicationContext(DefaultTestContext.java:72)
	at org.springframework.test.context.support.DependencyInjectionTestExecutionListener.injectDependencies(DependencyInjectionTestExecutionListener.java:117)
	at org.springframework.test.context.support.DependencyInjectionTestExecutionListener.prepareTestInstance(DependencyInjectionTestExecutionListener.java:83)
	at org.springframework.test.context.TestContextManager.prepareTestInstance(TestContextManager.java:212)
	at org.springframework.test.context.junit4.SpringJUnit4ClassRunner.createTest(SpringJUnit4ClassRunner.java:200)
	at org.springframework.test.context.junit4.SpringJUnit4ClassRunner$1.runReflectiveCall(SpringJUnit4ClassRunner.java:259)
	at org.junit.internal.runners.model.ReflectiveCallable.run(ReflectiveCallable.java:12)
	at org.springframework.test.context.junit4.SpringJUnit4ClassRunner.methodBlock(SpringJUnit4ClassRunner.java:261)
	at org.springframework.test.context.junit4.SpringJUnit4ClassRunner.runChild(SpringJUnit4ClassRunner.java:219)
	at org.springframework.test.context.junit4.SpringJUnit4ClassRunner.runChild(SpringJUnit4ClassRunner.java:83)
	at org.junit.runners.ParentRunner$3.run(ParentRunner.java:290)
	at org.junit.runners.ParentRunner$1.schedule(ParentRunner.java:71)
	at org.junit.runners.ParentRunner.runChildren(ParentRunner.java:288)
	at org.junit.runners.ParentRunner.access$000(ParentRunner.java:58)
	at org.junit.runners.ParentRunner$2.evaluate(ParentRunner.java:268)
	at org.springframework.test.context.junit4.statements.RunBeforeTestClassCallbacks.evaluate(RunBeforeTestClassCallbacks.java:61)
	at org.springframework.test.context.junit4.statements.RunAfterTestClassCallbacks.evaluate(RunAfterTestClassCallbacks.java:68)
	at org.junit.runners.ParentRunner.run(ParentRunner.java:363)
	at org.springframework.test.context.junit4.SpringJUnit4ClassRunner.run(SpringJUnit4ClassRunner.java:163)
	at org.junit.runners.Suite.runChild(Suite.java:128)
	at org.junit.runners.Suite.runChild(Suite.java:27)
	at org.junit.runners.ParentRunner$3.run(ParentRunner.java:290)
	at org.junit.runners.ParentRunner$1.schedule(ParentRunner.java:71)
	at org.junit.runners.ParentRunner.runChildren(ParentRunner.java:288)
	at org.junit.runners.ParentRunner.access$000(ParentRunner.java:58)
	at org.junit.runners.ParentRunner$2.evaluate(ParentRunner.java:268)
	at org.junit.runners.ParentRunner.run(ParentRunner.java:363)
	at org.apache.maven.surefire.junit4.JUnit4Provider.execute(JUnit4Provider.java:283)
	at org.apache.maven.surefire.junit4.JUnit4Provider.executeWithRerun(JUnit4Provider.java:173)
	at org.apache.maven.surefire.junit4.JUnit4Provider.executeTestSet(JUnit4Provider.java:153)
	at org.apache.maven.surefire.junit4.JUnit4Provider.invoke(JUnit4Provider.java:128)
	at org.apache.maven.surefire.booter.ForkedBooter.invokeProviderInSameClassLoader(ForkedBooter.java:203)
	at org.apache.maven.surefire.booter.ForkedBooter.runSuitesInProcess(ForkedBooter.java:155)
	at org.apache.maven.surefire.booter.ForkedBooter.main(ForkedBooter.java:103)
Caused by: org.springframework.beans.BeanInstantiationException: Failed to instantiate [com.aerospike.client.AerospikeClient]: Factory method 'aerospikeClient' threw exception; nested exception is com.aerospike.client.AerospikeException$Connection: Error Code 11: Failed to connect to host(s): 
52.41.32.83:3000 Error Code 11: java.net.SocketTimeoutException: connect timed out

	at org.springframework.beans.factory.support.SimpleInstantiationStrategy.instantiate(SimpleInstantiationStrategy.java:189)
	at org.springframework.beans.factory.support.ConstructorResolver.instantiateUsingFactoryMethod(ConstructorResolver.java:588)
	at org.springframework.beans.factory.support.AbstractAutowireCapableBeanFactory.instantiateUsingFactoryMethod(AbstractAutowireCapableBeanFactory.java:1119)
	at org.springframework.beans.factory.support.AbstractAutowireCapableBeanFactory.createBeanInstance(AbstractAutowireCapableBeanFactory.java:1014)
	at org.springframework.beans.factory.support.AbstractAutowireCapableBeanFactory.doCreateBean(AbstractAutowireCapableBeanFactory.java:504)
	at org.springframework.beans.factory.support.AbstractAutowireCapableBeanFactory.createBean(AbstractAutowireCapableBeanFactory.java:476)
	at org.springframework.beans.factory.support.AbstractBeanFactory$1.getObject(AbstractBeanFactory.java:303)
	at org.springframework.beans.factory.support.DefaultSingletonBeanRegistry.getSingleton(DefaultSingletonBeanRegistry.java:230)
	at org.springframework.beans.factory.support.AbstractBeanFactory.doGetBean(AbstractBeanFactory.java:299)
	at org.springframework.beans.factory.support.AbstractBeanFactory.getBean(AbstractBeanFactory.java:194)
	at org.springframework.context.annotation.ConfigurationClassEnhancer$BeanMethodInterceptor.intercept(ConfigurationClassEnhancer.java:322)
	at org.springframework.data.aerospike.repository.TestConfigPerson$$EnhancerBySpringCGLIB$$3f27a8da.aerospikeClient(<generated>)
	at org.springframework.data.aerospike.repository.TestConfigPerson.aerospikeTemplate(TestConfigPerson.java:38)
	at org.springframework.data.aerospike.repository.TestConfigPerson$$EnhancerBySpringCGLIB$$3f27a8da.CGLIB$aerospikeTemplate$0(<generated>)
	at org.springframework.data.aerospike.repository.TestConfigPerson$$EnhancerBySpringCGLIB$$3f27a8da$$FastClassBySpringCGLIB$$38965c5e.invoke(<generated>)
	at org.springframework.cglib.proxy.MethodProxy.invokeSuper(MethodProxy.java:228)
	at org.springframework.context.annotation.ConfigurationClassEnhancer$BeanMethodInterceptor.intercept(ConfigurationClassEnhancer.java:309)
	at org.springframework.data.aerospike.repository.TestConfigPerson$$EnhancerBySpringCGLIB$$3f27a8da.aerospikeTemplate(<generated>)
	at sun.reflect.NativeMethodAccessorImpl.invoke0(Native Method)
	at sun.reflect.NativeMethodAccessorImpl.invoke(NativeMethodAccessorImpl.java:62)
	at sun.reflect.DelegatingMethodAccessorImpl.invoke(DelegatingMethodAccessorImpl.java:43)
	at java.lang.reflect.Method.invoke(Method.java:498)
	at org.springframework.beans.factory.support.SimpleInstantiationStrategy.instantiate(SimpleInstantiationStrategy.java:162)
	at org.springframework.beans.factory.support.ConstructorResolver.instantiateUsingFactoryMethod(ConstructorResolver.java:588)
	at org.springframework.beans.factory.support.AbstractAutowireCapableBeanFactory.instantiateUsingFactoryMethod(AbstractAutowireCapableBeanFactory.java:1119)
	at org.springframework.beans.factory.support.AbstractAutowireCapableBeanFactory.createBeanInstance(AbstractAutowireCapableBeanFactory.java:1014)
	at org.springframework.beans.factory.support.AbstractAutowireCapableBeanFactory.doCreateBean(AbstractAutowireCapableBeanFactory.java:504)
	at org.springframework.beans.factory.support.AbstractAutowireCapableBeanFactory.createBean(AbstractAutowireCapableBeanFactory.java:476)
	at org.springframework.beans.factory.support.AbstractBeanFactory$1.getObject(AbstractBeanFactory.java:303)
	at org.springframework.beans.factory.support.DefaultSingletonBeanRegistry.getSingleton(DefaultSingletonBeanRegistry.java:230)
	at org.springframework.beans.factory.support.AbstractBeanFactory.doGetBean(AbstractBeanFactory.java:299)
	at org.springframework.beans.factory.support.AbstractBeanFactory.getBean(AbstractBeanFactory.java:194)
	at org.springframework.beans.factory.support.DefaultListableBeanFactory.preInstantiateSingletons(DefaultListableBeanFactory.java:755)
	at org.springframework.context.support.AbstractApplicationContext.finishBeanFactoryInitialization(AbstractApplicationContext.java:757)
	at org.springframework.context.support.AbstractApplicationContext.refresh(AbstractApplicationContext.java:480)
	at org.springframework.test.context.support.AbstractGenericContextLoader.loadContext(AbstractGenericContextLoader.java:125)
	at org.springframework.test.context.support.AbstractGenericContextLoader.loadContext(AbstractGenericContextLoader.java:60)
	at org.springframework.test.context.support.AbstractDelegatingSmartContextLoader.delegateLoading(AbstractDelegatingSmartContextLoader.java:109)
	at org.springframework.test.context.support.AbstractDelegatingSmartContextLoader.loadContext(AbstractDelegatingSmartContextLoader.java:261)
	at org.springframework.test.context.DefaultCacheAwareContextLoaderDelegate.loadContextInternal(DefaultCacheAwareContextLoaderDelegate.java:68)
	at org.springframework.test.context.DefaultCacheAwareContextLoaderDelegate.loadContext(DefaultCacheAwareContextLoaderDelegate.java:86)
	at org.springframework.test.context.DefaultTestContext.getApplicationContext(DefaultTestContext.java:72)
	at org.springframework.test.context.support.DependencyInjectionTestExecutionListener.injectDependencies(DependencyInjectionTestExecutionListener.java:117)
	at org.springframework.test.context.support.DependencyInjectionTestExecutionListener.prepareTestInstance(DependencyInjectionTestExecutionListener.java:83)
	at org.springframework.test.context.TestContextManager.prepareTestInstance(TestContextManager.java:212)
	at org.springframework.test.context.junit4.SpringJUnit4ClassRunner.createTest(SpringJUnit4ClassRunner.java:200)
	at org.springframework.test.context.junit4.SpringJUnit4ClassRunner$1.runReflectiveCall(SpringJUnit4ClassRunner.java:259)
	at org.junit.internal.runners.model.ReflectiveCallable.run(ReflectiveCallable.java:12)
	at org.springframework.test.context.junit4.SpringJUnit4ClassRunner.methodBlock(SpringJUnit4ClassRunner.java:261)
	at org.springframework.test.context.junit4.SpringJUnit4ClassRunner.runChild(SpringJUnit4ClassRunner.java:219)
	at org.springframework.test.context.junit4.SpringJUnit4ClassRunner.runChild(SpringJUnit4ClassRunner.java:83)
	at org.junit.runners.ParentRunner$3.run(ParentRunner.java:290)
	at org.junit.runners.ParentRunner$1.schedule(ParentRunner.java:71)
	at org.junit.runners.ParentRunner.runChildren(ParentRunner.java:288)
	at org.junit.runners.ParentRunner.access$000(ParentRunner.java:58)
	at org.junit.runners.ParentRunner$2.evaluate(ParentRunner.java:268)
	at org.springframework.test.context.junit4.statements.RunBeforeTestClassCallbacks.evaluate(RunBeforeTestClassCallbacks.java:61)
	at org.springframework.test.context.junit4.statements.RunAfterTestClassCallbacks.evaluate(RunAfterTestClassCallbacks.java:68)
	at org.junit.runners.ParentRunner.run(ParentRunner.java:363)
	at org.springframework.test.context.junit4.SpringJUnit4ClassRunner.run(SpringJUnit4ClassRunner.java:163)
	at org.junit.runners.Suite.runChild(Suite.java:128)
	at org.junit.runners.Suite.runChild(Suite.java:27)
	at org.junit.runners.ParentRunner$3.run(ParentRunner.java:290)
	at org.junit.runners.ParentRunner$1.schedule(ParentRunner.java:71)
	at org.junit.runners.ParentRunner.runChildren(ParentRunner.java:288)
	at org.junit.runners.ParentRunner.access$000(ParentRunner.java:58)
	at org.junit.runners.ParentRunner$2.evaluate(ParentRunner.java:268)
	at org.junit.runners.ParentRunner.run(ParentRunner.java:363)
	at org.apache.maven.surefire.junit4.JUnit4Provider.execute(JUnit4Provider.java:283)
	at org.apache.maven.surefire.junit4.JUnit4Provider.executeWithRerun(JUnit4Provider.java:173)
	at org.apache.maven.surefire.junit4.JUnit4Provider.executeTestSet(JUnit4Provider.java:153)
	at org.apache.maven.surefire.junit4.JUnit4Provider.invoke(JUnit4Provider.java:128)
	at org.apache.maven.surefire.booter.ForkedBooter.invokeProviderInSameClassLoader(ForkedBooter.java:203)
	at org.apache.maven.surefire.booter.ForkedBooter.runSuitesInProcess(ForkedBooter.java:155)
	at org.apache.maven.surefire.booter.ForkedBooter.main(ForkedBooter.java:103)
Caused by: com.aerospike.client.AerospikeException$Connection: Error Code 11: Failed to connect to host(s): 
52.41.32.83:3000 Error Code 11: java.net.SocketTimeoutException: connect timed out

	at com.aerospike.client.cluster.Cluster.seedNodes(Cluster.java:386)
	at com.aerospike.client.cluster.Cluster.tend(Cluster.java:273)
	at com.aerospike.client.cluster.Cluster.waitTillStabilized(Cluster.java:238)
	at com.aerospike.client.cluster.Cluster.initTendThread(Cluster.java:148)
	at com.aerospike.client.AerospikeClient.<init>(AerospikeClient.java:209)
	at com.aerospike.client.AerospikeClient.<init>(AerospikeClient.java:173)
	at org.springframework.data.aerospike.repository.TestConfigPerson.aerospikeClient(TestConfigPerson.java:32)
	at org.springframework.data.aerospike.repository.TestConfigPerson$$EnhancerBySpringCGLIB$$3f27a8da.CGLIB$aerospikeClient$1(<generated>)
	at org.springframework.data.aerospike.repository.TestConfigPerson$$EnhancerBySpringCGLIB$$3f27a8da$$FastClassBySpringCGLIB$$38965c5e.invoke(<generated>)
	at org.springframework.cglib.proxy.MethodProxy.invokeSuper(MethodProxy.java:228)
	at org.springframework.context.annotation.ConfigurationClassEnhancer$BeanMethodInterceptor.intercept(ConfigurationClassEnhancer.java:309)
	at org.springframework.data.aerospike.repository.TestConfigPerson$$EnhancerBySpringCGLIB$$3f27a8da.aerospikeClient(<generated>)
	at sun.reflect.NativeMethodAccessorImpl.invoke0(Native Method)
	at sun.reflect.NativeMethodAccessorImpl.invoke(NativeMethodAccessorImpl.java:62)
	at sun.reflect.DelegatingMethodAccessorImpl.invoke(DelegatingMethodAccessorImpl.java:43)
	at java.lang.reflect.Method.invoke(Method.java:498)
	at org.springframework.beans.factory.support.SimpleInstantiationStrategy.instantiate(SimpleInstantiationStrategy.java:162)
	at org.springframework.beans.factory.support.ConstructorResolver.instantiateUsingFactoryMethod(ConstructorResolver.java:588)
	at org.springframework.beans.factory.support.AbstractAutowireCapableBeanFactory.instantiateUsingFactoryMethod(AbstractAutowireCapableBeanFactory.java:1119)
	at org.springframework.beans.factory.support.AbstractAutowireCapableBeanFactory.createBeanInstance(AbstractAutowireCapableBeanFactory.java:1014)
	at org.springframework.beans.factory.support.AbstractAutowireCapableBeanFactory.doCreateBean(AbstractAutowireCapableBeanFactory.java:504)
	at org.springframework.beans.factory.support.AbstractAutowireCapableBeanFactory.createBean(AbstractAutowireCapableBeanFactory.java:476)
	at org.springframework.beans.factory.support.AbstractBeanFactory$1.getObject(AbstractBeanFactory.java:303)
	at org.springframework.beans.factory.support.DefaultSingletonBeanRegistry.getSingleton(DefaultSingletonBeanRegistry.java:230)
	at org.springframework.beans.factory.support.AbstractBeanFactory.doGetBean(AbstractBeanFactory.java:299)
	at org.springframework.beans.factory.support.AbstractBeanFactory.getBean(AbstractBeanFactory.java:194)
	at org.springframework.context.annotation.ConfigurationClassEnhancer$BeanMethodInterceptor.intercept(ConfigurationClassEnhancer.java:322)
	at org.springframework.data.aerospike.repository.TestConfigPerson$$EnhancerBySpringCGLIB$$3f27a8da.aerospikeClient(<generated>)
	at org.springframework.data.aerospike.repository.TestConfigPerson.aerospikeTemplate(TestConfigPerson.java:38)
	at org.springframework.data.aerospike.repository.TestConfigPerson$$EnhancerBySpringCGLIB$$3f27a8da.CGLIB$aerospikeTemplate$0(<generated>)
	at org.springframework.data.aerospike.repository.TestConfigPerson$$EnhancerBySpringCGLIB$$3f27a8da$$FastClassBySpringCGLIB$$38965c5e.invoke(<generated>)
	at org.springframework.cglib.proxy.MethodProxy.invokeSuper(MethodProxy.java:228)
	at org.springframework.context.annotation.ConfigurationClassEnhancer$BeanMethodInterceptor.intercept(ConfigurationClassEnhancer.java:309)
	at org.springframework.data.aerospike.repository.TestConfigPerson$$EnhancerBySpringCGLIB$$3f27a8da.aerospikeTemplate(<generated>)
	at sun.reflect.NativeMethodAccessorImpl.invoke0(Native Method)
	at sun.reflect.NativeMethodAccessorImpl.invoke(NativeMethodAccessorImpl.java:62)
	at sun.reflect.DelegatingMethodAccessorImpl.invoke(DelegatingMethodAccessorImpl.java:43)
	at java.lang.reflect.Method.invoke(Method.java:498)
	at org.springframework.beans.factory.support.SimpleInstantiationStrategy.instantiate(SimpleInstantiationStrategy.java:162)
	at org.springframework.beans.factory.support.ConstructorResolver.instantiateUsingFactoryMethod(ConstructorResolver.java:588)
	at org.springframework.beans.factory.support.AbstractAutowireCapableBeanFactory.instantiateUsingFactoryMethod(AbstractAutowireCapableBeanFactory.java:1119)
	at org.springframework.beans.factory.support.AbstractAutowireCapableBeanFactory.createBeanInstance(AbstractAutowireCapableBeanFactory.java:1014)
	at org.springframework.beans.factory.support.AbstractAutowireCapableBeanFactory.doCreateBean(AbstractAutowireCapableBeanFactory.java:504)
	at org.springframework.beans.factory.support.AbstractAutowireCapableBeanFactory.createBean(AbstractAutowireCapableBeanFactory.java:476)
	at org.springframework.beans.factory.support.AbstractBeanFactory$1.getObject(AbstractBeanFactory.java:303)
	at org.springframework.beans.factory.support.DefaultSingletonBeanRegistry.getSingleton(DefaultSingletonBeanRegistry.java:230)
	at org.springframework.beans.factory.support.AbstractBeanFactory.doGetBean(AbstractBeanFactory.java:299)
	at org.springframework.beans.factory.support.AbstractBeanFactory.getBean(AbstractBeanFactory.java:194)
	at org.springframework.beans.factory.support.DefaultListableBeanFactory.preInstantiateSingletons(DefaultListableBeanFactory.java:755)
	at org.springframework.context.support.AbstractApplicationContext.finishBeanFactoryInitialization(AbstractApplicationContext.java:757)
	at org.springframework.context.support.AbstractApplicationContext.refresh(AbstractApplicationContext.java:480)
	at org.springframework.test.context.support.AbstractGenericContextLoader.loadContext(AbstractGenericContextLoader.java:125)
	at org.springframework.test.context.support.AbstractGenericContextLoader.loadContext(AbstractGenericContextLoader.java:60)
	at org.springframework.test.context.support.AbstractDelegatingSmartContextLoader.delegateLoading(AbstractDelegatingSmartContextLoader.java:109)
	at org.springframework.test.context.support.AbstractDelegatingSmartContextLoader.loadContext(AbstractDelegatingSmartContextLoader.java:261)
	at org.springframework.test.context.DefaultCacheAwareContextLoaderDelegate.loadContextInternal(DefaultCacheAwareContextLoaderDelegate.java:68)
	at org.springframework.test.context.DefaultCacheAwareContextLoaderDelegate.loadContext(DefaultCacheAwareContextLoaderDelegate.java:86)
	at org.springframework.test.context.DefaultTestContext.getApplicationContext(DefaultTestContext.java:72)
	at org.springframework.test.context.support.DependencyInjectionTestExecutionListener.injectDependencies(DependencyInjectionTestExecutionListener.java:117)
	at org.springframework.test.context.support.DependencyInjectionTestExecutionListener.prepareTestInstance(DependencyInjectionTestExecutionListener.java:83)
	at org.springframework.test.context.TestContextManager.prepareTestInstance(TestContextManager.java:212)
	at org.springframework.test.context.junit4.SpringJUnit4ClassRunner.createTest(SpringJUnit4ClassRunner.java:200)
	at org.springframework.test.context.junit4.SpringJUnit4ClassRunner$1.runReflectiveCall(SpringJUnit4ClassRunner.java:259)
	at org.junit.internal.runners.model.ReflectiveCallable.run(ReflectiveCallable.java:12)
	at org.springframework.test.context.junit4.SpringJUnit4ClassRunner.methodBlock(SpringJUnit4ClassRunner.java:261)
	at org.springframework.test.context.junit4.SpringJUnit4ClassRunner.runChild(SpringJUnit4ClassRunner.java:219)
	at org.springframework.test.context.junit4.SpringJUnit4ClassRunner.runChild(SpringJUnit4ClassRunner.java:83)
	at org.junit.runners.ParentRunner$3.run(ParentRunner.java:290)
	at org.junit.runners.ParentRunner$1.schedule(ParentRunner.java:71)
	at org.junit.runners.ParentRunner.runChildren(ParentRunner.java:288)
	at org.junit.runners.ParentRunner.access$000(ParentRunner.java:58)
	at org.junit.runners.ParentRunner$2.evaluate(ParentRunner.java:268)
	at org.springframework.test.context.junit4.statements.RunBeforeTestClassCallbacks.evaluate(RunBeforeTestClassCallbacks.java:61)
	at org.springframework.test.context.junit4.statements.RunAfterTestClassCallbacks.evaluate(RunAfterTestClassCallbacks.java:68)
	at org.junit.runners.ParentRunner.run(ParentRunner.java:363)
	at org.springframework.test.context.junit4.SpringJUnit4ClassRunner.run(SpringJUnit4ClassRunner.java:163)
	at org.junit.runners.Suite.runChild(Suite.java:128)
	at org.junit.runners.Suite.runChild(Suite.java:27)
	at org.junit.runners.ParentRunner$3.run(ParentRunner.java:290)
	at org.junit.runners.ParentRunner$1.schedule(ParentRunner.java:71)
	at org.junit.runners.ParentRunner.runChildren(ParentRunner.java:288)
	at org.junit.runners.ParentRunner.access$000(ParentRunner.java:58)
	at org.junit.runners.ParentRunner$2.evaluate(ParentRunner.java:268)
	at org.junit.runners.ParentRunner.run(ParentRunner.java:363)
	at org.apache.maven.surefire.junit4.JUnit4Provider.execute(JUnit4Provider.java:283)
	at org.apache.maven.surefire.junit4.JUnit4Provider.executeWithRerun(JUnit4Provider.java:173)
	at org.apache.maven.surefire.junit4.JUnit4Provider.executeTestSet(JUnit4Provider.java:153)
	at org.apache.maven.surefire.junit4.JUnit4Provider.invoke(JUnit4Provider.java:128)
	at org.apache.maven.surefire.booter.ForkedBooter.invokeProviderInSameClassLoader(ForkedBooter.java:203)
	at org.apache.maven.surefire.booter.ForkedBooter.runSuitesInProcess(ForkedBooter.java:155)
	at org.apache.maven.surefire.booter.ForkedBooter.main(ForkedBooter.java:103)
]]></error>
    <system-out><![CDATA[16:37:24.738 [main] DEBUG o.s.t.annotation.ProfileValueUtils - Retrieved @ProfileValueSourceConfiguration [null] for test class [org.springframework.data.aerospike.repository.PersonRepositoryIntegrationTests]
16:37:24.738 [main] DEBUG o.s.t.annotation.ProfileValueUtils - Retrieved ProfileValueSource type [class org.springframework.test.annotation.SystemProfileValueSource] for class [org.springframework.data.aerospike.repository.PersonRepositoryIntegrationTests]
16:37:24.738 [main] DEBUG o.s.t.c.s.DependencyInjectionTestExecutionListener - Performing dependency injection for test context [[DefaultTestContext@70807224 testClass = PersonRepositoryIntegrationTests, testInstance = org.springframework.data.aerospike.repository.PersonRepositoryIntegrationTests@33cbfa57, testMethod = [null], testException = [null], mergedContextConfiguration = [MergedContextConfiguration@400d912a testClass = PersonRepositoryIntegrationTests, locations = '{}', classes = '{class org.springframework.data.aerospike.repository.TestConfigPerson}', contextInitializerClasses = '[]', activeProfiles = '{}', propertySourceLocations = '{}', propertySourceProperties = '{}', contextLoader = 'org.springframework.test.context.support.DelegatingSmartContextLoader', parent = [null]]]].
16:37:24.738 [main] DEBUG o.s.t.c.s.AbstractDelegatingSmartContextLoader - Delegating to AnnotationConfigContextLoader to load context from [MergedContextConfiguration@400d912a testClass = PersonRepositoryIntegrationTests, locations = '{}', classes = '{class org.springframework.data.aerospike.repository.TestConfigPerson}', contextInitializerClasses = '[]', activeProfiles = '{}', propertySourceLocations = '{}', propertySourceProperties = '{}', contextLoader = 'org.springframework.test.context.support.DelegatingSmartContextLoader', parent = [null]].
16:37:24.738 [main] DEBUG o.s.t.c.s.AbstractGenericContextLoader - Loading ApplicationContext for merged context configuration [[MergedContextConfiguration@400d912a testClass = PersonRepositoryIntegrationTests, locations = '{}', classes = '{class org.springframework.data.aerospike.repository.TestConfigPerson}', contextInitializerClasses = '[]', activeProfiles = '{}', propertySourceLocations = '{}', propertySourceProperties = '{}', contextLoader = 'org.springframework.test.context.support.DelegatingSmartContextLoader', parent = [null]]].
16:37:24.738 [main] DEBUG o.s.core.env.StandardEnvironment - Adding [systemProperties] PropertySource with lowest search precedence
16:37:24.738 [main] DEBUG o.s.core.env.StandardEnvironment - Adding [systemEnvironment] PropertySource with lowest search precedence
16:37:24.739 [main] DEBUG o.s.core.env.StandardEnvironment - Initialized StandardEnvironment with PropertySources [systemProperties,systemEnvironment]
16:37:24.739 [main] DEBUG o.s.t.c.s.AnnotationConfigContextLoader - Registering annotated classes: {class org.springframework.data.aerospike.repository.TestConfigPerson}
16:37:24.739 [main] INFO  o.s.c.s.GenericApplicationContext - Refreshing org.springframework.context.support.GenericApplicationContext@1d96d872: startup date [Tue Oct 04 16:37:24 BRT 2016]; root of context hierarchy
16:37:24.739 [main] DEBUG o.s.c.s.GenericApplicationContext - Bean factory for org.springframework.context.support.GenericApplicationContext@1d96d872: org.springframework.beans.factory.support.DefaultListableBeanFactory@5c748168: defining beans [org.springframework.context.annotation.internalConfigurationAnnotationProcessor,org.springframework.context.annotation.internalAutowiredAnnotationProcessor,org.springframework.context.annotation.internalRequiredAnnotationProcessor,org.springframework.context.annotation.internalCommonAnnotationProcessor,testConfigPerson]; root of factory hierarchy
16:37:24.739 [main] DEBUG o.s.b.f.s.DefaultListableBeanFactory - Creating shared instance of singleton bean 'org.springframework.context.annotation.internalConfigurationAnnotationProcessor'
16:37:24.739 [main] DEBUG o.s.b.f.s.DefaultListableBeanFactory - Creating instance of bean 'org.springframework.context.annotation.internalConfigurationAnnotationProcessor'
16:37:24.739 [main] DEBUG o.s.b.f.s.DefaultListableBeanFactory - Eagerly caching bean 'org.springframework.context.annotation.internalConfigurationAnnotationProcessor' to allow for resolving potential circular references
16:37:24.739 [main] DEBUG o.s.b.f.s.DefaultListableBeanFactory - Finished creating instance of bean 'org.springframework.context.annotation.internalConfigurationAnnotationProcessor'
16:37:24.740 [main] DEBUG o.s.c.a.ConfigurationClassBeanDefinitionReader - Registering bean definition for @Bean method org.springframework.data.aerospike.repository.TestConfigPerson.aerospikeTemplate()
16:37:24.740 [main] DEBUG o.s.c.a.ConfigurationClassBeanDefinitionReader - Registering bean definition for @Bean method org.springframework.data.aerospike.repository.TestConfigPerson.aerospikeClient()
16:37:24.740 [main] DEBUG o.s.core.env.StandardEnvironment - Adding [systemProperties] PropertySource with lowest search precedence
16:37:24.740 [main] DEBUG o.s.core.env.StandardEnvironment - Adding [systemEnvironment] PropertySource with lowest search precedence
16:37:24.740 [main] DEBUG o.s.core.env.StandardEnvironment - Initialized StandardEnvironment with PropertySources [systemProperties,systemEnvironment]
16:37:24.740 [main] DEBUG o.s.c.i.s.PathMatchingResourcePatternResolver - Looking for matching resources in directory tree [/home/aluno/spring-projects/maven/spring-data-aerospike/target/test-classes/org/springframework/data]
16:37:24.740 [main] DEBUG o.s.c.i.s.PathMatchingResourcePatternResolver - Searching directory [/home/aluno/spring-projects/maven/spring-data-aerospike/target/test-classes/org/springframework/data] for files matching pattern [/home/aluno/spring-projects/maven/spring-data-aerospike/target/test-classes/org/springframework/data/**/repository/support/**/*.class]
16:37:24.740 [main] DEBUG o.s.c.i.s.PathMatchingResourcePatternResolver - Searching directory [/home/aluno/spring-projects/maven/spring-data-aerospike/target/test-classes/org/springframework/data/keyvalue] for files matching pattern [/home/aluno/spring-projects/maven/spring-data-aerospike/target/test-classes/org/springframework/data/**/repository/support/**/*.class]
16:37:24.740 [main] DEBUG o.s.c.i.s.PathMatchingResourcePatternResolver - Searching directory [/home/aluno/spring-projects/maven/spring-data-aerospike/target/test-classes/org/springframework/data/keyvalue/repository] for files matching pattern [/home/aluno/spring-projects/maven/spring-data-aerospike/target/test-classes/org/springframework/data/**/repository/support/**/*.class]
16:37:24.740 [main] DEBUG o.s.c.i.s.PathMatchingResourcePatternResolver - Searching directory [/home/aluno/spring-projects/maven/spring-data-aerospike/target/test-classes/org/springframework/data/keyvalue/repository/query] for files matching pattern [/home/aluno/spring-projects/maven/spring-data-aerospike/target/test-classes/org/springframework/data/**/repository/support/**/*.class]
16:37:24.740 [main] DEBUG o.s.c.i.s.PathMatchingResourcePatternResolver - Searching directory [/home/aluno/spring-projects/maven/spring-data-aerospike/target/test-classes/org/springframework/data/aerospike] for files matching pattern [/home/aluno/spring-projects/maven/spring-data-aerospike/target/test-classes/org/springframework/data/**/repository/support/**/*.class]
16:37:24.741 [main] DEBUG o.s.c.i.s.PathMatchingResourcePatternResolver - Searching directory [/home/aluno/spring-projects/maven/spring-data-aerospike/target/test-classes/org/springframework/data/aerospike/mapping] for files matching pattern [/home/aluno/spring-projects/maven/spring-data-aerospike/target/test-classes/org/springframework/data/**/repository/support/**/*.class]
16:37:24.741 [main] DEBUG o.s.c.i.s.PathMatchingResourcePatternResolver - Searching directory [/home/aluno/spring-projects/maven/spring-data-aerospike/target/test-classes/org/springframework/data/aerospike/core] for files matching pattern [/home/aluno/spring-projects/maven/spring-data-aerospike/target/test-classes/org/springframework/data/**/repository/support/**/*.class]
16:37:24.741 [main] DEBUG o.s.c.i.s.PathMatchingResourcePatternResolver - Searching directory [/home/aluno/spring-projects/maven/spring-data-aerospike/target/test-classes/org/springframework/data/aerospike/convert] for files matching pattern [/home/aluno/spring-projects/maven/spring-data-aerospike/target/test-classes/org/springframework/data/**/repository/support/**/*.class]
16:37:24.742 [main] DEBUG o.s.c.i.s.PathMatchingResourcePatternResolver - Searching directory [/home/aluno/spring-projects/maven/spring-data-aerospike/target/test-classes/org/springframework/data/aerospike/sample] for files matching pattern [/home/aluno/spring-projects/maven/spring-data-aerospike/target/test-classes/org/springframework/data/**/repository/support/**/*.class]
16:37:24.742 [main] DEBUG o.s.c.i.s.PathMatchingResourcePatternResolver - Searching directory [/home/aluno/spring-projects/maven/spring-data-aerospike/target/test-classes/org/springframework/data/aerospike/repository] for files matching pattern [/home/aluno/spring-projects/maven/spring-data-aerospike/target/test-classes/org/springframework/data/**/repository/support/**/*.class]
16:37:24.742 [main] DEBUG o.s.c.i.s.PathMatchingResourcePatternResolver - Searching directory [/home/aluno/spring-projects/maven/spring-data-aerospike/target/test-classes/org/springframework/data/aerospike/repository/support] for files matching pattern [/home/aluno/spring-projects/maven/spring-data-aerospike/target/test-classes/org/springframework/data/**/repository/support/**/*.class]
16:37:24.742 [main] DEBUG o.s.c.i.s.PathMatchingResourcePatternResolver - Searching directory [/home/aluno/spring-projects/maven/spring-data-aerospike/target/test-classes/org/springframework/data/aerospike/repository/query] for files matching pattern [/home/aluno/spring-projects/maven/spring-data-aerospike/target/test-classes/org/springframework/data/**/repository/support/**/*.class]
16:37:24.742 [main] DEBUG o.s.c.i.s.PathMatchingResourcePatternResolver - Searching directory [/home/aluno/spring-projects/maven/spring-data-aerospike/target/test-classes/org/springframework/data/aerospike/config] for files matching pattern [/home/aluno/spring-projects/maven/spring-data-aerospike/target/test-classes/org/springframework/data/**/repository/support/**/*.class]
16:37:24.742 [main] DEBUG o.s.c.i.s.PathMatchingResourcePatternResolver - Searching directory [/home/aluno/spring-projects/maven/spring-data-aerospike/target/test-classes/org/springframework/data/aerospike/cache] for files matching pattern [/home/aluno/spring-projects/maven/spring-data-aerospike/target/test-classes/org/springframework/data/**/repository/support/**/*.class]
16:37:24.742 [main] DEBUG o.s.c.i.s.PathMatchingResourcePatternResolver - Looking for matching resources in directory tree [/home/aluno/spring-projects/maven/spring-data-aerospike/target/classes/org/springframework/data]
16:37:24.742 [main] DEBUG o.s.c.i.s.PathMatchingResourcePatternResolver - Searching directory [/home/aluno/spring-projects/maven/spring-data-aerospike/target/classes/org/springframework/data] for files matching pattern [/home/aluno/spring-projects/maven/spring-data-aerospike/target/classes/org/springframework/data/**/repository/support/**/*.class]
16:37:24.742 [main] DEBUG o.s.c.i.s.PathMatchingResourcePatternResolver - Searching directory [/home/aluno/spring-projects/maven/spring-data-aerospike/target/classes/org/springframework/data/aerospike] for files matching pattern [/home/aluno/spring-projects/maven/spring-data-aerospike/target/classes/org/springframework/data/**/repository/support/**/*.class]
16:37:24.742 [main] DEBUG o.s.c.i.s.PathMatchingResourcePatternResolver - Searching directory [/home/aluno/spring-projects/maven/spring-data-aerospike/target/classes/org/springframework/data/aerospike/mapping] for files matching pattern [/home/aluno/spring-projects/maven/spring-data-aerospike/target/classes/org/springframework/data/**/repository/support/**/*.class]
16:37:24.742 [main] DEBUG o.s.c.i.s.PathMatchingResourcePatternResolver - Searching directory [/home/aluno/spring-projects/maven/spring-data-aerospike/target/classes/org/springframework/data/aerospike/core] for files matching pattern [/home/aluno/spring-projects/maven/spring-data-aerospike/target/classes/org/springframework/data/**/repository/support/**/*.class]
16:37:24.743 [main] DEBUG o.s.c.i.s.PathMatchingResourcePatternResolver - Searching directory [/home/aluno/spring-projects/maven/spring-data-aerospike/target/classes/org/springframework/data/aerospike/convert] for files matching pattern [/home/aluno/spring-projects/maven/spring-data-aerospike/target/classes/org/springframework/data/**/repository/support/**/*.class]
16:37:24.743 [main] DEBUG o.s.c.i.s.PathMatchingResourcePatternResolver - Searching directory [/home/aluno/spring-projects/maven/spring-data-aerospike/target/classes/org/springframework/data/aerospike/example] for files matching pattern [/home/aluno/spring-projects/maven/spring-data-aerospike/target/classes/org/springframework/data/**/repository/support/**/*.class]
16:37:24.743 [main] DEBUG o.s.c.i.s.PathMatchingResourcePatternResolver - Searching directory [/home/aluno/spring-projects/maven/spring-data-aerospike/target/classes/org/springframework/data/aerospike/example/data] for files matching pattern [/home/aluno/spring-projects/maven/spring-data-aerospike/target/classes/org/springframework/data/**/repository/support/**/*.class]
16:37:24.743 [main] DEBUG o.s.c.i.s.PathMatchingResourcePatternResolver - Searching directory [/home/aluno/spring-projects/maven/spring-data-aerospike/target/classes/org/springframework/data/aerospike/example/config] for files matching pattern [/home/aluno/spring-projects/maven/spring-data-aerospike/target/classes/org/springframework/data/**/repository/support/**/*.class]
16:37:24.743 [main] DEBUG o.s.c.i.s.PathMatchingResourcePatternResolver - Searching directory [/home/aluno/spring-projects/maven/spring-data-aerospike/target/classes/org/springframework/data/aerospike/annotation] for files matching pattern [/home/aluno/spring-projects/maven/spring-data-aerospike/target/classes/org/springframework/data/**/repository/support/**/*.class]
16:37:24.743 [main] DEBUG o.s.c.i.s.PathMatchingResourcePatternResolver - Searching directory [/home/aluno/spring-projects/maven/spring-data-aerospike/target/classes/org/springframework/data/aerospike/repository] for files matching pattern [/home/aluno/spring-projects/maven/spring-data-aerospike/target/classes/org/springframework/data/**/repository/support/**/*.class]
16:37:24.743 [main] DEBUG o.s.c.i.s.PathMatchingResourcePatternResolver - Searching directory [/home/aluno/spring-projects/maven/spring-data-aerospike/target/classes/org/springframework/data/aerospike/repository/support] for files matching pattern [/home/aluno/spring-projects/maven/spring-data-aerospike/target/classes/org/springframework/data/**/repository/support/**/*.class]
16:37:24.743 [main] DEBUG o.s.c.i.s.PathMatchingResourcePatternResolver - Searching directory [/home/aluno/spring-projects/maven/spring-data-aerospike/target/classes/org/springframework/data/aerospike/repository/config] for files matching pattern [/home/aluno/spring-projects/maven/spring-data-aerospike/target/classes/org/springframework/data/**/repository/support/**/*.class]
16:37:24.743 [main] DEBUG o.s.c.i.s.PathMatchingResourcePatternResolver - Searching directory [/home/aluno/spring-projects/maven/spring-data-aerospike/target/classes/org/springframework/data/aerospike/repository/query] for files matching pattern [/home/aluno/spring-projects/maven/spring-data-aerospike/target/classes/org/springframework/data/**/repository/support/**/*.class]
16:37:24.743 [main] DEBUG o.s.c.i.s.PathMatchingResourcePatternResolver - Searching directory [/home/aluno/spring-projects/maven/spring-data-aerospike/target/classes/org/springframework/data/aerospike/config] for files matching pattern [/home/aluno/spring-projects/maven/spring-data-aerospike/target/classes/org/springframework/data/**/repository/support/**/*.class]
16:37:24.743 [main] DEBUG o.s.c.i.s.PathMatchingResourcePatternResolver - Searching directory [/home/aluno/spring-projects/maven/spring-data-aerospike/target/classes/org/springframework/data/aerospike/cache] for files matching pattern [/home/aluno/spring-projects/maven/spring-data-aerospike/target/classes/org/springframework/data/**/repository/support/**/*.class]
16:37:24.743 [main] DEBUG o.s.c.i.s.PathMatchingResourcePatternResolver - Searching directory [/home/aluno/spring-projects/maven/spring-data-aerospike/target/classes/org/springframework/data/aerospike/utility] for files matching pattern [/home/aluno/spring-projects/maven/spring-data-aerospike/target/classes/org/springframework/data/**/repository/support/**/*.class]
16:37:24.744 [main] DEBUG o.s.c.i.s.PathMatchingResourcePatternResolver - Looking for matching resources in jar file [file:/home/aluno/.m2/repository/org/springframework/data/spring-data-commons/1.11.0.RELEASE/spring-data-commons-1.11.0.RELEASE.jar]
16:37:24.745 [main] DEBUG o.s.c.i.s.PathMatchingResourcePatternResolver - Looking for matching resources in jar file [file:/home/aluno/.m2/repository/org/springframework/data/spring-data-keyvalue/1.0.0.M1/spring-data-keyvalue-1.0.0.M1.jar]
16:37:24.746 [main] DEBUG o.s.c.i.s.PathMatchingResourcePatternResolver - Resolved location pattern [classpath*:org/springframework/data/**/repository/support/**/*.class] to resources [file [/home/aluno/spring-projects/maven/spring-data-aerospike/target/test-classes/org/springframework/data/aerospike/repository/support/SimpleAerospikeRepositoryTest$5.class], file [/home/aluno/spring-projects/maven/spring-data-aerospike/target/test-classes/org/springframework/data/aerospike/repository/support/SimpleAerospikeRepositoryTest$9.class], file [/home/aluno/spring-projects/maven/spring-data-aerospike/target/test-classes/org/springframework/data/aerospike/repository/support/SimpleAerospikeRepositoryTest$4.class], file [/home/aluno/spring-projects/maven/spring-data-aerospike/target/test-classes/org/springframework/data/aerospike/repository/support/AerospikeRepositoryFactoryTest.class], file [/home/aluno/spring-projects/maven/spring-data-aerospike/target/test-classes/org/springframework/data/aerospike/repository/support/SimpleAerospikeRepositoryTest.class], file [/home/aluno/spring-projects/maven/spring-data-aerospike/target/test-classes/org/springframework/data/aerospike/repository/support/SimpleAerospikeRepositoryTest$1.class], file [/home/aluno/spring-projects/maven/spring-data-aerospike/target/test-classes/org/springframework/data/aerospike/repository/support/SimpleAerospikeRepositoryTest$3.class], file [/home/aluno/spring-projects/maven/spring-data-aerospike/target/test-classes/org/springframework/data/aerospike/repository/support/SimpleAerospikeRepositoryTest$8.class], file [/home/aluno/spring-projects/maven/spring-data-aerospike/target/test-classes/org/springframework/data/aerospike/repository/support/SimpleAerospikeRepositoryTest$6.class], file [/home/aluno/spring-projects/maven/spring-data-aerospike/target/test-classes/org/springframework/data/aerospike/repository/support/SimpleAerospikeRepositoryTest$2.class], file [/home/aluno/spring-projects/maven/spring-data-aerospike/target/test-classes/org/springframework/data/aerospike/repository/support/AllTests.class], file [/home/aluno/spring-projects/maven/spring-data-aerospike/target/test-classes/org/springframework/data/aerospike/repository/support/SimpleAerospikeRepositoryTest$7.class], file [/home/aluno/spring-projects/maven/spring-data-aerospike/target/classes/org/springframework/data/aerospike/repository/support/AerospikeRepositoryFactoryBean.class], file [/home/aluno/spring-projects/maven/spring-data-aerospike/target/classes/org/springframework/data/aerospike/repository/support/AerospikeRepositoryFactory$AerospikeQueryLookupStrategy.class], file [/home/aluno/spring-projects/maven/spring-data-aerospike/target/classes/org/springframework/data/aerospike/repository/support/AerospikeRepositoryFactory.class], file [/home/aluno/spring-projects/maven/spring-data-aerospike/target/classes/org/springframework/data/aerospike/repository/support/SimpleAerospikeRepository.class], URL [jar:file:/home/aluno/.m2/repository/org/springframework/data/spring-data-commons/1.11.0.RELEASE/spring-data-commons-1.11.0.RELEASE.jar!/org/springframework/data/repository/support/DomainClassConverter$ConversionMatchAbbreviationException.class], URL [jar:file:/home/aluno/.m2/repository/org/springframework/data/spring-data-commons/1.11.0.RELEASE/spring-data-commons-1.11.0.RELEASE.jar!/org/springframework/data/repository/support/DomainClassConverter$ToIdConverter.class], URL [jar:file:/home/aluno/.m2/repository/org/springframework/data/spring-data-commons/1.11.0.RELEASE/spring-data-commons-1.11.0.RELEASE.jar!/org/springframework/data/repository/support/Repositories$EmptyRepositoryFactoryInformation.class], URL [jar:file:/home/aluno/.m2/repository/org/springframework/data/spring-data-commons/1.11.0.RELEASE/spring-data-commons-1.11.0.RELEASE.jar!/org/springframework/data/repository/support/PagingAndSortingRepositoryInvoker.class], URL [jar:file:/home/aluno/.m2/repository/org/springframework/data/spring-data-commons/1.11.0.RELEASE/spring-data-commons-1.11.0.RELEASE.jar!/org/springframework/data/repository/support/QueryMethodParameterConversionException.class], URL [jar:file:/home/aluno/.m2/repository/org/springframework/data/spring-data-commons/1.11.0.RELEASE/spring-data-commons-1.11.0.RELEASE.jar!/org/springframework/data/repository/support/MethodParameters.class], URL [jar:file:/home/aluno/.m2/repository/org/springframework/data/spring-data-commons/1.11.0.RELEASE/spring-data-commons-1.11.0.RELEASE.jar!/org/springframework/data/repository/support/RepositoryInvoker.class], URL [jar:file:/home/aluno/.m2/repository/org/springframework/data/spring-data-commons/1.11.0.RELEASE/spring-data-commons-1.11.0.RELEASE.jar!/org/springframework/data/repository/support/RepositoryInvokerFactory.class], URL [jar:file:/home/aluno/.m2/repository/org/springframework/data/spring-data-commons/1.11.0.RELEASE/spring-data-commons-1.11.0.RELEASE.jar!/org/springframework/data/repository/support/DomainClassPropertyEditorRegistrar.class], URL [jar:file:/home/aluno/.m2/repository/org/springframework/data/spring-data-commons/1.11.0.RELEASE/spring-data-commons-1.11.0.RELEASE.jar!/org/springframework/data/repository/support/AnnotationAttribute.class], URL [jar:file:/home/aluno/.m2/repository/org/springframework/data/spring-data-commons/1.11.0.RELEASE/spring-data-commons-1.11.0.RELEASE.jar!/org/springframework/data/repository/support/DefaultRepositoryInvokerFactory.class], URL [jar:file:/home/aluno/.m2/repository/org/springframework/data/spring-data-commons/1.11.0.RELEASE/spring-data-commons-1.11.0.RELEASE.jar!/org/springframework/data/repository/support/MethodParameters$AnnotationNamingMethodParameter.class], URL [jar:file:/home/aluno/.m2/repository/org/springframework/data/spring-data-commons/1.11.0.RELEASE/spring-data-commons-1.11.0.RELEASE.jar!/org/springframework/data/repository/support/CrudRepositoryInvoker.class], URL [jar:file:/home/aluno/.m2/repository/org/springframework/data/spring-data-commons/1.11.0.RELEASE/spring-data-commons-1.11.0.RELEASE.jar!/org/springframework/data/repository/support/Repositories.class], URL [jar:file:/home/aluno/.m2/repository/org/springframework/data/spring-data-commons/1.11.0.RELEASE/spring-data-commons-1.11.0.RELEASE.jar!/org/springframework/data/repository/support/DomainClassConverter$ToEntityConverter.class], URL [jar:file:/home/aluno/.m2/repository/org/springframework/data/spring-data-commons/1.11.0.RELEASE/spring-data-commons-1.11.0.RELEASE.jar!/org/springframework/data/repository/support/ReflectionRepositoryInvoker.class], URL [jar:file:/home/aluno/.m2/repository/org/springframework/data/spring-data-commons/1.11.0.RELEASE/spring-data-commons-1.11.0.RELEASE.jar!/org/springframework/data/repository/support/DomainClassPropertyEditor.class], URL [jar:file:/home/aluno/.m2/repository/org/springframework/data/spring-data-commons/1.11.0.RELEASE/spring-data-commons-1.11.0.RELEASE.jar!/org/springframework/data/repository/support/DomainClassConverter.class], URL [jar:file:/home/aluno/.m2/repository/org/springframework/data/spring-data-commons/1.11.0.RELEASE/spring-data-commons-1.11.0.RELEASE.jar!/org/springframework/data/repository/support/DomainClassConverter$1.class], URL [jar:file:/home/aluno/.m2/repository/org/springframework/data/spring-data-commons/1.11.0.RELEASE/spring-data-commons-1.11.0.RELEASE.jar!/org/springframework/data/repository/support/RepositoryInvocationInformation.class], URL [jar:file:/home/aluno/.m2/repository/org/springframework/data/spring-data-keyvalue/1.0.0.M1/spring-data-keyvalue-1.0.0.M1.jar!/org/springframework/data/keyvalue/repository/support/KeyValueRepositoryFactory$KeyValueQueryLookupStrategy.class], URL [jar:file:/home/aluno/.m2/repository/org/springframework/data/spring-data-keyvalue/1.0.0.M1/spring-data-keyvalue-1.0.0.M1.jar!/org/springframework/data/keyvalue/repository/support/QuerydslKeyValueRepository.class], URL [jar:file:/home/aluno/.m2/repository/org/springframework/data/spring-data-keyvalue/1.0.0.M1/spring-data-keyvalue-1.0.0.M1.jar!/org/springframework/data/keyvalue/repository/support/KeyValueRepositoryFactoryBean.class], URL [jar:file:/home/aluno/.m2/repository/org/springframework/data/spring-data-keyvalue/1.0.0.M1/spring-data-keyvalue-1.0.0.M1.jar!/org/springframework/data/keyvalue/repository/support/KeyValueQuerydslUtils$1.class], URL [jar:file:/home/aluno/.m2/repository/org/springframework/data/spring-data-keyvalue/1.0.0.M1/spring-data-keyvalue-1.0.0.M1.jar!/org/springframework/data/keyvalue/repository/support/KeyValueQuerydslUtils.class], URL [jar:file:/home/aluno/.m2/repository/org/springframework/data/spring-data-keyvalue/1.0.0.M1/spring-data-keyvalue-1.0.0.M1.jar!/org/springframework/data/keyvalue/repository/support/KeyValueRepositoryFactory.class], URL [jar:file:/home/aluno/.m2/repository/org/springframework/data/spring-data-keyvalue/1.0.0.M1/spring-data-keyvalue-1.0.0.M1.jar!/org/springframework/data/keyvalue/repository/support/SimpleKeyValueRepository.class]]
16:37:24.748 [main] DEBUG o.s.c.a.ClassPathScanningCandidateComponentProvider - Identified candidate component class: file [/home/aluno/spring-projects/maven/spring-data-aerospike/target/classes/org/springframework/data/aerospike/repository/support/AerospikeRepositoryFactory.class]
16:37:24.753 [main] DEBUG o.s.c.a.ClassPathScanningCandidateComponentProvider - Identified candidate component class: URL [jar:file:/home/aluno/.m2/repository/org/springframework/data/spring-data-keyvalue/1.0.0.M1/spring-data-keyvalue-1.0.0.M1.jar!/org/springframework/data/keyvalue/repository/support/KeyValueRepositoryFactory.class]
16:37:24.753 [main] DEBUG o.s.d.r.c.RepositoryConfigurationDelegate - Multiple Spring Data modules found, entering strict repository configuration mode!
16:37:24.753 [main] DEBUG o.s.core.env.StandardEnvironment - Adding [systemProperties] PropertySource with lowest search precedence
16:37:24.753 [main] DEBUG o.s.core.env.StandardEnvironment - Adding [systemEnvironment] PropertySource with lowest search precedence
16:37:24.753 [main] DEBUG o.s.core.env.StandardEnvironment - Initialized StandardEnvironment with PropertySources [systemProperties,systemEnvironment]
16:37:24.753 [main] DEBUG o.s.c.i.s.PathMatchingResourcePatternResolver - Looking for matching resources in directory tree [/home/aluno/spring-projects/maven/spring-data-aerospike/target/test-classes/org/springframework/data/aerospike/repository]
16:37:24.753 [main] DEBUG o.s.c.i.s.PathMatchingResourcePatternResolver - Searching directory [/home/aluno/spring-projects/maven/spring-data-aerospike/target/test-classes/org/springframework/data/aerospike/repository] for files matching pattern [/home/aluno/spring-projects/maven/spring-data-aerospike/target/test-classes/org/springframework/data/aerospike/repository/**/*.class]
16:37:24.754 [main] DEBUG o.s.c.i.s.PathMatchingResourcePatternResolver - Searching directory [/home/aluno/spring-projects/maven/spring-data-aerospike/target/test-classes/org/springframework/data/aerospike/repository/support] for files matching pattern [/home/aluno/spring-projects/maven/spring-data-aerospike/target/test-classes/org/springframework/data/aerospike/repository/**/*.class]
16:37:24.754 [main] DEBUG o.s.c.i.s.PathMatchingResourcePatternResolver - Searching directory [/home/aluno/spring-projects/maven/spring-data-aerospike/target/test-classes/org/springframework/data/aerospike/repository/query] for files matching pattern [/home/aluno/spring-projects/maven/spring-data-aerospike/target/test-classes/org/springframework/data/aerospike/repository/**/*.class]
16:37:24.754 [main] DEBUG o.s.c.i.s.PathMatchingResourcePatternResolver - Looking for matching resources in directory tree [/home/aluno/spring-projects/maven/spring-data-aerospike/target/classes/org/springframework/data/aerospike/repository]
16:37:24.754 [main] DEBUG o.s.c.i.s.PathMatchingResourcePatternResolver - Searching directory [/home/aluno/spring-projects/maven/spring-data-aerospike/target/classes/org/springframework/data/aerospike/repository] for files matching pattern [/home/aluno/spring-projects/maven/spring-data-aerospike/target/classes/org/springframework/data/aerospike/repository/**/*.class]
16:37:24.754 [main] DEBUG o.s.c.i.s.PathMatchingResourcePatternResolver - Searching directory [/home/aluno/spring-projects/maven/spring-data-aerospike/target/classes/org/springframework/data/aerospike/repository/support] for files matching pattern [/home/aluno/spring-projects/maven/spring-data-aerospike/target/classes/org/springframework/data/aerospike/repository/**/*.class]
16:37:24.754 [main] DEBUG o.s.c.i.s.PathMatchingResourcePatternResolver - Searching directory [/home/aluno/spring-projects/maven/spring-data-aerospike/target/classes/org/springframework/data/aerospike/repository/config] for files matching pattern [/home/aluno/spring-projects/maven/spring-data-aerospike/target/classes/org/springframework/data/aerospike/repository/**/*.class]
16:37:24.754 [main] DEBUG o.s.c.i.s.PathMatchingResourcePatternResolver - Searching directory [/home/aluno/spring-projects/maven/spring-data-aerospike/target/classes/org/springframework/data/aerospike/repository/query] for files matching pattern [/home/aluno/spring-projects/maven/spring-data-aerospike/target/classes/org/springframework/data/aerospike/repository/**/*.class]
16:37:24.754 [main] DEBUG o.s.c.i.s.PathMatchingResourcePatternResolver - Resolved location pattern [classpath*:org/springframework/data/aerospike/repository/**/*.class] to resources [file [/home/aluno/spring-projects/maven/spring-data-aerospike/target/test-classes/org/springframework/data/aerospike/repository/Credentials.class], file [/home/aluno/spring-projects/maven/spring-data-aerospike/target/test-classes/org/springframework/data/aerospike/repository/AbstractPersonRepositoryIntegrationTests$1.class], file [/home/aluno/spring-projects/maven/spring-data-aerospike/target/test-classes/org/springframework/data/aerospike/repository/PersonRepository.class], file [/home/aluno/spring-projects/maven/spring-data-aerospike/target/test-classes/org/springframework/data/aerospike/repository/TestConfigPerson.class], file [/home/aluno/spring-projects/maven/spring-data-aerospike/target/test-classes/org/springframework/data/aerospike/repository/Address.class], file [/home/aluno/spring-projects/maven/spring-data-aerospike/target/test-classes/org/springframework/data/aerospike/repository/Person$Sex.class], file [/home/aluno/spring-projects/maven/spring-data-aerospike/target/test-classes/org/springframework/data/aerospike/repository/Person.class], file [/home/aluno/spring-projects/maven/spring-data-aerospike/target/test-classes/org/springframework/data/aerospike/repository/ContactRepository.class], file [/home/aluno/spring-projects/maven/spring-data-aerospike/target/test-classes/org/springframework/data/aerospike/repository/AbstractPersonRepositoryIntegrationTests.class], file [/home/aluno/spring-projects/maven/spring-data-aerospike/target/test-classes/org/springframework/data/aerospike/repository/User.class], file [/home/aluno/spring-projects/maven/spring-data-aerospike/target/test-classes/org/springframework/data/aerospike/repository/CustomerRepositoriesIntegrationTests$Config.class], file [/home/aluno/spring-projects/maven/spring-data-aerospike/target/test-classes/org/springframework/data/aerospike/repository/AnnotatedPerson.class], file [/home/aluno/spring-projects/maven/spring-data-aerospike/target/test-classes/org/springframework/data/aerospike/repository/support/SimpleAerospikeRepositoryTest$5.class], file [/home/aluno/spring-projects/maven/spring-data-aerospike/target/test-classes/org/springframework/data/aerospike/repository/support/SimpleAerospikeRepositoryTest$9.class], file [/home/aluno/spring-projects/maven/spring-data-aerospike/target/test-classes/org/springframework/data/aerospike/repository/support/SimpleAerospikeRepositoryTest$4.class], file [/home/aluno/spring-projects/maven/spring-data-aerospike/target/test-classes/org/springframework/data/aerospike/repository/support/AerospikeRepositoryFactoryTest.class], file [/home/aluno/spring-projects/maven/spring-data-aerospike/target/test-classes/org/springframework/data/aerospike/repository/support/SimpleAerospikeRepositoryTest.class], file [/home/aluno/spring-projects/maven/spring-data-aerospike/target/test-classes/org/springframework/data/aerospike/repository/support/SimpleAerospikeRepositoryTest$1.class], file [/home/aluno/spring-projects/maven/spring-data-aerospike/target/test-classes/org/springframework/data/aerospike/repository/support/SimpleAerospikeRepositoryTest$3.class], file [/home/aluno/spring-projects/maven/spring-data-aerospike/target/test-classes/org/springframework/data/aerospike/repository/support/SimpleAerospikeRepositoryTest$8.class], file [/home/aluno/spring-projects/maven/spring-data-aerospike/target/test-classes/org/springframework/data/aerospike/repository/support/SimpleAerospikeRepositoryTest$6.class], file [/home/aluno/spring-projects/maven/spring-data-aerospike/target/test-classes/org/springframework/data/aerospike/repository/support/SimpleAerospikeRepositoryTest$2.class], file [/home/aluno/spring-projects/maven/spring-data-aerospike/target/test-classes/org/springframework/data/aerospike/repository/support/AllTests.class], file [/home/aluno/spring-projects/maven/spring-data-aerospike/target/test-classes/org/springframework/data/aerospike/repository/support/SimpleAerospikeRepositoryTest$7.class], file [/home/aluno/spring-projects/maven/spring-data-aerospike/target/test-classes/org/springframework/data/aerospike/repository/Contact.class], file [/home/aluno/spring-projects/maven/spring-data-aerospike/target/test-classes/org/springframework/data/aerospike/repository/AllTests.class], file [/home/aluno/spring-projects/maven/spring-data-aerospike/target/test-classes/org/springframework/data/aerospike/repository/PersonRepositoryIntegrationTests.class], file [/home/aluno/spring-projects/maven/spring-data-aerospike/target/test-classes/org/springframework/data/aerospike/repository/query/StubParameterAccessor.class], file [/home/aluno/spring-projects/maven/spring-data-aerospike/target/test-classes/org/springframework/data/aerospike/repository/query/AllTests.class], file [/home/aluno/spring-projects/maven/spring-data-aerospike/target/test-classes/org/springframework/data/aerospike/repository/query/AerospikePartTreeQueryTest.class], file [/home/aluno/spring-projects/maven/spring-data-aerospike/target/test-classes/org/springframework/data/aerospike/repository/CustomerRepositoriesIntegrationTests.class], file [/home/aluno/spring-projects/maven/spring-data-aerospike/target/classes/org/springframework/data/aerospike/repository/AerospikeRepository.class], file [/home/aluno/spring-projects/maven/spring-data-aerospike/target/classes/org/springframework/data/aerospike/repository/support/AerospikeRepositoryFactoryBean.class], file [/home/aluno/spring-projects/maven/spring-data-aerospike/target/classes/org/springframework/data/aerospike/repository/support/AerospikeRepositoryFactory$AerospikeQueryLookupStrategy.class], file [/home/aluno/spring-projects/maven/spring-data-aerospike/target/classes/org/springframework/data/aerospike/repository/support/AerospikeRepositoryFactory.class], file [/home/aluno/spring-projects/maven/spring-data-aerospike/target/classes/org/springframework/data/aerospike/repository/support/SimpleAerospikeRepository.class], file [/home/aluno/spring-projects/maven/spring-data-aerospike/target/classes/org/springframework/data/aerospike/repository/config/AerospikeRepositoriesRegistrar.class], file [/home/aluno/spring-projects/maven/spring-data-aerospike/target/classes/org/springframework/data/aerospike/repository/config/EnableAerospikeRepositories.class], file [/home/aluno/spring-projects/maven/spring-data-aerospike/target/classes/org/springframework/data/aerospike/repository/config/AerospikeRepositoriesRegistrar$1.class], file [/home/aluno/spring-projects/maven/spring-data-aerospike/target/classes/org/springframework/data/aerospike/repository/config/AerospikeRepositoriesRegistrar$AerospikeRepositoryConfigurationExtension.class], file [/home/aluno/spring-projects/maven/spring-data-aerospike/target/classes/org/springframework/data/aerospike/repository/query/AerospikeParameterAccessor.class], file [/home/aluno/spring-projects/maven/spring-data-aerospike/target/classes/org/springframework/data/aerospike/repository/query/Query.class], file [/home/aluno/spring-projects/maven/spring-data-aerospike/target/classes/org/springframework/data/aerospike/repository/query/ConvertingParameterAccessor.class], file [/home/aluno/spring-projects/maven/spring-data-aerospike/target/classes/org/springframework/data/aerospike/repository/query/AerospikeQueryCreator$1.class], file [/home/aluno/spring-projects/maven/spring-data-aerospike/target/classes/org/springframework/data/aerospike/repository/query/CriteriaDefinition.class], file [/home/aluno/spring-projects/maven/spring-data-aerospike/target/classes/org/springframework/data/aerospike/repository/query/TextCriteria.class], file [/home/aluno/spring-projects/maven/spring-data-aerospike/target/classes/org/springframework/data/aerospike/repository/query/Criteria.class], file [/home/aluno/spring-projects/maven/spring-data-aerospike/target/classes/org/springframework/data/aerospike/repository/query/AerospikePartTreeQuery.class], file [/home/aluno/spring-projects/maven/spring-data-aerospike/target/classes/org/springframework/data/aerospike/repository/query/AerospikeQueryCreator.class]]
16:37:24.755 [main] DEBUG o.s.d.r.c.RepositoryComponentProvider - Identified candidate component class: file [/home/aluno/spring-projects/maven/spring-data-aerospike/target/test-classes/org/springframework/data/aerospike/repository/PersonRepository.class]
16:37:24.756 [main] DEBUG o.s.d.r.c.RepositoryComponentProvider - Identified candidate component class: file [/home/aluno/spring-projects/maven/spring-data-aerospike/target/test-classes/org/springframework/data/aerospike/repository/ContactRepository.class]
16:37:24.762 [main] DEBUG o.s.core.env.StandardEnvironment - Adding [systemProperties] PropertySource with lowest search precedence
16:37:24.763 [main] DEBUG o.s.core.env.StandardEnvironment - Adding [systemEnvironment] PropertySource with lowest search precedence
16:37:24.763 [main] DEBUG o.s.core.env.StandardEnvironment - Initialized StandardEnvironment with PropertySources [systemProperties,systemEnvironment]
16:37:24.763 [main] DEBUG o.s.c.i.s.PathMatchingResourcePatternResolver - Looking for matching resources in directory tree [/home/aluno/spring-projects/maven/spring-data-aerospike/target/test-classes/org/springframework/data/aerospike/repository]
16:37:24.763 [main] DEBUG o.s.c.i.s.PathMatchingResourcePatternResolver - Searching directory [/home/aluno/spring-projects/maven/spring-data-aerospike/target/test-classes/org/springframework/data/aerospike/repository] for files matching pattern [/home/aluno/spring-projects/maven/spring-data-aerospike/target/test-classes/org/springframework/data/aerospike/repository/**/*PersonRepositoryImpl.class]
16:37:24.763 [main] DEBUG o.s.c.i.s.PathMatchingResourcePatternResolver - Searching directory [/home/aluno/spring-projects/maven/spring-data-aerospike/target/test-classes/org/springframework/data/aerospike/repository/support] for files matching pattern [/home/aluno/spring-projects/maven/spring-data-aerospike/target/test-classes/org/springframework/data/aerospike/repository/**/*PersonRepositoryImpl.class]
16:37:24.763 [main] DEBUG o.s.c.i.s.PathMatchingResourcePatternResolver - Searching directory [/home/aluno/spring-projects/maven/spring-data-aerospike/target/test-classes/org/springframework/data/aerospike/repository/query] for files matching pattern [/home/aluno/spring-projects/maven/spring-data-aerospike/target/test-classes/org/springframework/data/aerospike/repository/**/*PersonRepositoryImpl.class]
16:37:24.763 [main] DEBUG o.s.c.i.s.PathMatchingResourcePatternResolver - Looking for matching resources in directory tree [/home/aluno/spring-projects/maven/spring-data-aerospike/target/classes/org/springframework/data/aerospike/repository]
16:37:24.763 [main] DEBUG o.s.c.i.s.PathMatchingResourcePatternResolver - Searching directory [/home/aluno/spring-projects/maven/spring-data-aerospike/target/classes/org/springframework/data/aerospike/repository] for files matching pattern [/home/aluno/spring-projects/maven/spring-data-aerospike/target/classes/org/springframework/data/aerospike/repository/**/*PersonRepositoryImpl.class]
16:37:24.763 [main] DEBUG o.s.c.i.s.PathMatchingResourcePatternResolver - Searching directory [/home/aluno/spring-projects/maven/spring-data-aerospike/target/classes/org/springframework/data/aerospike/repository/support] for files matching pattern [/home/aluno/spring-projects/maven/spring-data-aerospike/target/classes/org/springframework/data/aerospike/repository/**/*PersonRepositoryImpl.class]
16:37:24.764 [main] DEBUG o.s.c.i.s.PathMatchingResourcePatternResolver - Searching directory [/home/aluno/spring-projects/maven/spring-data-aerospike/target/classes/org/springframework/data/aerospike/repository/config] for files matching pattern [/home/aluno/spring-projects/maven/spring-data-aerospike/target/classes/org/springframework/data/aerospike/repository/**/*PersonRepositoryImpl.class]
16:37:24.764 [main] DEBUG o.s.c.i.s.PathMatchingResourcePatternResolver - Searching directory [/home/aluno/spring-projects/maven/spring-data-aerospike/target/classes/org/springframework/data/aerospike/repository/query] for files matching pattern [/home/aluno/spring-projects/maven/spring-data-aerospike/target/classes/org/springframework/data/aerospike/repository/**/*PersonRepositoryImpl.class]
16:37:24.764 [main] DEBUG o.s.c.i.s.PathMatchingResourcePatternResolver - Resolved location pattern [classpath*:org/springframework/data/aerospike/repository/**/*PersonRepositoryImpl.class] to resources []
16:37:24.764 [main] DEBUG o.s.d.r.c.RepositoryConfigurationDelegate - Spring Data Aerospike - Registering repository: personRepository - Interface: org.springframework.data.aerospike.repository.PersonRepository - Factory: org.springframework.data.keyvalue.repository.support.KeyValueRepositoryFactoryBean
16:37:24.764 [main] DEBUG o.s.core.env.StandardEnvironment - Adding [systemProperties] PropertySource with lowest search precedence
16:37:24.764 [main] DEBUG o.s.core.env.StandardEnvironment - Adding [systemEnvironment] PropertySource with lowest search precedence
16:37:24.764 [main] DEBUG o.s.core.env.StandardEnvironment - Initialized StandardEnvironment with PropertySources [systemProperties,systemEnvironment]
16:37:24.764 [main] DEBUG o.s.c.i.s.PathMatchingResourcePatternResolver - Looking for matching resources in directory tree [/home/aluno/spring-projects/maven/spring-data-aerospike/target/test-classes/org/springframework/data/aerospike/repository]
16:37:24.765 [main] DEBUG o.s.c.i.s.PathMatchingResourcePatternResolver - Searching directory [/home/aluno/spring-projects/maven/spring-data-aerospike/target/test-classes/org/springframework/data/aerospike/repository] for files matching pattern [/home/aluno/spring-projects/maven/spring-data-aerospike/target/test-classes/org/springframework/data/aerospike/repository/**/*ContactRepositoryImpl.class]
16:37:24.765 [main] DEBUG o.s.c.i.s.PathMatchingResourcePatternResolver - Searching directory [/home/aluno/spring-projects/maven/spring-data-aerospike/target/test-classes/org/springframework/data/aerospike/repository/support] for files matching pattern [/home/aluno/spring-projects/maven/spring-data-aerospike/target/test-classes/org/springframework/data/aerospike/repository/**/*ContactRepositoryImpl.class]
16:37:24.765 [main] DEBUG o.s.c.i.s.PathMatchingResourcePatternResolver - Searching directory [/home/aluno/spring-projects/maven/spring-data-aerospike/target/test-classes/org/springframework/data/aerospike/repository/query] for files matching pattern [/home/aluno/spring-projects/maven/spring-data-aerospike/target/test-classes/org/springframework/data/aerospike/repository/**/*ContactRepositoryImpl.class]
16:37:24.765 [main] DEBUG o.s.c.i.s.PathMatchingResourcePatternResolver - Looking for matching resources in directory tree [/home/aluno/spring-projects/maven/spring-data-aerospike/target/classes/org/springframework/data/aerospike/repository]
16:37:24.765 [main] DEBUG o.s.c.i.s.PathMatchingResourcePatternResolver - Searching directory [/home/aluno/spring-projects/maven/spring-data-aerospike/target/classes/org/springframework/data/aerospike/repository] for files matching pattern [/home/aluno/spring-projects/maven/spring-data-aerospike/target/classes/org/springframework/data/aerospike/repository/**/*ContactRepositoryImpl.class]
16:37:24.765 [main] DEBUG o.s.c.i.s.PathMatchingResourcePatternResolver - Searching directory [/home/aluno/spring-projects/maven/spring-data-aerospike/target/classes/org/springframework/data/aerospike/repository/support] for files matching pattern [/home/aluno/spring-projects/maven/spring-data-aerospike/target/classes/org/springframework/data/aerospike/repository/**/*ContactRepositoryImpl.class]
16:37:24.765 [main] DEBUG o.s.c.i.s.PathMatchingResourcePatternResolver - Searching directory [/home/aluno/spring-projects/maven/spring-data-aerospike/target/classes/org/springframework/data/aerospike/repository/config] for files matching pattern [/home/aluno/spring-projects/maven/spring-data-aerospike/target/classes/org/springframework/data/aerospike/repository/**/*ContactRepositoryImpl.class]
16:37:24.765 [main] DEBUG o.s.c.i.s.PathMatchingResourcePatternResolver - Searching directory [/home/aluno/spring-projects/maven/spring-data-aerospike/target/classes/org/springframework/data/aerospike/repository/query] for files matching pattern [/home/aluno/spring-projects/maven/spring-data-aerospike/target/classes/org/springframework/data/aerospike/repository/**/*ContactRepositoryImpl.class]
16:37:24.765 [main] DEBUG o.s.c.i.s.PathMatchingResourcePatternResolver - Resolved location pattern [classpath*:org/springframework/data/aerospike/repository/**/*ContactRepositoryImpl.class] to resources []
16:37:24.766 [main] DEBUG o.s.d.r.c.RepositoryConfigurationDelegate - Spring Data Aerospike - Registering repository: contactRepository - Interface: org.springframework.data.aerospike.repository.ContactRepository - Factory: org.springframework.data.keyvalue.repository.support.KeyValueRepositoryFactoryBean
16:37:24.766 [main] DEBUG o.s.c.a.ConfigurationClassEnhancer - Successfully enhanced org.springframework.data.aerospike.repository.TestConfigPerson; enhanced class name is: org.springframework.data.aerospike.repository.TestConfigPerson$$EnhancerBySpringCGLIB$$3f27a8da
16:37:24.766 [main] DEBUG o.s.c.a.ConfigurationClassPostProcessor - Replacing bean definition 'testConfigPerson' existing class name 'org.springframework.data.aerospike.repository.TestConfigPerson' with enhanced class name 'org.springframework.data.aerospike.repository.TestConfigPerson$$EnhancerBySpringCGLIB$$3f27a8da'
16:37:24.767 [main] DEBUG o.s.b.f.s.DefaultListableBeanFactory - Creating shared instance of singleton bean 'org.springframework.context.annotation.internalAutowiredAnnotationProcessor'
16:37:24.767 [main] DEBUG o.s.b.f.s.DefaultListableBeanFactory - Creating instance of bean 'org.springframework.context.annotation.internalAutowiredAnnotationProcessor'
16:37:24.767 [main] DEBUG o.s.b.f.s.DefaultListableBeanFactory - Eagerly caching bean 'org.springframework.context.annotation.internalAutowiredAnnotationProcessor' to allow for resolving potential circular references
16:37:24.767 [main] DEBUG o.s.b.f.s.DefaultListableBeanFactory - Finished creating instance of bean 'org.springframework.context.annotation.internalAutowiredAnnotationProcessor'
16:37:24.767 [main] DEBUG o.s.b.f.s.DefaultListableBeanFactory - Creating shared instance of singleton bean 'org.springframework.context.annotation.internalRequiredAnnotationProcessor'
16:37:24.767 [main] DEBUG o.s.b.f.s.DefaultListableBeanFactory - Creating instance of bean 'org.springframework.context.annotation.internalRequiredAnnotationProcessor'
16:37:24.767 [main] DEBUG o.s.b.f.s.DefaultListableBeanFactory - Eagerly caching bean 'org.springframework.context.annotation.internalRequiredAnnotationProcessor' to allow for resolving potential circular references
16:37:24.767 [main] DEBUG o.s.b.f.s.DefaultListableBeanFactory - Finished creating instance of bean 'org.springframework.context.annotation.internalRequiredAnnotationProcessor'
16:37:24.767 [main] DEBUG o.s.b.f.s.DefaultListableBeanFactory - Creating shared instance of singleton bean 'org.springframework.context.annotation.internalCommonAnnotationProcessor'
16:37:24.767 [main] DEBUG o.s.b.f.s.DefaultListableBeanFactory - Creating instance of bean 'org.springframework.context.annotation.internalCommonAnnotationProcessor'
16:37:24.767 [main] DEBUG o.s.b.f.s.DefaultListableBeanFactory - Eagerly caching bean 'org.springframework.context.annotation.internalCommonAnnotationProcessor' to allow for resolving potential circular references
16:37:24.767 [main] DEBUG o.s.b.f.s.DefaultListableBeanFactory - Finished creating instance of bean 'org.springframework.context.annotation.internalCommonAnnotationProcessor'
16:37:24.767 [main] DEBUG o.s.b.f.s.DefaultListableBeanFactory - Creating shared instance of singleton bean 'org.springframework.context.annotation.ConfigurationClassPostProcessor.importAwareProcessor'
16:37:24.767 [main] DEBUG o.s.b.f.s.DefaultListableBeanFactory - Creating instance of bean 'org.springframework.context.annotation.ConfigurationClassPostProcessor.importAwareProcessor'
16:37:24.767 [main] DEBUG o.s.b.f.s.DefaultListableBeanFactory - Eagerly caching bean 'org.springframework.context.annotation.ConfigurationClassPostProcessor.importAwareProcessor' to allow for resolving potential circular references
16:37:24.767 [main] DEBUG o.s.b.f.s.DefaultListableBeanFactory - Finished creating instance of bean 'org.springframework.context.annotation.ConfigurationClassPostProcessor.importAwareProcessor'
16:37:24.767 [main] DEBUG o.s.b.f.s.DefaultListableBeanFactory - Creating shared instance of singleton bean 'org.springframework.context.annotation.ConfigurationClassPostProcessor.enhancedConfigurationProcessor'
16:37:24.767 [main] DEBUG o.s.b.f.s.DefaultListableBeanFactory - Creating instance of bean 'org.springframework.context.annotation.ConfigurationClassPostProcessor.enhancedConfigurationProcessor'
16:37:24.767 [main] DEBUG o.s.b.f.s.DefaultListableBeanFactory - Eagerly caching bean 'org.springframework.context.annotation.ConfigurationClassPostProcessor.enhancedConfigurationProcessor' to allow for resolving potential circular references
16:37:24.767 [main] DEBUG o.s.b.f.s.DefaultListableBeanFactory - Finished creating instance of bean 'org.springframework.context.annotation.ConfigurationClassPostProcessor.enhancedConfigurationProcessor'
16:37:24.768 [main] DEBUG o.s.b.f.s.DefaultListableBeanFactory - Creating shared instance of singleton bean 'org.springframework.data.repository.core.support.RepositoryInterfaceAwareBeanPostProcessor'
16:37:24.768 [main] DEBUG o.s.b.f.s.DefaultListableBeanFactory - Creating instance of bean 'org.springframework.data.repository.core.support.RepositoryInterfaceAwareBeanPostProcessor'
16:37:24.768 [main] DEBUG o.s.b.f.s.DefaultListableBeanFactory - Eagerly caching bean 'org.springframework.data.repository.core.support.RepositoryInterfaceAwareBeanPostProcessor' to allow for resolving potential circular references
16:37:24.768 [main] DEBUG o.s.b.f.s.DefaultListableBeanFactory - Finished creating instance of bean 'org.springframework.data.repository.core.support.RepositoryInterfaceAwareBeanPostProcessor'
16:37:24.768 [main] DEBUG o.s.c.s.GenericApplicationContext - Unable to locate MessageSource with name 'messageSource': using default [org.springframework.context.support.DelegatingMessageSource@18eec010]
16:37:24.768 [main] DEBUG o.s.c.s.GenericApplicationContext - Unable to locate ApplicationEventMulticaster with name 'applicationEventMulticaster': using default [org.springframework.context.event.SimpleApplicationEventMulticaster@67c119b7]
16:37:24.768 [main] DEBUG o.s.b.f.s.DefaultListableBeanFactory - Pre-instantiating singletons in org.springframework.beans.factory.support.DefaultListableBeanFactory@5c748168: defining beans [org.springframework.context.annotation.internalConfigurationAnnotationProcessor,org.springframework.context.annotation.internalAutowiredAnnotationProcessor,org.springframework.context.annotation.internalRequiredAnnotationProcessor,org.springframework.context.annotation.internalCommonAnnotationProcessor,testConfigPerson,org.springframework.context.annotation.ConfigurationClassPostProcessor.importAwareProcessor,org.springframework.context.annotation.ConfigurationClassPostProcessor.enhancedConfigurationProcessor,aerospikeTemplate,aerospikeClient,org.springframework.data.aerospike.repository.config.AerospikeRepositoriesRegistrar$AerospikeRepositoryConfigurationExtension#0,org.springframework.data.repository.core.support.RepositoryInterfaceAwareBeanPostProcessor,keyValueMappingContext,personRepository,contactRepository]; root of factory hierarchy
16:37:24.768 [main] DEBUG o.s.b.f.s.DefaultListableBeanFactory - Returning cached instance of singleton bean 'org.springframework.context.annotation.internalConfigurationAnnotationProcessor'
16:37:24.768 [main] DEBUG o.s.b.f.s.DefaultListableBeanFactory - Returning cached instance of singleton bean 'org.springframework.context.annotation.internalAutowiredAnnotationProcessor'
16:37:24.768 [main] DEBUG o.s.b.f.s.DefaultListableBeanFactory - Returning cached instance of singleton bean 'org.springframework.context.annotation.internalRequiredAnnotationProcessor'
16:37:24.768 [main] DEBUG o.s.b.f.s.DefaultListableBeanFactory - Returning cached instance of singleton bean 'org.springframework.context.annotation.internalCommonAnnotationProcessor'
16:37:24.768 [main] DEBUG o.s.b.f.s.DefaultListableBeanFactory - Creating shared instance of singleton bean 'testConfigPerson'
16:37:24.768 [main] DEBUG o.s.b.f.s.DefaultListableBeanFactory - Creating instance of bean 'testConfigPerson'
16:37:24.768 [main] DEBUG o.s.b.f.s.DefaultListableBeanFactory - Eagerly caching bean 'testConfigPerson' to allow for resolving potential circular references
16:37:24.768 [main] DEBUG o.s.b.f.s.DefaultListableBeanFactory - Finished creating instance of bean 'testConfigPerson'
16:37:24.768 [main] DEBUG o.s.b.f.s.DefaultListableBeanFactory - Returning cached instance of singleton bean 'org.springframework.context.annotation.ConfigurationClassPostProcessor.importAwareProcessor'
16:37:24.768 [main] DEBUG o.s.b.f.s.DefaultListableBeanFactory - Returning cached instance of singleton bean 'org.springframework.context.annotation.ConfigurationClassPostProcessor.enhancedConfigurationProcessor'
16:37:24.768 [main] DEBUG o.s.b.f.s.DefaultListableBeanFactory - Creating shared instance of singleton bean 'aerospikeTemplate'
16:37:24.768 [main] DEBUG o.s.b.f.s.DefaultListableBeanFactory - Creating instance of bean 'aerospikeTemplate'
16:37:24.768 [main] DEBUG o.s.b.f.s.DefaultListableBeanFactory - Returning cached instance of singleton bean 'testConfigPerson'
16:37:24.768 [main] DEBUG o.s.b.f.s.DefaultListableBeanFactory - Creating shared instance of singleton bean 'aerospikeClient'
16:37:24.768 [main] DEBUG o.s.b.f.s.DefaultListableBeanFactory - Creating instance of bean 'aerospikeClient'
16:37:24.768 [main] DEBUG o.s.b.f.s.DefaultListableBeanFactory - Returning cached instance of singleton bean 'testConfigPerson'
16:37:26.771 [main] DEBUG o.s.d.a.r.q.AerospikeQueryCreator - AS:Alias 52.41.32.83:3000 failed: Error Code 11: java.net.SocketTimeoutException: connect timed out
16:37:26.771 [main] WARN  o.s.d.a.r.q.AerospikeQueryCreator - AS:Seed 52.41.32.83:3000 failed: Error Code 11: java.net.SocketTimeoutException: connect timed out
16:37:26.773 [main] WARN  o.s.c.s.GenericApplicationContext - Exception encountered during context initialization - cancelling refresh attempt
org.springframework.beans.factory.BeanCreationException: Error creating bean with name 'aerospikeTemplate' defined in org.springframework.data.aerospike.repository.TestConfigPerson: Bean instantiation via factory method failed; nested exception is org.springframework.beans.BeanInstantiationException: Failed to instantiate [org.springframework.data.aerospike.core.AerospikeTemplate]: Factory method 'aerospikeTemplate' threw exception; nested exception is org.springframework.beans.factory.BeanCreationException: Error creating bean with name 'aerospikeClient' defined in org.springframework.data.aerospike.repository.TestConfigPerson: Bean instantiation via factory method failed; nested exception is org.springframework.beans.BeanInstantiationException: Failed to instantiate [com.aerospike.client.AerospikeClient]: Factory method 'aerospikeClient' threw exception; nested exception is com.aerospike.client.AerospikeException$Connection: Error Code 11: Failed to connect to host(s): 
52.41.32.83:3000 Error Code 11: java.net.SocketTimeoutException: connect timed out

	at org.springframework.beans.factory.support.ConstructorResolver.instantiateUsingFactoryMethod(ConstructorResolver.java:599) ~[spring-beans-4.1.7.RELEASE.jar:4.1.7.RELEASE]
	at org.springframework.beans.factory.support.AbstractAutowireCapableBeanFactory.instantiateUsingFactoryMethod(AbstractAutowireCapableBeanFactory.java:1119) ~[spring-beans-4.1.7.RELEASE.jar:4.1.7.RELEASE]
	at org.springframework.beans.factory.support.AbstractAutowireCapableBeanFactory.createBeanInstance(AbstractAutowireCapableBeanFactory.java:1014) ~[spring-beans-4.1.7.RELEASE.jar:4.1.7.RELEASE]
	at org.springframework.beans.factory.support.AbstractAutowireCapableBeanFactory.doCreateBean(AbstractAutowireCapableBeanFactory.java:504) ~[spring-beans-4.1.7.RELEASE.jar:4.1.7.RELEASE]
	at org.springframework.beans.factory.support.AbstractAutowireCapableBeanFactory.createBean(AbstractAutowireCapableBeanFactory.java:476) ~[spring-beans-4.1.7.RELEASE.jar:4.1.7.RELEASE]
	at org.springframework.beans.factory.support.AbstractBeanFactory$1.getObject(AbstractBeanFactory.java:303) ~[spring-beans-4.1.7.RELEASE.jar:4.1.7.RELEASE]
	at org.springframework.beans.factory.support.DefaultSingletonBeanRegistry.getSingleton(DefaultSingletonBeanRegistry.java:230) ~[spring-beans-4.1.7.RELEASE.jar:4.1.7.RELEASE]
	at org.springframework.beans.factory.support.AbstractBeanFactory.doGetBean(AbstractBeanFactory.java:299) ~[spring-beans-4.1.7.RELEASE.jar:4.1.7.RELEASE]
	at org.springframework.beans.factory.support.AbstractBeanFactory.getBean(AbstractBeanFactory.java:194) ~[spring-beans-4.1.7.RELEASE.jar:4.1.7.RELEASE]
	at org.springframework.beans.factory.support.DefaultListableBeanFactory.preInstantiateSingletons(DefaultListableBeanFactory.java:755) ~[spring-beans-4.1.7.RELEASE.jar:4.1.7.RELEASE]
	at org.springframework.context.support.AbstractApplicationContext.finishBeanFactoryInitialization(AbstractApplicationContext.java:757) ~[spring-context-4.1.7.RELEASE.jar:4.1.7.RELEASE]
	at org.springframework.context.support.AbstractApplicationContext.refresh(AbstractApplicationContext.java:480) ~[spring-context-4.1.7.RELEASE.jar:4.1.7.RELEASE]
	at org.springframework.test.context.support.AbstractGenericContextLoader.loadContext(AbstractGenericContextLoader.java:125) [spring-test-4.1.7.RELEASE.jar:4.1.7.RELEASE]
	at org.springframework.test.context.support.AbstractGenericContextLoader.loadContext(AbstractGenericContextLoader.java:60) [spring-test-4.1.7.RELEASE.jar:4.1.7.RELEASE]
	at org.springframework.test.context.support.AbstractDelegatingSmartContextLoader.delegateLoading(AbstractDelegatingSmartContextLoader.java:109) [spring-test-4.1.7.RELEASE.jar:4.1.7.RELEASE]
	at org.springframework.test.context.support.AbstractDelegatingSmartContextLoader.loadContext(AbstractDelegatingSmartContextLoader.java:261) [spring-test-4.1.7.RELEASE.jar:4.1.7.RELEASE]
	at org.springframework.test.context.DefaultCacheAwareContextLoaderDelegate.loadContextInternal(DefaultCacheAwareContextLoaderDelegate.java:68) [spring-test-4.1.7.RELEASE.jar:4.1.7.RELEASE]
	at org.springframework.test.context.DefaultCacheAwareContextLoaderDelegate.loadContext(DefaultCacheAwareContextLoaderDelegate.java:86) [spring-test-4.1.7.RELEASE.jar:4.1.7.RELEASE]
	at org.springframework.test.context.DefaultTestContext.getApplicationContext(DefaultTestContext.java:72) [spring-test-4.1.7.RELEASE.jar:4.1.7.RELEASE]
	at org.springframework.test.context.support.DependencyInjectionTestExecutionListener.injectDependencies(DependencyInjectionTestExecutionListener.java:117) [spring-test-4.1.7.RELEASE.jar:4.1.7.RELEASE]
	at org.springframework.test.context.support.DependencyInjectionTestExecutionListener.prepareTestInstance(DependencyInjectionTestExecutionListener.java:83) [spring-test-4.1.7.RELEASE.jar:4.1.7.RELEASE]
	at org.springframework.test.context.TestContextManager.prepareTestInstance(TestContextManager.java:212) [spring-test-4.1.7.RELEASE.jar:4.1.7.RELEASE]
	at org.springframework.test.context.junit4.SpringJUnit4ClassRunner.createTest(SpringJUnit4ClassRunner.java:200) [spring-test-4.1.7.RELEASE.jar:4.1.7.RELEASE]
	at org.springframework.test.context.junit4.SpringJUnit4ClassRunner$1.runReflectiveCall(SpringJUnit4ClassRunner.java:259) [spring-test-4.1.7.RELEASE.jar:4.1.7.RELEASE]
	at org.junit.internal.runners.model.ReflectiveCallable.run(ReflectiveCallable.java:12) [junit-4.12.jar:4.12]
	at org.springframework.test.context.junit4.SpringJUnit4ClassRunner.methodBlock(SpringJUnit4ClassRunner.java:261) [spring-test-4.1.7.RELEASE.jar:4.1.7.RELEASE]
	at org.springframework.test.context.junit4.SpringJUnit4ClassRunner.runChild(SpringJUnit4ClassRunner.java:219) [spring-test-4.1.7.RELEASE.jar:4.1.7.RELEASE]
	at org.springframework.test.context.junit4.SpringJUnit4ClassRunner.runChild(SpringJUnit4ClassRunner.java:83) [spring-test-4.1.7.RELEASE.jar:4.1.7.RELEASE]
	at org.junit.runners.ParentRunner$3.run(ParentRunner.java:290) [junit-4.12.jar:4.12]
	at org.junit.runners.ParentRunner$1.schedule(ParentRunner.java:71) [junit-4.12.jar:4.12]
	at org.junit.runners.ParentRunner.runChildren(ParentRunner.java:288) [junit-4.12.jar:4.12]
	at org.junit.runners.ParentRunner.access$000(ParentRunner.java:58) [junit-4.12.jar:4.12]
	at org.junit.runners.ParentRunner$2.evaluate(ParentRunner.java:268) [junit-4.12.jar:4.12]
	at org.springframework.test.context.junit4.statements.RunBeforeTestClassCallbacks.evaluate(RunBeforeTestClassCallbacks.java:61) [spring-test-4.1.7.RELEASE.jar:4.1.7.RELEASE]
	at org.springframework.test.context.junit4.statements.RunAfterTestClassCallbacks.evaluate(RunAfterTestClassCallbacks.java:68) [spring-test-4.1.7.RELEASE.jar:4.1.7.RELEASE]
	at org.junit.runners.ParentRunner.run(ParentRunner.java:363) [junit-4.12.jar:4.12]
	at org.springframework.test.context.junit4.SpringJUnit4ClassRunner.run(SpringJUnit4ClassRunner.java:163) [spring-test-4.1.7.RELEASE.jar:4.1.7.RELEASE]
	at org.junit.runners.Suite.runChild(Suite.java:128) [junit-4.12.jar:4.12]
	at org.junit.runners.Suite.runChild(Suite.java:27) [junit-4.12.jar:4.12]
	at org.junit.runners.ParentRunner$3.run(ParentRunner.java:290) [junit-4.12.jar:4.12]
	at org.junit.runners.ParentRunner$1.schedule(ParentRunner.java:71) [junit-4.12.jar:4.12]
	at org.junit.runners.ParentRunner.runChildren(ParentRunner.java:288) [junit-4.12.jar:4.12]
	at org.junit.runners.ParentRunner.access$000(ParentRunner.java:58) [junit-4.12.jar:4.12]
	at org.junit.runners.ParentRunner$2.evaluate(ParentRunner.java:268) [junit-4.12.jar:4.12]
	at org.junit.runners.ParentRunner.run(ParentRunner.java:363) [junit-4.12.jar:4.12]
	at org.apache.maven.surefire.junit4.JUnit4Provider.execute(JUnit4Provider.java:283) [surefire-junit4-2.18.1.jar:2.18.1]
	at org.apache.maven.surefire.junit4.JUnit4Provider.executeWithRerun(JUnit4Provider.java:173) [surefire-junit4-2.18.1.jar:2.18.1]
	at org.apache.maven.surefire.junit4.JUnit4Provider.executeTestSet(JUnit4Provider.java:153) [surefire-junit4-2.18.1.jar:2.18.1]
	at org.apache.maven.surefire.junit4.JUnit4Provider.invoke(JUnit4Provider.java:128) [surefire-junit4-2.18.1.jar:2.18.1]
	at org.apache.maven.surefire.booter.ForkedBooter.invokeProviderInSameClassLoader(ForkedBooter.java:203) [surefire-booter-2.18.1.jar:2.18.1]
	at org.apache.maven.surefire.booter.ForkedBooter.runSuitesInProcess(ForkedBooter.java:155) [surefire-booter-2.18.1.jar:2.18.1]
	at org.apache.maven.surefire.booter.ForkedBooter.main(ForkedBooter.java:103) [surefire-booter-2.18.1.jar:2.18.1]
Caused by: org.springframework.beans.BeanInstantiationException: Failed to instantiate [org.springframework.data.aerospike.core.AerospikeTemplate]: Factory method 'aerospikeTemplate' threw exception; nested exception is org.springframework.beans.factory.BeanCreationException: Error creating bean with name 'aerospikeClient' defined in org.springframework.data.aerospike.repository.TestConfigPerson: Bean instantiation via factory method failed; nested exception is org.springframework.beans.BeanInstantiationException: Failed to instantiate [com.aerospike.client.AerospikeClient]: Factory method 'aerospikeClient' threw exception; nested exception is com.aerospike.client.AerospikeException$Connection: Error Code 11: Failed to connect to host(s): 
52.41.32.83:3000 Error Code 11: java.net.SocketTimeoutException: connect timed out

	at org.springframework.beans.factory.support.SimpleInstantiationStrategy.instantiate(SimpleInstantiationStrategy.java:189) ~[spring-beans-4.1.7.RELEASE.jar:4.1.7.RELEASE]
	at org.springframework.beans.factory.support.ConstructorResolver.instantiateUsingFactoryMethod(ConstructorResolver.java:588) ~[spring-beans-4.1.7.RELEASE.jar:4.1.7.RELEASE]
	... 51 common frames omitted
Caused by: org.springframework.beans.factory.BeanCreationException: Error creating bean with name 'aerospikeClient' defined in org.springframework.data.aerospike.repository.TestConfigPerson: Bean instantiation via factory method failed; nested exception is org.springframework.beans.BeanInstantiationException: Failed to instantiate [com.aerospike.client.AerospikeClient]: Factory method 'aerospikeClient' threw exception; nested exception is com.aerospike.client.AerospikeException$Connection: Error Code 11: Failed to connect to host(s): 
52.41.32.83:3000 Error Code 11: java.net.SocketTimeoutException: connect timed out

	at org.springframework.beans.factory.support.ConstructorResolver.instantiateUsingFactoryMethod(ConstructorResolver.java:599) ~[spring-beans-4.1.7.RELEASE.jar:4.1.7.RELEASE]
	at org.springframework.beans.factory.support.AbstractAutowireCapableBeanFactory.instantiateUsingFactoryMethod(AbstractAutowireCapableBeanFactory.java:1119) ~[spring-beans-4.1.7.RELEASE.jar:4.1.7.RELEASE]
	at org.springframework.beans.factory.support.AbstractAutowireCapableBeanFactory.createBeanInstance(AbstractAutowireCapableBeanFactory.java:1014) ~[spring-beans-4.1.7.RELEASE.jar:4.1.7.RELEASE]
	at org.springframework.beans.factory.support.AbstractAutowireCapableBeanFactory.doCreateBean(AbstractAutowireCapableBeanFactory.java:504) ~[spring-beans-4.1.7.RELEASE.jar:4.1.7.RELEASE]
	at org.springframework.beans.factory.support.AbstractAutowireCapableBeanFactory.createBean(AbstractAutowireCapableBeanFactory.java:476) ~[spring-beans-4.1.7.RELEASE.jar:4.1.7.RELEASE]
	at org.springframework.beans.factory.support.AbstractBeanFactory$1.getObject(AbstractBeanFactory.java:303) ~[spring-beans-4.1.7.RELEASE.jar:4.1.7.RELEASE]
	at org.springframework.beans.factory.support.DefaultSingletonBeanRegistry.getSingleton(DefaultSingletonBeanRegistry.java:230) ~[spring-beans-4.1.7.RELEASE.jar:4.1.7.RELEASE]
	at org.springframework.beans.factory.support.AbstractBeanFactory.doGetBean(AbstractBeanFactory.java:299) ~[spring-beans-4.1.7.RELEASE.jar:4.1.7.RELEASE]
	at org.springframework.beans.factory.support.AbstractBeanFactory.getBean(AbstractBeanFactory.java:194) ~[spring-beans-4.1.7.RELEASE.jar:4.1.7.RELEASE]
	at org.springframework.context.annotation.ConfigurationClassEnhancer$BeanMethodInterceptor.intercept(ConfigurationClassEnhancer.java:322) ~[spring-context-4.1.7.RELEASE.jar:4.1.7.RELEASE]
	at org.springframework.data.aerospike.repository.TestConfigPerson$$EnhancerBySpringCGLIB$$3f27a8da.aerospikeClient(<generated>) ~[spring-core-4.1.7.RELEASE.jar:na]
	at org.springframework.data.aerospike.repository.TestConfigPerson.aerospikeTemplate(TestConfigPerson.java:38) ~[test-classes/:na]
	at org.springframework.data.aerospike.repository.TestConfigPerson$$EnhancerBySpringCGLIB$$3f27a8da.CGLIB$aerospikeTemplate$0(<generated>) ~[spring-core-4.1.7.RELEASE.jar:na]
	at org.springframework.data.aerospike.repository.TestConfigPerson$$EnhancerBySpringCGLIB$$3f27a8da$$FastClassBySpringCGLIB$$38965c5e.invoke(<generated>) ~[spring-core-4.1.7.RELEASE.jar:na]
	at org.springframework.cglib.proxy.MethodProxy.invokeSuper(MethodProxy.java:228) ~[spring-core-4.1.7.RELEASE.jar:4.1.7.RELEASE]
	at org.springframework.context.annotation.ConfigurationClassEnhancer$BeanMethodInterceptor.intercept(ConfigurationClassEnhancer.java:309) ~[spring-context-4.1.7.RELEASE.jar:4.1.7.RELEASE]
	at org.springframework.data.aerospike.repository.TestConfigPerson$$EnhancerBySpringCGLIB$$3f27a8da.aerospikeTemplate(<generated>) ~[spring-core-4.1.7.RELEASE.jar:na]
	at sun.reflect.NativeMethodAccessorImpl.invoke0(Native Method) ~[na:1.8.0_91]
	at sun.reflect.NativeMethodAccessorImpl.invoke(NativeMethodAccessorImpl.java:62) ~[na:1.8.0_91]
	at sun.reflect.DelegatingMethodAccessorImpl.invoke(DelegatingMethodAccessorImpl.java:43) ~[na:1.8.0_91]
	at java.lang.reflect.Method.invoke(Method.java:498) ~[na:1.8.0_91]
	at org.springframework.beans.factory.support.SimpleInstantiationStrategy.instantiate(SimpleInstantiationStrategy.java:162) ~[spring-beans-4.1.7.RELEASE.jar:4.1.7.RELEASE]
	... 52 common frames omitted
Caused by: org.springframework.beans.BeanInstantiationException: Failed to instantiate [com.aerospike.client.AerospikeClient]: Factory method 'aerospikeClient' threw exception; nested exception is com.aerospike.client.AerospikeException$Connection: Error Code 11: Failed to connect to host(s): 
52.41.32.83:3000 Error Code 11: java.net.SocketTimeoutException: connect timed out

	at org.springframework.beans.factory.support.SimpleInstantiationStrategy.instantiate(SimpleInstantiationStrategy.java:189) ~[spring-beans-4.1.7.RELEASE.jar:4.1.7.RELEASE]
	at org.springframework.beans.factory.support.ConstructorResolver.instantiateUsingFactoryMethod(ConstructorResolver.java:588) ~[spring-beans-4.1.7.RELEASE.jar:4.1.7.RELEASE]
	... 73 common frames omitted
Caused by: com.aerospike.client.AerospikeException$Connection: Error Code 11: Failed to connect to host(s): 
52.41.32.83:3000 Error Code 11: java.net.SocketTimeoutException: connect timed out

	at com.aerospike.client.cluster.Cluster.seedNodes(Cluster.java:386) ~[aerospike-client-3.2.3.jar:na]
	at com.aerospike.client.cluster.Cluster.tend(Cluster.java:273) ~[aerospike-client-3.2.3.jar:na]
	at com.aerospike.client.cluster.Cluster.waitTillStabilized(Cluster.java:238) ~[aerospike-client-3.2.3.jar:na]
	at com.aerospike.client.cluster.Cluster.initTendThread(Cluster.java:148) ~[aerospike-client-3.2.3.jar:na]
	at com.aerospike.client.AerospikeClient.<init>(AerospikeClient.java:209) ~[aerospike-client-3.2.3.jar:na]
	at com.aerospike.client.AerospikeClient.<init>(AerospikeClient.java:173) ~[aerospike-client-3.2.3.jar:na]
	at org.springframework.data.aerospike.repository.TestConfigPerson.aerospikeClient(TestConfigPerson.java:32) ~[test-classes/:na]
	at org.springframework.data.aerospike.repository.TestConfigPerson$$EnhancerBySpringCGLIB$$3f27a8da.CGLIB$aerospikeClient$1(<generated>) ~[spring-core-4.1.7.RELEASE.jar:na]
	at org.springframework.data.aerospike.repository.TestConfigPerson$$EnhancerBySpringCGLIB$$3f27a8da$$FastClassBySpringCGLIB$$38965c5e.invoke(<generated>) ~[spring-core-4.1.7.RELEASE.jar:na]
	at org.springframework.cglib.proxy.MethodProxy.invokeSuper(MethodProxy.java:228) ~[spring-core-4.1.7.RELEASE.jar:4.1.7.RELEASE]
	at org.springframework.context.annotation.ConfigurationClassEnhancer$BeanMethodInterceptor.intercept(ConfigurationClassEnhancer.java:309) ~[spring-context-4.1.7.RELEASE.jar:4.1.7.RELEASE]
	at org.springframework.data.aerospike.repository.TestConfigPerson$$EnhancerBySpringCGLIB$$3f27a8da.aerospikeClient(<generated>) ~[spring-core-4.1.7.RELEASE.jar:na]
	at sun.reflect.NativeMethodAccessorImpl.invoke0(Native Method) ~[na:1.8.0_91]
	at sun.reflect.NativeMethodAccessorImpl.invoke(NativeMethodAccessorImpl.java:62) ~[na:1.8.0_91]
	at sun.reflect.DelegatingMethodAccessorImpl.invoke(DelegatingMethodAccessorImpl.java:43) ~[na:1.8.0_91]
	at java.lang.reflect.Method.invoke(Method.java:498) ~[na:1.8.0_91]
	at org.springframework.beans.factory.support.SimpleInstantiationStrategy.instantiate(SimpleInstantiationStrategy.java:162) ~[spring-beans-4.1.7.RELEASE.jar:4.1.7.RELEASE]
	... 74 common frames omitted
16:37:26.774 [main] DEBUG o.s.b.f.s.DefaultListableBeanFactory - Destroying singletons in org.springframework.beans.factory.support.DefaultListableBeanFactory@5c748168: defining beans [org.springframework.context.annotation.internalConfigurationAnnotationProcessor,org.springframework.context.annotation.internalAutowiredAnnotationProcessor,org.springframework.context.annotation.internalRequiredAnnotationProcessor,org.springframework.context.annotation.internalCommonAnnotationProcessor,testConfigPerson,org.springframework.context.annotation.ConfigurationClassPostProcessor.importAwareProcessor,org.springframework.context.annotation.ConfigurationClassPostProcessor.enhancedConfigurationProcessor,aerospikeTemplate,aerospikeClient,org.springframework.data.aerospike.repository.config.AerospikeRepositoriesRegistrar$AerospikeRepositoryConfigurationExtension#0,org.springframework.data.repository.core.support.RepositoryInterfaceAwareBeanPostProcessor,keyValueMappingContext,personRepository,contactRepository]; root of factory hierarchy
16:37:26.775 [main] ERROR o.s.test.context.TestContextManager - Caught exception while allowing TestExecutionListener [org.springframework.test.context.support.DependencyInjectionTestExecutionListener@48e7b3d2] to prepare test instance [org.springframework.data.aerospike.repository.PersonRepositoryIntegrationTests@33cbfa57]
java.lang.IllegalStateException: Failed to load ApplicationContext
	at org.springframework.test.context.DefaultCacheAwareContextLoaderDelegate.loadContext(DefaultCacheAwareContextLoaderDelegate.java:94) ~[spring-test-4.1.7.RELEASE.jar:4.1.7.RELEASE]
	at org.springframework.test.context.DefaultTestContext.getApplicationContext(DefaultTestContext.java:72) ~[spring-test-4.1.7.RELEASE.jar:4.1.7.RELEASE]
	at org.springframework.test.context.support.DependencyInjectionTestExecutionListener.injectDependencies(DependencyInjectionTestExecutionListener.java:117) ~[spring-test-4.1.7.RELEASE.jar:4.1.7.RELEASE]
	at org.springframework.test.context.support.DependencyInjectionTestExecutionListener.prepareTestInstance(DependencyInjectionTestExecutionListener.java:83) ~[spring-test-4.1.7.RELEASE.jar:4.1.7.RELEASE]
	at org.springframework.test.context.TestContextManager.prepareTestInstance(TestContextManager.java:212) ~[spring-test-4.1.7.RELEASE.jar:4.1.7.RELEASE]
	at org.springframework.test.context.junit4.SpringJUnit4ClassRunner.createTest(SpringJUnit4ClassRunner.java:200) [spring-test-4.1.7.RELEASE.jar:4.1.7.RELEASE]
	at org.springframework.test.context.junit4.SpringJUnit4ClassRunner$1.runReflectiveCall(SpringJUnit4ClassRunner.java:259) [spring-test-4.1.7.RELEASE.jar:4.1.7.RELEASE]
	at org.junit.internal.runners.model.ReflectiveCallable.run(ReflectiveCallable.java:12) [junit-4.12.jar:4.12]
	at org.springframework.test.context.junit4.SpringJUnit4ClassRunner.methodBlock(SpringJUnit4ClassRunner.java:261) [spring-test-4.1.7.RELEASE.jar:4.1.7.RELEASE]
	at org.springframework.test.context.junit4.SpringJUnit4ClassRunner.runChild(SpringJUnit4ClassRunner.java:219) [spring-test-4.1.7.RELEASE.jar:4.1.7.RELEASE]
	at org.springframework.test.context.junit4.SpringJUnit4ClassRunner.runChild(SpringJUnit4ClassRunner.java:83) [spring-test-4.1.7.RELEASE.jar:4.1.7.RELEASE]
	at org.junit.runners.ParentRunner$3.run(ParentRunner.java:290) [junit-4.12.jar:4.12]
	at org.junit.runners.ParentRunner$1.schedule(ParentRunner.java:71) [junit-4.12.jar:4.12]
	at org.junit.runners.ParentRunner.runChildren(ParentRunner.java:288) [junit-4.12.jar:4.12]
	at org.junit.runners.ParentRunner.access$000(ParentRunner.java:58) [junit-4.12.jar:4.12]
	at org.junit.runners.ParentRunner$2.evaluate(ParentRunner.java:268) [junit-4.12.jar:4.12]
	at org.springframework.test.context.junit4.statements.RunBeforeTestClassCallbacks.evaluate(RunBeforeTestClassCallbacks.java:61) [spring-test-4.1.7.RELEASE.jar:4.1.7.RELEASE]
	at org.springframework.test.context.junit4.statements.RunAfterTestClassCallbacks.evaluate(RunAfterTestClassCallbacks.java:68) [spring-test-4.1.7.RELEASE.jar:4.1.7.RELEASE]
	at org.junit.runners.ParentRunner.run(ParentRunner.java:363) [junit-4.12.jar:4.12]
	at org.springframework.test.context.junit4.SpringJUnit4ClassRunner.run(SpringJUnit4ClassRunner.java:163) [spring-test-4.1.7.RELEASE.jar:4.1.7.RELEASE]
	at org.junit.runners.Suite.runChild(Suite.java:128) [junit-4.12.jar:4.12]
	at org.junit.runners.Suite.runChild(Suite.java:27) [junit-4.12.jar:4.12]
	at org.junit.runners.ParentRunner$3.run(ParentRunner.java:290) [junit-4.12.jar:4.12]
	at org.junit.runners.ParentRunner$1.schedule(ParentRunner.java:71) [junit-4.12.jar:4.12]
	at org.junit.runners.ParentRunner.runChildren(ParentRunner.java:288) [junit-4.12.jar:4.12]
	at org.junit.runners.ParentRunner.access$000(ParentRunner.java:58) [junit-4.12.jar:4.12]
	at org.junit.runners.ParentRunner$2.evaluate(ParentRunner.java:268) [junit-4.12.jar:4.12]
	at org.junit.runners.ParentRunner.run(ParentRunner.java:363) [junit-4.12.jar:4.12]
	at org.apache.maven.surefire.junit4.JUnit4Provider.execute(JUnit4Provider.java:283) [surefire-junit4-2.18.1.jar:2.18.1]
	at org.apache.maven.surefire.junit4.JUnit4Provider.executeWithRerun(JUnit4Provider.java:173) [surefire-junit4-2.18.1.jar:2.18.1]
	at org.apache.maven.surefire.junit4.JUnit4Provider.executeTestSet(JUnit4Provider.java:153) [surefire-junit4-2.18.1.jar:2.18.1]
	at org.apache.maven.surefire.junit4.JUnit4Provider.invoke(JUnit4Provider.java:128) [surefire-junit4-2.18.1.jar:2.18.1]
	at org.apache.maven.surefire.booter.ForkedBooter.invokeProviderInSameClassLoader(ForkedBooter.java:203) [surefire-booter-2.18.1.jar:2.18.1]
	at org.apache.maven.surefire.booter.ForkedBooter.runSuitesInProcess(ForkedBooter.java:155) [surefire-booter-2.18.1.jar:2.18.1]
	at org.apache.maven.surefire.booter.ForkedBooter.main(ForkedBooter.java:103) [surefire-booter-2.18.1.jar:2.18.1]
Caused by: org.springframework.beans.factory.BeanCreationException: Error creating bean with name 'aerospikeTemplate' defined in org.springframework.data.aerospike.repository.TestConfigPerson: Bean instantiation via factory method failed; nested exception is org.springframework.beans.BeanInstantiationException: Failed to instantiate [org.springframework.data.aerospike.core.AerospikeTemplate]: Factory method 'aerospikeTemplate' threw exception; nested exception is org.springframework.beans.factory.BeanCreationException: Error creating bean with name 'aerospikeClient' defined in org.springframework.data.aerospike.repository.TestConfigPerson: Bean instantiation via factory method failed; nested exception is org.springframework.beans.BeanInstantiationException: Failed to instantiate [com.aerospike.client.AerospikeClient]: Factory method 'aerospikeClient' threw exception; nested exception is com.aerospike.client.AerospikeException$Connection: Error Code 11: Failed to connect to host(s): 
52.41.32.83:3000 Error Code 11: java.net.SocketTimeoutException: connect timed out

	at org.springframework.beans.factory.support.ConstructorResolver.instantiateUsingFactoryMethod(ConstructorResolver.java:599) ~[spring-beans-4.1.7.RELEASE.jar:4.1.7.RELEASE]
	at org.springframework.beans.factory.support.AbstractAutowireCapableBeanFactory.instantiateUsingFactoryMethod(AbstractAutowireCapableBeanFactory.java:1119) ~[spring-beans-4.1.7.RELEASE.jar:4.1.7.RELEASE]
	at org.springframework.beans.factory.support.AbstractAutowireCapableBeanFactory.createBeanInstance(AbstractAutowireCapableBeanFactory.java:1014) ~[spring-beans-4.1.7.RELEASE.jar:4.1.7.RELEASE]
	at org.springframework.beans.factory.support.AbstractAutowireCapableBeanFactory.doCreateBean(AbstractAutowireCapableBeanFactory.java:504) ~[spring-beans-4.1.7.RELEASE.jar:4.1.7.RELEASE]
	at org.springframework.beans.factory.support.AbstractAutowireCapableBeanFactory.createBean(AbstractAutowireCapableBeanFactory.java:476) ~[spring-beans-4.1.7.RELEASE.jar:4.1.7.RELEASE]
	at org.springframework.beans.factory.support.AbstractBeanFactory$1.getObject(AbstractBeanFactory.java:303) ~[spring-beans-4.1.7.RELEASE.jar:4.1.7.RELEASE]
	at org.springframework.beans.factory.support.DefaultSingletonBeanRegistry.getSingleton(DefaultSingletonBeanRegistry.java:230) ~[spring-beans-4.1.7.RELEASE.jar:4.1.7.RELEASE]
	at org.springframework.beans.factory.support.AbstractBeanFactory.doGetBean(AbstractBeanFactory.java:299) ~[spring-beans-4.1.7.RELEASE.jar:4.1.7.RELEASE]
	at org.springframework.beans.factory.support.AbstractBeanFactory.getBean(AbstractBeanFactory.java:194) ~[spring-beans-4.1.7.RELEASE.jar:4.1.7.RELEASE]
	at org.springframework.beans.factory.support.DefaultListableBeanFactory.preInstantiateSingletons(DefaultListableBeanFactory.java:755) ~[spring-beans-4.1.7.RELEASE.jar:4.1.7.RELEASE]
	at org.springframework.context.support.AbstractApplicationContext.finishBeanFactoryInitialization(AbstractApplicationContext.java:757) ~[spring-context-4.1.7.RELEASE.jar:4.1.7.RELEASE]
	at org.springframework.context.support.AbstractApplicationContext.refresh(AbstractApplicationContext.java:480) ~[spring-context-4.1.7.RELEASE.jar:4.1.7.RELEASE]
	at org.springframework.test.context.support.AbstractGenericContextLoader.loadContext(AbstractGenericContextLoader.java:125) ~[spring-test-4.1.7.RELEASE.jar:4.1.7.RELEASE]
	at org.springframework.test.context.support.AbstractGenericContextLoader.loadContext(AbstractGenericContextLoader.java:60) ~[spring-test-4.1.7.RELEASE.jar:4.1.7.RELEASE]
	at org.springframework.test.context.support.AbstractDelegatingSmartContextLoader.delegateLoading(AbstractDelegatingSmartContextLoader.java:109) ~[spring-test-4.1.7.RELEASE.jar:4.1.7.RELEASE]
	at org.springframework.test.context.support.AbstractDelegatingSmartContextLoader.loadContext(AbstractDelegatingSmartContextLoader.java:261) ~[spring-test-4.1.7.RELEASE.jar:4.1.7.RELEASE]
	at org.springframework.test.context.DefaultCacheAwareContextLoaderDelegate.loadContextInternal(DefaultCacheAwareContextLoaderDelegate.java:68) ~[spring-test-4.1.7.RELEASE.jar:4.1.7.RELEASE]
	at org.springframework.test.context.DefaultCacheAwareContextLoaderDelegate.loadContext(DefaultCacheAwareContextLoaderDelegate.java:86) ~[spring-test-4.1.7.RELEASE.jar:4.1.7.RELEASE]
	... 34 common frames omitted
Caused by: org.springframework.beans.BeanInstantiationException: Failed to instantiate [org.springframework.data.aerospike.core.AerospikeTemplate]: Factory method 'aerospikeTemplate' threw exception; nested exception is org.springframework.beans.factory.BeanCreationException: Error creating bean with name 'aerospikeClient' defined in org.springframework.data.aerospike.repository.TestConfigPerson: Bean instantiation via factory method failed; nested exception is org.springframework.beans.BeanInstantiationException: Failed to instantiate [com.aerospike.client.AerospikeClient]: Factory method 'aerospikeClient' threw exception; nested exception is com.aerospike.client.AerospikeException$Connection: Error Code 11: Failed to connect to host(s): 
52.41.32.83:3000 Error Code 11: java.net.SocketTimeoutException: connect timed out

	at org.springframework.beans.factory.support.SimpleInstantiationStrategy.instantiate(SimpleInstantiationStrategy.java:189) ~[spring-beans-4.1.7.RELEASE.jar:4.1.7.RELEASE]
	at org.springframework.beans.factory.support.ConstructorResolver.instantiateUsingFactoryMethod(ConstructorResolver.java:588) ~[spring-beans-4.1.7.RELEASE.jar:4.1.7.RELEASE]
	... 51 common frames omitted
Caused by: org.springframework.beans.factory.BeanCreationException: Error creating bean with name 'aerospikeClient' defined in org.springframework.data.aerospike.repository.TestConfigPerson: Bean instantiation via factory method failed; nested exception is org.springframework.beans.BeanInstantiationException: Failed to instantiate [com.aerospike.client.AerospikeClient]: Factory method 'aerospikeClient' threw exception; nested exception is com.aerospike.client.AerospikeException$Connection: Error Code 11: Failed to connect to host(s): 
52.41.32.83:3000 Error Code 11: java.net.SocketTimeoutException: connect timed out

	at org.springframework.beans.factory.support.ConstructorResolver.instantiateUsingFactoryMethod(ConstructorResolver.java:599) ~[spring-beans-4.1.7.RELEASE.jar:4.1.7.RELEASE]
	at org.springframework.beans.factory.support.AbstractAutowireCapableBeanFactory.instantiateUsingFactoryMethod(AbstractAutowireCapableBeanFactory.java:1119) ~[spring-beans-4.1.7.RELEASE.jar:4.1.7.RELEASE]
	at org.springframework.beans.factory.support.AbstractAutowireCapableBeanFactory.createBeanInstance(AbstractAutowireCapableBeanFactory.java:1014) ~[spring-beans-4.1.7.RELEASE.jar:4.1.7.RELEASE]
	at org.springframework.beans.factory.support.AbstractAutowireCapableBeanFactory.doCreateBean(AbstractAutowireCapableBeanFactory.java:504) ~[spring-beans-4.1.7.RELEASE.jar:4.1.7.RELEASE]
	at org.springframework.beans.factory.support.AbstractAutowireCapableBeanFactory.createBean(AbstractAutowireCapableBeanFactory.java:476) ~[spring-beans-4.1.7.RELEASE.jar:4.1.7.RELEASE]
	at org.springframework.beans.factory.support.AbstractBeanFactory$1.getObject(AbstractBeanFactory.java:303) ~[spring-beans-4.1.7.RELEASE.jar:4.1.7.RELEASE]
	at org.springframework.beans.factory.support.DefaultSingletonBeanRegistry.getSingleton(DefaultSingletonBeanRegistry.java:230) ~[spring-beans-4.1.7.RELEASE.jar:4.1.7.RELEASE]
	at org.springframework.beans.factory.support.AbstractBeanFactory.doGetBean(AbstractBeanFactory.java:299) ~[spring-beans-4.1.7.RELEASE.jar:4.1.7.RELEASE]
	at org.springframework.beans.factory.support.AbstractBeanFactory.getBean(AbstractBeanFactory.java:194) ~[spring-beans-4.1.7.RELEASE.jar:4.1.7.RELEASE]
	at org.springframework.context.annotation.ConfigurationClassEnhancer$BeanMethodInterceptor.intercept(ConfigurationClassEnhancer.java:322) ~[spring-context-4.1.7.RELEASE.jar:4.1.7.RELEASE]
	at org.springframework.data.aerospike.repository.TestConfigPerson$$EnhancerBySpringCGLIB$$3f27a8da.aerospikeClient(<generated>) ~[spring-core-4.1.7.RELEASE.jar:na]
	at org.springframework.data.aerospike.repository.TestConfigPerson.aerospikeTemplate(TestConfigPerson.java:38) ~[test-classes/:na]
	at org.springframework.data.aerospike.repository.TestConfigPerson$$EnhancerBySpringCGLIB$$3f27a8da.CGLIB$aerospikeTemplate$0(<generated>) ~[spring-core-4.1.7.RELEASE.jar:na]
	at org.springframework.data.aerospike.repository.TestConfigPerson$$EnhancerBySpringCGLIB$$3f27a8da$$FastClassBySpringCGLIB$$38965c5e.invoke(<generated>) ~[spring-core-4.1.7.RELEASE.jar:na]
	at org.springframework.cglib.proxy.MethodProxy.invokeSuper(MethodProxy.java:228) ~[spring-core-4.1.7.RELEASE.jar:4.1.7.RELEASE]
	at org.springframework.context.annotation.ConfigurationClassEnhancer$BeanMethodInterceptor.intercept(ConfigurationClassEnhancer.java:309) ~[spring-context-4.1.7.RELEASE.jar:4.1.7.RELEASE]
	at org.springframework.data.aerospike.repository.TestConfigPerson$$EnhancerBySpringCGLIB$$3f27a8da.aerospikeTemplate(<generated>) ~[spring-core-4.1.7.RELEASE.jar:na]
	at sun.reflect.NativeMethodAccessorImpl.invoke0(Native Method) ~[na:1.8.0_91]
	at sun.reflect.NativeMethodAccessorImpl.invoke(NativeMethodAccessorImpl.java:62) ~[na:1.8.0_91]
	at sun.reflect.DelegatingMethodAccessorImpl.invoke(DelegatingMethodAccessorImpl.java:43) ~[na:1.8.0_91]
	at java.lang.reflect.Method.invoke(Method.java:498) ~[na:1.8.0_91]
	at org.springframework.beans.factory.support.SimpleInstantiationStrategy.instantiate(SimpleInstantiationStrategy.java:162) ~[spring-beans-4.1.7.RELEASE.jar:4.1.7.RELEASE]
	... 52 common frames omitted
Caused by: org.springframework.beans.BeanInstantiationException: Failed to instantiate [com.aerospike.client.AerospikeClient]: Factory method 'aerospikeClient' threw exception; nested exception is com.aerospike.client.AerospikeException$Connection: Error Code 11: Failed to connect to host(s): 
52.41.32.83:3000 Error Code 11: java.net.SocketTimeoutException: connect timed out

	at org.springframework.beans.factory.support.SimpleInstantiationStrategy.instantiate(SimpleInstantiationStrategy.java:189) ~[spring-beans-4.1.7.RELEASE.jar:4.1.7.RELEASE]
	at org.springframework.beans.factory.support.ConstructorResolver.instantiateUsingFactoryMethod(ConstructorResolver.java:588) ~[spring-beans-4.1.7.RELEASE.jar:4.1.7.RELEASE]
	... 73 common frames omitted
Caused by: com.aerospike.client.AerospikeException$Connection: Error Code 11: Failed to connect to host(s): 
52.41.32.83:3000 Error Code 11: java.net.SocketTimeoutException: connect timed out

	at com.aerospike.client.cluster.Cluster.seedNodes(Cluster.java:386) ~[aerospike-client-3.2.3.jar:na]
	at com.aerospike.client.cluster.Cluster.tend(Cluster.java:273) ~[aerospike-client-3.2.3.jar:na]
	at com.aerospike.client.cluster.Cluster.waitTillStabilized(Cluster.java:238) ~[aerospike-client-3.2.3.jar:na]
	at com.aerospike.client.cluster.Cluster.initTendThread(Cluster.java:148) ~[aerospike-client-3.2.3.jar:na]
	at com.aerospike.client.AerospikeClient.<init>(AerospikeClient.java:209) ~[aerospike-client-3.2.3.jar:na]
	at com.aerospike.client.AerospikeClient.<init>(AerospikeClient.java:173) ~[aerospike-client-3.2.3.jar:na]
	at org.springframework.data.aerospike.repository.TestConfigPerson.aerospikeClient(TestConfigPerson.java:32) ~[test-classes/:na]
	at org.springframework.data.aerospike.repository.TestConfigPerson$$EnhancerBySpringCGLIB$$3f27a8da.CGLIB$aerospikeClient$1(<generated>) ~[spring-core-4.1.7.RELEASE.jar:na]
	at org.springframework.data.aerospike.repository.TestConfigPerson$$EnhancerBySpringCGLIB$$3f27a8da$$FastClassBySpringCGLIB$$38965c5e.invoke(<generated>) ~[spring-core-4.1.7.RELEASE.jar:na]
	at org.springframework.cglib.proxy.MethodProxy.invokeSuper(MethodProxy.java:228) ~[spring-core-4.1.7.RELEASE.jar:4.1.7.RELEASE]
	at org.springframework.context.annotation.ConfigurationClassEnhancer$BeanMethodInterceptor.intercept(ConfigurationClassEnhancer.java:309) ~[spring-context-4.1.7.RELEASE.jar:4.1.7.RELEASE]
	at org.springframework.data.aerospike.repository.TestConfigPerson$$EnhancerBySpringCGLIB$$3f27a8da.aerospikeClient(<generated>) ~[spring-core-4.1.7.RELEASE.jar:na]
	at sun.reflect.NativeMethodAccessorImpl.invoke0(Native Method) ~[na:1.8.0_91]
	at sun.reflect.NativeMethodAccessorImpl.invoke(NativeMethodAccessorImpl.java:62) ~[na:1.8.0_91]
	at sun.reflect.DelegatingMethodAccessorImpl.invoke(DelegatingMethodAccessorImpl.java:43) ~[na:1.8.0_91]
	at java.lang.reflect.Method.invoke(Method.java:498) ~[na:1.8.0_91]
	at org.springframework.beans.factory.support.SimpleInstantiationStrategy.instantiate(SimpleInstantiationStrategy.java:162) ~[spring-beans-4.1.7.RELEASE.jar:4.1.7.RELEASE]
	... 74 common frames omitted
]]></system-out>
  </testcase>
  <testcase name="findsPersonInAgeRangeAndNameCorrectly" classname="org.springframework.data.aerospike.repository.PersonRepositoryIntegrationTests" time="0.001">
    <error message="Failed to load ApplicationContext" type="java.lang.IllegalStateException"><![CDATA[java.lang.IllegalStateException: Failed to load ApplicationContext
	at org.springframework.test.context.DefaultCacheAwareContextLoaderDelegate.loadContext(DefaultCacheAwareContextLoaderDelegate.java:94)
	at org.springframework.test.context.DefaultTestContext.getApplicationContext(DefaultTestContext.java:72)
	at org.springframework.test.context.support.DependencyInjectionTestExecutionListener.injectDependencies(DependencyInjectionTestExecutionListener.java:117)
	at org.springframework.test.context.support.DependencyInjectionTestExecutionListener.prepareTestInstance(DependencyInjectionTestExecutionListener.java:83)
	at org.springframework.test.context.TestContextManager.prepareTestInstance(TestContextManager.java:212)
	at org.springframework.test.context.junit4.SpringJUnit4ClassRunner.createTest(SpringJUnit4ClassRunner.java:200)
	at org.springframework.test.context.junit4.SpringJUnit4ClassRunner$1.runReflectiveCall(SpringJUnit4ClassRunner.java:259)
	at org.junit.internal.runners.model.ReflectiveCallable.run(ReflectiveCallable.java:12)
	at org.springframework.test.context.junit4.SpringJUnit4ClassRunner.methodBlock(SpringJUnit4ClassRunner.java:261)
	at org.springframework.test.context.junit4.SpringJUnit4ClassRunner.runChild(SpringJUnit4ClassRunner.java:219)
	at org.springframework.test.context.junit4.SpringJUnit4ClassRunner.runChild(SpringJUnit4ClassRunner.java:83)
	at org.junit.runners.ParentRunner$3.run(ParentRunner.java:290)
	at org.junit.runners.ParentRunner$1.schedule(ParentRunner.java:71)
	at org.junit.runners.ParentRunner.runChildren(ParentRunner.java:288)
	at org.junit.runners.ParentRunner.access$000(ParentRunner.java:58)
	at org.junit.runners.ParentRunner$2.evaluate(ParentRunner.java:268)
	at org.springframework.test.context.junit4.statements.RunBeforeTestClassCallbacks.evaluate(RunBeforeTestClassCallbacks.java:61)
	at org.springframework.test.context.junit4.statements.RunAfterTestClassCallbacks.evaluate(RunAfterTestClassCallbacks.java:68)
	at org.junit.runners.ParentRunner.run(ParentRunner.java:363)
	at org.springframework.test.context.junit4.SpringJUnit4ClassRunner.run(SpringJUnit4ClassRunner.java:163)
	at org.junit.runners.Suite.runChild(Suite.java:128)
	at org.junit.runners.Suite.runChild(Suite.java:27)
	at org.junit.runners.ParentRunner$3.run(ParentRunner.java:290)
	at org.junit.runners.ParentRunner$1.schedule(ParentRunner.java:71)
	at org.junit.runners.ParentRunner.runChildren(ParentRunner.java:288)
	at org.junit.runners.ParentRunner.access$000(ParentRunner.java:58)
	at org.junit.runners.ParentRunner$2.evaluate(ParentRunner.java:268)
	at org.junit.runners.ParentRunner.run(ParentRunner.java:363)
	at org.apache.maven.surefire.junit4.JUnit4Provider.execute(JUnit4Provider.java:283)
	at org.apache.maven.surefire.junit4.JUnit4Provider.executeWithRerun(JUnit4Provider.java:173)
	at org.apache.maven.surefire.junit4.JUnit4Provider.executeTestSet(JUnit4Provider.java:153)
	at org.apache.maven.surefire.junit4.JUnit4Provider.invoke(JUnit4Provider.java:128)
	at org.apache.maven.surefire.booter.ForkedBooter.invokeProviderInSameClassLoader(ForkedBooter.java:203)
	at org.apache.maven.surefire.booter.ForkedBooter.runSuitesInProcess(ForkedBooter.java:155)
	at org.apache.maven.surefire.booter.ForkedBooter.main(ForkedBooter.java:103)
Caused by: org.springframework.beans.factory.BeanCreationException: Error creating bean with name 'aerospikeTemplate' defined in org.springframework.data.aerospike.repository.TestConfigPerson: Bean instantiation via factory method failed; nested exception is org.springframework.beans.BeanInstantiationException: Failed to instantiate [org.springframework.data.aerospike.core.AerospikeTemplate]: Factory method 'aerospikeTemplate' threw exception; nested exception is org.springframework.beans.factory.BeanCreationException: Error creating bean with name 'aerospikeClient' defined in org.springframework.data.aerospike.repository.TestConfigPerson: Bean instantiation via factory method failed; nested exception is org.springframework.beans.BeanInstantiationException: Failed to instantiate [com.aerospike.client.AerospikeClient]: Factory method 'aerospikeClient' threw exception; nested exception is com.aerospike.client.AerospikeException$Connection: Error Code 11: Failed to connect to host(s): 
52.41.32.83:3000 Error Code 11: java.net.SocketTimeoutException: connect timed out

	at org.springframework.beans.factory.support.ConstructorResolver.instantiateUsingFactoryMethod(ConstructorResolver.java:599)
	at org.springframework.beans.factory.support.AbstractAutowireCapableBeanFactory.instantiateUsingFactoryMethod(AbstractAutowireCapableBeanFactory.java:1119)
	at org.springframework.beans.factory.support.AbstractAutowireCapableBeanFactory.createBeanInstance(AbstractAutowireCapableBeanFactory.java:1014)
	at org.springframework.beans.factory.support.AbstractAutowireCapableBeanFactory.doCreateBean(AbstractAutowireCapableBeanFactory.java:504)
	at org.springframework.beans.factory.support.AbstractAutowireCapableBeanFactory.createBean(AbstractAutowireCapableBeanFactory.java:476)
	at org.springframework.beans.factory.support.AbstractBeanFactory$1.getObject(AbstractBeanFactory.java:303)
	at org.springframework.beans.factory.support.DefaultSingletonBeanRegistry.getSingleton(DefaultSingletonBeanRegistry.java:230)
	at org.springframework.beans.factory.support.AbstractBeanFactory.doGetBean(AbstractBeanFactory.java:299)
	at org.springframework.beans.factory.support.AbstractBeanFactory.getBean(AbstractBeanFactory.java:194)
	at org.springframework.beans.factory.support.DefaultListableBeanFactory.preInstantiateSingletons(DefaultListableBeanFactory.java:755)
	at org.springframework.context.support.AbstractApplicationContext.finishBeanFactoryInitialization(AbstractApplicationContext.java:757)
	at org.springframework.context.support.AbstractApplicationContext.refresh(AbstractApplicationContext.java:480)
	at org.springframework.test.context.support.AbstractGenericContextLoader.loadContext(AbstractGenericContextLoader.java:125)
	at org.springframework.test.context.support.AbstractGenericContextLoader.loadContext(AbstractGenericContextLoader.java:60)
	at org.springframework.test.context.support.AbstractDelegatingSmartContextLoader.delegateLoading(AbstractDelegatingSmartContextLoader.java:109)
	at org.springframework.test.context.support.AbstractDelegatingSmartContextLoader.loadContext(AbstractDelegatingSmartContextLoader.java:261)
	at org.springframework.test.context.DefaultCacheAwareContextLoaderDelegate.loadContextInternal(DefaultCacheAwareContextLoaderDelegate.java:68)
	at org.springframework.test.context.DefaultCacheAwareContextLoaderDelegate.loadContext(DefaultCacheAwareContextLoaderDelegate.java:86)
	at org.springframework.test.context.DefaultTestContext.getApplicationContext(DefaultTestContext.java:72)
	at org.springframework.test.context.support.DependencyInjectionTestExecutionListener.injectDependencies(DependencyInjectionTestExecutionListener.java:117)
	at org.springframework.test.context.support.DependencyInjectionTestExecutionListener.prepareTestInstance(DependencyInjectionTestExecutionListener.java:83)
	at org.springframework.test.context.TestContextManager.prepareTestInstance(TestContextManager.java:212)
	at org.springframework.test.context.junit4.SpringJUnit4ClassRunner.createTest(SpringJUnit4ClassRunner.java:200)
	at org.springframework.test.context.junit4.SpringJUnit4ClassRunner$1.runReflectiveCall(SpringJUnit4ClassRunner.java:259)
	at org.junit.internal.runners.model.ReflectiveCallable.run(ReflectiveCallable.java:12)
	at org.springframework.test.context.junit4.SpringJUnit4ClassRunner.methodBlock(SpringJUnit4ClassRunner.java:261)
	at org.springframework.test.context.junit4.SpringJUnit4ClassRunner.runChild(SpringJUnit4ClassRunner.java:219)
	at org.springframework.test.context.junit4.SpringJUnit4ClassRunner.runChild(SpringJUnit4ClassRunner.java:83)
	at org.junit.runners.ParentRunner$3.run(ParentRunner.java:290)
	at org.junit.runners.ParentRunner$1.schedule(ParentRunner.java:71)
	at org.junit.runners.ParentRunner.runChildren(ParentRunner.java:288)
	at org.junit.runners.ParentRunner.access$000(ParentRunner.java:58)
	at org.junit.runners.ParentRunner$2.evaluate(ParentRunner.java:268)
	at org.springframework.test.context.junit4.statements.RunBeforeTestClassCallbacks.evaluate(RunBeforeTestClassCallbacks.java:61)
	at org.springframework.test.context.junit4.statements.RunAfterTestClassCallbacks.evaluate(RunAfterTestClassCallbacks.java:68)
	at org.junit.runners.ParentRunner.run(ParentRunner.java:363)
	at org.springframework.test.context.junit4.SpringJUnit4ClassRunner.run(SpringJUnit4ClassRunner.java:163)
	at org.junit.runners.Suite.runChild(Suite.java:128)
	at org.junit.runners.Suite.runChild(Suite.java:27)
	at org.junit.runners.ParentRunner$3.run(ParentRunner.java:290)
	at org.junit.runners.ParentRunner$1.schedule(ParentRunner.java:71)
	at org.junit.runners.ParentRunner.runChildren(ParentRunner.java:288)
	at org.junit.runners.ParentRunner.access$000(ParentRunner.java:58)
	at org.junit.runners.ParentRunner$2.evaluate(ParentRunner.java:268)
	at org.junit.runners.ParentRunner.run(ParentRunner.java:363)
	at org.apache.maven.surefire.junit4.JUnit4Provider.execute(JUnit4Provider.java:283)
	at org.apache.maven.surefire.junit4.JUnit4Provider.executeWithRerun(JUnit4Provider.java:173)
	at org.apache.maven.surefire.junit4.JUnit4Provider.executeTestSet(JUnit4Provider.java:153)
	at org.apache.maven.surefire.junit4.JUnit4Provider.invoke(JUnit4Provider.java:128)
	at org.apache.maven.surefire.booter.ForkedBooter.invokeProviderInSameClassLoader(ForkedBooter.java:203)
	at org.apache.maven.surefire.booter.ForkedBooter.runSuitesInProcess(ForkedBooter.java:155)
	at org.apache.maven.surefire.booter.ForkedBooter.main(ForkedBooter.java:103)
Caused by: org.springframework.beans.BeanInstantiationException: Failed to instantiate [org.springframework.data.aerospike.core.AerospikeTemplate]: Factory method 'aerospikeTemplate' threw exception; nested exception is org.springframework.beans.factory.BeanCreationException: Error creating bean with name 'aerospikeClient' defined in org.springframework.data.aerospike.repository.TestConfigPerson: Bean instantiation via factory method failed; nested exception is org.springframework.beans.BeanInstantiationException: Failed to instantiate [com.aerospike.client.AerospikeClient]: Factory method 'aerospikeClient' threw exception; nested exception is com.aerospike.client.AerospikeException$Connection: Error Code 11: Failed to connect to host(s): 
52.41.32.83:3000 Error Code 11: java.net.SocketTimeoutException: connect timed out

	at org.springframework.beans.factory.support.SimpleInstantiationStrategy.instantiate(SimpleInstantiationStrategy.java:189)
	at org.springframework.beans.factory.support.ConstructorResolver.instantiateUsingFactoryMethod(ConstructorResolver.java:588)
	at org.springframework.beans.factory.support.AbstractAutowireCapableBeanFactory.instantiateUsingFactoryMethod(AbstractAutowireCapableBeanFactory.java:1119)
	at org.springframework.beans.factory.support.AbstractAutowireCapableBeanFactory.createBeanInstance(AbstractAutowireCapableBeanFactory.java:1014)
	at org.springframework.beans.factory.support.AbstractAutowireCapableBeanFactory.doCreateBean(AbstractAutowireCapableBeanFactory.java:504)
	at org.springframework.beans.factory.support.AbstractAutowireCapableBeanFactory.createBean(AbstractAutowireCapableBeanFactory.java:476)
	at org.springframework.beans.factory.support.AbstractBeanFactory$1.getObject(AbstractBeanFactory.java:303)
	at org.springframework.beans.factory.support.DefaultSingletonBeanRegistry.getSingleton(DefaultSingletonBeanRegistry.java:230)
	at org.springframework.beans.factory.support.AbstractBeanFactory.doGetBean(AbstractBeanFactory.java:299)
	at org.springframework.beans.factory.support.AbstractBeanFactory.getBean(AbstractBeanFactory.java:194)
	at org.springframework.beans.factory.support.DefaultListableBeanFactory.preInstantiateSingletons(DefaultListableBeanFactory.java:755)
	at org.springframework.context.support.AbstractApplicationContext.finishBeanFactoryInitialization(AbstractApplicationContext.java:757)
	at org.springframework.context.support.AbstractApplicationContext.refresh(AbstractApplicationContext.java:480)
	at org.springframework.test.context.support.AbstractGenericContextLoader.loadContext(AbstractGenericContextLoader.java:125)
	at org.springframework.test.context.support.AbstractGenericContextLoader.loadContext(AbstractGenericContextLoader.java:60)
	at org.springframework.test.context.support.AbstractDelegatingSmartContextLoader.delegateLoading(AbstractDelegatingSmartContextLoader.java:109)
	at org.springframework.test.context.support.AbstractDelegatingSmartContextLoader.loadContext(AbstractDelegatingSmartContextLoader.java:261)
	at org.springframework.test.context.DefaultCacheAwareContextLoaderDelegate.loadContextInternal(DefaultCacheAwareContextLoaderDelegate.java:68)
	at org.springframework.test.context.DefaultCacheAwareContextLoaderDelegate.loadContext(DefaultCacheAwareContextLoaderDelegate.java:86)
	at org.springframework.test.context.DefaultTestContext.getApplicationContext(DefaultTestContext.java:72)
	at org.springframework.test.context.support.DependencyInjectionTestExecutionListener.injectDependencies(DependencyInjectionTestExecutionListener.java:117)
	at org.springframework.test.context.support.DependencyInjectionTestExecutionListener.prepareTestInstance(DependencyInjectionTestExecutionListener.java:83)
	at org.springframework.test.context.TestContextManager.prepareTestInstance(TestContextManager.java:212)
	at org.springframework.test.context.junit4.SpringJUnit4ClassRunner.createTest(SpringJUnit4ClassRunner.java:200)
	at org.springframework.test.context.junit4.SpringJUnit4ClassRunner$1.runReflectiveCall(SpringJUnit4ClassRunner.java:259)
	at org.junit.internal.runners.model.ReflectiveCallable.run(ReflectiveCallable.java:12)
	at org.springframework.test.context.junit4.SpringJUnit4ClassRunner.methodBlock(SpringJUnit4ClassRunner.java:261)
	at org.springframework.test.context.junit4.SpringJUnit4ClassRunner.runChild(SpringJUnit4ClassRunner.java:219)
	at org.springframework.test.context.junit4.SpringJUnit4ClassRunner.runChild(SpringJUnit4ClassRunner.java:83)
	at org.junit.runners.ParentRunner$3.run(ParentRunner.java:290)
	at org.junit.runners.ParentRunner$1.schedule(ParentRunner.java:71)
	at org.junit.runners.ParentRunner.runChildren(ParentRunner.java:288)
	at org.junit.runners.ParentRunner.access$000(ParentRunner.java:58)
	at org.junit.runners.ParentRunner$2.evaluate(ParentRunner.java:268)
	at org.springframework.test.context.junit4.statements.RunBeforeTestClassCallbacks.evaluate(RunBeforeTestClassCallbacks.java:61)
	at org.springframework.test.context.junit4.statements.RunAfterTestClassCallbacks.evaluate(RunAfterTestClassCallbacks.java:68)
	at org.junit.runners.ParentRunner.run(ParentRunner.java:363)
	at org.springframework.test.context.junit4.SpringJUnit4ClassRunner.run(SpringJUnit4ClassRunner.java:163)
	at org.junit.runners.Suite.runChild(Suite.java:128)
	at org.junit.runners.Suite.runChild(Suite.java:27)
	at org.junit.runners.ParentRunner$3.run(ParentRunner.java:290)
	at org.junit.runners.ParentRunner$1.schedule(ParentRunner.java:71)
	at org.junit.runners.ParentRunner.runChildren(ParentRunner.java:288)
	at org.junit.runners.ParentRunner.access$000(ParentRunner.java:58)
	at org.junit.runners.ParentRunner$2.evaluate(ParentRunner.java:268)
	at org.junit.runners.ParentRunner.run(ParentRunner.java:363)
	at org.apache.maven.surefire.junit4.JUnit4Provider.execute(JUnit4Provider.java:283)
	at org.apache.maven.surefire.junit4.JUnit4Provider.executeWithRerun(JUnit4Provider.java:173)
	at org.apache.maven.surefire.junit4.JUnit4Provider.executeTestSet(JUnit4Provider.java:153)
	at org.apache.maven.surefire.junit4.JUnit4Provider.invoke(JUnit4Provider.java:128)
	at org.apache.maven.surefire.booter.ForkedBooter.invokeProviderInSameClassLoader(ForkedBooter.java:203)
	at org.apache.maven.surefire.booter.ForkedBooter.runSuitesInProcess(ForkedBooter.java:155)
	at org.apache.maven.surefire.booter.ForkedBooter.main(ForkedBooter.java:103)
Caused by: org.springframework.beans.factory.BeanCreationException: Error creating bean with name 'aerospikeClient' defined in org.springframework.data.aerospike.repository.TestConfigPerson: Bean instantiation via factory method failed; nested exception is org.springframework.beans.BeanInstantiationException: Failed to instantiate [com.aerospike.client.AerospikeClient]: Factory method 'aerospikeClient' threw exception; nested exception is com.aerospike.client.AerospikeException$Connection: Error Code 11: Failed to connect to host(s): 
52.41.32.83:3000 Error Code 11: java.net.SocketTimeoutException: connect timed out

	at org.springframework.beans.factory.support.ConstructorResolver.instantiateUsingFactoryMethod(ConstructorResolver.java:599)
	at org.springframework.beans.factory.support.AbstractAutowireCapableBeanFactory.instantiateUsingFactoryMethod(AbstractAutowireCapableBeanFactory.java:1119)
	at org.springframework.beans.factory.support.AbstractAutowireCapableBeanFactory.createBeanInstance(AbstractAutowireCapableBeanFactory.java:1014)
	at org.springframework.beans.factory.support.AbstractAutowireCapableBeanFactory.doCreateBean(AbstractAutowireCapableBeanFactory.java:504)
	at org.springframework.beans.factory.support.AbstractAutowireCapableBeanFactory.createBean(AbstractAutowireCapableBeanFactory.java:476)
	at org.springframework.beans.factory.support.AbstractBeanFactory$1.getObject(AbstractBeanFactory.java:303)
	at org.springframework.beans.factory.support.DefaultSingletonBeanRegistry.getSingleton(DefaultSingletonBeanRegistry.java:230)
	at org.springframework.beans.factory.support.AbstractBeanFactory.doGetBean(AbstractBeanFactory.java:299)
	at org.springframework.beans.factory.support.AbstractBeanFactory.getBean(AbstractBeanFactory.java:194)
	at org.springframework.context.annotation.ConfigurationClassEnhancer$BeanMethodInterceptor.intercept(ConfigurationClassEnhancer.java:322)
	at org.springframework.data.aerospike.repository.TestConfigPerson$$EnhancerBySpringCGLIB$$3f27a8da.aerospikeClient(<generated>)
	at org.springframework.data.aerospike.repository.TestConfigPerson.aerospikeTemplate(TestConfigPerson.java:38)
	at org.springframework.data.aerospike.repository.TestConfigPerson$$EnhancerBySpringCGLIB$$3f27a8da.CGLIB$aerospikeTemplate$0(<generated>)
	at org.springframework.data.aerospike.repository.TestConfigPerson$$EnhancerBySpringCGLIB$$3f27a8da$$FastClassBySpringCGLIB$$38965c5e.invoke(<generated>)
	at org.springframework.cglib.proxy.MethodProxy.invokeSuper(MethodProxy.java:228)
	at org.springframework.context.annotation.ConfigurationClassEnhancer$BeanMethodInterceptor.intercept(ConfigurationClassEnhancer.java:309)
	at org.springframework.data.aerospike.repository.TestConfigPerson$$EnhancerBySpringCGLIB$$3f27a8da.aerospikeTemplate(<generated>)
	at sun.reflect.NativeMethodAccessorImpl.invoke0(Native Method)
	at sun.reflect.NativeMethodAccessorImpl.invoke(NativeMethodAccessorImpl.java:62)
	at sun.reflect.DelegatingMethodAccessorImpl.invoke(DelegatingMethodAccessorImpl.java:43)
	at java.lang.reflect.Method.invoke(Method.java:498)
	at org.springframework.beans.factory.support.SimpleInstantiationStrategy.instantiate(SimpleInstantiationStrategy.java:162)
	at org.springframework.beans.factory.support.ConstructorResolver.instantiateUsingFactoryMethod(ConstructorResolver.java:588)
	at org.springframework.beans.factory.support.AbstractAutowireCapableBeanFactory.instantiateUsingFactoryMethod(AbstractAutowireCapableBeanFactory.java:1119)
	at org.springframework.beans.factory.support.AbstractAutowireCapableBeanFactory.createBeanInstance(AbstractAutowireCapableBeanFactory.java:1014)
	at org.springframework.beans.factory.support.AbstractAutowireCapableBeanFactory.doCreateBean(AbstractAutowireCapableBeanFactory.java:504)
	at org.springframework.beans.factory.support.AbstractAutowireCapableBeanFactory.createBean(AbstractAutowireCapableBeanFactory.java:476)
	at org.springframework.beans.factory.support.AbstractBeanFactory$1.getObject(AbstractBeanFactory.java:303)
	at org.springframework.beans.factory.support.DefaultSingletonBeanRegistry.getSingleton(DefaultSingletonBeanRegistry.java:230)
	at org.springframework.beans.factory.support.AbstractBeanFactory.doGetBean(AbstractBeanFactory.java:299)
	at org.springframework.beans.factory.support.AbstractBeanFactory.getBean(AbstractBeanFactory.java:194)
	at org.springframework.beans.factory.support.DefaultListableBeanFactory.preInstantiateSingletons(DefaultListableBeanFactory.java:755)
	at org.springframework.context.support.AbstractApplicationContext.finishBeanFactoryInitialization(AbstractApplicationContext.java:757)
	at org.springframework.context.support.AbstractApplicationContext.refresh(AbstractApplicationContext.java:480)
	at org.springframework.test.context.support.AbstractGenericContextLoader.loadContext(AbstractGenericContextLoader.java:125)
	at org.springframework.test.context.support.AbstractGenericContextLoader.loadContext(AbstractGenericContextLoader.java:60)
	at org.springframework.test.context.support.AbstractDelegatingSmartContextLoader.delegateLoading(AbstractDelegatingSmartContextLoader.java:109)
	at org.springframework.test.context.support.AbstractDelegatingSmartContextLoader.loadContext(AbstractDelegatingSmartContextLoader.java:261)
	at org.springframework.test.context.DefaultCacheAwareContextLoaderDelegate.loadContextInternal(DefaultCacheAwareContextLoaderDelegate.java:68)
	at org.springframework.test.context.DefaultCacheAwareContextLoaderDelegate.loadContext(DefaultCacheAwareContextLoaderDelegate.java:86)
	at org.springframework.test.context.DefaultTestContext.getApplicationContext(DefaultTestContext.java:72)
	at org.springframework.test.context.support.DependencyInjectionTestExecutionListener.injectDependencies(DependencyInjectionTestExecutionListener.java:117)
	at org.springframework.test.context.support.DependencyInjectionTestExecutionListener.prepareTestInstance(DependencyInjectionTestExecutionListener.java:83)
	at org.springframework.test.context.TestContextManager.prepareTestInstance(TestContextManager.java:212)
	at org.springframework.test.context.junit4.SpringJUnit4ClassRunner.createTest(SpringJUnit4ClassRunner.java:200)
	at org.springframework.test.context.junit4.SpringJUnit4ClassRunner$1.runReflectiveCall(SpringJUnit4ClassRunner.java:259)
	at org.junit.internal.runners.model.ReflectiveCallable.run(ReflectiveCallable.java:12)
	at org.springframework.test.context.junit4.SpringJUnit4ClassRunner.methodBlock(SpringJUnit4ClassRunner.java:261)
	at org.springframework.test.context.junit4.SpringJUnit4ClassRunner.runChild(SpringJUnit4ClassRunner.java:219)
	at org.springframework.test.context.junit4.SpringJUnit4ClassRunner.runChild(SpringJUnit4ClassRunner.java:83)
	at org.junit.runners.ParentRunner$3.run(ParentRunner.java:290)
	at org.junit.runners.ParentRunner$1.schedule(ParentRunner.java:71)
	at org.junit.runners.ParentRunner.runChildren(ParentRunner.java:288)
	at org.junit.runners.ParentRunner.access$000(ParentRunner.java:58)
	at org.junit.runners.ParentRunner$2.evaluate(ParentRunner.java:268)
	at org.springframework.test.context.junit4.statements.RunBeforeTestClassCallbacks.evaluate(RunBeforeTestClassCallbacks.java:61)
	at org.springframework.test.context.junit4.statements.RunAfterTestClassCallbacks.evaluate(RunAfterTestClassCallbacks.java:68)
	at org.junit.runners.ParentRunner.run(ParentRunner.java:363)
	at org.springframework.test.context.junit4.SpringJUnit4ClassRunner.run(SpringJUnit4ClassRunner.java:163)
	at org.junit.runners.Suite.runChild(Suite.java:128)
	at org.junit.runners.Suite.runChild(Suite.java:27)
	at org.junit.runners.ParentRunner$3.run(ParentRunner.java:290)
	at org.junit.runners.ParentRunner$1.schedule(ParentRunner.java:71)
	at org.junit.runners.ParentRunner.runChildren(ParentRunner.java:288)
	at org.junit.runners.ParentRunner.access$000(ParentRunner.java:58)
	at org.junit.runners.ParentRunner$2.evaluate(ParentRunner.java:268)
	at org.junit.runners.ParentRunner.run(ParentRunner.java:363)
	at org.apache.maven.surefire.junit4.JUnit4Provider.execute(JUnit4Provider.java:283)
	at org.apache.maven.surefire.junit4.JUnit4Provider.executeWithRerun(JUnit4Provider.java:173)
	at org.apache.maven.surefire.junit4.JUnit4Provider.executeTestSet(JUnit4Provider.java:153)
	at org.apache.maven.surefire.junit4.JUnit4Provider.invoke(JUnit4Provider.java:128)
	at org.apache.maven.surefire.booter.ForkedBooter.invokeProviderInSameClassLoader(ForkedBooter.java:203)
	at org.apache.maven.surefire.booter.ForkedBooter.runSuitesInProcess(ForkedBooter.java:155)
	at org.apache.maven.surefire.booter.ForkedBooter.main(ForkedBooter.java:103)
Caused by: org.springframework.beans.BeanInstantiationException: Failed to instantiate [com.aerospike.client.AerospikeClient]: Factory method 'aerospikeClient' threw exception; nested exception is com.aerospike.client.AerospikeException$Connection: Error Code 11: Failed to connect to host(s): 
52.41.32.83:3000 Error Code 11: java.net.SocketTimeoutException: connect timed out

	at org.springframework.beans.factory.support.SimpleInstantiationStrategy.instantiate(SimpleInstantiationStrategy.java:189)
	at org.springframework.beans.factory.support.ConstructorResolver.instantiateUsingFactoryMethod(ConstructorResolver.java:588)
	at org.springframework.beans.factory.support.AbstractAutowireCapableBeanFactory.instantiateUsingFactoryMethod(AbstractAutowireCapableBeanFactory.java:1119)
	at org.springframework.beans.factory.support.AbstractAutowireCapableBeanFactory.createBeanInstance(AbstractAutowireCapableBeanFactory.java:1014)
	at org.springframework.beans.factory.support.AbstractAutowireCapableBeanFactory.doCreateBean(AbstractAutowireCapableBeanFactory.java:504)
	at org.springframework.beans.factory.support.AbstractAutowireCapableBeanFactory.createBean(AbstractAutowireCapableBeanFactory.java:476)
	at org.springframework.beans.factory.support.AbstractBeanFactory$1.getObject(AbstractBeanFactory.java:303)
	at org.springframework.beans.factory.support.DefaultSingletonBeanRegistry.getSingleton(DefaultSingletonBeanRegistry.java:230)
	at org.springframework.beans.factory.support.AbstractBeanFactory.doGetBean(AbstractBeanFactory.java:299)
	at org.springframework.beans.factory.support.AbstractBeanFactory.getBean(AbstractBeanFactory.java:194)
	at org.springframework.context.annotation.ConfigurationClassEnhancer$BeanMethodInterceptor.intercept(ConfigurationClassEnhancer.java:322)
	at org.springframework.data.aerospike.repository.TestConfigPerson$$EnhancerBySpringCGLIB$$3f27a8da.aerospikeClient(<generated>)
	at org.springframework.data.aerospike.repository.TestConfigPerson.aerospikeTemplate(TestConfigPerson.java:38)
	at org.springframework.data.aerospike.repository.TestConfigPerson$$EnhancerBySpringCGLIB$$3f27a8da.CGLIB$aerospikeTemplate$0(<generated>)
	at org.springframework.data.aerospike.repository.TestConfigPerson$$EnhancerBySpringCGLIB$$3f27a8da$$FastClassBySpringCGLIB$$38965c5e.invoke(<generated>)
	at org.springframework.cglib.proxy.MethodProxy.invokeSuper(MethodProxy.java:228)
	at org.springframework.context.annotation.ConfigurationClassEnhancer$BeanMethodInterceptor.intercept(ConfigurationClassEnhancer.java:309)
	at org.springframework.data.aerospike.repository.TestConfigPerson$$EnhancerBySpringCGLIB$$3f27a8da.aerospikeTemplate(<generated>)
	at sun.reflect.NativeMethodAccessorImpl.invoke0(Native Method)
	at sun.reflect.NativeMethodAccessorImpl.invoke(NativeMethodAccessorImpl.java:62)
	at sun.reflect.DelegatingMethodAccessorImpl.invoke(DelegatingMethodAccessorImpl.java:43)
	at java.lang.reflect.Method.invoke(Method.java:498)
	at org.springframework.beans.factory.support.SimpleInstantiationStrategy.instantiate(SimpleInstantiationStrategy.java:162)
	at org.springframework.beans.factory.support.ConstructorResolver.instantiateUsingFactoryMethod(ConstructorResolver.java:588)
	at org.springframework.beans.factory.support.AbstractAutowireCapableBeanFactory.instantiateUsingFactoryMethod(AbstractAutowireCapableBeanFactory.java:1119)
	at org.springframework.beans.factory.support.AbstractAutowireCapableBeanFactory.createBeanInstance(AbstractAutowireCapableBeanFactory.java:1014)
	at org.springframework.beans.factory.support.AbstractAutowireCapableBeanFactory.doCreateBean(AbstractAutowireCapableBeanFactory.java:504)
	at org.springframework.beans.factory.support.AbstractAutowireCapableBeanFactory.createBean(AbstractAutowireCapableBeanFactory.java:476)
	at org.springframework.beans.factory.support.AbstractBeanFactory$1.getObject(AbstractBeanFactory.java:303)
	at org.springframework.beans.factory.support.DefaultSingletonBeanRegistry.getSingleton(DefaultSingletonBeanRegistry.java:230)
	at org.springframework.beans.factory.support.AbstractBeanFactory.doGetBean(AbstractBeanFactory.java:299)
	at org.springframework.beans.factory.support.AbstractBeanFactory.getBean(AbstractBeanFactory.java:194)
	at org.springframework.beans.factory.support.DefaultListableBeanFactory.preInstantiateSingletons(DefaultListableBeanFactory.java:755)
	at org.springframework.context.support.AbstractApplicationContext.finishBeanFactoryInitialization(AbstractApplicationContext.java:757)
	at org.springframework.context.support.AbstractApplicationContext.refresh(AbstractApplicationContext.java:480)
	at org.springframework.test.context.support.AbstractGenericContextLoader.loadContext(AbstractGenericContextLoader.java:125)
	at org.springframework.test.context.support.AbstractGenericContextLoader.loadContext(AbstractGenericContextLoader.java:60)
	at org.springframework.test.context.support.AbstractDelegatingSmartContextLoader.delegateLoading(AbstractDelegatingSmartContextLoader.java:109)
	at org.springframework.test.context.support.AbstractDelegatingSmartContextLoader.loadContext(AbstractDelegatingSmartContextLoader.java:261)
	at org.springframework.test.context.DefaultCacheAwareContextLoaderDelegate.loadContextInternal(DefaultCacheAwareContextLoaderDelegate.java:68)
	at org.springframework.test.context.DefaultCacheAwareContextLoaderDelegate.loadContext(DefaultCacheAwareContextLoaderDelegate.java:86)
	at org.springframework.test.context.DefaultTestContext.getApplicationContext(DefaultTestContext.java:72)
	at org.springframework.test.context.support.DependencyInjectionTestExecutionListener.injectDependencies(DependencyInjectionTestExecutionListener.java:117)
	at org.springframework.test.context.support.DependencyInjectionTestExecutionListener.prepareTestInstance(DependencyInjectionTestExecutionListener.java:83)
	at org.springframework.test.context.TestContextManager.prepareTestInstance(TestContextManager.java:212)
	at org.springframework.test.context.junit4.SpringJUnit4ClassRunner.createTest(SpringJUnit4ClassRunner.java:200)
	at org.springframework.test.context.junit4.SpringJUnit4ClassRunner$1.runReflectiveCall(SpringJUnit4ClassRunner.java:259)
	at org.junit.internal.runners.model.ReflectiveCallable.run(ReflectiveCallable.java:12)
	at org.springframework.test.context.junit4.SpringJUnit4ClassRunner.methodBlock(SpringJUnit4ClassRunner.java:261)
	at org.springframework.test.context.junit4.SpringJUnit4ClassRunner.runChild(SpringJUnit4ClassRunner.java:219)
	at org.springframework.test.context.junit4.SpringJUnit4ClassRunner.runChild(SpringJUnit4ClassRunner.java:83)
	at org.junit.runners.ParentRunner$3.run(ParentRunner.java:290)
	at org.junit.runners.ParentRunner$1.schedule(ParentRunner.java:71)
	at org.junit.runners.ParentRunner.runChildren(ParentRunner.java:288)
	at org.junit.runners.ParentRunner.access$000(ParentRunner.java:58)
	at org.junit.runners.ParentRunner$2.evaluate(ParentRunner.java:268)
	at org.springframework.test.context.junit4.statements.RunBeforeTestClassCallbacks.evaluate(RunBeforeTestClassCallbacks.java:61)
	at org.springframework.test.context.junit4.statements.RunAfterTestClassCallbacks.evaluate(RunAfterTestClassCallbacks.java:68)
	at org.junit.runners.ParentRunner.run(ParentRunner.java:363)
	at org.springframework.test.context.junit4.SpringJUnit4ClassRunner.run(SpringJUnit4ClassRunner.java:163)
	at org.junit.runners.Suite.runChild(Suite.java:128)
	at org.junit.runners.Suite.runChild(Suite.java:27)
	at org.junit.runners.ParentRunner$3.run(ParentRunner.java:290)
	at org.junit.runners.ParentRunner$1.schedule(ParentRunner.java:71)
	at org.junit.runners.ParentRunner.runChildren(ParentRunner.java:288)
	at org.junit.runners.ParentRunner.access$000(ParentRunner.java:58)
	at org.junit.runners.ParentRunner$2.evaluate(ParentRunner.java:268)
	at org.junit.runners.ParentRunner.run(ParentRunner.java:363)
	at org.apache.maven.surefire.junit4.JUnit4Provider.execute(JUnit4Provider.java:283)
	at org.apache.maven.surefire.junit4.JUnit4Provider.executeWithRerun(JUnit4Provider.java:173)
	at org.apache.maven.surefire.junit4.JUnit4Provider.executeTestSet(JUnit4Provider.java:153)
	at org.apache.maven.surefire.junit4.JUnit4Provider.invoke(JUnit4Provider.java:128)
	at org.apache.maven.surefire.booter.ForkedBooter.invokeProviderInSameClassLoader(ForkedBooter.java:203)
	at org.apache.maven.surefire.booter.ForkedBooter.runSuitesInProcess(ForkedBooter.java:155)
	at org.apache.maven.surefire.booter.ForkedBooter.main(ForkedBooter.java:103)
Caused by: com.aerospike.client.AerospikeException$Connection: Error Code 11: Failed to connect to host(s): 
52.41.32.83:3000 Error Code 11: java.net.SocketTimeoutException: connect timed out

	at com.aerospike.client.cluster.Cluster.seedNodes(Cluster.java:386)
	at com.aerospike.client.cluster.Cluster.tend(Cluster.java:273)
	at com.aerospike.client.cluster.Cluster.waitTillStabilized(Cluster.java:238)
	at com.aerospike.client.cluster.Cluster.initTendThread(Cluster.java:148)
	at com.aerospike.client.AerospikeClient.<init>(AerospikeClient.java:209)
	at com.aerospike.client.AerospikeClient.<init>(AerospikeClient.java:173)
	at org.springframework.data.aerospike.repository.TestConfigPerson.aerospikeClient(TestConfigPerson.java:32)
	at org.springframework.data.aerospike.repository.TestConfigPerson$$EnhancerBySpringCGLIB$$3f27a8da.CGLIB$aerospikeClient$1(<generated>)
	at org.springframework.data.aerospike.repository.TestConfigPerson$$EnhancerBySpringCGLIB$$3f27a8da$$FastClassBySpringCGLIB$$38965c5e.invoke(<generated>)
	at org.springframework.cglib.proxy.MethodProxy.invokeSuper(MethodProxy.java:228)
	at org.springframework.context.annotation.ConfigurationClassEnhancer$BeanMethodInterceptor.intercept(ConfigurationClassEnhancer.java:309)
	at org.springframework.data.aerospike.repository.TestConfigPerson$$EnhancerBySpringCGLIB$$3f27a8da.aerospikeClient(<generated>)
	at sun.reflect.NativeMethodAccessorImpl.invoke0(Native Method)
	at sun.reflect.NativeMethodAccessorImpl.invoke(NativeMethodAccessorImpl.java:62)
	at sun.reflect.DelegatingMethodAccessorImpl.invoke(DelegatingMethodAccessorImpl.java:43)
	at java.lang.reflect.Method.invoke(Method.java:498)
	at org.springframework.beans.factory.support.SimpleInstantiationStrategy.instantiate(SimpleInstantiationStrategy.java:162)
	at org.springframework.beans.factory.support.ConstructorResolver.instantiateUsingFactoryMethod(ConstructorResolver.java:588)
	at org.springframework.beans.factory.support.AbstractAutowireCapableBeanFactory.instantiateUsingFactoryMethod(AbstractAutowireCapableBeanFactory.java:1119)
	at org.springframework.beans.factory.support.AbstractAutowireCapableBeanFactory.createBeanInstance(AbstractAutowireCapableBeanFactory.java:1014)
	at org.springframework.beans.factory.support.AbstractAutowireCapableBeanFactory.doCreateBean(AbstractAutowireCapableBeanFactory.java:504)
	at org.springframework.beans.factory.support.AbstractAutowireCapableBeanFactory.createBean(AbstractAutowireCapableBeanFactory.java:476)
	at org.springframework.beans.factory.support.AbstractBeanFactory$1.getObject(AbstractBeanFactory.java:303)
	at org.springframework.beans.factory.support.DefaultSingletonBeanRegistry.getSingleton(DefaultSingletonBeanRegistry.java:230)
	at org.springframework.beans.factory.support.AbstractBeanFactory.doGetBean(AbstractBeanFactory.java:299)
	at org.springframework.beans.factory.support.AbstractBeanFactory.getBean(AbstractBeanFactory.java:194)
	at org.springframework.context.annotation.ConfigurationClassEnhancer$BeanMethodInterceptor.intercept(ConfigurationClassEnhancer.java:322)
	at org.springframework.data.aerospike.repository.TestConfigPerson$$EnhancerBySpringCGLIB$$3f27a8da.aerospikeClient(<generated>)
	at org.springframework.data.aerospike.repository.TestConfigPerson.aerospikeTemplate(TestConfigPerson.java:38)
	at org.springframework.data.aerospike.repository.TestConfigPerson$$EnhancerBySpringCGLIB$$3f27a8da.CGLIB$aerospikeTemplate$0(<generated>)
	at org.springframework.data.aerospike.repository.TestConfigPerson$$EnhancerBySpringCGLIB$$3f27a8da$$FastClassBySpringCGLIB$$38965c5e.invoke(<generated>)
	at org.springframework.cglib.proxy.MethodProxy.invokeSuper(MethodProxy.java:228)
	at org.springframework.context.annotation.ConfigurationClassEnhancer$BeanMethodInterceptor.intercept(ConfigurationClassEnhancer.java:309)
	at org.springframework.data.aerospike.repository.TestConfigPerson$$EnhancerBySpringCGLIB$$3f27a8da.aerospikeTemplate(<generated>)
	at sun.reflect.NativeMethodAccessorImpl.invoke0(Native Method)
	at sun.reflect.NativeMethodAccessorImpl.invoke(NativeMethodAccessorImpl.java:62)
	at sun.reflect.DelegatingMethodAccessorImpl.invoke(DelegatingMethodAccessorImpl.java:43)
	at java.lang.reflect.Method.invoke(Method.java:498)
	at org.springframework.beans.factory.support.SimpleInstantiationStrategy.instantiate(SimpleInstantiationStrategy.java:162)
	at org.springframework.beans.factory.support.ConstructorResolver.instantiateUsingFactoryMethod(ConstructorResolver.java:588)
	at org.springframework.beans.factory.support.AbstractAutowireCapableBeanFactory.instantiateUsingFactoryMethod(AbstractAutowireCapableBeanFactory.java:1119)
	at org.springframework.beans.factory.support.AbstractAutowireCapableBeanFactory.createBeanInstance(AbstractAutowireCapableBeanFactory.java:1014)
	at org.springframework.beans.factory.support.AbstractAutowireCapableBeanFactory.doCreateBean(AbstractAutowireCapableBeanFactory.java:504)
	at org.springframework.beans.factory.support.AbstractAutowireCapableBeanFactory.createBean(AbstractAutowireCapableBeanFactory.java:476)
	at org.springframework.beans.factory.support.AbstractBeanFactory$1.getObject(AbstractBeanFactory.java:303)
	at org.springframework.beans.factory.support.DefaultSingletonBeanRegistry.getSingleton(DefaultSingletonBeanRegistry.java:230)
	at org.springframework.beans.factory.support.AbstractBeanFactory.doGetBean(AbstractBeanFactory.java:299)
	at org.springframework.beans.factory.support.AbstractBeanFactory.getBean(AbstractBeanFactory.java:194)
	at org.springframework.beans.factory.support.DefaultListableBeanFactory.preInstantiateSingletons(DefaultListableBeanFactory.java:755)
	at org.springframework.context.support.AbstractApplicationContext.finishBeanFactoryInitialization(AbstractApplicationContext.java:757)
	at org.springframework.context.support.AbstractApplicationContext.refresh(AbstractApplicationContext.java:480)
	at org.springframework.test.context.support.AbstractGenericContextLoader.loadContext(AbstractGenericContextLoader.java:125)
	at org.springframework.test.context.support.AbstractGenericContextLoader.loadContext(AbstractGenericContextLoader.java:60)
	at org.springframework.test.context.support.AbstractDelegatingSmartContextLoader.delegateLoading(AbstractDelegatingSmartContextLoader.java:109)
	at org.springframework.test.context.support.AbstractDelegatingSmartContextLoader.loadContext(AbstractDelegatingSmartContextLoader.java:261)
	at org.springframework.test.context.DefaultCacheAwareContextLoaderDelegate.loadContextInternal(DefaultCacheAwareContextLoaderDelegate.java:68)
	at org.springframework.test.context.DefaultCacheAwareContextLoaderDelegate.loadContext(DefaultCacheAwareContextLoaderDelegate.java:86)
	at org.springframework.test.context.DefaultTestContext.getApplicationContext(DefaultTestContext.java:72)
	at org.springframework.test.context.support.DependencyInjectionTestExecutionListener.injectDependencies(DependencyInjectionTestExecutionListener.java:117)
	at org.springframework.test.context.support.DependencyInjectionTestExecutionListener.prepareTestInstance(DependencyInjectionTestExecutionListener.java:83)
	at org.springframework.test.context.TestContextManager.prepareTestInstance(TestContextManager.java:212)
	at org.springframework.test.context.junit4.SpringJUnit4ClassRunner.createTest(SpringJUnit4ClassRunner.java:200)
	at org.springframework.test.context.junit4.SpringJUnit4ClassRunner$1.runReflectiveCall(SpringJUnit4ClassRunner.java:259)
	at org.junit.internal.runners.model.ReflectiveCallable.run(ReflectiveCallable.java:12)
	at org.springframework.test.context.junit4.SpringJUnit4ClassRunner.methodBlock(SpringJUnit4ClassRunner.java:261)
	at org.springframework.test.context.junit4.SpringJUnit4ClassRunner.runChild(SpringJUnit4ClassRunner.java:219)
	at org.springframework.test.context.junit4.SpringJUnit4ClassRunner.runChild(SpringJUnit4ClassRunner.java:83)
	at org.junit.runners.ParentRunner$3.run(ParentRunner.java:290)
	at org.junit.runners.ParentRunner$1.schedule(ParentRunner.java:71)
	at org.junit.runners.ParentRunner.runChildren(ParentRunner.java:288)
	at org.junit.runners.ParentRunner.access$000(ParentRunner.java:58)
	at org.junit.runners.ParentRunner$2.evaluate(ParentRunner.java:268)
	at org.springframework.test.context.junit4.statements.RunBeforeTestClassCallbacks.evaluate(RunBeforeTestClassCallbacks.java:61)
	at org.springframework.test.context.junit4.statements.RunAfterTestClassCallbacks.evaluate(RunAfterTestClassCallbacks.java:68)
	at org.junit.runners.ParentRunner.run(ParentRunner.java:363)
	at org.springframework.test.context.junit4.SpringJUnit4ClassRunner.run(SpringJUnit4ClassRunner.java:163)
	at org.junit.runners.Suite.runChild(Suite.java:128)
	at org.junit.runners.Suite.runChild(Suite.java:27)
	at org.junit.runners.ParentRunner$3.run(ParentRunner.java:290)
	at org.junit.runners.ParentRunner$1.schedule(ParentRunner.java:71)
	at org.junit.runners.ParentRunner.runChildren(ParentRunner.java:288)
	at org.junit.runners.ParentRunner.access$000(ParentRunner.java:58)
	at org.junit.runners.ParentRunner$2.evaluate(ParentRunner.java:268)
	at org.junit.runners.ParentRunner.run(ParentRunner.java:363)
	at org.apache.maven.surefire.junit4.JUnit4Provider.execute(JUnit4Provider.java:283)
	at org.apache.maven.surefire.junit4.JUnit4Provider.executeWithRerun(JUnit4Provider.java:173)
	at org.apache.maven.surefire.junit4.JUnit4Provider.executeTestSet(JUnit4Provider.java:153)
	at org.apache.maven.surefire.junit4.JUnit4Provider.invoke(JUnit4Provider.java:128)
	at org.apache.maven.surefire.booter.ForkedBooter.invokeProviderInSameClassLoader(ForkedBooter.java:203)
	at org.apache.maven.surefire.booter.ForkedBooter.runSuitesInProcess(ForkedBooter.java:155)
	at org.apache.maven.surefire.booter.ForkedBooter.main(ForkedBooter.java:103)
]]></error>
    <system-out><![CDATA[16:37:26.800 [main] DEBUG o.s.t.annotation.ProfileValueUtils - Retrieved @ProfileValueSourceConfiguration [null] for test class [org.springframework.data.aerospike.repository.PersonRepositoryIntegrationTests]
16:37:26.800 [main] DEBUG o.s.t.annotation.ProfileValueUtils - Retrieved ProfileValueSource type [class org.springframework.test.annotation.SystemProfileValueSource] for class [org.springframework.data.aerospike.repository.PersonRepositoryIntegrationTests]
16:37:26.800 [main] DEBUG o.s.t.c.s.DependencyInjectionTestExecutionListener - Performing dependency injection for test context [[DefaultTestContext@70807224 testClass = PersonRepositoryIntegrationTests, testInstance = org.springframework.data.aerospike.repository.PersonRepositoryIntegrationTests@2ca5f1ed, testMethod = [null], testException = [null], mergedContextConfiguration = [MergedContextConfiguration@400d912a testClass = PersonRepositoryIntegrationTests, locations = '{}', classes = '{class org.springframework.data.aerospike.repository.TestConfigPerson}', contextInitializerClasses = '[]', activeProfiles = '{}', propertySourceLocations = '{}', propertySourceProperties = '{}', contextLoader = 'org.springframework.test.context.support.DelegatingSmartContextLoader', parent = [null]]]].
16:37:26.800 [main] DEBUG o.s.t.c.s.AbstractDelegatingSmartContextLoader - Delegating to AnnotationConfigContextLoader to load context from [MergedContextConfiguration@400d912a testClass = PersonRepositoryIntegrationTests, locations = '{}', classes = '{class org.springframework.data.aerospike.repository.TestConfigPerson}', contextInitializerClasses = '[]', activeProfiles = '{}', propertySourceLocations = '{}', propertySourceProperties = '{}', contextLoader = 'org.springframework.test.context.support.DelegatingSmartContextLoader', parent = [null]].
16:37:26.800 [main] DEBUG o.s.t.c.s.AbstractGenericContextLoader - Loading ApplicationContext for merged context configuration [[MergedContextConfiguration@400d912a testClass = PersonRepositoryIntegrationTests, locations = '{}', classes = '{class org.springframework.data.aerospike.repository.TestConfigPerson}', contextInitializerClasses = '[]', activeProfiles = '{}', propertySourceLocations = '{}', propertySourceProperties = '{}', contextLoader = 'org.springframework.test.context.support.DelegatingSmartContextLoader', parent = [null]]].
16:37:26.800 [main] DEBUG o.s.core.env.StandardEnvironment - Adding [systemProperties] PropertySource with lowest search precedence
16:37:26.800 [main] DEBUG o.s.core.env.StandardEnvironment - Adding [systemEnvironment] PropertySource with lowest search precedence
16:37:26.801 [main] DEBUG o.s.core.env.StandardEnvironment - Initialized StandardEnvironment with PropertySources [systemProperties,systemEnvironment]
16:37:26.801 [main] DEBUG o.s.t.c.s.AnnotationConfigContextLoader - Registering annotated classes: {class org.springframework.data.aerospike.repository.TestConfigPerson}
16:37:26.801 [main] INFO  o.s.c.s.GenericApplicationContext - Refreshing org.springframework.context.support.GenericApplicationContext@6c03fb16: startup date [Tue Oct 04 16:37:26 BRT 2016]; root of context hierarchy
16:37:26.801 [main] DEBUG o.s.c.s.GenericApplicationContext - Bean factory for org.springframework.context.support.GenericApplicationContext@6c03fb16: org.springframework.beans.factory.support.DefaultListableBeanFactory@28348c6: defining beans [org.springframework.context.annotation.internalConfigurationAnnotationProcessor,org.springframework.context.annotation.internalAutowiredAnnotationProcessor,org.springframework.context.annotation.internalRequiredAnnotationProcessor,org.springframework.context.annotation.internalCommonAnnotationProcessor,testConfigPerson]; root of factory hierarchy
16:37:26.801 [main] DEBUG o.s.b.f.s.DefaultListableBeanFactory - Creating shared instance of singleton bean 'org.springframework.context.annotation.internalConfigurationAnnotationProcessor'
16:37:26.801 [main] DEBUG o.s.b.f.s.DefaultListableBeanFactory - Creating instance of bean 'org.springframework.context.annotation.internalConfigurationAnnotationProcessor'
16:37:26.801 [main] DEBUG o.s.b.f.s.DefaultListableBeanFactory - Eagerly caching bean 'org.springframework.context.annotation.internalConfigurationAnnotationProcessor' to allow for resolving potential circular references
16:37:26.801 [main] DEBUG o.s.b.f.s.DefaultListableBeanFactory - Finished creating instance of bean 'org.springframework.context.annotation.internalConfigurationAnnotationProcessor'
16:37:26.802 [main] DEBUG o.s.c.a.ConfigurationClassBeanDefinitionReader - Registering bean definition for @Bean method org.springframework.data.aerospike.repository.TestConfigPerson.aerospikeTemplate()
16:37:26.802 [main] DEBUG o.s.c.a.ConfigurationClassBeanDefinitionReader - Registering bean definition for @Bean method org.springframework.data.aerospike.repository.TestConfigPerson.aerospikeClient()
16:37:26.802 [main] DEBUG o.s.core.env.StandardEnvironment - Adding [systemProperties] PropertySource with lowest search precedence
16:37:26.802 [main] DEBUG o.s.core.env.StandardEnvironment - Adding [systemEnvironment] PropertySource with lowest search precedence
16:37:26.802 [main] DEBUG o.s.core.env.StandardEnvironment - Initialized StandardEnvironment with PropertySources [systemProperties,systemEnvironment]
16:37:26.802 [main] DEBUG o.s.c.i.s.PathMatchingResourcePatternResolver - Looking for matching resources in directory tree [/home/aluno/spring-projects/maven/spring-data-aerospike/target/test-classes/org/springframework/data]
16:37:26.802 [main] DEBUG o.s.c.i.s.PathMatchingResourcePatternResolver - Searching directory [/home/aluno/spring-projects/maven/spring-data-aerospike/target/test-classes/org/springframework/data] for files matching pattern [/home/aluno/spring-projects/maven/spring-data-aerospike/target/test-classes/org/springframework/data/**/repository/support/**/*.class]
16:37:26.802 [main] DEBUG o.s.c.i.s.PathMatchingResourcePatternResolver - Searching directory [/home/aluno/spring-projects/maven/spring-data-aerospike/target/test-classes/org/springframework/data/keyvalue] for files matching pattern [/home/aluno/spring-projects/maven/spring-data-aerospike/target/test-classes/org/springframework/data/**/repository/support/**/*.class]
16:37:26.802 [main] DEBUG o.s.c.i.s.PathMatchingResourcePatternResolver - Searching directory [/home/aluno/spring-projects/maven/spring-data-aerospike/target/test-classes/org/springframework/data/keyvalue/repository] for files matching pattern [/home/aluno/spring-projects/maven/spring-data-aerospike/target/test-classes/org/springframework/data/**/repository/support/**/*.class]
16:37:26.802 [main] DEBUG o.s.c.i.s.PathMatchingResourcePatternResolver - Searching directory [/home/aluno/spring-projects/maven/spring-data-aerospike/target/test-classes/org/springframework/data/keyvalue/repository/query] for files matching pattern [/home/aluno/spring-projects/maven/spring-data-aerospike/target/test-classes/org/springframework/data/**/repository/support/**/*.class]
16:37:26.803 [main] DEBUG o.s.c.i.s.PathMatchingResourcePatternResolver - Searching directory [/home/aluno/spring-projects/maven/spring-data-aerospike/target/test-classes/org/springframework/data/aerospike] for files matching pattern [/home/aluno/spring-projects/maven/spring-data-aerospike/target/test-classes/org/springframework/data/**/repository/support/**/*.class]
16:37:26.803 [main] DEBUG o.s.c.i.s.PathMatchingResourcePatternResolver - Searching directory [/home/aluno/spring-projects/maven/spring-data-aerospike/target/test-classes/org/springframework/data/aerospike/mapping] for files matching pattern [/home/aluno/spring-projects/maven/spring-data-aerospike/target/test-classes/org/springframework/data/**/repository/support/**/*.class]
16:37:26.803 [main] DEBUG o.s.c.i.s.PathMatchingResourcePatternResolver - Searching directory [/home/aluno/spring-projects/maven/spring-data-aerospike/target/test-classes/org/springframework/data/aerospike/core] for files matching pattern [/home/aluno/spring-projects/maven/spring-data-aerospike/target/test-classes/org/springframework/data/**/repository/support/**/*.class]
16:37:26.803 [main] DEBUG o.s.c.i.s.PathMatchingResourcePatternResolver - Searching directory [/home/aluno/spring-projects/maven/spring-data-aerospike/target/test-classes/org/springframework/data/aerospike/convert] for files matching pattern [/home/aluno/spring-projects/maven/spring-data-aerospike/target/test-classes/org/springframework/data/**/repository/support/**/*.class]
16:37:26.804 [main] DEBUG o.s.c.i.s.PathMatchingResourcePatternResolver - Searching directory [/home/aluno/spring-projects/maven/spring-data-aerospike/target/test-classes/org/springframework/data/aerospike/sample] for files matching pattern [/home/aluno/spring-projects/maven/spring-data-aerospike/target/test-classes/org/springframework/data/**/repository/support/**/*.class]
16:37:26.804 [main] DEBUG o.s.c.i.s.PathMatchingResourcePatternResolver - Searching directory [/home/aluno/spring-projects/maven/spring-data-aerospike/target/test-classes/org/springframework/data/aerospike/repository] for files matching pattern [/home/aluno/spring-projects/maven/spring-data-aerospike/target/test-classes/org/springframework/data/**/repository/support/**/*.class]
16:37:26.804 [main] DEBUG o.s.c.i.s.PathMatchingResourcePatternResolver - Searching directory [/home/aluno/spring-projects/maven/spring-data-aerospike/target/test-classes/org/springframework/data/aerospike/repository/support] for files matching pattern [/home/aluno/spring-projects/maven/spring-data-aerospike/target/test-classes/org/springframework/data/**/repository/support/**/*.class]
16:37:26.804 [main] DEBUG o.s.c.i.s.PathMatchingResourcePatternResolver - Searching directory [/home/aluno/spring-projects/maven/spring-data-aerospike/target/test-classes/org/springframework/data/aerospike/repository/query] for files matching pattern [/home/aluno/spring-projects/maven/spring-data-aerospike/target/test-classes/org/springframework/data/**/repository/support/**/*.class]
16:37:26.804 [main] DEBUG o.s.c.i.s.PathMatchingResourcePatternResolver - Searching directory [/home/aluno/spring-projects/maven/spring-data-aerospike/target/test-classes/org/springframework/data/aerospike/config] for files matching pattern [/home/aluno/spring-projects/maven/spring-data-aerospike/target/test-classes/org/springframework/data/**/repository/support/**/*.class]
16:37:26.804 [main] DEBUG o.s.c.i.s.PathMatchingResourcePatternResolver - Searching directory [/home/aluno/spring-projects/maven/spring-data-aerospike/target/test-classes/org/springframework/data/aerospike/cache] for files matching pattern [/home/aluno/spring-projects/maven/spring-data-aerospike/target/test-classes/org/springframework/data/**/repository/support/**/*.class]
16:37:26.804 [main] DEBUG o.s.c.i.s.PathMatchingResourcePatternResolver - Looking for matching resources in directory tree [/home/aluno/spring-projects/maven/spring-data-aerospike/target/classes/org/springframework/data]
16:37:26.804 [main] DEBUG o.s.c.i.s.PathMatchingResourcePatternResolver - Searching directory [/home/aluno/spring-projects/maven/spring-data-aerospike/target/classes/org/springframework/data] for files matching pattern [/home/aluno/spring-projects/maven/spring-data-aerospike/target/classes/org/springframework/data/**/repository/support/**/*.class]
16:37:26.804 [main] DEBUG o.s.c.i.s.PathMatchingResourcePatternResolver - Searching directory [/home/aluno/spring-projects/maven/spring-data-aerospike/target/classes/org/springframework/data/aerospike] for files matching pattern [/home/aluno/spring-projects/maven/spring-data-aerospike/target/classes/org/springframework/data/**/repository/support/**/*.class]
16:37:26.804 [main] DEBUG o.s.c.i.s.PathMatchingResourcePatternResolver - Searching directory [/home/aluno/spring-projects/maven/spring-data-aerospike/target/classes/org/springframework/data/aerospike/mapping] for files matching pattern [/home/aluno/spring-projects/maven/spring-data-aerospike/target/classes/org/springframework/data/**/repository/support/**/*.class]
16:37:26.805 [main] DEBUG o.s.c.i.s.PathMatchingResourcePatternResolver - Searching directory [/home/aluno/spring-projects/maven/spring-data-aerospike/target/classes/org/springframework/data/aerospike/core] for files matching pattern [/home/aluno/spring-projects/maven/spring-data-aerospike/target/classes/org/springframework/data/**/repository/support/**/*.class]
16:37:26.805 [main] DEBUG o.s.c.i.s.PathMatchingResourcePatternResolver - Searching directory [/home/aluno/spring-projects/maven/spring-data-aerospike/target/classes/org/springframework/data/aerospike/convert] for files matching pattern [/home/aluno/spring-projects/maven/spring-data-aerospike/target/classes/org/springframework/data/**/repository/support/**/*.class]
16:37:26.805 [main] DEBUG o.s.c.i.s.PathMatchingResourcePatternResolver - Searching directory [/home/aluno/spring-projects/maven/spring-data-aerospike/target/classes/org/springframework/data/aerospike/example] for files matching pattern [/home/aluno/spring-projects/maven/spring-data-aerospike/target/classes/org/springframework/data/**/repository/support/**/*.class]
16:37:26.805 [main] DEBUG o.s.c.i.s.PathMatchingResourcePatternResolver - Searching directory [/home/aluno/spring-projects/maven/spring-data-aerospike/target/classes/org/springframework/data/aerospike/example/data] for files matching pattern [/home/aluno/spring-projects/maven/spring-data-aerospike/target/classes/org/springframework/data/**/repository/support/**/*.class]
16:37:26.805 [main] DEBUG o.s.c.i.s.PathMatchingResourcePatternResolver - Searching directory [/home/aluno/spring-projects/maven/spring-data-aerospike/target/classes/org/springframework/data/aerospike/example/config] for files matching pattern [/home/aluno/spring-projects/maven/spring-data-aerospike/target/classes/org/springframework/data/**/repository/support/**/*.class]
16:37:26.805 [main] DEBUG o.s.c.i.s.PathMatchingResourcePatternResolver - Searching directory [/home/aluno/spring-projects/maven/spring-data-aerospike/target/classes/org/springframework/data/aerospike/annotation] for files matching pattern [/home/aluno/spring-projects/maven/spring-data-aerospike/target/classes/org/springframework/data/**/repository/support/**/*.class]
16:37:26.805 [main] DEBUG o.s.c.i.s.PathMatchingResourcePatternResolver - Searching directory [/home/aluno/spring-projects/maven/spring-data-aerospike/target/classes/org/springframework/data/aerospike/repository] for files matching pattern [/home/aluno/spring-projects/maven/spring-data-aerospike/target/classes/org/springframework/data/**/repository/support/**/*.class]
16:37:26.805 [main] DEBUG o.s.c.i.s.PathMatchingResourcePatternResolver - Searching directory [/home/aluno/spring-projects/maven/spring-data-aerospike/target/classes/org/springframework/data/aerospike/repository/support] for files matching pattern [/home/aluno/spring-projects/maven/spring-data-aerospike/target/classes/org/springframework/data/**/repository/support/**/*.class]
16:37:26.805 [main] DEBUG o.s.c.i.s.PathMatchingResourcePatternResolver - Searching directory [/home/aluno/spring-projects/maven/spring-data-aerospike/target/classes/org/springframework/data/aerospike/repository/config] for files matching pattern [/home/aluno/spring-projects/maven/spring-data-aerospike/target/classes/org/springframework/data/**/repository/support/**/*.class]
16:37:26.805 [main] DEBUG o.s.c.i.s.PathMatchingResourcePatternResolver - Searching directory [/home/aluno/spring-projects/maven/spring-data-aerospike/target/classes/org/springframework/data/aerospike/repository/query] for files matching pattern [/home/aluno/spring-projects/maven/spring-data-aerospike/target/classes/org/springframework/data/**/repository/support/**/*.class]
16:37:26.805 [main] DEBUG o.s.c.i.s.PathMatchingResourcePatternResolver - Searching directory [/home/aluno/spring-projects/maven/spring-data-aerospike/target/classes/org/springframework/data/aerospike/config] for files matching pattern [/home/aluno/spring-projects/maven/spring-data-aerospike/target/classes/org/springframework/data/**/repository/support/**/*.class]
16:37:26.806 [main] DEBUG o.s.c.i.s.PathMatchingResourcePatternResolver - Searching directory [/home/aluno/spring-projects/maven/spring-data-aerospike/target/classes/org/springframework/data/aerospike/cache] for files matching pattern [/home/aluno/spring-projects/maven/spring-data-aerospike/target/classes/org/springframework/data/**/repository/support/**/*.class]
16:37:26.806 [main] DEBUG o.s.c.i.s.PathMatchingResourcePatternResolver - Searching directory [/home/aluno/spring-projects/maven/spring-data-aerospike/target/classes/org/springframework/data/aerospike/utility] for files matching pattern [/home/aluno/spring-projects/maven/spring-data-aerospike/target/classes/org/springframework/data/**/repository/support/**/*.class]
16:37:26.806 [main] DEBUG o.s.c.i.s.PathMatchingResourcePatternResolver - Looking for matching resources in jar file [file:/home/aluno/.m2/repository/org/springframework/data/spring-data-commons/1.11.0.RELEASE/spring-data-commons-1.11.0.RELEASE.jar]
16:37:26.807 [main] DEBUG o.s.c.i.s.PathMatchingResourcePatternResolver - Looking for matching resources in jar file [file:/home/aluno/.m2/repository/org/springframework/data/spring-data-keyvalue/1.0.0.M1/spring-data-keyvalue-1.0.0.M1.jar]
16:37:26.808 [main] DEBUG o.s.c.i.s.PathMatchingResourcePatternResolver - Resolved location pattern [classpath*:org/springframework/data/**/repository/support/**/*.class] to resources [file [/home/aluno/spring-projects/maven/spring-data-aerospike/target/test-classes/org/springframework/data/aerospike/repository/support/SimpleAerospikeRepositoryTest$5.class], file [/home/aluno/spring-projects/maven/spring-data-aerospike/target/test-classes/org/springframework/data/aerospike/repository/support/SimpleAerospikeRepositoryTest$9.class], file [/home/aluno/spring-projects/maven/spring-data-aerospike/target/test-classes/org/springframework/data/aerospike/repository/support/SimpleAerospikeRepositoryTest$4.class], file [/home/aluno/spring-projects/maven/spring-data-aerospike/target/test-classes/org/springframework/data/aerospike/repository/support/AerospikeRepositoryFactoryTest.class], file [/home/aluno/spring-projects/maven/spring-data-aerospike/target/test-classes/org/springframework/data/aerospike/repository/support/SimpleAerospikeRepositoryTest.class], file [/home/aluno/spring-projects/maven/spring-data-aerospike/target/test-classes/org/springframework/data/aerospike/repository/support/SimpleAerospikeRepositoryTest$1.class], file [/home/aluno/spring-projects/maven/spring-data-aerospike/target/test-classes/org/springframework/data/aerospike/repository/support/SimpleAerospikeRepositoryTest$3.class], file [/home/aluno/spring-projects/maven/spring-data-aerospike/target/test-classes/org/springframework/data/aerospike/repository/support/SimpleAerospikeRepositoryTest$8.class], file [/home/aluno/spring-projects/maven/spring-data-aerospike/target/test-classes/org/springframework/data/aerospike/repository/support/SimpleAerospikeRepositoryTest$6.class], file [/home/aluno/spring-projects/maven/spring-data-aerospike/target/test-classes/org/springframework/data/aerospike/repository/support/SimpleAerospikeRepositoryTest$2.class], file [/home/aluno/spring-projects/maven/spring-data-aerospike/target/test-classes/org/springframework/data/aerospike/repository/support/AllTests.class], file [/home/aluno/spring-projects/maven/spring-data-aerospike/target/test-classes/org/springframework/data/aerospike/repository/support/SimpleAerospikeRepositoryTest$7.class], file [/home/aluno/spring-projects/maven/spring-data-aerospike/target/classes/org/springframework/data/aerospike/repository/support/AerospikeRepositoryFactoryBean.class], file [/home/aluno/spring-projects/maven/spring-data-aerospike/target/classes/org/springframework/data/aerospike/repository/support/AerospikeRepositoryFactory$AerospikeQueryLookupStrategy.class], file [/home/aluno/spring-projects/maven/spring-data-aerospike/target/classes/org/springframework/data/aerospike/repository/support/AerospikeRepositoryFactory.class], file [/home/aluno/spring-projects/maven/spring-data-aerospike/target/classes/org/springframework/data/aerospike/repository/support/SimpleAerospikeRepository.class], URL [jar:file:/home/aluno/.m2/repository/org/springframework/data/spring-data-commons/1.11.0.RELEASE/spring-data-commons-1.11.0.RELEASE.jar!/org/springframework/data/repository/support/DomainClassConverter$ConversionMatchAbbreviationException.class], URL [jar:file:/home/aluno/.m2/repository/org/springframework/data/spring-data-commons/1.11.0.RELEASE/spring-data-commons-1.11.0.RELEASE.jar!/org/springframework/data/repository/support/DomainClassConverter$ToIdConverter.class], URL [jar:file:/home/aluno/.m2/repository/org/springframework/data/spring-data-commons/1.11.0.RELEASE/spring-data-commons-1.11.0.RELEASE.jar!/org/springframework/data/repository/support/Repositories$EmptyRepositoryFactoryInformation.class], URL [jar:file:/home/aluno/.m2/repository/org/springframework/data/spring-data-commons/1.11.0.RELEASE/spring-data-commons-1.11.0.RELEASE.jar!/org/springframework/data/repository/support/PagingAndSortingRepositoryInvoker.class], URL [jar:file:/home/aluno/.m2/repository/org/springframework/data/spring-data-commons/1.11.0.RELEASE/spring-data-commons-1.11.0.RELEASE.jar!/org/springframework/data/repository/support/QueryMethodParameterConversionException.class], URL [jar:file:/home/aluno/.m2/repository/org/springframework/data/spring-data-commons/1.11.0.RELEASE/spring-data-commons-1.11.0.RELEASE.jar!/org/springframework/data/repository/support/MethodParameters.class], URL [jar:file:/home/aluno/.m2/repository/org/springframework/data/spring-data-commons/1.11.0.RELEASE/spring-data-commons-1.11.0.RELEASE.jar!/org/springframework/data/repository/support/RepositoryInvoker.class], URL [jar:file:/home/aluno/.m2/repository/org/springframework/data/spring-data-commons/1.11.0.RELEASE/spring-data-commons-1.11.0.RELEASE.jar!/org/springframework/data/repository/support/RepositoryInvokerFactory.class], URL [jar:file:/home/aluno/.m2/repository/org/springframework/data/spring-data-commons/1.11.0.RELEASE/spring-data-commons-1.11.0.RELEASE.jar!/org/springframework/data/repository/support/DomainClassPropertyEditorRegistrar.class], URL [jar:file:/home/aluno/.m2/repository/org/springframework/data/spring-data-commons/1.11.0.RELEASE/spring-data-commons-1.11.0.RELEASE.jar!/org/springframework/data/repository/support/AnnotationAttribute.class], URL [jar:file:/home/aluno/.m2/repository/org/springframework/data/spring-data-commons/1.11.0.RELEASE/spring-data-commons-1.11.0.RELEASE.jar!/org/springframework/data/repository/support/DefaultRepositoryInvokerFactory.class], URL [jar:file:/home/aluno/.m2/repository/org/springframework/data/spring-data-commons/1.11.0.RELEASE/spring-data-commons-1.11.0.RELEASE.jar!/org/springframework/data/repository/support/MethodParameters$AnnotationNamingMethodParameter.class], URL [jar:file:/home/aluno/.m2/repository/org/springframework/data/spring-data-commons/1.11.0.RELEASE/spring-data-commons-1.11.0.RELEASE.jar!/org/springframework/data/repository/support/CrudRepositoryInvoker.class], URL [jar:file:/home/aluno/.m2/repository/org/springframework/data/spring-data-commons/1.11.0.RELEASE/spring-data-commons-1.11.0.RELEASE.jar!/org/springframework/data/repository/support/Repositories.class], URL [jar:file:/home/aluno/.m2/repository/org/springframework/data/spring-data-commons/1.11.0.RELEASE/spring-data-commons-1.11.0.RELEASE.jar!/org/springframework/data/repository/support/DomainClassConverter$ToEntityConverter.class], URL [jar:file:/home/aluno/.m2/repository/org/springframework/data/spring-data-commons/1.11.0.RELEASE/spring-data-commons-1.11.0.RELEASE.jar!/org/springframework/data/repository/support/ReflectionRepositoryInvoker.class], URL [jar:file:/home/aluno/.m2/repository/org/springframework/data/spring-data-commons/1.11.0.RELEASE/spring-data-commons-1.11.0.RELEASE.jar!/org/springframework/data/repository/support/DomainClassPropertyEditor.class], URL [jar:file:/home/aluno/.m2/repository/org/springframework/data/spring-data-commons/1.11.0.RELEASE/spring-data-commons-1.11.0.RELEASE.jar!/org/springframework/data/repository/support/DomainClassConverter.class], URL [jar:file:/home/aluno/.m2/repository/org/springframework/data/spring-data-commons/1.11.0.RELEASE/spring-data-commons-1.11.0.RELEASE.jar!/org/springframework/data/repository/support/DomainClassConverter$1.class], URL [jar:file:/home/aluno/.m2/repository/org/springframework/data/spring-data-commons/1.11.0.RELEASE/spring-data-commons-1.11.0.RELEASE.jar!/org/springframework/data/repository/support/RepositoryInvocationInformation.class], URL [jar:file:/home/aluno/.m2/repository/org/springframework/data/spring-data-keyvalue/1.0.0.M1/spring-data-keyvalue-1.0.0.M1.jar!/org/springframework/data/keyvalue/repository/support/KeyValueRepositoryFactory$KeyValueQueryLookupStrategy.class], URL [jar:file:/home/aluno/.m2/repository/org/springframework/data/spring-data-keyvalue/1.0.0.M1/spring-data-keyvalue-1.0.0.M1.jar!/org/springframework/data/keyvalue/repository/support/QuerydslKeyValueRepository.class], URL [jar:file:/home/aluno/.m2/repository/org/springframework/data/spring-data-keyvalue/1.0.0.M1/spring-data-keyvalue-1.0.0.M1.jar!/org/springframework/data/keyvalue/repository/support/KeyValueRepositoryFactoryBean.class], URL [jar:file:/home/aluno/.m2/repository/org/springframework/data/spring-data-keyvalue/1.0.0.M1/spring-data-keyvalue-1.0.0.M1.jar!/org/springframework/data/keyvalue/repository/support/KeyValueQuerydslUtils$1.class], URL [jar:file:/home/aluno/.m2/repository/org/springframework/data/spring-data-keyvalue/1.0.0.M1/spring-data-keyvalue-1.0.0.M1.jar!/org/springframework/data/keyvalue/repository/support/KeyValueQuerydslUtils.class], URL [jar:file:/home/aluno/.m2/repository/org/springframework/data/spring-data-keyvalue/1.0.0.M1/spring-data-keyvalue-1.0.0.M1.jar!/org/springframework/data/keyvalue/repository/support/KeyValueRepositoryFactory.class], URL [jar:file:/home/aluno/.m2/repository/org/springframework/data/spring-data-keyvalue/1.0.0.M1/spring-data-keyvalue-1.0.0.M1.jar!/org/springframework/data/keyvalue/repository/support/SimpleKeyValueRepository.class]]
16:37:26.810 [main] DEBUG o.s.c.a.ClassPathScanningCandidateComponentProvider - Identified candidate component class: file [/home/aluno/spring-projects/maven/spring-data-aerospike/target/classes/org/springframework/data/aerospike/repository/support/AerospikeRepositoryFactory.class]
16:37:26.815 [main] DEBUG o.s.c.a.ClassPathScanningCandidateComponentProvider - Identified candidate component class: URL [jar:file:/home/aluno/.m2/repository/org/springframework/data/spring-data-keyvalue/1.0.0.M1/spring-data-keyvalue-1.0.0.M1.jar!/org/springframework/data/keyvalue/repository/support/KeyValueRepositoryFactory.class]
16:37:26.815 [main] DEBUG o.s.d.r.c.RepositoryConfigurationDelegate - Multiple Spring Data modules found, entering strict repository configuration mode!
16:37:26.815 [main] DEBUG o.s.core.env.StandardEnvironment - Adding [systemProperties] PropertySource with lowest search precedence
16:37:26.815 [main] DEBUG o.s.core.env.StandardEnvironment - Adding [systemEnvironment] PropertySource with lowest search precedence
16:37:26.815 [main] DEBUG o.s.core.env.StandardEnvironment - Initialized StandardEnvironment with PropertySources [systemProperties,systemEnvironment]
16:37:26.816 [main] DEBUG o.s.c.i.s.PathMatchingResourcePatternResolver - Looking for matching resources in directory tree [/home/aluno/spring-projects/maven/spring-data-aerospike/target/test-classes/org/springframework/data/aerospike/repository]
16:37:26.816 [main] DEBUG o.s.c.i.s.PathMatchingResourcePatternResolver - Searching directory [/home/aluno/spring-projects/maven/spring-data-aerospike/target/test-classes/org/springframework/data/aerospike/repository] for files matching pattern [/home/aluno/spring-projects/maven/spring-data-aerospike/target/test-classes/org/springframework/data/aerospike/repository/**/*.class]
16:37:26.816 [main] DEBUG o.s.c.i.s.PathMatchingResourcePatternResolver - Searching directory [/home/aluno/spring-projects/maven/spring-data-aerospike/target/test-classes/org/springframework/data/aerospike/repository/support] for files matching pattern [/home/aluno/spring-projects/maven/spring-data-aerospike/target/test-classes/org/springframework/data/aerospike/repository/**/*.class]
16:37:26.816 [main] DEBUG o.s.c.i.s.PathMatchingResourcePatternResolver - Searching directory [/home/aluno/spring-projects/maven/spring-data-aerospike/target/test-classes/org/springframework/data/aerospike/repository/query] for files matching pattern [/home/aluno/spring-projects/maven/spring-data-aerospike/target/test-classes/org/springframework/data/aerospike/repository/**/*.class]
16:37:26.816 [main] DEBUG o.s.c.i.s.PathMatchingResourcePatternResolver - Looking for matching resources in directory tree [/home/aluno/spring-projects/maven/spring-data-aerospike/target/classes/org/springframework/data/aerospike/repository]
16:37:26.816 [main] DEBUG o.s.c.i.s.PathMatchingResourcePatternResolver - Searching directory [/home/aluno/spring-projects/maven/spring-data-aerospike/target/classes/org/springframework/data/aerospike/repository] for files matching pattern [/home/aluno/spring-projects/maven/spring-data-aerospike/target/classes/org/springframework/data/aerospike/repository/**/*.class]
16:37:26.816 [main] DEBUG o.s.c.i.s.PathMatchingResourcePatternResolver - Searching directory [/home/aluno/spring-projects/maven/spring-data-aerospike/target/classes/org/springframework/data/aerospike/repository/support] for files matching pattern [/home/aluno/spring-projects/maven/spring-data-aerospike/target/classes/org/springframework/data/aerospike/repository/**/*.class]
16:37:26.816 [main] DEBUG o.s.c.i.s.PathMatchingResourcePatternResolver - Searching directory [/home/aluno/spring-projects/maven/spring-data-aerospike/target/classes/org/springframework/data/aerospike/repository/config] for files matching pattern [/home/aluno/spring-projects/maven/spring-data-aerospike/target/classes/org/springframework/data/aerospike/repository/**/*.class]
16:37:26.817 [main] DEBUG o.s.c.i.s.PathMatchingResourcePatternResolver - Searching directory [/home/aluno/spring-projects/maven/spring-data-aerospike/target/classes/org/springframework/data/aerospike/repository/query] for files matching pattern [/home/aluno/spring-projects/maven/spring-data-aerospike/target/classes/org/springframework/data/aerospike/repository/**/*.class]
16:37:26.817 [main] DEBUG o.s.c.i.s.PathMatchingResourcePatternResolver - Resolved location pattern [classpath*:org/springframework/data/aerospike/repository/**/*.class] to resources [file [/home/aluno/spring-projects/maven/spring-data-aerospike/target/test-classes/org/springframework/data/aerospike/repository/Credentials.class], file [/home/aluno/spring-projects/maven/spring-data-aerospike/target/test-classes/org/springframework/data/aerospike/repository/AbstractPersonRepositoryIntegrationTests$1.class], file [/home/aluno/spring-projects/maven/spring-data-aerospike/target/test-classes/org/springframework/data/aerospike/repository/PersonRepository.class], file [/home/aluno/spring-projects/maven/spring-data-aerospike/target/test-classes/org/springframework/data/aerospike/repository/TestConfigPerson.class], file [/home/aluno/spring-projects/maven/spring-data-aerospike/target/test-classes/org/springframework/data/aerospike/repository/Address.class], file [/home/aluno/spring-projects/maven/spring-data-aerospike/target/test-classes/org/springframework/data/aerospike/repository/Person$Sex.class], file [/home/aluno/spring-projects/maven/spring-data-aerospike/target/test-classes/org/springframework/data/aerospike/repository/Person.class], file [/home/aluno/spring-projects/maven/spring-data-aerospike/target/test-classes/org/springframework/data/aerospike/repository/ContactRepository.class], file [/home/aluno/spring-projects/maven/spring-data-aerospike/target/test-classes/org/springframework/data/aerospike/repository/AbstractPersonRepositoryIntegrationTests.class], file [/home/aluno/spring-projects/maven/spring-data-aerospike/target/test-classes/org/springframework/data/aerospike/repository/User.class], file [/home/aluno/spring-projects/maven/spring-data-aerospike/target/test-classes/org/springframework/data/aerospike/repository/CustomerRepositoriesIntegrationTests$Config.class], file [/home/aluno/spring-projects/maven/spring-data-aerospike/target/test-classes/org/springframework/data/aerospike/repository/AnnotatedPerson.class], file [/home/aluno/spring-projects/maven/spring-data-aerospike/target/test-classes/org/springframework/data/aerospike/repository/support/SimpleAerospikeRepositoryTest$5.class], file [/home/aluno/spring-projects/maven/spring-data-aerospike/target/test-classes/org/springframework/data/aerospike/repository/support/SimpleAerospikeRepositoryTest$9.class], file [/home/aluno/spring-projects/maven/spring-data-aerospike/target/test-classes/org/springframework/data/aerospike/repository/support/SimpleAerospikeRepositoryTest$4.class], file [/home/aluno/spring-projects/maven/spring-data-aerospike/target/test-classes/org/springframework/data/aerospike/repository/support/AerospikeRepositoryFactoryTest.class], file [/home/aluno/spring-projects/maven/spring-data-aerospike/target/test-classes/org/springframework/data/aerospike/repository/support/SimpleAerospikeRepositoryTest.class], file [/home/aluno/spring-projects/maven/spring-data-aerospike/target/test-classes/org/springframework/data/aerospike/repository/support/SimpleAerospikeRepositoryTest$1.class], file [/home/aluno/spring-projects/maven/spring-data-aerospike/target/test-classes/org/springframework/data/aerospike/repository/support/SimpleAerospikeRepositoryTest$3.class], file [/home/aluno/spring-projects/maven/spring-data-aerospike/target/test-classes/org/springframework/data/aerospike/repository/support/SimpleAerospikeRepositoryTest$8.class], file [/home/aluno/spring-projects/maven/spring-data-aerospike/target/test-classes/org/springframework/data/aerospike/repository/support/SimpleAerospikeRepositoryTest$6.class], file [/home/aluno/spring-projects/maven/spring-data-aerospike/target/test-classes/org/springframework/data/aerospike/repository/support/SimpleAerospikeRepositoryTest$2.class], file [/home/aluno/spring-projects/maven/spring-data-aerospike/target/test-classes/org/springframework/data/aerospike/repository/support/AllTests.class], file [/home/aluno/spring-projects/maven/spring-data-aerospike/target/test-classes/org/springframework/data/aerospike/repository/support/SimpleAerospikeRepositoryTest$7.class], file [/home/aluno/spring-projects/maven/spring-data-aerospike/target/test-classes/org/springframework/data/aerospike/repository/Contact.class], file [/home/aluno/spring-projects/maven/spring-data-aerospike/target/test-classes/org/springframework/data/aerospike/repository/AllTests.class], file [/home/aluno/spring-projects/maven/spring-data-aerospike/target/test-classes/org/springframework/data/aerospike/repository/PersonRepositoryIntegrationTests.class], file [/home/aluno/spring-projects/maven/spring-data-aerospike/target/test-classes/org/springframework/data/aerospike/repository/query/StubParameterAccessor.class], file [/home/aluno/spring-projects/maven/spring-data-aerospike/target/test-classes/org/springframework/data/aerospike/repository/query/AllTests.class], file [/home/aluno/spring-projects/maven/spring-data-aerospike/target/test-classes/org/springframework/data/aerospike/repository/query/AerospikePartTreeQueryTest.class], file [/home/aluno/spring-projects/maven/spring-data-aerospike/target/test-classes/org/springframework/data/aerospike/repository/CustomerRepositoriesIntegrationTests.class], file [/home/aluno/spring-projects/maven/spring-data-aerospike/target/classes/org/springframework/data/aerospike/repository/AerospikeRepository.class], file [/home/aluno/spring-projects/maven/spring-data-aerospike/target/classes/org/springframework/data/aerospike/repository/support/AerospikeRepositoryFactoryBean.class], file [/home/aluno/spring-projects/maven/spring-data-aerospike/target/classes/org/springframework/data/aerospike/repository/support/AerospikeRepositoryFactory$AerospikeQueryLookupStrategy.class], file [/home/aluno/spring-projects/maven/spring-data-aerospike/target/classes/org/springframework/data/aerospike/repository/support/AerospikeRepositoryFactory.class], file [/home/aluno/spring-projects/maven/spring-data-aerospike/target/classes/org/springframework/data/aerospike/repository/support/SimpleAerospikeRepository.class], file [/home/aluno/spring-projects/maven/spring-data-aerospike/target/classes/org/springframework/data/aerospike/repository/config/AerospikeRepositoriesRegistrar.class], file [/home/aluno/spring-projects/maven/spring-data-aerospike/target/classes/org/springframework/data/aerospike/repository/config/EnableAerospikeRepositories.class], file [/home/aluno/spring-projects/maven/spring-data-aerospike/target/classes/org/springframework/data/aerospike/repository/config/AerospikeRepositoriesRegistrar$1.class], file [/home/aluno/spring-projects/maven/spring-data-aerospike/target/classes/org/springframework/data/aerospike/repository/config/AerospikeRepositoriesRegistrar$AerospikeRepositoryConfigurationExtension.class], file [/home/aluno/spring-projects/maven/spring-data-aerospike/target/classes/org/springframework/data/aerospike/repository/query/AerospikeParameterAccessor.class], file [/home/aluno/spring-projects/maven/spring-data-aerospike/target/classes/org/springframework/data/aerospike/repository/query/Query.class], file [/home/aluno/spring-projects/maven/spring-data-aerospike/target/classes/org/springframework/data/aerospike/repository/query/ConvertingParameterAccessor.class], file [/home/aluno/spring-projects/maven/spring-data-aerospike/target/classes/org/springframework/data/aerospike/repository/query/AerospikeQueryCreator$1.class], file [/home/aluno/spring-projects/maven/spring-data-aerospike/target/classes/org/springframework/data/aerospike/repository/query/CriteriaDefinition.class], file [/home/aluno/spring-projects/maven/spring-data-aerospike/target/classes/org/springframework/data/aerospike/repository/query/TextCriteria.class], file [/home/aluno/spring-projects/maven/spring-data-aerospike/target/classes/org/springframework/data/aerospike/repository/query/Criteria.class], file [/home/aluno/spring-projects/maven/spring-data-aerospike/target/classes/org/springframework/data/aerospike/repository/query/AerospikePartTreeQuery.class], file [/home/aluno/spring-projects/maven/spring-data-aerospike/target/classes/org/springframework/data/aerospike/repository/query/AerospikeQueryCreator.class]]
16:37:26.817 [main] DEBUG o.s.d.r.c.RepositoryComponentProvider - Identified candidate component class: file [/home/aluno/spring-projects/maven/spring-data-aerospike/target/test-classes/org/springframework/data/aerospike/repository/PersonRepository.class]
16:37:26.818 [main] DEBUG o.s.d.r.c.RepositoryComponentProvider - Identified candidate component class: file [/home/aluno/spring-projects/maven/spring-data-aerospike/target/test-classes/org/springframework/data/aerospike/repository/ContactRepository.class]
16:37:26.825 [main] DEBUG o.s.core.env.StandardEnvironment - Adding [systemProperties] PropertySource with lowest search precedence
16:37:26.825 [main] DEBUG o.s.core.env.StandardEnvironment - Adding [systemEnvironment] PropertySource with lowest search precedence
16:37:26.825 [main] DEBUG o.s.core.env.StandardEnvironment - Initialized StandardEnvironment with PropertySources [systemProperties,systemEnvironment]
16:37:26.825 [main] DEBUG o.s.c.i.s.PathMatchingResourcePatternResolver - Looking for matching resources in directory tree [/home/aluno/spring-projects/maven/spring-data-aerospike/target/test-classes/org/springframework/data/aerospike/repository]
16:37:26.825 [main] DEBUG o.s.c.i.s.PathMatchingResourcePatternResolver - Searching directory [/home/aluno/spring-projects/maven/spring-data-aerospike/target/test-classes/org/springframework/data/aerospike/repository] for files matching pattern [/home/aluno/spring-projects/maven/spring-data-aerospike/target/test-classes/org/springframework/data/aerospike/repository/**/*ContactRepositoryImpl.class]
16:37:26.825 [main] DEBUG o.s.c.i.s.PathMatchingResourcePatternResolver - Searching directory [/home/aluno/spring-projects/maven/spring-data-aerospike/target/test-classes/org/springframework/data/aerospike/repository/support] for files matching pattern [/home/aluno/spring-projects/maven/spring-data-aerospike/target/test-classes/org/springframework/data/aerospike/repository/**/*ContactRepositoryImpl.class]
16:37:26.825 [main] DEBUG o.s.c.i.s.PathMatchingResourcePatternResolver - Searching directory [/home/aluno/spring-projects/maven/spring-data-aerospike/target/test-classes/org/springframework/data/aerospike/repository/query] for files matching pattern [/home/aluno/spring-projects/maven/spring-data-aerospike/target/test-classes/org/springframework/data/aerospike/repository/**/*ContactRepositoryImpl.class]
16:37:26.825 [main] DEBUG o.s.c.i.s.PathMatchingResourcePatternResolver - Looking for matching resources in directory tree [/home/aluno/spring-projects/maven/spring-data-aerospike/target/classes/org/springframework/data/aerospike/repository]
16:37:26.825 [main] DEBUG o.s.c.i.s.PathMatchingResourcePatternResolver - Searching directory [/home/aluno/spring-projects/maven/spring-data-aerospike/target/classes/org/springframework/data/aerospike/repository] for files matching pattern [/home/aluno/spring-projects/maven/spring-data-aerospike/target/classes/org/springframework/data/aerospike/repository/**/*ContactRepositoryImpl.class]
16:37:26.825 [main] DEBUG o.s.c.i.s.PathMatchingResourcePatternResolver - Searching directory [/home/aluno/spring-projects/maven/spring-data-aerospike/target/classes/org/springframework/data/aerospike/repository/support] for files matching pattern [/home/aluno/spring-projects/maven/spring-data-aerospike/target/classes/org/springframework/data/aerospike/repository/**/*ContactRepositoryImpl.class]
16:37:26.826 [main] DEBUG o.s.c.i.s.PathMatchingResourcePatternResolver - Searching directory [/home/aluno/spring-projects/maven/spring-data-aerospike/target/classes/org/springframework/data/aerospike/repository/config] for files matching pattern [/home/aluno/spring-projects/maven/spring-data-aerospike/target/classes/org/springframework/data/aerospike/repository/**/*ContactRepositoryImpl.class]
16:37:26.826 [main] DEBUG o.s.c.i.s.PathMatchingResourcePatternResolver - Searching directory [/home/aluno/spring-projects/maven/spring-data-aerospike/target/classes/org/springframework/data/aerospike/repository/query] for files matching pattern [/home/aluno/spring-projects/maven/spring-data-aerospike/target/classes/org/springframework/data/aerospike/repository/**/*ContactRepositoryImpl.class]
16:37:26.826 [main] DEBUG o.s.c.i.s.PathMatchingResourcePatternResolver - Resolved location pattern [classpath*:org/springframework/data/aerospike/repository/**/*ContactRepositoryImpl.class] to resources []
16:37:26.826 [main] DEBUG o.s.d.r.c.RepositoryConfigurationDelegate - Spring Data Aerospike - Registering repository: contactRepository - Interface: org.springframework.data.aerospike.repository.ContactRepository - Factory: org.springframework.data.keyvalue.repository.support.KeyValueRepositoryFactoryBean
16:37:26.826 [main] DEBUG o.s.core.env.StandardEnvironment - Adding [systemProperties] PropertySource with lowest search precedence
16:37:26.826 [main] DEBUG o.s.core.env.StandardEnvironment - Adding [systemEnvironment] PropertySource with lowest search precedence
16:37:26.826 [main] DEBUG o.s.core.env.StandardEnvironment - Initialized StandardEnvironment with PropertySources [systemProperties,systemEnvironment]
16:37:26.826 [main] DEBUG o.s.c.i.s.PathMatchingResourcePatternResolver - Looking for matching resources in directory tree [/home/aluno/spring-projects/maven/spring-data-aerospike/target/test-classes/org/springframework/data/aerospike/repository]
16:37:26.826 [main] DEBUG o.s.c.i.s.PathMatchingResourcePatternResolver - Searching directory [/home/aluno/spring-projects/maven/spring-data-aerospike/target/test-classes/org/springframework/data/aerospike/repository] for files matching pattern [/home/aluno/spring-projects/maven/spring-data-aerospike/target/test-classes/org/springframework/data/aerospike/repository/**/*PersonRepositoryImpl.class]
16:37:26.827 [main] DEBUG o.s.c.i.s.PathMatchingResourcePatternResolver - Searching directory [/home/aluno/spring-projects/maven/spring-data-aerospike/target/test-classes/org/springframework/data/aerospike/repository/support] for files matching pattern [/home/aluno/spring-projects/maven/spring-data-aerospike/target/test-classes/org/springframework/data/aerospike/repository/**/*PersonRepositoryImpl.class]
16:37:26.827 [main] DEBUG o.s.c.i.s.PathMatchingResourcePatternResolver - Searching directory [/home/aluno/spring-projects/maven/spring-data-aerospike/target/test-classes/org/springframework/data/aerospike/repository/query] for files matching pattern [/home/aluno/spring-projects/maven/spring-data-aerospike/target/test-classes/org/springframework/data/aerospike/repository/**/*PersonRepositoryImpl.class]
16:37:26.827 [main] DEBUG o.s.c.i.s.PathMatchingResourcePatternResolver - Looking for matching resources in directory tree [/home/aluno/spring-projects/maven/spring-data-aerospike/target/classes/org/springframework/data/aerospike/repository]
16:37:26.827 [main] DEBUG o.s.c.i.s.PathMatchingResourcePatternResolver - Searching directory [/home/aluno/spring-projects/maven/spring-data-aerospike/target/classes/org/springframework/data/aerospike/repository] for files matching pattern [/home/aluno/spring-projects/maven/spring-data-aerospike/target/classes/org/springframework/data/aerospike/repository/**/*PersonRepositoryImpl.class]
16:37:26.827 [main] DEBUG o.s.c.i.s.PathMatchingResourcePatternResolver - Searching directory [/home/aluno/spring-projects/maven/spring-data-aerospike/target/classes/org/springframework/data/aerospike/repository/support] for files matching pattern [/home/aluno/spring-projects/maven/spring-data-aerospike/target/classes/org/springframework/data/aerospike/repository/**/*PersonRepositoryImpl.class]
16:37:26.827 [main] DEBUG o.s.c.i.s.PathMatchingResourcePatternResolver - Searching directory [/home/aluno/spring-projects/maven/spring-data-aerospike/target/classes/org/springframework/data/aerospike/repository/config] for files matching pattern [/home/aluno/spring-projects/maven/spring-data-aerospike/target/classes/org/springframework/data/aerospike/repository/**/*PersonRepositoryImpl.class]
16:37:26.827 [main] DEBUG o.s.c.i.s.PathMatchingResourcePatternResolver - Searching directory [/home/aluno/spring-projects/maven/spring-data-aerospike/target/classes/org/springframework/data/aerospike/repository/query] for files matching pattern [/home/aluno/spring-projects/maven/spring-data-aerospike/target/classes/org/springframework/data/aerospike/repository/**/*PersonRepositoryImpl.class]
16:37:26.827 [main] DEBUG o.s.c.i.s.PathMatchingResourcePatternResolver - Resolved location pattern [classpath*:org/springframework/data/aerospike/repository/**/*PersonRepositoryImpl.class] to resources []
16:37:26.827 [main] DEBUG o.s.d.r.c.RepositoryConfigurationDelegate - Spring Data Aerospike - Registering repository: personRepository - Interface: org.springframework.data.aerospike.repository.PersonRepository - Factory: org.springframework.data.keyvalue.repository.support.KeyValueRepositoryFactoryBean
16:37:26.828 [main] DEBUG o.s.c.a.ConfigurationClassEnhancer - Successfully enhanced org.springframework.data.aerospike.repository.TestConfigPerson; enhanced class name is: org.springframework.data.aerospike.repository.TestConfigPerson$$EnhancerBySpringCGLIB$$3f27a8da
16:37:26.828 [main] DEBUG o.s.c.a.ConfigurationClassPostProcessor - Replacing bean definition 'testConfigPerson' existing class name 'org.springframework.data.aerospike.repository.TestConfigPerson' with enhanced class name 'org.springframework.data.aerospike.repository.TestConfigPerson$$EnhancerBySpringCGLIB$$3f27a8da'
16:37:26.828 [main] DEBUG o.s.b.f.s.DefaultListableBeanFactory - Creating shared instance of singleton bean 'org.springframework.context.annotation.internalAutowiredAnnotationProcessor'
16:37:26.828 [main] DEBUG o.s.b.f.s.DefaultListableBeanFactory - Creating instance of bean 'org.springframework.context.annotation.internalAutowiredAnnotationProcessor'
16:37:26.828 [main] DEBUG o.s.b.f.s.DefaultListableBeanFactory - Eagerly caching bean 'org.springframework.context.annotation.internalAutowiredAnnotationProcessor' to allow for resolving potential circular references
16:37:26.828 [main] DEBUG o.s.b.f.s.DefaultListableBeanFactory - Finished creating instance of bean 'org.springframework.context.annotation.internalAutowiredAnnotationProcessor'
16:37:26.829 [main] DEBUG o.s.b.f.s.DefaultListableBeanFactory - Creating shared instance of singleton bean 'org.springframework.context.annotation.internalRequiredAnnotationProcessor'
16:37:26.829 [main] DEBUG o.s.b.f.s.DefaultListableBeanFactory - Creating instance of bean 'org.springframework.context.annotation.internalRequiredAnnotationProcessor'
16:37:26.829 [main] DEBUG o.s.b.f.s.DefaultListableBeanFactory - Eagerly caching bean 'org.springframework.context.annotation.internalRequiredAnnotationProcessor' to allow for resolving potential circular references
16:37:26.829 [main] DEBUG o.s.b.f.s.DefaultListableBeanFactory - Finished creating instance of bean 'org.springframework.context.annotation.internalRequiredAnnotationProcessor'
16:37:26.829 [main] DEBUG o.s.b.f.s.DefaultListableBeanFactory - Creating shared instance of singleton bean 'org.springframework.context.annotation.internalCommonAnnotationProcessor'
16:37:26.829 [main] DEBUG o.s.b.f.s.DefaultListableBeanFactory - Creating instance of bean 'org.springframework.context.annotation.internalCommonAnnotationProcessor'
16:37:26.829 [main] DEBUG o.s.b.f.s.DefaultListableBeanFactory - Eagerly caching bean 'org.springframework.context.annotation.internalCommonAnnotationProcessor' to allow for resolving potential circular references
16:37:26.829 [main] DEBUG o.s.b.f.s.DefaultListableBeanFactory - Finished creating instance of bean 'org.springframework.context.annotation.internalCommonAnnotationProcessor'
16:37:26.829 [main] DEBUG o.s.b.f.s.DefaultListableBeanFactory - Creating shared instance of singleton bean 'org.springframework.context.annotation.ConfigurationClassPostProcessor.importAwareProcessor'
16:37:26.829 [main] DEBUG o.s.b.f.s.DefaultListableBeanFactory - Creating instance of bean 'org.springframework.context.annotation.ConfigurationClassPostProcessor.importAwareProcessor'
16:37:26.829 [main] DEBUG o.s.b.f.s.DefaultListableBeanFactory - Eagerly caching bean 'org.springframework.context.annotation.ConfigurationClassPostProcessor.importAwareProcessor' to allow for resolving potential circular references
16:37:26.829 [main] DEBUG o.s.b.f.s.DefaultListableBeanFactory - Finished creating instance of bean 'org.springframework.context.annotation.ConfigurationClassPostProcessor.importAwareProcessor'
16:37:26.829 [main] DEBUG o.s.b.f.s.DefaultListableBeanFactory - Creating shared instance of singleton bean 'org.springframework.context.annotation.ConfigurationClassPostProcessor.enhancedConfigurationProcessor'
16:37:26.829 [main] DEBUG o.s.b.f.s.DefaultListableBeanFactory - Creating instance of bean 'org.springframework.context.annotation.ConfigurationClassPostProcessor.enhancedConfigurationProcessor'
16:37:26.829 [main] DEBUG o.s.b.f.s.DefaultListableBeanFactory - Eagerly caching bean 'org.springframework.context.annotation.ConfigurationClassPostProcessor.enhancedConfigurationProcessor' to allow for resolving potential circular references
16:37:26.829 [main] DEBUG o.s.b.f.s.DefaultListableBeanFactory - Finished creating instance of bean 'org.springframework.context.annotation.ConfigurationClassPostProcessor.enhancedConfigurationProcessor'
16:37:26.829 [main] DEBUG o.s.b.f.s.DefaultListableBeanFactory - Creating shared instance of singleton bean 'org.springframework.data.repository.core.support.RepositoryInterfaceAwareBeanPostProcessor'
16:37:26.829 [main] DEBUG o.s.b.f.s.DefaultListableBeanFactory - Creating instance of bean 'org.springframework.data.repository.core.support.RepositoryInterfaceAwareBeanPostProcessor'
16:37:26.829 [main] DEBUG o.s.b.f.s.DefaultListableBeanFactory - Eagerly caching bean 'org.springframework.data.repository.core.support.RepositoryInterfaceAwareBeanPostProcessor' to allow for resolving potential circular references
16:37:26.829 [main] DEBUG o.s.b.f.s.DefaultListableBeanFactory - Finished creating instance of bean 'org.springframework.data.repository.core.support.RepositoryInterfaceAwareBeanPostProcessor'
16:37:26.829 [main] DEBUG o.s.c.s.GenericApplicationContext - Unable to locate MessageSource with name 'messageSource': using default [org.springframework.context.support.DelegatingMessageSource@30669dac]
16:37:26.829 [main] DEBUG o.s.c.s.GenericApplicationContext - Unable to locate ApplicationEventMulticaster with name 'applicationEventMulticaster': using default [org.springframework.context.event.SimpleApplicationEventMulticaster@629adce]
16:37:26.830 [main] DEBUG o.s.b.f.s.DefaultListableBeanFactory - Pre-instantiating singletons in org.springframework.beans.factory.support.DefaultListableBeanFactory@28348c6: defining beans [org.springframework.context.annotation.internalConfigurationAnnotationProcessor,org.springframework.context.annotation.internalAutowiredAnnotationProcessor,org.springframework.context.annotation.internalRequiredAnnotationProcessor,org.springframework.context.annotation.internalCommonAnnotationProcessor,testConfigPerson,org.springframework.context.annotation.ConfigurationClassPostProcessor.importAwareProcessor,org.springframework.context.annotation.ConfigurationClassPostProcessor.enhancedConfigurationProcessor,aerospikeTemplate,aerospikeClient,org.springframework.data.aerospike.repository.config.AerospikeRepositoriesRegistrar$AerospikeRepositoryConfigurationExtension#0,org.springframework.data.repository.core.support.RepositoryInterfaceAwareBeanPostProcessor,keyValueMappingContext,contactRepository,personRepository]; root of factory hierarchy
16:37:26.830 [main] DEBUG o.s.b.f.s.DefaultListableBeanFactory - Returning cached instance of singleton bean 'org.springframework.context.annotation.internalConfigurationAnnotationProcessor'
16:37:26.830 [main] DEBUG o.s.b.f.s.DefaultListableBeanFactory - Returning cached instance of singleton bean 'org.springframework.context.annotation.internalAutowiredAnnotationProcessor'
16:37:26.830 [main] DEBUG o.s.b.f.s.DefaultListableBeanFactory - Returning cached instance of singleton bean 'org.springframework.context.annotation.internalRequiredAnnotationProcessor'
16:37:26.830 [main] DEBUG o.s.b.f.s.DefaultListableBeanFactory - Returning cached instance of singleton bean 'org.springframework.context.annotation.internalCommonAnnotationProcessor'
16:37:26.830 [main] DEBUG o.s.b.f.s.DefaultListableBeanFactory - Creating shared instance of singleton bean 'testConfigPerson'
16:37:26.830 [main] DEBUG o.s.b.f.s.DefaultListableBeanFactory - Creating instance of bean 'testConfigPerson'
16:37:26.830 [main] DEBUG o.s.b.f.s.DefaultListableBeanFactory - Eagerly caching bean 'testConfigPerson' to allow for resolving potential circular references
16:37:26.830 [main] DEBUG o.s.b.f.s.DefaultListableBeanFactory - Finished creating instance of bean 'testConfigPerson'
16:37:26.830 [main] DEBUG o.s.b.f.s.DefaultListableBeanFactory - Returning cached instance of singleton bean 'org.springframework.context.annotation.ConfigurationClassPostProcessor.importAwareProcessor'
16:37:26.830 [main] DEBUG o.s.b.f.s.DefaultListableBeanFactory - Returning cached instance of singleton bean 'org.springframework.context.annotation.ConfigurationClassPostProcessor.enhancedConfigurationProcessor'
16:37:26.830 [main] DEBUG o.s.b.f.s.DefaultListableBeanFactory - Creating shared instance of singleton bean 'aerospikeTemplate'
16:37:26.830 [main] DEBUG o.s.b.f.s.DefaultListableBeanFactory - Creating instance of bean 'aerospikeTemplate'
16:37:26.830 [main] DEBUG o.s.b.f.s.DefaultListableBeanFactory - Returning cached instance of singleton bean 'testConfigPerson'
16:37:26.830 [main] DEBUG o.s.b.f.s.DefaultListableBeanFactory - Creating shared instance of singleton bean 'aerospikeClient'
16:37:26.830 [main] DEBUG o.s.b.f.s.DefaultListableBeanFactory - Creating instance of bean 'aerospikeClient'
16:37:26.830 [main] DEBUG o.s.b.f.s.DefaultListableBeanFactory - Returning cached instance of singleton bean 'testConfigPerson'
16:37:28.833 [main] DEBUG o.s.d.a.r.q.AerospikeQueryCreator - AS:Alias 52.41.32.83:3000 failed: Error Code 11: java.net.SocketTimeoutException: connect timed out
16:37:28.833 [main] WARN  o.s.d.a.r.q.AerospikeQueryCreator - AS:Seed 52.41.32.83:3000 failed: Error Code 11: java.net.SocketTimeoutException: connect timed out
16:37:28.834 [main] WARN  o.s.c.s.GenericApplicationContext - Exception encountered during context initialization - cancelling refresh attempt
org.springframework.beans.factory.BeanCreationException: Error creating bean with name 'aerospikeTemplate' defined in org.springframework.data.aerospike.repository.TestConfigPerson: Bean instantiation via factory method failed; nested exception is org.springframework.beans.BeanInstantiationException: Failed to instantiate [org.springframework.data.aerospike.core.AerospikeTemplate]: Factory method 'aerospikeTemplate' threw exception; nested exception is org.springframework.beans.factory.BeanCreationException: Error creating bean with name 'aerospikeClient' defined in org.springframework.data.aerospike.repository.TestConfigPerson: Bean instantiation via factory method failed; nested exception is org.springframework.beans.BeanInstantiationException: Failed to instantiate [com.aerospike.client.AerospikeClient]: Factory method 'aerospikeClient' threw exception; nested exception is com.aerospike.client.AerospikeException$Connection: Error Code 11: Failed to connect to host(s): 
52.41.32.83:3000 Error Code 11: java.net.SocketTimeoutException: connect timed out

	at org.springframework.beans.factory.support.ConstructorResolver.instantiateUsingFactoryMethod(ConstructorResolver.java:599) ~[spring-beans-4.1.7.RELEASE.jar:4.1.7.RELEASE]
	at org.springframework.beans.factory.support.AbstractAutowireCapableBeanFactory.instantiateUsingFactoryMethod(AbstractAutowireCapableBeanFactory.java:1119) ~[spring-beans-4.1.7.RELEASE.jar:4.1.7.RELEASE]
	at org.springframework.beans.factory.support.AbstractAutowireCapableBeanFactory.createBeanInstance(AbstractAutowireCapableBeanFactory.java:1014) ~[spring-beans-4.1.7.RELEASE.jar:4.1.7.RELEASE]
	at org.springframework.beans.factory.support.AbstractAutowireCapableBeanFactory.doCreateBean(AbstractAutowireCapableBeanFactory.java:504) ~[spring-beans-4.1.7.RELEASE.jar:4.1.7.RELEASE]
	at org.springframework.beans.factory.support.AbstractAutowireCapableBeanFactory.createBean(AbstractAutowireCapableBeanFactory.java:476) ~[spring-beans-4.1.7.RELEASE.jar:4.1.7.RELEASE]
	at org.springframework.beans.factory.support.AbstractBeanFactory$1.getObject(AbstractBeanFactory.java:303) ~[spring-beans-4.1.7.RELEASE.jar:4.1.7.RELEASE]
	at org.springframework.beans.factory.support.DefaultSingletonBeanRegistry.getSingleton(DefaultSingletonBeanRegistry.java:230) ~[spring-beans-4.1.7.RELEASE.jar:4.1.7.RELEASE]
	at org.springframework.beans.factory.support.AbstractBeanFactory.doGetBean(AbstractBeanFactory.java:299) ~[spring-beans-4.1.7.RELEASE.jar:4.1.7.RELEASE]
	at org.springframework.beans.factory.support.AbstractBeanFactory.getBean(AbstractBeanFactory.java:194) ~[spring-beans-4.1.7.RELEASE.jar:4.1.7.RELEASE]
	at org.springframework.beans.factory.support.DefaultListableBeanFactory.preInstantiateSingletons(DefaultListableBeanFactory.java:755) ~[spring-beans-4.1.7.RELEASE.jar:4.1.7.RELEASE]
	at org.springframework.context.support.AbstractApplicationContext.finishBeanFactoryInitialization(AbstractApplicationContext.java:757) ~[spring-context-4.1.7.RELEASE.jar:4.1.7.RELEASE]
	at org.springframework.context.support.AbstractApplicationContext.refresh(AbstractApplicationContext.java:480) ~[spring-context-4.1.7.RELEASE.jar:4.1.7.RELEASE]
	at org.springframework.test.context.support.AbstractGenericContextLoader.loadContext(AbstractGenericContextLoader.java:125) [spring-test-4.1.7.RELEASE.jar:4.1.7.RELEASE]
	at org.springframework.test.context.support.AbstractGenericContextLoader.loadContext(AbstractGenericContextLoader.java:60) [spring-test-4.1.7.RELEASE.jar:4.1.7.RELEASE]
	at org.springframework.test.context.support.AbstractDelegatingSmartContextLoader.delegateLoading(AbstractDelegatingSmartContextLoader.java:109) [spring-test-4.1.7.RELEASE.jar:4.1.7.RELEASE]
	at org.springframework.test.context.support.AbstractDelegatingSmartContextLoader.loadContext(AbstractDelegatingSmartContextLoader.java:261) [spring-test-4.1.7.RELEASE.jar:4.1.7.RELEASE]
	at org.springframework.test.context.DefaultCacheAwareContextLoaderDelegate.loadContextInternal(DefaultCacheAwareContextLoaderDelegate.java:68) [spring-test-4.1.7.RELEASE.jar:4.1.7.RELEASE]
	at org.springframework.test.context.DefaultCacheAwareContextLoaderDelegate.loadContext(DefaultCacheAwareContextLoaderDelegate.java:86) [spring-test-4.1.7.RELEASE.jar:4.1.7.RELEASE]
	at org.springframework.test.context.DefaultTestContext.getApplicationContext(DefaultTestContext.java:72) [spring-test-4.1.7.RELEASE.jar:4.1.7.RELEASE]
	at org.springframework.test.context.support.DependencyInjectionTestExecutionListener.injectDependencies(DependencyInjectionTestExecutionListener.java:117) [spring-test-4.1.7.RELEASE.jar:4.1.7.RELEASE]
	at org.springframework.test.context.support.DependencyInjectionTestExecutionListener.prepareTestInstance(DependencyInjectionTestExecutionListener.java:83) [spring-test-4.1.7.RELEASE.jar:4.1.7.RELEASE]
	at org.springframework.test.context.TestContextManager.prepareTestInstance(TestContextManager.java:212) [spring-test-4.1.7.RELEASE.jar:4.1.7.RELEASE]
	at org.springframework.test.context.junit4.SpringJUnit4ClassRunner.createTest(SpringJUnit4ClassRunner.java:200) [spring-test-4.1.7.RELEASE.jar:4.1.7.RELEASE]
	at org.springframework.test.context.junit4.SpringJUnit4ClassRunner$1.runReflectiveCall(SpringJUnit4ClassRunner.java:259) [spring-test-4.1.7.RELEASE.jar:4.1.7.RELEASE]
	at org.junit.internal.runners.model.ReflectiveCallable.run(ReflectiveCallable.java:12) [junit-4.12.jar:4.12]
	at org.springframework.test.context.junit4.SpringJUnit4ClassRunner.methodBlock(SpringJUnit4ClassRunner.java:261) [spring-test-4.1.7.RELEASE.jar:4.1.7.RELEASE]
	at org.springframework.test.context.junit4.SpringJUnit4ClassRunner.runChild(SpringJUnit4ClassRunner.java:219) [spring-test-4.1.7.RELEASE.jar:4.1.7.RELEASE]
	at org.springframework.test.context.junit4.SpringJUnit4ClassRunner.runChild(SpringJUnit4ClassRunner.java:83) [spring-test-4.1.7.RELEASE.jar:4.1.7.RELEASE]
	at org.junit.runners.ParentRunner$3.run(ParentRunner.java:290) [junit-4.12.jar:4.12]
	at org.junit.runners.ParentRunner$1.schedule(ParentRunner.java:71) [junit-4.12.jar:4.12]
	at org.junit.runners.ParentRunner.runChildren(ParentRunner.java:288) [junit-4.12.jar:4.12]
	at org.junit.runners.ParentRunner.access$000(ParentRunner.java:58) [junit-4.12.jar:4.12]
	at org.junit.runners.ParentRunner$2.evaluate(ParentRunner.java:268) [junit-4.12.jar:4.12]
	at org.springframework.test.context.junit4.statements.RunBeforeTestClassCallbacks.evaluate(RunBeforeTestClassCallbacks.java:61) [spring-test-4.1.7.RELEASE.jar:4.1.7.RELEASE]
	at org.springframework.test.context.junit4.statements.RunAfterTestClassCallbacks.evaluate(RunAfterTestClassCallbacks.java:68) [spring-test-4.1.7.RELEASE.jar:4.1.7.RELEASE]
	at org.junit.runners.ParentRunner.run(ParentRunner.java:363) [junit-4.12.jar:4.12]
	at org.springframework.test.context.junit4.SpringJUnit4ClassRunner.run(SpringJUnit4ClassRunner.java:163) [spring-test-4.1.7.RELEASE.jar:4.1.7.RELEASE]
	at org.junit.runners.Suite.runChild(Suite.java:128) [junit-4.12.jar:4.12]
	at org.junit.runners.Suite.runChild(Suite.java:27) [junit-4.12.jar:4.12]
	at org.junit.runners.ParentRunner$3.run(ParentRunner.java:290) [junit-4.12.jar:4.12]
	at org.junit.runners.ParentRunner$1.schedule(ParentRunner.java:71) [junit-4.12.jar:4.12]
	at org.junit.runners.ParentRunner.runChildren(ParentRunner.java:288) [junit-4.12.jar:4.12]
	at org.junit.runners.ParentRunner.access$000(ParentRunner.java:58) [junit-4.12.jar:4.12]
	at org.junit.runners.ParentRunner$2.evaluate(ParentRunner.java:268) [junit-4.12.jar:4.12]
	at org.junit.runners.ParentRunner.run(ParentRunner.java:363) [junit-4.12.jar:4.12]
	at org.apache.maven.surefire.junit4.JUnit4Provider.execute(JUnit4Provider.java:283) [surefire-junit4-2.18.1.jar:2.18.1]
	at org.apache.maven.surefire.junit4.JUnit4Provider.executeWithRerun(JUnit4Provider.java:173) [surefire-junit4-2.18.1.jar:2.18.1]
	at org.apache.maven.surefire.junit4.JUnit4Provider.executeTestSet(JUnit4Provider.java:153) [surefire-junit4-2.18.1.jar:2.18.1]
	at org.apache.maven.surefire.junit4.JUnit4Provider.invoke(JUnit4Provider.java:128) [surefire-junit4-2.18.1.jar:2.18.1]
	at org.apache.maven.surefire.booter.ForkedBooter.invokeProviderInSameClassLoader(ForkedBooter.java:203) [surefire-booter-2.18.1.jar:2.18.1]
	at org.apache.maven.surefire.booter.ForkedBooter.runSuitesInProcess(ForkedBooter.java:155) [surefire-booter-2.18.1.jar:2.18.1]
	at org.apache.maven.surefire.booter.ForkedBooter.main(ForkedBooter.java:103) [surefire-booter-2.18.1.jar:2.18.1]
Caused by: org.springframework.beans.BeanInstantiationException: Failed to instantiate [org.springframework.data.aerospike.core.AerospikeTemplate]: Factory method 'aerospikeTemplate' threw exception; nested exception is org.springframework.beans.factory.BeanCreationException: Error creating bean with name 'aerospikeClient' defined in org.springframework.data.aerospike.repository.TestConfigPerson: Bean instantiation via factory method failed; nested exception is org.springframework.beans.BeanInstantiationException: Failed to instantiate [com.aerospike.client.AerospikeClient]: Factory method 'aerospikeClient' threw exception; nested exception is com.aerospike.client.AerospikeException$Connection: Error Code 11: Failed to connect to host(s): 
52.41.32.83:3000 Error Code 11: java.net.SocketTimeoutException: connect timed out

	at org.springframework.beans.factory.support.SimpleInstantiationStrategy.instantiate(SimpleInstantiationStrategy.java:189) ~[spring-beans-4.1.7.RELEASE.jar:4.1.7.RELEASE]
	at org.springframework.beans.factory.support.ConstructorResolver.instantiateUsingFactoryMethod(ConstructorResolver.java:588) ~[spring-beans-4.1.7.RELEASE.jar:4.1.7.RELEASE]
	... 51 common frames omitted
Caused by: org.springframework.beans.factory.BeanCreationException: Error creating bean with name 'aerospikeClient' defined in org.springframework.data.aerospike.repository.TestConfigPerson: Bean instantiation via factory method failed; nested exception is org.springframework.beans.BeanInstantiationException: Failed to instantiate [com.aerospike.client.AerospikeClient]: Factory method 'aerospikeClient' threw exception; nested exception is com.aerospike.client.AerospikeException$Connection: Error Code 11: Failed to connect to host(s): 
52.41.32.83:3000 Error Code 11: java.net.SocketTimeoutException: connect timed out

	at org.springframework.beans.factory.support.ConstructorResolver.instantiateUsingFactoryMethod(ConstructorResolver.java:599) ~[spring-beans-4.1.7.RELEASE.jar:4.1.7.RELEASE]
	at org.springframework.beans.factory.support.AbstractAutowireCapableBeanFactory.instantiateUsingFactoryMethod(AbstractAutowireCapableBeanFactory.java:1119) ~[spring-beans-4.1.7.RELEASE.jar:4.1.7.RELEASE]
	at org.springframework.beans.factory.support.AbstractAutowireCapableBeanFactory.createBeanInstance(AbstractAutowireCapableBeanFactory.java:1014) ~[spring-beans-4.1.7.RELEASE.jar:4.1.7.RELEASE]
	at org.springframework.beans.factory.support.AbstractAutowireCapableBeanFactory.doCreateBean(AbstractAutowireCapableBeanFactory.java:504) ~[spring-beans-4.1.7.RELEASE.jar:4.1.7.RELEASE]
	at org.springframework.beans.factory.support.AbstractAutowireCapableBeanFactory.createBean(AbstractAutowireCapableBeanFactory.java:476) ~[spring-beans-4.1.7.RELEASE.jar:4.1.7.RELEASE]
	at org.springframework.beans.factory.support.AbstractBeanFactory$1.getObject(AbstractBeanFactory.java:303) ~[spring-beans-4.1.7.RELEASE.jar:4.1.7.RELEASE]
	at org.springframework.beans.factory.support.DefaultSingletonBeanRegistry.getSingleton(DefaultSingletonBeanRegistry.java:230) ~[spring-beans-4.1.7.RELEASE.jar:4.1.7.RELEASE]
	at org.springframework.beans.factory.support.AbstractBeanFactory.doGetBean(AbstractBeanFactory.java:299) ~[spring-beans-4.1.7.RELEASE.jar:4.1.7.RELEASE]
	at org.springframework.beans.factory.support.AbstractBeanFactory.getBean(AbstractBeanFactory.java:194) ~[spring-beans-4.1.7.RELEASE.jar:4.1.7.RELEASE]
	at org.springframework.context.annotation.ConfigurationClassEnhancer$BeanMethodInterceptor.intercept(ConfigurationClassEnhancer.java:322) ~[spring-context-4.1.7.RELEASE.jar:4.1.7.RELEASE]
	at org.springframework.data.aerospike.repository.TestConfigPerson$$EnhancerBySpringCGLIB$$3f27a8da.aerospikeClient(<generated>) ~[spring-core-4.1.7.RELEASE.jar:na]
	at org.springframework.data.aerospike.repository.TestConfigPerson.aerospikeTemplate(TestConfigPerson.java:38) ~[test-classes/:na]
	at org.springframework.data.aerospike.repository.TestConfigPerson$$EnhancerBySpringCGLIB$$3f27a8da.CGLIB$aerospikeTemplate$0(<generated>) ~[spring-core-4.1.7.RELEASE.jar:na]
	at org.springframework.data.aerospike.repository.TestConfigPerson$$EnhancerBySpringCGLIB$$3f27a8da$$FastClassBySpringCGLIB$$38965c5e.invoke(<generated>) ~[spring-core-4.1.7.RELEASE.jar:na]
	at org.springframework.cglib.proxy.MethodProxy.invokeSuper(MethodProxy.java:228) ~[spring-core-4.1.7.RELEASE.jar:4.1.7.RELEASE]
	at org.springframework.context.annotation.ConfigurationClassEnhancer$BeanMethodInterceptor.intercept(ConfigurationClassEnhancer.java:309) ~[spring-context-4.1.7.RELEASE.jar:4.1.7.RELEASE]
	at org.springframework.data.aerospike.repository.TestConfigPerson$$EnhancerBySpringCGLIB$$3f27a8da.aerospikeTemplate(<generated>) ~[spring-core-4.1.7.RELEASE.jar:na]
	at sun.reflect.NativeMethodAccessorImpl.invoke0(Native Method) ~[na:1.8.0_91]
	at sun.reflect.NativeMethodAccessorImpl.invoke(NativeMethodAccessorImpl.java:62) ~[na:1.8.0_91]
	at sun.reflect.DelegatingMethodAccessorImpl.invoke(DelegatingMethodAccessorImpl.java:43) ~[na:1.8.0_91]
	at java.lang.reflect.Method.invoke(Method.java:498) ~[na:1.8.0_91]
	at org.springframework.beans.factory.support.SimpleInstantiationStrategy.instantiate(SimpleInstantiationStrategy.java:162) ~[spring-beans-4.1.7.RELEASE.jar:4.1.7.RELEASE]
	... 52 common frames omitted
Caused by: org.springframework.beans.BeanInstantiationException: Failed to instantiate [com.aerospike.client.AerospikeClient]: Factory method 'aerospikeClient' threw exception; nested exception is com.aerospike.client.AerospikeException$Connection: Error Code 11: Failed to connect to host(s): 
52.41.32.83:3000 Error Code 11: java.net.SocketTimeoutException: connect timed out

	at org.springframework.beans.factory.support.SimpleInstantiationStrategy.instantiate(SimpleInstantiationStrategy.java:189) ~[spring-beans-4.1.7.RELEASE.jar:4.1.7.RELEASE]
	at org.springframework.beans.factory.support.ConstructorResolver.instantiateUsingFactoryMethod(ConstructorResolver.java:588) ~[spring-beans-4.1.7.RELEASE.jar:4.1.7.RELEASE]
	... 73 common frames omitted
Caused by: com.aerospike.client.AerospikeException$Connection: Error Code 11: Failed to connect to host(s): 
52.41.32.83:3000 Error Code 11: java.net.SocketTimeoutException: connect timed out

	at com.aerospike.client.cluster.Cluster.seedNodes(Cluster.java:386) ~[aerospike-client-3.2.3.jar:na]
	at com.aerospike.client.cluster.Cluster.tend(Cluster.java:273) ~[aerospike-client-3.2.3.jar:na]
	at com.aerospike.client.cluster.Cluster.waitTillStabilized(Cluster.java:238) ~[aerospike-client-3.2.3.jar:na]
	at com.aerospike.client.cluster.Cluster.initTendThread(Cluster.java:148) ~[aerospike-client-3.2.3.jar:na]
	at com.aerospike.client.AerospikeClient.<init>(AerospikeClient.java:209) ~[aerospike-client-3.2.3.jar:na]
	at com.aerospike.client.AerospikeClient.<init>(AerospikeClient.java:173) ~[aerospike-client-3.2.3.jar:na]
	at org.springframework.data.aerospike.repository.TestConfigPerson.aerospikeClient(TestConfigPerson.java:32) ~[test-classes/:na]
	at org.springframework.data.aerospike.repository.TestConfigPerson$$EnhancerBySpringCGLIB$$3f27a8da.CGLIB$aerospikeClient$1(<generated>) ~[spring-core-4.1.7.RELEASE.jar:na]
	at org.springframework.data.aerospike.repository.TestConfigPerson$$EnhancerBySpringCGLIB$$3f27a8da$$FastClassBySpringCGLIB$$38965c5e.invoke(<generated>) ~[spring-core-4.1.7.RELEASE.jar:na]
	at org.springframework.cglib.proxy.MethodProxy.invokeSuper(MethodProxy.java:228) ~[spring-core-4.1.7.RELEASE.jar:4.1.7.RELEASE]
	at org.springframework.context.annotation.ConfigurationClassEnhancer$BeanMethodInterceptor.intercept(ConfigurationClassEnhancer.java:309) ~[spring-context-4.1.7.RELEASE.jar:4.1.7.RELEASE]
	at org.springframework.data.aerospike.repository.TestConfigPerson$$EnhancerBySpringCGLIB$$3f27a8da.aerospikeClient(<generated>) ~[spring-core-4.1.7.RELEASE.jar:na]
	at sun.reflect.NativeMethodAccessorImpl.invoke0(Native Method) ~[na:1.8.0_91]
	at sun.reflect.NativeMethodAccessorImpl.invoke(NativeMethodAccessorImpl.java:62) ~[na:1.8.0_91]
	at sun.reflect.DelegatingMethodAccessorImpl.invoke(DelegatingMethodAccessorImpl.java:43) ~[na:1.8.0_91]
	at java.lang.reflect.Method.invoke(Method.java:498) ~[na:1.8.0_91]
	at org.springframework.beans.factory.support.SimpleInstantiationStrategy.instantiate(SimpleInstantiationStrategy.java:162) ~[spring-beans-4.1.7.RELEASE.jar:4.1.7.RELEASE]
	... 74 common frames omitted
16:37:28.834 [main] DEBUG o.s.b.f.s.DefaultListableBeanFactory - Destroying singletons in org.springframework.beans.factory.support.DefaultListableBeanFactory@28348c6: defining beans [org.springframework.context.annotation.internalConfigurationAnnotationProcessor,org.springframework.context.annotation.internalAutowiredAnnotationProcessor,org.springframework.context.annotation.internalRequiredAnnotationProcessor,org.springframework.context.annotation.internalCommonAnnotationProcessor,testConfigPerson,org.springframework.context.annotation.ConfigurationClassPostProcessor.importAwareProcessor,org.springframework.context.annotation.ConfigurationClassPostProcessor.enhancedConfigurationProcessor,aerospikeTemplate,aerospikeClient,org.springframework.data.aerospike.repository.config.AerospikeRepositoriesRegistrar$AerospikeRepositoryConfigurationExtension#0,org.springframework.data.repository.core.support.RepositoryInterfaceAwareBeanPostProcessor,keyValueMappingContext,contactRepository,personRepository]; root of factory hierarchy
16:37:28.835 [main] ERROR o.s.test.context.TestContextManager - Caught exception while allowing TestExecutionListener [org.springframework.test.context.support.DependencyInjectionTestExecutionListener@48e7b3d2] to prepare test instance [org.springframework.data.aerospike.repository.PersonRepositoryIntegrationTests@2ca5f1ed]
java.lang.IllegalStateException: Failed to load ApplicationContext
	at org.springframework.test.context.DefaultCacheAwareContextLoaderDelegate.loadContext(DefaultCacheAwareContextLoaderDelegate.java:94) ~[spring-test-4.1.7.RELEASE.jar:4.1.7.RELEASE]
	at org.springframework.test.context.DefaultTestContext.getApplicationContext(DefaultTestContext.java:72) ~[spring-test-4.1.7.RELEASE.jar:4.1.7.RELEASE]
	at org.springframework.test.context.support.DependencyInjectionTestExecutionListener.injectDependencies(DependencyInjectionTestExecutionListener.java:117) ~[spring-test-4.1.7.RELEASE.jar:4.1.7.RELEASE]
	at org.springframework.test.context.support.DependencyInjectionTestExecutionListener.prepareTestInstance(DependencyInjectionTestExecutionListener.java:83) ~[spring-test-4.1.7.RELEASE.jar:4.1.7.RELEASE]
	at org.springframework.test.context.TestContextManager.prepareTestInstance(TestContextManager.java:212) ~[spring-test-4.1.7.RELEASE.jar:4.1.7.RELEASE]
	at org.springframework.test.context.junit4.SpringJUnit4ClassRunner.createTest(SpringJUnit4ClassRunner.java:200) [spring-test-4.1.7.RELEASE.jar:4.1.7.RELEASE]
	at org.springframework.test.context.junit4.SpringJUnit4ClassRunner$1.runReflectiveCall(SpringJUnit4ClassRunner.java:259) [spring-test-4.1.7.RELEASE.jar:4.1.7.RELEASE]
	at org.junit.internal.runners.model.ReflectiveCallable.run(ReflectiveCallable.java:12) [junit-4.12.jar:4.12]
	at org.springframework.test.context.junit4.SpringJUnit4ClassRunner.methodBlock(SpringJUnit4ClassRunner.java:261) [spring-test-4.1.7.RELEASE.jar:4.1.7.RELEASE]
	at org.springframework.test.context.junit4.SpringJUnit4ClassRunner.runChild(SpringJUnit4ClassRunner.java:219) [spring-test-4.1.7.RELEASE.jar:4.1.7.RELEASE]
	at org.springframework.test.context.junit4.SpringJUnit4ClassRunner.runChild(SpringJUnit4ClassRunner.java:83) [spring-test-4.1.7.RELEASE.jar:4.1.7.RELEASE]
	at org.junit.runners.ParentRunner$3.run(ParentRunner.java:290) [junit-4.12.jar:4.12]
	at org.junit.runners.ParentRunner$1.schedule(ParentRunner.java:71) [junit-4.12.jar:4.12]
	at org.junit.runners.ParentRunner.runChildren(ParentRunner.java:288) [junit-4.12.jar:4.12]
	at org.junit.runners.ParentRunner.access$000(ParentRunner.java:58) [junit-4.12.jar:4.12]
	at org.junit.runners.ParentRunner$2.evaluate(ParentRunner.java:268) [junit-4.12.jar:4.12]
	at org.springframework.test.context.junit4.statements.RunBeforeTestClassCallbacks.evaluate(RunBeforeTestClassCallbacks.java:61) [spring-test-4.1.7.RELEASE.jar:4.1.7.RELEASE]
	at org.springframework.test.context.junit4.statements.RunAfterTestClassCallbacks.evaluate(RunAfterTestClassCallbacks.java:68) [spring-test-4.1.7.RELEASE.jar:4.1.7.RELEASE]
	at org.junit.runners.ParentRunner.run(ParentRunner.java:363) [junit-4.12.jar:4.12]
	at org.springframework.test.context.junit4.SpringJUnit4ClassRunner.run(SpringJUnit4ClassRunner.java:163) [spring-test-4.1.7.RELEASE.jar:4.1.7.RELEASE]
	at org.junit.runners.Suite.runChild(Suite.java:128) [junit-4.12.jar:4.12]
	at org.junit.runners.Suite.runChild(Suite.java:27) [junit-4.12.jar:4.12]
	at org.junit.runners.ParentRunner$3.run(ParentRunner.java:290) [junit-4.12.jar:4.12]
	at org.junit.runners.ParentRunner$1.schedule(ParentRunner.java:71) [junit-4.12.jar:4.12]
	at org.junit.runners.ParentRunner.runChildren(ParentRunner.java:288) [junit-4.12.jar:4.12]
	at org.junit.runners.ParentRunner.access$000(ParentRunner.java:58) [junit-4.12.jar:4.12]
	at org.junit.runners.ParentRunner$2.evaluate(ParentRunner.java:268) [junit-4.12.jar:4.12]
	at org.junit.runners.ParentRunner.run(ParentRunner.java:363) [junit-4.12.jar:4.12]
	at org.apache.maven.surefire.junit4.JUnit4Provider.execute(JUnit4Provider.java:283) [surefire-junit4-2.18.1.jar:2.18.1]
	at org.apache.maven.surefire.junit4.JUnit4Provider.executeWithRerun(JUnit4Provider.java:173) [surefire-junit4-2.18.1.jar:2.18.1]
	at org.apache.maven.surefire.junit4.JUnit4Provider.executeTestSet(JUnit4Provider.java:153) [surefire-junit4-2.18.1.jar:2.18.1]
	at org.apache.maven.surefire.junit4.JUnit4Provider.invoke(JUnit4Provider.java:128) [surefire-junit4-2.18.1.jar:2.18.1]
	at org.apache.maven.surefire.booter.ForkedBooter.invokeProviderInSameClassLoader(ForkedBooter.java:203) [surefire-booter-2.18.1.jar:2.18.1]
	at org.apache.maven.surefire.booter.ForkedBooter.runSuitesInProcess(ForkedBooter.java:155) [surefire-booter-2.18.1.jar:2.18.1]
	at org.apache.maven.surefire.booter.ForkedBooter.main(ForkedBooter.java:103) [surefire-booter-2.18.1.jar:2.18.1]
Caused by: org.springframework.beans.factory.BeanCreationException: Error creating bean with name 'aerospikeTemplate' defined in org.springframework.data.aerospike.repository.TestConfigPerson: Bean instantiation via factory method failed; nested exception is org.springframework.beans.BeanInstantiationException: Failed to instantiate [org.springframework.data.aerospike.core.AerospikeTemplate]: Factory method 'aerospikeTemplate' threw exception; nested exception is org.springframework.beans.factory.BeanCreationException: Error creating bean with name 'aerospikeClient' defined in org.springframework.data.aerospike.repository.TestConfigPerson: Bean instantiation via factory method failed; nested exception is org.springframework.beans.BeanInstantiationException: Failed to instantiate [com.aerospike.client.AerospikeClient]: Factory method 'aerospikeClient' threw exception; nested exception is com.aerospike.client.AerospikeException$Connection: Error Code 11: Failed to connect to host(s): 
52.41.32.83:3000 Error Code 11: java.net.SocketTimeoutException: connect timed out

	at org.springframework.beans.factory.support.ConstructorResolver.instantiateUsingFactoryMethod(ConstructorResolver.java:599) ~[spring-beans-4.1.7.RELEASE.jar:4.1.7.RELEASE]
	at org.springframework.beans.factory.support.AbstractAutowireCapableBeanFactory.instantiateUsingFactoryMethod(AbstractAutowireCapableBeanFactory.java:1119) ~[spring-beans-4.1.7.RELEASE.jar:4.1.7.RELEASE]
	at org.springframework.beans.factory.support.AbstractAutowireCapableBeanFactory.createBeanInstance(AbstractAutowireCapableBeanFactory.java:1014) ~[spring-beans-4.1.7.RELEASE.jar:4.1.7.RELEASE]
	at org.springframework.beans.factory.support.AbstractAutowireCapableBeanFactory.doCreateBean(AbstractAutowireCapableBeanFactory.java:504) ~[spring-beans-4.1.7.RELEASE.jar:4.1.7.RELEASE]
	at org.springframework.beans.factory.support.AbstractAutowireCapableBeanFactory.createBean(AbstractAutowireCapableBeanFactory.java:476) ~[spring-beans-4.1.7.RELEASE.jar:4.1.7.RELEASE]
	at org.springframework.beans.factory.support.AbstractBeanFactory$1.getObject(AbstractBeanFactory.java:303) ~[spring-beans-4.1.7.RELEASE.jar:4.1.7.RELEASE]
	at org.springframework.beans.factory.support.DefaultSingletonBeanRegistry.getSingleton(DefaultSingletonBeanRegistry.java:230) ~[spring-beans-4.1.7.RELEASE.jar:4.1.7.RELEASE]
	at org.springframework.beans.factory.support.AbstractBeanFactory.doGetBean(AbstractBeanFactory.java:299) ~[spring-beans-4.1.7.RELEASE.jar:4.1.7.RELEASE]
	at org.springframework.beans.factory.support.AbstractBeanFactory.getBean(AbstractBeanFactory.java:194) ~[spring-beans-4.1.7.RELEASE.jar:4.1.7.RELEASE]
	at org.springframework.beans.factory.support.DefaultListableBeanFactory.preInstantiateSingletons(DefaultListableBeanFactory.java:755) ~[spring-beans-4.1.7.RELEASE.jar:4.1.7.RELEASE]
	at org.springframework.context.support.AbstractApplicationContext.finishBeanFactoryInitialization(AbstractApplicationContext.java:757) ~[spring-context-4.1.7.RELEASE.jar:4.1.7.RELEASE]
	at org.springframework.context.support.AbstractApplicationContext.refresh(AbstractApplicationContext.java:480) ~[spring-context-4.1.7.RELEASE.jar:4.1.7.RELEASE]
	at org.springframework.test.context.support.AbstractGenericContextLoader.loadContext(AbstractGenericContextLoader.java:125) ~[spring-test-4.1.7.RELEASE.jar:4.1.7.RELEASE]
	at org.springframework.test.context.support.AbstractGenericContextLoader.loadContext(AbstractGenericContextLoader.java:60) ~[spring-test-4.1.7.RELEASE.jar:4.1.7.RELEASE]
	at org.springframework.test.context.support.AbstractDelegatingSmartContextLoader.delegateLoading(AbstractDelegatingSmartContextLoader.java:109) ~[spring-test-4.1.7.RELEASE.jar:4.1.7.RELEASE]
	at org.springframework.test.context.support.AbstractDelegatingSmartContextLoader.loadContext(AbstractDelegatingSmartContextLoader.java:261) ~[spring-test-4.1.7.RELEASE.jar:4.1.7.RELEASE]
	at org.springframework.test.context.DefaultCacheAwareContextLoaderDelegate.loadContextInternal(DefaultCacheAwareContextLoaderDelegate.java:68) ~[spring-test-4.1.7.RELEASE.jar:4.1.7.RELEASE]
	at org.springframework.test.context.DefaultCacheAwareContextLoaderDelegate.loadContext(DefaultCacheAwareContextLoaderDelegate.java:86) ~[spring-test-4.1.7.RELEASE.jar:4.1.7.RELEASE]
	... 34 common frames omitted
Caused by: org.springframework.beans.BeanInstantiationException: Failed to instantiate [org.springframework.data.aerospike.core.AerospikeTemplate]: Factory method 'aerospikeTemplate' threw exception; nested exception is org.springframework.beans.factory.BeanCreationException: Error creating bean with name 'aerospikeClient' defined in org.springframework.data.aerospike.repository.TestConfigPerson: Bean instantiation via factory method failed; nested exception is org.springframework.beans.BeanInstantiationException: Failed to instantiate [com.aerospike.client.AerospikeClient]: Factory method 'aerospikeClient' threw exception; nested exception is com.aerospike.client.AerospikeException$Connection: Error Code 11: Failed to connect to host(s): 
52.41.32.83:3000 Error Code 11: java.net.SocketTimeoutException: connect timed out

	at org.springframework.beans.factory.support.SimpleInstantiationStrategy.instantiate(SimpleInstantiationStrategy.java:189) ~[spring-beans-4.1.7.RELEASE.jar:4.1.7.RELEASE]
	at org.springframework.beans.factory.support.ConstructorResolver.instantiateUsingFactoryMethod(ConstructorResolver.java:588) ~[spring-beans-4.1.7.RELEASE.jar:4.1.7.RELEASE]
	... 51 common frames omitted
Caused by: org.springframework.beans.factory.BeanCreationException: Error creating bean with name 'aerospikeClient' defined in org.springframework.data.aerospike.repository.TestConfigPerson: Bean instantiation via factory method failed; nested exception is org.springframework.beans.BeanInstantiationException: Failed to instantiate [com.aerospike.client.AerospikeClient]: Factory method 'aerospikeClient' threw exception; nested exception is com.aerospike.client.AerospikeException$Connection: Error Code 11: Failed to connect to host(s): 
52.41.32.83:3000 Error Code 11: java.net.SocketTimeoutException: connect timed out

	at org.springframework.beans.factory.support.ConstructorResolver.instantiateUsingFactoryMethod(ConstructorResolver.java:599) ~[spring-beans-4.1.7.RELEASE.jar:4.1.7.RELEASE]
	at org.springframework.beans.factory.support.AbstractAutowireCapableBeanFactory.instantiateUsingFactoryMethod(AbstractAutowireCapableBeanFactory.java:1119) ~[spring-beans-4.1.7.RELEASE.jar:4.1.7.RELEASE]
	at org.springframework.beans.factory.support.AbstractAutowireCapableBeanFactory.createBeanInstance(AbstractAutowireCapableBeanFactory.java:1014) ~[spring-beans-4.1.7.RELEASE.jar:4.1.7.RELEASE]
	at org.springframework.beans.factory.support.AbstractAutowireCapableBeanFactory.doCreateBean(AbstractAutowireCapableBeanFactory.java:504) ~[spring-beans-4.1.7.RELEASE.jar:4.1.7.RELEASE]
	at org.springframework.beans.factory.support.AbstractAutowireCapableBeanFactory.createBean(AbstractAutowireCapableBeanFactory.java:476) ~[spring-beans-4.1.7.RELEASE.jar:4.1.7.RELEASE]
	at org.springframework.beans.factory.support.AbstractBeanFactory$1.getObject(AbstractBeanFactory.java:303) ~[spring-beans-4.1.7.RELEASE.jar:4.1.7.RELEASE]
	at org.springframework.beans.factory.support.DefaultSingletonBeanRegistry.getSingleton(DefaultSingletonBeanRegistry.java:230) ~[spring-beans-4.1.7.RELEASE.jar:4.1.7.RELEASE]
	at org.springframework.beans.factory.support.AbstractBeanFactory.doGetBean(AbstractBeanFactory.java:299) ~[spring-beans-4.1.7.RELEASE.jar:4.1.7.RELEASE]
	at org.springframework.beans.factory.support.AbstractBeanFactory.getBean(AbstractBeanFactory.java:194) ~[spring-beans-4.1.7.RELEASE.jar:4.1.7.RELEASE]
	at org.springframework.context.annotation.ConfigurationClassEnhancer$BeanMethodInterceptor.intercept(ConfigurationClassEnhancer.java:322) ~[spring-context-4.1.7.RELEASE.jar:4.1.7.RELEASE]
	at org.springframework.data.aerospike.repository.TestConfigPerson$$EnhancerBySpringCGLIB$$3f27a8da.aerospikeClient(<generated>) ~[spring-core-4.1.7.RELEASE.jar:na]
	at org.springframework.data.aerospike.repository.TestConfigPerson.aerospikeTemplate(TestConfigPerson.java:38) ~[test-classes/:na]
	at org.springframework.data.aerospike.repository.TestConfigPerson$$EnhancerBySpringCGLIB$$3f27a8da.CGLIB$aerospikeTemplate$0(<generated>) ~[spring-core-4.1.7.RELEASE.jar:na]
	at org.springframework.data.aerospike.repository.TestConfigPerson$$EnhancerBySpringCGLIB$$3f27a8da$$FastClassBySpringCGLIB$$38965c5e.invoke(<generated>) ~[spring-core-4.1.7.RELEASE.jar:na]
	at org.springframework.cglib.proxy.MethodProxy.invokeSuper(MethodProxy.java:228) ~[spring-core-4.1.7.RELEASE.jar:4.1.7.RELEASE]
	at org.springframework.context.annotation.ConfigurationClassEnhancer$BeanMethodInterceptor.intercept(ConfigurationClassEnhancer.java:309) ~[spring-context-4.1.7.RELEASE.jar:4.1.7.RELEASE]
	at org.springframework.data.aerospike.repository.TestConfigPerson$$EnhancerBySpringCGLIB$$3f27a8da.aerospikeTemplate(<generated>) ~[spring-core-4.1.7.RELEASE.jar:na]
	at sun.reflect.NativeMethodAccessorImpl.invoke0(Native Method) ~[na:1.8.0_91]
	at sun.reflect.NativeMethodAccessorImpl.invoke(NativeMethodAccessorImpl.java:62) ~[na:1.8.0_91]
	at sun.reflect.DelegatingMethodAccessorImpl.invoke(DelegatingMethodAccessorImpl.java:43) ~[na:1.8.0_91]
	at java.lang.reflect.Method.invoke(Method.java:498) ~[na:1.8.0_91]
	at org.springframework.beans.factory.support.SimpleInstantiationStrategy.instantiate(SimpleInstantiationStrategy.java:162) ~[spring-beans-4.1.7.RELEASE.jar:4.1.7.RELEASE]
	... 52 common frames omitted
Caused by: org.springframework.beans.BeanInstantiationException: Failed to instantiate [com.aerospike.client.AerospikeClient]: Factory method 'aerospikeClient' threw exception; nested exception is com.aerospike.client.AerospikeException$Connection: Error Code 11: Failed to connect to host(s): 
52.41.32.83:3000 Error Code 11: java.net.SocketTimeoutException: connect timed out

	at org.springframework.beans.factory.support.SimpleInstantiationStrategy.instantiate(SimpleInstantiationStrategy.java:189) ~[spring-beans-4.1.7.RELEASE.jar:4.1.7.RELEASE]
	at org.springframework.beans.factory.support.ConstructorResolver.instantiateUsingFactoryMethod(ConstructorResolver.java:588) ~[spring-beans-4.1.7.RELEASE.jar:4.1.7.RELEASE]
	... 73 common frames omitted
Caused by: com.aerospike.client.AerospikeException$Connection: Error Code 11: Failed to connect to host(s): 
52.41.32.83:3000 Error Code 11: java.net.SocketTimeoutException: connect timed out

	at com.aerospike.client.cluster.Cluster.seedNodes(Cluster.java:386) ~[aerospike-client-3.2.3.jar:na]
	at com.aerospike.client.cluster.Cluster.tend(Cluster.java:273) ~[aerospike-client-3.2.3.jar:na]
	at com.aerospike.client.cluster.Cluster.waitTillStabilized(Cluster.java:238) ~[aerospike-client-3.2.3.jar:na]
	at com.aerospike.client.cluster.Cluster.initTendThread(Cluster.java:148) ~[aerospike-client-3.2.3.jar:na]
	at com.aerospike.client.AerospikeClient.<init>(AerospikeClient.java:209) ~[aerospike-client-3.2.3.jar:na]
	at com.aerospike.client.AerospikeClient.<init>(AerospikeClient.java:173) ~[aerospike-client-3.2.3.jar:na]
	at org.springframework.data.aerospike.repository.TestConfigPerson.aerospikeClient(TestConfigPerson.java:32) ~[test-classes/:na]
	at org.springframework.data.aerospike.repository.TestConfigPerson$$EnhancerBySpringCGLIB$$3f27a8da.CGLIB$aerospikeClient$1(<generated>) ~[spring-core-4.1.7.RELEASE.jar:na]
	at org.springframework.data.aerospike.repository.TestConfigPerson$$EnhancerBySpringCGLIB$$3f27a8da$$FastClassBySpringCGLIB$$38965c5e.invoke(<generated>) ~[spring-core-4.1.7.RELEASE.jar:na]
	at org.springframework.cglib.proxy.MethodProxy.invokeSuper(MethodProxy.java:228) ~[spring-core-4.1.7.RELEASE.jar:4.1.7.RELEASE]
	at org.springframework.context.annotation.ConfigurationClassEnhancer$BeanMethodInterceptor.intercept(ConfigurationClassEnhancer.java:309) ~[spring-context-4.1.7.RELEASE.jar:4.1.7.RELEASE]
	at org.springframework.data.aerospike.repository.TestConfigPerson$$EnhancerBySpringCGLIB$$3f27a8da.aerospikeClient(<generated>) ~[spring-core-4.1.7.RELEASE.jar:na]
	at sun.reflect.NativeMethodAccessorImpl.invoke0(Native Method) ~[na:1.8.0_91]
	at sun.reflect.NativeMethodAccessorImpl.invoke(NativeMethodAccessorImpl.java:62) ~[na:1.8.0_91]
	at sun.reflect.DelegatingMethodAccessorImpl.invoke(DelegatingMethodAccessorImpl.java:43) ~[na:1.8.0_91]
	at java.lang.reflect.Method.invoke(Method.java:498) ~[na:1.8.0_91]
	at org.springframework.beans.factory.support.SimpleInstantiationStrategy.instantiate(SimpleInstantiationStrategy.java:162) ~[spring-beans-4.1.7.RELEASE.jar:4.1.7.RELEASE]
	... 74 common frames omitted
]]></system-out>
  </testcase>
  <testcase name="findsPersonsByLastname" classname="org.springframework.data.aerospike.repository.PersonRepositoryIntegrationTests" time="0.001">
    <error message="Failed to load ApplicationContext" type="java.lang.IllegalStateException"><![CDATA[java.lang.IllegalStateException: Failed to load ApplicationContext
	at org.springframework.test.context.DefaultCacheAwareContextLoaderDelegate.loadContext(DefaultCacheAwareContextLoaderDelegate.java:94)
	at org.springframework.test.context.DefaultTestContext.getApplicationContext(DefaultTestContext.java:72)
	at org.springframework.test.context.support.DependencyInjectionTestExecutionListener.injectDependencies(DependencyInjectionTestExecutionListener.java:117)
	at org.springframework.test.context.support.DependencyInjectionTestExecutionListener.prepareTestInstance(DependencyInjectionTestExecutionListener.java:83)
	at org.springframework.test.context.TestContextManager.prepareTestInstance(TestContextManager.java:212)
	at org.springframework.test.context.junit4.SpringJUnit4ClassRunner.createTest(SpringJUnit4ClassRunner.java:200)
	at org.springframework.test.context.junit4.SpringJUnit4ClassRunner$1.runReflectiveCall(SpringJUnit4ClassRunner.java:259)
	at org.junit.internal.runners.model.ReflectiveCallable.run(ReflectiveCallable.java:12)
	at org.springframework.test.context.junit4.SpringJUnit4ClassRunner.methodBlock(SpringJUnit4ClassRunner.java:261)
	at org.springframework.test.context.junit4.SpringJUnit4ClassRunner.runChild(SpringJUnit4ClassRunner.java:219)
	at org.springframework.test.context.junit4.SpringJUnit4ClassRunner.runChild(SpringJUnit4ClassRunner.java:83)
	at org.junit.runners.ParentRunner$3.run(ParentRunner.java:290)
	at org.junit.runners.ParentRunner$1.schedule(ParentRunner.java:71)
	at org.junit.runners.ParentRunner.runChildren(ParentRunner.java:288)
	at org.junit.runners.ParentRunner.access$000(ParentRunner.java:58)
	at org.junit.runners.ParentRunner$2.evaluate(ParentRunner.java:268)
	at org.springframework.test.context.junit4.statements.RunBeforeTestClassCallbacks.evaluate(RunBeforeTestClassCallbacks.java:61)
	at org.springframework.test.context.junit4.statements.RunAfterTestClassCallbacks.evaluate(RunAfterTestClassCallbacks.java:68)
	at org.junit.runners.ParentRunner.run(ParentRunner.java:363)
	at org.springframework.test.context.junit4.SpringJUnit4ClassRunner.run(SpringJUnit4ClassRunner.java:163)
	at org.junit.runners.Suite.runChild(Suite.java:128)
	at org.junit.runners.Suite.runChild(Suite.java:27)
	at org.junit.runners.ParentRunner$3.run(ParentRunner.java:290)
	at org.junit.runners.ParentRunner$1.schedule(ParentRunner.java:71)
	at org.junit.runners.ParentRunner.runChildren(ParentRunner.java:288)
	at org.junit.runners.ParentRunner.access$000(ParentRunner.java:58)
	at org.junit.runners.ParentRunner$2.evaluate(ParentRunner.java:268)
	at org.junit.runners.ParentRunner.run(ParentRunner.java:363)
	at org.apache.maven.surefire.junit4.JUnit4Provider.execute(JUnit4Provider.java:283)
	at org.apache.maven.surefire.junit4.JUnit4Provider.executeWithRerun(JUnit4Provider.java:173)
	at org.apache.maven.surefire.junit4.JUnit4Provider.executeTestSet(JUnit4Provider.java:153)
	at org.apache.maven.surefire.junit4.JUnit4Provider.invoke(JUnit4Provider.java:128)
	at org.apache.maven.surefire.booter.ForkedBooter.invokeProviderInSameClassLoader(ForkedBooter.java:203)
	at org.apache.maven.surefire.booter.ForkedBooter.runSuitesInProcess(ForkedBooter.java:155)
	at org.apache.maven.surefire.booter.ForkedBooter.main(ForkedBooter.java:103)
Caused by: org.springframework.beans.factory.BeanCreationException: Error creating bean with name 'aerospikeTemplate' defined in org.springframework.data.aerospike.repository.TestConfigPerson: Bean instantiation via factory method failed; nested exception is org.springframework.beans.BeanInstantiationException: Failed to instantiate [org.springframework.data.aerospike.core.AerospikeTemplate]: Factory method 'aerospikeTemplate' threw exception; nested exception is org.springframework.beans.factory.BeanCreationException: Error creating bean with name 'aerospikeClient' defined in org.springframework.data.aerospike.repository.TestConfigPerson: Bean instantiation via factory method failed; nested exception is org.springframework.beans.BeanInstantiationException: Failed to instantiate [com.aerospike.client.AerospikeClient]: Factory method 'aerospikeClient' threw exception; nested exception is com.aerospike.client.AerospikeException$Connection: Error Code 11: Failed to connect to host(s): 
52.41.32.83:3000 Error Code 11: java.net.SocketTimeoutException: connect timed out

	at org.springframework.beans.factory.support.ConstructorResolver.instantiateUsingFactoryMethod(ConstructorResolver.java:599)
	at org.springframework.beans.factory.support.AbstractAutowireCapableBeanFactory.instantiateUsingFactoryMethod(AbstractAutowireCapableBeanFactory.java:1119)
	at org.springframework.beans.factory.support.AbstractAutowireCapableBeanFactory.createBeanInstance(AbstractAutowireCapableBeanFactory.java:1014)
	at org.springframework.beans.factory.support.AbstractAutowireCapableBeanFactory.doCreateBean(AbstractAutowireCapableBeanFactory.java:504)
	at org.springframework.beans.factory.support.AbstractAutowireCapableBeanFactory.createBean(AbstractAutowireCapableBeanFactory.java:476)
	at org.springframework.beans.factory.support.AbstractBeanFactory$1.getObject(AbstractBeanFactory.java:303)
	at org.springframework.beans.factory.support.DefaultSingletonBeanRegistry.getSingleton(DefaultSingletonBeanRegistry.java:230)
	at org.springframework.beans.factory.support.AbstractBeanFactory.doGetBean(AbstractBeanFactory.java:299)
	at org.springframework.beans.factory.support.AbstractBeanFactory.getBean(AbstractBeanFactory.java:194)
	at org.springframework.beans.factory.support.DefaultListableBeanFactory.preInstantiateSingletons(DefaultListableBeanFactory.java:755)
	at org.springframework.context.support.AbstractApplicationContext.finishBeanFactoryInitialization(AbstractApplicationContext.java:757)
	at org.springframework.context.support.AbstractApplicationContext.refresh(AbstractApplicationContext.java:480)
	at org.springframework.test.context.support.AbstractGenericContextLoader.loadContext(AbstractGenericContextLoader.java:125)
	at org.springframework.test.context.support.AbstractGenericContextLoader.loadContext(AbstractGenericContextLoader.java:60)
	at org.springframework.test.context.support.AbstractDelegatingSmartContextLoader.delegateLoading(AbstractDelegatingSmartContextLoader.java:109)
	at org.springframework.test.context.support.AbstractDelegatingSmartContextLoader.loadContext(AbstractDelegatingSmartContextLoader.java:261)
	at org.springframework.test.context.DefaultCacheAwareContextLoaderDelegate.loadContextInternal(DefaultCacheAwareContextLoaderDelegate.java:68)
	at org.springframework.test.context.DefaultCacheAwareContextLoaderDelegate.loadContext(DefaultCacheAwareContextLoaderDelegate.java:86)
	at org.springframework.test.context.DefaultTestContext.getApplicationContext(DefaultTestContext.java:72)
	at org.springframework.test.context.support.DependencyInjectionTestExecutionListener.injectDependencies(DependencyInjectionTestExecutionListener.java:117)
	at org.springframework.test.context.support.DependencyInjectionTestExecutionListener.prepareTestInstance(DependencyInjectionTestExecutionListener.java:83)
	at org.springframework.test.context.TestContextManager.prepareTestInstance(TestContextManager.java:212)
	at org.springframework.test.context.junit4.SpringJUnit4ClassRunner.createTest(SpringJUnit4ClassRunner.java:200)
	at org.springframework.test.context.junit4.SpringJUnit4ClassRunner$1.runReflectiveCall(SpringJUnit4ClassRunner.java:259)
	at org.junit.internal.runners.model.ReflectiveCallable.run(ReflectiveCallable.java:12)
	at org.springframework.test.context.junit4.SpringJUnit4ClassRunner.methodBlock(SpringJUnit4ClassRunner.java:261)
	at org.springframework.test.context.junit4.SpringJUnit4ClassRunner.runChild(SpringJUnit4ClassRunner.java:219)
	at org.springframework.test.context.junit4.SpringJUnit4ClassRunner.runChild(SpringJUnit4ClassRunner.java:83)
	at org.junit.runners.ParentRunner$3.run(ParentRunner.java:290)
	at org.junit.runners.ParentRunner$1.schedule(ParentRunner.java:71)
	at org.junit.runners.ParentRunner.runChildren(ParentRunner.java:288)
	at org.junit.runners.ParentRunner.access$000(ParentRunner.java:58)
	at org.junit.runners.ParentRunner$2.evaluate(ParentRunner.java:268)
	at org.springframework.test.context.junit4.statements.RunBeforeTestClassCallbacks.evaluate(RunBeforeTestClassCallbacks.java:61)
	at org.springframework.test.context.junit4.statements.RunAfterTestClassCallbacks.evaluate(RunAfterTestClassCallbacks.java:68)
	at org.junit.runners.ParentRunner.run(ParentRunner.java:363)
	at org.springframework.test.context.junit4.SpringJUnit4ClassRunner.run(SpringJUnit4ClassRunner.java:163)
	at org.junit.runners.Suite.runChild(Suite.java:128)
	at org.junit.runners.Suite.runChild(Suite.java:27)
	at org.junit.runners.ParentRunner$3.run(ParentRunner.java:290)
	at org.junit.runners.ParentRunner$1.schedule(ParentRunner.java:71)
	at org.junit.runners.ParentRunner.runChildren(ParentRunner.java:288)
	at org.junit.runners.ParentRunner.access$000(ParentRunner.java:58)
	at org.junit.runners.ParentRunner$2.evaluate(ParentRunner.java:268)
	at org.junit.runners.ParentRunner.run(ParentRunner.java:363)
	at org.apache.maven.surefire.junit4.JUnit4Provider.execute(JUnit4Provider.java:283)
	at org.apache.maven.surefire.junit4.JUnit4Provider.executeWithRerun(JUnit4Provider.java:173)
	at org.apache.maven.surefire.junit4.JUnit4Provider.executeTestSet(JUnit4Provider.java:153)
	at org.apache.maven.surefire.junit4.JUnit4Provider.invoke(JUnit4Provider.java:128)
	at org.apache.maven.surefire.booter.ForkedBooter.invokeProviderInSameClassLoader(ForkedBooter.java:203)
	at org.apache.maven.surefire.booter.ForkedBooter.runSuitesInProcess(ForkedBooter.java:155)
	at org.apache.maven.surefire.booter.ForkedBooter.main(ForkedBooter.java:103)
Caused by: org.springframework.beans.BeanInstantiationException: Failed to instantiate [org.springframework.data.aerospike.core.AerospikeTemplate]: Factory method 'aerospikeTemplate' threw exception; nested exception is org.springframework.beans.factory.BeanCreationException: Error creating bean with name 'aerospikeClient' defined in org.springframework.data.aerospike.repository.TestConfigPerson: Bean instantiation via factory method failed; nested exception is org.springframework.beans.BeanInstantiationException: Failed to instantiate [com.aerospike.client.AerospikeClient]: Factory method 'aerospikeClient' threw exception; nested exception is com.aerospike.client.AerospikeException$Connection: Error Code 11: Failed to connect to host(s): 
52.41.32.83:3000 Error Code 11: java.net.SocketTimeoutException: connect timed out

	at org.springframework.beans.factory.support.SimpleInstantiationStrategy.instantiate(SimpleInstantiationStrategy.java:189)
	at org.springframework.beans.factory.support.ConstructorResolver.instantiateUsingFactoryMethod(ConstructorResolver.java:588)
	at org.springframework.beans.factory.support.AbstractAutowireCapableBeanFactory.instantiateUsingFactoryMethod(AbstractAutowireCapableBeanFactory.java:1119)
	at org.springframework.beans.factory.support.AbstractAutowireCapableBeanFactory.createBeanInstance(AbstractAutowireCapableBeanFactory.java:1014)
	at org.springframework.beans.factory.support.AbstractAutowireCapableBeanFactory.doCreateBean(AbstractAutowireCapableBeanFactory.java:504)
	at org.springframework.beans.factory.support.AbstractAutowireCapableBeanFactory.createBean(AbstractAutowireCapableBeanFactory.java:476)
	at org.springframework.beans.factory.support.AbstractBeanFactory$1.getObject(AbstractBeanFactory.java:303)
	at org.springframework.beans.factory.support.DefaultSingletonBeanRegistry.getSingleton(DefaultSingletonBeanRegistry.java:230)
	at org.springframework.beans.factory.support.AbstractBeanFactory.doGetBean(AbstractBeanFactory.java:299)
	at org.springframework.beans.factory.support.AbstractBeanFactory.getBean(AbstractBeanFactory.java:194)
	at org.springframework.beans.factory.support.DefaultListableBeanFactory.preInstantiateSingletons(DefaultListableBeanFactory.java:755)
	at org.springframework.context.support.AbstractApplicationContext.finishBeanFactoryInitialization(AbstractApplicationContext.java:757)
	at org.springframework.context.support.AbstractApplicationContext.refresh(AbstractApplicationContext.java:480)
	at org.springframework.test.context.support.AbstractGenericContextLoader.loadContext(AbstractGenericContextLoader.java:125)
	at org.springframework.test.context.support.AbstractGenericContextLoader.loadContext(AbstractGenericContextLoader.java:60)
	at org.springframework.test.context.support.AbstractDelegatingSmartContextLoader.delegateLoading(AbstractDelegatingSmartContextLoader.java:109)
	at org.springframework.test.context.support.AbstractDelegatingSmartContextLoader.loadContext(AbstractDelegatingSmartContextLoader.java:261)
	at org.springframework.test.context.DefaultCacheAwareContextLoaderDelegate.loadContextInternal(DefaultCacheAwareContextLoaderDelegate.java:68)
	at org.springframework.test.context.DefaultCacheAwareContextLoaderDelegate.loadContext(DefaultCacheAwareContextLoaderDelegate.java:86)
	at org.springframework.test.context.DefaultTestContext.getApplicationContext(DefaultTestContext.java:72)
	at org.springframework.test.context.support.DependencyInjectionTestExecutionListener.injectDependencies(DependencyInjectionTestExecutionListener.java:117)
	at org.springframework.test.context.support.DependencyInjectionTestExecutionListener.prepareTestInstance(DependencyInjectionTestExecutionListener.java:83)
	at org.springframework.test.context.TestContextManager.prepareTestInstance(TestContextManager.java:212)
	at org.springframework.test.context.junit4.SpringJUnit4ClassRunner.createTest(SpringJUnit4ClassRunner.java:200)
	at org.springframework.test.context.junit4.SpringJUnit4ClassRunner$1.runReflectiveCall(SpringJUnit4ClassRunner.java:259)
	at org.junit.internal.runners.model.ReflectiveCallable.run(ReflectiveCallable.java:12)
	at org.springframework.test.context.junit4.SpringJUnit4ClassRunner.methodBlock(SpringJUnit4ClassRunner.java:261)
	at org.springframework.test.context.junit4.SpringJUnit4ClassRunner.runChild(SpringJUnit4ClassRunner.java:219)
	at org.springframework.test.context.junit4.SpringJUnit4ClassRunner.runChild(SpringJUnit4ClassRunner.java:83)
	at org.junit.runners.ParentRunner$3.run(ParentRunner.java:290)
	at org.junit.runners.ParentRunner$1.schedule(ParentRunner.java:71)
	at org.junit.runners.ParentRunner.runChildren(ParentRunner.java:288)
	at org.junit.runners.ParentRunner.access$000(ParentRunner.java:58)
	at org.junit.runners.ParentRunner$2.evaluate(ParentRunner.java:268)
	at org.springframework.test.context.junit4.statements.RunBeforeTestClassCallbacks.evaluate(RunBeforeTestClassCallbacks.java:61)
	at org.springframework.test.context.junit4.statements.RunAfterTestClassCallbacks.evaluate(RunAfterTestClassCallbacks.java:68)
	at org.junit.runners.ParentRunner.run(ParentRunner.java:363)
	at org.springframework.test.context.junit4.SpringJUnit4ClassRunner.run(SpringJUnit4ClassRunner.java:163)
	at org.junit.runners.Suite.runChild(Suite.java:128)
	at org.junit.runners.Suite.runChild(Suite.java:27)
	at org.junit.runners.ParentRunner$3.run(ParentRunner.java:290)
	at org.junit.runners.ParentRunner$1.schedule(ParentRunner.java:71)
	at org.junit.runners.ParentRunner.runChildren(ParentRunner.java:288)
	at org.junit.runners.ParentRunner.access$000(ParentRunner.java:58)
	at org.junit.runners.ParentRunner$2.evaluate(ParentRunner.java:268)
	at org.junit.runners.ParentRunner.run(ParentRunner.java:363)
	at org.apache.maven.surefire.junit4.JUnit4Provider.execute(JUnit4Provider.java:283)
	at org.apache.maven.surefire.junit4.JUnit4Provider.executeWithRerun(JUnit4Provider.java:173)
	at org.apache.maven.surefire.junit4.JUnit4Provider.executeTestSet(JUnit4Provider.java:153)
	at org.apache.maven.surefire.junit4.JUnit4Provider.invoke(JUnit4Provider.java:128)
	at org.apache.maven.surefire.booter.ForkedBooter.invokeProviderInSameClassLoader(ForkedBooter.java:203)
	at org.apache.maven.surefire.booter.ForkedBooter.runSuitesInProcess(ForkedBooter.java:155)
	at org.apache.maven.surefire.booter.ForkedBooter.main(ForkedBooter.java:103)
Caused by: org.springframework.beans.factory.BeanCreationException: Error creating bean with name 'aerospikeClient' defined in org.springframework.data.aerospike.repository.TestConfigPerson: Bean instantiation via factory method failed; nested exception is org.springframework.beans.BeanInstantiationException: Failed to instantiate [com.aerospike.client.AerospikeClient]: Factory method 'aerospikeClient' threw exception; nested exception is com.aerospike.client.AerospikeException$Connection: Error Code 11: Failed to connect to host(s): 
52.41.32.83:3000 Error Code 11: java.net.SocketTimeoutException: connect timed out

	at org.springframework.beans.factory.support.ConstructorResolver.instantiateUsingFactoryMethod(ConstructorResolver.java:599)
	at org.springframework.beans.factory.support.AbstractAutowireCapableBeanFactory.instantiateUsingFactoryMethod(AbstractAutowireCapableBeanFactory.java:1119)
	at org.springframework.beans.factory.support.AbstractAutowireCapableBeanFactory.createBeanInstance(AbstractAutowireCapableBeanFactory.java:1014)
	at org.springframework.beans.factory.support.AbstractAutowireCapableBeanFactory.doCreateBean(AbstractAutowireCapableBeanFactory.java:504)
	at org.springframework.beans.factory.support.AbstractAutowireCapableBeanFactory.createBean(AbstractAutowireCapableBeanFactory.java:476)
	at org.springframework.beans.factory.support.AbstractBeanFactory$1.getObject(AbstractBeanFactory.java:303)
	at org.springframework.beans.factory.support.DefaultSingletonBeanRegistry.getSingleton(DefaultSingletonBeanRegistry.java:230)
	at org.springframework.beans.factory.support.AbstractBeanFactory.doGetBean(AbstractBeanFactory.java:299)
	at org.springframework.beans.factory.support.AbstractBeanFactory.getBean(AbstractBeanFactory.java:194)
	at org.springframework.context.annotation.ConfigurationClassEnhancer$BeanMethodInterceptor.intercept(ConfigurationClassEnhancer.java:322)
	at org.springframework.data.aerospike.repository.TestConfigPerson$$EnhancerBySpringCGLIB$$3f27a8da.aerospikeClient(<generated>)
	at org.springframework.data.aerospike.repository.TestConfigPerson.aerospikeTemplate(TestConfigPerson.java:38)
	at org.springframework.data.aerospike.repository.TestConfigPerson$$EnhancerBySpringCGLIB$$3f27a8da.CGLIB$aerospikeTemplate$0(<generated>)
	at org.springframework.data.aerospike.repository.TestConfigPerson$$EnhancerBySpringCGLIB$$3f27a8da$$FastClassBySpringCGLIB$$38965c5e.invoke(<generated>)
	at org.springframework.cglib.proxy.MethodProxy.invokeSuper(MethodProxy.java:228)
	at org.springframework.context.annotation.ConfigurationClassEnhancer$BeanMethodInterceptor.intercept(ConfigurationClassEnhancer.java:309)
	at org.springframework.data.aerospike.repository.TestConfigPerson$$EnhancerBySpringCGLIB$$3f27a8da.aerospikeTemplate(<generated>)
	at sun.reflect.NativeMethodAccessorImpl.invoke0(Native Method)
	at sun.reflect.NativeMethodAccessorImpl.invoke(NativeMethodAccessorImpl.java:62)
	at sun.reflect.DelegatingMethodAccessorImpl.invoke(DelegatingMethodAccessorImpl.java:43)
	at java.lang.reflect.Method.invoke(Method.java:498)
	at org.springframework.beans.factory.support.SimpleInstantiationStrategy.instantiate(SimpleInstantiationStrategy.java:162)
	at org.springframework.beans.factory.support.ConstructorResolver.instantiateUsingFactoryMethod(ConstructorResolver.java:588)
	at org.springframework.beans.factory.support.AbstractAutowireCapableBeanFactory.instantiateUsingFactoryMethod(AbstractAutowireCapableBeanFactory.java:1119)
	at org.springframework.beans.factory.support.AbstractAutowireCapableBeanFactory.createBeanInstance(AbstractAutowireCapableBeanFactory.java:1014)
	at org.springframework.beans.factory.support.AbstractAutowireCapableBeanFactory.doCreateBean(AbstractAutowireCapableBeanFactory.java:504)
	at org.springframework.beans.factory.support.AbstractAutowireCapableBeanFactory.createBean(AbstractAutowireCapableBeanFactory.java:476)
	at org.springframework.beans.factory.support.AbstractBeanFactory$1.getObject(AbstractBeanFactory.java:303)
	at org.springframework.beans.factory.support.DefaultSingletonBeanRegistry.getSingleton(DefaultSingletonBeanRegistry.java:230)
	at org.springframework.beans.factory.support.AbstractBeanFactory.doGetBean(AbstractBeanFactory.java:299)
	at org.springframework.beans.factory.support.AbstractBeanFactory.getBean(AbstractBeanFactory.java:194)
	at org.springframework.beans.factory.support.DefaultListableBeanFactory.preInstantiateSingletons(DefaultListableBeanFactory.java:755)
	at org.springframework.context.support.AbstractApplicationContext.finishBeanFactoryInitialization(AbstractApplicationContext.java:757)
	at org.springframework.context.support.AbstractApplicationContext.refresh(AbstractApplicationContext.java:480)
	at org.springframework.test.context.support.AbstractGenericContextLoader.loadContext(AbstractGenericContextLoader.java:125)
	at org.springframework.test.context.support.AbstractGenericContextLoader.loadContext(AbstractGenericContextLoader.java:60)
	at org.springframework.test.context.support.AbstractDelegatingSmartContextLoader.delegateLoading(AbstractDelegatingSmartContextLoader.java:109)
	at org.springframework.test.context.support.AbstractDelegatingSmartContextLoader.loadContext(AbstractDelegatingSmartContextLoader.java:261)
	at org.springframework.test.context.DefaultCacheAwareContextLoaderDelegate.loadContextInternal(DefaultCacheAwareContextLoaderDelegate.java:68)
	at org.springframework.test.context.DefaultCacheAwareContextLoaderDelegate.loadContext(DefaultCacheAwareContextLoaderDelegate.java:86)
	at org.springframework.test.context.DefaultTestContext.getApplicationContext(DefaultTestContext.java:72)
	at org.springframework.test.context.support.DependencyInjectionTestExecutionListener.injectDependencies(DependencyInjectionTestExecutionListener.java:117)
	at org.springframework.test.context.support.DependencyInjectionTestExecutionListener.prepareTestInstance(DependencyInjectionTestExecutionListener.java:83)
	at org.springframework.test.context.TestContextManager.prepareTestInstance(TestContextManager.java:212)
	at org.springframework.test.context.junit4.SpringJUnit4ClassRunner.createTest(SpringJUnit4ClassRunner.java:200)
	at org.springframework.test.context.junit4.SpringJUnit4ClassRunner$1.runReflectiveCall(SpringJUnit4ClassRunner.java:259)
	at org.junit.internal.runners.model.ReflectiveCallable.run(ReflectiveCallable.java:12)
	at org.springframework.test.context.junit4.SpringJUnit4ClassRunner.methodBlock(SpringJUnit4ClassRunner.java:261)
	at org.springframework.test.context.junit4.SpringJUnit4ClassRunner.runChild(SpringJUnit4ClassRunner.java:219)
	at org.springframework.test.context.junit4.SpringJUnit4ClassRunner.runChild(SpringJUnit4ClassRunner.java:83)
	at org.junit.runners.ParentRunner$3.run(ParentRunner.java:290)
	at org.junit.runners.ParentRunner$1.schedule(ParentRunner.java:71)
	at org.junit.runners.ParentRunner.runChildren(ParentRunner.java:288)
	at org.junit.runners.ParentRunner.access$000(ParentRunner.java:58)
	at org.junit.runners.ParentRunner$2.evaluate(ParentRunner.java:268)
	at org.springframework.test.context.junit4.statements.RunBeforeTestClassCallbacks.evaluate(RunBeforeTestClassCallbacks.java:61)
	at org.springframework.test.context.junit4.statements.RunAfterTestClassCallbacks.evaluate(RunAfterTestClassCallbacks.java:68)
	at org.junit.runners.ParentRunner.run(ParentRunner.java:363)
	at org.springframework.test.context.junit4.SpringJUnit4ClassRunner.run(SpringJUnit4ClassRunner.java:163)
	at org.junit.runners.Suite.runChild(Suite.java:128)
	at org.junit.runners.Suite.runChild(Suite.java:27)
	at org.junit.runners.ParentRunner$3.run(ParentRunner.java:290)
	at org.junit.runners.ParentRunner$1.schedule(ParentRunner.java:71)
	at org.junit.runners.ParentRunner.runChildren(ParentRunner.java:288)
	at org.junit.runners.ParentRunner.access$000(ParentRunner.java:58)
	at org.junit.runners.ParentRunner$2.evaluate(ParentRunner.java:268)
	at org.junit.runners.ParentRunner.run(ParentRunner.java:363)
	at org.apache.maven.surefire.junit4.JUnit4Provider.execute(JUnit4Provider.java:283)
	at org.apache.maven.surefire.junit4.JUnit4Provider.executeWithRerun(JUnit4Provider.java:173)
	at org.apache.maven.surefire.junit4.JUnit4Provider.executeTestSet(JUnit4Provider.java:153)
	at org.apache.maven.surefire.junit4.JUnit4Provider.invoke(JUnit4Provider.java:128)
	at org.apache.maven.surefire.booter.ForkedBooter.invokeProviderInSameClassLoader(ForkedBooter.java:203)
	at org.apache.maven.surefire.booter.ForkedBooter.runSuitesInProcess(ForkedBooter.java:155)
	at org.apache.maven.surefire.booter.ForkedBooter.main(ForkedBooter.java:103)
Caused by: org.springframework.beans.BeanInstantiationException: Failed to instantiate [com.aerospike.client.AerospikeClient]: Factory method 'aerospikeClient' threw exception; nested exception is com.aerospike.client.AerospikeException$Connection: Error Code 11: Failed to connect to host(s): 
52.41.32.83:3000 Error Code 11: java.net.SocketTimeoutException: connect timed out

	at org.springframework.beans.factory.support.SimpleInstantiationStrategy.instantiate(SimpleInstantiationStrategy.java:189)
	at org.springframework.beans.factory.support.ConstructorResolver.instantiateUsingFactoryMethod(ConstructorResolver.java:588)
	at org.springframework.beans.factory.support.AbstractAutowireCapableBeanFactory.instantiateUsingFactoryMethod(AbstractAutowireCapableBeanFactory.java:1119)
	at org.springframework.beans.factory.support.AbstractAutowireCapableBeanFactory.createBeanInstance(AbstractAutowireCapableBeanFactory.java:1014)
	at org.springframework.beans.factory.support.AbstractAutowireCapableBeanFactory.doCreateBean(AbstractAutowireCapableBeanFactory.java:504)
	at org.springframework.beans.factory.support.AbstractAutowireCapableBeanFactory.createBean(AbstractAutowireCapableBeanFactory.java:476)
	at org.springframework.beans.factory.support.AbstractBeanFactory$1.getObject(AbstractBeanFactory.java:303)
	at org.springframework.beans.factory.support.DefaultSingletonBeanRegistry.getSingleton(DefaultSingletonBeanRegistry.java:230)
	at org.springframework.beans.factory.support.AbstractBeanFactory.doGetBean(AbstractBeanFactory.java:299)
	at org.springframework.beans.factory.support.AbstractBeanFactory.getBean(AbstractBeanFactory.java:194)
	at org.springframework.context.annotation.ConfigurationClassEnhancer$BeanMethodInterceptor.intercept(ConfigurationClassEnhancer.java:322)
	at org.springframework.data.aerospike.repository.TestConfigPerson$$EnhancerBySpringCGLIB$$3f27a8da.aerospikeClient(<generated>)
	at org.springframework.data.aerospike.repository.TestConfigPerson.aerospikeTemplate(TestConfigPerson.java:38)
	at org.springframework.data.aerospike.repository.TestConfigPerson$$EnhancerBySpringCGLIB$$3f27a8da.CGLIB$aerospikeTemplate$0(<generated>)
	at org.springframework.data.aerospike.repository.TestConfigPerson$$EnhancerBySpringCGLIB$$3f27a8da$$FastClassBySpringCGLIB$$38965c5e.invoke(<generated>)
	at org.springframework.cglib.proxy.MethodProxy.invokeSuper(MethodProxy.java:228)
	at org.springframework.context.annotation.ConfigurationClassEnhancer$BeanMethodInterceptor.intercept(ConfigurationClassEnhancer.java:309)
	at org.springframework.data.aerospike.repository.TestConfigPerson$$EnhancerBySpringCGLIB$$3f27a8da.aerospikeTemplate(<generated>)
	at sun.reflect.NativeMethodAccessorImpl.invoke0(Native Method)
	at sun.reflect.NativeMethodAccessorImpl.invoke(NativeMethodAccessorImpl.java:62)
	at sun.reflect.DelegatingMethodAccessorImpl.invoke(DelegatingMethodAccessorImpl.java:43)
	at java.lang.reflect.Method.invoke(Method.java:498)
	at org.springframework.beans.factory.support.SimpleInstantiationStrategy.instantiate(SimpleInstantiationStrategy.java:162)
	at org.springframework.beans.factory.support.ConstructorResolver.instantiateUsingFactoryMethod(ConstructorResolver.java:588)
	at org.springframework.beans.factory.support.AbstractAutowireCapableBeanFactory.instantiateUsingFactoryMethod(AbstractAutowireCapableBeanFactory.java:1119)
	at org.springframework.beans.factory.support.AbstractAutowireCapableBeanFactory.createBeanInstance(AbstractAutowireCapableBeanFactory.java:1014)
	at org.springframework.beans.factory.support.AbstractAutowireCapableBeanFactory.doCreateBean(AbstractAutowireCapableBeanFactory.java:504)
	at org.springframework.beans.factory.support.AbstractAutowireCapableBeanFactory.createBean(AbstractAutowireCapableBeanFactory.java:476)
	at org.springframework.beans.factory.support.AbstractBeanFactory$1.getObject(AbstractBeanFactory.java:303)
	at org.springframework.beans.factory.support.DefaultSingletonBeanRegistry.getSingleton(DefaultSingletonBeanRegistry.java:230)
	at org.springframework.beans.factory.support.AbstractBeanFactory.doGetBean(AbstractBeanFactory.java:299)
	at org.springframework.beans.factory.support.AbstractBeanFactory.getBean(AbstractBeanFactory.java:194)
	at org.springframework.beans.factory.support.DefaultListableBeanFactory.preInstantiateSingletons(DefaultListableBeanFactory.java:755)
	at org.springframework.context.support.AbstractApplicationContext.finishBeanFactoryInitialization(AbstractApplicationContext.java:757)
	at org.springframework.context.support.AbstractApplicationContext.refresh(AbstractApplicationContext.java:480)
	at org.springframework.test.context.support.AbstractGenericContextLoader.loadContext(AbstractGenericContextLoader.java:125)
	at org.springframework.test.context.support.AbstractGenericContextLoader.loadContext(AbstractGenericContextLoader.java:60)
	at org.springframework.test.context.support.AbstractDelegatingSmartContextLoader.delegateLoading(AbstractDelegatingSmartContextLoader.java:109)
	at org.springframework.test.context.support.AbstractDelegatingSmartContextLoader.loadContext(AbstractDelegatingSmartContextLoader.java:261)
	at org.springframework.test.context.DefaultCacheAwareContextLoaderDelegate.loadContextInternal(DefaultCacheAwareContextLoaderDelegate.java:68)
	at org.springframework.test.context.DefaultCacheAwareContextLoaderDelegate.loadContext(DefaultCacheAwareContextLoaderDelegate.java:86)
	at org.springframework.test.context.DefaultTestContext.getApplicationContext(DefaultTestContext.java:72)
	at org.springframework.test.context.support.DependencyInjectionTestExecutionListener.injectDependencies(DependencyInjectionTestExecutionListener.java:117)
	at org.springframework.test.context.support.DependencyInjectionTestExecutionListener.prepareTestInstance(DependencyInjectionTestExecutionListener.java:83)
	at org.springframework.test.context.TestContextManager.prepareTestInstance(TestContextManager.java:212)
	at org.springframework.test.context.junit4.SpringJUnit4ClassRunner.createTest(SpringJUnit4ClassRunner.java:200)
	at org.springframework.test.context.junit4.SpringJUnit4ClassRunner$1.runReflectiveCall(SpringJUnit4ClassRunner.java:259)
	at org.junit.internal.runners.model.ReflectiveCallable.run(ReflectiveCallable.java:12)
	at org.springframework.test.context.junit4.SpringJUnit4ClassRunner.methodBlock(SpringJUnit4ClassRunner.java:261)
	at org.springframework.test.context.junit4.SpringJUnit4ClassRunner.runChild(SpringJUnit4ClassRunner.java:219)
	at org.springframework.test.context.junit4.SpringJUnit4ClassRunner.runChild(SpringJUnit4ClassRunner.java:83)
	at org.junit.runners.ParentRunner$3.run(ParentRunner.java:290)
	at org.junit.runners.ParentRunner$1.schedule(ParentRunner.java:71)
	at org.junit.runners.ParentRunner.runChildren(ParentRunner.java:288)
	at org.junit.runners.ParentRunner.access$000(ParentRunner.java:58)
	at org.junit.runners.ParentRunner$2.evaluate(ParentRunner.java:268)
	at org.springframework.test.context.junit4.statements.RunBeforeTestClassCallbacks.evaluate(RunBeforeTestClassCallbacks.java:61)
	at org.springframework.test.context.junit4.statements.RunAfterTestClassCallbacks.evaluate(RunAfterTestClassCallbacks.java:68)
	at org.junit.runners.ParentRunner.run(ParentRunner.java:363)
	at org.springframework.test.context.junit4.SpringJUnit4ClassRunner.run(SpringJUnit4ClassRunner.java:163)
	at org.junit.runners.Suite.runChild(Suite.java:128)
	at org.junit.runners.Suite.runChild(Suite.java:27)
	at org.junit.runners.ParentRunner$3.run(ParentRunner.java:290)
	at org.junit.runners.ParentRunner$1.schedule(ParentRunner.java:71)
	at org.junit.runners.ParentRunner.runChildren(ParentRunner.java:288)
	at org.junit.runners.ParentRunner.access$000(ParentRunner.java:58)
	at org.junit.runners.ParentRunner$2.evaluate(ParentRunner.java:268)
	at org.junit.runners.ParentRunner.run(ParentRunner.java:363)
	at org.apache.maven.surefire.junit4.JUnit4Provider.execute(JUnit4Provider.java:283)
	at org.apache.maven.surefire.junit4.JUnit4Provider.executeWithRerun(JUnit4Provider.java:173)
	at org.apache.maven.surefire.junit4.JUnit4Provider.executeTestSet(JUnit4Provider.java:153)
	at org.apache.maven.surefire.junit4.JUnit4Provider.invoke(JUnit4Provider.java:128)
	at org.apache.maven.surefire.booter.ForkedBooter.invokeProviderInSameClassLoader(ForkedBooter.java:203)
	at org.apache.maven.surefire.booter.ForkedBooter.runSuitesInProcess(ForkedBooter.java:155)
	at org.apache.maven.surefire.booter.ForkedBooter.main(ForkedBooter.java:103)
Caused by: com.aerospike.client.AerospikeException$Connection: Error Code 11: Failed to connect to host(s): 
52.41.32.83:3000 Error Code 11: java.net.SocketTimeoutException: connect timed out

	at com.aerospike.client.cluster.Cluster.seedNodes(Cluster.java:386)
	at com.aerospike.client.cluster.Cluster.tend(Cluster.java:273)
	at com.aerospike.client.cluster.Cluster.waitTillStabilized(Cluster.java:238)
	at com.aerospike.client.cluster.Cluster.initTendThread(Cluster.java:148)
	at com.aerospike.client.AerospikeClient.<init>(AerospikeClient.java:209)
	at com.aerospike.client.AerospikeClient.<init>(AerospikeClient.java:173)
	at org.springframework.data.aerospike.repository.TestConfigPerson.aerospikeClient(TestConfigPerson.java:32)
	at org.springframework.data.aerospike.repository.TestConfigPerson$$EnhancerBySpringCGLIB$$3f27a8da.CGLIB$aerospikeClient$1(<generated>)
	at org.springframework.data.aerospike.repository.TestConfigPerson$$EnhancerBySpringCGLIB$$3f27a8da$$FastClassBySpringCGLIB$$38965c5e.invoke(<generated>)
	at org.springframework.cglib.proxy.MethodProxy.invokeSuper(MethodProxy.java:228)
	at org.springframework.context.annotation.ConfigurationClassEnhancer$BeanMethodInterceptor.intercept(ConfigurationClassEnhancer.java:309)
	at org.springframework.data.aerospike.repository.TestConfigPerson$$EnhancerBySpringCGLIB$$3f27a8da.aerospikeClient(<generated>)
	at sun.reflect.NativeMethodAccessorImpl.invoke0(Native Method)
	at sun.reflect.NativeMethodAccessorImpl.invoke(NativeMethodAccessorImpl.java:62)
	at sun.reflect.DelegatingMethodAccessorImpl.invoke(DelegatingMethodAccessorImpl.java:43)
	at java.lang.reflect.Method.invoke(Method.java:498)
	at org.springframework.beans.factory.support.SimpleInstantiationStrategy.instantiate(SimpleInstantiationStrategy.java:162)
	at org.springframework.beans.factory.support.ConstructorResolver.instantiateUsingFactoryMethod(ConstructorResolver.java:588)
	at org.springframework.beans.factory.support.AbstractAutowireCapableBeanFactory.instantiateUsingFactoryMethod(AbstractAutowireCapableBeanFactory.java:1119)
	at org.springframework.beans.factory.support.AbstractAutowireCapableBeanFactory.createBeanInstance(AbstractAutowireCapableBeanFactory.java:1014)
	at org.springframework.beans.factory.support.AbstractAutowireCapableBeanFactory.doCreateBean(AbstractAutowireCapableBeanFactory.java:504)
	at org.springframework.beans.factory.support.AbstractAutowireCapableBeanFactory.createBean(AbstractAutowireCapableBeanFactory.java:476)
	at org.springframework.beans.factory.support.AbstractBeanFactory$1.getObject(AbstractBeanFactory.java:303)
	at org.springframework.beans.factory.support.DefaultSingletonBeanRegistry.getSingleton(DefaultSingletonBeanRegistry.java:230)
	at org.springframework.beans.factory.support.AbstractBeanFactory.doGetBean(AbstractBeanFactory.java:299)
	at org.springframework.beans.factory.support.AbstractBeanFactory.getBean(AbstractBeanFactory.java:194)
	at org.springframework.context.annotation.ConfigurationClassEnhancer$BeanMethodInterceptor.intercept(ConfigurationClassEnhancer.java:322)
	at org.springframework.data.aerospike.repository.TestConfigPerson$$EnhancerBySpringCGLIB$$3f27a8da.aerospikeClient(<generated>)
	at org.springframework.data.aerospike.repository.TestConfigPerson.aerospikeTemplate(TestConfigPerson.java:38)
	at org.springframework.data.aerospike.repository.TestConfigPerson$$EnhancerBySpringCGLIB$$3f27a8da.CGLIB$aerospikeTemplate$0(<generated>)
	at org.springframework.data.aerospike.repository.TestConfigPerson$$EnhancerBySpringCGLIB$$3f27a8da$$FastClassBySpringCGLIB$$38965c5e.invoke(<generated>)
	at org.springframework.cglib.proxy.MethodProxy.invokeSuper(MethodProxy.java:228)
	at org.springframework.context.annotation.ConfigurationClassEnhancer$BeanMethodInterceptor.intercept(ConfigurationClassEnhancer.java:309)
	at org.springframework.data.aerospike.repository.TestConfigPerson$$EnhancerBySpringCGLIB$$3f27a8da.aerospikeTemplate(<generated>)
	at sun.reflect.NativeMethodAccessorImpl.invoke0(Native Method)
	at sun.reflect.NativeMethodAccessorImpl.invoke(NativeMethodAccessorImpl.java:62)
	at sun.reflect.DelegatingMethodAccessorImpl.invoke(DelegatingMethodAccessorImpl.java:43)
	at java.lang.reflect.Method.invoke(Method.java:498)
	at org.springframework.beans.factory.support.SimpleInstantiationStrategy.instantiate(SimpleInstantiationStrategy.java:162)
	at org.springframework.beans.factory.support.ConstructorResolver.instantiateUsingFactoryMethod(ConstructorResolver.java:588)
	at org.springframework.beans.factory.support.AbstractAutowireCapableBeanFactory.instantiateUsingFactoryMethod(AbstractAutowireCapableBeanFactory.java:1119)
	at org.springframework.beans.factory.support.AbstractAutowireCapableBeanFactory.createBeanInstance(AbstractAutowireCapableBeanFactory.java:1014)
	at org.springframework.beans.factory.support.AbstractAutowireCapableBeanFactory.doCreateBean(AbstractAutowireCapableBeanFactory.java:504)
	at org.springframework.beans.factory.support.AbstractAutowireCapableBeanFactory.createBean(AbstractAutowireCapableBeanFactory.java:476)
	at org.springframework.beans.factory.support.AbstractBeanFactory$1.getObject(AbstractBeanFactory.java:303)
	at org.springframework.beans.factory.support.DefaultSingletonBeanRegistry.getSingleton(DefaultSingletonBeanRegistry.java:230)
	at org.springframework.beans.factory.support.AbstractBeanFactory.doGetBean(AbstractBeanFactory.java:299)
	at org.springframework.beans.factory.support.AbstractBeanFactory.getBean(AbstractBeanFactory.java:194)
	at org.springframework.beans.factory.support.DefaultListableBeanFactory.preInstantiateSingletons(DefaultListableBeanFactory.java:755)
	at org.springframework.context.support.AbstractApplicationContext.finishBeanFactoryInitialization(AbstractApplicationContext.java:757)
	at org.springframework.context.support.AbstractApplicationContext.refresh(AbstractApplicationContext.java:480)
	at org.springframework.test.context.support.AbstractGenericContextLoader.loadContext(AbstractGenericContextLoader.java:125)
	at org.springframework.test.context.support.AbstractGenericContextLoader.loadContext(AbstractGenericContextLoader.java:60)
	at org.springframework.test.context.support.AbstractDelegatingSmartContextLoader.delegateLoading(AbstractDelegatingSmartContextLoader.java:109)
	at org.springframework.test.context.support.AbstractDelegatingSmartContextLoader.loadContext(AbstractDelegatingSmartContextLoader.java:261)
	at org.springframework.test.context.DefaultCacheAwareContextLoaderDelegate.loadContextInternal(DefaultCacheAwareContextLoaderDelegate.java:68)
	at org.springframework.test.context.DefaultCacheAwareContextLoaderDelegate.loadContext(DefaultCacheAwareContextLoaderDelegate.java:86)
	at org.springframework.test.context.DefaultTestContext.getApplicationContext(DefaultTestContext.java:72)
	at org.springframework.test.context.support.DependencyInjectionTestExecutionListener.injectDependencies(DependencyInjectionTestExecutionListener.java:117)
	at org.springframework.test.context.support.DependencyInjectionTestExecutionListener.prepareTestInstance(DependencyInjectionTestExecutionListener.java:83)
	at org.springframework.test.context.TestContextManager.prepareTestInstance(TestContextManager.java:212)
	at org.springframework.test.context.junit4.SpringJUnit4ClassRunner.createTest(SpringJUnit4ClassRunner.java:200)
	at org.springframework.test.context.junit4.SpringJUnit4ClassRunner$1.runReflectiveCall(SpringJUnit4ClassRunner.java:259)
	at org.junit.internal.runners.model.ReflectiveCallable.run(ReflectiveCallable.java:12)
	at org.springframework.test.context.junit4.SpringJUnit4ClassRunner.methodBlock(SpringJUnit4ClassRunner.java:261)
	at org.springframework.test.context.junit4.SpringJUnit4ClassRunner.runChild(SpringJUnit4ClassRunner.java:219)
	at org.springframework.test.context.junit4.SpringJUnit4ClassRunner.runChild(SpringJUnit4ClassRunner.java:83)
	at org.junit.runners.ParentRunner$3.run(ParentRunner.java:290)
	at org.junit.runners.ParentRunner$1.schedule(ParentRunner.java:71)
	at org.junit.runners.ParentRunner.runChildren(ParentRunner.java:288)
	at org.junit.runners.ParentRunner.access$000(ParentRunner.java:58)
	at org.junit.runners.ParentRunner$2.evaluate(ParentRunner.java:268)
	at org.springframework.test.context.junit4.statements.RunBeforeTestClassCallbacks.evaluate(RunBeforeTestClassCallbacks.java:61)
	at org.springframework.test.context.junit4.statements.RunAfterTestClassCallbacks.evaluate(RunAfterTestClassCallbacks.java:68)
	at org.junit.runners.ParentRunner.run(ParentRunner.java:363)
	at org.springframework.test.context.junit4.SpringJUnit4ClassRunner.run(SpringJUnit4ClassRunner.java:163)
	at org.junit.runners.Suite.runChild(Suite.java:128)
	at org.junit.runners.Suite.runChild(Suite.java:27)
	at org.junit.runners.ParentRunner$3.run(ParentRunner.java:290)
	at org.junit.runners.ParentRunner$1.schedule(ParentRunner.java:71)
	at org.junit.runners.ParentRunner.runChildren(ParentRunner.java:288)
	at org.junit.runners.ParentRunner.access$000(ParentRunner.java:58)
	at org.junit.runners.ParentRunner$2.evaluate(ParentRunner.java:268)
	at org.junit.runners.ParentRunner.run(ParentRunner.java:363)
	at org.apache.maven.surefire.junit4.JUnit4Provider.execute(JUnit4Provider.java:283)
	at org.apache.maven.surefire.junit4.JUnit4Provider.executeWithRerun(JUnit4Provider.java:173)
	at org.apache.maven.surefire.junit4.JUnit4Provider.executeTestSet(JUnit4Provider.java:153)
	at org.apache.maven.surefire.junit4.JUnit4Provider.invoke(JUnit4Provider.java:128)
	at org.apache.maven.surefire.booter.ForkedBooter.invokeProviderInSameClassLoader(ForkedBooter.java:203)
	at org.apache.maven.surefire.booter.ForkedBooter.runSuitesInProcess(ForkedBooter.java:155)
	at org.apache.maven.surefire.booter.ForkedBooter.main(ForkedBooter.java:103)
]]></error>
    <system-out><![CDATA[16:37:28.836 [main] DEBUG o.s.t.annotation.ProfileValueUtils - Retrieved @ProfileValueSourceConfiguration [null] for test class [org.springframework.data.aerospike.repository.PersonRepositoryIntegrationTests]
16:37:28.836 [main] DEBUG o.s.t.annotation.ProfileValueUtils - Retrieved ProfileValueSource type [class org.springframework.test.annotation.SystemProfileValueSource] for class [org.springframework.data.aerospike.repository.PersonRepositoryIntegrationTests]
16:37:28.836 [main] DEBUG o.s.t.c.s.DependencyInjectionTestExecutionListener - Performing dependency injection for test context [[DefaultTestContext@70807224 testClass = PersonRepositoryIntegrationTests, testInstance = org.springframework.data.aerospike.repository.PersonRepositoryIntegrationTests@6a282fdd, testMethod = [null], testException = [null], mergedContextConfiguration = [MergedContextConfiguration@400d912a testClass = PersonRepositoryIntegrationTests, locations = '{}', classes = '{class org.springframework.data.aerospike.repository.TestConfigPerson}', contextInitializerClasses = '[]', activeProfiles = '{}', propertySourceLocations = '{}', propertySourceProperties = '{}', contextLoader = 'org.springframework.test.context.support.DelegatingSmartContextLoader', parent = [null]]]].
16:37:28.836 [main] DEBUG o.s.t.c.s.AbstractDelegatingSmartContextLoader - Delegating to AnnotationConfigContextLoader to load context from [MergedContextConfiguration@400d912a testClass = PersonRepositoryIntegrationTests, locations = '{}', classes = '{class org.springframework.data.aerospike.repository.TestConfigPerson}', contextInitializerClasses = '[]', activeProfiles = '{}', propertySourceLocations = '{}', propertySourceProperties = '{}', contextLoader = 'org.springframework.test.context.support.DelegatingSmartContextLoader', parent = [null]].
16:37:28.836 [main] DEBUG o.s.t.c.s.AbstractGenericContextLoader - Loading ApplicationContext for merged context configuration [[MergedContextConfiguration@400d912a testClass = PersonRepositoryIntegrationTests, locations = '{}', classes = '{class org.springframework.data.aerospike.repository.TestConfigPerson}', contextInitializerClasses = '[]', activeProfiles = '{}', propertySourceLocations = '{}', propertySourceProperties = '{}', contextLoader = 'org.springframework.test.context.support.DelegatingSmartContextLoader', parent = [null]]].
16:37:28.836 [main] DEBUG o.s.core.env.StandardEnvironment - Adding [systemProperties] PropertySource with lowest search precedence
16:37:28.836 [main] DEBUG o.s.core.env.StandardEnvironment - Adding [systemEnvironment] PropertySource with lowest search precedence
16:37:28.837 [main] DEBUG o.s.core.env.StandardEnvironment - Initialized StandardEnvironment with PropertySources [systemProperties,systemEnvironment]
16:37:28.837 [main] DEBUG o.s.t.c.s.AnnotationConfigContextLoader - Registering annotated classes: {class org.springframework.data.aerospike.repository.TestConfigPerson}
16:37:28.837 [main] INFO  o.s.c.s.GenericApplicationContext - Refreshing org.springframework.context.support.GenericApplicationContext@743c6ce4: startup date [Tue Oct 04 16:37:28 BRT 2016]; root of context hierarchy
16:37:28.837 [main] DEBUG o.s.c.s.GenericApplicationContext - Bean factory for org.springframework.context.support.GenericApplicationContext@743c6ce4: org.springframework.beans.factory.support.DefaultListableBeanFactory@70331432: defining beans [org.springframework.context.annotation.internalConfigurationAnnotationProcessor,org.springframework.context.annotation.internalAutowiredAnnotationProcessor,org.springframework.context.annotation.internalRequiredAnnotationProcessor,org.springframework.context.annotation.internalCommonAnnotationProcessor,testConfigPerson]; root of factory hierarchy
16:37:28.837 [main] DEBUG o.s.b.f.s.DefaultListableBeanFactory - Creating shared instance of singleton bean 'org.springframework.context.annotation.internalConfigurationAnnotationProcessor'
16:37:28.837 [main] DEBUG o.s.b.f.s.DefaultListableBeanFactory - Creating instance of bean 'org.springframework.context.annotation.internalConfigurationAnnotationProcessor'
16:37:28.837 [main] DEBUG o.s.b.f.s.DefaultListableBeanFactory - Eagerly caching bean 'org.springframework.context.annotation.internalConfigurationAnnotationProcessor' to allow for resolving potential circular references
16:37:28.837 [main] DEBUG o.s.b.f.s.DefaultListableBeanFactory - Finished creating instance of bean 'org.springframework.context.annotation.internalConfigurationAnnotationProcessor'
16:37:28.838 [main] DEBUG o.s.c.a.ConfigurationClassBeanDefinitionReader - Registering bean definition for @Bean method org.springframework.data.aerospike.repository.TestConfigPerson.aerospikeTemplate()
16:37:28.838 [main] DEBUG o.s.c.a.ConfigurationClassBeanDefinitionReader - Registering bean definition for @Bean method org.springframework.data.aerospike.repository.TestConfigPerson.aerospikeClient()
16:37:28.838 [main] DEBUG o.s.core.env.StandardEnvironment - Adding [systemProperties] PropertySource with lowest search precedence
16:37:28.838 [main] DEBUG o.s.core.env.StandardEnvironment - Adding [systemEnvironment] PropertySource with lowest search precedence
16:37:28.838 [main] DEBUG o.s.core.env.StandardEnvironment - Initialized StandardEnvironment with PropertySources [systemProperties,systemEnvironment]
16:37:28.838 [main] DEBUG o.s.c.i.s.PathMatchingResourcePatternResolver - Looking for matching resources in directory tree [/home/aluno/spring-projects/maven/spring-data-aerospike/target/test-classes/org/springframework/data]
16:37:28.838 [main] DEBUG o.s.c.i.s.PathMatchingResourcePatternResolver - Searching directory [/home/aluno/spring-projects/maven/spring-data-aerospike/target/test-classes/org/springframework/data] for files matching pattern [/home/aluno/spring-projects/maven/spring-data-aerospike/target/test-classes/org/springframework/data/**/repository/support/**/*.class]
16:37:28.838 [main] DEBUG o.s.c.i.s.PathMatchingResourcePatternResolver - Searching directory [/home/aluno/spring-projects/maven/spring-data-aerospike/target/test-classes/org/springframework/data/keyvalue] for files matching pattern [/home/aluno/spring-projects/maven/spring-data-aerospike/target/test-classes/org/springframework/data/**/repository/support/**/*.class]
16:37:28.838 [main] DEBUG o.s.c.i.s.PathMatchingResourcePatternResolver - Searching directory [/home/aluno/spring-projects/maven/spring-data-aerospike/target/test-classes/org/springframework/data/keyvalue/repository] for files matching pattern [/home/aluno/spring-projects/maven/spring-data-aerospike/target/test-classes/org/springframework/data/**/repository/support/**/*.class]
16:37:28.839 [main] DEBUG o.s.c.i.s.PathMatchingResourcePatternResolver - Searching directory [/home/aluno/spring-projects/maven/spring-data-aerospike/target/test-classes/org/springframework/data/keyvalue/repository/query] for files matching pattern [/home/aluno/spring-projects/maven/spring-data-aerospike/target/test-classes/org/springframework/data/**/repository/support/**/*.class]
16:37:28.839 [main] DEBUG o.s.c.i.s.PathMatchingResourcePatternResolver - Searching directory [/home/aluno/spring-projects/maven/spring-data-aerospike/target/test-classes/org/springframework/data/aerospike] for files matching pattern [/home/aluno/spring-projects/maven/spring-data-aerospike/target/test-classes/org/springframework/data/**/repository/support/**/*.class]
16:37:28.839 [main] DEBUG o.s.c.i.s.PathMatchingResourcePatternResolver - Searching directory [/home/aluno/spring-projects/maven/spring-data-aerospike/target/test-classes/org/springframework/data/aerospike/mapping] for files matching pattern [/home/aluno/spring-projects/maven/spring-data-aerospike/target/test-classes/org/springframework/data/**/repository/support/**/*.class]
16:37:28.839 [main] DEBUG o.s.c.i.s.PathMatchingResourcePatternResolver - Searching directory [/home/aluno/spring-projects/maven/spring-data-aerospike/target/test-classes/org/springframework/data/aerospike/core] for files matching pattern [/home/aluno/spring-projects/maven/spring-data-aerospike/target/test-classes/org/springframework/data/**/repository/support/**/*.class]
16:37:28.839 [main] DEBUG o.s.c.i.s.PathMatchingResourcePatternResolver - Searching directory [/home/aluno/spring-projects/maven/spring-data-aerospike/target/test-classes/org/springframework/data/aerospike/convert] for files matching pattern [/home/aluno/spring-projects/maven/spring-data-aerospike/target/test-classes/org/springframework/data/**/repository/support/**/*.class]
16:37:28.840 [main] DEBUG o.s.c.i.s.PathMatchingResourcePatternResolver - Searching directory [/home/aluno/spring-projects/maven/spring-data-aerospike/target/test-classes/org/springframework/data/aerospike/sample] for files matching pattern [/home/aluno/spring-projects/maven/spring-data-aerospike/target/test-classes/org/springframework/data/**/repository/support/**/*.class]
16:37:28.840 [main] DEBUG o.s.c.i.s.PathMatchingResourcePatternResolver - Searching directory [/home/aluno/spring-projects/maven/spring-data-aerospike/target/test-classes/org/springframework/data/aerospike/repository] for files matching pattern [/home/aluno/spring-projects/maven/spring-data-aerospike/target/test-classes/org/springframework/data/**/repository/support/**/*.class]
16:37:28.840 [main] DEBUG o.s.c.i.s.PathMatchingResourcePatternResolver - Searching directory [/home/aluno/spring-projects/maven/spring-data-aerospike/target/test-classes/org/springframework/data/aerospike/repository/support] for files matching pattern [/home/aluno/spring-projects/maven/spring-data-aerospike/target/test-classes/org/springframework/data/**/repository/support/**/*.class]
16:37:28.840 [main] DEBUG o.s.c.i.s.PathMatchingResourcePatternResolver - Searching directory [/home/aluno/spring-projects/maven/spring-data-aerospike/target/test-classes/org/springframework/data/aerospike/repository/query] for files matching pattern [/home/aluno/spring-projects/maven/spring-data-aerospike/target/test-classes/org/springframework/data/**/repository/support/**/*.class]
16:37:28.840 [main] DEBUG o.s.c.i.s.PathMatchingResourcePatternResolver - Searching directory [/home/aluno/spring-projects/maven/spring-data-aerospike/target/test-classes/org/springframework/data/aerospike/config] for files matching pattern [/home/aluno/spring-projects/maven/spring-data-aerospike/target/test-classes/org/springframework/data/**/repository/support/**/*.class]
16:37:28.840 [main] DEBUG o.s.c.i.s.PathMatchingResourcePatternResolver - Searching directory [/home/aluno/spring-projects/maven/spring-data-aerospike/target/test-classes/org/springframework/data/aerospike/cache] for files matching pattern [/home/aluno/spring-projects/maven/spring-data-aerospike/target/test-classes/org/springframework/data/**/repository/support/**/*.class]
16:37:28.840 [main] DEBUG o.s.c.i.s.PathMatchingResourcePatternResolver - Looking for matching resources in directory tree [/home/aluno/spring-projects/maven/spring-data-aerospike/target/classes/org/springframework/data]
16:37:28.840 [main] DEBUG o.s.c.i.s.PathMatchingResourcePatternResolver - Searching directory [/home/aluno/spring-projects/maven/spring-data-aerospike/target/classes/org/springframework/data] for files matching pattern [/home/aluno/spring-projects/maven/spring-data-aerospike/target/classes/org/springframework/data/**/repository/support/**/*.class]
16:37:28.840 [main] DEBUG o.s.c.i.s.PathMatchingResourcePatternResolver - Searching directory [/home/aluno/spring-projects/maven/spring-data-aerospike/target/classes/org/springframework/data/aerospike] for files matching pattern [/home/aluno/spring-projects/maven/spring-data-aerospike/target/classes/org/springframework/data/**/repository/support/**/*.class]
16:37:28.841 [main] DEBUG o.s.c.i.s.PathMatchingResourcePatternResolver - Searching directory [/home/aluno/spring-projects/maven/spring-data-aerospike/target/classes/org/springframework/data/aerospike/mapping] for files matching pattern [/home/aluno/spring-projects/maven/spring-data-aerospike/target/classes/org/springframework/data/**/repository/support/**/*.class]
16:37:28.841 [main] DEBUG o.s.c.i.s.PathMatchingResourcePatternResolver - Searching directory [/home/aluno/spring-projects/maven/spring-data-aerospike/target/classes/org/springframework/data/aerospike/core] for files matching pattern [/home/aluno/spring-projects/maven/spring-data-aerospike/target/classes/org/springframework/data/**/repository/support/**/*.class]
16:37:28.848 [main] DEBUG o.s.c.i.s.PathMatchingResourcePatternResolver - Searching directory [/home/aluno/spring-projects/maven/spring-data-aerospike/target/classes/org/springframework/data/aerospike/convert] for files matching pattern [/home/aluno/spring-projects/maven/spring-data-aerospike/target/classes/org/springframework/data/**/repository/support/**/*.class]
16:37:28.849 [main] DEBUG o.s.c.i.s.PathMatchingResourcePatternResolver - Searching directory [/home/aluno/spring-projects/maven/spring-data-aerospike/target/classes/org/springframework/data/aerospike/example] for files matching pattern [/home/aluno/spring-projects/maven/spring-data-aerospike/target/classes/org/springframework/data/**/repository/support/**/*.class]
16:37:28.849 [main] DEBUG o.s.c.i.s.PathMatchingResourcePatternResolver - Searching directory [/home/aluno/spring-projects/maven/spring-data-aerospike/target/classes/org/springframework/data/aerospike/example/data] for files matching pattern [/home/aluno/spring-projects/maven/spring-data-aerospike/target/classes/org/springframework/data/**/repository/support/**/*.class]
16:37:28.849 [main] DEBUG o.s.c.i.s.PathMatchingResourcePatternResolver - Searching directory [/home/aluno/spring-projects/maven/spring-data-aerospike/target/classes/org/springframework/data/aerospike/example/config] for files matching pattern [/home/aluno/spring-projects/maven/spring-data-aerospike/target/classes/org/springframework/data/**/repository/support/**/*.class]
16:37:28.849 [main] DEBUG o.s.c.i.s.PathMatchingResourcePatternResolver - Searching directory [/home/aluno/spring-projects/maven/spring-data-aerospike/target/classes/org/springframework/data/aerospike/annotation] for files matching pattern [/home/aluno/spring-projects/maven/spring-data-aerospike/target/classes/org/springframework/data/**/repository/support/**/*.class]
16:37:28.849 [main] DEBUG o.s.c.i.s.PathMatchingResourcePatternResolver - Searching directory [/home/aluno/spring-projects/maven/spring-data-aerospike/target/classes/org/springframework/data/aerospike/repository] for files matching pattern [/home/aluno/spring-projects/maven/spring-data-aerospike/target/classes/org/springframework/data/**/repository/support/**/*.class]
16:37:28.849 [main] DEBUG o.s.c.i.s.PathMatchingResourcePatternResolver - Searching directory [/home/aluno/spring-projects/maven/spring-data-aerospike/target/classes/org/springframework/data/aerospike/repository/support] for files matching pattern [/home/aluno/spring-projects/maven/spring-data-aerospike/target/classes/org/springframework/data/**/repository/support/**/*.class]
16:37:28.849 [main] DEBUG o.s.c.i.s.PathMatchingResourcePatternResolver - Searching directory [/home/aluno/spring-projects/maven/spring-data-aerospike/target/classes/org/springframework/data/aerospike/repository/config] for files matching pattern [/home/aluno/spring-projects/maven/spring-data-aerospike/target/classes/org/springframework/data/**/repository/support/**/*.class]
16:37:28.849 [main] DEBUG o.s.c.i.s.PathMatchingResourcePatternResolver - Searching directory [/home/aluno/spring-projects/maven/spring-data-aerospike/target/classes/org/springframework/data/aerospike/repository/query] for files matching pattern [/home/aluno/spring-projects/maven/spring-data-aerospike/target/classes/org/springframework/data/**/repository/support/**/*.class]
16:37:28.850 [main] DEBUG o.s.c.i.s.PathMatchingResourcePatternResolver - Searching directory [/home/aluno/spring-projects/maven/spring-data-aerospike/target/classes/org/springframework/data/aerospike/config] for files matching pattern [/home/aluno/spring-projects/maven/spring-data-aerospike/target/classes/org/springframework/data/**/repository/support/**/*.class]
16:37:28.850 [main] DEBUG o.s.c.i.s.PathMatchingResourcePatternResolver - Searching directory [/home/aluno/spring-projects/maven/spring-data-aerospike/target/classes/org/springframework/data/aerospike/cache] for files matching pattern [/home/aluno/spring-projects/maven/spring-data-aerospike/target/classes/org/springframework/data/**/repository/support/**/*.class]
16:37:28.850 [main] DEBUG o.s.c.i.s.PathMatchingResourcePatternResolver - Searching directory [/home/aluno/spring-projects/maven/spring-data-aerospike/target/classes/org/springframework/data/aerospike/utility] for files matching pattern [/home/aluno/spring-projects/maven/spring-data-aerospike/target/classes/org/springframework/data/**/repository/support/**/*.class]
16:37:28.850 [main] DEBUG o.s.c.i.s.PathMatchingResourcePatternResolver - Looking for matching resources in jar file [file:/home/aluno/.m2/repository/org/springframework/data/spring-data-commons/1.11.0.RELEASE/spring-data-commons-1.11.0.RELEASE.jar]
16:37:28.851 [main] DEBUG o.s.c.i.s.PathMatchingResourcePatternResolver - Looking for matching resources in jar file [file:/home/aluno/.m2/repository/org/springframework/data/spring-data-keyvalue/1.0.0.M1/spring-data-keyvalue-1.0.0.M1.jar]
16:37:28.852 [main] DEBUG o.s.c.i.s.PathMatchingResourcePatternResolver - Resolved location pattern [classpath*:org/springframework/data/**/repository/support/**/*.class] to resources [file [/home/aluno/spring-projects/maven/spring-data-aerospike/target/test-classes/org/springframework/data/aerospike/repository/support/SimpleAerospikeRepositoryTest$5.class], file [/home/aluno/spring-projects/maven/spring-data-aerospike/target/test-classes/org/springframework/data/aerospike/repository/support/SimpleAerospikeRepositoryTest$9.class], file [/home/aluno/spring-projects/maven/spring-data-aerospike/target/test-classes/org/springframework/data/aerospike/repository/support/SimpleAerospikeRepositoryTest$4.class], file [/home/aluno/spring-projects/maven/spring-data-aerospike/target/test-classes/org/springframework/data/aerospike/repository/support/AerospikeRepositoryFactoryTest.class], file [/home/aluno/spring-projects/maven/spring-data-aerospike/target/test-classes/org/springframework/data/aerospike/repository/support/SimpleAerospikeRepositoryTest.class], file [/home/aluno/spring-projects/maven/spring-data-aerospike/target/test-classes/org/springframework/data/aerospike/repository/support/SimpleAerospikeRepositoryTest$1.class], file [/home/aluno/spring-projects/maven/spring-data-aerospike/target/test-classes/org/springframework/data/aerospike/repository/support/SimpleAerospikeRepositoryTest$3.class], file [/home/aluno/spring-projects/maven/spring-data-aerospike/target/test-classes/org/springframework/data/aerospike/repository/support/SimpleAerospikeRepositoryTest$8.class], file [/home/aluno/spring-projects/maven/spring-data-aerospike/target/test-classes/org/springframework/data/aerospike/repository/support/SimpleAerospikeRepositoryTest$6.class], file [/home/aluno/spring-projects/maven/spring-data-aerospike/target/test-classes/org/springframework/data/aerospike/repository/support/SimpleAerospikeRepositoryTest$2.class], file [/home/aluno/spring-projects/maven/spring-data-aerospike/target/test-classes/org/springframework/data/aerospike/repository/support/AllTests.class], file [/home/aluno/spring-projects/maven/spring-data-aerospike/target/test-classes/org/springframework/data/aerospike/repository/support/SimpleAerospikeRepositoryTest$7.class], file [/home/aluno/spring-projects/maven/spring-data-aerospike/target/classes/org/springframework/data/aerospike/repository/support/AerospikeRepositoryFactoryBean.class], file [/home/aluno/spring-projects/maven/spring-data-aerospike/target/classes/org/springframework/data/aerospike/repository/support/AerospikeRepositoryFactory$AerospikeQueryLookupStrategy.class], file [/home/aluno/spring-projects/maven/spring-data-aerospike/target/classes/org/springframework/data/aerospike/repository/support/AerospikeRepositoryFactory.class], file [/home/aluno/spring-projects/maven/spring-data-aerospike/target/classes/org/springframework/data/aerospike/repository/support/SimpleAerospikeRepository.class], URL [jar:file:/home/aluno/.m2/repository/org/springframework/data/spring-data-commons/1.11.0.RELEASE/spring-data-commons-1.11.0.RELEASE.jar!/org/springframework/data/repository/support/DomainClassConverter$ConversionMatchAbbreviationException.class], URL [jar:file:/home/aluno/.m2/repository/org/springframework/data/spring-data-commons/1.11.0.RELEASE/spring-data-commons-1.11.0.RELEASE.jar!/org/springframework/data/repository/support/DomainClassConverter$ToIdConverter.class], URL [jar:file:/home/aluno/.m2/repository/org/springframework/data/spring-data-commons/1.11.0.RELEASE/spring-data-commons-1.11.0.RELEASE.jar!/org/springframework/data/repository/support/Repositories$EmptyRepositoryFactoryInformation.class], URL [jar:file:/home/aluno/.m2/repository/org/springframework/data/spring-data-commons/1.11.0.RELEASE/spring-data-commons-1.11.0.RELEASE.jar!/org/springframework/data/repository/support/PagingAndSortingRepositoryInvoker.class], URL [jar:file:/home/aluno/.m2/repository/org/springframework/data/spring-data-commons/1.11.0.RELEASE/spring-data-commons-1.11.0.RELEASE.jar!/org/springframework/data/repository/support/QueryMethodParameterConversionException.class], URL [jar:file:/home/aluno/.m2/repository/org/springframework/data/spring-data-commons/1.11.0.RELEASE/spring-data-commons-1.11.0.RELEASE.jar!/org/springframework/data/repository/support/MethodParameters.class], URL [jar:file:/home/aluno/.m2/repository/org/springframework/data/spring-data-commons/1.11.0.RELEASE/spring-data-commons-1.11.0.RELEASE.jar!/org/springframework/data/repository/support/RepositoryInvoker.class], URL [jar:file:/home/aluno/.m2/repository/org/springframework/data/spring-data-commons/1.11.0.RELEASE/spring-data-commons-1.11.0.RELEASE.jar!/org/springframework/data/repository/support/RepositoryInvokerFactory.class], URL [jar:file:/home/aluno/.m2/repository/org/springframework/data/spring-data-commons/1.11.0.RELEASE/spring-data-commons-1.11.0.RELEASE.jar!/org/springframework/data/repository/support/DomainClassPropertyEditorRegistrar.class], URL [jar:file:/home/aluno/.m2/repository/org/springframework/data/spring-data-commons/1.11.0.RELEASE/spring-data-commons-1.11.0.RELEASE.jar!/org/springframework/data/repository/support/AnnotationAttribute.class], URL [jar:file:/home/aluno/.m2/repository/org/springframework/data/spring-data-commons/1.11.0.RELEASE/spring-data-commons-1.11.0.RELEASE.jar!/org/springframework/data/repository/support/DefaultRepositoryInvokerFactory.class], URL [jar:file:/home/aluno/.m2/repository/org/springframework/data/spring-data-commons/1.11.0.RELEASE/spring-data-commons-1.11.0.RELEASE.jar!/org/springframework/data/repository/support/MethodParameters$AnnotationNamingMethodParameter.class], URL [jar:file:/home/aluno/.m2/repository/org/springframework/data/spring-data-commons/1.11.0.RELEASE/spring-data-commons-1.11.0.RELEASE.jar!/org/springframework/data/repository/support/CrudRepositoryInvoker.class], URL [jar:file:/home/aluno/.m2/repository/org/springframework/data/spring-data-commons/1.11.0.RELEASE/spring-data-commons-1.11.0.RELEASE.jar!/org/springframework/data/repository/support/Repositories.class], URL [jar:file:/home/aluno/.m2/repository/org/springframework/data/spring-data-commons/1.11.0.RELEASE/spring-data-commons-1.11.0.RELEASE.jar!/org/springframework/data/repository/support/DomainClassConverter$ToEntityConverter.class], URL [jar:file:/home/aluno/.m2/repository/org/springframework/data/spring-data-commons/1.11.0.RELEASE/spring-data-commons-1.11.0.RELEASE.jar!/org/springframework/data/repository/support/ReflectionRepositoryInvoker.class], URL [jar:file:/home/aluno/.m2/repository/org/springframework/data/spring-data-commons/1.11.0.RELEASE/spring-data-commons-1.11.0.RELEASE.jar!/org/springframework/data/repository/support/DomainClassPropertyEditor.class], URL [jar:file:/home/aluno/.m2/repository/org/springframework/data/spring-data-commons/1.11.0.RELEASE/spring-data-commons-1.11.0.RELEASE.jar!/org/springframework/data/repository/support/DomainClassConverter.class], URL [jar:file:/home/aluno/.m2/repository/org/springframework/data/spring-data-commons/1.11.0.RELEASE/spring-data-commons-1.11.0.RELEASE.jar!/org/springframework/data/repository/support/DomainClassConverter$1.class], URL [jar:file:/home/aluno/.m2/repository/org/springframework/data/spring-data-commons/1.11.0.RELEASE/spring-data-commons-1.11.0.RELEASE.jar!/org/springframework/data/repository/support/RepositoryInvocationInformation.class], URL [jar:file:/home/aluno/.m2/repository/org/springframework/data/spring-data-keyvalue/1.0.0.M1/spring-data-keyvalue-1.0.0.M1.jar!/org/springframework/data/keyvalue/repository/support/KeyValueRepositoryFactory$KeyValueQueryLookupStrategy.class], URL [jar:file:/home/aluno/.m2/repository/org/springframework/data/spring-data-keyvalue/1.0.0.M1/spring-data-keyvalue-1.0.0.M1.jar!/org/springframework/data/keyvalue/repository/support/QuerydslKeyValueRepository.class], URL [jar:file:/home/aluno/.m2/repository/org/springframework/data/spring-data-keyvalue/1.0.0.M1/spring-data-keyvalue-1.0.0.M1.jar!/org/springframework/data/keyvalue/repository/support/KeyValueRepositoryFactoryBean.class], URL [jar:file:/home/aluno/.m2/repository/org/springframework/data/spring-data-keyvalue/1.0.0.M1/spring-data-keyvalue-1.0.0.M1.jar!/org/springframework/data/keyvalue/repository/support/KeyValueQuerydslUtils$1.class], URL [jar:file:/home/aluno/.m2/repository/org/springframework/data/spring-data-keyvalue/1.0.0.M1/spring-data-keyvalue-1.0.0.M1.jar!/org/springframework/data/keyvalue/repository/support/KeyValueQuerydslUtils.class], URL [jar:file:/home/aluno/.m2/repository/org/springframework/data/spring-data-keyvalue/1.0.0.M1/spring-data-keyvalue-1.0.0.M1.jar!/org/springframework/data/keyvalue/repository/support/KeyValueRepositoryFactory.class], URL [jar:file:/home/aluno/.m2/repository/org/springframework/data/spring-data-keyvalue/1.0.0.M1/spring-data-keyvalue-1.0.0.M1.jar!/org/springframework/data/keyvalue/repository/support/SimpleKeyValueRepository.class]]
16:37:28.854 [main] DEBUG o.s.c.a.ClassPathScanningCandidateComponentProvider - Identified candidate component class: file [/home/aluno/spring-projects/maven/spring-data-aerospike/target/classes/org/springframework/data/aerospike/repository/support/AerospikeRepositoryFactory.class]
16:37:28.859 [main] DEBUG o.s.c.a.ClassPathScanningCandidateComponentProvider - Identified candidate component class: URL [jar:file:/home/aluno/.m2/repository/org/springframework/data/spring-data-keyvalue/1.0.0.M1/spring-data-keyvalue-1.0.0.M1.jar!/org/springframework/data/keyvalue/repository/support/KeyValueRepositoryFactory.class]
16:37:28.859 [main] DEBUG o.s.d.r.c.RepositoryConfigurationDelegate - Multiple Spring Data modules found, entering strict repository configuration mode!
16:37:28.861 [main] DEBUG o.s.core.env.StandardEnvironment - Adding [systemProperties] PropertySource with lowest search precedence
16:37:28.861 [main] DEBUG o.s.core.env.StandardEnvironment - Adding [systemEnvironment] PropertySource with lowest search precedence
16:37:28.861 [main] DEBUG o.s.core.env.StandardEnvironment - Initialized StandardEnvironment with PropertySources [systemProperties,systemEnvironment]
16:37:28.861 [main] DEBUG o.s.c.i.s.PathMatchingResourcePatternResolver - Looking for matching resources in directory tree [/home/aluno/spring-projects/maven/spring-data-aerospike/target/test-classes/org/springframework/data/aerospike/repository]
16:37:28.861 [main] DEBUG o.s.c.i.s.PathMatchingResourcePatternResolver - Searching directory [/home/aluno/spring-projects/maven/spring-data-aerospike/target/test-classes/org/springframework/data/aerospike/repository] for files matching pattern [/home/aluno/spring-projects/maven/spring-data-aerospike/target/test-classes/org/springframework/data/aerospike/repository/**/*.class]
16:37:28.862 [main] DEBUG o.s.c.i.s.PathMatchingResourcePatternResolver - Searching directory [/home/aluno/spring-projects/maven/spring-data-aerospike/target/test-classes/org/springframework/data/aerospike/repository/support] for files matching pattern [/home/aluno/spring-projects/maven/spring-data-aerospike/target/test-classes/org/springframework/data/aerospike/repository/**/*.class]
16:37:28.862 [main] DEBUG o.s.c.i.s.PathMatchingResourcePatternResolver - Searching directory [/home/aluno/spring-projects/maven/spring-data-aerospike/target/test-classes/org/springframework/data/aerospike/repository/query] for files matching pattern [/home/aluno/spring-projects/maven/spring-data-aerospike/target/test-classes/org/springframework/data/aerospike/repository/**/*.class]
16:37:28.862 [main] DEBUG o.s.c.i.s.PathMatchingResourcePatternResolver - Looking for matching resources in directory tree [/home/aluno/spring-projects/maven/spring-data-aerospike/target/classes/org/springframework/data/aerospike/repository]
16:37:28.862 [main] DEBUG o.s.c.i.s.PathMatchingResourcePatternResolver - Searching directory [/home/aluno/spring-projects/maven/spring-data-aerospike/target/classes/org/springframework/data/aerospike/repository] for files matching pattern [/home/aluno/spring-projects/maven/spring-data-aerospike/target/classes/org/springframework/data/aerospike/repository/**/*.class]
16:37:28.862 [main] DEBUG o.s.c.i.s.PathMatchingResourcePatternResolver - Searching directory [/home/aluno/spring-projects/maven/spring-data-aerospike/target/classes/org/springframework/data/aerospike/repository/support] for files matching pattern [/home/aluno/spring-projects/maven/spring-data-aerospike/target/classes/org/springframework/data/aerospike/repository/**/*.class]
16:37:28.862 [main] DEBUG o.s.c.i.s.PathMatchingResourcePatternResolver - Searching directory [/home/aluno/spring-projects/maven/spring-data-aerospike/target/classes/org/springframework/data/aerospike/repository/config] for files matching pattern [/home/aluno/spring-projects/maven/spring-data-aerospike/target/classes/org/springframework/data/aerospike/repository/**/*.class]
16:37:28.862 [main] DEBUG o.s.c.i.s.PathMatchingResourcePatternResolver - Searching directory [/home/aluno/spring-projects/maven/spring-data-aerospike/target/classes/org/springframework/data/aerospike/repository/query] for files matching pattern [/home/aluno/spring-projects/maven/spring-data-aerospike/target/classes/org/springframework/data/aerospike/repository/**/*.class]
16:37:28.862 [main] DEBUG o.s.c.i.s.PathMatchingResourcePatternResolver - Resolved location pattern [classpath*:org/springframework/data/aerospike/repository/**/*.class] to resources [file [/home/aluno/spring-projects/maven/spring-data-aerospike/target/test-classes/org/springframework/data/aerospike/repository/Credentials.class], file [/home/aluno/spring-projects/maven/spring-data-aerospike/target/test-classes/org/springframework/data/aerospike/repository/AbstractPersonRepositoryIntegrationTests$1.class], file [/home/aluno/spring-projects/maven/spring-data-aerospike/target/test-classes/org/springframework/data/aerospike/repository/PersonRepository.class], file [/home/aluno/spring-projects/maven/spring-data-aerospike/target/test-classes/org/springframework/data/aerospike/repository/TestConfigPerson.class], file [/home/aluno/spring-projects/maven/spring-data-aerospike/target/test-classes/org/springframework/data/aerospike/repository/Address.class], file [/home/aluno/spring-projects/maven/spring-data-aerospike/target/test-classes/org/springframework/data/aerospike/repository/Person$Sex.class], file [/home/aluno/spring-projects/maven/spring-data-aerospike/target/test-classes/org/springframework/data/aerospike/repository/Person.class], file [/home/aluno/spring-projects/maven/spring-data-aerospike/target/test-classes/org/springframework/data/aerospike/repository/ContactRepository.class], file [/home/aluno/spring-projects/maven/spring-data-aerospike/target/test-classes/org/springframework/data/aerospike/repository/AbstractPersonRepositoryIntegrationTests.class], file [/home/aluno/spring-projects/maven/spring-data-aerospike/target/test-classes/org/springframework/data/aerospike/repository/User.class], file [/home/aluno/spring-projects/maven/spring-data-aerospike/target/test-classes/org/springframework/data/aerospike/repository/CustomerRepositoriesIntegrationTests$Config.class], file [/home/aluno/spring-projects/maven/spring-data-aerospike/target/test-classes/org/springframework/data/aerospike/repository/AnnotatedPerson.class], file [/home/aluno/spring-projects/maven/spring-data-aerospike/target/test-classes/org/springframework/data/aerospike/repository/support/SimpleAerospikeRepositoryTest$5.class], file [/home/aluno/spring-projects/maven/spring-data-aerospike/target/test-classes/org/springframework/data/aerospike/repository/support/SimpleAerospikeRepositoryTest$9.class], file [/home/aluno/spring-projects/maven/spring-data-aerospike/target/test-classes/org/springframework/data/aerospike/repository/support/SimpleAerospikeRepositoryTest$4.class], file [/home/aluno/spring-projects/maven/spring-data-aerospike/target/test-classes/org/springframework/data/aerospike/repository/support/AerospikeRepositoryFactoryTest.class], file [/home/aluno/spring-projects/maven/spring-data-aerospike/target/test-classes/org/springframework/data/aerospike/repository/support/SimpleAerospikeRepositoryTest.class], file [/home/aluno/spring-projects/maven/spring-data-aerospike/target/test-classes/org/springframework/data/aerospike/repository/support/SimpleAerospikeRepositoryTest$1.class], file [/home/aluno/spring-projects/maven/spring-data-aerospike/target/test-classes/org/springframework/data/aerospike/repository/support/SimpleAerospikeRepositoryTest$3.class], file [/home/aluno/spring-projects/maven/spring-data-aerospike/target/test-classes/org/springframework/data/aerospike/repository/support/SimpleAerospikeRepositoryTest$8.class], file [/home/aluno/spring-projects/maven/spring-data-aerospike/target/test-classes/org/springframework/data/aerospike/repository/support/SimpleAerospikeRepositoryTest$6.class], file [/home/aluno/spring-projects/maven/spring-data-aerospike/target/test-classes/org/springframework/data/aerospike/repository/support/SimpleAerospikeRepositoryTest$2.class], file [/home/aluno/spring-projects/maven/spring-data-aerospike/target/test-classes/org/springframework/data/aerospike/repository/support/AllTests.class], file [/home/aluno/spring-projects/maven/spring-data-aerospike/target/test-classes/org/springframework/data/aerospike/repository/support/SimpleAerospikeRepositoryTest$7.class], file [/home/aluno/spring-projects/maven/spring-data-aerospike/target/test-classes/org/springframework/data/aerospike/repository/Contact.class], file [/home/aluno/spring-projects/maven/spring-data-aerospike/target/test-classes/org/springframework/data/aerospike/repository/AllTests.class], file [/home/aluno/spring-projects/maven/spring-data-aerospike/target/test-classes/org/springframework/data/aerospike/repository/PersonRepositoryIntegrationTests.class], file [/home/aluno/spring-projects/maven/spring-data-aerospike/target/test-classes/org/springframework/data/aerospike/repository/query/StubParameterAccessor.class], file [/home/aluno/spring-projects/maven/spring-data-aerospike/target/test-classes/org/springframework/data/aerospike/repository/query/AllTests.class], file [/home/aluno/spring-projects/maven/spring-data-aerospike/target/test-classes/org/springframework/data/aerospike/repository/query/AerospikePartTreeQueryTest.class], file [/home/aluno/spring-projects/maven/spring-data-aerospike/target/test-classes/org/springframework/data/aerospike/repository/CustomerRepositoriesIntegrationTests.class], file [/home/aluno/spring-projects/maven/spring-data-aerospike/target/classes/org/springframework/data/aerospike/repository/AerospikeRepository.class], file [/home/aluno/spring-projects/maven/spring-data-aerospike/target/classes/org/springframework/data/aerospike/repository/support/AerospikeRepositoryFactoryBean.class], file [/home/aluno/spring-projects/maven/spring-data-aerospike/target/classes/org/springframework/data/aerospike/repository/support/AerospikeRepositoryFactory$AerospikeQueryLookupStrategy.class], file [/home/aluno/spring-projects/maven/spring-data-aerospike/target/classes/org/springframework/data/aerospike/repository/support/AerospikeRepositoryFactory.class], file [/home/aluno/spring-projects/maven/spring-data-aerospike/target/classes/org/springframework/data/aerospike/repository/support/SimpleAerospikeRepository.class], file [/home/aluno/spring-projects/maven/spring-data-aerospike/target/classes/org/springframework/data/aerospike/repository/config/AerospikeRepositoriesRegistrar.class], file [/home/aluno/spring-projects/maven/spring-data-aerospike/target/classes/org/springframework/data/aerospike/repository/config/EnableAerospikeRepositories.class], file [/home/aluno/spring-projects/maven/spring-data-aerospike/target/classes/org/springframework/data/aerospike/repository/config/AerospikeRepositoriesRegistrar$1.class], file [/home/aluno/spring-projects/maven/spring-data-aerospike/target/classes/org/springframework/data/aerospike/repository/config/AerospikeRepositoriesRegistrar$AerospikeRepositoryConfigurationExtension.class], file [/home/aluno/spring-projects/maven/spring-data-aerospike/target/classes/org/springframework/data/aerospike/repository/query/AerospikeParameterAccessor.class], file [/home/aluno/spring-projects/maven/spring-data-aerospike/target/classes/org/springframework/data/aerospike/repository/query/Query.class], file [/home/aluno/spring-projects/maven/spring-data-aerospike/target/classes/org/springframework/data/aerospike/repository/query/ConvertingParameterAccessor.class], file [/home/aluno/spring-projects/maven/spring-data-aerospike/target/classes/org/springframework/data/aerospike/repository/query/AerospikeQueryCreator$1.class], file [/home/aluno/spring-projects/maven/spring-data-aerospike/target/classes/org/springframework/data/aerospike/repository/query/CriteriaDefinition.class], file [/home/aluno/spring-projects/maven/spring-data-aerospike/target/classes/org/springframework/data/aerospike/repository/query/TextCriteria.class], file [/home/aluno/spring-projects/maven/spring-data-aerospike/target/classes/org/springframework/data/aerospike/repository/query/Criteria.class], file [/home/aluno/spring-projects/maven/spring-data-aerospike/target/classes/org/springframework/data/aerospike/repository/query/AerospikePartTreeQuery.class], file [/home/aluno/spring-projects/maven/spring-data-aerospike/target/classes/org/springframework/data/aerospike/repository/query/AerospikeQueryCreator.class]]
16:37:28.863 [main] DEBUG o.s.d.r.c.RepositoryComponentProvider - Identified candidate component class: file [/home/aluno/spring-projects/maven/spring-data-aerospike/target/test-classes/org/springframework/data/aerospike/repository/PersonRepository.class]
16:37:28.864 [main] DEBUG o.s.d.r.c.RepositoryComponentProvider - Identified candidate component class: file [/home/aluno/spring-projects/maven/spring-data-aerospike/target/test-classes/org/springframework/data/aerospike/repository/ContactRepository.class]
16:37:28.880 [main] DEBUG o.s.core.env.StandardEnvironment - Adding [systemProperties] PropertySource with lowest search precedence
16:37:28.880 [main] DEBUG o.s.core.env.StandardEnvironment - Adding [systemEnvironment] PropertySource with lowest search precedence
16:37:28.880 [main] DEBUG o.s.core.env.StandardEnvironment - Initialized StandardEnvironment with PropertySources [systemProperties,systemEnvironment]
16:37:28.880 [main] DEBUG o.s.c.i.s.PathMatchingResourcePatternResolver - Looking for matching resources in directory tree [/home/aluno/spring-projects/maven/spring-data-aerospike/target/test-classes/org/springframework/data/aerospike/repository]
16:37:28.880 [main] DEBUG o.s.c.i.s.PathMatchingResourcePatternResolver - Searching directory [/home/aluno/spring-projects/maven/spring-data-aerospike/target/test-classes/org/springframework/data/aerospike/repository] for files matching pattern [/home/aluno/spring-projects/maven/spring-data-aerospike/target/test-classes/org/springframework/data/aerospike/repository/**/*ContactRepositoryImpl.class]
16:37:28.880 [main] DEBUG o.s.c.i.s.PathMatchingResourcePatternResolver - Searching directory [/home/aluno/spring-projects/maven/spring-data-aerospike/target/test-classes/org/springframework/data/aerospike/repository/support] for files matching pattern [/home/aluno/spring-projects/maven/spring-data-aerospike/target/test-classes/org/springframework/data/aerospike/repository/**/*ContactRepositoryImpl.class]
16:37:28.881 [main] DEBUG o.s.c.i.s.PathMatchingResourcePatternResolver - Searching directory [/home/aluno/spring-projects/maven/spring-data-aerospike/target/test-classes/org/springframework/data/aerospike/repository/query] for files matching pattern [/home/aluno/spring-projects/maven/spring-data-aerospike/target/test-classes/org/springframework/data/aerospike/repository/**/*ContactRepositoryImpl.class]
16:37:28.881 [main] DEBUG o.s.c.i.s.PathMatchingResourcePatternResolver - Looking for matching resources in directory tree [/home/aluno/spring-projects/maven/spring-data-aerospike/target/classes/org/springframework/data/aerospike/repository]
16:37:28.881 [main] DEBUG o.s.c.i.s.PathMatchingResourcePatternResolver - Searching directory [/home/aluno/spring-projects/maven/spring-data-aerospike/target/classes/org/springframework/data/aerospike/repository] for files matching pattern [/home/aluno/spring-projects/maven/spring-data-aerospike/target/classes/org/springframework/data/aerospike/repository/**/*ContactRepositoryImpl.class]
16:37:28.881 [main] DEBUG o.s.c.i.s.PathMatchingResourcePatternResolver - Searching directory [/home/aluno/spring-projects/maven/spring-data-aerospike/target/classes/org/springframework/data/aerospike/repository/support] for files matching pattern [/home/aluno/spring-projects/maven/spring-data-aerospike/target/classes/org/springframework/data/aerospike/repository/**/*ContactRepositoryImpl.class]
16:37:28.881 [main] DEBUG o.s.c.i.s.PathMatchingResourcePatternResolver - Searching directory [/home/aluno/spring-projects/maven/spring-data-aerospike/target/classes/org/springframework/data/aerospike/repository/config] for files matching pattern [/home/aluno/spring-projects/maven/spring-data-aerospike/target/classes/org/springframework/data/aerospike/repository/**/*ContactRepositoryImpl.class]
16:37:28.881 [main] DEBUG o.s.c.i.s.PathMatchingResourcePatternResolver - Searching directory [/home/aluno/spring-projects/maven/spring-data-aerospike/target/classes/org/springframework/data/aerospike/repository/query] for files matching pattern [/home/aluno/spring-projects/maven/spring-data-aerospike/target/classes/org/springframework/data/aerospike/repository/**/*ContactRepositoryImpl.class]
16:37:28.881 [main] DEBUG o.s.c.i.s.PathMatchingResourcePatternResolver - Resolved location pattern [classpath*:org/springframework/data/aerospike/repository/**/*ContactRepositoryImpl.class] to resources []
16:37:28.881 [main] DEBUG o.s.d.r.c.RepositoryConfigurationDelegate - Spring Data Aerospike - Registering repository: contactRepository - Interface: org.springframework.data.aerospike.repository.ContactRepository - Factory: org.springframework.data.keyvalue.repository.support.KeyValueRepositoryFactoryBean
16:37:28.881 [main] DEBUG o.s.core.env.StandardEnvironment - Adding [systemProperties] PropertySource with lowest search precedence
16:37:28.881 [main] DEBUG o.s.core.env.StandardEnvironment - Adding [systemEnvironment] PropertySource with lowest search precedence
16:37:28.881 [main] DEBUG o.s.core.env.StandardEnvironment - Initialized StandardEnvironment with PropertySources [systemProperties,systemEnvironment]
16:37:28.881 [main] DEBUG o.s.c.i.s.PathMatchingResourcePatternResolver - Looking for matching resources in directory tree [/home/aluno/spring-projects/maven/spring-data-aerospike/target/test-classes/org/springframework/data/aerospike/repository]
16:37:28.881 [main] DEBUG o.s.c.i.s.PathMatchingResourcePatternResolver - Searching directory [/home/aluno/spring-projects/maven/spring-data-aerospike/target/test-classes/org/springframework/data/aerospike/repository] for files matching pattern [/home/aluno/spring-projects/maven/spring-data-aerospike/target/test-classes/org/springframework/data/aerospike/repository/**/*PersonRepositoryImpl.class]
16:37:28.882 [main] DEBUG o.s.c.i.s.PathMatchingResourcePatternResolver - Searching directory [/home/aluno/spring-projects/maven/spring-data-aerospike/target/test-classes/org/springframework/data/aerospike/repository/support] for files matching pattern [/home/aluno/spring-projects/maven/spring-data-aerospike/target/test-classes/org/springframework/data/aerospike/repository/**/*PersonRepositoryImpl.class]
16:37:28.882 [main] DEBUG o.s.c.i.s.PathMatchingResourcePatternResolver - Searching directory [/home/aluno/spring-projects/maven/spring-data-aerospike/target/test-classes/org/springframework/data/aerospike/repository/query] for files matching pattern [/home/aluno/spring-projects/maven/spring-data-aerospike/target/test-classes/org/springframework/data/aerospike/repository/**/*PersonRepositoryImpl.class]
16:37:28.882 [main] DEBUG o.s.c.i.s.PathMatchingResourcePatternResolver - Looking for matching resources in directory tree [/home/aluno/spring-projects/maven/spring-data-aerospike/target/classes/org/springframework/data/aerospike/repository]
16:37:28.882 [main] DEBUG o.s.c.i.s.PathMatchingResourcePatternResolver - Searching directory [/home/aluno/spring-projects/maven/spring-data-aerospike/target/classes/org/springframework/data/aerospike/repository] for files matching pattern [/home/aluno/spring-projects/maven/spring-data-aerospike/target/classes/org/springframework/data/aerospike/repository/**/*PersonRepositoryImpl.class]
16:37:28.882 [main] DEBUG o.s.c.i.s.PathMatchingResourcePatternResolver - Searching directory [/home/aluno/spring-projects/maven/spring-data-aerospike/target/classes/org/springframework/data/aerospike/repository/support] for files matching pattern [/home/aluno/spring-projects/maven/spring-data-aerospike/target/classes/org/springframework/data/aerospike/repository/**/*PersonRepositoryImpl.class]
16:37:28.882 [main] DEBUG o.s.c.i.s.PathMatchingResourcePatternResolver - Searching directory [/home/aluno/spring-projects/maven/spring-data-aerospike/target/classes/org/springframework/data/aerospike/repository/config] for files matching pattern [/home/aluno/spring-projects/maven/spring-data-aerospike/target/classes/org/springframework/data/aerospike/repository/**/*PersonRepositoryImpl.class]
16:37:28.882 [main] DEBUG o.s.c.i.s.PathMatchingResourcePatternResolver - Searching directory [/home/aluno/spring-projects/maven/spring-data-aerospike/target/classes/org/springframework/data/aerospike/repository/query] for files matching pattern [/home/aluno/spring-projects/maven/spring-data-aerospike/target/classes/org/springframework/data/aerospike/repository/**/*PersonRepositoryImpl.class]
16:37:28.882 [main] DEBUG o.s.c.i.s.PathMatchingResourcePatternResolver - Resolved location pattern [classpath*:org/springframework/data/aerospike/repository/**/*PersonRepositoryImpl.class] to resources []
16:37:28.882 [main] DEBUG o.s.d.r.c.RepositoryConfigurationDelegate - Spring Data Aerospike - Registering repository: personRepository - Interface: org.springframework.data.aerospike.repository.PersonRepository - Factory: org.springframework.data.keyvalue.repository.support.KeyValueRepositoryFactoryBean
16:37:28.883 [main] DEBUG o.s.c.a.ConfigurationClassEnhancer - Successfully enhanced org.springframework.data.aerospike.repository.TestConfigPerson; enhanced class name is: org.springframework.data.aerospike.repository.TestConfigPerson$$EnhancerBySpringCGLIB$$3f27a8da
16:37:28.883 [main] DEBUG o.s.c.a.ConfigurationClassPostProcessor - Replacing bean definition 'testConfigPerson' existing class name 'org.springframework.data.aerospike.repository.TestConfigPerson' with enhanced class name 'org.springframework.data.aerospike.repository.TestConfigPerson$$EnhancerBySpringCGLIB$$3f27a8da'
16:37:28.883 [main] DEBUG o.s.b.f.s.DefaultListableBeanFactory - Creating shared instance of singleton bean 'org.springframework.context.annotation.internalAutowiredAnnotationProcessor'
16:37:28.883 [main] DEBUG o.s.b.f.s.DefaultListableBeanFactory - Creating instance of bean 'org.springframework.context.annotation.internalAutowiredAnnotationProcessor'
16:37:28.883 [main] DEBUG o.s.b.f.s.DefaultListableBeanFactory - Eagerly caching bean 'org.springframework.context.annotation.internalAutowiredAnnotationProcessor' to allow for resolving potential circular references
16:37:28.883 [main] DEBUG o.s.b.f.s.DefaultListableBeanFactory - Finished creating instance of bean 'org.springframework.context.annotation.internalAutowiredAnnotationProcessor'
16:37:28.883 [main] DEBUG o.s.b.f.s.DefaultListableBeanFactory - Creating shared instance of singleton bean 'org.springframework.context.annotation.internalRequiredAnnotationProcessor'
16:37:28.883 [main] DEBUG o.s.b.f.s.DefaultListableBeanFactory - Creating instance of bean 'org.springframework.context.annotation.internalRequiredAnnotationProcessor'
16:37:28.883 [main] DEBUG o.s.b.f.s.DefaultListableBeanFactory - Eagerly caching bean 'org.springframework.context.annotation.internalRequiredAnnotationProcessor' to allow for resolving potential circular references
16:37:28.883 [main] DEBUG o.s.b.f.s.DefaultListableBeanFactory - Finished creating instance of bean 'org.springframework.context.annotation.internalRequiredAnnotationProcessor'
16:37:28.883 [main] DEBUG o.s.b.f.s.DefaultListableBeanFactory - Creating shared instance of singleton bean 'org.springframework.context.annotation.internalCommonAnnotationProcessor'
16:37:28.883 [main] DEBUG o.s.b.f.s.DefaultListableBeanFactory - Creating instance of bean 'org.springframework.context.annotation.internalCommonAnnotationProcessor'
16:37:28.883 [main] DEBUG o.s.b.f.s.DefaultListableBeanFactory - Eagerly caching bean 'org.springframework.context.annotation.internalCommonAnnotationProcessor' to allow for resolving potential circular references
16:37:28.883 [main] DEBUG o.s.b.f.s.DefaultListableBeanFactory - Finished creating instance of bean 'org.springframework.context.annotation.internalCommonAnnotationProcessor'
16:37:28.883 [main] DEBUG o.s.b.f.s.DefaultListableBeanFactory - Creating shared instance of singleton bean 'org.springframework.context.annotation.ConfigurationClassPostProcessor.importAwareProcessor'
16:37:28.883 [main] DEBUG o.s.b.f.s.DefaultListableBeanFactory - Creating instance of bean 'org.springframework.context.annotation.ConfigurationClassPostProcessor.importAwareProcessor'
16:37:28.883 [main] DEBUG o.s.b.f.s.DefaultListableBeanFactory - Eagerly caching bean 'org.springframework.context.annotation.ConfigurationClassPostProcessor.importAwareProcessor' to allow for resolving potential circular references
16:37:28.883 [main] DEBUG o.s.b.f.s.DefaultListableBeanFactory - Finished creating instance of bean 'org.springframework.context.annotation.ConfigurationClassPostProcessor.importAwareProcessor'
16:37:28.883 [main] DEBUG o.s.b.f.s.DefaultListableBeanFactory - Creating shared instance of singleton bean 'org.springframework.context.annotation.ConfigurationClassPostProcessor.enhancedConfigurationProcessor'
16:37:28.884 [main] DEBUG o.s.b.f.s.DefaultListableBeanFactory - Creating instance of bean 'org.springframework.context.annotation.ConfigurationClassPostProcessor.enhancedConfigurationProcessor'
16:37:28.884 [main] DEBUG o.s.b.f.s.DefaultListableBeanFactory - Eagerly caching bean 'org.springframework.context.annotation.ConfigurationClassPostProcessor.enhancedConfigurationProcessor' to allow for resolving potential circular references
16:37:28.884 [main] DEBUG o.s.b.f.s.DefaultListableBeanFactory - Finished creating instance of bean 'org.springframework.context.annotation.ConfigurationClassPostProcessor.enhancedConfigurationProcessor'
16:37:28.884 [main] DEBUG o.s.b.f.s.DefaultListableBeanFactory - Creating shared instance of singleton bean 'org.springframework.data.repository.core.support.RepositoryInterfaceAwareBeanPostProcessor'
16:37:28.884 [main] DEBUG o.s.b.f.s.DefaultListableBeanFactory - Creating instance of bean 'org.springframework.data.repository.core.support.RepositoryInterfaceAwareBeanPostProcessor'
16:37:28.884 [main] DEBUG o.s.b.f.s.DefaultListableBeanFactory - Eagerly caching bean 'org.springframework.data.repository.core.support.RepositoryInterfaceAwareBeanPostProcessor' to allow for resolving potential circular references
16:37:28.884 [main] DEBUG o.s.b.f.s.DefaultListableBeanFactory - Finished creating instance of bean 'org.springframework.data.repository.core.support.RepositoryInterfaceAwareBeanPostProcessor'
16:37:28.884 [main] DEBUG o.s.c.s.GenericApplicationContext - Unable to locate MessageSource with name 'messageSource': using default [org.springframework.context.support.DelegatingMessageSource@1a28b346]
16:37:28.884 [main] DEBUG o.s.c.s.GenericApplicationContext - Unable to locate ApplicationEventMulticaster with name 'applicationEventMulticaster': using default [org.springframework.context.event.SimpleApplicationEventMulticaster@25e49cb2]
16:37:28.884 [main] DEBUG o.s.b.f.s.DefaultListableBeanFactory - Pre-instantiating singletons in org.springframework.beans.factory.support.DefaultListableBeanFactory@70331432: defining beans [org.springframework.context.annotation.internalConfigurationAnnotationProcessor,org.springframework.context.annotation.internalAutowiredAnnotationProcessor,org.springframework.context.annotation.internalRequiredAnnotationProcessor,org.springframework.context.annotation.internalCommonAnnotationProcessor,testConfigPerson,org.springframework.context.annotation.ConfigurationClassPostProcessor.importAwareProcessor,org.springframework.context.annotation.ConfigurationClassPostProcessor.enhancedConfigurationProcessor,aerospikeTemplate,aerospikeClient,org.springframework.data.aerospike.repository.config.AerospikeRepositoriesRegistrar$AerospikeRepositoryConfigurationExtension#0,org.springframework.data.repository.core.support.RepositoryInterfaceAwareBeanPostProcessor,keyValueMappingContext,contactRepository,personRepository]; root of factory hierarchy
16:37:28.884 [main] DEBUG o.s.b.f.s.DefaultListableBeanFactory - Returning cached instance of singleton bean 'org.springframework.context.annotation.internalConfigurationAnnotationProcessor'
16:37:28.884 [main] DEBUG o.s.b.f.s.DefaultListableBeanFactory - Returning cached instance of singleton bean 'org.springframework.context.annotation.internalAutowiredAnnotationProcessor'
16:37:28.884 [main] DEBUG o.s.b.f.s.DefaultListableBeanFactory - Returning cached instance of singleton bean 'org.springframework.context.annotation.internalRequiredAnnotationProcessor'
16:37:28.884 [main] DEBUG o.s.b.f.s.DefaultListableBeanFactory - Returning cached instance of singleton bean 'org.springframework.context.annotation.internalCommonAnnotationProcessor'
16:37:28.884 [main] DEBUG o.s.b.f.s.DefaultListableBeanFactory - Creating shared instance of singleton bean 'testConfigPerson'
16:37:28.884 [main] DEBUG o.s.b.f.s.DefaultListableBeanFactory - Creating instance of bean 'testConfigPerson'
16:37:28.884 [main] DEBUG o.s.b.f.s.DefaultListableBeanFactory - Eagerly caching bean 'testConfigPerson' to allow for resolving potential circular references
16:37:28.884 [main] DEBUG o.s.b.f.s.DefaultListableBeanFactory - Finished creating instance of bean 'testConfigPerson'
16:37:28.884 [main] DEBUG o.s.b.f.s.DefaultListableBeanFactory - Returning cached instance of singleton bean 'org.springframework.context.annotation.ConfigurationClassPostProcessor.importAwareProcessor'
16:37:28.884 [main] DEBUG o.s.b.f.s.DefaultListableBeanFactory - Returning cached instance of singleton bean 'org.springframework.context.annotation.ConfigurationClassPostProcessor.enhancedConfigurationProcessor'
16:37:28.884 [main] DEBUG o.s.b.f.s.DefaultListableBeanFactory - Creating shared instance of singleton bean 'aerospikeTemplate'
16:37:28.884 [main] DEBUG o.s.b.f.s.DefaultListableBeanFactory - Creating instance of bean 'aerospikeTemplate'
16:37:28.884 [main] DEBUG o.s.b.f.s.DefaultListableBeanFactory - Returning cached instance of singleton bean 'testConfigPerson'
16:37:28.884 [main] DEBUG o.s.b.f.s.DefaultListableBeanFactory - Creating shared instance of singleton bean 'aerospikeClient'
16:37:28.884 [main] DEBUG o.s.b.f.s.DefaultListableBeanFactory - Creating instance of bean 'aerospikeClient'
16:37:28.884 [main] DEBUG o.s.b.f.s.DefaultListableBeanFactory - Returning cached instance of singleton bean 'testConfigPerson'
16:37:30.886 [main] DEBUG o.s.d.a.r.q.AerospikeQueryCreator - AS:Alias 52.41.32.83:3000 failed: Error Code 11: java.net.SocketTimeoutException: connect timed out
16:37:30.886 [main] WARN  o.s.d.a.r.q.AerospikeQueryCreator - AS:Seed 52.41.32.83:3000 failed: Error Code 11: java.net.SocketTimeoutException: connect timed out
16:37:30.888 [main] WARN  o.s.c.s.GenericApplicationContext - Exception encountered during context initialization - cancelling refresh attempt
org.springframework.beans.factory.BeanCreationException: Error creating bean with name 'aerospikeTemplate' defined in org.springframework.data.aerospike.repository.TestConfigPerson: Bean instantiation via factory method failed; nested exception is org.springframework.beans.BeanInstantiationException: Failed to instantiate [org.springframework.data.aerospike.core.AerospikeTemplate]: Factory method 'aerospikeTemplate' threw exception; nested exception is org.springframework.beans.factory.BeanCreationException: Error creating bean with name 'aerospikeClient' defined in org.springframework.data.aerospike.repository.TestConfigPerson: Bean instantiation via factory method failed; nested exception is org.springframework.beans.BeanInstantiationException: Failed to instantiate [com.aerospike.client.AerospikeClient]: Factory method 'aerospikeClient' threw exception; nested exception is com.aerospike.client.AerospikeException$Connection: Error Code 11: Failed to connect to host(s): 
52.41.32.83:3000 Error Code 11: java.net.SocketTimeoutException: connect timed out

	at org.springframework.beans.factory.support.ConstructorResolver.instantiateUsingFactoryMethod(ConstructorResolver.java:599) ~[spring-beans-4.1.7.RELEASE.jar:4.1.7.RELEASE]
	at org.springframework.beans.factory.support.AbstractAutowireCapableBeanFactory.instantiateUsingFactoryMethod(AbstractAutowireCapableBeanFactory.java:1119) ~[spring-beans-4.1.7.RELEASE.jar:4.1.7.RELEASE]
	at org.springframework.beans.factory.support.AbstractAutowireCapableBeanFactory.createBeanInstance(AbstractAutowireCapableBeanFactory.java:1014) ~[spring-beans-4.1.7.RELEASE.jar:4.1.7.RELEASE]
	at org.springframework.beans.factory.support.AbstractAutowireCapableBeanFactory.doCreateBean(AbstractAutowireCapableBeanFactory.java:504) ~[spring-beans-4.1.7.RELEASE.jar:4.1.7.RELEASE]
	at org.springframework.beans.factory.support.AbstractAutowireCapableBeanFactory.createBean(AbstractAutowireCapableBeanFactory.java:476) ~[spring-beans-4.1.7.RELEASE.jar:4.1.7.RELEASE]
	at org.springframework.beans.factory.support.AbstractBeanFactory$1.getObject(AbstractBeanFactory.java:303) ~[spring-beans-4.1.7.RELEASE.jar:4.1.7.RELEASE]
	at org.springframework.beans.factory.support.DefaultSingletonBeanRegistry.getSingleton(DefaultSingletonBeanRegistry.java:230) ~[spring-beans-4.1.7.RELEASE.jar:4.1.7.RELEASE]
	at org.springframework.beans.factory.support.AbstractBeanFactory.doGetBean(AbstractBeanFactory.java:299) ~[spring-beans-4.1.7.RELEASE.jar:4.1.7.RELEASE]
	at org.springframework.beans.factory.support.AbstractBeanFactory.getBean(AbstractBeanFactory.java:194) ~[spring-beans-4.1.7.RELEASE.jar:4.1.7.RELEASE]
	at org.springframework.beans.factory.support.DefaultListableBeanFactory.preInstantiateSingletons(DefaultListableBeanFactory.java:755) ~[spring-beans-4.1.7.RELEASE.jar:4.1.7.RELEASE]
	at org.springframework.context.support.AbstractApplicationContext.finishBeanFactoryInitialization(AbstractApplicationContext.java:757) ~[spring-context-4.1.7.RELEASE.jar:4.1.7.RELEASE]
	at org.springframework.context.support.AbstractApplicationContext.refresh(AbstractApplicationContext.java:480) ~[spring-context-4.1.7.RELEASE.jar:4.1.7.RELEASE]
	at org.springframework.test.context.support.AbstractGenericContextLoader.loadContext(AbstractGenericContextLoader.java:125) [spring-test-4.1.7.RELEASE.jar:4.1.7.RELEASE]
	at org.springframework.test.context.support.AbstractGenericContextLoader.loadContext(AbstractGenericContextLoader.java:60) [spring-test-4.1.7.RELEASE.jar:4.1.7.RELEASE]
	at org.springframework.test.context.support.AbstractDelegatingSmartContextLoader.delegateLoading(AbstractDelegatingSmartContextLoader.java:109) [spring-test-4.1.7.RELEASE.jar:4.1.7.RELEASE]
	at org.springframework.test.context.support.AbstractDelegatingSmartContextLoader.loadContext(AbstractDelegatingSmartContextLoader.java:261) [spring-test-4.1.7.RELEASE.jar:4.1.7.RELEASE]
	at org.springframework.test.context.DefaultCacheAwareContextLoaderDelegate.loadContextInternal(DefaultCacheAwareContextLoaderDelegate.java:68) [spring-test-4.1.7.RELEASE.jar:4.1.7.RELEASE]
	at org.springframework.test.context.DefaultCacheAwareContextLoaderDelegate.loadContext(DefaultCacheAwareContextLoaderDelegate.java:86) [spring-test-4.1.7.RELEASE.jar:4.1.7.RELEASE]
	at org.springframework.test.context.DefaultTestContext.getApplicationContext(DefaultTestContext.java:72) [spring-test-4.1.7.RELEASE.jar:4.1.7.RELEASE]
	at org.springframework.test.context.support.DependencyInjectionTestExecutionListener.injectDependencies(DependencyInjectionTestExecutionListener.java:117) [spring-test-4.1.7.RELEASE.jar:4.1.7.RELEASE]
	at org.springframework.test.context.support.DependencyInjectionTestExecutionListener.prepareTestInstance(DependencyInjectionTestExecutionListener.java:83) [spring-test-4.1.7.RELEASE.jar:4.1.7.RELEASE]
	at org.springframework.test.context.TestContextManager.prepareTestInstance(TestContextManager.java:212) [spring-test-4.1.7.RELEASE.jar:4.1.7.RELEASE]
	at org.springframework.test.context.junit4.SpringJUnit4ClassRunner.createTest(SpringJUnit4ClassRunner.java:200) [spring-test-4.1.7.RELEASE.jar:4.1.7.RELEASE]
	at org.springframework.test.context.junit4.SpringJUnit4ClassRunner$1.runReflectiveCall(SpringJUnit4ClassRunner.java:259) [spring-test-4.1.7.RELEASE.jar:4.1.7.RELEASE]
	at org.junit.internal.runners.model.ReflectiveCallable.run(ReflectiveCallable.java:12) [junit-4.12.jar:4.12]
	at org.springframework.test.context.junit4.SpringJUnit4ClassRunner.methodBlock(SpringJUnit4ClassRunner.java:261) [spring-test-4.1.7.RELEASE.jar:4.1.7.RELEASE]
	at org.springframework.test.context.junit4.SpringJUnit4ClassRunner.runChild(SpringJUnit4ClassRunner.java:219) [spring-test-4.1.7.RELEASE.jar:4.1.7.RELEASE]
	at org.springframework.test.context.junit4.SpringJUnit4ClassRunner.runChild(SpringJUnit4ClassRunner.java:83) [spring-test-4.1.7.RELEASE.jar:4.1.7.RELEASE]
	at org.junit.runners.ParentRunner$3.run(ParentRunner.java:290) [junit-4.12.jar:4.12]
	at org.junit.runners.ParentRunner$1.schedule(ParentRunner.java:71) [junit-4.12.jar:4.12]
	at org.junit.runners.ParentRunner.runChildren(ParentRunner.java:288) [junit-4.12.jar:4.12]
	at org.junit.runners.ParentRunner.access$000(ParentRunner.java:58) [junit-4.12.jar:4.12]
	at org.junit.runners.ParentRunner$2.evaluate(ParentRunner.java:268) [junit-4.12.jar:4.12]
	at org.springframework.test.context.junit4.statements.RunBeforeTestClassCallbacks.evaluate(RunBeforeTestClassCallbacks.java:61) [spring-test-4.1.7.RELEASE.jar:4.1.7.RELEASE]
	at org.springframework.test.context.junit4.statements.RunAfterTestClassCallbacks.evaluate(RunAfterTestClassCallbacks.java:68) [spring-test-4.1.7.RELEASE.jar:4.1.7.RELEASE]
	at org.junit.runners.ParentRunner.run(ParentRunner.java:363) [junit-4.12.jar:4.12]
	at org.springframework.test.context.junit4.SpringJUnit4ClassRunner.run(SpringJUnit4ClassRunner.java:163) [spring-test-4.1.7.RELEASE.jar:4.1.7.RELEASE]
	at org.junit.runners.Suite.runChild(Suite.java:128) [junit-4.12.jar:4.12]
	at org.junit.runners.Suite.runChild(Suite.java:27) [junit-4.12.jar:4.12]
	at org.junit.runners.ParentRunner$3.run(ParentRunner.java:290) [junit-4.12.jar:4.12]
	at org.junit.runners.ParentRunner$1.schedule(ParentRunner.java:71) [junit-4.12.jar:4.12]
	at org.junit.runners.ParentRunner.runChildren(ParentRunner.java:288) [junit-4.12.jar:4.12]
	at org.junit.runners.ParentRunner.access$000(ParentRunner.java:58) [junit-4.12.jar:4.12]
	at org.junit.runners.ParentRunner$2.evaluate(ParentRunner.java:268) [junit-4.12.jar:4.12]
	at org.junit.runners.ParentRunner.run(ParentRunner.java:363) [junit-4.12.jar:4.12]
	at org.apache.maven.surefire.junit4.JUnit4Provider.execute(JUnit4Provider.java:283) [surefire-junit4-2.18.1.jar:2.18.1]
	at org.apache.maven.surefire.junit4.JUnit4Provider.executeWithRerun(JUnit4Provider.java:173) [surefire-junit4-2.18.1.jar:2.18.1]
	at org.apache.maven.surefire.junit4.JUnit4Provider.executeTestSet(JUnit4Provider.java:153) [surefire-junit4-2.18.1.jar:2.18.1]
	at org.apache.maven.surefire.junit4.JUnit4Provider.invoke(JUnit4Provider.java:128) [surefire-junit4-2.18.1.jar:2.18.1]
	at org.apache.maven.surefire.booter.ForkedBooter.invokeProviderInSameClassLoader(ForkedBooter.java:203) [surefire-booter-2.18.1.jar:2.18.1]
	at org.apache.maven.surefire.booter.ForkedBooter.runSuitesInProcess(ForkedBooter.java:155) [surefire-booter-2.18.1.jar:2.18.1]
	at org.apache.maven.surefire.booter.ForkedBooter.main(ForkedBooter.java:103) [surefire-booter-2.18.1.jar:2.18.1]
Caused by: org.springframework.beans.BeanInstantiationException: Failed to instantiate [org.springframework.data.aerospike.core.AerospikeTemplate]: Factory method 'aerospikeTemplate' threw exception; nested exception is org.springframework.beans.factory.BeanCreationException: Error creating bean with name 'aerospikeClient' defined in org.springframework.data.aerospike.repository.TestConfigPerson: Bean instantiation via factory method failed; nested exception is org.springframework.beans.BeanInstantiationException: Failed to instantiate [com.aerospike.client.AerospikeClient]: Factory method 'aerospikeClient' threw exception; nested exception is com.aerospike.client.AerospikeException$Connection: Error Code 11: Failed to connect to host(s): 
52.41.32.83:3000 Error Code 11: java.net.SocketTimeoutException: connect timed out

	at org.springframework.beans.factory.support.SimpleInstantiationStrategy.instantiate(SimpleInstantiationStrategy.java:189) ~[spring-beans-4.1.7.RELEASE.jar:4.1.7.RELEASE]
	at org.springframework.beans.factory.support.ConstructorResolver.instantiateUsingFactoryMethod(ConstructorResolver.java:588) ~[spring-beans-4.1.7.RELEASE.jar:4.1.7.RELEASE]
	... 51 common frames omitted
Caused by: org.springframework.beans.factory.BeanCreationException: Error creating bean with name 'aerospikeClient' defined in org.springframework.data.aerospike.repository.TestConfigPerson: Bean instantiation via factory method failed; nested exception is org.springframework.beans.BeanInstantiationException: Failed to instantiate [com.aerospike.client.AerospikeClient]: Factory method 'aerospikeClient' threw exception; nested exception is com.aerospike.client.AerospikeException$Connection: Error Code 11: Failed to connect to host(s): 
52.41.32.83:3000 Error Code 11: java.net.SocketTimeoutException: connect timed out

	at org.springframework.beans.factory.support.ConstructorResolver.instantiateUsingFactoryMethod(ConstructorResolver.java:599) ~[spring-beans-4.1.7.RELEASE.jar:4.1.7.RELEASE]
	at org.springframework.beans.factory.support.AbstractAutowireCapableBeanFactory.instantiateUsingFactoryMethod(AbstractAutowireCapableBeanFactory.java:1119) ~[spring-beans-4.1.7.RELEASE.jar:4.1.7.RELEASE]
	at org.springframework.beans.factory.support.AbstractAutowireCapableBeanFactory.createBeanInstance(AbstractAutowireCapableBeanFactory.java:1014) ~[spring-beans-4.1.7.RELEASE.jar:4.1.7.RELEASE]
	at org.springframework.beans.factory.support.AbstractAutowireCapableBeanFactory.doCreateBean(AbstractAutowireCapableBeanFactory.java:504) ~[spring-beans-4.1.7.RELEASE.jar:4.1.7.RELEASE]
	at org.springframework.beans.factory.support.AbstractAutowireCapableBeanFactory.createBean(AbstractAutowireCapableBeanFactory.java:476) ~[spring-beans-4.1.7.RELEASE.jar:4.1.7.RELEASE]
	at org.springframework.beans.factory.support.AbstractBeanFactory$1.getObject(AbstractBeanFactory.java:303) ~[spring-beans-4.1.7.RELEASE.jar:4.1.7.RELEASE]
	at org.springframework.beans.factory.support.DefaultSingletonBeanRegistry.getSingleton(DefaultSingletonBeanRegistry.java:230) ~[spring-beans-4.1.7.RELEASE.jar:4.1.7.RELEASE]
	at org.springframework.beans.factory.support.AbstractBeanFactory.doGetBean(AbstractBeanFactory.java:299) ~[spring-beans-4.1.7.RELEASE.jar:4.1.7.RELEASE]
	at org.springframework.beans.factory.support.AbstractBeanFactory.getBean(AbstractBeanFactory.java:194) ~[spring-beans-4.1.7.RELEASE.jar:4.1.7.RELEASE]
	at org.springframework.context.annotation.ConfigurationClassEnhancer$BeanMethodInterceptor.intercept(ConfigurationClassEnhancer.java:322) ~[spring-context-4.1.7.RELEASE.jar:4.1.7.RELEASE]
	at org.springframework.data.aerospike.repository.TestConfigPerson$$EnhancerBySpringCGLIB$$3f27a8da.aerospikeClient(<generated>) ~[spring-core-4.1.7.RELEASE.jar:na]
	at org.springframework.data.aerospike.repository.TestConfigPerson.aerospikeTemplate(TestConfigPerson.java:38) ~[test-classes/:na]
	at org.springframework.data.aerospike.repository.TestConfigPerson$$EnhancerBySpringCGLIB$$3f27a8da.CGLIB$aerospikeTemplate$0(<generated>) ~[spring-core-4.1.7.RELEASE.jar:na]
	at org.springframework.data.aerospike.repository.TestConfigPerson$$EnhancerBySpringCGLIB$$3f27a8da$$FastClassBySpringCGLIB$$38965c5e.invoke(<generated>) ~[spring-core-4.1.7.RELEASE.jar:na]
	at org.springframework.cglib.proxy.MethodProxy.invokeSuper(MethodProxy.java:228) ~[spring-core-4.1.7.RELEASE.jar:4.1.7.RELEASE]
	at org.springframework.context.annotation.ConfigurationClassEnhancer$BeanMethodInterceptor.intercept(ConfigurationClassEnhancer.java:309) ~[spring-context-4.1.7.RELEASE.jar:4.1.7.RELEASE]
	at org.springframework.data.aerospike.repository.TestConfigPerson$$EnhancerBySpringCGLIB$$3f27a8da.aerospikeTemplate(<generated>) ~[spring-core-4.1.7.RELEASE.jar:na]
	at sun.reflect.NativeMethodAccessorImpl.invoke0(Native Method) ~[na:1.8.0_91]
	at sun.reflect.NativeMethodAccessorImpl.invoke(NativeMethodAccessorImpl.java:62) ~[na:1.8.0_91]
	at sun.reflect.DelegatingMethodAccessorImpl.invoke(DelegatingMethodAccessorImpl.java:43) ~[na:1.8.0_91]
	at java.lang.reflect.Method.invoke(Method.java:498) ~[na:1.8.0_91]
	at org.springframework.beans.factory.support.SimpleInstantiationStrategy.instantiate(SimpleInstantiationStrategy.java:162) ~[spring-beans-4.1.7.RELEASE.jar:4.1.7.RELEASE]
	... 52 common frames omitted
Caused by: org.springframework.beans.BeanInstantiationException: Failed to instantiate [com.aerospike.client.AerospikeClient]: Factory method 'aerospikeClient' threw exception; nested exception is com.aerospike.client.AerospikeException$Connection: Error Code 11: Failed to connect to host(s): 
52.41.32.83:3000 Error Code 11: java.net.SocketTimeoutException: connect timed out

	at org.springframework.beans.factory.support.SimpleInstantiationStrategy.instantiate(SimpleInstantiationStrategy.java:189) ~[spring-beans-4.1.7.RELEASE.jar:4.1.7.RELEASE]
	at org.springframework.beans.factory.support.ConstructorResolver.instantiateUsingFactoryMethod(ConstructorResolver.java:588) ~[spring-beans-4.1.7.RELEASE.jar:4.1.7.RELEASE]
	... 73 common frames omitted
Caused by: com.aerospike.client.AerospikeException$Connection: Error Code 11: Failed to connect to host(s): 
52.41.32.83:3000 Error Code 11: java.net.SocketTimeoutException: connect timed out

	at com.aerospike.client.cluster.Cluster.seedNodes(Cluster.java:386) ~[aerospike-client-3.2.3.jar:na]
	at com.aerospike.client.cluster.Cluster.tend(Cluster.java:273) ~[aerospike-client-3.2.3.jar:na]
	at com.aerospike.client.cluster.Cluster.waitTillStabilized(Cluster.java:238) ~[aerospike-client-3.2.3.jar:na]
	at com.aerospike.client.cluster.Cluster.initTendThread(Cluster.java:148) ~[aerospike-client-3.2.3.jar:na]
	at com.aerospike.client.AerospikeClient.<init>(AerospikeClient.java:209) ~[aerospike-client-3.2.3.jar:na]
	at com.aerospike.client.AerospikeClient.<init>(AerospikeClient.java:173) ~[aerospike-client-3.2.3.jar:na]
	at org.springframework.data.aerospike.repository.TestConfigPerson.aerospikeClient(TestConfigPerson.java:32) ~[test-classes/:na]
	at org.springframework.data.aerospike.repository.TestConfigPerson$$EnhancerBySpringCGLIB$$3f27a8da.CGLIB$aerospikeClient$1(<generated>) ~[spring-core-4.1.7.RELEASE.jar:na]
	at org.springframework.data.aerospike.repository.TestConfigPerson$$EnhancerBySpringCGLIB$$3f27a8da$$FastClassBySpringCGLIB$$38965c5e.invoke(<generated>) ~[spring-core-4.1.7.RELEASE.jar:na]
	at org.springframework.cglib.proxy.MethodProxy.invokeSuper(MethodProxy.java:228) ~[spring-core-4.1.7.RELEASE.jar:4.1.7.RELEASE]
	at org.springframework.context.annotation.ConfigurationClassEnhancer$BeanMethodInterceptor.intercept(ConfigurationClassEnhancer.java:309) ~[spring-context-4.1.7.RELEASE.jar:4.1.7.RELEASE]
	at org.springframework.data.aerospike.repository.TestConfigPerson$$EnhancerBySpringCGLIB$$3f27a8da.aerospikeClient(<generated>) ~[spring-core-4.1.7.RELEASE.jar:na]
	at sun.reflect.NativeMethodAccessorImpl.invoke0(Native Method) ~[na:1.8.0_91]
	at sun.reflect.NativeMethodAccessorImpl.invoke(NativeMethodAccessorImpl.java:62) ~[na:1.8.0_91]
	at sun.reflect.DelegatingMethodAccessorImpl.invoke(DelegatingMethodAccessorImpl.java:43) ~[na:1.8.0_91]
	at java.lang.reflect.Method.invoke(Method.java:498) ~[na:1.8.0_91]
	at org.springframework.beans.factory.support.SimpleInstantiationStrategy.instantiate(SimpleInstantiationStrategy.java:162) ~[spring-beans-4.1.7.RELEASE.jar:4.1.7.RELEASE]
	... 74 common frames omitted
16:37:30.888 [main] DEBUG o.s.b.f.s.DefaultListableBeanFactory - Destroying singletons in org.springframework.beans.factory.support.DefaultListableBeanFactory@70331432: defining beans [org.springframework.context.annotation.internalConfigurationAnnotationProcessor,org.springframework.context.annotation.internalAutowiredAnnotationProcessor,org.springframework.context.annotation.internalRequiredAnnotationProcessor,org.springframework.context.annotation.internalCommonAnnotationProcessor,testConfigPerson,org.springframework.context.annotation.ConfigurationClassPostProcessor.importAwareProcessor,org.springframework.context.annotation.ConfigurationClassPostProcessor.enhancedConfigurationProcessor,aerospikeTemplate,aerospikeClient,org.springframework.data.aerospike.repository.config.AerospikeRepositoriesRegistrar$AerospikeRepositoryConfigurationExtension#0,org.springframework.data.repository.core.support.RepositoryInterfaceAwareBeanPostProcessor,keyValueMappingContext,contactRepository,personRepository]; root of factory hierarchy
16:37:30.889 [main] ERROR o.s.test.context.TestContextManager - Caught exception while allowing TestExecutionListener [org.springframework.test.context.support.DependencyInjectionTestExecutionListener@48e7b3d2] to prepare test instance [org.springframework.data.aerospike.repository.PersonRepositoryIntegrationTests@6a282fdd]
java.lang.IllegalStateException: Failed to load ApplicationContext
	at org.springframework.test.context.DefaultCacheAwareContextLoaderDelegate.loadContext(DefaultCacheAwareContextLoaderDelegate.java:94) ~[spring-test-4.1.7.RELEASE.jar:4.1.7.RELEASE]
	at org.springframework.test.context.DefaultTestContext.getApplicationContext(DefaultTestContext.java:72) ~[spring-test-4.1.7.RELEASE.jar:4.1.7.RELEASE]
	at org.springframework.test.context.support.DependencyInjectionTestExecutionListener.injectDependencies(DependencyInjectionTestExecutionListener.java:117) ~[spring-test-4.1.7.RELEASE.jar:4.1.7.RELEASE]
	at org.springframework.test.context.support.DependencyInjectionTestExecutionListener.prepareTestInstance(DependencyInjectionTestExecutionListener.java:83) ~[spring-test-4.1.7.RELEASE.jar:4.1.7.RELEASE]
	at org.springframework.test.context.TestContextManager.prepareTestInstance(TestContextManager.java:212) ~[spring-test-4.1.7.RELEASE.jar:4.1.7.RELEASE]
	at org.springframework.test.context.junit4.SpringJUnit4ClassRunner.createTest(SpringJUnit4ClassRunner.java:200) [spring-test-4.1.7.RELEASE.jar:4.1.7.RELEASE]
	at org.springframework.test.context.junit4.SpringJUnit4ClassRunner$1.runReflectiveCall(SpringJUnit4ClassRunner.java:259) [spring-test-4.1.7.RELEASE.jar:4.1.7.RELEASE]
	at org.junit.internal.runners.model.ReflectiveCallable.run(ReflectiveCallable.java:12) [junit-4.12.jar:4.12]
	at org.springframework.test.context.junit4.SpringJUnit4ClassRunner.methodBlock(SpringJUnit4ClassRunner.java:261) [spring-test-4.1.7.RELEASE.jar:4.1.7.RELEASE]
	at org.springframework.test.context.junit4.SpringJUnit4ClassRunner.runChild(SpringJUnit4ClassRunner.java:219) [spring-test-4.1.7.RELEASE.jar:4.1.7.RELEASE]
	at org.springframework.test.context.junit4.SpringJUnit4ClassRunner.runChild(SpringJUnit4ClassRunner.java:83) [spring-test-4.1.7.RELEASE.jar:4.1.7.RELEASE]
	at org.junit.runners.ParentRunner$3.run(ParentRunner.java:290) [junit-4.12.jar:4.12]
	at org.junit.runners.ParentRunner$1.schedule(ParentRunner.java:71) [junit-4.12.jar:4.12]
	at org.junit.runners.ParentRunner.runChildren(ParentRunner.java:288) [junit-4.12.jar:4.12]
	at org.junit.runners.ParentRunner.access$000(ParentRunner.java:58) [junit-4.12.jar:4.12]
	at org.junit.runners.ParentRunner$2.evaluate(ParentRunner.java:268) [junit-4.12.jar:4.12]
	at org.springframework.test.context.junit4.statements.RunBeforeTestClassCallbacks.evaluate(RunBeforeTestClassCallbacks.java:61) [spring-test-4.1.7.RELEASE.jar:4.1.7.RELEASE]
	at org.springframework.test.context.junit4.statements.RunAfterTestClassCallbacks.evaluate(RunAfterTestClassCallbacks.java:68) [spring-test-4.1.7.RELEASE.jar:4.1.7.RELEASE]
	at org.junit.runners.ParentRunner.run(ParentRunner.java:363) [junit-4.12.jar:4.12]
	at org.springframework.test.context.junit4.SpringJUnit4ClassRunner.run(SpringJUnit4ClassRunner.java:163) [spring-test-4.1.7.RELEASE.jar:4.1.7.RELEASE]
	at org.junit.runners.Suite.runChild(Suite.java:128) [junit-4.12.jar:4.12]
	at org.junit.runners.Suite.runChild(Suite.java:27) [junit-4.12.jar:4.12]
	at org.junit.runners.ParentRunner$3.run(ParentRunner.java:290) [junit-4.12.jar:4.12]
	at org.junit.runners.ParentRunner$1.schedule(ParentRunner.java:71) [junit-4.12.jar:4.12]
	at org.junit.runners.ParentRunner.runChildren(ParentRunner.java:288) [junit-4.12.jar:4.12]
	at org.junit.runners.ParentRunner.access$000(ParentRunner.java:58) [junit-4.12.jar:4.12]
	at org.junit.runners.ParentRunner$2.evaluate(ParentRunner.java:268) [junit-4.12.jar:4.12]
	at org.junit.runners.ParentRunner.run(ParentRunner.java:363) [junit-4.12.jar:4.12]
	at org.apache.maven.surefire.junit4.JUnit4Provider.execute(JUnit4Provider.java:283) [surefire-junit4-2.18.1.jar:2.18.1]
	at org.apache.maven.surefire.junit4.JUnit4Provider.executeWithRerun(JUnit4Provider.java:173) [surefire-junit4-2.18.1.jar:2.18.1]
	at org.apache.maven.surefire.junit4.JUnit4Provider.executeTestSet(JUnit4Provider.java:153) [surefire-junit4-2.18.1.jar:2.18.1]
	at org.apache.maven.surefire.junit4.JUnit4Provider.invoke(JUnit4Provider.java:128) [surefire-junit4-2.18.1.jar:2.18.1]
	at org.apache.maven.surefire.booter.ForkedBooter.invokeProviderInSameClassLoader(ForkedBooter.java:203) [surefire-booter-2.18.1.jar:2.18.1]
	at org.apache.maven.surefire.booter.ForkedBooter.runSuitesInProcess(ForkedBooter.java:155) [surefire-booter-2.18.1.jar:2.18.1]
	at org.apache.maven.surefire.booter.ForkedBooter.main(ForkedBooter.java:103) [surefire-booter-2.18.1.jar:2.18.1]
Caused by: org.springframework.beans.factory.BeanCreationException: Error creating bean with name 'aerospikeTemplate' defined in org.springframework.data.aerospike.repository.TestConfigPerson: Bean instantiation via factory method failed; nested exception is org.springframework.beans.BeanInstantiationException: Failed to instantiate [org.springframework.data.aerospike.core.AerospikeTemplate]: Factory method 'aerospikeTemplate' threw exception; nested exception is org.springframework.beans.factory.BeanCreationException: Error creating bean with name 'aerospikeClient' defined in org.springframework.data.aerospike.repository.TestConfigPerson: Bean instantiation via factory method failed; nested exception is org.springframework.beans.BeanInstantiationException: Failed to instantiate [com.aerospike.client.AerospikeClient]: Factory method 'aerospikeClient' threw exception; nested exception is com.aerospike.client.AerospikeException$Connection: Error Code 11: Failed to connect to host(s): 
52.41.32.83:3000 Error Code 11: java.net.SocketTimeoutException: connect timed out

	at org.springframework.beans.factory.support.ConstructorResolver.instantiateUsingFactoryMethod(ConstructorResolver.java:599) ~[spring-beans-4.1.7.RELEASE.jar:4.1.7.RELEASE]
	at org.springframework.beans.factory.support.AbstractAutowireCapableBeanFactory.instantiateUsingFactoryMethod(AbstractAutowireCapableBeanFactory.java:1119) ~[spring-beans-4.1.7.RELEASE.jar:4.1.7.RELEASE]
	at org.springframework.beans.factory.support.AbstractAutowireCapableBeanFactory.createBeanInstance(AbstractAutowireCapableBeanFactory.java:1014) ~[spring-beans-4.1.7.RELEASE.jar:4.1.7.RELEASE]
	at org.springframework.beans.factory.support.AbstractAutowireCapableBeanFactory.doCreateBean(AbstractAutowireCapableBeanFactory.java:504) ~[spring-beans-4.1.7.RELEASE.jar:4.1.7.RELEASE]
	at org.springframework.beans.factory.support.AbstractAutowireCapableBeanFactory.createBean(AbstractAutowireCapableBeanFactory.java:476) ~[spring-beans-4.1.7.RELEASE.jar:4.1.7.RELEASE]
	at org.springframework.beans.factory.support.AbstractBeanFactory$1.getObject(AbstractBeanFactory.java:303) ~[spring-beans-4.1.7.RELEASE.jar:4.1.7.RELEASE]
	at org.springframework.beans.factory.support.DefaultSingletonBeanRegistry.getSingleton(DefaultSingletonBeanRegistry.java:230) ~[spring-beans-4.1.7.RELEASE.jar:4.1.7.RELEASE]
	at org.springframework.beans.factory.support.AbstractBeanFactory.doGetBean(AbstractBeanFactory.java:299) ~[spring-beans-4.1.7.RELEASE.jar:4.1.7.RELEASE]
	at org.springframework.beans.factory.support.AbstractBeanFactory.getBean(AbstractBeanFactory.java:194) ~[spring-beans-4.1.7.RELEASE.jar:4.1.7.RELEASE]
	at org.springframework.beans.factory.support.DefaultListableBeanFactory.preInstantiateSingletons(DefaultListableBeanFactory.java:755) ~[spring-beans-4.1.7.RELEASE.jar:4.1.7.RELEASE]
	at org.springframework.context.support.AbstractApplicationContext.finishBeanFactoryInitialization(AbstractApplicationContext.java:757) ~[spring-context-4.1.7.RELEASE.jar:4.1.7.RELEASE]
	at org.springframework.context.support.AbstractApplicationContext.refresh(AbstractApplicationContext.java:480) ~[spring-context-4.1.7.RELEASE.jar:4.1.7.RELEASE]
	at org.springframework.test.context.support.AbstractGenericContextLoader.loadContext(AbstractGenericContextLoader.java:125) ~[spring-test-4.1.7.RELEASE.jar:4.1.7.RELEASE]
	at org.springframework.test.context.support.AbstractGenericContextLoader.loadContext(AbstractGenericContextLoader.java:60) ~[spring-test-4.1.7.RELEASE.jar:4.1.7.RELEASE]
	at org.springframework.test.context.support.AbstractDelegatingSmartContextLoader.delegateLoading(AbstractDelegatingSmartContextLoader.java:109) ~[spring-test-4.1.7.RELEASE.jar:4.1.7.RELEASE]
	at org.springframework.test.context.support.AbstractDelegatingSmartContextLoader.loadContext(AbstractDelegatingSmartContextLoader.java:261) ~[spring-test-4.1.7.RELEASE.jar:4.1.7.RELEASE]
	at org.springframework.test.context.DefaultCacheAwareContextLoaderDelegate.loadContextInternal(DefaultCacheAwareContextLoaderDelegate.java:68) ~[spring-test-4.1.7.RELEASE.jar:4.1.7.RELEASE]
	at org.springframework.test.context.DefaultCacheAwareContextLoaderDelegate.loadContext(DefaultCacheAwareContextLoaderDelegate.java:86) ~[spring-test-4.1.7.RELEASE.jar:4.1.7.RELEASE]
	... 34 common frames omitted
Caused by: org.springframework.beans.BeanInstantiationException: Failed to instantiate [org.springframework.data.aerospike.core.AerospikeTemplate]: Factory method 'aerospikeTemplate' threw exception; nested exception is org.springframework.beans.factory.BeanCreationException: Error creating bean with name 'aerospikeClient' defined in org.springframework.data.aerospike.repository.TestConfigPerson: Bean instantiation via factory method failed; nested exception is org.springframework.beans.BeanInstantiationException: Failed to instantiate [com.aerospike.client.AerospikeClient]: Factory method 'aerospikeClient' threw exception; nested exception is com.aerospike.client.AerospikeException$Connection: Error Code 11: Failed to connect to host(s): 
52.41.32.83:3000 Error Code 11: java.net.SocketTimeoutException: connect timed out

	at org.springframework.beans.factory.support.SimpleInstantiationStrategy.instantiate(SimpleInstantiationStrategy.java:189) ~[spring-beans-4.1.7.RELEASE.jar:4.1.7.RELEASE]
	at org.springframework.beans.factory.support.ConstructorResolver.instantiateUsingFactoryMethod(ConstructorResolver.java:588) ~[spring-beans-4.1.7.RELEASE.jar:4.1.7.RELEASE]
	... 51 common frames omitted
Caused by: org.springframework.beans.factory.BeanCreationException: Error creating bean with name 'aerospikeClient' defined in org.springframework.data.aerospike.repository.TestConfigPerson: Bean instantiation via factory method failed; nested exception is org.springframework.beans.BeanInstantiationException: Failed to instantiate [com.aerospike.client.AerospikeClient]: Factory method 'aerospikeClient' threw exception; nested exception is com.aerospike.client.AerospikeException$Connection: Error Code 11: Failed to connect to host(s): 
52.41.32.83:3000 Error Code 11: java.net.SocketTimeoutException: connect timed out

	at org.springframework.beans.factory.support.ConstructorResolver.instantiateUsingFactoryMethod(ConstructorResolver.java:599) ~[spring-beans-4.1.7.RELEASE.jar:4.1.7.RELEASE]
	at org.springframework.beans.factory.support.AbstractAutowireCapableBeanFactory.instantiateUsingFactoryMethod(AbstractAutowireCapableBeanFactory.java:1119) ~[spring-beans-4.1.7.RELEASE.jar:4.1.7.RELEASE]
	at org.springframework.beans.factory.support.AbstractAutowireCapableBeanFactory.createBeanInstance(AbstractAutowireCapableBeanFactory.java:1014) ~[spring-beans-4.1.7.RELEASE.jar:4.1.7.RELEASE]
	at org.springframework.beans.factory.support.AbstractAutowireCapableBeanFactory.doCreateBean(AbstractAutowireCapableBeanFactory.java:504) ~[spring-beans-4.1.7.RELEASE.jar:4.1.7.RELEASE]
	at org.springframework.beans.factory.support.AbstractAutowireCapableBeanFactory.createBean(AbstractAutowireCapableBeanFactory.java:476) ~[spring-beans-4.1.7.RELEASE.jar:4.1.7.RELEASE]
	at org.springframework.beans.factory.support.AbstractBeanFactory$1.getObject(AbstractBeanFactory.java:303) ~[spring-beans-4.1.7.RELEASE.jar:4.1.7.RELEASE]
	at org.springframework.beans.factory.support.DefaultSingletonBeanRegistry.getSingleton(DefaultSingletonBeanRegistry.java:230) ~[spring-beans-4.1.7.RELEASE.jar:4.1.7.RELEASE]
	at org.springframework.beans.factory.support.AbstractBeanFactory.doGetBean(AbstractBeanFactory.java:299) ~[spring-beans-4.1.7.RELEASE.jar:4.1.7.RELEASE]
	at org.springframework.beans.factory.support.AbstractBeanFactory.getBean(AbstractBeanFactory.java:194) ~[spring-beans-4.1.7.RELEASE.jar:4.1.7.RELEASE]
	at org.springframework.context.annotation.ConfigurationClassEnhancer$BeanMethodInterceptor.intercept(ConfigurationClassEnhancer.java:322) ~[spring-context-4.1.7.RELEASE.jar:4.1.7.RELEASE]
	at org.springframework.data.aerospike.repository.TestConfigPerson$$EnhancerBySpringCGLIB$$3f27a8da.aerospikeClient(<generated>) ~[spring-core-4.1.7.RELEASE.jar:na]
	at org.springframework.data.aerospike.repository.TestConfigPerson.aerospikeTemplate(TestConfigPerson.java:38) ~[test-classes/:na]
	at org.springframework.data.aerospike.repository.TestConfigPerson$$EnhancerBySpringCGLIB$$3f27a8da.CGLIB$aerospikeTemplate$0(<generated>) ~[spring-core-4.1.7.RELEASE.jar:na]
	at org.springframework.data.aerospike.repository.TestConfigPerson$$EnhancerBySpringCGLIB$$3f27a8da$$FastClassBySpringCGLIB$$38965c5e.invoke(<generated>) ~[spring-core-4.1.7.RELEASE.jar:na]
	at org.springframework.cglib.proxy.MethodProxy.invokeSuper(MethodProxy.java:228) ~[spring-core-4.1.7.RELEASE.jar:4.1.7.RELEASE]
	at org.springframework.context.annotation.ConfigurationClassEnhancer$BeanMethodInterceptor.intercept(ConfigurationClassEnhancer.java:309) ~[spring-context-4.1.7.RELEASE.jar:4.1.7.RELEASE]
	at org.springframework.data.aerospike.repository.TestConfigPerson$$EnhancerBySpringCGLIB$$3f27a8da.aerospikeTemplate(<generated>) ~[spring-core-4.1.7.RELEASE.jar:na]
	at sun.reflect.NativeMethodAccessorImpl.invoke0(Native Method) ~[na:1.8.0_91]
	at sun.reflect.NativeMethodAccessorImpl.invoke(NativeMethodAccessorImpl.java:62) ~[na:1.8.0_91]
	at sun.reflect.DelegatingMethodAccessorImpl.invoke(DelegatingMethodAccessorImpl.java:43) ~[na:1.8.0_91]
	at java.lang.reflect.Method.invoke(Method.java:498) ~[na:1.8.0_91]
	at org.springframework.beans.factory.support.SimpleInstantiationStrategy.instantiate(SimpleInstantiationStrategy.java:162) ~[spring-beans-4.1.7.RELEASE.jar:4.1.7.RELEASE]
	... 52 common frames omitted
Caused by: org.springframework.beans.BeanInstantiationException: Failed to instantiate [com.aerospike.client.AerospikeClient]: Factory method 'aerospikeClient' threw exception; nested exception is com.aerospike.client.AerospikeException$Connection: Error Code 11: Failed to connect to host(s): 
52.41.32.83:3000 Error Code 11: java.net.SocketTimeoutException: connect timed out

	at org.springframework.beans.factory.support.SimpleInstantiationStrategy.instantiate(SimpleInstantiationStrategy.java:189) ~[spring-beans-4.1.7.RELEASE.jar:4.1.7.RELEASE]
	at org.springframework.beans.factory.support.ConstructorResolver.instantiateUsingFactoryMethod(ConstructorResolver.java:588) ~[spring-beans-4.1.7.RELEASE.jar:4.1.7.RELEASE]
	... 73 common frames omitted
Caused by: com.aerospike.client.AerospikeException$Connection: Error Code 11: Failed to connect to host(s): 
52.41.32.83:3000 Error Code 11: java.net.SocketTimeoutException: connect timed out

	at com.aerospike.client.cluster.Cluster.seedNodes(Cluster.java:386) ~[aerospike-client-3.2.3.jar:na]
	at com.aerospike.client.cluster.Cluster.tend(Cluster.java:273) ~[aerospike-client-3.2.3.jar:na]
	at com.aerospike.client.cluster.Cluster.waitTillStabilized(Cluster.java:238) ~[aerospike-client-3.2.3.jar:na]
	at com.aerospike.client.cluster.Cluster.initTendThread(Cluster.java:148) ~[aerospike-client-3.2.3.jar:na]
	at com.aerospike.client.AerospikeClient.<init>(AerospikeClient.java:209) ~[aerospike-client-3.2.3.jar:na]
	at com.aerospike.client.AerospikeClient.<init>(AerospikeClient.java:173) ~[aerospike-client-3.2.3.jar:na]
	at org.springframework.data.aerospike.repository.TestConfigPerson.aerospikeClient(TestConfigPerson.java:32) ~[test-classes/:na]
	at org.springframework.data.aerospike.repository.TestConfigPerson$$EnhancerBySpringCGLIB$$3f27a8da.CGLIB$aerospikeClient$1(<generated>) ~[spring-core-4.1.7.RELEASE.jar:na]
	at org.springframework.data.aerospike.repository.TestConfigPerson$$EnhancerBySpringCGLIB$$3f27a8da$$FastClassBySpringCGLIB$$38965c5e.invoke(<generated>) ~[spring-core-4.1.7.RELEASE.jar:na]
	at org.springframework.cglib.proxy.MethodProxy.invokeSuper(MethodProxy.java:228) ~[spring-core-4.1.7.RELEASE.jar:4.1.7.RELEASE]
	at org.springframework.context.annotation.ConfigurationClassEnhancer$BeanMethodInterceptor.intercept(ConfigurationClassEnhancer.java:309) ~[spring-context-4.1.7.RELEASE.jar:4.1.7.RELEASE]
	at org.springframework.data.aerospike.repository.TestConfigPerson$$EnhancerBySpringCGLIB$$3f27a8da.aerospikeClient(<generated>) ~[spring-core-4.1.7.RELEASE.jar:na]
	at sun.reflect.NativeMethodAccessorImpl.invoke0(Native Method) ~[na:1.8.0_91]
	at sun.reflect.NativeMethodAccessorImpl.invoke(NativeMethodAccessorImpl.java:62) ~[na:1.8.0_91]
	at sun.reflect.DelegatingMethodAccessorImpl.invoke(DelegatingMethodAccessorImpl.java:43) ~[na:1.8.0_91]
	at java.lang.reflect.Method.invoke(Method.java:498) ~[na:1.8.0_91]
	at org.springframework.beans.factory.support.SimpleInstantiationStrategy.instantiate(SimpleInstantiationStrategy.java:162) ~[spring-beans-4.1.7.RELEASE.jar:4.1.7.RELEASE]
	... 74 common frames omitted
]]></system-out>
  </testcase>
  <testcase name="findsPersonInAgeRangeCorrectlyOrderByLastname" classname="org.springframework.data.aerospike.repository.PersonRepositoryIntegrationTests" time="0">
    <error message="Failed to load ApplicationContext" type="java.lang.IllegalStateException"><![CDATA[java.lang.IllegalStateException: Failed to load ApplicationContext
	at org.springframework.test.context.DefaultCacheAwareContextLoaderDelegate.loadContext(DefaultCacheAwareContextLoaderDelegate.java:94)
	at org.springframework.test.context.DefaultTestContext.getApplicationContext(DefaultTestContext.java:72)
	at org.springframework.test.context.support.DependencyInjectionTestExecutionListener.injectDependencies(DependencyInjectionTestExecutionListener.java:117)
	at org.springframework.test.context.support.DependencyInjectionTestExecutionListener.prepareTestInstance(DependencyInjectionTestExecutionListener.java:83)
	at org.springframework.test.context.TestContextManager.prepareTestInstance(TestContextManager.java:212)
	at org.springframework.test.context.junit4.SpringJUnit4ClassRunner.createTest(SpringJUnit4ClassRunner.java:200)
	at org.springframework.test.context.junit4.SpringJUnit4ClassRunner$1.runReflectiveCall(SpringJUnit4ClassRunner.java:259)
	at org.junit.internal.runners.model.ReflectiveCallable.run(ReflectiveCallable.java:12)
	at org.springframework.test.context.junit4.SpringJUnit4ClassRunner.methodBlock(SpringJUnit4ClassRunner.java:261)
	at org.springframework.test.context.junit4.SpringJUnit4ClassRunner.runChild(SpringJUnit4ClassRunner.java:219)
	at org.springframework.test.context.junit4.SpringJUnit4ClassRunner.runChild(SpringJUnit4ClassRunner.java:83)
	at org.junit.runners.ParentRunner$3.run(ParentRunner.java:290)
	at org.junit.runners.ParentRunner$1.schedule(ParentRunner.java:71)
	at org.junit.runners.ParentRunner.runChildren(ParentRunner.java:288)
	at org.junit.runners.ParentRunner.access$000(ParentRunner.java:58)
	at org.junit.runners.ParentRunner$2.evaluate(ParentRunner.java:268)
	at org.springframework.test.context.junit4.statements.RunBeforeTestClassCallbacks.evaluate(RunBeforeTestClassCallbacks.java:61)
	at org.springframework.test.context.junit4.statements.RunAfterTestClassCallbacks.evaluate(RunAfterTestClassCallbacks.java:68)
	at org.junit.runners.ParentRunner.run(ParentRunner.java:363)
	at org.springframework.test.context.junit4.SpringJUnit4ClassRunner.run(SpringJUnit4ClassRunner.java:163)
	at org.junit.runners.Suite.runChild(Suite.java:128)
	at org.junit.runners.Suite.runChild(Suite.java:27)
	at org.junit.runners.ParentRunner$3.run(ParentRunner.java:290)
	at org.junit.runners.ParentRunner$1.schedule(ParentRunner.java:71)
	at org.junit.runners.ParentRunner.runChildren(ParentRunner.java:288)
	at org.junit.runners.ParentRunner.access$000(ParentRunner.java:58)
	at org.junit.runners.ParentRunner$2.evaluate(ParentRunner.java:268)
	at org.junit.runners.ParentRunner.run(ParentRunner.java:363)
	at org.apache.maven.surefire.junit4.JUnit4Provider.execute(JUnit4Provider.java:283)
	at org.apache.maven.surefire.junit4.JUnit4Provider.executeWithRerun(JUnit4Provider.java:173)
	at org.apache.maven.surefire.junit4.JUnit4Provider.executeTestSet(JUnit4Provider.java:153)
	at org.apache.maven.surefire.junit4.JUnit4Provider.invoke(JUnit4Provider.java:128)
	at org.apache.maven.surefire.booter.ForkedBooter.invokeProviderInSameClassLoader(ForkedBooter.java:203)
	at org.apache.maven.surefire.booter.ForkedBooter.runSuitesInProcess(ForkedBooter.java:155)
	at org.apache.maven.surefire.booter.ForkedBooter.main(ForkedBooter.java:103)
Caused by: org.springframework.beans.factory.BeanCreationException: Error creating bean with name 'aerospikeTemplate' defined in org.springframework.data.aerospike.repository.TestConfigPerson: Bean instantiation via factory method failed; nested exception is org.springframework.beans.BeanInstantiationException: Failed to instantiate [org.springframework.data.aerospike.core.AerospikeTemplate]: Factory method 'aerospikeTemplate' threw exception; nested exception is org.springframework.beans.factory.BeanCreationException: Error creating bean with name 'aerospikeClient' defined in org.springframework.data.aerospike.repository.TestConfigPerson: Bean instantiation via factory method failed; nested exception is org.springframework.beans.BeanInstantiationException: Failed to instantiate [com.aerospike.client.AerospikeClient]: Factory method 'aerospikeClient' threw exception; nested exception is com.aerospike.client.AerospikeException$Connection: Error Code 11: Failed to connect to host(s): 
52.41.32.83:3000 Error Code 11: java.net.SocketTimeoutException: connect timed out

	at org.springframework.beans.factory.support.ConstructorResolver.instantiateUsingFactoryMethod(ConstructorResolver.java:599)
	at org.springframework.beans.factory.support.AbstractAutowireCapableBeanFactory.instantiateUsingFactoryMethod(AbstractAutowireCapableBeanFactory.java:1119)
	at org.springframework.beans.factory.support.AbstractAutowireCapableBeanFactory.createBeanInstance(AbstractAutowireCapableBeanFactory.java:1014)
	at org.springframework.beans.factory.support.AbstractAutowireCapableBeanFactory.doCreateBean(AbstractAutowireCapableBeanFactory.java:504)
	at org.springframework.beans.factory.support.AbstractAutowireCapableBeanFactory.createBean(AbstractAutowireCapableBeanFactory.java:476)
	at org.springframework.beans.factory.support.AbstractBeanFactory$1.getObject(AbstractBeanFactory.java:303)
	at org.springframework.beans.factory.support.DefaultSingletonBeanRegistry.getSingleton(DefaultSingletonBeanRegistry.java:230)
	at org.springframework.beans.factory.support.AbstractBeanFactory.doGetBean(AbstractBeanFactory.java:299)
	at org.springframework.beans.factory.support.AbstractBeanFactory.getBean(AbstractBeanFactory.java:194)
	at org.springframework.beans.factory.support.DefaultListableBeanFactory.preInstantiateSingletons(DefaultListableBeanFactory.java:755)
	at org.springframework.context.support.AbstractApplicationContext.finishBeanFactoryInitialization(AbstractApplicationContext.java:757)
	at org.springframework.context.support.AbstractApplicationContext.refresh(AbstractApplicationContext.java:480)
	at org.springframework.test.context.support.AbstractGenericContextLoader.loadContext(AbstractGenericContextLoader.java:125)
	at org.springframework.test.context.support.AbstractGenericContextLoader.loadContext(AbstractGenericContextLoader.java:60)
	at org.springframework.test.context.support.AbstractDelegatingSmartContextLoader.delegateLoading(AbstractDelegatingSmartContextLoader.java:109)
	at org.springframework.test.context.support.AbstractDelegatingSmartContextLoader.loadContext(AbstractDelegatingSmartContextLoader.java:261)
	at org.springframework.test.context.DefaultCacheAwareContextLoaderDelegate.loadContextInternal(DefaultCacheAwareContextLoaderDelegate.java:68)
	at org.springframework.test.context.DefaultCacheAwareContextLoaderDelegate.loadContext(DefaultCacheAwareContextLoaderDelegate.java:86)
	at org.springframework.test.context.DefaultTestContext.getApplicationContext(DefaultTestContext.java:72)
	at org.springframework.test.context.support.DependencyInjectionTestExecutionListener.injectDependencies(DependencyInjectionTestExecutionListener.java:117)
	at org.springframework.test.context.support.DependencyInjectionTestExecutionListener.prepareTestInstance(DependencyInjectionTestExecutionListener.java:83)
	at org.springframework.test.context.TestContextManager.prepareTestInstance(TestContextManager.java:212)
	at org.springframework.test.context.junit4.SpringJUnit4ClassRunner.createTest(SpringJUnit4ClassRunner.java:200)
	at org.springframework.test.context.junit4.SpringJUnit4ClassRunner$1.runReflectiveCall(SpringJUnit4ClassRunner.java:259)
	at org.junit.internal.runners.model.ReflectiveCallable.run(ReflectiveCallable.java:12)
	at org.springframework.test.context.junit4.SpringJUnit4ClassRunner.methodBlock(SpringJUnit4ClassRunner.java:261)
	at org.springframework.test.context.junit4.SpringJUnit4ClassRunner.runChild(SpringJUnit4ClassRunner.java:219)
	at org.springframework.test.context.junit4.SpringJUnit4ClassRunner.runChild(SpringJUnit4ClassRunner.java:83)
	at org.junit.runners.ParentRunner$3.run(ParentRunner.java:290)
	at org.junit.runners.ParentRunner$1.schedule(ParentRunner.java:71)
	at org.junit.runners.ParentRunner.runChildren(ParentRunner.java:288)
	at org.junit.runners.ParentRunner.access$000(ParentRunner.java:58)
	at org.junit.runners.ParentRunner$2.evaluate(ParentRunner.java:268)
	at org.springframework.test.context.junit4.statements.RunBeforeTestClassCallbacks.evaluate(RunBeforeTestClassCallbacks.java:61)
	at org.springframework.test.context.junit4.statements.RunAfterTestClassCallbacks.evaluate(RunAfterTestClassCallbacks.java:68)
	at org.junit.runners.ParentRunner.run(ParentRunner.java:363)
	at org.springframework.test.context.junit4.SpringJUnit4ClassRunner.run(SpringJUnit4ClassRunner.java:163)
	at org.junit.runners.Suite.runChild(Suite.java:128)
	at org.junit.runners.Suite.runChild(Suite.java:27)
	at org.junit.runners.ParentRunner$3.run(ParentRunner.java:290)
	at org.junit.runners.ParentRunner$1.schedule(ParentRunner.java:71)
	at org.junit.runners.ParentRunner.runChildren(ParentRunner.java:288)
	at org.junit.runners.ParentRunner.access$000(ParentRunner.java:58)
	at org.junit.runners.ParentRunner$2.evaluate(ParentRunner.java:268)
	at org.junit.runners.ParentRunner.run(ParentRunner.java:363)
	at org.apache.maven.surefire.junit4.JUnit4Provider.execute(JUnit4Provider.java:283)
	at org.apache.maven.surefire.junit4.JUnit4Provider.executeWithRerun(JUnit4Provider.java:173)
	at org.apache.maven.surefire.junit4.JUnit4Provider.executeTestSet(JUnit4Provider.java:153)
	at org.apache.maven.surefire.junit4.JUnit4Provider.invoke(JUnit4Provider.java:128)
	at org.apache.maven.surefire.booter.ForkedBooter.invokeProviderInSameClassLoader(ForkedBooter.java:203)
	at org.apache.maven.surefire.booter.ForkedBooter.runSuitesInProcess(ForkedBooter.java:155)
	at org.apache.maven.surefire.booter.ForkedBooter.main(ForkedBooter.java:103)
Caused by: org.springframework.beans.BeanInstantiationException: Failed to instantiate [org.springframework.data.aerospike.core.AerospikeTemplate]: Factory method 'aerospikeTemplate' threw exception; nested exception is org.springframework.beans.factory.BeanCreationException: Error creating bean with name 'aerospikeClient' defined in org.springframework.data.aerospike.repository.TestConfigPerson: Bean instantiation via factory method failed; nested exception is org.springframework.beans.BeanInstantiationException: Failed to instantiate [com.aerospike.client.AerospikeClient]: Factory method 'aerospikeClient' threw exception; nested exception is com.aerospike.client.AerospikeException$Connection: Error Code 11: Failed to connect to host(s): 
52.41.32.83:3000 Error Code 11: java.net.SocketTimeoutException: connect timed out

	at org.springframework.beans.factory.support.SimpleInstantiationStrategy.instantiate(SimpleInstantiationStrategy.java:189)
	at org.springframework.beans.factory.support.ConstructorResolver.instantiateUsingFactoryMethod(ConstructorResolver.java:588)
	at org.springframework.beans.factory.support.AbstractAutowireCapableBeanFactory.instantiateUsingFactoryMethod(AbstractAutowireCapableBeanFactory.java:1119)
	at org.springframework.beans.factory.support.AbstractAutowireCapableBeanFactory.createBeanInstance(AbstractAutowireCapableBeanFactory.java:1014)
	at org.springframework.beans.factory.support.AbstractAutowireCapableBeanFactory.doCreateBean(AbstractAutowireCapableBeanFactory.java:504)
	at org.springframework.beans.factory.support.AbstractAutowireCapableBeanFactory.createBean(AbstractAutowireCapableBeanFactory.java:476)
	at org.springframework.beans.factory.support.AbstractBeanFactory$1.getObject(AbstractBeanFactory.java:303)
	at org.springframework.beans.factory.support.DefaultSingletonBeanRegistry.getSingleton(DefaultSingletonBeanRegistry.java:230)
	at org.springframework.beans.factory.support.AbstractBeanFactory.doGetBean(AbstractBeanFactory.java:299)
	at org.springframework.beans.factory.support.AbstractBeanFactory.getBean(AbstractBeanFactory.java:194)
	at org.springframework.beans.factory.support.DefaultListableBeanFactory.preInstantiateSingletons(DefaultListableBeanFactory.java:755)
	at org.springframework.context.support.AbstractApplicationContext.finishBeanFactoryInitialization(AbstractApplicationContext.java:757)
	at org.springframework.context.support.AbstractApplicationContext.refresh(AbstractApplicationContext.java:480)
	at org.springframework.test.context.support.AbstractGenericContextLoader.loadContext(AbstractGenericContextLoader.java:125)
	at org.springframework.test.context.support.AbstractGenericContextLoader.loadContext(AbstractGenericContextLoader.java:60)
	at org.springframework.test.context.support.AbstractDelegatingSmartContextLoader.delegateLoading(AbstractDelegatingSmartContextLoader.java:109)
	at org.springframework.test.context.support.AbstractDelegatingSmartContextLoader.loadContext(AbstractDelegatingSmartContextLoader.java:261)
	at org.springframework.test.context.DefaultCacheAwareContextLoaderDelegate.loadContextInternal(DefaultCacheAwareContextLoaderDelegate.java:68)
	at org.springframework.test.context.DefaultCacheAwareContextLoaderDelegate.loadContext(DefaultCacheAwareContextLoaderDelegate.java:86)
	at org.springframework.test.context.DefaultTestContext.getApplicationContext(DefaultTestContext.java:72)
	at org.springframework.test.context.support.DependencyInjectionTestExecutionListener.injectDependencies(DependencyInjectionTestExecutionListener.java:117)
	at org.springframework.test.context.support.DependencyInjectionTestExecutionListener.prepareTestInstance(DependencyInjectionTestExecutionListener.java:83)
	at org.springframework.test.context.TestContextManager.prepareTestInstance(TestContextManager.java:212)
	at org.springframework.test.context.junit4.SpringJUnit4ClassRunner.createTest(SpringJUnit4ClassRunner.java:200)
	at org.springframework.test.context.junit4.SpringJUnit4ClassRunner$1.runReflectiveCall(SpringJUnit4ClassRunner.java:259)
	at org.junit.internal.runners.model.ReflectiveCallable.run(ReflectiveCallable.java:12)
	at org.springframework.test.context.junit4.SpringJUnit4ClassRunner.methodBlock(SpringJUnit4ClassRunner.java:261)
	at org.springframework.test.context.junit4.SpringJUnit4ClassRunner.runChild(SpringJUnit4ClassRunner.java:219)
	at org.springframework.test.context.junit4.SpringJUnit4ClassRunner.runChild(SpringJUnit4ClassRunner.java:83)
	at org.junit.runners.ParentRunner$3.run(ParentRunner.java:290)
	at org.junit.runners.ParentRunner$1.schedule(ParentRunner.java:71)
	at org.junit.runners.ParentRunner.runChildren(ParentRunner.java:288)
	at org.junit.runners.ParentRunner.access$000(ParentRunner.java:58)
	at org.junit.runners.ParentRunner$2.evaluate(ParentRunner.java:268)
	at org.springframework.test.context.junit4.statements.RunBeforeTestClassCallbacks.evaluate(RunBeforeTestClassCallbacks.java:61)
	at org.springframework.test.context.junit4.statements.RunAfterTestClassCallbacks.evaluate(RunAfterTestClassCallbacks.java:68)
	at org.junit.runners.ParentRunner.run(ParentRunner.java:363)
	at org.springframework.test.context.junit4.SpringJUnit4ClassRunner.run(SpringJUnit4ClassRunner.java:163)
	at org.junit.runners.Suite.runChild(Suite.java:128)
	at org.junit.runners.Suite.runChild(Suite.java:27)
	at org.junit.runners.ParentRunner$3.run(ParentRunner.java:290)
	at org.junit.runners.ParentRunner$1.schedule(ParentRunner.java:71)
	at org.junit.runners.ParentRunner.runChildren(ParentRunner.java:288)
	at org.junit.runners.ParentRunner.access$000(ParentRunner.java:58)
	at org.junit.runners.ParentRunner$2.evaluate(ParentRunner.java:268)
	at org.junit.runners.ParentRunner.run(ParentRunner.java:363)
	at org.apache.maven.surefire.junit4.JUnit4Provider.execute(JUnit4Provider.java:283)
	at org.apache.maven.surefire.junit4.JUnit4Provider.executeWithRerun(JUnit4Provider.java:173)
	at org.apache.maven.surefire.junit4.JUnit4Provider.executeTestSet(JUnit4Provider.java:153)
	at org.apache.maven.surefire.junit4.JUnit4Provider.invoke(JUnit4Provider.java:128)
	at org.apache.maven.surefire.booter.ForkedBooter.invokeProviderInSameClassLoader(ForkedBooter.java:203)
	at org.apache.maven.surefire.booter.ForkedBooter.runSuitesInProcess(ForkedBooter.java:155)
	at org.apache.maven.surefire.booter.ForkedBooter.main(ForkedBooter.java:103)
Caused by: org.springframework.beans.factory.BeanCreationException: Error creating bean with name 'aerospikeClient' defined in org.springframework.data.aerospike.repository.TestConfigPerson: Bean instantiation via factory method failed; nested exception is org.springframework.beans.BeanInstantiationException: Failed to instantiate [com.aerospike.client.AerospikeClient]: Factory method 'aerospikeClient' threw exception; nested exception is com.aerospike.client.AerospikeException$Connection: Error Code 11: Failed to connect to host(s): 
52.41.32.83:3000 Error Code 11: java.net.SocketTimeoutException: connect timed out

	at org.springframework.beans.factory.support.ConstructorResolver.instantiateUsingFactoryMethod(ConstructorResolver.java:599)
	at org.springframework.beans.factory.support.AbstractAutowireCapableBeanFactory.instantiateUsingFactoryMethod(AbstractAutowireCapableBeanFactory.java:1119)
	at org.springframework.beans.factory.support.AbstractAutowireCapableBeanFactory.createBeanInstance(AbstractAutowireCapableBeanFactory.java:1014)
	at org.springframework.beans.factory.support.AbstractAutowireCapableBeanFactory.doCreateBean(AbstractAutowireCapableBeanFactory.java:504)
	at org.springframework.beans.factory.support.AbstractAutowireCapableBeanFactory.createBean(AbstractAutowireCapableBeanFactory.java:476)
	at org.springframework.beans.factory.support.AbstractBeanFactory$1.getObject(AbstractBeanFactory.java:303)
	at org.springframework.beans.factory.support.DefaultSingletonBeanRegistry.getSingleton(DefaultSingletonBeanRegistry.java:230)
	at org.springframework.beans.factory.support.AbstractBeanFactory.doGetBean(AbstractBeanFactory.java:299)
	at org.springframework.beans.factory.support.AbstractBeanFactory.getBean(AbstractBeanFactory.java:194)
	at org.springframework.context.annotation.ConfigurationClassEnhancer$BeanMethodInterceptor.intercept(ConfigurationClassEnhancer.java:322)
	at org.springframework.data.aerospike.repository.TestConfigPerson$$EnhancerBySpringCGLIB$$3f27a8da.aerospikeClient(<generated>)
	at org.springframework.data.aerospike.repository.TestConfigPerson.aerospikeTemplate(TestConfigPerson.java:38)
	at org.springframework.data.aerospike.repository.TestConfigPerson$$EnhancerBySpringCGLIB$$3f27a8da.CGLIB$aerospikeTemplate$0(<generated>)
	at org.springframework.data.aerospike.repository.TestConfigPerson$$EnhancerBySpringCGLIB$$3f27a8da$$FastClassBySpringCGLIB$$38965c5e.invoke(<generated>)
	at org.springframework.cglib.proxy.MethodProxy.invokeSuper(MethodProxy.java:228)
	at org.springframework.context.annotation.ConfigurationClassEnhancer$BeanMethodInterceptor.intercept(ConfigurationClassEnhancer.java:309)
	at org.springframework.data.aerospike.repository.TestConfigPerson$$EnhancerBySpringCGLIB$$3f27a8da.aerospikeTemplate(<generated>)
	at sun.reflect.NativeMethodAccessorImpl.invoke0(Native Method)
	at sun.reflect.NativeMethodAccessorImpl.invoke(NativeMethodAccessorImpl.java:62)
	at sun.reflect.DelegatingMethodAccessorImpl.invoke(DelegatingMethodAccessorImpl.java:43)
	at java.lang.reflect.Method.invoke(Method.java:498)
	at org.springframework.beans.factory.support.SimpleInstantiationStrategy.instantiate(SimpleInstantiationStrategy.java:162)
	at org.springframework.beans.factory.support.ConstructorResolver.instantiateUsingFactoryMethod(ConstructorResolver.java:588)
	at org.springframework.beans.factory.support.AbstractAutowireCapableBeanFactory.instantiateUsingFactoryMethod(AbstractAutowireCapableBeanFactory.java:1119)
	at org.springframework.beans.factory.support.AbstractAutowireCapableBeanFactory.createBeanInstance(AbstractAutowireCapableBeanFactory.java:1014)
	at org.springframework.beans.factory.support.AbstractAutowireCapableBeanFactory.doCreateBean(AbstractAutowireCapableBeanFactory.java:504)
	at org.springframework.beans.factory.support.AbstractAutowireCapableBeanFactory.createBean(AbstractAutowireCapableBeanFactory.java:476)
	at org.springframework.beans.factory.support.AbstractBeanFactory$1.getObject(AbstractBeanFactory.java:303)
	at org.springframework.beans.factory.support.DefaultSingletonBeanRegistry.getSingleton(DefaultSingletonBeanRegistry.java:230)
	at org.springframework.beans.factory.support.AbstractBeanFactory.doGetBean(AbstractBeanFactory.java:299)
	at org.springframework.beans.factory.support.AbstractBeanFactory.getBean(AbstractBeanFactory.java:194)
	at org.springframework.beans.factory.support.DefaultListableBeanFactory.preInstantiateSingletons(DefaultListableBeanFactory.java:755)
	at org.springframework.context.support.AbstractApplicationContext.finishBeanFactoryInitialization(AbstractApplicationContext.java:757)
	at org.springframework.context.support.AbstractApplicationContext.refresh(AbstractApplicationContext.java:480)
	at org.springframework.test.context.support.AbstractGenericContextLoader.loadContext(AbstractGenericContextLoader.java:125)
	at org.springframework.test.context.support.AbstractGenericContextLoader.loadContext(AbstractGenericContextLoader.java:60)
	at org.springframework.test.context.support.AbstractDelegatingSmartContextLoader.delegateLoading(AbstractDelegatingSmartContextLoader.java:109)
	at org.springframework.test.context.support.AbstractDelegatingSmartContextLoader.loadContext(AbstractDelegatingSmartContextLoader.java:261)
	at org.springframework.test.context.DefaultCacheAwareContextLoaderDelegate.loadContextInternal(DefaultCacheAwareContextLoaderDelegate.java:68)
	at org.springframework.test.context.DefaultCacheAwareContextLoaderDelegate.loadContext(DefaultCacheAwareContextLoaderDelegate.java:86)
	at org.springframework.test.context.DefaultTestContext.getApplicationContext(DefaultTestContext.java:72)
	at org.springframework.test.context.support.DependencyInjectionTestExecutionListener.injectDependencies(DependencyInjectionTestExecutionListener.java:117)
	at org.springframework.test.context.support.DependencyInjectionTestExecutionListener.prepareTestInstance(DependencyInjectionTestExecutionListener.java:83)
	at org.springframework.test.context.TestContextManager.prepareTestInstance(TestContextManager.java:212)
	at org.springframework.test.context.junit4.SpringJUnit4ClassRunner.createTest(SpringJUnit4ClassRunner.java:200)
	at org.springframework.test.context.junit4.SpringJUnit4ClassRunner$1.runReflectiveCall(SpringJUnit4ClassRunner.java:259)
	at org.junit.internal.runners.model.ReflectiveCallable.run(ReflectiveCallable.java:12)
	at org.springframework.test.context.junit4.SpringJUnit4ClassRunner.methodBlock(SpringJUnit4ClassRunner.java:261)
	at org.springframework.test.context.junit4.SpringJUnit4ClassRunner.runChild(SpringJUnit4ClassRunner.java:219)
	at org.springframework.test.context.junit4.SpringJUnit4ClassRunner.runChild(SpringJUnit4ClassRunner.java:83)
	at org.junit.runners.ParentRunner$3.run(ParentRunner.java:290)
	at org.junit.runners.ParentRunner$1.schedule(ParentRunner.java:71)
	at org.junit.runners.ParentRunner.runChildren(ParentRunner.java:288)
	at org.junit.runners.ParentRunner.access$000(ParentRunner.java:58)
	at org.junit.runners.ParentRunner$2.evaluate(ParentRunner.java:268)
	at org.springframework.test.context.junit4.statements.RunBeforeTestClassCallbacks.evaluate(RunBeforeTestClassCallbacks.java:61)
	at org.springframework.test.context.junit4.statements.RunAfterTestClassCallbacks.evaluate(RunAfterTestClassCallbacks.java:68)
	at org.junit.runners.ParentRunner.run(ParentRunner.java:363)
	at org.springframework.test.context.junit4.SpringJUnit4ClassRunner.run(SpringJUnit4ClassRunner.java:163)
	at org.junit.runners.Suite.runChild(Suite.java:128)
	at org.junit.runners.Suite.runChild(Suite.java:27)
	at org.junit.runners.ParentRunner$3.run(ParentRunner.java:290)
	at org.junit.runners.ParentRunner$1.schedule(ParentRunner.java:71)
	at org.junit.runners.ParentRunner.runChildren(ParentRunner.java:288)
	at org.junit.runners.ParentRunner.access$000(ParentRunner.java:58)
	at org.junit.runners.ParentRunner$2.evaluate(ParentRunner.java:268)
	at org.junit.runners.ParentRunner.run(ParentRunner.java:363)
	at org.apache.maven.surefire.junit4.JUnit4Provider.execute(JUnit4Provider.java:283)
	at org.apache.maven.surefire.junit4.JUnit4Provider.executeWithRerun(JUnit4Provider.java:173)
	at org.apache.maven.surefire.junit4.JUnit4Provider.executeTestSet(JUnit4Provider.java:153)
	at org.apache.maven.surefire.junit4.JUnit4Provider.invoke(JUnit4Provider.java:128)
	at org.apache.maven.surefire.booter.ForkedBooter.invokeProviderInSameClassLoader(ForkedBooter.java:203)
	at org.apache.maven.surefire.booter.ForkedBooter.runSuitesInProcess(ForkedBooter.java:155)
	at org.apache.maven.surefire.booter.ForkedBooter.main(ForkedBooter.java:103)
Caused by: org.springframework.beans.BeanInstantiationException: Failed to instantiate [com.aerospike.client.AerospikeClient]: Factory method 'aerospikeClient' threw exception; nested exception is com.aerospike.client.AerospikeException$Connection: Error Code 11: Failed to connect to host(s): 
52.41.32.83:3000 Error Code 11: java.net.SocketTimeoutException: connect timed out

	at org.springframework.beans.factory.support.SimpleInstantiationStrategy.instantiate(SimpleInstantiationStrategy.java:189)
	at org.springframework.beans.factory.support.ConstructorResolver.instantiateUsingFactoryMethod(ConstructorResolver.java:588)
	at org.springframework.beans.factory.support.AbstractAutowireCapableBeanFactory.instantiateUsingFactoryMethod(AbstractAutowireCapableBeanFactory.java:1119)
	at org.springframework.beans.factory.support.AbstractAutowireCapableBeanFactory.createBeanInstance(AbstractAutowireCapableBeanFactory.java:1014)
	at org.springframework.beans.factory.support.AbstractAutowireCapableBeanFactory.doCreateBean(AbstractAutowireCapableBeanFactory.java:504)
	at org.springframework.beans.factory.support.AbstractAutowireCapableBeanFactory.createBean(AbstractAutowireCapableBeanFactory.java:476)
	at org.springframework.beans.factory.support.AbstractBeanFactory$1.getObject(AbstractBeanFactory.java:303)
	at org.springframework.beans.factory.support.DefaultSingletonBeanRegistry.getSingleton(DefaultSingletonBeanRegistry.java:230)
	at org.springframework.beans.factory.support.AbstractBeanFactory.doGetBean(AbstractBeanFactory.java:299)
	at org.springframework.beans.factory.support.AbstractBeanFactory.getBean(AbstractBeanFactory.java:194)
	at org.springframework.context.annotation.ConfigurationClassEnhancer$BeanMethodInterceptor.intercept(ConfigurationClassEnhancer.java:322)
	at org.springframework.data.aerospike.repository.TestConfigPerson$$EnhancerBySpringCGLIB$$3f27a8da.aerospikeClient(<generated>)
	at org.springframework.data.aerospike.repository.TestConfigPerson.aerospikeTemplate(TestConfigPerson.java:38)
	at org.springframework.data.aerospike.repository.TestConfigPerson$$EnhancerBySpringCGLIB$$3f27a8da.CGLIB$aerospikeTemplate$0(<generated>)
	at org.springframework.data.aerospike.repository.TestConfigPerson$$EnhancerBySpringCGLIB$$3f27a8da$$FastClassBySpringCGLIB$$38965c5e.invoke(<generated>)
	at org.springframework.cglib.proxy.MethodProxy.invokeSuper(MethodProxy.java:228)
	at org.springframework.context.annotation.ConfigurationClassEnhancer$BeanMethodInterceptor.intercept(ConfigurationClassEnhancer.java:309)
	at org.springframework.data.aerospike.repository.TestConfigPerson$$EnhancerBySpringCGLIB$$3f27a8da.aerospikeTemplate(<generated>)
	at sun.reflect.NativeMethodAccessorImpl.invoke0(Native Method)
	at sun.reflect.NativeMethodAccessorImpl.invoke(NativeMethodAccessorImpl.java:62)
	at sun.reflect.DelegatingMethodAccessorImpl.invoke(DelegatingMethodAccessorImpl.java:43)
	at java.lang.reflect.Method.invoke(Method.java:498)
	at org.springframework.beans.factory.support.SimpleInstantiationStrategy.instantiate(SimpleInstantiationStrategy.java:162)
	at org.springframework.beans.factory.support.ConstructorResolver.instantiateUsingFactoryMethod(ConstructorResolver.java:588)
	at org.springframework.beans.factory.support.AbstractAutowireCapableBeanFactory.instantiateUsingFactoryMethod(AbstractAutowireCapableBeanFactory.java:1119)
	at org.springframework.beans.factory.support.AbstractAutowireCapableBeanFactory.createBeanInstance(AbstractAutowireCapableBeanFactory.java:1014)
	at org.springframework.beans.factory.support.AbstractAutowireCapableBeanFactory.doCreateBean(AbstractAutowireCapableBeanFactory.java:504)
	at org.springframework.beans.factory.support.AbstractAutowireCapableBeanFactory.createBean(AbstractAutowireCapableBeanFactory.java:476)
	at org.springframework.beans.factory.support.AbstractBeanFactory$1.getObject(AbstractBeanFactory.java:303)
	at org.springframework.beans.factory.support.DefaultSingletonBeanRegistry.getSingleton(DefaultSingletonBeanRegistry.java:230)
	at org.springframework.beans.factory.support.AbstractBeanFactory.doGetBean(AbstractBeanFactory.java:299)
	at org.springframework.beans.factory.support.AbstractBeanFactory.getBean(AbstractBeanFactory.java:194)
	at org.springframework.beans.factory.support.DefaultListableBeanFactory.preInstantiateSingletons(DefaultListableBeanFactory.java:755)
	at org.springframework.context.support.AbstractApplicationContext.finishBeanFactoryInitialization(AbstractApplicationContext.java:757)
	at org.springframework.context.support.AbstractApplicationContext.refresh(AbstractApplicationContext.java:480)
	at org.springframework.test.context.support.AbstractGenericContextLoader.loadContext(AbstractGenericContextLoader.java:125)
	at org.springframework.test.context.support.AbstractGenericContextLoader.loadContext(AbstractGenericContextLoader.java:60)
	at org.springframework.test.context.support.AbstractDelegatingSmartContextLoader.delegateLoading(AbstractDelegatingSmartContextLoader.java:109)
	at org.springframework.test.context.support.AbstractDelegatingSmartContextLoader.loadContext(AbstractDelegatingSmartContextLoader.java:261)
	at org.springframework.test.context.DefaultCacheAwareContextLoaderDelegate.loadContextInternal(DefaultCacheAwareContextLoaderDelegate.java:68)
	at org.springframework.test.context.DefaultCacheAwareContextLoaderDelegate.loadContext(DefaultCacheAwareContextLoaderDelegate.java:86)
	at org.springframework.test.context.DefaultTestContext.getApplicationContext(DefaultTestContext.java:72)
	at org.springframework.test.context.support.DependencyInjectionTestExecutionListener.injectDependencies(DependencyInjectionTestExecutionListener.java:117)
	at org.springframework.test.context.support.DependencyInjectionTestExecutionListener.prepareTestInstance(DependencyInjectionTestExecutionListener.java:83)
	at org.springframework.test.context.TestContextManager.prepareTestInstance(TestContextManager.java:212)
	at org.springframework.test.context.junit4.SpringJUnit4ClassRunner.createTest(SpringJUnit4ClassRunner.java:200)
	at org.springframework.test.context.junit4.SpringJUnit4ClassRunner$1.runReflectiveCall(SpringJUnit4ClassRunner.java:259)
	at org.junit.internal.runners.model.ReflectiveCallable.run(ReflectiveCallable.java:12)
	at org.springframework.test.context.junit4.SpringJUnit4ClassRunner.methodBlock(SpringJUnit4ClassRunner.java:261)
	at org.springframework.test.context.junit4.SpringJUnit4ClassRunner.runChild(SpringJUnit4ClassRunner.java:219)
	at org.springframework.test.context.junit4.SpringJUnit4ClassRunner.runChild(SpringJUnit4ClassRunner.java:83)
	at org.junit.runners.ParentRunner$3.run(ParentRunner.java:290)
	at org.junit.runners.ParentRunner$1.schedule(ParentRunner.java:71)
	at org.junit.runners.ParentRunner.runChildren(ParentRunner.java:288)
	at org.junit.runners.ParentRunner.access$000(ParentRunner.java:58)
	at org.junit.runners.ParentRunner$2.evaluate(ParentRunner.java:268)
	at org.springframework.test.context.junit4.statements.RunBeforeTestClassCallbacks.evaluate(RunBeforeTestClassCallbacks.java:61)
	at org.springframework.test.context.junit4.statements.RunAfterTestClassCallbacks.evaluate(RunAfterTestClassCallbacks.java:68)
	at org.junit.runners.ParentRunner.run(ParentRunner.java:363)
	at org.springframework.test.context.junit4.SpringJUnit4ClassRunner.run(SpringJUnit4ClassRunner.java:163)
	at org.junit.runners.Suite.runChild(Suite.java:128)
	at org.junit.runners.Suite.runChild(Suite.java:27)
	at org.junit.runners.ParentRunner$3.run(ParentRunner.java:290)
	at org.junit.runners.ParentRunner$1.schedule(ParentRunner.java:71)
	at org.junit.runners.ParentRunner.runChildren(ParentRunner.java:288)
	at org.junit.runners.ParentRunner.access$000(ParentRunner.java:58)
	at org.junit.runners.ParentRunner$2.evaluate(ParentRunner.java:268)
	at org.junit.runners.ParentRunner.run(ParentRunner.java:363)
	at org.apache.maven.surefire.junit4.JUnit4Provider.execute(JUnit4Provider.java:283)
	at org.apache.maven.surefire.junit4.JUnit4Provider.executeWithRerun(JUnit4Provider.java:173)
	at org.apache.maven.surefire.junit4.JUnit4Provider.executeTestSet(JUnit4Provider.java:153)
	at org.apache.maven.surefire.junit4.JUnit4Provider.invoke(JUnit4Provider.java:128)
	at org.apache.maven.surefire.booter.ForkedBooter.invokeProviderInSameClassLoader(ForkedBooter.java:203)
	at org.apache.maven.surefire.booter.ForkedBooter.runSuitesInProcess(ForkedBooter.java:155)
	at org.apache.maven.surefire.booter.ForkedBooter.main(ForkedBooter.java:103)
Caused by: com.aerospike.client.AerospikeException$Connection: Error Code 11: Failed to connect to host(s): 
52.41.32.83:3000 Error Code 11: java.net.SocketTimeoutException: connect timed out

	at com.aerospike.client.cluster.Cluster.seedNodes(Cluster.java:386)
	at com.aerospike.client.cluster.Cluster.tend(Cluster.java:273)
	at com.aerospike.client.cluster.Cluster.waitTillStabilized(Cluster.java:238)
	at com.aerospike.client.cluster.Cluster.initTendThread(Cluster.java:148)
	at com.aerospike.client.AerospikeClient.<init>(AerospikeClient.java:209)
	at com.aerospike.client.AerospikeClient.<init>(AerospikeClient.java:173)
	at org.springframework.data.aerospike.repository.TestConfigPerson.aerospikeClient(TestConfigPerson.java:32)
	at org.springframework.data.aerospike.repository.TestConfigPerson$$EnhancerBySpringCGLIB$$3f27a8da.CGLIB$aerospikeClient$1(<generated>)
	at org.springframework.data.aerospike.repository.TestConfigPerson$$EnhancerBySpringCGLIB$$3f27a8da$$FastClassBySpringCGLIB$$38965c5e.invoke(<generated>)
	at org.springframework.cglib.proxy.MethodProxy.invokeSuper(MethodProxy.java:228)
	at org.springframework.context.annotation.ConfigurationClassEnhancer$BeanMethodInterceptor.intercept(ConfigurationClassEnhancer.java:309)
	at org.springframework.data.aerospike.repository.TestConfigPerson$$EnhancerBySpringCGLIB$$3f27a8da.aerospikeClient(<generated>)
	at sun.reflect.NativeMethodAccessorImpl.invoke0(Native Method)
	at sun.reflect.NativeMethodAccessorImpl.invoke(NativeMethodAccessorImpl.java:62)
	at sun.reflect.DelegatingMethodAccessorImpl.invoke(DelegatingMethodAccessorImpl.java:43)
	at java.lang.reflect.Method.invoke(Method.java:498)
	at org.springframework.beans.factory.support.SimpleInstantiationStrategy.instantiate(SimpleInstantiationStrategy.java:162)
	at org.springframework.beans.factory.support.ConstructorResolver.instantiateUsingFactoryMethod(ConstructorResolver.java:588)
	at org.springframework.beans.factory.support.AbstractAutowireCapableBeanFactory.instantiateUsingFactoryMethod(AbstractAutowireCapableBeanFactory.java:1119)
	at org.springframework.beans.factory.support.AbstractAutowireCapableBeanFactory.createBeanInstance(AbstractAutowireCapableBeanFactory.java:1014)
	at org.springframework.beans.factory.support.AbstractAutowireCapableBeanFactory.doCreateBean(AbstractAutowireCapableBeanFactory.java:504)
	at org.springframework.beans.factory.support.AbstractAutowireCapableBeanFactory.createBean(AbstractAutowireCapableBeanFactory.java:476)
	at org.springframework.beans.factory.support.AbstractBeanFactory$1.getObject(AbstractBeanFactory.java:303)
	at org.springframework.beans.factory.support.DefaultSingletonBeanRegistry.getSingleton(DefaultSingletonBeanRegistry.java:230)
	at org.springframework.beans.factory.support.AbstractBeanFactory.doGetBean(AbstractBeanFactory.java:299)
	at org.springframework.beans.factory.support.AbstractBeanFactory.getBean(AbstractBeanFactory.java:194)
	at org.springframework.context.annotation.ConfigurationClassEnhancer$BeanMethodInterceptor.intercept(ConfigurationClassEnhancer.java:322)
	at org.springframework.data.aerospike.repository.TestConfigPerson$$EnhancerBySpringCGLIB$$3f27a8da.aerospikeClient(<generated>)
	at org.springframework.data.aerospike.repository.TestConfigPerson.aerospikeTemplate(TestConfigPerson.java:38)
	at org.springframework.data.aerospike.repository.TestConfigPerson$$EnhancerBySpringCGLIB$$3f27a8da.CGLIB$aerospikeTemplate$0(<generated>)
	at org.springframework.data.aerospike.repository.TestConfigPerson$$EnhancerBySpringCGLIB$$3f27a8da$$FastClassBySpringCGLIB$$38965c5e.invoke(<generated>)
	at org.springframework.cglib.proxy.MethodProxy.invokeSuper(MethodProxy.java:228)
	at org.springframework.context.annotation.ConfigurationClassEnhancer$BeanMethodInterceptor.intercept(ConfigurationClassEnhancer.java:309)
	at org.springframework.data.aerospike.repository.TestConfigPerson$$EnhancerBySpringCGLIB$$3f27a8da.aerospikeTemplate(<generated>)
	at sun.reflect.NativeMethodAccessorImpl.invoke0(Native Method)
	at sun.reflect.NativeMethodAccessorImpl.invoke(NativeMethodAccessorImpl.java:62)
	at sun.reflect.DelegatingMethodAccessorImpl.invoke(DelegatingMethodAccessorImpl.java:43)
	at java.lang.reflect.Method.invoke(Method.java:498)
	at org.springframework.beans.factory.support.SimpleInstantiationStrategy.instantiate(SimpleInstantiationStrategy.java:162)
	at org.springframework.beans.factory.support.ConstructorResolver.instantiateUsingFactoryMethod(ConstructorResolver.java:588)
	at org.springframework.beans.factory.support.AbstractAutowireCapableBeanFactory.instantiateUsingFactoryMethod(AbstractAutowireCapableBeanFactory.java:1119)
	at org.springframework.beans.factory.support.AbstractAutowireCapableBeanFactory.createBeanInstance(AbstractAutowireCapableBeanFactory.java:1014)
	at org.springframework.beans.factory.support.AbstractAutowireCapableBeanFactory.doCreateBean(AbstractAutowireCapableBeanFactory.java:504)
	at org.springframework.beans.factory.support.AbstractAutowireCapableBeanFactory.createBean(AbstractAutowireCapableBeanFactory.java:476)
	at org.springframework.beans.factory.support.AbstractBeanFactory$1.getObject(AbstractBeanFactory.java:303)
	at org.springframework.beans.factory.support.DefaultSingletonBeanRegistry.getSingleton(DefaultSingletonBeanRegistry.java:230)
	at org.springframework.beans.factory.support.AbstractBeanFactory.doGetBean(AbstractBeanFactory.java:299)
	at org.springframework.beans.factory.support.AbstractBeanFactory.getBean(AbstractBeanFactory.java:194)
	at org.springframework.beans.factory.support.DefaultListableBeanFactory.preInstantiateSingletons(DefaultListableBeanFactory.java:755)
	at org.springframework.context.support.AbstractApplicationContext.finishBeanFactoryInitialization(AbstractApplicationContext.java:757)
	at org.springframework.context.support.AbstractApplicationContext.refresh(AbstractApplicationContext.java:480)
	at org.springframework.test.context.support.AbstractGenericContextLoader.loadContext(AbstractGenericContextLoader.java:125)
	at org.springframework.test.context.support.AbstractGenericContextLoader.loadContext(AbstractGenericContextLoader.java:60)
	at org.springframework.test.context.support.AbstractDelegatingSmartContextLoader.delegateLoading(AbstractDelegatingSmartContextLoader.java:109)
	at org.springframework.test.context.support.AbstractDelegatingSmartContextLoader.loadContext(AbstractDelegatingSmartContextLoader.java:261)
	at org.springframework.test.context.DefaultCacheAwareContextLoaderDelegate.loadContextInternal(DefaultCacheAwareContextLoaderDelegate.java:68)
	at org.springframework.test.context.DefaultCacheAwareContextLoaderDelegate.loadContext(DefaultCacheAwareContextLoaderDelegate.java:86)
	at org.springframework.test.context.DefaultTestContext.getApplicationContext(DefaultTestContext.java:72)
	at org.springframework.test.context.support.DependencyInjectionTestExecutionListener.injectDependencies(DependencyInjectionTestExecutionListener.java:117)
	at org.springframework.test.context.support.DependencyInjectionTestExecutionListener.prepareTestInstance(DependencyInjectionTestExecutionListener.java:83)
	at org.springframework.test.context.TestContextManager.prepareTestInstance(TestContextManager.java:212)
	at org.springframework.test.context.junit4.SpringJUnit4ClassRunner.createTest(SpringJUnit4ClassRunner.java:200)
	at org.springframework.test.context.junit4.SpringJUnit4ClassRunner$1.runReflectiveCall(SpringJUnit4ClassRunner.java:259)
	at org.junit.internal.runners.model.ReflectiveCallable.run(ReflectiveCallable.java:12)
	at org.springframework.test.context.junit4.SpringJUnit4ClassRunner.methodBlock(SpringJUnit4ClassRunner.java:261)
	at org.springframework.test.context.junit4.SpringJUnit4ClassRunner.runChild(SpringJUnit4ClassRunner.java:219)
	at org.springframework.test.context.junit4.SpringJUnit4ClassRunner.runChild(SpringJUnit4ClassRunner.java:83)
	at org.junit.runners.ParentRunner$3.run(ParentRunner.java:290)
	at org.junit.runners.ParentRunner$1.schedule(ParentRunner.java:71)
	at org.junit.runners.ParentRunner.runChildren(ParentRunner.java:288)
	at org.junit.runners.ParentRunner.access$000(ParentRunner.java:58)
	at org.junit.runners.ParentRunner$2.evaluate(ParentRunner.java:268)
	at org.springframework.test.context.junit4.statements.RunBeforeTestClassCallbacks.evaluate(RunBeforeTestClassCallbacks.java:61)
	at org.springframework.test.context.junit4.statements.RunAfterTestClassCallbacks.evaluate(RunAfterTestClassCallbacks.java:68)
	at org.junit.runners.ParentRunner.run(ParentRunner.java:363)
	at org.springframework.test.context.junit4.SpringJUnit4ClassRunner.run(SpringJUnit4ClassRunner.java:163)
	at org.junit.runners.Suite.runChild(Suite.java:128)
	at org.junit.runners.Suite.runChild(Suite.java:27)
	at org.junit.runners.ParentRunner$3.run(ParentRunner.java:290)
	at org.junit.runners.ParentRunner$1.schedule(ParentRunner.java:71)
	at org.junit.runners.ParentRunner.runChildren(ParentRunner.java:288)
	at org.junit.runners.ParentRunner.access$000(ParentRunner.java:58)
	at org.junit.runners.ParentRunner$2.evaluate(ParentRunner.java:268)
	at org.junit.runners.ParentRunner.run(ParentRunner.java:363)
	at org.apache.maven.surefire.junit4.JUnit4Provider.execute(JUnit4Provider.java:283)
	at org.apache.maven.surefire.junit4.JUnit4Provider.executeWithRerun(JUnit4Provider.java:173)
	at org.apache.maven.surefire.junit4.JUnit4Provider.executeTestSet(JUnit4Provider.java:153)
	at org.apache.maven.surefire.junit4.JUnit4Provider.invoke(JUnit4Provider.java:128)
	at org.apache.maven.surefire.booter.ForkedBooter.invokeProviderInSameClassLoader(ForkedBooter.java:203)
	at org.apache.maven.surefire.booter.ForkedBooter.runSuitesInProcess(ForkedBooter.java:155)
	at org.apache.maven.surefire.booter.ForkedBooter.main(ForkedBooter.java:103)
]]></error>
    <system-out><![CDATA[16:37:30.890 [main] DEBUG o.s.t.annotation.ProfileValueUtils - Retrieved @ProfileValueSourceConfiguration [null] for test class [org.springframework.data.aerospike.repository.PersonRepositoryIntegrationTests]
16:37:30.891 [main] DEBUG o.s.t.annotation.ProfileValueUtils - Retrieved ProfileValueSource type [class org.springframework.test.annotation.SystemProfileValueSource] for class [org.springframework.data.aerospike.repository.PersonRepositoryIntegrationTests]
16:37:30.891 [main] DEBUG o.s.t.c.s.DependencyInjectionTestExecutionListener - Performing dependency injection for test context [[DefaultTestContext@70807224 testClass = PersonRepositoryIntegrationTests, testInstance = org.springframework.data.aerospike.repository.PersonRepositoryIntegrationTests@7f7af971, testMethod = [null], testException = [null], mergedContextConfiguration = [MergedContextConfiguration@400d912a testClass = PersonRepositoryIntegrationTests, locations = '{}', classes = '{class org.springframework.data.aerospike.repository.TestConfigPerson}', contextInitializerClasses = '[]', activeProfiles = '{}', propertySourceLocations = '{}', propertySourceProperties = '{}', contextLoader = 'org.springframework.test.context.support.DelegatingSmartContextLoader', parent = [null]]]].
16:37:30.891 [main] DEBUG o.s.t.c.s.AbstractDelegatingSmartContextLoader - Delegating to AnnotationConfigContextLoader to load context from [MergedContextConfiguration@400d912a testClass = PersonRepositoryIntegrationTests, locations = '{}', classes = '{class org.springframework.data.aerospike.repository.TestConfigPerson}', contextInitializerClasses = '[]', activeProfiles = '{}', propertySourceLocations = '{}', propertySourceProperties = '{}', contextLoader = 'org.springframework.test.context.support.DelegatingSmartContextLoader', parent = [null]].
16:37:30.891 [main] DEBUG o.s.t.c.s.AbstractGenericContextLoader - Loading ApplicationContext for merged context configuration [[MergedContextConfiguration@400d912a testClass = PersonRepositoryIntegrationTests, locations = '{}', classes = '{class org.springframework.data.aerospike.repository.TestConfigPerson}', contextInitializerClasses = '[]', activeProfiles = '{}', propertySourceLocations = '{}', propertySourceProperties = '{}', contextLoader = 'org.springframework.test.context.support.DelegatingSmartContextLoader', parent = [null]]].
16:37:30.891 [main] DEBUG o.s.core.env.StandardEnvironment - Adding [systemProperties] PropertySource with lowest search precedence
16:37:30.891 [main] DEBUG o.s.core.env.StandardEnvironment - Adding [systemEnvironment] PropertySource with lowest search precedence
16:37:30.891 [main] DEBUG o.s.core.env.StandardEnvironment - Initialized StandardEnvironment with PropertySources [systemProperties,systemEnvironment]
16:37:30.891 [main] DEBUG o.s.t.c.s.AnnotationConfigContextLoader - Registering annotated classes: {class org.springframework.data.aerospike.repository.TestConfigPerson}
16:37:30.893 [main] INFO  o.s.c.s.GenericApplicationContext - Refreshing org.springframework.context.support.GenericApplicationContext@23382f76: startup date [Tue Oct 04 16:37:30 BRT 2016]; root of context hierarchy
16:37:30.893 [main] DEBUG o.s.c.s.GenericApplicationContext - Bean factory for org.springframework.context.support.GenericApplicationContext@23382f76: org.springframework.beans.factory.support.DefaultListableBeanFactory@7c551ad4: defining beans [org.springframework.context.annotation.internalConfigurationAnnotationProcessor,org.springframework.context.annotation.internalAutowiredAnnotationProcessor,org.springframework.context.annotation.internalRequiredAnnotationProcessor,org.springframework.context.annotation.internalCommonAnnotationProcessor,testConfigPerson]; root of factory hierarchy
16:37:30.893 [main] DEBUG o.s.b.f.s.DefaultListableBeanFactory - Creating shared instance of singleton bean 'org.springframework.context.annotation.internalConfigurationAnnotationProcessor'
16:37:30.893 [main] DEBUG o.s.b.f.s.DefaultListableBeanFactory - Creating instance of bean 'org.springframework.context.annotation.internalConfigurationAnnotationProcessor'
16:37:30.893 [main] DEBUG o.s.b.f.s.DefaultListableBeanFactory - Eagerly caching bean 'org.springframework.context.annotation.internalConfigurationAnnotationProcessor' to allow for resolving potential circular references
16:37:30.893 [main] DEBUG o.s.b.f.s.DefaultListableBeanFactory - Finished creating instance of bean 'org.springframework.context.annotation.internalConfigurationAnnotationProcessor'
16:37:30.894 [main] DEBUG o.s.c.a.ConfigurationClassBeanDefinitionReader - Registering bean definition for @Bean method org.springframework.data.aerospike.repository.TestConfigPerson.aerospikeTemplate()
16:37:30.894 [main] DEBUG o.s.c.a.ConfigurationClassBeanDefinitionReader - Registering bean definition for @Bean method org.springframework.data.aerospike.repository.TestConfigPerson.aerospikeClient()
16:37:30.894 [main] DEBUG o.s.core.env.StandardEnvironment - Adding [systemProperties] PropertySource with lowest search precedence
16:37:30.894 [main] DEBUG o.s.core.env.StandardEnvironment - Adding [systemEnvironment] PropertySource with lowest search precedence
16:37:30.894 [main] DEBUG o.s.core.env.StandardEnvironment - Initialized StandardEnvironment with PropertySources [systemProperties,systemEnvironment]
16:37:30.894 [main] DEBUG o.s.c.i.s.PathMatchingResourcePatternResolver - Looking for matching resources in directory tree [/home/aluno/spring-projects/maven/spring-data-aerospike/target/test-classes/org/springframework/data]
16:37:30.895 [main] DEBUG o.s.c.i.s.PathMatchingResourcePatternResolver - Searching directory [/home/aluno/spring-projects/maven/spring-data-aerospike/target/test-classes/org/springframework/data] for files matching pattern [/home/aluno/spring-projects/maven/spring-data-aerospike/target/test-classes/org/springframework/data/**/repository/support/**/*.class]
16:37:30.902 [main] DEBUG o.s.c.i.s.PathMatchingResourcePatternResolver - Searching directory [/home/aluno/spring-projects/maven/spring-data-aerospike/target/test-classes/org/springframework/data/keyvalue] for files matching pattern [/home/aluno/spring-projects/maven/spring-data-aerospike/target/test-classes/org/springframework/data/**/repository/support/**/*.class]
16:37:30.903 [main] DEBUG o.s.c.i.s.PathMatchingResourcePatternResolver - Searching directory [/home/aluno/spring-projects/maven/spring-data-aerospike/target/test-classes/org/springframework/data/keyvalue/repository] for files matching pattern [/home/aluno/spring-projects/maven/spring-data-aerospike/target/test-classes/org/springframework/data/**/repository/support/**/*.class]
16:37:30.903 [main] DEBUG o.s.c.i.s.PathMatchingResourcePatternResolver - Searching directory [/home/aluno/spring-projects/maven/spring-data-aerospike/target/test-classes/org/springframework/data/keyvalue/repository/query] for files matching pattern [/home/aluno/spring-projects/maven/spring-data-aerospike/target/test-classes/org/springframework/data/**/repository/support/**/*.class]
16:37:30.903 [main] DEBUG o.s.c.i.s.PathMatchingResourcePatternResolver - Searching directory [/home/aluno/spring-projects/maven/spring-data-aerospike/target/test-classes/org/springframework/data/aerospike] for files matching pattern [/home/aluno/spring-projects/maven/spring-data-aerospike/target/test-classes/org/springframework/data/**/repository/support/**/*.class]
16:37:30.904 [main] DEBUG o.s.c.i.s.PathMatchingResourcePatternResolver - Searching directory [/home/aluno/spring-projects/maven/spring-data-aerospike/target/test-classes/org/springframework/data/aerospike/mapping] for files matching pattern [/home/aluno/spring-projects/maven/spring-data-aerospike/target/test-classes/org/springframework/data/**/repository/support/**/*.class]
16:37:30.904 [main] DEBUG o.s.c.i.s.PathMatchingResourcePatternResolver - Searching directory [/home/aluno/spring-projects/maven/spring-data-aerospike/target/test-classes/org/springframework/data/aerospike/core] for files matching pattern [/home/aluno/spring-projects/maven/spring-data-aerospike/target/test-classes/org/springframework/data/**/repository/support/**/*.class]
16:37:30.904 [main] DEBUG o.s.c.i.s.PathMatchingResourcePatternResolver - Searching directory [/home/aluno/spring-projects/maven/spring-data-aerospike/target/test-classes/org/springframework/data/aerospike/convert] for files matching pattern [/home/aluno/spring-projects/maven/spring-data-aerospike/target/test-classes/org/springframework/data/**/repository/support/**/*.class]
16:37:30.905 [main] DEBUG o.s.c.i.s.PathMatchingResourcePatternResolver - Searching directory [/home/aluno/spring-projects/maven/spring-data-aerospike/target/test-classes/org/springframework/data/aerospike/sample] for files matching pattern [/home/aluno/spring-projects/maven/spring-data-aerospike/target/test-classes/org/springframework/data/**/repository/support/**/*.class]
16:37:30.905 [main] DEBUG o.s.c.i.s.PathMatchingResourcePatternResolver - Searching directory [/home/aluno/spring-projects/maven/spring-data-aerospike/target/test-classes/org/springframework/data/aerospike/repository] for files matching pattern [/home/aluno/spring-projects/maven/spring-data-aerospike/target/test-classes/org/springframework/data/**/repository/support/**/*.class]
16:37:30.914 [main] DEBUG o.s.c.i.s.PathMatchingResourcePatternResolver - Searching directory [/home/aluno/spring-projects/maven/spring-data-aerospike/target/test-classes/org/springframework/data/aerospike/repository/support] for files matching pattern [/home/aluno/spring-projects/maven/spring-data-aerospike/target/test-classes/org/springframework/data/**/repository/support/**/*.class]
16:37:30.920 [main] DEBUG o.s.c.i.s.PathMatchingResourcePatternResolver - Searching directory [/home/aluno/spring-projects/maven/spring-data-aerospike/target/test-classes/org/springframework/data/aerospike/repository/query] for files matching pattern [/home/aluno/spring-projects/maven/spring-data-aerospike/target/test-classes/org/springframework/data/**/repository/support/**/*.class]
16:37:30.921 [main] DEBUG o.s.c.i.s.PathMatchingResourcePatternResolver - Searching directory [/home/aluno/spring-projects/maven/spring-data-aerospike/target/test-classes/org/springframework/data/aerospike/config] for files matching pattern [/home/aluno/spring-projects/maven/spring-data-aerospike/target/test-classes/org/springframework/data/**/repository/support/**/*.class]
16:37:30.921 [main] DEBUG o.s.c.i.s.PathMatchingResourcePatternResolver - Searching directory [/home/aluno/spring-projects/maven/spring-data-aerospike/target/test-classes/org/springframework/data/aerospike/cache] for files matching pattern [/home/aluno/spring-projects/maven/spring-data-aerospike/target/test-classes/org/springframework/data/**/repository/support/**/*.class]
16:37:30.922 [main] DEBUG o.s.c.i.s.PathMatchingResourcePatternResolver - Looking for matching resources in directory tree [/home/aluno/spring-projects/maven/spring-data-aerospike/target/classes/org/springframework/data]
16:37:30.922 [main] DEBUG o.s.c.i.s.PathMatchingResourcePatternResolver - Searching directory [/home/aluno/spring-projects/maven/spring-data-aerospike/target/classes/org/springframework/data] for files matching pattern [/home/aluno/spring-projects/maven/spring-data-aerospike/target/classes/org/springframework/data/**/repository/support/**/*.class]
16:37:30.929 [main] DEBUG o.s.c.i.s.PathMatchingResourcePatternResolver - Searching directory [/home/aluno/spring-projects/maven/spring-data-aerospike/target/classes/org/springframework/data/aerospike] for files matching pattern [/home/aluno/spring-projects/maven/spring-data-aerospike/target/classes/org/springframework/data/**/repository/support/**/*.class]
16:37:30.929 [main] DEBUG o.s.c.i.s.PathMatchingResourcePatternResolver - Searching directory [/home/aluno/spring-projects/maven/spring-data-aerospike/target/classes/org/springframework/data/aerospike/mapping] for files matching pattern [/home/aluno/spring-projects/maven/spring-data-aerospike/target/classes/org/springframework/data/**/repository/support/**/*.class]
16:37:30.929 [main] DEBUG o.s.c.i.s.PathMatchingResourcePatternResolver - Searching directory [/home/aluno/spring-projects/maven/spring-data-aerospike/target/classes/org/springframework/data/aerospike/core] for files matching pattern [/home/aluno/spring-projects/maven/spring-data-aerospike/target/classes/org/springframework/data/**/repository/support/**/*.class]
16:37:30.930 [main] DEBUG o.s.c.i.s.PathMatchingResourcePatternResolver - Searching directory [/home/aluno/spring-projects/maven/spring-data-aerospike/target/classes/org/springframework/data/aerospike/convert] for files matching pattern [/home/aluno/spring-projects/maven/spring-data-aerospike/target/classes/org/springframework/data/**/repository/support/**/*.class]
16:37:30.938 [main] DEBUG o.s.c.i.s.PathMatchingResourcePatternResolver - Searching directory [/home/aluno/spring-projects/maven/spring-data-aerospike/target/classes/org/springframework/data/aerospike/example] for files matching pattern [/home/aluno/spring-projects/maven/spring-data-aerospike/target/classes/org/springframework/data/**/repository/support/**/*.class]
16:37:30.945 [main] DEBUG o.s.c.i.s.PathMatchingResourcePatternResolver - Searching directory [/home/aluno/spring-projects/maven/spring-data-aerospike/target/classes/org/springframework/data/aerospike/example/data] for files matching pattern [/home/aluno/spring-projects/maven/spring-data-aerospike/target/classes/org/springframework/data/**/repository/support/**/*.class]
16:37:30.945 [main] DEBUG o.s.c.i.s.PathMatchingResourcePatternResolver - Searching directory [/home/aluno/spring-projects/maven/spring-data-aerospike/target/classes/org/springframework/data/aerospike/example/config] for files matching pattern [/home/aluno/spring-projects/maven/spring-data-aerospike/target/classes/org/springframework/data/**/repository/support/**/*.class]
16:37:30.945 [main] DEBUG o.s.c.i.s.PathMatchingResourcePatternResolver - Searching directory [/home/aluno/spring-projects/maven/spring-data-aerospike/target/classes/org/springframework/data/aerospike/annotation] for files matching pattern [/home/aluno/spring-projects/maven/spring-data-aerospike/target/classes/org/springframework/data/**/repository/support/**/*.class]
16:37:30.945 [main] DEBUG o.s.c.i.s.PathMatchingResourcePatternResolver - Searching directory [/home/aluno/spring-projects/maven/spring-data-aerospike/target/classes/org/springframework/data/aerospike/repository] for files matching pattern [/home/aluno/spring-projects/maven/spring-data-aerospike/target/classes/org/springframework/data/**/repository/support/**/*.class]
16:37:30.945 [main] DEBUG o.s.c.i.s.PathMatchingResourcePatternResolver - Searching directory [/home/aluno/spring-projects/maven/spring-data-aerospike/target/classes/org/springframework/data/aerospike/repository/support] for files matching pattern [/home/aluno/spring-projects/maven/spring-data-aerospike/target/classes/org/springframework/data/**/repository/support/**/*.class]
16:37:30.971 [main] DEBUG o.s.c.i.s.PathMatchingResourcePatternResolver - Searching directory [/home/aluno/spring-projects/maven/spring-data-aerospike/target/classes/org/springframework/data/aerospike/repository/config] for files matching pattern [/home/aluno/spring-projects/maven/spring-data-aerospike/target/classes/org/springframework/data/**/repository/support/**/*.class]
16:37:30.971 [main] DEBUG o.s.c.i.s.PathMatchingResourcePatternResolver - Searching directory [/home/aluno/spring-projects/maven/spring-data-aerospike/target/classes/org/springframework/data/aerospike/repository/query] for files matching pattern [/home/aluno/spring-projects/maven/spring-data-aerospike/target/classes/org/springframework/data/**/repository/support/**/*.class]
16:37:30.979 [main] DEBUG o.s.c.i.s.PathMatchingResourcePatternResolver - Searching directory [/home/aluno/spring-projects/maven/spring-data-aerospike/target/classes/org/springframework/data/aerospike/config] for files matching pattern [/home/aluno/spring-projects/maven/spring-data-aerospike/target/classes/org/springframework/data/**/repository/support/**/*.class]
16:37:30.980 [main] DEBUG o.s.c.i.s.PathMatchingResourcePatternResolver - Searching directory [/home/aluno/spring-projects/maven/spring-data-aerospike/target/classes/org/springframework/data/aerospike/cache] for files matching pattern [/home/aluno/spring-projects/maven/spring-data-aerospike/target/classes/org/springframework/data/**/repository/support/**/*.class]
16:37:30.990 [main] DEBUG o.s.c.i.s.PathMatchingResourcePatternResolver - Searching directory [/home/aluno/spring-projects/maven/spring-data-aerospike/target/classes/org/springframework/data/aerospike/utility] for files matching pattern [/home/aluno/spring-projects/maven/spring-data-aerospike/target/classes/org/springframework/data/**/repository/support/**/*.class]
16:37:30.990 [main] DEBUG o.s.c.i.s.PathMatchingResourcePatternResolver - Looking for matching resources in jar file [file:/home/aluno/.m2/repository/org/springframework/data/spring-data-commons/1.11.0.RELEASE/spring-data-commons-1.11.0.RELEASE.jar]
16:37:30.992 [main] DEBUG o.s.c.i.s.PathMatchingResourcePatternResolver - Looking for matching resources in jar file [file:/home/aluno/.m2/repository/org/springframework/data/spring-data-keyvalue/1.0.0.M1/spring-data-keyvalue-1.0.0.M1.jar]
16:37:30.992 [main] DEBUG o.s.c.i.s.PathMatchingResourcePatternResolver - Resolved location pattern [classpath*:org/springframework/data/**/repository/support/**/*.class] to resources [file [/home/aluno/spring-projects/maven/spring-data-aerospike/target/test-classes/org/springframework/data/aerospike/repository/support/SimpleAerospikeRepositoryTest$5.class], file [/home/aluno/spring-projects/maven/spring-data-aerospike/target/test-classes/org/springframework/data/aerospike/repository/support/SimpleAerospikeRepositoryTest$9.class], file [/home/aluno/spring-projects/maven/spring-data-aerospike/target/test-classes/org/springframework/data/aerospike/repository/support/SimpleAerospikeRepositoryTest$4.class], file [/home/aluno/spring-projects/maven/spring-data-aerospike/target/test-classes/org/springframework/data/aerospike/repository/support/AerospikeRepositoryFactoryTest.class], file [/home/aluno/spring-projects/maven/spring-data-aerospike/target/test-classes/org/springframework/data/aerospike/repository/support/SimpleAerospikeRepositoryTest.class], file [/home/aluno/spring-projects/maven/spring-data-aerospike/target/test-classes/org/springframework/data/aerospike/repository/support/SimpleAerospikeRepositoryTest$1.class], file [/home/aluno/spring-projects/maven/spring-data-aerospike/target/test-classes/org/springframework/data/aerospike/repository/support/SimpleAerospikeRepositoryTest$3.class], file [/home/aluno/spring-projects/maven/spring-data-aerospike/target/test-classes/org/springframework/data/aerospike/repository/support/SimpleAerospikeRepositoryTest$8.class], file [/home/aluno/spring-projects/maven/spring-data-aerospike/target/test-classes/org/springframework/data/aerospike/repository/support/SimpleAerospikeRepositoryTest$6.class], file [/home/aluno/spring-projects/maven/spring-data-aerospike/target/test-classes/org/springframework/data/aerospike/repository/support/SimpleAerospikeRepositoryTest$2.class], file [/home/aluno/spring-projects/maven/spring-data-aerospike/target/test-classes/org/springframework/data/aerospike/repository/support/AllTests.class], file [/home/aluno/spring-projects/maven/spring-data-aerospike/target/test-classes/org/springframework/data/aerospike/repository/support/SimpleAerospikeRepositoryTest$7.class], file [/home/aluno/spring-projects/maven/spring-data-aerospike/target/classes/org/springframework/data/aerospike/repository/support/AerospikeRepositoryFactoryBean.class], file [/home/aluno/spring-projects/maven/spring-data-aerospike/target/classes/org/springframework/data/aerospike/repository/support/AerospikeRepositoryFactory$AerospikeQueryLookupStrategy.class], file [/home/aluno/spring-projects/maven/spring-data-aerospike/target/classes/org/springframework/data/aerospike/repository/support/AerospikeRepositoryFactory.class], file [/home/aluno/spring-projects/maven/spring-data-aerospike/target/classes/org/springframework/data/aerospike/repository/support/SimpleAerospikeRepository.class], URL [jar:file:/home/aluno/.m2/repository/org/springframework/data/spring-data-commons/1.11.0.RELEASE/spring-data-commons-1.11.0.RELEASE.jar!/org/springframework/data/repository/support/DomainClassConverter$ConversionMatchAbbreviationException.class], URL [jar:file:/home/aluno/.m2/repository/org/springframework/data/spring-data-commons/1.11.0.RELEASE/spring-data-commons-1.11.0.RELEASE.jar!/org/springframework/data/repository/support/DomainClassConverter$ToIdConverter.class], URL [jar:file:/home/aluno/.m2/repository/org/springframework/data/spring-data-commons/1.11.0.RELEASE/spring-data-commons-1.11.0.RELEASE.jar!/org/springframework/data/repository/support/Repositories$EmptyRepositoryFactoryInformation.class], URL [jar:file:/home/aluno/.m2/repository/org/springframework/data/spring-data-commons/1.11.0.RELEASE/spring-data-commons-1.11.0.RELEASE.jar!/org/springframework/data/repository/support/PagingAndSortingRepositoryInvoker.class], URL [jar:file:/home/aluno/.m2/repository/org/springframework/data/spring-data-commons/1.11.0.RELEASE/spring-data-commons-1.11.0.RELEASE.jar!/org/springframework/data/repository/support/QueryMethodParameterConversionException.class], URL [jar:file:/home/aluno/.m2/repository/org/springframework/data/spring-data-commons/1.11.0.RELEASE/spring-data-commons-1.11.0.RELEASE.jar!/org/springframework/data/repository/support/MethodParameters.class], URL [jar:file:/home/aluno/.m2/repository/org/springframework/data/spring-data-commons/1.11.0.RELEASE/spring-data-commons-1.11.0.RELEASE.jar!/org/springframework/data/repository/support/RepositoryInvoker.class], URL [jar:file:/home/aluno/.m2/repository/org/springframework/data/spring-data-commons/1.11.0.RELEASE/spring-data-commons-1.11.0.RELEASE.jar!/org/springframework/data/repository/support/RepositoryInvokerFactory.class], URL [jar:file:/home/aluno/.m2/repository/org/springframework/data/spring-data-commons/1.11.0.RELEASE/spring-data-commons-1.11.0.RELEASE.jar!/org/springframework/data/repository/support/DomainClassPropertyEditorRegistrar.class], URL [jar:file:/home/aluno/.m2/repository/org/springframework/data/spring-data-commons/1.11.0.RELEASE/spring-data-commons-1.11.0.RELEASE.jar!/org/springframework/data/repository/support/AnnotationAttribute.class], URL [jar:file:/home/aluno/.m2/repository/org/springframework/data/spring-data-commons/1.11.0.RELEASE/spring-data-commons-1.11.0.RELEASE.jar!/org/springframework/data/repository/support/DefaultRepositoryInvokerFactory.class], URL [jar:file:/home/aluno/.m2/repository/org/springframework/data/spring-data-commons/1.11.0.RELEASE/spring-data-commons-1.11.0.RELEASE.jar!/org/springframework/data/repository/support/MethodParameters$AnnotationNamingMethodParameter.class], URL [jar:file:/home/aluno/.m2/repository/org/springframework/data/spring-data-commons/1.11.0.RELEASE/spring-data-commons-1.11.0.RELEASE.jar!/org/springframework/data/repository/support/CrudRepositoryInvoker.class], URL [jar:file:/home/aluno/.m2/repository/org/springframework/data/spring-data-commons/1.11.0.RELEASE/spring-data-commons-1.11.0.RELEASE.jar!/org/springframework/data/repository/support/Repositories.class], URL [jar:file:/home/aluno/.m2/repository/org/springframework/data/spring-data-commons/1.11.0.RELEASE/spring-data-commons-1.11.0.RELEASE.jar!/org/springframework/data/repository/support/DomainClassConverter$ToEntityConverter.class], URL [jar:file:/home/aluno/.m2/repository/org/springframework/data/spring-data-commons/1.11.0.RELEASE/spring-data-commons-1.11.0.RELEASE.jar!/org/springframework/data/repository/support/ReflectionRepositoryInvoker.class], URL [jar:file:/home/aluno/.m2/repository/org/springframework/data/spring-data-commons/1.11.0.RELEASE/spring-data-commons-1.11.0.RELEASE.jar!/org/springframework/data/repository/support/DomainClassPropertyEditor.class], URL [jar:file:/home/aluno/.m2/repository/org/springframework/data/spring-data-commons/1.11.0.RELEASE/spring-data-commons-1.11.0.RELEASE.jar!/org/springframework/data/repository/support/DomainClassConverter.class], URL [jar:file:/home/aluno/.m2/repository/org/springframework/data/spring-data-commons/1.11.0.RELEASE/spring-data-commons-1.11.0.RELEASE.jar!/org/springframework/data/repository/support/DomainClassConverter$1.class], URL [jar:file:/home/aluno/.m2/repository/org/springframework/data/spring-data-commons/1.11.0.RELEASE/spring-data-commons-1.11.0.RELEASE.jar!/org/springframework/data/repository/support/RepositoryInvocationInformation.class], URL [jar:file:/home/aluno/.m2/repository/org/springframework/data/spring-data-keyvalue/1.0.0.M1/spring-data-keyvalue-1.0.0.M1.jar!/org/springframework/data/keyvalue/repository/support/KeyValueRepositoryFactory$KeyValueQueryLookupStrategy.class], URL [jar:file:/home/aluno/.m2/repository/org/springframework/data/spring-data-keyvalue/1.0.0.M1/spring-data-keyvalue-1.0.0.M1.jar!/org/springframework/data/keyvalue/repository/support/QuerydslKeyValueRepository.class], URL [jar:file:/home/aluno/.m2/repository/org/springframework/data/spring-data-keyvalue/1.0.0.M1/spring-data-keyvalue-1.0.0.M1.jar!/org/springframework/data/keyvalue/repository/support/KeyValueRepositoryFactoryBean.class], URL [jar:file:/home/aluno/.m2/repository/org/springframework/data/spring-data-keyvalue/1.0.0.M1/spring-data-keyvalue-1.0.0.M1.jar!/org/springframework/data/keyvalue/repository/support/KeyValueQuerydslUtils$1.class], URL [jar:file:/home/aluno/.m2/repository/org/springframework/data/spring-data-keyvalue/1.0.0.M1/spring-data-keyvalue-1.0.0.M1.jar!/org/springframework/data/keyvalue/repository/support/KeyValueQuerydslUtils.class], URL [jar:file:/home/aluno/.m2/repository/org/springframework/data/spring-data-keyvalue/1.0.0.M1/spring-data-keyvalue-1.0.0.M1.jar!/org/springframework/data/keyvalue/repository/support/KeyValueRepositoryFactory.class], URL [jar:file:/home/aluno/.m2/repository/org/springframework/data/spring-data-keyvalue/1.0.0.M1/spring-data-keyvalue-1.0.0.M1.jar!/org/springframework/data/keyvalue/repository/support/SimpleKeyValueRepository.class]]
16:37:30.994 [main] DEBUG o.s.c.a.ClassPathScanningCandidateComponentProvider - Identified candidate component class: file [/home/aluno/spring-projects/maven/spring-data-aerospike/target/classes/org/springframework/data/aerospike/repository/support/AerospikeRepositoryFactory.class]
16:37:30.999 [main] DEBUG o.s.c.a.ClassPathScanningCandidateComponentProvider - Identified candidate component class: URL [jar:file:/home/aluno/.m2/repository/org/springframework/data/spring-data-keyvalue/1.0.0.M1/spring-data-keyvalue-1.0.0.M1.jar!/org/springframework/data/keyvalue/repository/support/KeyValueRepositoryFactory.class]
16:37:30.999 [main] DEBUG o.s.d.r.c.RepositoryConfigurationDelegate - Multiple Spring Data modules found, entering strict repository configuration mode!
16:37:30.999 [main] DEBUG o.s.core.env.StandardEnvironment - Adding [systemProperties] PropertySource with lowest search precedence
16:37:30.999 [main] DEBUG o.s.core.env.StandardEnvironment - Adding [systemEnvironment] PropertySource with lowest search precedence
16:37:30.999 [main] DEBUG o.s.core.env.StandardEnvironment - Initialized StandardEnvironment with PropertySources [systemProperties,systemEnvironment]
16:37:30.999 [main] DEBUG o.s.c.i.s.PathMatchingResourcePatternResolver - Looking for matching resources in directory tree [/home/aluno/spring-projects/maven/spring-data-aerospike/target/test-classes/org/springframework/data/aerospike/repository]
16:37:30.999 [main] DEBUG o.s.c.i.s.PathMatchingResourcePatternResolver - Searching directory [/home/aluno/spring-projects/maven/spring-data-aerospike/target/test-classes/org/springframework/data/aerospike/repository] for files matching pattern [/home/aluno/spring-projects/maven/spring-data-aerospike/target/test-classes/org/springframework/data/aerospike/repository/**/*.class]
16:37:31.000 [main] DEBUG o.s.c.i.s.PathMatchingResourcePatternResolver - Searching directory [/home/aluno/spring-projects/maven/spring-data-aerospike/target/test-classes/org/springframework/data/aerospike/repository/support] for files matching pattern [/home/aluno/spring-projects/maven/spring-data-aerospike/target/test-classes/org/springframework/data/aerospike/repository/**/*.class]
16:37:31.000 [main] DEBUG o.s.c.i.s.PathMatchingResourcePatternResolver - Searching directory [/home/aluno/spring-projects/maven/spring-data-aerospike/target/test-classes/org/springframework/data/aerospike/repository/query] for files matching pattern [/home/aluno/spring-projects/maven/spring-data-aerospike/target/test-classes/org/springframework/data/aerospike/repository/**/*.class]
16:37:31.000 [main] DEBUG o.s.c.i.s.PathMatchingResourcePatternResolver - Looking for matching resources in directory tree [/home/aluno/spring-projects/maven/spring-data-aerospike/target/classes/org/springframework/data/aerospike/repository]
16:37:31.000 [main] DEBUG o.s.c.i.s.PathMatchingResourcePatternResolver - Searching directory [/home/aluno/spring-projects/maven/spring-data-aerospike/target/classes/org/springframework/data/aerospike/repository] for files matching pattern [/home/aluno/spring-projects/maven/spring-data-aerospike/target/classes/org/springframework/data/aerospike/repository/**/*.class]
16:37:31.000 [main] DEBUG o.s.c.i.s.PathMatchingResourcePatternResolver - Searching directory [/home/aluno/spring-projects/maven/spring-data-aerospike/target/classes/org/springframework/data/aerospike/repository/support] for files matching pattern [/home/aluno/spring-projects/maven/spring-data-aerospike/target/classes/org/springframework/data/aerospike/repository/**/*.class]
16:37:31.000 [main] DEBUG o.s.c.i.s.PathMatchingResourcePatternResolver - Searching directory [/home/aluno/spring-projects/maven/spring-data-aerospike/target/classes/org/springframework/data/aerospike/repository/config] for files matching pattern [/home/aluno/spring-projects/maven/spring-data-aerospike/target/classes/org/springframework/data/aerospike/repository/**/*.class]
16:37:31.000 [main] DEBUG o.s.c.i.s.PathMatchingResourcePatternResolver - Searching directory [/home/aluno/spring-projects/maven/spring-data-aerospike/target/classes/org/springframework/data/aerospike/repository/query] for files matching pattern [/home/aluno/spring-projects/maven/spring-data-aerospike/target/classes/org/springframework/data/aerospike/repository/**/*.class]
16:37:31.000 [main] DEBUG o.s.c.i.s.PathMatchingResourcePatternResolver - Resolved location pattern [classpath*:org/springframework/data/aerospike/repository/**/*.class] to resources [file [/home/aluno/spring-projects/maven/spring-data-aerospike/target/test-classes/org/springframework/data/aerospike/repository/Credentials.class], file [/home/aluno/spring-projects/maven/spring-data-aerospike/target/test-classes/org/springframework/data/aerospike/repository/AbstractPersonRepositoryIntegrationTests$1.class], file [/home/aluno/spring-projects/maven/spring-data-aerospike/target/test-classes/org/springframework/data/aerospike/repository/PersonRepository.class], file [/home/aluno/spring-projects/maven/spring-data-aerospike/target/test-classes/org/springframework/data/aerospike/repository/TestConfigPerson.class], file [/home/aluno/spring-projects/maven/spring-data-aerospike/target/test-classes/org/springframework/data/aerospike/repository/Address.class], file [/home/aluno/spring-projects/maven/spring-data-aerospike/target/test-classes/org/springframework/data/aerospike/repository/Person$Sex.class], file [/home/aluno/spring-projects/maven/spring-data-aerospike/target/test-classes/org/springframework/data/aerospike/repository/Person.class], file [/home/aluno/spring-projects/maven/spring-data-aerospike/target/test-classes/org/springframework/data/aerospike/repository/ContactRepository.class], file [/home/aluno/spring-projects/maven/spring-data-aerospike/target/test-classes/org/springframework/data/aerospike/repository/AbstractPersonRepositoryIntegrationTests.class], file [/home/aluno/spring-projects/maven/spring-data-aerospike/target/test-classes/org/springframework/data/aerospike/repository/User.class], file [/home/aluno/spring-projects/maven/spring-data-aerospike/target/test-classes/org/springframework/data/aerospike/repository/CustomerRepositoriesIntegrationTests$Config.class], file [/home/aluno/spring-projects/maven/spring-data-aerospike/target/test-classes/org/springframework/data/aerospike/repository/AnnotatedPerson.class], file [/home/aluno/spring-projects/maven/spring-data-aerospike/target/test-classes/org/springframework/data/aerospike/repository/support/SimpleAerospikeRepositoryTest$5.class], file [/home/aluno/spring-projects/maven/spring-data-aerospike/target/test-classes/org/springframework/data/aerospike/repository/support/SimpleAerospikeRepositoryTest$9.class], file [/home/aluno/spring-projects/maven/spring-data-aerospike/target/test-classes/org/springframework/data/aerospike/repository/support/SimpleAerospikeRepositoryTest$4.class], file [/home/aluno/spring-projects/maven/spring-data-aerospike/target/test-classes/org/springframework/data/aerospike/repository/support/AerospikeRepositoryFactoryTest.class], file [/home/aluno/spring-projects/maven/spring-data-aerospike/target/test-classes/org/springframework/data/aerospike/repository/support/SimpleAerospikeRepositoryTest.class], file [/home/aluno/spring-projects/maven/spring-data-aerospike/target/test-classes/org/springframework/data/aerospike/repository/support/SimpleAerospikeRepositoryTest$1.class], file [/home/aluno/spring-projects/maven/spring-data-aerospike/target/test-classes/org/springframework/data/aerospike/repository/support/SimpleAerospikeRepositoryTest$3.class], file [/home/aluno/spring-projects/maven/spring-data-aerospike/target/test-classes/org/springframework/data/aerospike/repository/support/SimpleAerospikeRepositoryTest$8.class], file [/home/aluno/spring-projects/maven/spring-data-aerospike/target/test-classes/org/springframework/data/aerospike/repository/support/SimpleAerospikeRepositoryTest$6.class], file [/home/aluno/spring-projects/maven/spring-data-aerospike/target/test-classes/org/springframework/data/aerospike/repository/support/SimpleAerospikeRepositoryTest$2.class], file [/home/aluno/spring-projects/maven/spring-data-aerospike/target/test-classes/org/springframework/data/aerospike/repository/support/AllTests.class], file [/home/aluno/spring-projects/maven/spring-data-aerospike/target/test-classes/org/springframework/data/aerospike/repository/support/SimpleAerospikeRepositoryTest$7.class], file [/home/aluno/spring-projects/maven/spring-data-aerospike/target/test-classes/org/springframework/data/aerospike/repository/Contact.class], file [/home/aluno/spring-projects/maven/spring-data-aerospike/target/test-classes/org/springframework/data/aerospike/repository/AllTests.class], file [/home/aluno/spring-projects/maven/spring-data-aerospike/target/test-classes/org/springframework/data/aerospike/repository/PersonRepositoryIntegrationTests.class], file [/home/aluno/spring-projects/maven/spring-data-aerospike/target/test-classes/org/springframework/data/aerospike/repository/query/StubParameterAccessor.class], file [/home/aluno/spring-projects/maven/spring-data-aerospike/target/test-classes/org/springframework/data/aerospike/repository/query/AllTests.class], file [/home/aluno/spring-projects/maven/spring-data-aerospike/target/test-classes/org/springframework/data/aerospike/repository/query/AerospikePartTreeQueryTest.class], file [/home/aluno/spring-projects/maven/spring-data-aerospike/target/test-classes/org/springframework/data/aerospike/repository/CustomerRepositoriesIntegrationTests.class], file [/home/aluno/spring-projects/maven/spring-data-aerospike/target/classes/org/springframework/data/aerospike/repository/AerospikeRepository.class], file [/home/aluno/spring-projects/maven/spring-data-aerospike/target/classes/org/springframework/data/aerospike/repository/support/AerospikeRepositoryFactoryBean.class], file [/home/aluno/spring-projects/maven/spring-data-aerospike/target/classes/org/springframework/data/aerospike/repository/support/AerospikeRepositoryFactory$AerospikeQueryLookupStrategy.class], file [/home/aluno/spring-projects/maven/spring-data-aerospike/target/classes/org/springframework/data/aerospike/repository/support/AerospikeRepositoryFactory.class], file [/home/aluno/spring-projects/maven/spring-data-aerospike/target/classes/org/springframework/data/aerospike/repository/support/SimpleAerospikeRepository.class], file [/home/aluno/spring-projects/maven/spring-data-aerospike/target/classes/org/springframework/data/aerospike/repository/config/AerospikeRepositoriesRegistrar.class], file [/home/aluno/spring-projects/maven/spring-data-aerospike/target/classes/org/springframework/data/aerospike/repository/config/EnableAerospikeRepositories.class], file [/home/aluno/spring-projects/maven/spring-data-aerospike/target/classes/org/springframework/data/aerospike/repository/config/AerospikeRepositoriesRegistrar$1.class], file [/home/aluno/spring-projects/maven/spring-data-aerospike/target/classes/org/springframework/data/aerospike/repository/config/AerospikeRepositoriesRegistrar$AerospikeRepositoryConfigurationExtension.class], file [/home/aluno/spring-projects/maven/spring-data-aerospike/target/classes/org/springframework/data/aerospike/repository/query/AerospikeParameterAccessor.class], file [/home/aluno/spring-projects/maven/spring-data-aerospike/target/classes/org/springframework/data/aerospike/repository/query/Query.class], file [/home/aluno/spring-projects/maven/spring-data-aerospike/target/classes/org/springframework/data/aerospike/repository/query/ConvertingParameterAccessor.class], file [/home/aluno/spring-projects/maven/spring-data-aerospike/target/classes/org/springframework/data/aerospike/repository/query/AerospikeQueryCreator$1.class], file [/home/aluno/spring-projects/maven/spring-data-aerospike/target/classes/org/springframework/data/aerospike/repository/query/CriteriaDefinition.class], file [/home/aluno/spring-projects/maven/spring-data-aerospike/target/classes/org/springframework/data/aerospike/repository/query/TextCriteria.class], file [/home/aluno/spring-projects/maven/spring-data-aerospike/target/classes/org/springframework/data/aerospike/repository/query/Criteria.class], file [/home/aluno/spring-projects/maven/spring-data-aerospike/target/classes/org/springframework/data/aerospike/repository/query/AerospikePartTreeQuery.class], file [/home/aluno/spring-projects/maven/spring-data-aerospike/target/classes/org/springframework/data/aerospike/repository/query/AerospikeQueryCreator.class]]
16:37:31.001 [main] DEBUG o.s.d.r.c.RepositoryComponentProvider - Identified candidate component class: file [/home/aluno/spring-projects/maven/spring-data-aerospike/target/test-classes/org/springframework/data/aerospike/repository/PersonRepository.class]
16:37:31.002 [main] DEBUG o.s.d.r.c.RepositoryComponentProvider - Identified candidate component class: file [/home/aluno/spring-projects/maven/spring-data-aerospike/target/test-classes/org/springframework/data/aerospike/repository/ContactRepository.class]
16:37:31.008 [main] DEBUG o.s.core.env.StandardEnvironment - Adding [systemProperties] PropertySource with lowest search precedence
16:37:31.008 [main] DEBUG o.s.core.env.StandardEnvironment - Adding [systemEnvironment] PropertySource with lowest search precedence
16:37:31.008 [main] DEBUG o.s.core.env.StandardEnvironment - Initialized StandardEnvironment with PropertySources [systemProperties,systemEnvironment]
16:37:31.008 [main] DEBUG o.s.c.i.s.PathMatchingResourcePatternResolver - Looking for matching resources in directory tree [/home/aluno/spring-projects/maven/spring-data-aerospike/target/test-classes/org/springframework/data/aerospike/repository]
16:37:31.008 [main] DEBUG o.s.c.i.s.PathMatchingResourcePatternResolver - Searching directory [/home/aluno/spring-projects/maven/spring-data-aerospike/target/test-classes/org/springframework/data/aerospike/repository] for files matching pattern [/home/aluno/spring-projects/maven/spring-data-aerospike/target/test-classes/org/springframework/data/aerospike/repository/**/*PersonRepositoryImpl.class]
16:37:31.008 [main] DEBUG o.s.c.i.s.PathMatchingResourcePatternResolver - Searching directory [/home/aluno/spring-projects/maven/spring-data-aerospike/target/test-classes/org/springframework/data/aerospike/repository/support] for files matching pattern [/home/aluno/spring-projects/maven/spring-data-aerospike/target/test-classes/org/springframework/data/aerospike/repository/**/*PersonRepositoryImpl.class]
16:37:31.009 [main] DEBUG o.s.c.i.s.PathMatchingResourcePatternResolver - Searching directory [/home/aluno/spring-projects/maven/spring-data-aerospike/target/test-classes/org/springframework/data/aerospike/repository/query] for files matching pattern [/home/aluno/spring-projects/maven/spring-data-aerospike/target/test-classes/org/springframework/data/aerospike/repository/**/*PersonRepositoryImpl.class]
16:37:31.009 [main] DEBUG o.s.c.i.s.PathMatchingResourcePatternResolver - Looking for matching resources in directory tree [/home/aluno/spring-projects/maven/spring-data-aerospike/target/classes/org/springframework/data/aerospike/repository]
16:37:31.009 [main] DEBUG o.s.c.i.s.PathMatchingResourcePatternResolver - Searching directory [/home/aluno/spring-projects/maven/spring-data-aerospike/target/classes/org/springframework/data/aerospike/repository] for files matching pattern [/home/aluno/spring-projects/maven/spring-data-aerospike/target/classes/org/springframework/data/aerospike/repository/**/*PersonRepositoryImpl.class]
16:37:31.009 [main] DEBUG o.s.c.i.s.PathMatchingResourcePatternResolver - Searching directory [/home/aluno/spring-projects/maven/spring-data-aerospike/target/classes/org/springframework/data/aerospike/repository/support] for files matching pattern [/home/aluno/spring-projects/maven/spring-data-aerospike/target/classes/org/springframework/data/aerospike/repository/**/*PersonRepositoryImpl.class]
16:37:31.009 [main] DEBUG o.s.c.i.s.PathMatchingResourcePatternResolver - Searching directory [/home/aluno/spring-projects/maven/spring-data-aerospike/target/classes/org/springframework/data/aerospike/repository/config] for files matching pattern [/home/aluno/spring-projects/maven/spring-data-aerospike/target/classes/org/springframework/data/aerospike/repository/**/*PersonRepositoryImpl.class]
16:37:31.009 [main] DEBUG o.s.c.i.s.PathMatchingResourcePatternResolver - Searching directory [/home/aluno/spring-projects/maven/spring-data-aerospike/target/classes/org/springframework/data/aerospike/repository/query] for files matching pattern [/home/aluno/spring-projects/maven/spring-data-aerospike/target/classes/org/springframework/data/aerospike/repository/**/*PersonRepositoryImpl.class]
16:37:31.009 [main] DEBUG o.s.c.i.s.PathMatchingResourcePatternResolver - Resolved location pattern [classpath*:org/springframework/data/aerospike/repository/**/*PersonRepositoryImpl.class] to resources []
16:37:31.009 [main] DEBUG o.s.d.r.c.RepositoryConfigurationDelegate - Spring Data Aerospike - Registering repository: personRepository - Interface: org.springframework.data.aerospike.repository.PersonRepository - Factory: org.springframework.data.keyvalue.repository.support.KeyValueRepositoryFactoryBean
16:37:31.009 [main] DEBUG o.s.core.env.StandardEnvironment - Adding [systemProperties] PropertySource with lowest search precedence
16:37:31.009 [main] DEBUG o.s.core.env.StandardEnvironment - Adding [systemEnvironment] PropertySource with lowest search precedence
16:37:31.010 [main] DEBUG o.s.core.env.StandardEnvironment - Initialized StandardEnvironment with PropertySources [systemProperties,systemEnvironment]
16:37:31.010 [main] DEBUG o.s.c.i.s.PathMatchingResourcePatternResolver - Looking for matching resources in directory tree [/home/aluno/spring-projects/maven/spring-data-aerospike/target/test-classes/org/springframework/data/aerospike/repository]
16:37:31.010 [main] DEBUG o.s.c.i.s.PathMatchingResourcePatternResolver - Searching directory [/home/aluno/spring-projects/maven/spring-data-aerospike/target/test-classes/org/springframework/data/aerospike/repository] for files matching pattern [/home/aluno/spring-projects/maven/spring-data-aerospike/target/test-classes/org/springframework/data/aerospike/repository/**/*ContactRepositoryImpl.class]
16:37:31.010 [main] DEBUG o.s.c.i.s.PathMatchingResourcePatternResolver - Searching directory [/home/aluno/spring-projects/maven/spring-data-aerospike/target/test-classes/org/springframework/data/aerospike/repository/support] for files matching pattern [/home/aluno/spring-projects/maven/spring-data-aerospike/target/test-classes/org/springframework/data/aerospike/repository/**/*ContactRepositoryImpl.class]
16:37:31.010 [main] DEBUG o.s.c.i.s.PathMatchingResourcePatternResolver - Searching directory [/home/aluno/spring-projects/maven/spring-data-aerospike/target/test-classes/org/springframework/data/aerospike/repository/query] for files matching pattern [/home/aluno/spring-projects/maven/spring-data-aerospike/target/test-classes/org/springframework/data/aerospike/repository/**/*ContactRepositoryImpl.class]
16:37:31.010 [main] DEBUG o.s.c.i.s.PathMatchingResourcePatternResolver - Looking for matching resources in directory tree [/home/aluno/spring-projects/maven/spring-data-aerospike/target/classes/org/springframework/data/aerospike/repository]
16:37:31.010 [main] DEBUG o.s.c.i.s.PathMatchingResourcePatternResolver - Searching directory [/home/aluno/spring-projects/maven/spring-data-aerospike/target/classes/org/springframework/data/aerospike/repository] for files matching pattern [/home/aluno/spring-projects/maven/spring-data-aerospike/target/classes/org/springframework/data/aerospike/repository/**/*ContactRepositoryImpl.class]
16:37:31.010 [main] DEBUG o.s.c.i.s.PathMatchingResourcePatternResolver - Searching directory [/home/aluno/spring-projects/maven/spring-data-aerospike/target/classes/org/springframework/data/aerospike/repository/support] for files matching pattern [/home/aluno/spring-projects/maven/spring-data-aerospike/target/classes/org/springframework/data/aerospike/repository/**/*ContactRepositoryImpl.class]
16:37:31.010 [main] DEBUG o.s.c.i.s.PathMatchingResourcePatternResolver - Searching directory [/home/aluno/spring-projects/maven/spring-data-aerospike/target/classes/org/springframework/data/aerospike/repository/config] for files matching pattern [/home/aluno/spring-projects/maven/spring-data-aerospike/target/classes/org/springframework/data/aerospike/repository/**/*ContactRepositoryImpl.class]
16:37:31.011 [main] DEBUG o.s.c.i.s.PathMatchingResourcePatternResolver - Searching directory [/home/aluno/spring-projects/maven/spring-data-aerospike/target/classes/org/springframework/data/aerospike/repository/query] for files matching pattern [/home/aluno/spring-projects/maven/spring-data-aerospike/target/classes/org/springframework/data/aerospike/repository/**/*ContactRepositoryImpl.class]
16:37:31.011 [main] DEBUG o.s.c.i.s.PathMatchingResourcePatternResolver - Resolved location pattern [classpath*:org/springframework/data/aerospike/repository/**/*ContactRepositoryImpl.class] to resources []
16:37:31.011 [main] DEBUG o.s.d.r.c.RepositoryConfigurationDelegate - Spring Data Aerospike - Registering repository: contactRepository - Interface: org.springframework.data.aerospike.repository.ContactRepository - Factory: org.springframework.data.keyvalue.repository.support.KeyValueRepositoryFactoryBean
16:37:31.012 [main] DEBUG o.s.c.a.ConfigurationClassEnhancer - Successfully enhanced org.springframework.data.aerospike.repository.TestConfigPerson; enhanced class name is: org.springframework.data.aerospike.repository.TestConfigPerson$$EnhancerBySpringCGLIB$$3f27a8da
16:37:31.012 [main] DEBUG o.s.c.a.ConfigurationClassPostProcessor - Replacing bean definition 'testConfigPerson' existing class name 'org.springframework.data.aerospike.repository.TestConfigPerson' with enhanced class name 'org.springframework.data.aerospike.repository.TestConfigPerson$$EnhancerBySpringCGLIB$$3f27a8da'
16:37:31.012 [main] DEBUG o.s.b.f.s.DefaultListableBeanFactory - Creating shared instance of singleton bean 'org.springframework.context.annotation.internalAutowiredAnnotationProcessor'
16:37:31.012 [main] DEBUG o.s.b.f.s.DefaultListableBeanFactory - Creating instance of bean 'org.springframework.context.annotation.internalAutowiredAnnotationProcessor'
16:37:31.012 [main] DEBUG o.s.b.f.s.DefaultListableBeanFactory - Eagerly caching bean 'org.springframework.context.annotation.internalAutowiredAnnotationProcessor' to allow for resolving potential circular references
16:37:31.012 [main] DEBUG o.s.b.f.s.DefaultListableBeanFactory - Finished creating instance of bean 'org.springframework.context.annotation.internalAutowiredAnnotationProcessor'
16:37:31.012 [main] DEBUG o.s.b.f.s.DefaultListableBeanFactory - Creating shared instance of singleton bean 'org.springframework.context.annotation.internalRequiredAnnotationProcessor'
16:37:31.012 [main] DEBUG o.s.b.f.s.DefaultListableBeanFactory - Creating instance of bean 'org.springframework.context.annotation.internalRequiredAnnotationProcessor'
16:37:31.012 [main] DEBUG o.s.b.f.s.DefaultListableBeanFactory - Eagerly caching bean 'org.springframework.context.annotation.internalRequiredAnnotationProcessor' to allow for resolving potential circular references
16:37:31.012 [main] DEBUG o.s.b.f.s.DefaultListableBeanFactory - Finished creating instance of bean 'org.springframework.context.annotation.internalRequiredAnnotationProcessor'
16:37:31.012 [main] DEBUG o.s.b.f.s.DefaultListableBeanFactory - Creating shared instance of singleton bean 'org.springframework.context.annotation.internalCommonAnnotationProcessor'
16:37:31.012 [main] DEBUG o.s.b.f.s.DefaultListableBeanFactory - Creating instance of bean 'org.springframework.context.annotation.internalCommonAnnotationProcessor'
16:37:31.012 [main] DEBUG o.s.b.f.s.DefaultListableBeanFactory - Eagerly caching bean 'org.springframework.context.annotation.internalCommonAnnotationProcessor' to allow for resolving potential circular references
16:37:31.012 [main] DEBUG o.s.b.f.s.DefaultListableBeanFactory - Finished creating instance of bean 'org.springframework.context.annotation.internalCommonAnnotationProcessor'
16:37:31.012 [main] DEBUG o.s.b.f.s.DefaultListableBeanFactory - Creating shared instance of singleton bean 'org.springframework.context.annotation.ConfigurationClassPostProcessor.importAwareProcessor'
16:37:31.012 [main] DEBUG o.s.b.f.s.DefaultListableBeanFactory - Creating instance of bean 'org.springframework.context.annotation.ConfigurationClassPostProcessor.importAwareProcessor'
16:37:31.012 [main] DEBUG o.s.b.f.s.DefaultListableBeanFactory - Eagerly caching bean 'org.springframework.context.annotation.ConfigurationClassPostProcessor.importAwareProcessor' to allow for resolving potential circular references
16:37:31.012 [main] DEBUG o.s.b.f.s.DefaultListableBeanFactory - Finished creating instance of bean 'org.springframework.context.annotation.ConfigurationClassPostProcessor.importAwareProcessor'
16:37:31.012 [main] DEBUG o.s.b.f.s.DefaultListableBeanFactory - Creating shared instance of singleton bean 'org.springframework.context.annotation.ConfigurationClassPostProcessor.enhancedConfigurationProcessor'
16:37:31.013 [main] DEBUG o.s.b.f.s.DefaultListableBeanFactory - Creating instance of bean 'org.springframework.context.annotation.ConfigurationClassPostProcessor.enhancedConfigurationProcessor'
16:37:31.013 [main] DEBUG o.s.b.f.s.DefaultListableBeanFactory - Eagerly caching bean 'org.springframework.context.annotation.ConfigurationClassPostProcessor.enhancedConfigurationProcessor' to allow for resolving potential circular references
16:37:31.013 [main] DEBUG o.s.b.f.s.DefaultListableBeanFactory - Finished creating instance of bean 'org.springframework.context.annotation.ConfigurationClassPostProcessor.enhancedConfigurationProcessor'
16:37:31.013 [main] DEBUG o.s.b.f.s.DefaultListableBeanFactory - Creating shared instance of singleton bean 'org.springframework.data.repository.core.support.RepositoryInterfaceAwareBeanPostProcessor'
16:37:31.013 [main] DEBUG o.s.b.f.s.DefaultListableBeanFactory - Creating instance of bean 'org.springframework.data.repository.core.support.RepositoryInterfaceAwareBeanPostProcessor'
16:37:31.013 [main] DEBUG o.s.b.f.s.DefaultListableBeanFactory - Eagerly caching bean 'org.springframework.data.repository.core.support.RepositoryInterfaceAwareBeanPostProcessor' to allow for resolving potential circular references
16:37:31.013 [main] DEBUG o.s.b.f.s.DefaultListableBeanFactory - Finished creating instance of bean 'org.springframework.data.repository.core.support.RepositoryInterfaceAwareBeanPostProcessor'
16:37:31.013 [main] DEBUG o.s.c.s.GenericApplicationContext - Unable to locate MessageSource with name 'messageSource': using default [org.springframework.context.support.DelegatingMessageSource@6bda1d19]
16:37:31.013 [main] DEBUG o.s.c.s.GenericApplicationContext - Unable to locate ApplicationEventMulticaster with name 'applicationEventMulticaster': using default [org.springframework.context.event.SimpleApplicationEventMulticaster@28c86134]
16:37:31.013 [main] DEBUG o.s.b.f.s.DefaultListableBeanFactory - Pre-instantiating singletons in org.springframework.beans.factory.support.DefaultListableBeanFactory@7c551ad4: defining beans [org.springframework.context.annotation.internalConfigurationAnnotationProcessor,org.springframework.context.annotation.internalAutowiredAnnotationProcessor,org.springframework.context.annotation.internalRequiredAnnotationProcessor,org.springframework.context.annotation.internalCommonAnnotationProcessor,testConfigPerson,org.springframework.context.annotation.ConfigurationClassPostProcessor.importAwareProcessor,org.springframework.context.annotation.ConfigurationClassPostProcessor.enhancedConfigurationProcessor,aerospikeTemplate,aerospikeClient,org.springframework.data.aerospike.repository.config.AerospikeRepositoriesRegistrar$AerospikeRepositoryConfigurationExtension#0,org.springframework.data.repository.core.support.RepositoryInterfaceAwareBeanPostProcessor,keyValueMappingContext,personRepository,contactRepository]; root of factory hierarchy
16:37:31.013 [main] DEBUG o.s.b.f.s.DefaultListableBeanFactory - Returning cached instance of singleton bean 'org.springframework.context.annotation.internalConfigurationAnnotationProcessor'
16:37:31.013 [main] DEBUG o.s.b.f.s.DefaultListableBeanFactory - Returning cached instance of singleton bean 'org.springframework.context.annotation.internalAutowiredAnnotationProcessor'
16:37:31.013 [main] DEBUG o.s.b.f.s.DefaultListableBeanFactory - Returning cached instance of singleton bean 'org.springframework.context.annotation.internalRequiredAnnotationProcessor'
16:37:31.013 [main] DEBUG o.s.b.f.s.DefaultListableBeanFactory - Returning cached instance of singleton bean 'org.springframework.context.annotation.internalCommonAnnotationProcessor'
16:37:31.013 [main] DEBUG o.s.b.f.s.DefaultListableBeanFactory - Creating shared instance of singleton bean 'testConfigPerson'
16:37:31.013 [main] DEBUG o.s.b.f.s.DefaultListableBeanFactory - Creating instance of bean 'testConfigPerson'
16:37:31.013 [main] DEBUG o.s.b.f.s.DefaultListableBeanFactory - Eagerly caching bean 'testConfigPerson' to allow for resolving potential circular references
16:37:31.013 [main] DEBUG o.s.b.f.s.DefaultListableBeanFactory - Finished creating instance of bean 'testConfigPerson'
16:37:31.013 [main] DEBUG o.s.b.f.s.DefaultListableBeanFactory - Returning cached instance of singleton bean 'org.springframework.context.annotation.ConfigurationClassPostProcessor.importAwareProcessor'
16:37:31.013 [main] DEBUG o.s.b.f.s.DefaultListableBeanFactory - Returning cached instance of singleton bean 'org.springframework.context.annotation.ConfigurationClassPostProcessor.enhancedConfigurationProcessor'
16:37:31.013 [main] DEBUG o.s.b.f.s.DefaultListableBeanFactory - Creating shared instance of singleton bean 'aerospikeTemplate'
16:37:31.013 [main] DEBUG o.s.b.f.s.DefaultListableBeanFactory - Creating instance of bean 'aerospikeTemplate'
16:37:31.013 [main] DEBUG o.s.b.f.s.DefaultListableBeanFactory - Returning cached instance of singleton bean 'testConfigPerson'
16:37:31.013 [main] DEBUG o.s.b.f.s.DefaultListableBeanFactory - Creating shared instance of singleton bean 'aerospikeClient'
16:37:31.013 [main] DEBUG o.s.b.f.s.DefaultListableBeanFactory - Creating instance of bean 'aerospikeClient'
16:37:31.013 [main] DEBUG o.s.b.f.s.DefaultListableBeanFactory - Returning cached instance of singleton bean 'testConfigPerson'
16:37:33.015 [main] DEBUG o.s.d.a.r.q.AerospikeQueryCreator - AS:Alias 52.41.32.83:3000 failed: Error Code 11: java.net.SocketTimeoutException: connect timed out
16:37:33.015 [main] WARN  o.s.d.a.r.q.AerospikeQueryCreator - AS:Seed 52.41.32.83:3000 failed: Error Code 11: java.net.SocketTimeoutException: connect timed out
16:37:33.016 [main] WARN  o.s.c.s.GenericApplicationContext - Exception encountered during context initialization - cancelling refresh attempt
org.springframework.beans.factory.BeanCreationException: Error creating bean with name 'aerospikeTemplate' defined in org.springframework.data.aerospike.repository.TestConfigPerson: Bean instantiation via factory method failed; nested exception is org.springframework.beans.BeanInstantiationException: Failed to instantiate [org.springframework.data.aerospike.core.AerospikeTemplate]: Factory method 'aerospikeTemplate' threw exception; nested exception is org.springframework.beans.factory.BeanCreationException: Error creating bean with name 'aerospikeClient' defined in org.springframework.data.aerospike.repository.TestConfigPerson: Bean instantiation via factory method failed; nested exception is org.springframework.beans.BeanInstantiationException: Failed to instantiate [com.aerospike.client.AerospikeClient]: Factory method 'aerospikeClient' threw exception; nested exception is com.aerospike.client.AerospikeException$Connection: Error Code 11: Failed to connect to host(s): 
52.41.32.83:3000 Error Code 11: java.net.SocketTimeoutException: connect timed out

	at org.springframework.beans.factory.support.ConstructorResolver.instantiateUsingFactoryMethod(ConstructorResolver.java:599) ~[spring-beans-4.1.7.RELEASE.jar:4.1.7.RELEASE]
	at org.springframework.beans.factory.support.AbstractAutowireCapableBeanFactory.instantiateUsingFactoryMethod(AbstractAutowireCapableBeanFactory.java:1119) ~[spring-beans-4.1.7.RELEASE.jar:4.1.7.RELEASE]
	at org.springframework.beans.factory.support.AbstractAutowireCapableBeanFactory.createBeanInstance(AbstractAutowireCapableBeanFactory.java:1014) ~[spring-beans-4.1.7.RELEASE.jar:4.1.7.RELEASE]
	at org.springframework.beans.factory.support.AbstractAutowireCapableBeanFactory.doCreateBean(AbstractAutowireCapableBeanFactory.java:504) ~[spring-beans-4.1.7.RELEASE.jar:4.1.7.RELEASE]
	at org.springframework.beans.factory.support.AbstractAutowireCapableBeanFactory.createBean(AbstractAutowireCapableBeanFactory.java:476) ~[spring-beans-4.1.7.RELEASE.jar:4.1.7.RELEASE]
	at org.springframework.beans.factory.support.AbstractBeanFactory$1.getObject(AbstractBeanFactory.java:303) ~[spring-beans-4.1.7.RELEASE.jar:4.1.7.RELEASE]
	at org.springframework.beans.factory.support.DefaultSingletonBeanRegistry.getSingleton(DefaultSingletonBeanRegistry.java:230) ~[spring-beans-4.1.7.RELEASE.jar:4.1.7.RELEASE]
	at org.springframework.beans.factory.support.AbstractBeanFactory.doGetBean(AbstractBeanFactory.java:299) ~[spring-beans-4.1.7.RELEASE.jar:4.1.7.RELEASE]
	at org.springframework.beans.factory.support.AbstractBeanFactory.getBean(AbstractBeanFactory.java:194) ~[spring-beans-4.1.7.RELEASE.jar:4.1.7.RELEASE]
	at org.springframework.beans.factory.support.DefaultListableBeanFactory.preInstantiateSingletons(DefaultListableBeanFactory.java:755) ~[spring-beans-4.1.7.RELEASE.jar:4.1.7.RELEASE]
	at org.springframework.context.support.AbstractApplicationContext.finishBeanFactoryInitialization(AbstractApplicationContext.java:757) ~[spring-context-4.1.7.RELEASE.jar:4.1.7.RELEASE]
	at org.springframework.context.support.AbstractApplicationContext.refresh(AbstractApplicationContext.java:480) ~[spring-context-4.1.7.RELEASE.jar:4.1.7.RELEASE]
	at org.springframework.test.context.support.AbstractGenericContextLoader.loadContext(AbstractGenericContextLoader.java:125) [spring-test-4.1.7.RELEASE.jar:4.1.7.RELEASE]
	at org.springframework.test.context.support.AbstractGenericContextLoader.loadContext(AbstractGenericContextLoader.java:60) [spring-test-4.1.7.RELEASE.jar:4.1.7.RELEASE]
	at org.springframework.test.context.support.AbstractDelegatingSmartContextLoader.delegateLoading(AbstractDelegatingSmartContextLoader.java:109) [spring-test-4.1.7.RELEASE.jar:4.1.7.RELEASE]
	at org.springframework.test.context.support.AbstractDelegatingSmartContextLoader.loadContext(AbstractDelegatingSmartContextLoader.java:261) [spring-test-4.1.7.RELEASE.jar:4.1.7.RELEASE]
	at org.springframework.test.context.DefaultCacheAwareContextLoaderDelegate.loadContextInternal(DefaultCacheAwareContextLoaderDelegate.java:68) [spring-test-4.1.7.RELEASE.jar:4.1.7.RELEASE]
	at org.springframework.test.context.DefaultCacheAwareContextLoaderDelegate.loadContext(DefaultCacheAwareContextLoaderDelegate.java:86) [spring-test-4.1.7.RELEASE.jar:4.1.7.RELEASE]
	at org.springframework.test.context.DefaultTestContext.getApplicationContext(DefaultTestContext.java:72) [spring-test-4.1.7.RELEASE.jar:4.1.7.RELEASE]
	at org.springframework.test.context.support.DependencyInjectionTestExecutionListener.injectDependencies(DependencyInjectionTestExecutionListener.java:117) [spring-test-4.1.7.RELEASE.jar:4.1.7.RELEASE]
	at org.springframework.test.context.support.DependencyInjectionTestExecutionListener.prepareTestInstance(DependencyInjectionTestExecutionListener.java:83) [spring-test-4.1.7.RELEASE.jar:4.1.7.RELEASE]
	at org.springframework.test.context.TestContextManager.prepareTestInstance(TestContextManager.java:212) [spring-test-4.1.7.RELEASE.jar:4.1.7.RELEASE]
	at org.springframework.test.context.junit4.SpringJUnit4ClassRunner.createTest(SpringJUnit4ClassRunner.java:200) [spring-test-4.1.7.RELEASE.jar:4.1.7.RELEASE]
	at org.springframework.test.context.junit4.SpringJUnit4ClassRunner$1.runReflectiveCall(SpringJUnit4ClassRunner.java:259) [spring-test-4.1.7.RELEASE.jar:4.1.7.RELEASE]
	at org.junit.internal.runners.model.ReflectiveCallable.run(ReflectiveCallable.java:12) [junit-4.12.jar:4.12]
	at org.springframework.test.context.junit4.SpringJUnit4ClassRunner.methodBlock(SpringJUnit4ClassRunner.java:261) [spring-test-4.1.7.RELEASE.jar:4.1.7.RELEASE]
	at org.springframework.test.context.junit4.SpringJUnit4ClassRunner.runChild(SpringJUnit4ClassRunner.java:219) [spring-test-4.1.7.RELEASE.jar:4.1.7.RELEASE]
	at org.springframework.test.context.junit4.SpringJUnit4ClassRunner.runChild(SpringJUnit4ClassRunner.java:83) [spring-test-4.1.7.RELEASE.jar:4.1.7.RELEASE]
	at org.junit.runners.ParentRunner$3.run(ParentRunner.java:290) [junit-4.12.jar:4.12]
	at org.junit.runners.ParentRunner$1.schedule(ParentRunner.java:71) [junit-4.12.jar:4.12]
	at org.junit.runners.ParentRunner.runChildren(ParentRunner.java:288) [junit-4.12.jar:4.12]
	at org.junit.runners.ParentRunner.access$000(ParentRunner.java:58) [junit-4.12.jar:4.12]
	at org.junit.runners.ParentRunner$2.evaluate(ParentRunner.java:268) [junit-4.12.jar:4.12]
	at org.springframework.test.context.junit4.statements.RunBeforeTestClassCallbacks.evaluate(RunBeforeTestClassCallbacks.java:61) [spring-test-4.1.7.RELEASE.jar:4.1.7.RELEASE]
	at org.springframework.test.context.junit4.statements.RunAfterTestClassCallbacks.evaluate(RunAfterTestClassCallbacks.java:68) [spring-test-4.1.7.RELEASE.jar:4.1.7.RELEASE]
	at org.junit.runners.ParentRunner.run(ParentRunner.java:363) [junit-4.12.jar:4.12]
	at org.springframework.test.context.junit4.SpringJUnit4ClassRunner.run(SpringJUnit4ClassRunner.java:163) [spring-test-4.1.7.RELEASE.jar:4.1.7.RELEASE]
	at org.junit.runners.Suite.runChild(Suite.java:128) [junit-4.12.jar:4.12]
	at org.junit.runners.Suite.runChild(Suite.java:27) [junit-4.12.jar:4.12]
	at org.junit.runners.ParentRunner$3.run(ParentRunner.java:290) [junit-4.12.jar:4.12]
	at org.junit.runners.ParentRunner$1.schedule(ParentRunner.java:71) [junit-4.12.jar:4.12]
	at org.junit.runners.ParentRunner.runChildren(ParentRunner.java:288) [junit-4.12.jar:4.12]
	at org.junit.runners.ParentRunner.access$000(ParentRunner.java:58) [junit-4.12.jar:4.12]
	at org.junit.runners.ParentRunner$2.evaluate(ParentRunner.java:268) [junit-4.12.jar:4.12]
	at org.junit.runners.ParentRunner.run(ParentRunner.java:363) [junit-4.12.jar:4.12]
	at org.apache.maven.surefire.junit4.JUnit4Provider.execute(JUnit4Provider.java:283) [surefire-junit4-2.18.1.jar:2.18.1]
	at org.apache.maven.surefire.junit4.JUnit4Provider.executeWithRerun(JUnit4Provider.java:173) [surefire-junit4-2.18.1.jar:2.18.1]
	at org.apache.maven.surefire.junit4.JUnit4Provider.executeTestSet(JUnit4Provider.java:153) [surefire-junit4-2.18.1.jar:2.18.1]
	at org.apache.maven.surefire.junit4.JUnit4Provider.invoke(JUnit4Provider.java:128) [surefire-junit4-2.18.1.jar:2.18.1]
	at org.apache.maven.surefire.booter.ForkedBooter.invokeProviderInSameClassLoader(ForkedBooter.java:203) [surefire-booter-2.18.1.jar:2.18.1]
	at org.apache.maven.surefire.booter.ForkedBooter.runSuitesInProcess(ForkedBooter.java:155) [surefire-booter-2.18.1.jar:2.18.1]
	at org.apache.maven.surefire.booter.ForkedBooter.main(ForkedBooter.java:103) [surefire-booter-2.18.1.jar:2.18.1]
Caused by: org.springframework.beans.BeanInstantiationException: Failed to instantiate [org.springframework.data.aerospike.core.AerospikeTemplate]: Factory method 'aerospikeTemplate' threw exception; nested exception is org.springframework.beans.factory.BeanCreationException: Error creating bean with name 'aerospikeClient' defined in org.springframework.data.aerospike.repository.TestConfigPerson: Bean instantiation via factory method failed; nested exception is org.springframework.beans.BeanInstantiationException: Failed to instantiate [com.aerospike.client.AerospikeClient]: Factory method 'aerospikeClient' threw exception; nested exception is com.aerospike.client.AerospikeException$Connection: Error Code 11: Failed to connect to host(s): 
52.41.32.83:3000 Error Code 11: java.net.SocketTimeoutException: connect timed out

	at org.springframework.beans.factory.support.SimpleInstantiationStrategy.instantiate(SimpleInstantiationStrategy.java:189) ~[spring-beans-4.1.7.RELEASE.jar:4.1.7.RELEASE]
	at org.springframework.beans.factory.support.ConstructorResolver.instantiateUsingFactoryMethod(ConstructorResolver.java:588) ~[spring-beans-4.1.7.RELEASE.jar:4.1.7.RELEASE]
	... 51 common frames omitted
Caused by: org.springframework.beans.factory.BeanCreationException: Error creating bean with name 'aerospikeClient' defined in org.springframework.data.aerospike.repository.TestConfigPerson: Bean instantiation via factory method failed; nested exception is org.springframework.beans.BeanInstantiationException: Failed to instantiate [com.aerospike.client.AerospikeClient]: Factory method 'aerospikeClient' threw exception; nested exception is com.aerospike.client.AerospikeException$Connection: Error Code 11: Failed to connect to host(s): 
52.41.32.83:3000 Error Code 11: java.net.SocketTimeoutException: connect timed out

	at org.springframework.beans.factory.support.ConstructorResolver.instantiateUsingFactoryMethod(ConstructorResolver.java:599) ~[spring-beans-4.1.7.RELEASE.jar:4.1.7.RELEASE]
	at org.springframework.beans.factory.support.AbstractAutowireCapableBeanFactory.instantiateUsingFactoryMethod(AbstractAutowireCapableBeanFactory.java:1119) ~[spring-beans-4.1.7.RELEASE.jar:4.1.7.RELEASE]
	at org.springframework.beans.factory.support.AbstractAutowireCapableBeanFactory.createBeanInstance(AbstractAutowireCapableBeanFactory.java:1014) ~[spring-beans-4.1.7.RELEASE.jar:4.1.7.RELEASE]
	at org.springframework.beans.factory.support.AbstractAutowireCapableBeanFactory.doCreateBean(AbstractAutowireCapableBeanFactory.java:504) ~[spring-beans-4.1.7.RELEASE.jar:4.1.7.RELEASE]
	at org.springframework.beans.factory.support.AbstractAutowireCapableBeanFactory.createBean(AbstractAutowireCapableBeanFactory.java:476) ~[spring-beans-4.1.7.RELEASE.jar:4.1.7.RELEASE]
	at org.springframework.beans.factory.support.AbstractBeanFactory$1.getObject(AbstractBeanFactory.java:303) ~[spring-beans-4.1.7.RELEASE.jar:4.1.7.RELEASE]
	at org.springframework.beans.factory.support.DefaultSingletonBeanRegistry.getSingleton(DefaultSingletonBeanRegistry.java:230) ~[spring-beans-4.1.7.RELEASE.jar:4.1.7.RELEASE]
	at org.springframework.beans.factory.support.AbstractBeanFactory.doGetBean(AbstractBeanFactory.java:299) ~[spring-beans-4.1.7.RELEASE.jar:4.1.7.RELEASE]
	at org.springframework.beans.factory.support.AbstractBeanFactory.getBean(AbstractBeanFactory.java:194) ~[spring-beans-4.1.7.RELEASE.jar:4.1.7.RELEASE]
	at org.springframework.context.annotation.ConfigurationClassEnhancer$BeanMethodInterceptor.intercept(ConfigurationClassEnhancer.java:322) ~[spring-context-4.1.7.RELEASE.jar:4.1.7.RELEASE]
	at org.springframework.data.aerospike.repository.TestConfigPerson$$EnhancerBySpringCGLIB$$3f27a8da.aerospikeClient(<generated>) ~[spring-core-4.1.7.RELEASE.jar:na]
	at org.springframework.data.aerospike.repository.TestConfigPerson.aerospikeTemplate(TestConfigPerson.java:38) ~[test-classes/:na]
	at org.springframework.data.aerospike.repository.TestConfigPerson$$EnhancerBySpringCGLIB$$3f27a8da.CGLIB$aerospikeTemplate$0(<generated>) ~[spring-core-4.1.7.RELEASE.jar:na]
	at org.springframework.data.aerospike.repository.TestConfigPerson$$EnhancerBySpringCGLIB$$3f27a8da$$FastClassBySpringCGLIB$$38965c5e.invoke(<generated>) ~[spring-core-4.1.7.RELEASE.jar:na]
	at org.springframework.cglib.proxy.MethodProxy.invokeSuper(MethodProxy.java:228) ~[spring-core-4.1.7.RELEASE.jar:4.1.7.RELEASE]
	at org.springframework.context.annotation.ConfigurationClassEnhancer$BeanMethodInterceptor.intercept(ConfigurationClassEnhancer.java:309) ~[spring-context-4.1.7.RELEASE.jar:4.1.7.RELEASE]
	at org.springframework.data.aerospike.repository.TestConfigPerson$$EnhancerBySpringCGLIB$$3f27a8da.aerospikeTemplate(<generated>) ~[spring-core-4.1.7.RELEASE.jar:na]
	at sun.reflect.NativeMethodAccessorImpl.invoke0(Native Method) ~[na:1.8.0_91]
	at sun.reflect.NativeMethodAccessorImpl.invoke(NativeMethodAccessorImpl.java:62) ~[na:1.8.0_91]
	at sun.reflect.DelegatingMethodAccessorImpl.invoke(DelegatingMethodAccessorImpl.java:43) ~[na:1.8.0_91]
	at java.lang.reflect.Method.invoke(Method.java:498) ~[na:1.8.0_91]
	at org.springframework.beans.factory.support.SimpleInstantiationStrategy.instantiate(SimpleInstantiationStrategy.java:162) ~[spring-beans-4.1.7.RELEASE.jar:4.1.7.RELEASE]
	... 52 common frames omitted
Caused by: org.springframework.beans.BeanInstantiationException: Failed to instantiate [com.aerospike.client.AerospikeClient]: Factory method 'aerospikeClient' threw exception; nested exception is com.aerospike.client.AerospikeException$Connection: Error Code 11: Failed to connect to host(s): 
52.41.32.83:3000 Error Code 11: java.net.SocketTimeoutException: connect timed out

	at org.springframework.beans.factory.support.SimpleInstantiationStrategy.instantiate(SimpleInstantiationStrategy.java:189) ~[spring-beans-4.1.7.RELEASE.jar:4.1.7.RELEASE]
	at org.springframework.beans.factory.support.ConstructorResolver.instantiateUsingFactoryMethod(ConstructorResolver.java:588) ~[spring-beans-4.1.7.RELEASE.jar:4.1.7.RELEASE]
	... 73 common frames omitted
Caused by: com.aerospike.client.AerospikeException$Connection: Error Code 11: Failed to connect to host(s): 
52.41.32.83:3000 Error Code 11: java.net.SocketTimeoutException: connect timed out

	at com.aerospike.client.cluster.Cluster.seedNodes(Cluster.java:386) ~[aerospike-client-3.2.3.jar:na]
	at com.aerospike.client.cluster.Cluster.tend(Cluster.java:273) ~[aerospike-client-3.2.3.jar:na]
	at com.aerospike.client.cluster.Cluster.waitTillStabilized(Cluster.java:238) ~[aerospike-client-3.2.3.jar:na]
	at com.aerospike.client.cluster.Cluster.initTendThread(Cluster.java:148) ~[aerospike-client-3.2.3.jar:na]
	at com.aerospike.client.AerospikeClient.<init>(AerospikeClient.java:209) ~[aerospike-client-3.2.3.jar:na]
	at com.aerospike.client.AerospikeClient.<init>(AerospikeClient.java:173) ~[aerospike-client-3.2.3.jar:na]
	at org.springframework.data.aerospike.repository.TestConfigPerson.aerospikeClient(TestConfigPerson.java:32) ~[test-classes/:na]
	at org.springframework.data.aerospike.repository.TestConfigPerson$$EnhancerBySpringCGLIB$$3f27a8da.CGLIB$aerospikeClient$1(<generated>) ~[spring-core-4.1.7.RELEASE.jar:na]
	at org.springframework.data.aerospike.repository.TestConfigPerson$$EnhancerBySpringCGLIB$$3f27a8da$$FastClassBySpringCGLIB$$38965c5e.invoke(<generated>) ~[spring-core-4.1.7.RELEASE.jar:na]
	at org.springframework.cglib.proxy.MethodProxy.invokeSuper(MethodProxy.java:228) ~[spring-core-4.1.7.RELEASE.jar:4.1.7.RELEASE]
	at org.springframework.context.annotation.ConfigurationClassEnhancer$BeanMethodInterceptor.intercept(ConfigurationClassEnhancer.java:309) ~[spring-context-4.1.7.RELEASE.jar:4.1.7.RELEASE]
	at org.springframework.data.aerospike.repository.TestConfigPerson$$EnhancerBySpringCGLIB$$3f27a8da.aerospikeClient(<generated>) ~[spring-core-4.1.7.RELEASE.jar:na]
	at sun.reflect.NativeMethodAccessorImpl.invoke0(Native Method) ~[na:1.8.0_91]
	at sun.reflect.NativeMethodAccessorImpl.invoke(NativeMethodAccessorImpl.java:62) ~[na:1.8.0_91]
	at sun.reflect.DelegatingMethodAccessorImpl.invoke(DelegatingMethodAccessorImpl.java:43) ~[na:1.8.0_91]
	at java.lang.reflect.Method.invoke(Method.java:498) ~[na:1.8.0_91]
	at org.springframework.beans.factory.support.SimpleInstantiationStrategy.instantiate(SimpleInstantiationStrategy.java:162) ~[spring-beans-4.1.7.RELEASE.jar:4.1.7.RELEASE]
	... 74 common frames omitted
16:37:33.016 [main] DEBUG o.s.b.f.s.DefaultListableBeanFactory - Destroying singletons in org.springframework.beans.factory.support.DefaultListableBeanFactory@7c551ad4: defining beans [org.springframework.context.annotation.internalConfigurationAnnotationProcessor,org.springframework.context.annotation.internalAutowiredAnnotationProcessor,org.springframework.context.annotation.internalRequiredAnnotationProcessor,org.springframework.context.annotation.internalCommonAnnotationProcessor,testConfigPerson,org.springframework.context.annotation.ConfigurationClassPostProcessor.importAwareProcessor,org.springframework.context.annotation.ConfigurationClassPostProcessor.enhancedConfigurationProcessor,aerospikeTemplate,aerospikeClient,org.springframework.data.aerospike.repository.config.AerospikeRepositoriesRegistrar$AerospikeRepositoryConfigurationExtension#0,org.springframework.data.repository.core.support.RepositoryInterfaceAwareBeanPostProcessor,keyValueMappingContext,personRepository,contactRepository]; root of factory hierarchy
16:37:33.017 [main] ERROR o.s.test.context.TestContextManager - Caught exception while allowing TestExecutionListener [org.springframework.test.context.support.DependencyInjectionTestExecutionListener@48e7b3d2] to prepare test instance [org.springframework.data.aerospike.repository.PersonRepositoryIntegrationTests@7f7af971]
java.lang.IllegalStateException: Failed to load ApplicationContext
	at org.springframework.test.context.DefaultCacheAwareContextLoaderDelegate.loadContext(DefaultCacheAwareContextLoaderDelegate.java:94) ~[spring-test-4.1.7.RELEASE.jar:4.1.7.RELEASE]
	at org.springframework.test.context.DefaultTestContext.getApplicationContext(DefaultTestContext.java:72) ~[spring-test-4.1.7.RELEASE.jar:4.1.7.RELEASE]
	at org.springframework.test.context.support.DependencyInjectionTestExecutionListener.injectDependencies(DependencyInjectionTestExecutionListener.java:117) ~[spring-test-4.1.7.RELEASE.jar:4.1.7.RELEASE]
	at org.springframework.test.context.support.DependencyInjectionTestExecutionListener.prepareTestInstance(DependencyInjectionTestExecutionListener.java:83) ~[spring-test-4.1.7.RELEASE.jar:4.1.7.RELEASE]
	at org.springframework.test.context.TestContextManager.prepareTestInstance(TestContextManager.java:212) ~[spring-test-4.1.7.RELEASE.jar:4.1.7.RELEASE]
	at org.springframework.test.context.junit4.SpringJUnit4ClassRunner.createTest(SpringJUnit4ClassRunner.java:200) [spring-test-4.1.7.RELEASE.jar:4.1.7.RELEASE]
	at org.springframework.test.context.junit4.SpringJUnit4ClassRunner$1.runReflectiveCall(SpringJUnit4ClassRunner.java:259) [spring-test-4.1.7.RELEASE.jar:4.1.7.RELEASE]
	at org.junit.internal.runners.model.ReflectiveCallable.run(ReflectiveCallable.java:12) [junit-4.12.jar:4.12]
	at org.springframework.test.context.junit4.SpringJUnit4ClassRunner.methodBlock(SpringJUnit4ClassRunner.java:261) [spring-test-4.1.7.RELEASE.jar:4.1.7.RELEASE]
	at org.springframework.test.context.junit4.SpringJUnit4ClassRunner.runChild(SpringJUnit4ClassRunner.java:219) [spring-test-4.1.7.RELEASE.jar:4.1.7.RELEASE]
	at org.springframework.test.context.junit4.SpringJUnit4ClassRunner.runChild(SpringJUnit4ClassRunner.java:83) [spring-test-4.1.7.RELEASE.jar:4.1.7.RELEASE]
	at org.junit.runners.ParentRunner$3.run(ParentRunner.java:290) [junit-4.12.jar:4.12]
	at org.junit.runners.ParentRunner$1.schedule(ParentRunner.java:71) [junit-4.12.jar:4.12]
	at org.junit.runners.ParentRunner.runChildren(ParentRunner.java:288) [junit-4.12.jar:4.12]
	at org.junit.runners.ParentRunner.access$000(ParentRunner.java:58) [junit-4.12.jar:4.12]
	at org.junit.runners.ParentRunner$2.evaluate(ParentRunner.java:268) [junit-4.12.jar:4.12]
	at org.springframework.test.context.junit4.statements.RunBeforeTestClassCallbacks.evaluate(RunBeforeTestClassCallbacks.java:61) [spring-test-4.1.7.RELEASE.jar:4.1.7.RELEASE]
	at org.springframework.test.context.junit4.statements.RunAfterTestClassCallbacks.evaluate(RunAfterTestClassCallbacks.java:68) [spring-test-4.1.7.RELEASE.jar:4.1.7.RELEASE]
	at org.junit.runners.ParentRunner.run(ParentRunner.java:363) [junit-4.12.jar:4.12]
	at org.springframework.test.context.junit4.SpringJUnit4ClassRunner.run(SpringJUnit4ClassRunner.java:163) [spring-test-4.1.7.RELEASE.jar:4.1.7.RELEASE]
	at org.junit.runners.Suite.runChild(Suite.java:128) [junit-4.12.jar:4.12]
	at org.junit.runners.Suite.runChild(Suite.java:27) [junit-4.12.jar:4.12]
	at org.junit.runners.ParentRunner$3.run(ParentRunner.java:290) [junit-4.12.jar:4.12]
	at org.junit.runners.ParentRunner$1.schedule(ParentRunner.java:71) [junit-4.12.jar:4.12]
	at org.junit.runners.ParentRunner.runChildren(ParentRunner.java:288) [junit-4.12.jar:4.12]
	at org.junit.runners.ParentRunner.access$000(ParentRunner.java:58) [junit-4.12.jar:4.12]
	at org.junit.runners.ParentRunner$2.evaluate(ParentRunner.java:268) [junit-4.12.jar:4.12]
	at org.junit.runners.ParentRunner.run(ParentRunner.java:363) [junit-4.12.jar:4.12]
	at org.apache.maven.surefire.junit4.JUnit4Provider.execute(JUnit4Provider.java:283) [surefire-junit4-2.18.1.jar:2.18.1]
	at org.apache.maven.surefire.junit4.JUnit4Provider.executeWithRerun(JUnit4Provider.java:173) [surefire-junit4-2.18.1.jar:2.18.1]
	at org.apache.maven.surefire.junit4.JUnit4Provider.executeTestSet(JUnit4Provider.java:153) [surefire-junit4-2.18.1.jar:2.18.1]
	at org.apache.maven.surefire.junit4.JUnit4Provider.invoke(JUnit4Provider.java:128) [surefire-junit4-2.18.1.jar:2.18.1]
	at org.apache.maven.surefire.booter.ForkedBooter.invokeProviderInSameClassLoader(ForkedBooter.java:203) [surefire-booter-2.18.1.jar:2.18.1]
	at org.apache.maven.surefire.booter.ForkedBooter.runSuitesInProcess(ForkedBooter.java:155) [surefire-booter-2.18.1.jar:2.18.1]
	at org.apache.maven.surefire.booter.ForkedBooter.main(ForkedBooter.java:103) [surefire-booter-2.18.1.jar:2.18.1]
Caused by: org.springframework.beans.factory.BeanCreationException: Error creating bean with name 'aerospikeTemplate' defined in org.springframework.data.aerospike.repository.TestConfigPerson: Bean instantiation via factory method failed; nested exception is org.springframework.beans.BeanInstantiationException: Failed to instantiate [org.springframework.data.aerospike.core.AerospikeTemplate]: Factory method 'aerospikeTemplate' threw exception; nested exception is org.springframework.beans.factory.BeanCreationException: Error creating bean with name 'aerospikeClient' defined in org.springframework.data.aerospike.repository.TestConfigPerson: Bean instantiation via factory method failed; nested exception is org.springframework.beans.BeanInstantiationException: Failed to instantiate [com.aerospike.client.AerospikeClient]: Factory method 'aerospikeClient' threw exception; nested exception is com.aerospike.client.AerospikeException$Connection: Error Code 11: Failed to connect to host(s): 
52.41.32.83:3000 Error Code 11: java.net.SocketTimeoutException: connect timed out

	at org.springframework.beans.factory.support.ConstructorResolver.instantiateUsingFactoryMethod(ConstructorResolver.java:599) ~[spring-beans-4.1.7.RELEASE.jar:4.1.7.RELEASE]
	at org.springframework.beans.factory.support.AbstractAutowireCapableBeanFactory.instantiateUsingFactoryMethod(AbstractAutowireCapableBeanFactory.java:1119) ~[spring-beans-4.1.7.RELEASE.jar:4.1.7.RELEASE]
	at org.springframework.beans.factory.support.AbstractAutowireCapableBeanFactory.createBeanInstance(AbstractAutowireCapableBeanFactory.java:1014) ~[spring-beans-4.1.7.RELEASE.jar:4.1.7.RELEASE]
	at org.springframework.beans.factory.support.AbstractAutowireCapableBeanFactory.doCreateBean(AbstractAutowireCapableBeanFactory.java:504) ~[spring-beans-4.1.7.RELEASE.jar:4.1.7.RELEASE]
	at org.springframework.beans.factory.support.AbstractAutowireCapableBeanFactory.createBean(AbstractAutowireCapableBeanFactory.java:476) ~[spring-beans-4.1.7.RELEASE.jar:4.1.7.RELEASE]
	at org.springframework.beans.factory.support.AbstractBeanFactory$1.getObject(AbstractBeanFactory.java:303) ~[spring-beans-4.1.7.RELEASE.jar:4.1.7.RELEASE]
	at org.springframework.beans.factory.support.DefaultSingletonBeanRegistry.getSingleton(DefaultSingletonBeanRegistry.java:230) ~[spring-beans-4.1.7.RELEASE.jar:4.1.7.RELEASE]
	at org.springframework.beans.factory.support.AbstractBeanFactory.doGetBean(AbstractBeanFactory.java:299) ~[spring-beans-4.1.7.RELEASE.jar:4.1.7.RELEASE]
	at org.springframework.beans.factory.support.AbstractBeanFactory.getBean(AbstractBeanFactory.java:194) ~[spring-beans-4.1.7.RELEASE.jar:4.1.7.RELEASE]
	at org.springframework.beans.factory.support.DefaultListableBeanFactory.preInstantiateSingletons(DefaultListableBeanFactory.java:755) ~[spring-beans-4.1.7.RELEASE.jar:4.1.7.RELEASE]
	at org.springframework.context.support.AbstractApplicationContext.finishBeanFactoryInitialization(AbstractApplicationContext.java:757) ~[spring-context-4.1.7.RELEASE.jar:4.1.7.RELEASE]
	at org.springframework.context.support.AbstractApplicationContext.refresh(AbstractApplicationContext.java:480) ~[spring-context-4.1.7.RELEASE.jar:4.1.7.RELEASE]
	at org.springframework.test.context.support.AbstractGenericContextLoader.loadContext(AbstractGenericContextLoader.java:125) ~[spring-test-4.1.7.RELEASE.jar:4.1.7.RELEASE]
	at org.springframework.test.context.support.AbstractGenericContextLoader.loadContext(AbstractGenericContextLoader.java:60) ~[spring-test-4.1.7.RELEASE.jar:4.1.7.RELEASE]
	at org.springframework.test.context.support.AbstractDelegatingSmartContextLoader.delegateLoading(AbstractDelegatingSmartContextLoader.java:109) ~[spring-test-4.1.7.RELEASE.jar:4.1.7.RELEASE]
	at org.springframework.test.context.support.AbstractDelegatingSmartContextLoader.loadContext(AbstractDelegatingSmartContextLoader.java:261) ~[spring-test-4.1.7.RELEASE.jar:4.1.7.RELEASE]
	at org.springframework.test.context.DefaultCacheAwareContextLoaderDelegate.loadContextInternal(DefaultCacheAwareContextLoaderDelegate.java:68) ~[spring-test-4.1.7.RELEASE.jar:4.1.7.RELEASE]
	at org.springframework.test.context.DefaultCacheAwareContextLoaderDelegate.loadContext(DefaultCacheAwareContextLoaderDelegate.java:86) ~[spring-test-4.1.7.RELEASE.jar:4.1.7.RELEASE]
	... 34 common frames omitted
Caused by: org.springframework.beans.BeanInstantiationException: Failed to instantiate [org.springframework.data.aerospike.core.AerospikeTemplate]: Factory method 'aerospikeTemplate' threw exception; nested exception is org.springframework.beans.factory.BeanCreationException: Error creating bean with name 'aerospikeClient' defined in org.springframework.data.aerospike.repository.TestConfigPerson: Bean instantiation via factory method failed; nested exception is org.springframework.beans.BeanInstantiationException: Failed to instantiate [com.aerospike.client.AerospikeClient]: Factory method 'aerospikeClient' threw exception; nested exception is com.aerospike.client.AerospikeException$Connection: Error Code 11: Failed to connect to host(s): 
52.41.32.83:3000 Error Code 11: java.net.SocketTimeoutException: connect timed out

	at org.springframework.beans.factory.support.SimpleInstantiationStrategy.instantiate(SimpleInstantiationStrategy.java:189) ~[spring-beans-4.1.7.RELEASE.jar:4.1.7.RELEASE]
	at org.springframework.beans.factory.support.ConstructorResolver.instantiateUsingFactoryMethod(ConstructorResolver.java:588) ~[spring-beans-4.1.7.RELEASE.jar:4.1.7.RELEASE]
	... 51 common frames omitted
Caused by: org.springframework.beans.factory.BeanCreationException: Error creating bean with name 'aerospikeClient' defined in org.springframework.data.aerospike.repository.TestConfigPerson: Bean instantiation via factory method failed; nested exception is org.springframework.beans.BeanInstantiationException: Failed to instantiate [com.aerospike.client.AerospikeClient]: Factory method 'aerospikeClient' threw exception; nested exception is com.aerospike.client.AerospikeException$Connection: Error Code 11: Failed to connect to host(s): 
52.41.32.83:3000 Error Code 11: java.net.SocketTimeoutException: connect timed out

	at org.springframework.beans.factory.support.ConstructorResolver.instantiateUsingFactoryMethod(ConstructorResolver.java:599) ~[spring-beans-4.1.7.RELEASE.jar:4.1.7.RELEASE]
	at org.springframework.beans.factory.support.AbstractAutowireCapableBeanFactory.instantiateUsingFactoryMethod(AbstractAutowireCapableBeanFactory.java:1119) ~[spring-beans-4.1.7.RELEASE.jar:4.1.7.RELEASE]
	at org.springframework.beans.factory.support.AbstractAutowireCapableBeanFactory.createBeanInstance(AbstractAutowireCapableBeanFactory.java:1014) ~[spring-beans-4.1.7.RELEASE.jar:4.1.7.RELEASE]
	at org.springframework.beans.factory.support.AbstractAutowireCapableBeanFactory.doCreateBean(AbstractAutowireCapableBeanFactory.java:504) ~[spring-beans-4.1.7.RELEASE.jar:4.1.7.RELEASE]
	at org.springframework.beans.factory.support.AbstractAutowireCapableBeanFactory.createBean(AbstractAutowireCapableBeanFactory.java:476) ~[spring-beans-4.1.7.RELEASE.jar:4.1.7.RELEASE]
	at org.springframework.beans.factory.support.AbstractBeanFactory$1.getObject(AbstractBeanFactory.java:303) ~[spring-beans-4.1.7.RELEASE.jar:4.1.7.RELEASE]
	at org.springframework.beans.factory.support.DefaultSingletonBeanRegistry.getSingleton(DefaultSingletonBeanRegistry.java:230) ~[spring-beans-4.1.7.RELEASE.jar:4.1.7.RELEASE]
	at org.springframework.beans.factory.support.AbstractBeanFactory.doGetBean(AbstractBeanFactory.java:299) ~[spring-beans-4.1.7.RELEASE.jar:4.1.7.RELEASE]
	at org.springframework.beans.factory.support.AbstractBeanFactory.getBean(AbstractBeanFactory.java:194) ~[spring-beans-4.1.7.RELEASE.jar:4.1.7.RELEASE]
	at org.springframework.context.annotation.ConfigurationClassEnhancer$BeanMethodInterceptor.intercept(ConfigurationClassEnhancer.java:322) ~[spring-context-4.1.7.RELEASE.jar:4.1.7.RELEASE]
	at org.springframework.data.aerospike.repository.TestConfigPerson$$EnhancerBySpringCGLIB$$3f27a8da.aerospikeClient(<generated>) ~[spring-core-4.1.7.RELEASE.jar:na]
	at org.springframework.data.aerospike.repository.TestConfigPerson.aerospikeTemplate(TestConfigPerson.java:38) ~[test-classes/:na]
	at org.springframework.data.aerospike.repository.TestConfigPerson$$EnhancerBySpringCGLIB$$3f27a8da.CGLIB$aerospikeTemplate$0(<generated>) ~[spring-core-4.1.7.RELEASE.jar:na]
	at org.springframework.data.aerospike.repository.TestConfigPerson$$EnhancerBySpringCGLIB$$3f27a8da$$FastClassBySpringCGLIB$$38965c5e.invoke(<generated>) ~[spring-core-4.1.7.RELEASE.jar:na]
	at org.springframework.cglib.proxy.MethodProxy.invokeSuper(MethodProxy.java:228) ~[spring-core-4.1.7.RELEASE.jar:4.1.7.RELEASE]
	at org.springframework.context.annotation.ConfigurationClassEnhancer$BeanMethodInterceptor.intercept(ConfigurationClassEnhancer.java:309) ~[spring-context-4.1.7.RELEASE.jar:4.1.7.RELEASE]
	at org.springframework.data.aerospike.repository.TestConfigPerson$$EnhancerBySpringCGLIB$$3f27a8da.aerospikeTemplate(<generated>) ~[spring-core-4.1.7.RELEASE.jar:na]
	at sun.reflect.NativeMethodAccessorImpl.invoke0(Native Method) ~[na:1.8.0_91]
	at sun.reflect.NativeMethodAccessorImpl.invoke(NativeMethodAccessorImpl.java:62) ~[na:1.8.0_91]
	at sun.reflect.DelegatingMethodAccessorImpl.invoke(DelegatingMethodAccessorImpl.java:43) ~[na:1.8.0_91]
	at java.lang.reflect.Method.invoke(Method.java:498) ~[na:1.8.0_91]
	at org.springframework.beans.factory.support.SimpleInstantiationStrategy.instantiate(SimpleInstantiationStrategy.java:162) ~[spring-beans-4.1.7.RELEASE.jar:4.1.7.RELEASE]
	... 52 common frames omitted
Caused by: org.springframework.beans.BeanInstantiationException: Failed to instantiate [com.aerospike.client.AerospikeClient]: Factory method 'aerospikeClient' threw exception; nested exception is com.aerospike.client.AerospikeException$Connection: Error Code 11: Failed to connect to host(s): 
52.41.32.83:3000 Error Code 11: java.net.SocketTimeoutException: connect timed out

	at org.springframework.beans.factory.support.SimpleInstantiationStrategy.instantiate(SimpleInstantiationStrategy.java:189) ~[spring-beans-4.1.7.RELEASE.jar:4.1.7.RELEASE]
	at org.springframework.beans.factory.support.ConstructorResolver.instantiateUsingFactoryMethod(ConstructorResolver.java:588) ~[spring-beans-4.1.7.RELEASE.jar:4.1.7.RELEASE]
	... 73 common frames omitted
Caused by: com.aerospike.client.AerospikeException$Connection: Error Code 11: Failed to connect to host(s): 
52.41.32.83:3000 Error Code 11: java.net.SocketTimeoutException: connect timed out

	at com.aerospike.client.cluster.Cluster.seedNodes(Cluster.java:386) ~[aerospike-client-3.2.3.jar:na]
	at com.aerospike.client.cluster.Cluster.tend(Cluster.java:273) ~[aerospike-client-3.2.3.jar:na]
	at com.aerospike.client.cluster.Cluster.waitTillStabilized(Cluster.java:238) ~[aerospike-client-3.2.3.jar:na]
	at com.aerospike.client.cluster.Cluster.initTendThread(Cluster.java:148) ~[aerospike-client-3.2.3.jar:na]
	at com.aerospike.client.AerospikeClient.<init>(AerospikeClient.java:209) ~[aerospike-client-3.2.3.jar:na]
	at com.aerospike.client.AerospikeClient.<init>(AerospikeClient.java:173) ~[aerospike-client-3.2.3.jar:na]
	at org.springframework.data.aerospike.repository.TestConfigPerson.aerospikeClient(TestConfigPerson.java:32) ~[test-classes/:na]
	at org.springframework.data.aerospike.repository.TestConfigPerson$$EnhancerBySpringCGLIB$$3f27a8da.CGLIB$aerospikeClient$1(<generated>) ~[spring-core-4.1.7.RELEASE.jar:na]
	at org.springframework.data.aerospike.repository.TestConfigPerson$$EnhancerBySpringCGLIB$$3f27a8da$$FastClassBySpringCGLIB$$38965c5e.invoke(<generated>) ~[spring-core-4.1.7.RELEASE.jar:na]
	at org.springframework.cglib.proxy.MethodProxy.invokeSuper(MethodProxy.java:228) ~[spring-core-4.1.7.RELEASE.jar:4.1.7.RELEASE]
	at org.springframework.context.annotation.ConfigurationClassEnhancer$BeanMethodInterceptor.intercept(ConfigurationClassEnhancer.java:309) ~[spring-context-4.1.7.RELEASE.jar:4.1.7.RELEASE]
	at org.springframework.data.aerospike.repository.TestConfigPerson$$EnhancerBySpringCGLIB$$3f27a8da.aerospikeClient(<generated>) ~[spring-core-4.1.7.RELEASE.jar:na]
	at sun.reflect.NativeMethodAccessorImpl.invoke0(Native Method) ~[na:1.8.0_91]
	at sun.reflect.NativeMethodAccessorImpl.invoke(NativeMethodAccessorImpl.java:62) ~[na:1.8.0_91]
	at sun.reflect.DelegatingMethodAccessorImpl.invoke(DelegatingMethodAccessorImpl.java:43) ~[na:1.8.0_91]
	at java.lang.reflect.Method.invoke(Method.java:498) ~[na:1.8.0_91]
	at org.springframework.beans.factory.support.SimpleInstantiationStrategy.instantiate(SimpleInstantiationStrategy.java:162) ~[spring-beans-4.1.7.RELEASE.jar:4.1.7.RELEASE]
	... 74 common frames omitted
]]></system-out>
  </testcase>
  <testcase name="findsAllMusicians" classname="org.springframework.data.aerospike.repository.PersonRepositoryIntegrationTests" time="0">
    <error message="Failed to load ApplicationContext" type="java.lang.IllegalStateException"><![CDATA[java.lang.IllegalStateException: Failed to load ApplicationContext
	at org.springframework.test.context.DefaultCacheAwareContextLoaderDelegate.loadContext(DefaultCacheAwareContextLoaderDelegate.java:94)
	at org.springframework.test.context.DefaultTestContext.getApplicationContext(DefaultTestContext.java:72)
	at org.springframework.test.context.support.DependencyInjectionTestExecutionListener.injectDependencies(DependencyInjectionTestExecutionListener.java:117)
	at org.springframework.test.context.support.DependencyInjectionTestExecutionListener.prepareTestInstance(DependencyInjectionTestExecutionListener.java:83)
	at org.springframework.test.context.TestContextManager.prepareTestInstance(TestContextManager.java:212)
	at org.springframework.test.context.junit4.SpringJUnit4ClassRunner.createTest(SpringJUnit4ClassRunner.java:200)
	at org.springframework.test.context.junit4.SpringJUnit4ClassRunner$1.runReflectiveCall(SpringJUnit4ClassRunner.java:259)
	at org.junit.internal.runners.model.ReflectiveCallable.run(ReflectiveCallable.java:12)
	at org.springframework.test.context.junit4.SpringJUnit4ClassRunner.methodBlock(SpringJUnit4ClassRunner.java:261)
	at org.springframework.test.context.junit4.SpringJUnit4ClassRunner.runChild(SpringJUnit4ClassRunner.java:219)
	at org.springframework.test.context.junit4.SpringJUnit4ClassRunner.runChild(SpringJUnit4ClassRunner.java:83)
	at org.junit.runners.ParentRunner$3.run(ParentRunner.java:290)
	at org.junit.runners.ParentRunner$1.schedule(ParentRunner.java:71)
	at org.junit.runners.ParentRunner.runChildren(ParentRunner.java:288)
	at org.junit.runners.ParentRunner.access$000(ParentRunner.java:58)
	at org.junit.runners.ParentRunner$2.evaluate(ParentRunner.java:268)
	at org.springframework.test.context.junit4.statements.RunBeforeTestClassCallbacks.evaluate(RunBeforeTestClassCallbacks.java:61)
	at org.springframework.test.context.junit4.statements.RunAfterTestClassCallbacks.evaluate(RunAfterTestClassCallbacks.java:68)
	at org.junit.runners.ParentRunner.run(ParentRunner.java:363)
	at org.springframework.test.context.junit4.SpringJUnit4ClassRunner.run(SpringJUnit4ClassRunner.java:163)
	at org.junit.runners.Suite.runChild(Suite.java:128)
	at org.junit.runners.Suite.runChild(Suite.java:27)
	at org.junit.runners.ParentRunner$3.run(ParentRunner.java:290)
	at org.junit.runners.ParentRunner$1.schedule(ParentRunner.java:71)
	at org.junit.runners.ParentRunner.runChildren(ParentRunner.java:288)
	at org.junit.runners.ParentRunner.access$000(ParentRunner.java:58)
	at org.junit.runners.ParentRunner$2.evaluate(ParentRunner.java:268)
	at org.junit.runners.ParentRunner.run(ParentRunner.java:363)
	at org.apache.maven.surefire.junit4.JUnit4Provider.execute(JUnit4Provider.java:283)
	at org.apache.maven.surefire.junit4.JUnit4Provider.executeWithRerun(JUnit4Provider.java:173)
	at org.apache.maven.surefire.junit4.JUnit4Provider.executeTestSet(JUnit4Provider.java:153)
	at org.apache.maven.surefire.junit4.JUnit4Provider.invoke(JUnit4Provider.java:128)
	at org.apache.maven.surefire.booter.ForkedBooter.invokeProviderInSameClassLoader(ForkedBooter.java:203)
	at org.apache.maven.surefire.booter.ForkedBooter.runSuitesInProcess(ForkedBooter.java:155)
	at org.apache.maven.surefire.booter.ForkedBooter.main(ForkedBooter.java:103)
Caused by: org.springframework.beans.factory.BeanCreationException: Error creating bean with name 'aerospikeTemplate' defined in org.springframework.data.aerospike.repository.TestConfigPerson: Bean instantiation via factory method failed; nested exception is org.springframework.beans.BeanInstantiationException: Failed to instantiate [org.springframework.data.aerospike.core.AerospikeTemplate]: Factory method 'aerospikeTemplate' threw exception; nested exception is com.aerospike.helper.query.ClusterRefreshError: Cannot find UDF modules
	at org.springframework.beans.factory.support.ConstructorResolver.instantiateUsingFactoryMethod(ConstructorResolver.java:599)
	at org.springframework.beans.factory.support.AbstractAutowireCapableBeanFactory.instantiateUsingFactoryMethod(AbstractAutowireCapableBeanFactory.java:1119)
	at org.springframework.beans.factory.support.AbstractAutowireCapableBeanFactory.createBeanInstance(AbstractAutowireCapableBeanFactory.java:1014)
	at org.springframework.beans.factory.support.AbstractAutowireCapableBeanFactory.doCreateBean(AbstractAutowireCapableBeanFactory.java:504)
	at org.springframework.beans.factory.support.AbstractAutowireCapableBeanFactory.createBean(AbstractAutowireCapableBeanFactory.java:476)
	at org.springframework.beans.factory.support.AbstractBeanFactory$1.getObject(AbstractBeanFactory.java:303)
	at org.springframework.beans.factory.support.DefaultSingletonBeanRegistry.getSingleton(DefaultSingletonBeanRegistry.java:230)
	at org.springframework.beans.factory.support.AbstractBeanFactory.doGetBean(AbstractBeanFactory.java:299)
	at org.springframework.beans.factory.support.AbstractBeanFactory.getBean(AbstractBeanFactory.java:194)
	at org.springframework.beans.factory.support.DefaultListableBeanFactory.preInstantiateSingletons(DefaultListableBeanFactory.java:755)
	at org.springframework.context.support.AbstractApplicationContext.finishBeanFactoryInitialization(AbstractApplicationContext.java:757)
	at org.springframework.context.support.AbstractApplicationContext.refresh(AbstractApplicationContext.java:480)
	at org.springframework.test.context.support.AbstractGenericContextLoader.loadContext(AbstractGenericContextLoader.java:125)
	at org.springframework.test.context.support.AbstractGenericContextLoader.loadContext(AbstractGenericContextLoader.java:60)
	at org.springframework.test.context.support.AbstractDelegatingSmartContextLoader.delegateLoading(AbstractDelegatingSmartContextLoader.java:109)
	at org.springframework.test.context.support.AbstractDelegatingSmartContextLoader.loadContext(AbstractDelegatingSmartContextLoader.java:261)
	at org.springframework.test.context.DefaultCacheAwareContextLoaderDelegate.loadContextInternal(DefaultCacheAwareContextLoaderDelegate.java:68)
	at org.springframework.test.context.DefaultCacheAwareContextLoaderDelegate.loadContext(DefaultCacheAwareContextLoaderDelegate.java:86)
	at org.springframework.test.context.DefaultTestContext.getApplicationContext(DefaultTestContext.java:72)
	at org.springframework.test.context.support.DependencyInjectionTestExecutionListener.injectDependencies(DependencyInjectionTestExecutionListener.java:117)
	at org.springframework.test.context.support.DependencyInjectionTestExecutionListener.prepareTestInstance(DependencyInjectionTestExecutionListener.java:83)
	at org.springframework.test.context.TestContextManager.prepareTestInstance(TestContextManager.java:212)
	at org.springframework.test.context.junit4.SpringJUnit4ClassRunner.createTest(SpringJUnit4ClassRunner.java:200)
	at org.springframework.test.context.junit4.SpringJUnit4ClassRunner$1.runReflectiveCall(SpringJUnit4ClassRunner.java:259)
	at org.junit.internal.runners.model.ReflectiveCallable.run(ReflectiveCallable.java:12)
	at org.springframework.test.context.junit4.SpringJUnit4ClassRunner.methodBlock(SpringJUnit4ClassRunner.java:261)
	at org.springframework.test.context.junit4.SpringJUnit4ClassRunner.runChild(SpringJUnit4ClassRunner.java:219)
	at org.springframework.test.context.junit4.SpringJUnit4ClassRunner.runChild(SpringJUnit4ClassRunner.java:83)
	at org.junit.runners.ParentRunner$3.run(ParentRunner.java:290)
	at org.junit.runners.ParentRunner$1.schedule(ParentRunner.java:71)
	at org.junit.runners.ParentRunner.runChildren(ParentRunner.java:288)
	at org.junit.runners.ParentRunner.access$000(ParentRunner.java:58)
	at org.junit.runners.ParentRunner$2.evaluate(ParentRunner.java:268)
	at org.springframework.test.context.junit4.statements.RunBeforeTestClassCallbacks.evaluate(RunBeforeTestClassCallbacks.java:61)
	at org.springframework.test.context.junit4.statements.RunAfterTestClassCallbacks.evaluate(RunAfterTestClassCallbacks.java:68)
	at org.junit.runners.ParentRunner.run(ParentRunner.java:363)
	at org.springframework.test.context.junit4.SpringJUnit4ClassRunner.run(SpringJUnit4ClassRunner.java:163)
	at org.junit.runners.Suite.runChild(Suite.java:128)
	at org.junit.runners.Suite.runChild(Suite.java:27)
	at org.junit.runners.ParentRunner$3.run(ParentRunner.java:290)
	at org.junit.runners.ParentRunner$1.schedule(ParentRunner.java:71)
	at org.junit.runners.ParentRunner.runChildren(ParentRunner.java:288)
	at org.junit.runners.ParentRunner.access$000(ParentRunner.java:58)
	at org.junit.runners.ParentRunner$2.evaluate(ParentRunner.java:268)
	at org.junit.runners.ParentRunner.run(ParentRunner.java:363)
	at org.apache.maven.surefire.junit4.JUnit4Provider.execute(JUnit4Provider.java:283)
	at org.apache.maven.surefire.junit4.JUnit4Provider.executeWithRerun(JUnit4Provider.java:173)
	at org.apache.maven.surefire.junit4.JUnit4Provider.executeTestSet(JUnit4Provider.java:153)
	at org.apache.maven.surefire.junit4.JUnit4Provider.invoke(JUnit4Provider.java:128)
	at org.apache.maven.surefire.booter.ForkedBooter.invokeProviderInSameClassLoader(ForkedBooter.java:203)
	at org.apache.maven.surefire.booter.ForkedBooter.runSuitesInProcess(ForkedBooter.java:155)
	at org.apache.maven.surefire.booter.ForkedBooter.main(ForkedBooter.java:103)
Caused by: org.springframework.beans.BeanInstantiationException: Failed to instantiate [org.springframework.data.aerospike.core.AerospikeTemplate]: Factory method 'aerospikeTemplate' threw exception; nested exception is com.aerospike.helper.query.ClusterRefreshError: Cannot find UDF modules
	at org.springframework.beans.factory.support.SimpleInstantiationStrategy.instantiate(SimpleInstantiationStrategy.java:189)
	at org.springframework.beans.factory.support.ConstructorResolver.instantiateUsingFactoryMethod(ConstructorResolver.java:588)
	at org.springframework.beans.factory.support.AbstractAutowireCapableBeanFactory.instantiateUsingFactoryMethod(AbstractAutowireCapableBeanFactory.java:1119)
	at org.springframework.beans.factory.support.AbstractAutowireCapableBeanFactory.createBeanInstance(AbstractAutowireCapableBeanFactory.java:1014)
	at org.springframework.beans.factory.support.AbstractAutowireCapableBeanFactory.doCreateBean(AbstractAutowireCapableBeanFactory.java:504)
	at org.springframework.beans.factory.support.AbstractAutowireCapableBeanFactory.createBean(AbstractAutowireCapableBeanFactory.java:476)
	at org.springframework.beans.factory.support.AbstractBeanFactory$1.getObject(AbstractBeanFactory.java:303)
	at org.springframework.beans.factory.support.DefaultSingletonBeanRegistry.getSingleton(DefaultSingletonBeanRegistry.java:230)
	at org.springframework.beans.factory.support.AbstractBeanFactory.doGetBean(AbstractBeanFactory.java:299)
	at org.springframework.beans.factory.support.AbstractBeanFactory.getBean(AbstractBeanFactory.java:194)
	at org.springframework.beans.factory.support.DefaultListableBeanFactory.preInstantiateSingletons(DefaultListableBeanFactory.java:755)
	at org.springframework.context.support.AbstractApplicationContext.finishBeanFactoryInitialization(AbstractApplicationContext.java:757)
	at org.springframework.context.support.AbstractApplicationContext.refresh(AbstractApplicationContext.java:480)
	at org.springframework.test.context.support.AbstractGenericContextLoader.loadContext(AbstractGenericContextLoader.java:125)
	at org.springframework.test.context.support.AbstractGenericContextLoader.loadContext(AbstractGenericContextLoader.java:60)
	at org.springframework.test.context.support.AbstractDelegatingSmartContextLoader.delegateLoading(AbstractDelegatingSmartContextLoader.java:109)
	at org.springframework.test.context.support.AbstractDelegatingSmartContextLoader.loadContext(AbstractDelegatingSmartContextLoader.java:261)
	at org.springframework.test.context.DefaultCacheAwareContextLoaderDelegate.loadContextInternal(DefaultCacheAwareContextLoaderDelegate.java:68)
	at org.springframework.test.context.DefaultCacheAwareContextLoaderDelegate.loadContext(DefaultCacheAwareContextLoaderDelegate.java:86)
	at org.springframework.test.context.DefaultTestContext.getApplicationContext(DefaultTestContext.java:72)
	at org.springframework.test.context.support.DependencyInjectionTestExecutionListener.injectDependencies(DependencyInjectionTestExecutionListener.java:117)
	at org.springframework.test.context.support.DependencyInjectionTestExecutionListener.prepareTestInstance(DependencyInjectionTestExecutionListener.java:83)
	at org.springframework.test.context.TestContextManager.prepareTestInstance(TestContextManager.java:212)
	at org.springframework.test.context.junit4.SpringJUnit4ClassRunner.createTest(SpringJUnit4ClassRunner.java:200)
	at org.springframework.test.context.junit4.SpringJUnit4ClassRunner$1.runReflectiveCall(SpringJUnit4ClassRunner.java:259)
	at org.junit.internal.runners.model.ReflectiveCallable.run(ReflectiveCallable.java:12)
	at org.springframework.test.context.junit4.SpringJUnit4ClassRunner.methodBlock(SpringJUnit4ClassRunner.java:261)
	at org.springframework.test.context.junit4.SpringJUnit4ClassRunner.runChild(SpringJUnit4ClassRunner.java:219)
	at org.springframework.test.context.junit4.SpringJUnit4ClassRunner.runChild(SpringJUnit4ClassRunner.java:83)
	at org.junit.runners.ParentRunner$3.run(ParentRunner.java:290)
	at org.junit.runners.ParentRunner$1.schedule(ParentRunner.java:71)
	at org.junit.runners.ParentRunner.runChildren(ParentRunner.java:288)
	at org.junit.runners.ParentRunner.access$000(ParentRunner.java:58)
	at org.junit.runners.ParentRunner$2.evaluate(ParentRunner.java:268)
	at org.springframework.test.context.junit4.statements.RunBeforeTestClassCallbacks.evaluate(RunBeforeTestClassCallbacks.java:61)
	at org.springframework.test.context.junit4.statements.RunAfterTestClassCallbacks.evaluate(RunAfterTestClassCallbacks.java:68)
	at org.junit.runners.ParentRunner.run(ParentRunner.java:363)
	at org.springframework.test.context.junit4.SpringJUnit4ClassRunner.run(SpringJUnit4ClassRunner.java:163)
	at org.junit.runners.Suite.runChild(Suite.java:128)
	at org.junit.runners.Suite.runChild(Suite.java:27)
	at org.junit.runners.ParentRunner$3.run(ParentRunner.java:290)
	at org.junit.runners.ParentRunner$1.schedule(ParentRunner.java:71)
	at org.junit.runners.ParentRunner.runChildren(ParentRunner.java:288)
	at org.junit.runners.ParentRunner.access$000(ParentRunner.java:58)
	at org.junit.runners.ParentRunner$2.evaluate(ParentRunner.java:268)
	at org.junit.runners.ParentRunner.run(ParentRunner.java:363)
	at org.apache.maven.surefire.junit4.JUnit4Provider.execute(JUnit4Provider.java:283)
	at org.apache.maven.surefire.junit4.JUnit4Provider.executeWithRerun(JUnit4Provider.java:173)
	at org.apache.maven.surefire.junit4.JUnit4Provider.executeTestSet(JUnit4Provider.java:153)
	at org.apache.maven.surefire.junit4.JUnit4Provider.invoke(JUnit4Provider.java:128)
	at org.apache.maven.surefire.booter.ForkedBooter.invokeProviderInSameClassLoader(ForkedBooter.java:203)
	at org.apache.maven.surefire.booter.ForkedBooter.runSuitesInProcess(ForkedBooter.java:155)
	at org.apache.maven.surefire.booter.ForkedBooter.main(ForkedBooter.java:103)
Caused by: com.aerospike.helper.query.ClusterRefreshError: Cannot find UDF modules
	at com.aerospike.helper.query.QueryEngine.refreshModules(QueryEngine.java:678)
	at com.aerospike.helper.query.QueryEngine.refreshCluster(QueryEngine.java:536)
	at com.aerospike.helper.query.QueryEngine.setClient(QueryEngine.java:129)
	at com.aerospike.helper.query.QueryEngine.<init>(QueryEngine.java:110)
	at org.springframework.data.aerospike.core.AerospikeTemplate.<init>(AerospikeTemplate.java:132)
	at org.springframework.data.aerospike.repository.TestConfigPerson.aerospikeTemplate(TestConfigPerson.java:38)
	at org.springframework.data.aerospike.repository.TestConfigPerson$$EnhancerBySpringCGLIB$$3f27a8da.CGLIB$aerospikeTemplate$0(<generated>)
	at org.springframework.data.aerospike.repository.TestConfigPerson$$EnhancerBySpringCGLIB$$3f27a8da$$FastClassBySpringCGLIB$$38965c5e.invoke(<generated>)
	at org.springframework.cglib.proxy.MethodProxy.invokeSuper(MethodProxy.java:228)
	at org.springframework.context.annotation.ConfigurationClassEnhancer$BeanMethodInterceptor.intercept(ConfigurationClassEnhancer.java:309)
	at org.springframework.data.aerospike.repository.TestConfigPerson$$EnhancerBySpringCGLIB$$3f27a8da.aerospikeTemplate(<generated>)
	at sun.reflect.NativeMethodAccessorImpl.invoke0(Native Method)
	at sun.reflect.NativeMethodAccessorImpl.invoke(NativeMethodAccessorImpl.java:62)
	at sun.reflect.DelegatingMethodAccessorImpl.invoke(DelegatingMethodAccessorImpl.java:43)
	at java.lang.reflect.Method.invoke(Method.java:498)
	at org.springframework.beans.factory.support.SimpleInstantiationStrategy.instantiate(SimpleInstantiationStrategy.java:162)
	at org.springframework.beans.factory.support.ConstructorResolver.instantiateUsingFactoryMethod(ConstructorResolver.java:588)
	at org.springframework.beans.factory.support.AbstractAutowireCapableBeanFactory.instantiateUsingFactoryMethod(AbstractAutowireCapableBeanFactory.java:1119)
	at org.springframework.beans.factory.support.AbstractAutowireCapableBeanFactory.createBeanInstance(AbstractAutowireCapableBeanFactory.java:1014)
	at org.springframework.beans.factory.support.AbstractAutowireCapableBeanFactory.doCreateBean(AbstractAutowireCapableBeanFactory.java:504)
	at org.springframework.beans.factory.support.AbstractAutowireCapableBeanFactory.createBean(AbstractAutowireCapableBeanFactory.java:476)
	at org.springframework.beans.factory.support.AbstractBeanFactory$1.getObject(AbstractBeanFactory.java:303)
	at org.springframework.beans.factory.support.DefaultSingletonBeanRegistry.getSingleton(DefaultSingletonBeanRegistry.java:230)
	at org.springframework.beans.factory.support.AbstractBeanFactory.doGetBean(AbstractBeanFactory.java:299)
	at org.springframework.beans.factory.support.AbstractBeanFactory.getBean(AbstractBeanFactory.java:194)
	at org.springframework.beans.factory.support.DefaultListableBeanFactory.preInstantiateSingletons(DefaultListableBeanFactory.java:755)
	at org.springframework.context.support.AbstractApplicationContext.finishBeanFactoryInitialization(AbstractApplicationContext.java:757)
	at org.springframework.context.support.AbstractApplicationContext.refresh(AbstractApplicationContext.java:480)
	at org.springframework.test.context.support.AbstractGenericContextLoader.loadContext(AbstractGenericContextLoader.java:125)
	at org.springframework.test.context.support.AbstractGenericContextLoader.loadContext(AbstractGenericContextLoader.java:60)
	at org.springframework.test.context.support.AbstractDelegatingSmartContextLoader.delegateLoading(AbstractDelegatingSmartContextLoader.java:109)
	at org.springframework.test.context.support.AbstractDelegatingSmartContextLoader.loadContext(AbstractDelegatingSmartContextLoader.java:261)
	at org.springframework.test.context.DefaultCacheAwareContextLoaderDelegate.loadContextInternal(DefaultCacheAwareContextLoaderDelegate.java:68)
	at org.springframework.test.context.DefaultCacheAwareContextLoaderDelegate.loadContext(DefaultCacheAwareContextLoaderDelegate.java:86)
	at org.springframework.test.context.DefaultTestContext.getApplicationContext(DefaultTestContext.java:72)
	at org.springframework.test.context.support.DependencyInjectionTestExecutionListener.injectDependencies(DependencyInjectionTestExecutionListener.java:117)
	at org.springframework.test.context.support.DependencyInjectionTestExecutionListener.prepareTestInstance(DependencyInjectionTestExecutionListener.java:83)
	at org.springframework.test.context.TestContextManager.prepareTestInstance(TestContextManager.java:212)
	at org.springframework.test.context.junit4.SpringJUnit4ClassRunner.createTest(SpringJUnit4ClassRunner.java:200)
	at org.springframework.test.context.junit4.SpringJUnit4ClassRunner$1.runReflectiveCall(SpringJUnit4ClassRunner.java:259)
	at org.junit.internal.runners.model.ReflectiveCallable.run(ReflectiveCallable.java:12)
	at org.springframework.test.context.junit4.SpringJUnit4ClassRunner.methodBlock(SpringJUnit4ClassRunner.java:261)
	at org.springframework.test.context.junit4.SpringJUnit4ClassRunner.runChild(SpringJUnit4ClassRunner.java:219)
	at org.springframework.test.context.junit4.SpringJUnit4ClassRunner.runChild(SpringJUnit4ClassRunner.java:83)
	at org.junit.runners.ParentRunner$3.run(ParentRunner.java:290)
	at org.junit.runners.ParentRunner$1.schedule(ParentRunner.java:71)
	at org.junit.runners.ParentRunner.runChildren(ParentRunner.java:288)
	at org.junit.runners.ParentRunner.access$000(ParentRunner.java:58)
	at org.junit.runners.ParentRunner$2.evaluate(ParentRunner.java:268)
	at org.springframework.test.context.junit4.statements.RunBeforeTestClassCallbacks.evaluate(RunBeforeTestClassCallbacks.java:61)
	at org.springframework.test.context.junit4.statements.RunAfterTestClassCallbacks.evaluate(RunAfterTestClassCallbacks.java:68)
	at org.junit.runners.ParentRunner.run(ParentRunner.java:363)
	at org.springframework.test.context.junit4.SpringJUnit4ClassRunner.run(SpringJUnit4ClassRunner.java:163)
	at org.junit.runners.Suite.runChild(Suite.java:128)
	at org.junit.runners.Suite.runChild(Suite.java:27)
	at org.junit.runners.ParentRunner$3.run(ParentRunner.java:290)
	at org.junit.runners.ParentRunner$1.schedule(ParentRunner.java:71)
	at org.junit.runners.ParentRunner.runChildren(ParentRunner.java:288)
	at org.junit.runners.ParentRunner.access$000(ParentRunner.java:58)
	at org.junit.runners.ParentRunner$2.evaluate(ParentRunner.java:268)
	at org.junit.runners.ParentRunner.run(ParentRunner.java:363)
	at org.apache.maven.surefire.junit4.JUnit4Provider.execute(JUnit4Provider.java:283)
	at org.apache.maven.surefire.junit4.JUnit4Provider.executeWithRerun(JUnit4Provider.java:173)
	at org.apache.maven.surefire.junit4.JUnit4Provider.executeTestSet(JUnit4Provider.java:153)
	at org.apache.maven.surefire.junit4.JUnit4Provider.invoke(JUnit4Provider.java:128)
	at org.apache.maven.surefire.booter.ForkedBooter.invokeProviderInSameClassLoader(ForkedBooter.java:203)
	at org.apache.maven.surefire.booter.ForkedBooter.runSuitesInProcess(ForkedBooter.java:155)
	at org.apache.maven.surefire.booter.ForkedBooter.main(ForkedBooter.java:103)
]]></error>
    <system-out><![CDATA[16:37:33.018 [main] DEBUG o.s.t.annotation.ProfileValueUtils - Retrieved @ProfileValueSourceConfiguration [null] for test class [org.springframework.data.aerospike.repository.PersonRepositoryIntegrationTests]
16:37:33.018 [main] DEBUG o.s.t.annotation.ProfileValueUtils - Retrieved ProfileValueSource type [class org.springframework.test.annotation.SystemProfileValueSource] for class [org.springframework.data.aerospike.repository.PersonRepositoryIntegrationTests]
16:37:33.018 [main] DEBUG o.s.t.c.s.DependencyInjectionTestExecutionListener - Performing dependency injection for test context [[DefaultTestContext@70807224 testClass = PersonRepositoryIntegrationTests, testInstance = org.springframework.data.aerospike.repository.PersonRepositoryIntegrationTests@4492eede, testMethod = [null], testException = [null], mergedContextConfiguration = [MergedContextConfiguration@400d912a testClass = PersonRepositoryIntegrationTests, locations = '{}', classes = '{class org.springframework.data.aerospike.repository.TestConfigPerson}', contextInitializerClasses = '[]', activeProfiles = '{}', propertySourceLocations = '{}', propertySourceProperties = '{}', contextLoader = 'org.springframework.test.context.support.DelegatingSmartContextLoader', parent = [null]]]].
16:37:33.019 [main] DEBUG o.s.t.c.s.AbstractDelegatingSmartContextLoader - Delegating to AnnotationConfigContextLoader to load context from [MergedContextConfiguration@400d912a testClass = PersonRepositoryIntegrationTests, locations = '{}', classes = '{class org.springframework.data.aerospike.repository.TestConfigPerson}', contextInitializerClasses = '[]', activeProfiles = '{}', propertySourceLocations = '{}', propertySourceProperties = '{}', contextLoader = 'org.springframework.test.context.support.DelegatingSmartContextLoader', parent = [null]].
16:37:33.019 [main] DEBUG o.s.t.c.s.AbstractGenericContextLoader - Loading ApplicationContext for merged context configuration [[MergedContextConfiguration@400d912a testClass = PersonRepositoryIntegrationTests, locations = '{}', classes = '{class org.springframework.data.aerospike.repository.TestConfigPerson}', contextInitializerClasses = '[]', activeProfiles = '{}', propertySourceLocations = '{}', propertySourceProperties = '{}', contextLoader = 'org.springframework.test.context.support.DelegatingSmartContextLoader', parent = [null]]].
16:37:33.019 [main] DEBUG o.s.core.env.StandardEnvironment - Adding [systemProperties] PropertySource with lowest search precedence
16:37:33.019 [main] DEBUG o.s.core.env.StandardEnvironment - Adding [systemEnvironment] PropertySource with lowest search precedence
16:37:33.019 [main] DEBUG o.s.core.env.StandardEnvironment - Initialized StandardEnvironment with PropertySources [systemProperties,systemEnvironment]
16:37:33.019 [main] DEBUG o.s.t.c.s.AnnotationConfigContextLoader - Registering annotated classes: {class org.springframework.data.aerospike.repository.TestConfigPerson}
16:37:33.019 [main] INFO  o.s.c.s.GenericApplicationContext - Refreshing org.springframework.context.support.GenericApplicationContext@cbc8d0f: startup date [Tue Oct 04 16:37:33 BRT 2016]; root of context hierarchy
16:37:33.019 [main] DEBUG o.s.c.s.GenericApplicationContext - Bean factory for org.springframework.context.support.GenericApplicationContext@cbc8d0f: org.springframework.beans.factory.support.DefaultListableBeanFactory@37b57b54: defining beans [org.springframework.context.annotation.internalConfigurationAnnotationProcessor,org.springframework.context.annotation.internalAutowiredAnnotationProcessor,org.springframework.context.annotation.internalRequiredAnnotationProcessor,org.springframework.context.annotation.internalCommonAnnotationProcessor,testConfigPerson]; root of factory hierarchy
16:37:33.020 [main] DEBUG o.s.b.f.s.DefaultListableBeanFactory - Creating shared instance of singleton bean 'org.springframework.context.annotation.internalConfigurationAnnotationProcessor'
16:37:33.020 [main] DEBUG o.s.b.f.s.DefaultListableBeanFactory - Creating instance of bean 'org.springframework.context.annotation.internalConfigurationAnnotationProcessor'
16:37:33.020 [main] DEBUG o.s.b.f.s.DefaultListableBeanFactory - Eagerly caching bean 'org.springframework.context.annotation.internalConfigurationAnnotationProcessor' to allow for resolving potential circular references
16:37:33.020 [main] DEBUG o.s.b.f.s.DefaultListableBeanFactory - Finished creating instance of bean 'org.springframework.context.annotation.internalConfigurationAnnotationProcessor'
16:37:33.020 [main] DEBUG o.s.c.a.ConfigurationClassBeanDefinitionReader - Registering bean definition for @Bean method org.springframework.data.aerospike.repository.TestConfigPerson.aerospikeTemplate()
16:37:33.020 [main] DEBUG o.s.c.a.ConfigurationClassBeanDefinitionReader - Registering bean definition for @Bean method org.springframework.data.aerospike.repository.TestConfigPerson.aerospikeClient()
16:37:33.021 [main] DEBUG o.s.core.env.StandardEnvironment - Adding [systemProperties] PropertySource with lowest search precedence
16:37:33.021 [main] DEBUG o.s.core.env.StandardEnvironment - Adding [systemEnvironment] PropertySource with lowest search precedence
16:37:33.021 [main] DEBUG o.s.core.env.StandardEnvironment - Initialized StandardEnvironment with PropertySources [systemProperties,systemEnvironment]
16:37:33.021 [main] DEBUG o.s.c.i.s.PathMatchingResourcePatternResolver - Looking for matching resources in directory tree [/home/aluno/spring-projects/maven/spring-data-aerospike/target/test-classes/org/springframework/data]
16:37:33.021 [main] DEBUG o.s.c.i.s.PathMatchingResourcePatternResolver - Searching directory [/home/aluno/spring-projects/maven/spring-data-aerospike/target/test-classes/org/springframework/data] for files matching pattern [/home/aluno/spring-projects/maven/spring-data-aerospike/target/test-classes/org/springframework/data/**/repository/support/**/*.class]
16:37:33.021 [main] DEBUG o.s.c.i.s.PathMatchingResourcePatternResolver - Searching directory [/home/aluno/spring-projects/maven/spring-data-aerospike/target/test-classes/org/springframework/data/keyvalue] for files matching pattern [/home/aluno/spring-projects/maven/spring-data-aerospike/target/test-classes/org/springframework/data/**/repository/support/**/*.class]
16:37:33.021 [main] DEBUG o.s.c.i.s.PathMatchingResourcePatternResolver - Searching directory [/home/aluno/spring-projects/maven/spring-data-aerospike/target/test-classes/org/springframework/data/keyvalue/repository] for files matching pattern [/home/aluno/spring-projects/maven/spring-data-aerospike/target/test-classes/org/springframework/data/**/repository/support/**/*.class]
16:37:33.021 [main] DEBUG o.s.c.i.s.PathMatchingResourcePatternResolver - Searching directory [/home/aluno/spring-projects/maven/spring-data-aerospike/target/test-classes/org/springframework/data/keyvalue/repository/query] for files matching pattern [/home/aluno/spring-projects/maven/spring-data-aerospike/target/test-classes/org/springframework/data/**/repository/support/**/*.class]
16:37:33.021 [main] DEBUG o.s.c.i.s.PathMatchingResourcePatternResolver - Searching directory [/home/aluno/spring-projects/maven/spring-data-aerospike/target/test-classes/org/springframework/data/aerospike] for files matching pattern [/home/aluno/spring-projects/maven/spring-data-aerospike/target/test-classes/org/springframework/data/**/repository/support/**/*.class]
16:37:33.022 [main] DEBUG o.s.c.i.s.PathMatchingResourcePatternResolver - Searching directory [/home/aluno/spring-projects/maven/spring-data-aerospike/target/test-classes/org/springframework/data/aerospike/mapping] for files matching pattern [/home/aluno/spring-projects/maven/spring-data-aerospike/target/test-classes/org/springframework/data/**/repository/support/**/*.class]
16:37:33.034 [main] DEBUG o.s.c.i.s.PathMatchingResourcePatternResolver - Searching directory [/home/aluno/spring-projects/maven/spring-data-aerospike/target/test-classes/org/springframework/data/aerospike/core] for files matching pattern [/home/aluno/spring-projects/maven/spring-data-aerospike/target/test-classes/org/springframework/data/**/repository/support/**/*.class]
16:37:33.034 [main] DEBUG o.s.c.i.s.PathMatchingResourcePatternResolver - Searching directory [/home/aluno/spring-projects/maven/spring-data-aerospike/target/test-classes/org/springframework/data/aerospike/convert] for files matching pattern [/home/aluno/spring-projects/maven/spring-data-aerospike/target/test-classes/org/springframework/data/**/repository/support/**/*.class]
16:37:33.044 [main] DEBUG o.s.c.i.s.PathMatchingResourcePatternResolver - Searching directory [/home/aluno/spring-projects/maven/spring-data-aerospike/target/test-classes/org/springframework/data/aerospike/sample] for files matching pattern [/home/aluno/spring-projects/maven/spring-data-aerospike/target/test-classes/org/springframework/data/**/repository/support/**/*.class]
16:37:33.044 [main] DEBUG o.s.c.i.s.PathMatchingResourcePatternResolver - Searching directory [/home/aluno/spring-projects/maven/spring-data-aerospike/target/test-classes/org/springframework/data/aerospike/repository] for files matching pattern [/home/aluno/spring-projects/maven/spring-data-aerospike/target/test-classes/org/springframework/data/**/repository/support/**/*.class]
16:37:33.044 [main] DEBUG o.s.c.i.s.PathMatchingResourcePatternResolver - Searching directory [/home/aluno/spring-projects/maven/spring-data-aerospike/target/test-classes/org/springframework/data/aerospike/repository/support] for files matching pattern [/home/aluno/spring-projects/maven/spring-data-aerospike/target/test-classes/org/springframework/data/**/repository/support/**/*.class]
16:37:33.044 [main] DEBUG o.s.c.i.s.PathMatchingResourcePatternResolver - Searching directory [/home/aluno/spring-projects/maven/spring-data-aerospike/target/test-classes/org/springframework/data/aerospike/repository/query] for files matching pattern [/home/aluno/spring-projects/maven/spring-data-aerospike/target/test-classes/org/springframework/data/**/repository/support/**/*.class]
16:37:33.044 [main] DEBUG o.s.c.i.s.PathMatchingResourcePatternResolver - Searching directory [/home/aluno/spring-projects/maven/spring-data-aerospike/target/test-classes/org/springframework/data/aerospike/config] for files matching pattern [/home/aluno/spring-projects/maven/spring-data-aerospike/target/test-classes/org/springframework/data/**/repository/support/**/*.class]
16:37:33.044 [main] DEBUG o.s.c.i.s.PathMatchingResourcePatternResolver - Searching directory [/home/aluno/spring-projects/maven/spring-data-aerospike/target/test-classes/org/springframework/data/aerospike/cache] for files matching pattern [/home/aluno/spring-projects/maven/spring-data-aerospike/target/test-classes/org/springframework/data/**/repository/support/**/*.class]
16:37:33.045 [main] DEBUG o.s.c.i.s.PathMatchingResourcePatternResolver - Looking for matching resources in directory tree [/home/aluno/spring-projects/maven/spring-data-aerospike/target/classes/org/springframework/data]
16:37:33.045 [main] DEBUG o.s.c.i.s.PathMatchingResourcePatternResolver - Searching directory [/home/aluno/spring-projects/maven/spring-data-aerospike/target/classes/org/springframework/data] for files matching pattern [/home/aluno/spring-projects/maven/spring-data-aerospike/target/classes/org/springframework/data/**/repository/support/**/*.class]
16:37:33.045 [main] DEBUG o.s.c.i.s.PathMatchingResourcePatternResolver - Searching directory [/home/aluno/spring-projects/maven/spring-data-aerospike/target/classes/org/springframework/data/aerospike] for files matching pattern [/home/aluno/spring-projects/maven/spring-data-aerospike/target/classes/org/springframework/data/**/repository/support/**/*.class]
16:37:33.052 [main] DEBUG o.s.c.i.s.PathMatchingResourcePatternResolver - Searching directory [/home/aluno/spring-projects/maven/spring-data-aerospike/target/classes/org/springframework/data/aerospike/mapping] for files matching pattern [/home/aluno/spring-projects/maven/spring-data-aerospike/target/classes/org/springframework/data/**/repository/support/**/*.class]
16:37:33.054 [main] DEBUG o.s.c.i.s.PathMatchingResourcePatternResolver - Searching directory [/home/aluno/spring-projects/maven/spring-data-aerospike/target/classes/org/springframework/data/aerospike/core] for files matching pattern [/home/aluno/spring-projects/maven/spring-data-aerospike/target/classes/org/springframework/data/**/repository/support/**/*.class]
16:37:33.054 [main] DEBUG o.s.c.i.s.PathMatchingResourcePatternResolver - Searching directory [/home/aluno/spring-projects/maven/spring-data-aerospike/target/classes/org/springframework/data/aerospike/convert] for files matching pattern [/home/aluno/spring-projects/maven/spring-data-aerospike/target/classes/org/springframework/data/**/repository/support/**/*.class]
16:37:33.054 [main] DEBUG o.s.c.i.s.PathMatchingResourcePatternResolver - Searching directory [/home/aluno/spring-projects/maven/spring-data-aerospike/target/classes/org/springframework/data/aerospike/example] for files matching pattern [/home/aluno/spring-projects/maven/spring-data-aerospike/target/classes/org/springframework/data/**/repository/support/**/*.class]
16:37:33.054 [main] DEBUG o.s.c.i.s.PathMatchingResourcePatternResolver - Searching directory [/home/aluno/spring-projects/maven/spring-data-aerospike/target/classes/org/springframework/data/aerospike/example/data] for files matching pattern [/home/aluno/spring-projects/maven/spring-data-aerospike/target/classes/org/springframework/data/**/repository/support/**/*.class]
16:37:33.054 [main] DEBUG o.s.c.i.s.PathMatchingResourcePatternResolver - Searching directory [/home/aluno/spring-projects/maven/spring-data-aerospike/target/classes/org/springframework/data/aerospike/example/config] for files matching pattern [/home/aluno/spring-projects/maven/spring-data-aerospike/target/classes/org/springframework/data/**/repository/support/**/*.class]
16:37:33.055 [main] DEBUG o.s.c.i.s.PathMatchingResourcePatternResolver - Searching directory [/home/aluno/spring-projects/maven/spring-data-aerospike/target/classes/org/springframework/data/aerospike/annotation] for files matching pattern [/home/aluno/spring-projects/maven/spring-data-aerospike/target/classes/org/springframework/data/**/repository/support/**/*.class]
16:37:33.055 [main] DEBUG o.s.c.i.s.PathMatchingResourcePatternResolver - Searching directory [/home/aluno/spring-projects/maven/spring-data-aerospike/target/classes/org/springframework/data/aerospike/repository] for files matching pattern [/home/aluno/spring-projects/maven/spring-data-aerospike/target/classes/org/springframework/data/**/repository/support/**/*.class]
16:37:33.055 [main] DEBUG o.s.c.i.s.PathMatchingResourcePatternResolver - Searching directory [/home/aluno/spring-projects/maven/spring-data-aerospike/target/classes/org/springframework/data/aerospike/repository/support] for files matching pattern [/home/aluno/spring-projects/maven/spring-data-aerospike/target/classes/org/springframework/data/**/repository/support/**/*.class]
16:37:33.055 [main] DEBUG o.s.c.i.s.PathMatchingResourcePatternResolver - Searching directory [/home/aluno/spring-projects/maven/spring-data-aerospike/target/classes/org/springframework/data/aerospike/repository/config] for files matching pattern [/home/aluno/spring-projects/maven/spring-data-aerospike/target/classes/org/springframework/data/**/repository/support/**/*.class]
16:37:33.055 [main] DEBUG o.s.c.i.s.PathMatchingResourcePatternResolver - Searching directory [/home/aluno/spring-projects/maven/spring-data-aerospike/target/classes/org/springframework/data/aerospike/repository/query] for files matching pattern [/home/aluno/spring-projects/maven/spring-data-aerospike/target/classes/org/springframework/data/**/repository/support/**/*.class]
16:37:33.055 [main] DEBUG o.s.c.i.s.PathMatchingResourcePatternResolver - Searching directory [/home/aluno/spring-projects/maven/spring-data-aerospike/target/classes/org/springframework/data/aerospike/config] for files matching pattern [/home/aluno/spring-projects/maven/spring-data-aerospike/target/classes/org/springframework/data/**/repository/support/**/*.class]
16:37:33.055 [main] DEBUG o.s.c.i.s.PathMatchingResourcePatternResolver - Searching directory [/home/aluno/spring-projects/maven/spring-data-aerospike/target/classes/org/springframework/data/aerospike/cache] for files matching pattern [/home/aluno/spring-projects/maven/spring-data-aerospike/target/classes/org/springframework/data/**/repository/support/**/*.class]
16:37:33.055 [main] DEBUG o.s.c.i.s.PathMatchingResourcePatternResolver - Searching directory [/home/aluno/spring-projects/maven/spring-data-aerospike/target/classes/org/springframework/data/aerospike/utility] for files matching pattern [/home/aluno/spring-projects/maven/spring-data-aerospike/target/classes/org/springframework/data/**/repository/support/**/*.class]
16:37:33.055 [main] DEBUG o.s.c.i.s.PathMatchingResourcePatternResolver - Looking for matching resources in jar file [file:/home/aluno/.m2/repository/org/springframework/data/spring-data-commons/1.11.0.RELEASE/spring-data-commons-1.11.0.RELEASE.jar]
16:37:33.057 [main] DEBUG o.s.c.i.s.PathMatchingResourcePatternResolver - Looking for matching resources in jar file [file:/home/aluno/.m2/repository/org/springframework/data/spring-data-keyvalue/1.0.0.M1/spring-data-keyvalue-1.0.0.M1.jar]
16:37:33.057 [main] DEBUG o.s.c.i.s.PathMatchingResourcePatternResolver - Resolved location pattern [classpath*:org/springframework/data/**/repository/support/**/*.class] to resources [file [/home/aluno/spring-projects/maven/spring-data-aerospike/target/test-classes/org/springframework/data/aerospike/repository/support/SimpleAerospikeRepositoryTest$5.class], file [/home/aluno/spring-projects/maven/spring-data-aerospike/target/test-classes/org/springframework/data/aerospike/repository/support/SimpleAerospikeRepositoryTest$9.class], file [/home/aluno/spring-projects/maven/spring-data-aerospike/target/test-classes/org/springframework/data/aerospike/repository/support/SimpleAerospikeRepositoryTest$4.class], file [/home/aluno/spring-projects/maven/spring-data-aerospike/target/test-classes/org/springframework/data/aerospike/repository/support/AerospikeRepositoryFactoryTest.class], file [/home/aluno/spring-projects/maven/spring-data-aerospike/target/test-classes/org/springframework/data/aerospike/repository/support/SimpleAerospikeRepositoryTest.class], file [/home/aluno/spring-projects/maven/spring-data-aerospike/target/test-classes/org/springframework/data/aerospike/repository/support/SimpleAerospikeRepositoryTest$1.class], file [/home/aluno/spring-projects/maven/spring-data-aerospike/target/test-classes/org/springframework/data/aerospike/repository/support/SimpleAerospikeRepositoryTest$3.class], file [/home/aluno/spring-projects/maven/spring-data-aerospike/target/test-classes/org/springframework/data/aerospike/repository/support/SimpleAerospikeRepositoryTest$8.class], file [/home/aluno/spring-projects/maven/spring-data-aerospike/target/test-classes/org/springframework/data/aerospike/repository/support/SimpleAerospikeRepositoryTest$6.class], file [/home/aluno/spring-projects/maven/spring-data-aerospike/target/test-classes/org/springframework/data/aerospike/repository/support/SimpleAerospikeRepositoryTest$2.class], file [/home/aluno/spring-projects/maven/spring-data-aerospike/target/test-classes/org/springframework/data/aerospike/repository/support/AllTests.class], file [/home/aluno/spring-projects/maven/spring-data-aerospike/target/test-classes/org/springframework/data/aerospike/repository/support/SimpleAerospikeRepositoryTest$7.class], file [/home/aluno/spring-projects/maven/spring-data-aerospike/target/classes/org/springframework/data/aerospike/repository/support/AerospikeRepositoryFactoryBean.class], file [/home/aluno/spring-projects/maven/spring-data-aerospike/target/classes/org/springframework/data/aerospike/repository/support/AerospikeRepositoryFactory$AerospikeQueryLookupStrategy.class], file [/home/aluno/spring-projects/maven/spring-data-aerospike/target/classes/org/springframework/data/aerospike/repository/support/AerospikeRepositoryFactory.class], file [/home/aluno/spring-projects/maven/spring-data-aerospike/target/classes/org/springframework/data/aerospike/repository/support/SimpleAerospikeRepository.class], URL [jar:file:/home/aluno/.m2/repository/org/springframework/data/spring-data-commons/1.11.0.RELEASE/spring-data-commons-1.11.0.RELEASE.jar!/org/springframework/data/repository/support/DomainClassConverter$ConversionMatchAbbreviationException.class], URL [jar:file:/home/aluno/.m2/repository/org/springframework/data/spring-data-commons/1.11.0.RELEASE/spring-data-commons-1.11.0.RELEASE.jar!/org/springframework/data/repository/support/DomainClassConverter$ToIdConverter.class], URL [jar:file:/home/aluno/.m2/repository/org/springframework/data/spring-data-commons/1.11.0.RELEASE/spring-data-commons-1.11.0.RELEASE.jar!/org/springframework/data/repository/support/Repositories$EmptyRepositoryFactoryInformation.class], URL [jar:file:/home/aluno/.m2/repository/org/springframework/data/spring-data-commons/1.11.0.RELEASE/spring-data-commons-1.11.0.RELEASE.jar!/org/springframework/data/repository/support/PagingAndSortingRepositoryInvoker.class], URL [jar:file:/home/aluno/.m2/repository/org/springframework/data/spring-data-commons/1.11.0.RELEASE/spring-data-commons-1.11.0.RELEASE.jar!/org/springframework/data/repository/support/QueryMethodParameterConversionException.class], URL [jar:file:/home/aluno/.m2/repository/org/springframework/data/spring-data-commons/1.11.0.RELEASE/spring-data-commons-1.11.0.RELEASE.jar!/org/springframework/data/repository/support/MethodParameters.class], URL [jar:file:/home/aluno/.m2/repository/org/springframework/data/spring-data-commons/1.11.0.RELEASE/spring-data-commons-1.11.0.RELEASE.jar!/org/springframework/data/repository/support/RepositoryInvoker.class], URL [jar:file:/home/aluno/.m2/repository/org/springframework/data/spring-data-commons/1.11.0.RELEASE/spring-data-commons-1.11.0.RELEASE.jar!/org/springframework/data/repository/support/RepositoryInvokerFactory.class], URL [jar:file:/home/aluno/.m2/repository/org/springframework/data/spring-data-commons/1.11.0.RELEASE/spring-data-commons-1.11.0.RELEASE.jar!/org/springframework/data/repository/support/DomainClassPropertyEditorRegistrar.class], URL [jar:file:/home/aluno/.m2/repository/org/springframework/data/spring-data-commons/1.11.0.RELEASE/spring-data-commons-1.11.0.RELEASE.jar!/org/springframework/data/repository/support/AnnotationAttribute.class], URL [jar:file:/home/aluno/.m2/repository/org/springframework/data/spring-data-commons/1.11.0.RELEASE/spring-data-commons-1.11.0.RELEASE.jar!/org/springframework/data/repository/support/DefaultRepositoryInvokerFactory.class], URL [jar:file:/home/aluno/.m2/repository/org/springframework/data/spring-data-commons/1.11.0.RELEASE/spring-data-commons-1.11.0.RELEASE.jar!/org/springframework/data/repository/support/MethodParameters$AnnotationNamingMethodParameter.class], URL [jar:file:/home/aluno/.m2/repository/org/springframework/data/spring-data-commons/1.11.0.RELEASE/spring-data-commons-1.11.0.RELEASE.jar!/org/springframework/data/repository/support/CrudRepositoryInvoker.class], URL [jar:file:/home/aluno/.m2/repository/org/springframework/data/spring-data-commons/1.11.0.RELEASE/spring-data-commons-1.11.0.RELEASE.jar!/org/springframework/data/repository/support/Repositories.class], URL [jar:file:/home/aluno/.m2/repository/org/springframework/data/spring-data-commons/1.11.0.RELEASE/spring-data-commons-1.11.0.RELEASE.jar!/org/springframework/data/repository/support/DomainClassConverter$ToEntityConverter.class], URL [jar:file:/home/aluno/.m2/repository/org/springframework/data/spring-data-commons/1.11.0.RELEASE/spring-data-commons-1.11.0.RELEASE.jar!/org/springframework/data/repository/support/ReflectionRepositoryInvoker.class], URL [jar:file:/home/aluno/.m2/repository/org/springframework/data/spring-data-commons/1.11.0.RELEASE/spring-data-commons-1.11.0.RELEASE.jar!/org/springframework/data/repository/support/DomainClassPropertyEditor.class], URL [jar:file:/home/aluno/.m2/repository/org/springframework/data/spring-data-commons/1.11.0.RELEASE/spring-data-commons-1.11.0.RELEASE.jar!/org/springframework/data/repository/support/DomainClassConverter.class], URL [jar:file:/home/aluno/.m2/repository/org/springframework/data/spring-data-commons/1.11.0.RELEASE/spring-data-commons-1.11.0.RELEASE.jar!/org/springframework/data/repository/support/DomainClassConverter$1.class], URL [jar:file:/home/aluno/.m2/repository/org/springframework/data/spring-data-commons/1.11.0.RELEASE/spring-data-commons-1.11.0.RELEASE.jar!/org/springframework/data/repository/support/RepositoryInvocationInformation.class], URL [jar:file:/home/aluno/.m2/repository/org/springframework/data/spring-data-keyvalue/1.0.0.M1/spring-data-keyvalue-1.0.0.M1.jar!/org/springframework/data/keyvalue/repository/support/KeyValueRepositoryFactory$KeyValueQueryLookupStrategy.class], URL [jar:file:/home/aluno/.m2/repository/org/springframework/data/spring-data-keyvalue/1.0.0.M1/spring-data-keyvalue-1.0.0.M1.jar!/org/springframework/data/keyvalue/repository/support/QuerydslKeyValueRepository.class], URL [jar:file:/home/aluno/.m2/repository/org/springframework/data/spring-data-keyvalue/1.0.0.M1/spring-data-keyvalue-1.0.0.M1.jar!/org/springframework/data/keyvalue/repository/support/KeyValueRepositoryFactoryBean.class], URL [jar:file:/home/aluno/.m2/repository/org/springframework/data/spring-data-keyvalue/1.0.0.M1/spring-data-keyvalue-1.0.0.M1.jar!/org/springframework/data/keyvalue/repository/support/KeyValueQuerydslUtils$1.class], URL [jar:file:/home/aluno/.m2/repository/org/springframework/data/spring-data-keyvalue/1.0.0.M1/spring-data-keyvalue-1.0.0.M1.jar!/org/springframework/data/keyvalue/repository/support/KeyValueQuerydslUtils.class], URL [jar:file:/home/aluno/.m2/repository/org/springframework/data/spring-data-keyvalue/1.0.0.M1/spring-data-keyvalue-1.0.0.M1.jar!/org/springframework/data/keyvalue/repository/support/KeyValueRepositoryFactory.class], URL [jar:file:/home/aluno/.m2/repository/org/springframework/data/spring-data-keyvalue/1.0.0.M1/spring-data-keyvalue-1.0.0.M1.jar!/org/springframework/data/keyvalue/repository/support/SimpleKeyValueRepository.class]]
16:37:33.059 [main] DEBUG o.s.c.a.ClassPathScanningCandidateComponentProvider - Identified candidate component class: file [/home/aluno/spring-projects/maven/spring-data-aerospike/target/classes/org/springframework/data/aerospike/repository/support/AerospikeRepositoryFactory.class]
16:37:33.063 [main] DEBUG o.s.c.a.ClassPathScanningCandidateComponentProvider - Identified candidate component class: URL [jar:file:/home/aluno/.m2/repository/org/springframework/data/spring-data-keyvalue/1.0.0.M1/spring-data-keyvalue-1.0.0.M1.jar!/org/springframework/data/keyvalue/repository/support/KeyValueRepositoryFactory.class]
16:37:33.064 [main] DEBUG o.s.d.r.c.RepositoryConfigurationDelegate - Multiple Spring Data modules found, entering strict repository configuration mode!
16:37:33.064 [main] DEBUG o.s.core.env.StandardEnvironment - Adding [systemProperties] PropertySource with lowest search precedence
16:37:33.064 [main] DEBUG o.s.core.env.StandardEnvironment - Adding [systemEnvironment] PropertySource with lowest search precedence
16:37:33.064 [main] DEBUG o.s.core.env.StandardEnvironment - Initialized StandardEnvironment with PropertySources [systemProperties,systemEnvironment]
16:37:33.064 [main] DEBUG o.s.c.i.s.PathMatchingResourcePatternResolver - Looking for matching resources in directory tree [/home/aluno/spring-projects/maven/spring-data-aerospike/target/test-classes/org/springframework/data/aerospike/repository]
16:37:33.064 [main] DEBUG o.s.c.i.s.PathMatchingResourcePatternResolver - Searching directory [/home/aluno/spring-projects/maven/spring-data-aerospike/target/test-classes/org/springframework/data/aerospike/repository] for files matching pattern [/home/aluno/spring-projects/maven/spring-data-aerospike/target/test-classes/org/springframework/data/aerospike/repository/**/*.class]
16:37:33.065 [main] DEBUG o.s.c.i.s.PathMatchingResourcePatternResolver - Searching directory [/home/aluno/spring-projects/maven/spring-data-aerospike/target/test-classes/org/springframework/data/aerospike/repository/support] for files matching pattern [/home/aluno/spring-projects/maven/spring-data-aerospike/target/test-classes/org/springframework/data/aerospike/repository/**/*.class]
16:37:33.065 [main] DEBUG o.s.c.i.s.PathMatchingResourcePatternResolver - Searching directory [/home/aluno/spring-projects/maven/spring-data-aerospike/target/test-classes/org/springframework/data/aerospike/repository/query] for files matching pattern [/home/aluno/spring-projects/maven/spring-data-aerospike/target/test-classes/org/springframework/data/aerospike/repository/**/*.class]
16:37:33.065 [main] DEBUG o.s.c.i.s.PathMatchingResourcePatternResolver - Looking for matching resources in directory tree [/home/aluno/spring-projects/maven/spring-data-aerospike/target/classes/org/springframework/data/aerospike/repository]
16:37:33.065 [main] DEBUG o.s.c.i.s.PathMatchingResourcePatternResolver - Searching directory [/home/aluno/spring-projects/maven/spring-data-aerospike/target/classes/org/springframework/data/aerospike/repository] for files matching pattern [/home/aluno/spring-projects/maven/spring-data-aerospike/target/classes/org/springframework/data/aerospike/repository/**/*.class]
16:37:33.065 [main] DEBUG o.s.c.i.s.PathMatchingResourcePatternResolver - Searching directory [/home/aluno/spring-projects/maven/spring-data-aerospike/target/classes/org/springframework/data/aerospike/repository/support] for files matching pattern [/home/aluno/spring-projects/maven/spring-data-aerospike/target/classes/org/springframework/data/aerospike/repository/**/*.class]
16:37:33.065 [main] DEBUG o.s.c.i.s.PathMatchingResourcePatternResolver - Searching directory [/home/aluno/spring-projects/maven/spring-data-aerospike/target/classes/org/springframework/data/aerospike/repository/config] for files matching pattern [/home/aluno/spring-projects/maven/spring-data-aerospike/target/classes/org/springframework/data/aerospike/repository/**/*.class]
16:37:33.065 [main] DEBUG o.s.c.i.s.PathMatchingResourcePatternResolver - Searching directory [/home/aluno/spring-projects/maven/spring-data-aerospike/target/classes/org/springframework/data/aerospike/repository/query] for files matching pattern [/home/aluno/spring-projects/maven/spring-data-aerospike/target/classes/org/springframework/data/aerospike/repository/**/*.class]
16:37:33.065 [main] DEBUG o.s.c.i.s.PathMatchingResourcePatternResolver - Resolved location pattern [classpath*:org/springframework/data/aerospike/repository/**/*.class] to resources [file [/home/aluno/spring-projects/maven/spring-data-aerospike/target/test-classes/org/springframework/data/aerospike/repository/Credentials.class], file [/home/aluno/spring-projects/maven/spring-data-aerospike/target/test-classes/org/springframework/data/aerospike/repository/AbstractPersonRepositoryIntegrationTests$1.class], file [/home/aluno/spring-projects/maven/spring-data-aerospike/target/test-classes/org/springframework/data/aerospike/repository/PersonRepository.class], file [/home/aluno/spring-projects/maven/spring-data-aerospike/target/test-classes/org/springframework/data/aerospike/repository/TestConfigPerson.class], file [/home/aluno/spring-projects/maven/spring-data-aerospike/target/test-classes/org/springframework/data/aerospike/repository/Address.class], file [/home/aluno/spring-projects/maven/spring-data-aerospike/target/test-classes/org/springframework/data/aerospike/repository/Person$Sex.class], file [/home/aluno/spring-projects/maven/spring-data-aerospike/target/test-classes/org/springframework/data/aerospike/repository/Person.class], file [/home/aluno/spring-projects/maven/spring-data-aerospike/target/test-classes/org/springframework/data/aerospike/repository/ContactRepository.class], file [/home/aluno/spring-projects/maven/spring-data-aerospike/target/test-classes/org/springframework/data/aerospike/repository/AbstractPersonRepositoryIntegrationTests.class], file [/home/aluno/spring-projects/maven/spring-data-aerospike/target/test-classes/org/springframework/data/aerospike/repository/User.class], file [/home/aluno/spring-projects/maven/spring-data-aerospike/target/test-classes/org/springframework/data/aerospike/repository/CustomerRepositoriesIntegrationTests$Config.class], file [/home/aluno/spring-projects/maven/spring-data-aerospike/target/test-classes/org/springframework/data/aerospike/repository/AnnotatedPerson.class], file [/home/aluno/spring-projects/maven/spring-data-aerospike/target/test-classes/org/springframework/data/aerospike/repository/support/SimpleAerospikeRepositoryTest$5.class], file [/home/aluno/spring-projects/maven/spring-data-aerospike/target/test-classes/org/springframework/data/aerospike/repository/support/SimpleAerospikeRepositoryTest$9.class], file [/home/aluno/spring-projects/maven/spring-data-aerospike/target/test-classes/org/springframework/data/aerospike/repository/support/SimpleAerospikeRepositoryTest$4.class], file [/home/aluno/spring-projects/maven/spring-data-aerospike/target/test-classes/org/springframework/data/aerospike/repository/support/AerospikeRepositoryFactoryTest.class], file [/home/aluno/spring-projects/maven/spring-data-aerospike/target/test-classes/org/springframework/data/aerospike/repository/support/SimpleAerospikeRepositoryTest.class], file [/home/aluno/spring-projects/maven/spring-data-aerospike/target/test-classes/org/springframework/data/aerospike/repository/support/SimpleAerospikeRepositoryTest$1.class], file [/home/aluno/spring-projects/maven/spring-data-aerospike/target/test-classes/org/springframework/data/aerospike/repository/support/SimpleAerospikeRepositoryTest$3.class], file [/home/aluno/spring-projects/maven/spring-data-aerospike/target/test-classes/org/springframework/data/aerospike/repository/support/SimpleAerospikeRepositoryTest$8.class], file [/home/aluno/spring-projects/maven/spring-data-aerospike/target/test-classes/org/springframework/data/aerospike/repository/support/SimpleAerospikeRepositoryTest$6.class], file [/home/aluno/spring-projects/maven/spring-data-aerospike/target/test-classes/org/springframework/data/aerospike/repository/support/SimpleAerospikeRepositoryTest$2.class], file [/home/aluno/spring-projects/maven/spring-data-aerospike/target/test-classes/org/springframework/data/aerospike/repository/support/AllTests.class], file [/home/aluno/spring-projects/maven/spring-data-aerospike/target/test-classes/org/springframework/data/aerospike/repository/support/SimpleAerospikeRepositoryTest$7.class], file [/home/aluno/spring-projects/maven/spring-data-aerospike/target/test-classes/org/springframework/data/aerospike/repository/Contact.class], file [/home/aluno/spring-projects/maven/spring-data-aerospike/target/test-classes/org/springframework/data/aerospike/repository/AllTests.class], file [/home/aluno/spring-projects/maven/spring-data-aerospike/target/test-classes/org/springframework/data/aerospike/repository/PersonRepositoryIntegrationTests.class], file [/home/aluno/spring-projects/maven/spring-data-aerospike/target/test-classes/org/springframework/data/aerospike/repository/query/StubParameterAccessor.class], file [/home/aluno/spring-projects/maven/spring-data-aerospike/target/test-classes/org/springframework/data/aerospike/repository/query/AllTests.class], file [/home/aluno/spring-projects/maven/spring-data-aerospike/target/test-classes/org/springframework/data/aerospike/repository/query/AerospikePartTreeQueryTest.class], file [/home/aluno/spring-projects/maven/spring-data-aerospike/target/test-classes/org/springframework/data/aerospike/repository/CustomerRepositoriesIntegrationTests.class], file [/home/aluno/spring-projects/maven/spring-data-aerospike/target/classes/org/springframework/data/aerospike/repository/AerospikeRepository.class], file [/home/aluno/spring-projects/maven/spring-data-aerospike/target/classes/org/springframework/data/aerospike/repository/support/AerospikeRepositoryFactoryBean.class], file [/home/aluno/spring-projects/maven/spring-data-aerospike/target/classes/org/springframework/data/aerospike/repository/support/AerospikeRepositoryFactory$AerospikeQueryLookupStrategy.class], file [/home/aluno/spring-projects/maven/spring-data-aerospike/target/classes/org/springframework/data/aerospike/repository/support/AerospikeRepositoryFactory.class], file [/home/aluno/spring-projects/maven/spring-data-aerospike/target/classes/org/springframework/data/aerospike/repository/support/SimpleAerospikeRepository.class], file [/home/aluno/spring-projects/maven/spring-data-aerospike/target/classes/org/springframework/data/aerospike/repository/config/AerospikeRepositoriesRegistrar.class], file [/home/aluno/spring-projects/maven/spring-data-aerospike/target/classes/org/springframework/data/aerospike/repository/config/EnableAerospikeRepositories.class], file [/home/aluno/spring-projects/maven/spring-data-aerospike/target/classes/org/springframework/data/aerospike/repository/config/AerospikeRepositoriesRegistrar$1.class], file [/home/aluno/spring-projects/maven/spring-data-aerospike/target/classes/org/springframework/data/aerospike/repository/config/AerospikeRepositoriesRegistrar$AerospikeRepositoryConfigurationExtension.class], file [/home/aluno/spring-projects/maven/spring-data-aerospike/target/classes/org/springframework/data/aerospike/repository/query/AerospikeParameterAccessor.class], file [/home/aluno/spring-projects/maven/spring-data-aerospike/target/classes/org/springframework/data/aerospike/repository/query/Query.class], file [/home/aluno/spring-projects/maven/spring-data-aerospike/target/classes/org/springframework/data/aerospike/repository/query/ConvertingParameterAccessor.class], file [/home/aluno/spring-projects/maven/spring-data-aerospike/target/classes/org/springframework/data/aerospike/repository/query/AerospikeQueryCreator$1.class], file [/home/aluno/spring-projects/maven/spring-data-aerospike/target/classes/org/springframework/data/aerospike/repository/query/CriteriaDefinition.class], file [/home/aluno/spring-projects/maven/spring-data-aerospike/target/classes/org/springframework/data/aerospike/repository/query/TextCriteria.class], file [/home/aluno/spring-projects/maven/spring-data-aerospike/target/classes/org/springframework/data/aerospike/repository/query/Criteria.class], file [/home/aluno/spring-projects/maven/spring-data-aerospike/target/classes/org/springframework/data/aerospike/repository/query/AerospikePartTreeQuery.class], file [/home/aluno/spring-projects/maven/spring-data-aerospike/target/classes/org/springframework/data/aerospike/repository/query/AerospikeQueryCreator.class]]
16:37:33.066 [main] DEBUG o.s.d.r.c.RepositoryComponentProvider - Identified candidate component class: file [/home/aluno/spring-projects/maven/spring-data-aerospike/target/test-classes/org/springframework/data/aerospike/repository/PersonRepository.class]
16:37:33.066 [main] DEBUG o.s.d.r.c.RepositoryComponentProvider - Identified candidate component class: file [/home/aluno/spring-projects/maven/spring-data-aerospike/target/test-classes/org/springframework/data/aerospike/repository/ContactRepository.class]
16:37:33.072 [main] DEBUG o.s.core.env.StandardEnvironment - Adding [systemProperties] PropertySource with lowest search precedence
16:37:33.072 [main] DEBUG o.s.core.env.StandardEnvironment - Adding [systemEnvironment] PropertySource with lowest search precedence
16:37:33.072 [main] DEBUG o.s.core.env.StandardEnvironment - Initialized StandardEnvironment with PropertySources [systemProperties,systemEnvironment]
16:37:33.073 [main] DEBUG o.s.c.i.s.PathMatchingResourcePatternResolver - Looking for matching resources in directory tree [/home/aluno/spring-projects/maven/spring-data-aerospike/target/test-classes/org/springframework/data/aerospike/repository]
16:37:33.073 [main] DEBUG o.s.c.i.s.PathMatchingResourcePatternResolver - Searching directory [/home/aluno/spring-projects/maven/spring-data-aerospike/target/test-classes/org/springframework/data/aerospike/repository] for files matching pattern [/home/aluno/spring-projects/maven/spring-data-aerospike/target/test-classes/org/springframework/data/aerospike/repository/**/*ContactRepositoryImpl.class]
16:37:33.073 [main] DEBUG o.s.c.i.s.PathMatchingResourcePatternResolver - Searching directory [/home/aluno/spring-projects/maven/spring-data-aerospike/target/test-classes/org/springframework/data/aerospike/repository/support] for files matching pattern [/home/aluno/spring-projects/maven/spring-data-aerospike/target/test-classes/org/springframework/data/aerospike/repository/**/*ContactRepositoryImpl.class]
16:37:33.073 [main] DEBUG o.s.c.i.s.PathMatchingResourcePatternResolver - Searching directory [/home/aluno/spring-projects/maven/spring-data-aerospike/target/test-classes/org/springframework/data/aerospike/repository/query] for files matching pattern [/home/aluno/spring-projects/maven/spring-data-aerospike/target/test-classes/org/springframework/data/aerospike/repository/**/*ContactRepositoryImpl.class]
16:37:33.073 [main] DEBUG o.s.c.i.s.PathMatchingResourcePatternResolver - Looking for matching resources in directory tree [/home/aluno/spring-projects/maven/spring-data-aerospike/target/classes/org/springframework/data/aerospike/repository]
16:37:33.073 [main] DEBUG o.s.c.i.s.PathMatchingResourcePatternResolver - Searching directory [/home/aluno/spring-projects/maven/spring-data-aerospike/target/classes/org/springframework/data/aerospike/repository] for files matching pattern [/home/aluno/spring-projects/maven/spring-data-aerospike/target/classes/org/springframework/data/aerospike/repository/**/*ContactRepositoryImpl.class]
16:37:33.073 [main] DEBUG o.s.c.i.s.PathMatchingResourcePatternResolver - Searching directory [/home/aluno/spring-projects/maven/spring-data-aerospike/target/classes/org/springframework/data/aerospike/repository/support] for files matching pattern [/home/aluno/spring-projects/maven/spring-data-aerospike/target/classes/org/springframework/data/aerospike/repository/**/*ContactRepositoryImpl.class]
16:37:33.073 [main] DEBUG o.s.c.i.s.PathMatchingResourcePatternResolver - Searching directory [/home/aluno/spring-projects/maven/spring-data-aerospike/target/classes/org/springframework/data/aerospike/repository/config] for files matching pattern [/home/aluno/spring-projects/maven/spring-data-aerospike/target/classes/org/springframework/data/aerospike/repository/**/*ContactRepositoryImpl.class]
16:37:33.073 [main] DEBUG o.s.c.i.s.PathMatchingResourcePatternResolver - Searching directory [/home/aluno/spring-projects/maven/spring-data-aerospike/target/classes/org/springframework/data/aerospike/repository/query] for files matching pattern [/home/aluno/spring-projects/maven/spring-data-aerospike/target/classes/org/springframework/data/aerospike/repository/**/*ContactRepositoryImpl.class]
16:37:33.074 [main] DEBUG o.s.c.i.s.PathMatchingResourcePatternResolver - Resolved location pattern [classpath*:org/springframework/data/aerospike/repository/**/*ContactRepositoryImpl.class] to resources []
16:37:33.074 [main] DEBUG o.s.d.r.c.RepositoryConfigurationDelegate - Spring Data Aerospike - Registering repository: contactRepository - Interface: org.springframework.data.aerospike.repository.ContactRepository - Factory: org.springframework.data.keyvalue.repository.support.KeyValueRepositoryFactoryBean
16:37:33.074 [main] DEBUG o.s.core.env.StandardEnvironment - Adding [systemProperties] PropertySource with lowest search precedence
16:37:33.074 [main] DEBUG o.s.core.env.StandardEnvironment - Adding [systemEnvironment] PropertySource with lowest search precedence
16:37:33.074 [main] DEBUG o.s.core.env.StandardEnvironment - Initialized StandardEnvironment with PropertySources [systemProperties,systemEnvironment]
16:37:33.074 [main] DEBUG o.s.c.i.s.PathMatchingResourcePatternResolver - Looking for matching resources in directory tree [/home/aluno/spring-projects/maven/spring-data-aerospike/target/test-classes/org/springframework/data/aerospike/repository]
16:37:33.074 [main] DEBUG o.s.c.i.s.PathMatchingResourcePatternResolver - Searching directory [/home/aluno/spring-projects/maven/spring-data-aerospike/target/test-classes/org/springframework/data/aerospike/repository] for files matching pattern [/home/aluno/spring-projects/maven/spring-data-aerospike/target/test-classes/org/springframework/data/aerospike/repository/**/*PersonRepositoryImpl.class]
16:37:33.075 [main] DEBUG o.s.c.i.s.PathMatchingResourcePatternResolver - Searching directory [/home/aluno/spring-projects/maven/spring-data-aerospike/target/test-classes/org/springframework/data/aerospike/repository/support] for files matching pattern [/home/aluno/spring-projects/maven/spring-data-aerospike/target/test-classes/org/springframework/data/aerospike/repository/**/*PersonRepositoryImpl.class]
16:37:33.075 [main] DEBUG o.s.c.i.s.PathMatchingResourcePatternResolver - Searching directory [/home/aluno/spring-projects/maven/spring-data-aerospike/target/test-classes/org/springframework/data/aerospike/repository/query] for files matching pattern [/home/aluno/spring-projects/maven/spring-data-aerospike/target/test-classes/org/springframework/data/aerospike/repository/**/*PersonRepositoryImpl.class]
16:37:33.075 [main] DEBUG o.s.c.i.s.PathMatchingResourcePatternResolver - Looking for matching resources in directory tree [/home/aluno/spring-projects/maven/spring-data-aerospike/target/classes/org/springframework/data/aerospike/repository]
16:37:33.075 [main] DEBUG o.s.c.i.s.PathMatchingResourcePatternResolver - Searching directory [/home/aluno/spring-projects/maven/spring-data-aerospike/target/classes/org/springframework/data/aerospike/repository] for files matching pattern [/home/aluno/spring-projects/maven/spring-data-aerospike/target/classes/org/springframework/data/aerospike/repository/**/*PersonRepositoryImpl.class]
16:37:33.075 [main] DEBUG o.s.c.i.s.PathMatchingResourcePatternResolver - Searching directory [/home/aluno/spring-projects/maven/spring-data-aerospike/target/classes/org/springframework/data/aerospike/repository/support] for files matching pattern [/home/aluno/spring-projects/maven/spring-data-aerospike/target/classes/org/springframework/data/aerospike/repository/**/*PersonRepositoryImpl.class]
16:37:33.075 [main] DEBUG o.s.c.i.s.PathMatchingResourcePatternResolver - Searching directory [/home/aluno/spring-projects/maven/spring-data-aerospike/target/classes/org/springframework/data/aerospike/repository/config] for files matching pattern [/home/aluno/spring-projects/maven/spring-data-aerospike/target/classes/org/springframework/data/aerospike/repository/**/*PersonRepositoryImpl.class]
16:37:33.075 [main] DEBUG o.s.c.i.s.PathMatchingResourcePatternResolver - Searching directory [/home/aluno/spring-projects/maven/spring-data-aerospike/target/classes/org/springframework/data/aerospike/repository/query] for files matching pattern [/home/aluno/spring-projects/maven/spring-data-aerospike/target/classes/org/springframework/data/aerospike/repository/**/*PersonRepositoryImpl.class]
16:37:33.075 [main] DEBUG o.s.c.i.s.PathMatchingResourcePatternResolver - Resolved location pattern [classpath*:org/springframework/data/aerospike/repository/**/*PersonRepositoryImpl.class] to resources []
16:37:33.075 [main] DEBUG o.s.d.r.c.RepositoryConfigurationDelegate - Spring Data Aerospike - Registering repository: personRepository - Interface: org.springframework.data.aerospike.repository.PersonRepository - Factory: org.springframework.data.keyvalue.repository.support.KeyValueRepositoryFactoryBean
16:37:33.076 [main] DEBUG o.s.c.a.ConfigurationClassEnhancer - Successfully enhanced org.springframework.data.aerospike.repository.TestConfigPerson; enhanced class name is: org.springframework.data.aerospike.repository.TestConfigPerson$$EnhancerBySpringCGLIB$$3f27a8da
16:37:33.076 [main] DEBUG o.s.c.a.ConfigurationClassPostProcessor - Replacing bean definition 'testConfigPerson' existing class name 'org.springframework.data.aerospike.repository.TestConfigPerson' with enhanced class name 'org.springframework.data.aerospike.repository.TestConfigPerson$$EnhancerBySpringCGLIB$$3f27a8da'
16:37:33.076 [main] DEBUG o.s.b.f.s.DefaultListableBeanFactory - Creating shared instance of singleton bean 'org.springframework.context.annotation.internalAutowiredAnnotationProcessor'
16:37:33.076 [main] DEBUG o.s.b.f.s.DefaultListableBeanFactory - Creating instance of bean 'org.springframework.context.annotation.internalAutowiredAnnotationProcessor'
16:37:33.076 [main] DEBUG o.s.b.f.s.DefaultListableBeanFactory - Eagerly caching bean 'org.springframework.context.annotation.internalAutowiredAnnotationProcessor' to allow for resolving potential circular references
16:37:33.077 [main] DEBUG o.s.b.f.s.DefaultListableBeanFactory - Finished creating instance of bean 'org.springframework.context.annotation.internalAutowiredAnnotationProcessor'
16:37:33.077 [main] DEBUG o.s.b.f.s.DefaultListableBeanFactory - Creating shared instance of singleton bean 'org.springframework.context.annotation.internalRequiredAnnotationProcessor'
16:37:33.077 [main] DEBUG o.s.b.f.s.DefaultListableBeanFactory - Creating instance of bean 'org.springframework.context.annotation.internalRequiredAnnotationProcessor'
16:37:33.077 [main] DEBUG o.s.b.f.s.DefaultListableBeanFactory - Eagerly caching bean 'org.springframework.context.annotation.internalRequiredAnnotationProcessor' to allow for resolving potential circular references
16:37:33.077 [main] DEBUG o.s.b.f.s.DefaultListableBeanFactory - Finished creating instance of bean 'org.springframework.context.annotation.internalRequiredAnnotationProcessor'
16:37:33.077 [main] DEBUG o.s.b.f.s.DefaultListableBeanFactory - Creating shared instance of singleton bean 'org.springframework.context.annotation.internalCommonAnnotationProcessor'
16:37:33.077 [main] DEBUG o.s.b.f.s.DefaultListableBeanFactory - Creating instance of bean 'org.springframework.context.annotation.internalCommonAnnotationProcessor'
16:37:33.077 [main] DEBUG o.s.b.f.s.DefaultListableBeanFactory - Eagerly caching bean 'org.springframework.context.annotation.internalCommonAnnotationProcessor' to allow for resolving potential circular references
16:37:33.077 [main] DEBUG o.s.b.f.s.DefaultListableBeanFactory - Finished creating instance of bean 'org.springframework.context.annotation.internalCommonAnnotationProcessor'
16:37:33.077 [main] DEBUG o.s.b.f.s.DefaultListableBeanFactory - Creating shared instance of singleton bean 'org.springframework.context.annotation.ConfigurationClassPostProcessor.importAwareProcessor'
16:37:33.077 [main] DEBUG o.s.b.f.s.DefaultListableBeanFactory - Creating instance of bean 'org.springframework.context.annotation.ConfigurationClassPostProcessor.importAwareProcessor'
16:37:33.077 [main] DEBUG o.s.b.f.s.DefaultListableBeanFactory - Eagerly caching bean 'org.springframework.context.annotation.ConfigurationClassPostProcessor.importAwareProcessor' to allow for resolving potential circular references
16:37:33.077 [main] DEBUG o.s.b.f.s.DefaultListableBeanFactory - Finished creating instance of bean 'org.springframework.context.annotation.ConfigurationClassPostProcessor.importAwareProcessor'
16:37:33.077 [main] DEBUG o.s.b.f.s.DefaultListableBeanFactory - Creating shared instance of singleton bean 'org.springframework.context.annotation.ConfigurationClassPostProcessor.enhancedConfigurationProcessor'
16:37:33.077 [main] DEBUG o.s.b.f.s.DefaultListableBeanFactory - Creating instance of bean 'org.springframework.context.annotation.ConfigurationClassPostProcessor.enhancedConfigurationProcessor'
16:37:33.077 [main] DEBUG o.s.b.f.s.DefaultListableBeanFactory - Eagerly caching bean 'org.springframework.context.annotation.ConfigurationClassPostProcessor.enhancedConfigurationProcessor' to allow for resolving potential circular references
16:37:33.077 [main] DEBUG o.s.b.f.s.DefaultListableBeanFactory - Finished creating instance of bean 'org.springframework.context.annotation.ConfigurationClassPostProcessor.enhancedConfigurationProcessor'
16:37:33.077 [main] DEBUG o.s.b.f.s.DefaultListableBeanFactory - Creating shared instance of singleton bean 'org.springframework.data.repository.core.support.RepositoryInterfaceAwareBeanPostProcessor'
16:37:33.077 [main] DEBUG o.s.b.f.s.DefaultListableBeanFactory - Creating instance of bean 'org.springframework.data.repository.core.support.RepositoryInterfaceAwareBeanPostProcessor'
16:37:33.077 [main] DEBUG o.s.b.f.s.DefaultListableBeanFactory - Eagerly caching bean 'org.springframework.data.repository.core.support.RepositoryInterfaceAwareBeanPostProcessor' to allow for resolving potential circular references
16:37:33.077 [main] DEBUG o.s.b.f.s.DefaultListableBeanFactory - Finished creating instance of bean 'org.springframework.data.repository.core.support.RepositoryInterfaceAwareBeanPostProcessor'
16:37:33.077 [main] DEBUG o.s.c.s.GenericApplicationContext - Unable to locate MessageSource with name 'messageSource': using default [org.springframework.context.support.DelegatingMessageSource@56380231]
16:37:33.077 [main] DEBUG o.s.c.s.GenericApplicationContext - Unable to locate ApplicationEventMulticaster with name 'applicationEventMulticaster': using default [org.springframework.context.event.SimpleApplicationEventMulticaster@64f1fd08]
16:37:33.077 [main] DEBUG o.s.b.f.s.DefaultListableBeanFactory - Pre-instantiating singletons in org.springframework.beans.factory.support.DefaultListableBeanFactory@37b57b54: defining beans [org.springframework.context.annotation.internalConfigurationAnnotationProcessor,org.springframework.context.annotation.internalAutowiredAnnotationProcessor,org.springframework.context.annotation.internalRequiredAnnotationProcessor,org.springframework.context.annotation.internalCommonAnnotationProcessor,testConfigPerson,org.springframework.context.annotation.ConfigurationClassPostProcessor.importAwareProcessor,org.springframework.context.annotation.ConfigurationClassPostProcessor.enhancedConfigurationProcessor,aerospikeTemplate,aerospikeClient,org.springframework.data.aerospike.repository.config.AerospikeRepositoriesRegistrar$AerospikeRepositoryConfigurationExtension#0,org.springframework.data.repository.core.support.RepositoryInterfaceAwareBeanPostProcessor,keyValueMappingContext,contactRepository,personRepository]; root of factory hierarchy
16:37:33.077 [main] DEBUG o.s.b.f.s.DefaultListableBeanFactory - Returning cached instance of singleton bean 'org.springframework.context.annotation.internalConfigurationAnnotationProcessor'
16:37:33.078 [main] DEBUG o.s.b.f.s.DefaultListableBeanFactory - Returning cached instance of singleton bean 'org.springframework.context.annotation.internalAutowiredAnnotationProcessor'
16:37:33.078 [main] DEBUG o.s.b.f.s.DefaultListableBeanFactory - Returning cached instance of singleton bean 'org.springframework.context.annotation.internalRequiredAnnotationProcessor'
16:37:33.078 [main] DEBUG o.s.b.f.s.DefaultListableBeanFactory - Returning cached instance of singleton bean 'org.springframework.context.annotation.internalCommonAnnotationProcessor'
16:37:33.078 [main] DEBUG o.s.b.f.s.DefaultListableBeanFactory - Creating shared instance of singleton bean 'testConfigPerson'
16:37:33.078 [main] DEBUG o.s.b.f.s.DefaultListableBeanFactory - Creating instance of bean 'testConfigPerson'
16:37:33.078 [main] DEBUG o.s.b.f.s.DefaultListableBeanFactory - Eagerly caching bean 'testConfigPerson' to allow for resolving potential circular references
16:37:33.078 [main] DEBUG o.s.b.f.s.DefaultListableBeanFactory - Finished creating instance of bean 'testConfigPerson'
16:37:33.078 [main] DEBUG o.s.b.f.s.DefaultListableBeanFactory - Returning cached instance of singleton bean 'org.springframework.context.annotation.ConfigurationClassPostProcessor.importAwareProcessor'
16:37:33.078 [main] DEBUG o.s.b.f.s.DefaultListableBeanFactory - Returning cached instance of singleton bean 'org.springframework.context.annotation.ConfigurationClassPostProcessor.enhancedConfigurationProcessor'
16:37:33.078 [main] DEBUG o.s.b.f.s.DefaultListableBeanFactory - Creating shared instance of singleton bean 'aerospikeTemplate'
16:37:33.078 [main] DEBUG o.s.b.f.s.DefaultListableBeanFactory - Creating instance of bean 'aerospikeTemplate'
16:37:33.078 [main] DEBUG o.s.b.f.s.DefaultListableBeanFactory - Returning cached instance of singleton bean 'testConfigPerson'
16:37:33.078 [main] DEBUG o.s.b.f.s.DefaultListableBeanFactory - Creating shared instance of singleton bean 'aerospikeClient'
16:37:33.078 [main] DEBUG o.s.b.f.s.DefaultListableBeanFactory - Creating instance of bean 'aerospikeClient'
16:37:33.078 [main] DEBUG o.s.b.f.s.DefaultListableBeanFactory - Returning cached instance of singleton bean 'testConfigPerson'
16:37:34.399 [main] INFO  o.s.d.a.r.q.AerospikeQueryCreator - AS:Add node BB98511CE0DC702 52.41.32.83:3000
16:37:34.559 [main] DEBUG o.s.d.a.r.q.AerospikeQueryCreator - AS:Node BB98511CE0DC702 52.41.32.83:3000 partition generation 1 changed.
16:37:34.884 [main] DEBUG o.s.d.a.r.q.AerospikeQueryCreator - AS:Add seed 52.41.32.83:3000
16:37:34.884 [main] DEBUG o.s.b.f.s.DefaultListableBeanFactory - Eagerly caching bean 'aerospikeClient' to allow for resolving potential circular references
16:37:34.884 [main] DEBUG o.s.b.f.s.DefaultListableBeanFactory - Finished creating instance of bean 'aerospikeClient'
16:37:37.889 [main] WARN  o.s.c.s.GenericApplicationContext - Exception encountered during context initialization - cancelling refresh attempt
org.springframework.beans.factory.BeanCreationException: Error creating bean with name 'aerospikeTemplate' defined in org.springframework.data.aerospike.repository.TestConfigPerson: Bean instantiation via factory method failed; nested exception is org.springframework.beans.BeanInstantiationException: Failed to instantiate [org.springframework.data.aerospike.core.AerospikeTemplate]: Factory method 'aerospikeTemplate' threw exception; nested exception is com.aerospike.helper.query.ClusterRefreshError: Cannot find UDF modules
	at org.springframework.beans.factory.support.ConstructorResolver.instantiateUsingFactoryMethod(ConstructorResolver.java:599) ~[spring-beans-4.1.7.RELEASE.jar:4.1.7.RELEASE]
	at org.springframework.beans.factory.support.AbstractAutowireCapableBeanFactory.instantiateUsingFactoryMethod(AbstractAutowireCapableBeanFactory.java:1119) ~[spring-beans-4.1.7.RELEASE.jar:4.1.7.RELEASE]
	at org.springframework.beans.factory.support.AbstractAutowireCapableBeanFactory.createBeanInstance(AbstractAutowireCapableBeanFactory.java:1014) ~[spring-beans-4.1.7.RELEASE.jar:4.1.7.RELEASE]
	at org.springframework.beans.factory.support.AbstractAutowireCapableBeanFactory.doCreateBean(AbstractAutowireCapableBeanFactory.java:504) ~[spring-beans-4.1.7.RELEASE.jar:4.1.7.RELEASE]
	at org.springframework.beans.factory.support.AbstractAutowireCapableBeanFactory.createBean(AbstractAutowireCapableBeanFactory.java:476) ~[spring-beans-4.1.7.RELEASE.jar:4.1.7.RELEASE]
	at org.springframework.beans.factory.support.AbstractBeanFactory$1.getObject(AbstractBeanFactory.java:303) ~[spring-beans-4.1.7.RELEASE.jar:4.1.7.RELEASE]
	at org.springframework.beans.factory.support.DefaultSingletonBeanRegistry.getSingleton(DefaultSingletonBeanRegistry.java:230) ~[spring-beans-4.1.7.RELEASE.jar:4.1.7.RELEASE]
	at org.springframework.beans.factory.support.AbstractBeanFactory.doGetBean(AbstractBeanFactory.java:299) ~[spring-beans-4.1.7.RELEASE.jar:4.1.7.RELEASE]
	at org.springframework.beans.factory.support.AbstractBeanFactory.getBean(AbstractBeanFactory.java:194) ~[spring-beans-4.1.7.RELEASE.jar:4.1.7.RELEASE]
	at org.springframework.beans.factory.support.DefaultListableBeanFactory.preInstantiateSingletons(DefaultListableBeanFactory.java:755) ~[spring-beans-4.1.7.RELEASE.jar:4.1.7.RELEASE]
	at org.springframework.context.support.AbstractApplicationContext.finishBeanFactoryInitialization(AbstractApplicationContext.java:757) ~[spring-context-4.1.7.RELEASE.jar:4.1.7.RELEASE]
	at org.springframework.context.support.AbstractApplicationContext.refresh(AbstractApplicationContext.java:480) ~[spring-context-4.1.7.RELEASE.jar:4.1.7.RELEASE]
	at org.springframework.test.context.support.AbstractGenericContextLoader.loadContext(AbstractGenericContextLoader.java:125) [spring-test-4.1.7.RELEASE.jar:4.1.7.RELEASE]
	at org.springframework.test.context.support.AbstractGenericContextLoader.loadContext(AbstractGenericContextLoader.java:60) [spring-test-4.1.7.RELEASE.jar:4.1.7.RELEASE]
	at org.springframework.test.context.support.AbstractDelegatingSmartContextLoader.delegateLoading(AbstractDelegatingSmartContextLoader.java:109) [spring-test-4.1.7.RELEASE.jar:4.1.7.RELEASE]
	at org.springframework.test.context.support.AbstractDelegatingSmartContextLoader.loadContext(AbstractDelegatingSmartContextLoader.java:261) [spring-test-4.1.7.RELEASE.jar:4.1.7.RELEASE]
	at org.springframework.test.context.DefaultCacheAwareContextLoaderDelegate.loadContextInternal(DefaultCacheAwareContextLoaderDelegate.java:68) [spring-test-4.1.7.RELEASE.jar:4.1.7.RELEASE]
	at org.springframework.test.context.DefaultCacheAwareContextLoaderDelegate.loadContext(DefaultCacheAwareContextLoaderDelegate.java:86) [spring-test-4.1.7.RELEASE.jar:4.1.7.RELEASE]
	at org.springframework.test.context.DefaultTestContext.getApplicationContext(DefaultTestContext.java:72) [spring-test-4.1.7.RELEASE.jar:4.1.7.RELEASE]
	at org.springframework.test.context.support.DependencyInjectionTestExecutionListener.injectDependencies(DependencyInjectionTestExecutionListener.java:117) [spring-test-4.1.7.RELEASE.jar:4.1.7.RELEASE]
	at org.springframework.test.context.support.DependencyInjectionTestExecutionListener.prepareTestInstance(DependencyInjectionTestExecutionListener.java:83) [spring-test-4.1.7.RELEASE.jar:4.1.7.RELEASE]
	at org.springframework.test.context.TestContextManager.prepareTestInstance(TestContextManager.java:212) [spring-test-4.1.7.RELEASE.jar:4.1.7.RELEASE]
	at org.springframework.test.context.junit4.SpringJUnit4ClassRunner.createTest(SpringJUnit4ClassRunner.java:200) [spring-test-4.1.7.RELEASE.jar:4.1.7.RELEASE]
	at org.springframework.test.context.junit4.SpringJUnit4ClassRunner$1.runReflectiveCall(SpringJUnit4ClassRunner.java:259) [spring-test-4.1.7.RELEASE.jar:4.1.7.RELEASE]
	at org.junit.internal.runners.model.ReflectiveCallable.run(ReflectiveCallable.java:12) [junit-4.12.jar:4.12]
	at org.springframework.test.context.junit4.SpringJUnit4ClassRunner.methodBlock(SpringJUnit4ClassRunner.java:261) [spring-test-4.1.7.RELEASE.jar:4.1.7.RELEASE]
	at org.springframework.test.context.junit4.SpringJUnit4ClassRunner.runChild(SpringJUnit4ClassRunner.java:219) [spring-test-4.1.7.RELEASE.jar:4.1.7.RELEASE]
	at org.springframework.test.context.junit4.SpringJUnit4ClassRunner.runChild(SpringJUnit4ClassRunner.java:83) [spring-test-4.1.7.RELEASE.jar:4.1.7.RELEASE]
	at org.junit.runners.ParentRunner$3.run(ParentRunner.java:290) [junit-4.12.jar:4.12]
	at org.junit.runners.ParentRunner$1.schedule(ParentRunner.java:71) [junit-4.12.jar:4.12]
	at org.junit.runners.ParentRunner.runChildren(ParentRunner.java:288) [junit-4.12.jar:4.12]
	at org.junit.runners.ParentRunner.access$000(ParentRunner.java:58) [junit-4.12.jar:4.12]
	at org.junit.runners.ParentRunner$2.evaluate(ParentRunner.java:268) [junit-4.12.jar:4.12]
	at org.springframework.test.context.junit4.statements.RunBeforeTestClassCallbacks.evaluate(RunBeforeTestClassCallbacks.java:61) [spring-test-4.1.7.RELEASE.jar:4.1.7.RELEASE]
	at org.springframework.test.context.junit4.statements.RunAfterTestClassCallbacks.evaluate(RunAfterTestClassCallbacks.java:68) [spring-test-4.1.7.RELEASE.jar:4.1.7.RELEASE]
	at org.junit.runners.ParentRunner.run(ParentRunner.java:363) [junit-4.12.jar:4.12]
	at org.springframework.test.context.junit4.SpringJUnit4ClassRunner.run(SpringJUnit4ClassRunner.java:163) [spring-test-4.1.7.RELEASE.jar:4.1.7.RELEASE]
	at org.junit.runners.Suite.runChild(Suite.java:128) [junit-4.12.jar:4.12]
	at org.junit.runners.Suite.runChild(Suite.java:27) [junit-4.12.jar:4.12]
	at org.junit.runners.ParentRunner$3.run(ParentRunner.java:290) [junit-4.12.jar:4.12]
	at org.junit.runners.ParentRunner$1.schedule(ParentRunner.java:71) [junit-4.12.jar:4.12]
	at org.junit.runners.ParentRunner.runChildren(ParentRunner.java:288) [junit-4.12.jar:4.12]
	at org.junit.runners.ParentRunner.access$000(ParentRunner.java:58) [junit-4.12.jar:4.12]
	at org.junit.runners.ParentRunner$2.evaluate(ParentRunner.java:268) [junit-4.12.jar:4.12]
	at org.junit.runners.ParentRunner.run(ParentRunner.java:363) [junit-4.12.jar:4.12]
	at org.apache.maven.surefire.junit4.JUnit4Provider.execute(JUnit4Provider.java:283) [surefire-junit4-2.18.1.jar:2.18.1]
	at org.apache.maven.surefire.junit4.JUnit4Provider.executeWithRerun(JUnit4Provider.java:173) [surefire-junit4-2.18.1.jar:2.18.1]
	at org.apache.maven.surefire.junit4.JUnit4Provider.executeTestSet(JUnit4Provider.java:153) [surefire-junit4-2.18.1.jar:2.18.1]
	at org.apache.maven.surefire.junit4.JUnit4Provider.invoke(JUnit4Provider.java:128) [surefire-junit4-2.18.1.jar:2.18.1]
	at org.apache.maven.surefire.booter.ForkedBooter.invokeProviderInSameClassLoader(ForkedBooter.java:203) [surefire-booter-2.18.1.jar:2.18.1]
	at org.apache.maven.surefire.booter.ForkedBooter.runSuitesInProcess(ForkedBooter.java:155) [surefire-booter-2.18.1.jar:2.18.1]
	at org.apache.maven.surefire.booter.ForkedBooter.main(ForkedBooter.java:103) [surefire-booter-2.18.1.jar:2.18.1]
Caused by: org.springframework.beans.BeanInstantiationException: Failed to instantiate [org.springframework.data.aerospike.core.AerospikeTemplate]: Factory method 'aerospikeTemplate' threw exception; nested exception is com.aerospike.helper.query.ClusterRefreshError: Cannot find UDF modules
	at org.springframework.beans.factory.support.SimpleInstantiationStrategy.instantiate(SimpleInstantiationStrategy.java:189) ~[spring-beans-4.1.7.RELEASE.jar:4.1.7.RELEASE]
	at org.springframework.beans.factory.support.ConstructorResolver.instantiateUsingFactoryMethod(ConstructorResolver.java:588) ~[spring-beans-4.1.7.RELEASE.jar:4.1.7.RELEASE]
	... 51 common frames omitted
Caused by: com.aerospike.helper.query.ClusterRefreshError: Cannot find UDF modules
	at com.aerospike.helper.query.QueryEngine.refreshModules(QueryEngine.java:678) ~[classes/:na]
	at com.aerospike.helper.query.QueryEngine.refreshCluster(QueryEngine.java:536) ~[classes/:na]
	at com.aerospike.helper.query.QueryEngine.setClient(QueryEngine.java:129) ~[classes/:na]
	at com.aerospike.helper.query.QueryEngine.<init>(QueryEngine.java:110) ~[classes/:na]
	at org.springframework.data.aerospike.core.AerospikeTemplate.<init>(AerospikeTemplate.java:132) ~[classes/:na]
	at org.springframework.data.aerospike.repository.TestConfigPerson.aerospikeTemplate(TestConfigPerson.java:38) ~[test-classes/:na]
	at org.springframework.data.aerospike.repository.TestConfigPerson$$EnhancerBySpringCGLIB$$3f27a8da.CGLIB$aerospikeTemplate$0(<generated>) ~[spring-core-4.1.7.RELEASE.jar:na]
	at org.springframework.data.aerospike.repository.TestConfigPerson$$EnhancerBySpringCGLIB$$3f27a8da$$FastClassBySpringCGLIB$$38965c5e.invoke(<generated>) ~[spring-core-4.1.7.RELEASE.jar:na]
	at org.springframework.cglib.proxy.MethodProxy.invokeSuper(MethodProxy.java:228) ~[spring-core-4.1.7.RELEASE.jar:4.1.7.RELEASE]
	at org.springframework.context.annotation.ConfigurationClassEnhancer$BeanMethodInterceptor.intercept(ConfigurationClassEnhancer.java:309) ~[spring-context-4.1.7.RELEASE.jar:4.1.7.RELEASE]
	at org.springframework.data.aerospike.repository.TestConfigPerson$$EnhancerBySpringCGLIB$$3f27a8da.aerospikeTemplate(<generated>) ~[spring-core-4.1.7.RELEASE.jar:na]
	at sun.reflect.NativeMethodAccessorImpl.invoke0(Native Method) ~[na:1.8.0_91]
	at sun.reflect.NativeMethodAccessorImpl.invoke(NativeMethodAccessorImpl.java:62) ~[na:1.8.0_91]
	at sun.reflect.DelegatingMethodAccessorImpl.invoke(DelegatingMethodAccessorImpl.java:43) ~[na:1.8.0_91]
	at java.lang.reflect.Method.invoke(Method.java:498) ~[na:1.8.0_91]
	at org.springframework.beans.factory.support.SimpleInstantiationStrategy.instantiate(SimpleInstantiationStrategy.java:162) ~[spring-beans-4.1.7.RELEASE.jar:4.1.7.RELEASE]
	... 52 common frames omitted
16:37:37.890 [main] DEBUG o.s.b.f.s.DefaultListableBeanFactory - Destroying singletons in org.springframework.beans.factory.support.DefaultListableBeanFactory@37b57b54: defining beans [org.springframework.context.annotation.internalConfigurationAnnotationProcessor,org.springframework.context.annotation.internalAutowiredAnnotationProcessor,org.springframework.context.annotation.internalRequiredAnnotationProcessor,org.springframework.context.annotation.internalCommonAnnotationProcessor,testConfigPerson,org.springframework.context.annotation.ConfigurationClassPostProcessor.importAwareProcessor,org.springframework.context.annotation.ConfigurationClassPostProcessor.enhancedConfigurationProcessor,aerospikeTemplate,aerospikeClient,org.springframework.data.aerospike.repository.config.AerospikeRepositoriesRegistrar$AerospikeRepositoryConfigurationExtension#0,org.springframework.data.repository.core.support.RepositoryInterfaceAwareBeanPostProcessor,keyValueMappingContext,contactRepository,personRepository]; root of factory hierarchy
16:37:37.890 [main] DEBUG o.s.b.f.s.DisposableBeanAdapter - Invoking destroy method 'close' on bean with name 'aerospikeClient'
16:37:37.890 [main] ERROR o.s.test.context.TestContextManager - Caught exception while allowing TestExecutionListener [org.springframework.test.context.support.DependencyInjectionTestExecutionListener@48e7b3d2] to prepare test instance [org.springframework.data.aerospike.repository.PersonRepositoryIntegrationTests@4492eede]
java.lang.IllegalStateException: Failed to load ApplicationContext
	at org.springframework.test.context.DefaultCacheAwareContextLoaderDelegate.loadContext(DefaultCacheAwareContextLoaderDelegate.java:94) ~[spring-test-4.1.7.RELEASE.jar:4.1.7.RELEASE]
	at org.springframework.test.context.DefaultTestContext.getApplicationContext(DefaultTestContext.java:72) ~[spring-test-4.1.7.RELEASE.jar:4.1.7.RELEASE]
	at org.springframework.test.context.support.DependencyInjectionTestExecutionListener.injectDependencies(DependencyInjectionTestExecutionListener.java:117) ~[spring-test-4.1.7.RELEASE.jar:4.1.7.RELEASE]
	at org.springframework.test.context.support.DependencyInjectionTestExecutionListener.prepareTestInstance(DependencyInjectionTestExecutionListener.java:83) ~[spring-test-4.1.7.RELEASE.jar:4.1.7.RELEASE]
	at org.springframework.test.context.TestContextManager.prepareTestInstance(TestContextManager.java:212) ~[spring-test-4.1.7.RELEASE.jar:4.1.7.RELEASE]
	at org.springframework.test.context.junit4.SpringJUnit4ClassRunner.createTest(SpringJUnit4ClassRunner.java:200) [spring-test-4.1.7.RELEASE.jar:4.1.7.RELEASE]
	at org.springframework.test.context.junit4.SpringJUnit4ClassRunner$1.runReflectiveCall(SpringJUnit4ClassRunner.java:259) [spring-test-4.1.7.RELEASE.jar:4.1.7.RELEASE]
	at org.junit.internal.runners.model.ReflectiveCallable.run(ReflectiveCallable.java:12) [junit-4.12.jar:4.12]
	at org.springframework.test.context.junit4.SpringJUnit4ClassRunner.methodBlock(SpringJUnit4ClassRunner.java:261) [spring-test-4.1.7.RELEASE.jar:4.1.7.RELEASE]
	at org.springframework.test.context.junit4.SpringJUnit4ClassRunner.runChild(SpringJUnit4ClassRunner.java:219) [spring-test-4.1.7.RELEASE.jar:4.1.7.RELEASE]
	at org.springframework.test.context.junit4.SpringJUnit4ClassRunner.runChild(SpringJUnit4ClassRunner.java:83) [spring-test-4.1.7.RELEASE.jar:4.1.7.RELEASE]
	at org.junit.runners.ParentRunner$3.run(ParentRunner.java:290) [junit-4.12.jar:4.12]
	at org.junit.runners.ParentRunner$1.schedule(ParentRunner.java:71) [junit-4.12.jar:4.12]
	at org.junit.runners.ParentRunner.runChildren(ParentRunner.java:288) [junit-4.12.jar:4.12]
	at org.junit.runners.ParentRunner.access$000(ParentRunner.java:58) [junit-4.12.jar:4.12]
	at org.junit.runners.ParentRunner$2.evaluate(ParentRunner.java:268) [junit-4.12.jar:4.12]
	at org.springframework.test.context.junit4.statements.RunBeforeTestClassCallbacks.evaluate(RunBeforeTestClassCallbacks.java:61) [spring-test-4.1.7.RELEASE.jar:4.1.7.RELEASE]
	at org.springframework.test.context.junit4.statements.RunAfterTestClassCallbacks.evaluate(RunAfterTestClassCallbacks.java:68) [spring-test-4.1.7.RELEASE.jar:4.1.7.RELEASE]
	at org.junit.runners.ParentRunner.run(ParentRunner.java:363) [junit-4.12.jar:4.12]
	at org.springframework.test.context.junit4.SpringJUnit4ClassRunner.run(SpringJUnit4ClassRunner.java:163) [spring-test-4.1.7.RELEASE.jar:4.1.7.RELEASE]
	at org.junit.runners.Suite.runChild(Suite.java:128) [junit-4.12.jar:4.12]
	at org.junit.runners.Suite.runChild(Suite.java:27) [junit-4.12.jar:4.12]
	at org.junit.runners.ParentRunner$3.run(ParentRunner.java:290) [junit-4.12.jar:4.12]
	at org.junit.runners.ParentRunner$1.schedule(ParentRunner.java:71) [junit-4.12.jar:4.12]
	at org.junit.runners.ParentRunner.runChildren(ParentRunner.java:288) [junit-4.12.jar:4.12]
	at org.junit.runners.ParentRunner.access$000(ParentRunner.java:58) [junit-4.12.jar:4.12]
	at org.junit.runners.ParentRunner$2.evaluate(ParentRunner.java:268) [junit-4.12.jar:4.12]
	at org.junit.runners.ParentRunner.run(ParentRunner.java:363) [junit-4.12.jar:4.12]
	at org.apache.maven.surefire.junit4.JUnit4Provider.execute(JUnit4Provider.java:283) [surefire-junit4-2.18.1.jar:2.18.1]
	at org.apache.maven.surefire.junit4.JUnit4Provider.executeWithRerun(JUnit4Provider.java:173) [surefire-junit4-2.18.1.jar:2.18.1]
	at org.apache.maven.surefire.junit4.JUnit4Provider.executeTestSet(JUnit4Provider.java:153) [surefire-junit4-2.18.1.jar:2.18.1]
	at org.apache.maven.surefire.junit4.JUnit4Provider.invoke(JUnit4Provider.java:128) [surefire-junit4-2.18.1.jar:2.18.1]
	at org.apache.maven.surefire.booter.ForkedBooter.invokeProviderInSameClassLoader(ForkedBooter.java:203) [surefire-booter-2.18.1.jar:2.18.1]
	at org.apache.maven.surefire.booter.ForkedBooter.runSuitesInProcess(ForkedBooter.java:155) [surefire-booter-2.18.1.jar:2.18.1]
	at org.apache.maven.surefire.booter.ForkedBooter.main(ForkedBooter.java:103) [surefire-booter-2.18.1.jar:2.18.1]
Caused by: org.springframework.beans.factory.BeanCreationException: Error creating bean with name 'aerospikeTemplate' defined in org.springframework.data.aerospike.repository.TestConfigPerson: Bean instantiation via factory method failed; nested exception is org.springframework.beans.BeanInstantiationException: Failed to instantiate [org.springframework.data.aerospike.core.AerospikeTemplate]: Factory method 'aerospikeTemplate' threw exception; nested exception is com.aerospike.helper.query.ClusterRefreshError: Cannot find UDF modules
	at org.springframework.beans.factory.support.ConstructorResolver.instantiateUsingFactoryMethod(ConstructorResolver.java:599) ~[spring-beans-4.1.7.RELEASE.jar:4.1.7.RELEASE]
	at org.springframework.beans.factory.support.AbstractAutowireCapableBeanFactory.instantiateUsingFactoryMethod(AbstractAutowireCapableBeanFactory.java:1119) ~[spring-beans-4.1.7.RELEASE.jar:4.1.7.RELEASE]
	at org.springframework.beans.factory.support.AbstractAutowireCapableBeanFactory.createBeanInstance(AbstractAutowireCapableBeanFactory.java:1014) ~[spring-beans-4.1.7.RELEASE.jar:4.1.7.RELEASE]
	at org.springframework.beans.factory.support.AbstractAutowireCapableBeanFactory.doCreateBean(AbstractAutowireCapableBeanFactory.java:504) ~[spring-beans-4.1.7.RELEASE.jar:4.1.7.RELEASE]
	at org.springframework.beans.factory.support.AbstractAutowireCapableBeanFactory.createBean(AbstractAutowireCapableBeanFactory.java:476) ~[spring-beans-4.1.7.RELEASE.jar:4.1.7.RELEASE]
	at org.springframework.beans.factory.support.AbstractBeanFactory$1.getObject(AbstractBeanFactory.java:303) ~[spring-beans-4.1.7.RELEASE.jar:4.1.7.RELEASE]
	at org.springframework.beans.factory.support.DefaultSingletonBeanRegistry.getSingleton(DefaultSingletonBeanRegistry.java:230) ~[spring-beans-4.1.7.RELEASE.jar:4.1.7.RELEASE]
	at org.springframework.beans.factory.support.AbstractBeanFactory.doGetBean(AbstractBeanFactory.java:299) ~[spring-beans-4.1.7.RELEASE.jar:4.1.7.RELEASE]
	at org.springframework.beans.factory.support.AbstractBeanFactory.getBean(AbstractBeanFactory.java:194) ~[spring-beans-4.1.7.RELEASE.jar:4.1.7.RELEASE]
	at org.springframework.beans.factory.support.DefaultListableBeanFactory.preInstantiateSingletons(DefaultListableBeanFactory.java:755) ~[spring-beans-4.1.7.RELEASE.jar:4.1.7.RELEASE]
	at org.springframework.context.support.AbstractApplicationContext.finishBeanFactoryInitialization(AbstractApplicationContext.java:757) ~[spring-context-4.1.7.RELEASE.jar:4.1.7.RELEASE]
	at org.springframework.context.support.AbstractApplicationContext.refresh(AbstractApplicationContext.java:480) ~[spring-context-4.1.7.RELEASE.jar:4.1.7.RELEASE]
	at org.springframework.test.context.support.AbstractGenericContextLoader.loadContext(AbstractGenericContextLoader.java:125) ~[spring-test-4.1.7.RELEASE.jar:4.1.7.RELEASE]
	at org.springframework.test.context.support.AbstractGenericContextLoader.loadContext(AbstractGenericContextLoader.java:60) ~[spring-test-4.1.7.RELEASE.jar:4.1.7.RELEASE]
	at org.springframework.test.context.support.AbstractDelegatingSmartContextLoader.delegateLoading(AbstractDelegatingSmartContextLoader.java:109) ~[spring-test-4.1.7.RELEASE.jar:4.1.7.RELEASE]
	at org.springframework.test.context.support.AbstractDelegatingSmartContextLoader.loadContext(AbstractDelegatingSmartContextLoader.java:261) ~[spring-test-4.1.7.RELEASE.jar:4.1.7.RELEASE]
	at org.springframework.test.context.DefaultCacheAwareContextLoaderDelegate.loadContextInternal(DefaultCacheAwareContextLoaderDelegate.java:68) ~[spring-test-4.1.7.RELEASE.jar:4.1.7.RELEASE]
	at org.springframework.test.context.DefaultCacheAwareContextLoaderDelegate.loadContext(DefaultCacheAwareContextLoaderDelegate.java:86) ~[spring-test-4.1.7.RELEASE.jar:4.1.7.RELEASE]
	... 34 common frames omitted
Caused by: org.springframework.beans.BeanInstantiationException: Failed to instantiate [org.springframework.data.aerospike.core.AerospikeTemplate]: Factory method 'aerospikeTemplate' threw exception; nested exception is com.aerospike.helper.query.ClusterRefreshError: Cannot find UDF modules
	at org.springframework.beans.factory.support.SimpleInstantiationStrategy.instantiate(SimpleInstantiationStrategy.java:189) ~[spring-beans-4.1.7.RELEASE.jar:4.1.7.RELEASE]
	at org.springframework.beans.factory.support.ConstructorResolver.instantiateUsingFactoryMethod(ConstructorResolver.java:588) ~[spring-beans-4.1.7.RELEASE.jar:4.1.7.RELEASE]
	... 51 common frames omitted
Caused by: com.aerospike.helper.query.ClusterRefreshError: Cannot find UDF modules
	at com.aerospike.helper.query.QueryEngine.refreshModules(QueryEngine.java:678) ~[classes/:na]
	at com.aerospike.helper.query.QueryEngine.refreshCluster(QueryEngine.java:536) ~[classes/:na]
	at com.aerospike.helper.query.QueryEngine.setClient(QueryEngine.java:129) ~[classes/:na]
	at com.aerospike.helper.query.QueryEngine.<init>(QueryEngine.java:110) ~[classes/:na]
	at org.springframework.data.aerospike.core.AerospikeTemplate.<init>(AerospikeTemplate.java:132) ~[classes/:na]
	at org.springframework.data.aerospike.repository.TestConfigPerson.aerospikeTemplate(TestConfigPerson.java:38) ~[test-classes/:na]
	at org.springframework.data.aerospike.repository.TestConfigPerson$$EnhancerBySpringCGLIB$$3f27a8da.CGLIB$aerospikeTemplate$0(<generated>) ~[spring-core-4.1.7.RELEASE.jar:na]
	at org.springframework.data.aerospike.repository.TestConfigPerson$$EnhancerBySpringCGLIB$$3f27a8da$$FastClassBySpringCGLIB$$38965c5e.invoke(<generated>) ~[spring-core-4.1.7.RELEASE.jar:na]
	at org.springframework.cglib.proxy.MethodProxy.invokeSuper(MethodProxy.java:228) ~[spring-core-4.1.7.RELEASE.jar:4.1.7.RELEASE]
	at org.springframework.context.annotation.ConfigurationClassEnhancer$BeanMethodInterceptor.intercept(ConfigurationClassEnhancer.java:309) ~[spring-context-4.1.7.RELEASE.jar:4.1.7.RELEASE]
	at org.springframework.data.aerospike.repository.TestConfigPerson$$EnhancerBySpringCGLIB$$3f27a8da.aerospikeTemplate(<generated>) ~[spring-core-4.1.7.RELEASE.jar:na]
	at sun.reflect.NativeMethodAccessorImpl.invoke0(Native Method) ~[na:1.8.0_91]
	at sun.reflect.NativeMethodAccessorImpl.invoke(NativeMethodAccessorImpl.java:62) ~[na:1.8.0_91]
	at sun.reflect.DelegatingMethodAccessorImpl.invoke(DelegatingMethodAccessorImpl.java:43) ~[na:1.8.0_91]
	at java.lang.reflect.Method.invoke(Method.java:498) ~[na:1.8.0_91]
	at org.springframework.beans.factory.support.SimpleInstantiationStrategy.instantiate(SimpleInstantiationStrategy.java:162) ~[spring-beans-4.1.7.RELEASE.jar:4.1.7.RELEASE]
	... 52 common frames omitted
]]></system-out>
  </testcase>
  <testcase name="findsPagedPersons" classname="org.springframework.data.aerospike.repository.PersonRepositoryIntegrationTests" time="0">
    <error message="Failed to load ApplicationContext" type="java.lang.IllegalStateException"><![CDATA[java.lang.IllegalStateException: Failed to load ApplicationContext
	at org.springframework.test.context.DefaultCacheAwareContextLoaderDelegate.loadContext(DefaultCacheAwareContextLoaderDelegate.java:94)
	at org.springframework.test.context.DefaultTestContext.getApplicationContext(DefaultTestContext.java:72)
	at org.springframework.test.context.support.DependencyInjectionTestExecutionListener.injectDependencies(DependencyInjectionTestExecutionListener.java:117)
	at org.springframework.test.context.support.DependencyInjectionTestExecutionListener.prepareTestInstance(DependencyInjectionTestExecutionListener.java:83)
	at org.springframework.test.context.TestContextManager.prepareTestInstance(TestContextManager.java:212)
	at org.springframework.test.context.junit4.SpringJUnit4ClassRunner.createTest(SpringJUnit4ClassRunner.java:200)
	at org.springframework.test.context.junit4.SpringJUnit4ClassRunner$1.runReflectiveCall(SpringJUnit4ClassRunner.java:259)
	at org.junit.internal.runners.model.ReflectiveCallable.run(ReflectiveCallable.java:12)
	at org.springframework.test.context.junit4.SpringJUnit4ClassRunner.methodBlock(SpringJUnit4ClassRunner.java:261)
	at org.springframework.test.context.junit4.SpringJUnit4ClassRunner.runChild(SpringJUnit4ClassRunner.java:219)
	at org.springframework.test.context.junit4.SpringJUnit4ClassRunner.runChild(SpringJUnit4ClassRunner.java:83)
	at org.junit.runners.ParentRunner$3.run(ParentRunner.java:290)
	at org.junit.runners.ParentRunner$1.schedule(ParentRunner.java:71)
	at org.junit.runners.ParentRunner.runChildren(ParentRunner.java:288)
	at org.junit.runners.ParentRunner.access$000(ParentRunner.java:58)
	at org.junit.runners.ParentRunner$2.evaluate(ParentRunner.java:268)
	at org.springframework.test.context.junit4.statements.RunBeforeTestClassCallbacks.evaluate(RunBeforeTestClassCallbacks.java:61)
	at org.springframework.test.context.junit4.statements.RunAfterTestClassCallbacks.evaluate(RunAfterTestClassCallbacks.java:68)
	at org.junit.runners.ParentRunner.run(ParentRunner.java:363)
	at org.springframework.test.context.junit4.SpringJUnit4ClassRunner.run(SpringJUnit4ClassRunner.java:163)
	at org.junit.runners.Suite.runChild(Suite.java:128)
	at org.junit.runners.Suite.runChild(Suite.java:27)
	at org.junit.runners.ParentRunner$3.run(ParentRunner.java:290)
	at org.junit.runners.ParentRunner$1.schedule(ParentRunner.java:71)
	at org.junit.runners.ParentRunner.runChildren(ParentRunner.java:288)
	at org.junit.runners.ParentRunner.access$000(ParentRunner.java:58)
	at org.junit.runners.ParentRunner$2.evaluate(ParentRunner.java:268)
	at org.junit.runners.ParentRunner.run(ParentRunner.java:363)
	at org.apache.maven.surefire.junit4.JUnit4Provider.execute(JUnit4Provider.java:283)
	at org.apache.maven.surefire.junit4.JUnit4Provider.executeWithRerun(JUnit4Provider.java:173)
	at org.apache.maven.surefire.junit4.JUnit4Provider.executeTestSet(JUnit4Provider.java:153)
	at org.apache.maven.surefire.junit4.JUnit4Provider.invoke(JUnit4Provider.java:128)
	at org.apache.maven.surefire.booter.ForkedBooter.invokeProviderInSameClassLoader(ForkedBooter.java:203)
	at org.apache.maven.surefire.booter.ForkedBooter.runSuitesInProcess(ForkedBooter.java:155)
	at org.apache.maven.surefire.booter.ForkedBooter.main(ForkedBooter.java:103)
Caused by: org.springframework.beans.factory.BeanCreationException: Error creating bean with name 'aerospikeTemplate' defined in org.springframework.data.aerospike.repository.TestConfigPerson: Bean instantiation via factory method failed; nested exception is org.springframework.beans.BeanInstantiationException: Failed to instantiate [org.springframework.data.aerospike.core.AerospikeTemplate]: Factory method 'aerospikeTemplate' threw exception; nested exception is com.aerospike.helper.query.ClusterRefreshError: Cannot find UDF modules
	at org.springframework.beans.factory.support.ConstructorResolver.instantiateUsingFactoryMethod(ConstructorResolver.java:599)
	at org.springframework.beans.factory.support.AbstractAutowireCapableBeanFactory.instantiateUsingFactoryMethod(AbstractAutowireCapableBeanFactory.java:1119)
	at org.springframework.beans.factory.support.AbstractAutowireCapableBeanFactory.createBeanInstance(AbstractAutowireCapableBeanFactory.java:1014)
	at org.springframework.beans.factory.support.AbstractAutowireCapableBeanFactory.doCreateBean(AbstractAutowireCapableBeanFactory.java:504)
	at org.springframework.beans.factory.support.AbstractAutowireCapableBeanFactory.createBean(AbstractAutowireCapableBeanFactory.java:476)
	at org.springframework.beans.factory.support.AbstractBeanFactory$1.getObject(AbstractBeanFactory.java:303)
	at org.springframework.beans.factory.support.DefaultSingletonBeanRegistry.getSingleton(DefaultSingletonBeanRegistry.java:230)
	at org.springframework.beans.factory.support.AbstractBeanFactory.doGetBean(AbstractBeanFactory.java:299)
	at org.springframework.beans.factory.support.AbstractBeanFactory.getBean(AbstractBeanFactory.java:194)
	at org.springframework.beans.factory.support.DefaultListableBeanFactory.preInstantiateSingletons(DefaultListableBeanFactory.java:755)
	at org.springframework.context.support.AbstractApplicationContext.finishBeanFactoryInitialization(AbstractApplicationContext.java:757)
	at org.springframework.context.support.AbstractApplicationContext.refresh(AbstractApplicationContext.java:480)
	at org.springframework.test.context.support.AbstractGenericContextLoader.loadContext(AbstractGenericContextLoader.java:125)
	at org.springframework.test.context.support.AbstractGenericContextLoader.loadContext(AbstractGenericContextLoader.java:60)
	at org.springframework.test.context.support.AbstractDelegatingSmartContextLoader.delegateLoading(AbstractDelegatingSmartContextLoader.java:109)
	at org.springframework.test.context.support.AbstractDelegatingSmartContextLoader.loadContext(AbstractDelegatingSmartContextLoader.java:261)
	at org.springframework.test.context.DefaultCacheAwareContextLoaderDelegate.loadContextInternal(DefaultCacheAwareContextLoaderDelegate.java:68)
	at org.springframework.test.context.DefaultCacheAwareContextLoaderDelegate.loadContext(DefaultCacheAwareContextLoaderDelegate.java:86)
	at org.springframework.test.context.DefaultTestContext.getApplicationContext(DefaultTestContext.java:72)
	at org.springframework.test.context.support.DependencyInjectionTestExecutionListener.injectDependencies(DependencyInjectionTestExecutionListener.java:117)
	at org.springframework.test.context.support.DependencyInjectionTestExecutionListener.prepareTestInstance(DependencyInjectionTestExecutionListener.java:83)
	at org.springframework.test.context.TestContextManager.prepareTestInstance(TestContextManager.java:212)
	at org.springframework.test.context.junit4.SpringJUnit4ClassRunner.createTest(SpringJUnit4ClassRunner.java:200)
	at org.springframework.test.context.junit4.SpringJUnit4ClassRunner$1.runReflectiveCall(SpringJUnit4ClassRunner.java:259)
	at org.junit.internal.runners.model.ReflectiveCallable.run(ReflectiveCallable.java:12)
	at org.springframework.test.context.junit4.SpringJUnit4ClassRunner.methodBlock(SpringJUnit4ClassRunner.java:261)
	at org.springframework.test.context.junit4.SpringJUnit4ClassRunner.runChild(SpringJUnit4ClassRunner.java:219)
	at org.springframework.test.context.junit4.SpringJUnit4ClassRunner.runChild(SpringJUnit4ClassRunner.java:83)
	at org.junit.runners.ParentRunner$3.run(ParentRunner.java:290)
	at org.junit.runners.ParentRunner$1.schedule(ParentRunner.java:71)
	at org.junit.runners.ParentRunner.runChildren(ParentRunner.java:288)
	at org.junit.runners.ParentRunner.access$000(ParentRunner.java:58)
	at org.junit.runners.ParentRunner$2.evaluate(ParentRunner.java:268)
	at org.springframework.test.context.junit4.statements.RunBeforeTestClassCallbacks.evaluate(RunBeforeTestClassCallbacks.java:61)
	at org.springframework.test.context.junit4.statements.RunAfterTestClassCallbacks.evaluate(RunAfterTestClassCallbacks.java:68)
	at org.junit.runners.ParentRunner.run(ParentRunner.java:363)
	at org.springframework.test.context.junit4.SpringJUnit4ClassRunner.run(SpringJUnit4ClassRunner.java:163)
	at org.junit.runners.Suite.runChild(Suite.java:128)
	at org.junit.runners.Suite.runChild(Suite.java:27)
	at org.junit.runners.ParentRunner$3.run(ParentRunner.java:290)
	at org.junit.runners.ParentRunner$1.schedule(ParentRunner.java:71)
	at org.junit.runners.ParentRunner.runChildren(ParentRunner.java:288)
	at org.junit.runners.ParentRunner.access$000(ParentRunner.java:58)
	at org.junit.runners.ParentRunner$2.evaluate(ParentRunner.java:268)
	at org.junit.runners.ParentRunner.run(ParentRunner.java:363)
	at org.apache.maven.surefire.junit4.JUnit4Provider.execute(JUnit4Provider.java:283)
	at org.apache.maven.surefire.junit4.JUnit4Provider.executeWithRerun(JUnit4Provider.java:173)
	at org.apache.maven.surefire.junit4.JUnit4Provider.executeTestSet(JUnit4Provider.java:153)
	at org.apache.maven.surefire.junit4.JUnit4Provider.invoke(JUnit4Provider.java:128)
	at org.apache.maven.surefire.booter.ForkedBooter.invokeProviderInSameClassLoader(ForkedBooter.java:203)
	at org.apache.maven.surefire.booter.ForkedBooter.runSuitesInProcess(ForkedBooter.java:155)
	at org.apache.maven.surefire.booter.ForkedBooter.main(ForkedBooter.java:103)
Caused by: org.springframework.beans.BeanInstantiationException: Failed to instantiate [org.springframework.data.aerospike.core.AerospikeTemplate]: Factory method 'aerospikeTemplate' threw exception; nested exception is com.aerospike.helper.query.ClusterRefreshError: Cannot find UDF modules
	at org.springframework.beans.factory.support.SimpleInstantiationStrategy.instantiate(SimpleInstantiationStrategy.java:189)
	at org.springframework.beans.factory.support.ConstructorResolver.instantiateUsingFactoryMethod(ConstructorResolver.java:588)
	at org.springframework.beans.factory.support.AbstractAutowireCapableBeanFactory.instantiateUsingFactoryMethod(AbstractAutowireCapableBeanFactory.java:1119)
	at org.springframework.beans.factory.support.AbstractAutowireCapableBeanFactory.createBeanInstance(AbstractAutowireCapableBeanFactory.java:1014)
	at org.springframework.beans.factory.support.AbstractAutowireCapableBeanFactory.doCreateBean(AbstractAutowireCapableBeanFactory.java:504)
	at org.springframework.beans.factory.support.AbstractAutowireCapableBeanFactory.createBean(AbstractAutowireCapableBeanFactory.java:476)
	at org.springframework.beans.factory.support.AbstractBeanFactory$1.getObject(AbstractBeanFactory.java:303)
	at org.springframework.beans.factory.support.DefaultSingletonBeanRegistry.getSingleton(DefaultSingletonBeanRegistry.java:230)
	at org.springframework.beans.factory.support.AbstractBeanFactory.doGetBean(AbstractBeanFactory.java:299)
	at org.springframework.beans.factory.support.AbstractBeanFactory.getBean(AbstractBeanFactory.java:194)
	at org.springframework.beans.factory.support.DefaultListableBeanFactory.preInstantiateSingletons(DefaultListableBeanFactory.java:755)
	at org.springframework.context.support.AbstractApplicationContext.finishBeanFactoryInitialization(AbstractApplicationContext.java:757)
	at org.springframework.context.support.AbstractApplicationContext.refresh(AbstractApplicationContext.java:480)
	at org.springframework.test.context.support.AbstractGenericContextLoader.loadContext(AbstractGenericContextLoader.java:125)
	at org.springframework.test.context.support.AbstractGenericContextLoader.loadContext(AbstractGenericContextLoader.java:60)
	at org.springframework.test.context.support.AbstractDelegatingSmartContextLoader.delegateLoading(AbstractDelegatingSmartContextLoader.java:109)
	at org.springframework.test.context.support.AbstractDelegatingSmartContextLoader.loadContext(AbstractDelegatingSmartContextLoader.java:261)
	at org.springframework.test.context.DefaultCacheAwareContextLoaderDelegate.loadContextInternal(DefaultCacheAwareContextLoaderDelegate.java:68)
	at org.springframework.test.context.DefaultCacheAwareContextLoaderDelegate.loadContext(DefaultCacheAwareContextLoaderDelegate.java:86)
	at org.springframework.test.context.DefaultTestContext.getApplicationContext(DefaultTestContext.java:72)
	at org.springframework.test.context.support.DependencyInjectionTestExecutionListener.injectDependencies(DependencyInjectionTestExecutionListener.java:117)
	at org.springframework.test.context.support.DependencyInjectionTestExecutionListener.prepareTestInstance(DependencyInjectionTestExecutionListener.java:83)
	at org.springframework.test.context.TestContextManager.prepareTestInstance(TestContextManager.java:212)
	at org.springframework.test.context.junit4.SpringJUnit4ClassRunner.createTest(SpringJUnit4ClassRunner.java:200)
	at org.springframework.test.context.junit4.SpringJUnit4ClassRunner$1.runReflectiveCall(SpringJUnit4ClassRunner.java:259)
	at org.junit.internal.runners.model.ReflectiveCallable.run(ReflectiveCallable.java:12)
	at org.springframework.test.context.junit4.SpringJUnit4ClassRunner.methodBlock(SpringJUnit4ClassRunner.java:261)
	at org.springframework.test.context.junit4.SpringJUnit4ClassRunner.runChild(SpringJUnit4ClassRunner.java:219)
	at org.springframework.test.context.junit4.SpringJUnit4ClassRunner.runChild(SpringJUnit4ClassRunner.java:83)
	at org.junit.runners.ParentRunner$3.run(ParentRunner.java:290)
	at org.junit.runners.ParentRunner$1.schedule(ParentRunner.java:71)
	at org.junit.runners.ParentRunner.runChildren(ParentRunner.java:288)
	at org.junit.runners.ParentRunner.access$000(ParentRunner.java:58)
	at org.junit.runners.ParentRunner$2.evaluate(ParentRunner.java:268)
	at org.springframework.test.context.junit4.statements.RunBeforeTestClassCallbacks.evaluate(RunBeforeTestClassCallbacks.java:61)
	at org.springframework.test.context.junit4.statements.RunAfterTestClassCallbacks.evaluate(RunAfterTestClassCallbacks.java:68)
	at org.junit.runners.ParentRunner.run(ParentRunner.java:363)
	at org.springframework.test.context.junit4.SpringJUnit4ClassRunner.run(SpringJUnit4ClassRunner.java:163)
	at org.junit.runners.Suite.runChild(Suite.java:128)
	at org.junit.runners.Suite.runChild(Suite.java:27)
	at org.junit.runners.ParentRunner$3.run(ParentRunner.java:290)
	at org.junit.runners.ParentRunner$1.schedule(ParentRunner.java:71)
	at org.junit.runners.ParentRunner.runChildren(ParentRunner.java:288)
	at org.junit.runners.ParentRunner.access$000(ParentRunner.java:58)
	at org.junit.runners.ParentRunner$2.evaluate(ParentRunner.java:268)
	at org.junit.runners.ParentRunner.run(ParentRunner.java:363)
	at org.apache.maven.surefire.junit4.JUnit4Provider.execute(JUnit4Provider.java:283)
	at org.apache.maven.surefire.junit4.JUnit4Provider.executeWithRerun(JUnit4Provider.java:173)
	at org.apache.maven.surefire.junit4.JUnit4Provider.executeTestSet(JUnit4Provider.java:153)
	at org.apache.maven.surefire.junit4.JUnit4Provider.invoke(JUnit4Provider.java:128)
	at org.apache.maven.surefire.booter.ForkedBooter.invokeProviderInSameClassLoader(ForkedBooter.java:203)
	at org.apache.maven.surefire.booter.ForkedBooter.runSuitesInProcess(ForkedBooter.java:155)
	at org.apache.maven.surefire.booter.ForkedBooter.main(ForkedBooter.java:103)
Caused by: com.aerospike.helper.query.ClusterRefreshError: Cannot find UDF modules
	at com.aerospike.helper.query.QueryEngine.refreshModules(QueryEngine.java:678)
	at com.aerospike.helper.query.QueryEngine.refreshCluster(QueryEngine.java:536)
	at com.aerospike.helper.query.QueryEngine.setClient(QueryEngine.java:129)
	at com.aerospike.helper.query.QueryEngine.<init>(QueryEngine.java:110)
	at org.springframework.data.aerospike.core.AerospikeTemplate.<init>(AerospikeTemplate.java:132)
	at org.springframework.data.aerospike.repository.TestConfigPerson.aerospikeTemplate(TestConfigPerson.java:38)
	at org.springframework.data.aerospike.repository.TestConfigPerson$$EnhancerBySpringCGLIB$$3f27a8da.CGLIB$aerospikeTemplate$0(<generated>)
	at org.springframework.data.aerospike.repository.TestConfigPerson$$EnhancerBySpringCGLIB$$3f27a8da$$FastClassBySpringCGLIB$$38965c5e.invoke(<generated>)
	at org.springframework.cglib.proxy.MethodProxy.invokeSuper(MethodProxy.java:228)
	at org.springframework.context.annotation.ConfigurationClassEnhancer$BeanMethodInterceptor.intercept(ConfigurationClassEnhancer.java:309)
	at org.springframework.data.aerospike.repository.TestConfigPerson$$EnhancerBySpringCGLIB$$3f27a8da.aerospikeTemplate(<generated>)
	at sun.reflect.NativeMethodAccessorImpl.invoke0(Native Method)
	at sun.reflect.NativeMethodAccessorImpl.invoke(NativeMethodAccessorImpl.java:62)
	at sun.reflect.DelegatingMethodAccessorImpl.invoke(DelegatingMethodAccessorImpl.java:43)
	at java.lang.reflect.Method.invoke(Method.java:498)
	at org.springframework.beans.factory.support.SimpleInstantiationStrategy.instantiate(SimpleInstantiationStrategy.java:162)
	at org.springframework.beans.factory.support.ConstructorResolver.instantiateUsingFactoryMethod(ConstructorResolver.java:588)
	at org.springframework.beans.factory.support.AbstractAutowireCapableBeanFactory.instantiateUsingFactoryMethod(AbstractAutowireCapableBeanFactory.java:1119)
	at org.springframework.beans.factory.support.AbstractAutowireCapableBeanFactory.createBeanInstance(AbstractAutowireCapableBeanFactory.java:1014)
	at org.springframework.beans.factory.support.AbstractAutowireCapableBeanFactory.doCreateBean(AbstractAutowireCapableBeanFactory.java:504)
	at org.springframework.beans.factory.support.AbstractAutowireCapableBeanFactory.createBean(AbstractAutowireCapableBeanFactory.java:476)
	at org.springframework.beans.factory.support.AbstractBeanFactory$1.getObject(AbstractBeanFactory.java:303)
	at org.springframework.beans.factory.support.DefaultSingletonBeanRegistry.getSingleton(DefaultSingletonBeanRegistry.java:230)
	at org.springframework.beans.factory.support.AbstractBeanFactory.doGetBean(AbstractBeanFactory.java:299)
	at org.springframework.beans.factory.support.AbstractBeanFactory.getBean(AbstractBeanFactory.java:194)
	at org.springframework.beans.factory.support.DefaultListableBeanFactory.preInstantiateSingletons(DefaultListableBeanFactory.java:755)
	at org.springframework.context.support.AbstractApplicationContext.finishBeanFactoryInitialization(AbstractApplicationContext.java:757)
	at org.springframework.context.support.AbstractApplicationContext.refresh(AbstractApplicationContext.java:480)
	at org.springframework.test.context.support.AbstractGenericContextLoader.loadContext(AbstractGenericContextLoader.java:125)
	at org.springframework.test.context.support.AbstractGenericContextLoader.loadContext(AbstractGenericContextLoader.java:60)
	at org.springframework.test.context.support.AbstractDelegatingSmartContextLoader.delegateLoading(AbstractDelegatingSmartContextLoader.java:109)
	at org.springframework.test.context.support.AbstractDelegatingSmartContextLoader.loadContext(AbstractDelegatingSmartContextLoader.java:261)
	at org.springframework.test.context.DefaultCacheAwareContextLoaderDelegate.loadContextInternal(DefaultCacheAwareContextLoaderDelegate.java:68)
	at org.springframework.test.context.DefaultCacheAwareContextLoaderDelegate.loadContext(DefaultCacheAwareContextLoaderDelegate.java:86)
	at org.springframework.test.context.DefaultTestContext.getApplicationContext(DefaultTestContext.java:72)
	at org.springframework.test.context.support.DependencyInjectionTestExecutionListener.injectDependencies(DependencyInjectionTestExecutionListener.java:117)
	at org.springframework.test.context.support.DependencyInjectionTestExecutionListener.prepareTestInstance(DependencyInjectionTestExecutionListener.java:83)
	at org.springframework.test.context.TestContextManager.prepareTestInstance(TestContextManager.java:212)
	at org.springframework.test.context.junit4.SpringJUnit4ClassRunner.createTest(SpringJUnit4ClassRunner.java:200)
	at org.springframework.test.context.junit4.SpringJUnit4ClassRunner$1.runReflectiveCall(SpringJUnit4ClassRunner.java:259)
	at org.junit.internal.runners.model.ReflectiveCallable.run(ReflectiveCallable.java:12)
	at org.springframework.test.context.junit4.SpringJUnit4ClassRunner.methodBlock(SpringJUnit4ClassRunner.java:261)
	at org.springframework.test.context.junit4.SpringJUnit4ClassRunner.runChild(SpringJUnit4ClassRunner.java:219)
	at org.springframework.test.context.junit4.SpringJUnit4ClassRunner.runChild(SpringJUnit4ClassRunner.java:83)
	at org.junit.runners.ParentRunner$3.run(ParentRunner.java:290)
	at org.junit.runners.ParentRunner$1.schedule(ParentRunner.java:71)
	at org.junit.runners.ParentRunner.runChildren(ParentRunner.java:288)
	at org.junit.runners.ParentRunner.access$000(ParentRunner.java:58)
	at org.junit.runners.ParentRunner$2.evaluate(ParentRunner.java:268)
	at org.springframework.test.context.junit4.statements.RunBeforeTestClassCallbacks.evaluate(RunBeforeTestClassCallbacks.java:61)
	at org.springframework.test.context.junit4.statements.RunAfterTestClassCallbacks.evaluate(RunAfterTestClassCallbacks.java:68)
	at org.junit.runners.ParentRunner.run(ParentRunner.java:363)
	at org.springframework.test.context.junit4.SpringJUnit4ClassRunner.run(SpringJUnit4ClassRunner.java:163)
	at org.junit.runners.Suite.runChild(Suite.java:128)
	at org.junit.runners.Suite.runChild(Suite.java:27)
	at org.junit.runners.ParentRunner$3.run(ParentRunner.java:290)
	at org.junit.runners.ParentRunner$1.schedule(ParentRunner.java:71)
	at org.junit.runners.ParentRunner.runChildren(ParentRunner.java:288)
	at org.junit.runners.ParentRunner.access$000(ParentRunner.java:58)
	at org.junit.runners.ParentRunner$2.evaluate(ParentRunner.java:268)
	at org.junit.runners.ParentRunner.run(ParentRunner.java:363)
	at org.apache.maven.surefire.junit4.JUnit4Provider.execute(JUnit4Provider.java:283)
	at org.apache.maven.surefire.junit4.JUnit4Provider.executeWithRerun(JUnit4Provider.java:173)
	at org.apache.maven.surefire.junit4.JUnit4Provider.executeTestSet(JUnit4Provider.java:153)
	at org.apache.maven.surefire.junit4.JUnit4Provider.invoke(JUnit4Provider.java:128)
	at org.apache.maven.surefire.booter.ForkedBooter.invokeProviderInSameClassLoader(ForkedBooter.java:203)
	at org.apache.maven.surefire.booter.ForkedBooter.runSuitesInProcess(ForkedBooter.java:155)
	at org.apache.maven.surefire.booter.ForkedBooter.main(ForkedBooter.java:103)
]]></error>
    <system-out><![CDATA[16:37:37.894 [main] DEBUG o.s.t.annotation.ProfileValueUtils - Retrieved @ProfileValueSourceConfiguration [null] for test class [org.springframework.data.aerospike.repository.PersonRepositoryIntegrationTests]
16:37:37.894 [main] DEBUG o.s.t.annotation.ProfileValueUtils - Retrieved ProfileValueSource type [class org.springframework.test.annotation.SystemProfileValueSource] for class [org.springframework.data.aerospike.repository.PersonRepositoryIntegrationTests]
16:37:37.894 [main] DEBUG o.s.t.c.s.DependencyInjectionTestExecutionListener - Performing dependency injection for test context [[DefaultTestContext@70807224 testClass = PersonRepositoryIntegrationTests, testInstance = org.springframework.data.aerospike.repository.PersonRepositoryIntegrationTests@6b3f6585, testMethod = [null], testException = [null], mergedContextConfiguration = [MergedContextConfiguration@400d912a testClass = PersonRepositoryIntegrationTests, locations = '{}', classes = '{class org.springframework.data.aerospike.repository.TestConfigPerson}', contextInitializerClasses = '[]', activeProfiles = '{}', propertySourceLocations = '{}', propertySourceProperties = '{}', contextLoader = 'org.springframework.test.context.support.DelegatingSmartContextLoader', parent = [null]]]].
16:37:37.894 [main] DEBUG o.s.t.c.s.AbstractDelegatingSmartContextLoader - Delegating to AnnotationConfigContextLoader to load context from [MergedContextConfiguration@400d912a testClass = PersonRepositoryIntegrationTests, locations = '{}', classes = '{class org.springframework.data.aerospike.repository.TestConfigPerson}', contextInitializerClasses = '[]', activeProfiles = '{}', propertySourceLocations = '{}', propertySourceProperties = '{}', contextLoader = 'org.springframework.test.context.support.DelegatingSmartContextLoader', parent = [null]].
16:37:37.894 [main] DEBUG o.s.t.c.s.AbstractGenericContextLoader - Loading ApplicationContext for merged context configuration [[MergedContextConfiguration@400d912a testClass = PersonRepositoryIntegrationTests, locations = '{}', classes = '{class org.springframework.data.aerospike.repository.TestConfigPerson}', contextInitializerClasses = '[]', activeProfiles = '{}', propertySourceLocations = '{}', propertySourceProperties = '{}', contextLoader = 'org.springframework.test.context.support.DelegatingSmartContextLoader', parent = [null]]].
16:37:37.895 [main] DEBUG o.s.core.env.StandardEnvironment - Adding [systemProperties] PropertySource with lowest search precedence
16:37:37.895 [main] DEBUG o.s.core.env.StandardEnvironment - Adding [systemEnvironment] PropertySource with lowest search precedence
16:37:37.895 [main] DEBUG o.s.core.env.StandardEnvironment - Initialized StandardEnvironment with PropertySources [systemProperties,systemEnvironment]
16:37:37.895 [main] DEBUG o.s.t.c.s.AnnotationConfigContextLoader - Registering annotated classes: {class org.springframework.data.aerospike.repository.TestConfigPerson}
16:37:37.895 [main] INFO  o.s.c.s.GenericApplicationContext - Refreshing org.springframework.context.support.GenericApplicationContext@282ffbf5: startup date [Tue Oct 04 16:37:37 BRT 2016]; root of context hierarchy
16:37:37.895 [main] DEBUG o.s.c.s.GenericApplicationContext - Bean factory for org.springframework.context.support.GenericApplicationContext@282ffbf5: org.springframework.beans.factory.support.DefaultListableBeanFactory@3e104d4b: defining beans [org.springframework.context.annotation.internalConfigurationAnnotationProcessor,org.springframework.context.annotation.internalAutowiredAnnotationProcessor,org.springframework.context.annotation.internalRequiredAnnotationProcessor,org.springframework.context.annotation.internalCommonAnnotationProcessor,testConfigPerson]; root of factory hierarchy
16:37:37.895 [main] DEBUG o.s.b.f.s.DefaultListableBeanFactory - Creating shared instance of singleton bean 'org.springframework.context.annotation.internalConfigurationAnnotationProcessor'
16:37:37.895 [main] DEBUG o.s.b.f.s.DefaultListableBeanFactory - Creating instance of bean 'org.springframework.context.annotation.internalConfigurationAnnotationProcessor'
16:37:37.895 [main] DEBUG o.s.b.f.s.DefaultListableBeanFactory - Eagerly caching bean 'org.springframework.context.annotation.internalConfigurationAnnotationProcessor' to allow for resolving potential circular references
16:37:37.895 [main] DEBUG o.s.b.f.s.DefaultListableBeanFactory - Finished creating instance of bean 'org.springframework.context.annotation.internalConfigurationAnnotationProcessor'
16:37:37.896 [main] DEBUG o.s.c.a.ConfigurationClassBeanDefinitionReader - Registering bean definition for @Bean method org.springframework.data.aerospike.repository.TestConfigPerson.aerospikeTemplate()
16:37:37.896 [main] DEBUG o.s.c.a.ConfigurationClassBeanDefinitionReader - Registering bean definition for @Bean method org.springframework.data.aerospike.repository.TestConfigPerson.aerospikeClient()
16:37:37.896 [main] DEBUG o.s.core.env.StandardEnvironment - Adding [systemProperties] PropertySource with lowest search precedence
16:37:37.896 [main] DEBUG o.s.core.env.StandardEnvironment - Adding [systemEnvironment] PropertySource with lowest search precedence
16:37:37.896 [main] DEBUG o.s.core.env.StandardEnvironment - Initialized StandardEnvironment with PropertySources [systemProperties,systemEnvironment]
16:37:37.897 [main] DEBUG o.s.c.i.s.PathMatchingResourcePatternResolver - Looking for matching resources in directory tree [/home/aluno/spring-projects/maven/spring-data-aerospike/target/test-classes/org/springframework/data]
16:37:37.897 [main] DEBUG o.s.c.i.s.PathMatchingResourcePatternResolver - Searching directory [/home/aluno/spring-projects/maven/spring-data-aerospike/target/test-classes/org/springframework/data] for files matching pattern [/home/aluno/spring-projects/maven/spring-data-aerospike/target/test-classes/org/springframework/data/**/repository/support/**/*.class]
16:37:37.897 [main] DEBUG o.s.c.i.s.PathMatchingResourcePatternResolver - Searching directory [/home/aluno/spring-projects/maven/spring-data-aerospike/target/test-classes/org/springframework/data/keyvalue] for files matching pattern [/home/aluno/spring-projects/maven/spring-data-aerospike/target/test-classes/org/springframework/data/**/repository/support/**/*.class]
16:37:37.897 [main] DEBUG o.s.c.i.s.PathMatchingResourcePatternResolver - Searching directory [/home/aluno/spring-projects/maven/spring-data-aerospike/target/test-classes/org/springframework/data/keyvalue/repository] for files matching pattern [/home/aluno/spring-projects/maven/spring-data-aerospike/target/test-classes/org/springframework/data/**/repository/support/**/*.class]
16:37:37.897 [main] DEBUG o.s.c.i.s.PathMatchingResourcePatternResolver - Searching directory [/home/aluno/spring-projects/maven/spring-data-aerospike/target/test-classes/org/springframework/data/keyvalue/repository/query] for files matching pattern [/home/aluno/spring-projects/maven/spring-data-aerospike/target/test-classes/org/springframework/data/**/repository/support/**/*.class]
16:37:37.897 [main] DEBUG o.s.c.i.s.PathMatchingResourcePatternResolver - Searching directory [/home/aluno/spring-projects/maven/spring-data-aerospike/target/test-classes/org/springframework/data/aerospike] for files matching pattern [/home/aluno/spring-projects/maven/spring-data-aerospike/target/test-classes/org/springframework/data/**/repository/support/**/*.class]
16:37:37.897 [main] DEBUG o.s.c.i.s.PathMatchingResourcePatternResolver - Searching directory [/home/aluno/spring-projects/maven/spring-data-aerospike/target/test-classes/org/springframework/data/aerospike/mapping] for files matching pattern [/home/aluno/spring-projects/maven/spring-data-aerospike/target/test-classes/org/springframework/data/**/repository/support/**/*.class]
16:37:37.897 [main] DEBUG o.s.c.i.s.PathMatchingResourcePatternResolver - Searching directory [/home/aluno/spring-projects/maven/spring-data-aerospike/target/test-classes/org/springframework/data/aerospike/core] for files matching pattern [/home/aluno/spring-projects/maven/spring-data-aerospike/target/test-classes/org/springframework/data/**/repository/support/**/*.class]
16:37:37.897 [main] DEBUG o.s.c.i.s.PathMatchingResourcePatternResolver - Searching directory [/home/aluno/spring-projects/maven/spring-data-aerospike/target/test-classes/org/springframework/data/aerospike/convert] for files matching pattern [/home/aluno/spring-projects/maven/spring-data-aerospike/target/test-classes/org/springframework/data/**/repository/support/**/*.class]
16:37:37.898 [main] DEBUG o.s.c.i.s.PathMatchingResourcePatternResolver - Searching directory [/home/aluno/spring-projects/maven/spring-data-aerospike/target/test-classes/org/springframework/data/aerospike/sample] for files matching pattern [/home/aluno/spring-projects/maven/spring-data-aerospike/target/test-classes/org/springframework/data/**/repository/support/**/*.class]
16:37:37.898 [main] DEBUG o.s.c.i.s.PathMatchingResourcePatternResolver - Searching directory [/home/aluno/spring-projects/maven/spring-data-aerospike/target/test-classes/org/springframework/data/aerospike/repository] for files matching pattern [/home/aluno/spring-projects/maven/spring-data-aerospike/target/test-classes/org/springframework/data/**/repository/support/**/*.class]
16:37:37.912 [main] DEBUG o.s.c.i.s.PathMatchingResourcePatternResolver - Searching directory [/home/aluno/spring-projects/maven/spring-data-aerospike/target/test-classes/org/springframework/data/aerospike/repository/support] for files matching pattern [/home/aluno/spring-projects/maven/spring-data-aerospike/target/test-classes/org/springframework/data/**/repository/support/**/*.class]
16:37:37.913 [main] DEBUG o.s.c.i.s.PathMatchingResourcePatternResolver - Searching directory [/home/aluno/spring-projects/maven/spring-data-aerospike/target/test-classes/org/springframework/data/aerospike/repository/query] for files matching pattern [/home/aluno/spring-projects/maven/spring-data-aerospike/target/test-classes/org/springframework/data/**/repository/support/**/*.class]
16:37:37.913 [main] DEBUG o.s.c.i.s.PathMatchingResourcePatternResolver - Searching directory [/home/aluno/spring-projects/maven/spring-data-aerospike/target/test-classes/org/springframework/data/aerospike/config] for files matching pattern [/home/aluno/spring-projects/maven/spring-data-aerospike/target/test-classes/org/springframework/data/**/repository/support/**/*.class]
16:37:37.913 [main] DEBUG o.s.c.i.s.PathMatchingResourcePatternResolver - Searching directory [/home/aluno/spring-projects/maven/spring-data-aerospike/target/test-classes/org/springframework/data/aerospike/cache] for files matching pattern [/home/aluno/spring-projects/maven/spring-data-aerospike/target/test-classes/org/springframework/data/**/repository/support/**/*.class]
16:37:37.913 [main] DEBUG o.s.c.i.s.PathMatchingResourcePatternResolver - Looking for matching resources in directory tree [/home/aluno/spring-projects/maven/spring-data-aerospike/target/classes/org/springframework/data]
16:37:37.913 [main] DEBUG o.s.c.i.s.PathMatchingResourcePatternResolver - Searching directory [/home/aluno/spring-projects/maven/spring-data-aerospike/target/classes/org/springframework/data] for files matching pattern [/home/aluno/spring-projects/maven/spring-data-aerospike/target/classes/org/springframework/data/**/repository/support/**/*.class]
16:37:37.913 [main] DEBUG o.s.c.i.s.PathMatchingResourcePatternResolver - Searching directory [/home/aluno/spring-projects/maven/spring-data-aerospike/target/classes/org/springframework/data/aerospike] for files matching pattern [/home/aluno/spring-projects/maven/spring-data-aerospike/target/classes/org/springframework/data/**/repository/support/**/*.class]
16:37:37.913 [main] DEBUG o.s.c.i.s.PathMatchingResourcePatternResolver - Searching directory [/home/aluno/spring-projects/maven/spring-data-aerospike/target/classes/org/springframework/data/aerospike/mapping] for files matching pattern [/home/aluno/spring-projects/maven/spring-data-aerospike/target/classes/org/springframework/data/**/repository/support/**/*.class]
16:37:37.913 [main] DEBUG o.s.c.i.s.PathMatchingResourcePatternResolver - Searching directory [/home/aluno/spring-projects/maven/spring-data-aerospike/target/classes/org/springframework/data/aerospike/core] for files matching pattern [/home/aluno/spring-projects/maven/spring-data-aerospike/target/classes/org/springframework/data/**/repository/support/**/*.class]
16:37:37.913 [main] DEBUG o.s.c.i.s.PathMatchingResourcePatternResolver - Searching directory [/home/aluno/spring-projects/maven/spring-data-aerospike/target/classes/org/springframework/data/aerospike/convert] for files matching pattern [/home/aluno/spring-projects/maven/spring-data-aerospike/target/classes/org/springframework/data/**/repository/support/**/*.class]
16:37:37.914 [main] DEBUG o.s.c.i.s.PathMatchingResourcePatternResolver - Searching directory [/home/aluno/spring-projects/maven/spring-data-aerospike/target/classes/org/springframework/data/aerospike/example] for files matching pattern [/home/aluno/spring-projects/maven/spring-data-aerospike/target/classes/org/springframework/data/**/repository/support/**/*.class]
16:37:37.914 [main] DEBUG o.s.c.i.s.PathMatchingResourcePatternResolver - Searching directory [/home/aluno/spring-projects/maven/spring-data-aerospike/target/classes/org/springframework/data/aerospike/example/data] for files matching pattern [/home/aluno/spring-projects/maven/spring-data-aerospike/target/classes/org/springframework/data/**/repository/support/**/*.class]
16:37:37.914 [main] DEBUG o.s.c.i.s.PathMatchingResourcePatternResolver - Searching directory [/home/aluno/spring-projects/maven/spring-data-aerospike/target/classes/org/springframework/data/aerospike/example/config] for files matching pattern [/home/aluno/spring-projects/maven/spring-data-aerospike/target/classes/org/springframework/data/**/repository/support/**/*.class]
16:37:37.914 [main] DEBUG o.s.c.i.s.PathMatchingResourcePatternResolver - Searching directory [/home/aluno/spring-projects/maven/spring-data-aerospike/target/classes/org/springframework/data/aerospike/annotation] for files matching pattern [/home/aluno/spring-projects/maven/spring-data-aerospike/target/classes/org/springframework/data/**/repository/support/**/*.class]
16:37:37.914 [main] DEBUG o.s.c.i.s.PathMatchingResourcePatternResolver - Searching directory [/home/aluno/spring-projects/maven/spring-data-aerospike/target/classes/org/springframework/data/aerospike/repository] for files matching pattern [/home/aluno/spring-projects/maven/spring-data-aerospike/target/classes/org/springframework/data/**/repository/support/**/*.class]
16:37:37.914 [main] DEBUG o.s.c.i.s.PathMatchingResourcePatternResolver - Searching directory [/home/aluno/spring-projects/maven/spring-data-aerospike/target/classes/org/springframework/data/aerospike/repository/support] for files matching pattern [/home/aluno/spring-projects/maven/spring-data-aerospike/target/classes/org/springframework/data/**/repository/support/**/*.class]
16:37:37.914 [main] DEBUG o.s.c.i.s.PathMatchingResourcePatternResolver - Searching directory [/home/aluno/spring-projects/maven/spring-data-aerospike/target/classes/org/springframework/data/aerospike/repository/config] for files matching pattern [/home/aluno/spring-projects/maven/spring-data-aerospike/target/classes/org/springframework/data/**/repository/support/**/*.class]
16:37:37.914 [main] DEBUG o.s.c.i.s.PathMatchingResourcePatternResolver - Searching directory [/home/aluno/spring-projects/maven/spring-data-aerospike/target/classes/org/springframework/data/aerospike/repository/query] for files matching pattern [/home/aluno/spring-projects/maven/spring-data-aerospike/target/classes/org/springframework/data/**/repository/support/**/*.class]
16:37:37.914 [main] DEBUG o.s.c.i.s.PathMatchingResourcePatternResolver - Searching directory [/home/aluno/spring-projects/maven/spring-data-aerospike/target/classes/org/springframework/data/aerospike/config] for files matching pattern [/home/aluno/spring-projects/maven/spring-data-aerospike/target/classes/org/springframework/data/**/repository/support/**/*.class]
16:37:37.915 [main] DEBUG o.s.c.i.s.PathMatchingResourcePatternResolver - Searching directory [/home/aluno/spring-projects/maven/spring-data-aerospike/target/classes/org/springframework/data/aerospike/cache] for files matching pattern [/home/aluno/spring-projects/maven/spring-data-aerospike/target/classes/org/springframework/data/**/repository/support/**/*.class]
16:37:37.915 [main] DEBUG o.s.c.i.s.PathMatchingResourcePatternResolver - Searching directory [/home/aluno/spring-projects/maven/spring-data-aerospike/target/classes/org/springframework/data/aerospike/utility] for files matching pattern [/home/aluno/spring-projects/maven/spring-data-aerospike/target/classes/org/springframework/data/**/repository/support/**/*.class]
16:37:37.915 [main] DEBUG o.s.c.i.s.PathMatchingResourcePatternResolver - Looking for matching resources in jar file [file:/home/aluno/.m2/repository/org/springframework/data/spring-data-commons/1.11.0.RELEASE/spring-data-commons-1.11.0.RELEASE.jar]
16:37:37.916 [main] DEBUG o.s.c.i.s.PathMatchingResourcePatternResolver - Looking for matching resources in jar file [file:/home/aluno/.m2/repository/org/springframework/data/spring-data-keyvalue/1.0.0.M1/spring-data-keyvalue-1.0.0.M1.jar]
16:37:37.917 [main] DEBUG o.s.c.i.s.PathMatchingResourcePatternResolver - Resolved location pattern [classpath*:org/springframework/data/**/repository/support/**/*.class] to resources [file [/home/aluno/spring-projects/maven/spring-data-aerospike/target/test-classes/org/springframework/data/aerospike/repository/support/SimpleAerospikeRepositoryTest$5.class], file [/home/aluno/spring-projects/maven/spring-data-aerospike/target/test-classes/org/springframework/data/aerospike/repository/support/SimpleAerospikeRepositoryTest$9.class], file [/home/aluno/spring-projects/maven/spring-data-aerospike/target/test-classes/org/springframework/data/aerospike/repository/support/SimpleAerospikeRepositoryTest$4.class], file [/home/aluno/spring-projects/maven/spring-data-aerospike/target/test-classes/org/springframework/data/aerospike/repository/support/AerospikeRepositoryFactoryTest.class], file [/home/aluno/spring-projects/maven/spring-data-aerospike/target/test-classes/org/springframework/data/aerospike/repository/support/SimpleAerospikeRepositoryTest.class], file [/home/aluno/spring-projects/maven/spring-data-aerospike/target/test-classes/org/springframework/data/aerospike/repository/support/SimpleAerospikeRepositoryTest$1.class], file [/home/aluno/spring-projects/maven/spring-data-aerospike/target/test-classes/org/springframework/data/aerospike/repository/support/SimpleAerospikeRepositoryTest$3.class], file [/home/aluno/spring-projects/maven/spring-data-aerospike/target/test-classes/org/springframework/data/aerospike/repository/support/SimpleAerospikeRepositoryTest$8.class], file [/home/aluno/spring-projects/maven/spring-data-aerospike/target/test-classes/org/springframework/data/aerospike/repository/support/SimpleAerospikeRepositoryTest$6.class], file [/home/aluno/spring-projects/maven/spring-data-aerospike/target/test-classes/org/springframework/data/aerospike/repository/support/SimpleAerospikeRepositoryTest$2.class], file [/home/aluno/spring-projects/maven/spring-data-aerospike/target/test-classes/org/springframework/data/aerospike/repository/support/AllTests.class], file [/home/aluno/spring-projects/maven/spring-data-aerospike/target/test-classes/org/springframework/data/aerospike/repository/support/SimpleAerospikeRepositoryTest$7.class], file [/home/aluno/spring-projects/maven/spring-data-aerospike/target/classes/org/springframework/data/aerospike/repository/support/AerospikeRepositoryFactoryBean.class], file [/home/aluno/spring-projects/maven/spring-data-aerospike/target/classes/org/springframework/data/aerospike/repository/support/AerospikeRepositoryFactory$AerospikeQueryLookupStrategy.class], file [/home/aluno/spring-projects/maven/spring-data-aerospike/target/classes/org/springframework/data/aerospike/repository/support/AerospikeRepositoryFactory.class], file [/home/aluno/spring-projects/maven/spring-data-aerospike/target/classes/org/springframework/data/aerospike/repository/support/SimpleAerospikeRepository.class], URL [jar:file:/home/aluno/.m2/repository/org/springframework/data/spring-data-commons/1.11.0.RELEASE/spring-data-commons-1.11.0.RELEASE.jar!/org/springframework/data/repository/support/DomainClassConverter$ConversionMatchAbbreviationException.class], URL [jar:file:/home/aluno/.m2/repository/org/springframework/data/spring-data-commons/1.11.0.RELEASE/spring-data-commons-1.11.0.RELEASE.jar!/org/springframework/data/repository/support/DomainClassConverter$ToIdConverter.class], URL [jar:file:/home/aluno/.m2/repository/org/springframework/data/spring-data-commons/1.11.0.RELEASE/spring-data-commons-1.11.0.RELEASE.jar!/org/springframework/data/repository/support/Repositories$EmptyRepositoryFactoryInformation.class], URL [jar:file:/home/aluno/.m2/repository/org/springframework/data/spring-data-commons/1.11.0.RELEASE/spring-data-commons-1.11.0.RELEASE.jar!/org/springframework/data/repository/support/PagingAndSortingRepositoryInvoker.class], URL [jar:file:/home/aluno/.m2/repository/org/springframework/data/spring-data-commons/1.11.0.RELEASE/spring-data-commons-1.11.0.RELEASE.jar!/org/springframework/data/repository/support/QueryMethodParameterConversionException.class], URL [jar:file:/home/aluno/.m2/repository/org/springframework/data/spring-data-commons/1.11.0.RELEASE/spring-data-commons-1.11.0.RELEASE.jar!/org/springframework/data/repository/support/MethodParameters.class], URL [jar:file:/home/aluno/.m2/repository/org/springframework/data/spring-data-commons/1.11.0.RELEASE/spring-data-commons-1.11.0.RELEASE.jar!/org/springframework/data/repository/support/RepositoryInvoker.class], URL [jar:file:/home/aluno/.m2/repository/org/springframework/data/spring-data-commons/1.11.0.RELEASE/spring-data-commons-1.11.0.RELEASE.jar!/org/springframework/data/repository/support/RepositoryInvokerFactory.class], URL [jar:file:/home/aluno/.m2/repository/org/springframework/data/spring-data-commons/1.11.0.RELEASE/spring-data-commons-1.11.0.RELEASE.jar!/org/springframework/data/repository/support/DomainClassPropertyEditorRegistrar.class], URL [jar:file:/home/aluno/.m2/repository/org/springframework/data/spring-data-commons/1.11.0.RELEASE/spring-data-commons-1.11.0.RELEASE.jar!/org/springframework/data/repository/support/AnnotationAttribute.class], URL [jar:file:/home/aluno/.m2/repository/org/springframework/data/spring-data-commons/1.11.0.RELEASE/spring-data-commons-1.11.0.RELEASE.jar!/org/springframework/data/repository/support/DefaultRepositoryInvokerFactory.class], URL [jar:file:/home/aluno/.m2/repository/org/springframework/data/spring-data-commons/1.11.0.RELEASE/spring-data-commons-1.11.0.RELEASE.jar!/org/springframework/data/repository/support/MethodParameters$AnnotationNamingMethodParameter.class], URL [jar:file:/home/aluno/.m2/repository/org/springframework/data/spring-data-commons/1.11.0.RELEASE/spring-data-commons-1.11.0.RELEASE.jar!/org/springframework/data/repository/support/CrudRepositoryInvoker.class], URL [jar:file:/home/aluno/.m2/repository/org/springframework/data/spring-data-commons/1.11.0.RELEASE/spring-data-commons-1.11.0.RELEASE.jar!/org/springframework/data/repository/support/Repositories.class], URL [jar:file:/home/aluno/.m2/repository/org/springframework/data/spring-data-commons/1.11.0.RELEASE/spring-data-commons-1.11.0.RELEASE.jar!/org/springframework/data/repository/support/DomainClassConverter$ToEntityConverter.class], URL [jar:file:/home/aluno/.m2/repository/org/springframework/data/spring-data-commons/1.11.0.RELEASE/spring-data-commons-1.11.0.RELEASE.jar!/org/springframework/data/repository/support/ReflectionRepositoryInvoker.class], URL [jar:file:/home/aluno/.m2/repository/org/springframework/data/spring-data-commons/1.11.0.RELEASE/spring-data-commons-1.11.0.RELEASE.jar!/org/springframework/data/repository/support/DomainClassPropertyEditor.class], URL [jar:file:/home/aluno/.m2/repository/org/springframework/data/spring-data-commons/1.11.0.RELEASE/spring-data-commons-1.11.0.RELEASE.jar!/org/springframework/data/repository/support/DomainClassConverter.class], URL [jar:file:/home/aluno/.m2/repository/org/springframework/data/spring-data-commons/1.11.0.RELEASE/spring-data-commons-1.11.0.RELEASE.jar!/org/springframework/data/repository/support/DomainClassConverter$1.class], URL [jar:file:/home/aluno/.m2/repository/org/springframework/data/spring-data-commons/1.11.0.RELEASE/spring-data-commons-1.11.0.RELEASE.jar!/org/springframework/data/repository/support/RepositoryInvocationInformation.class], URL [jar:file:/home/aluno/.m2/repository/org/springframework/data/spring-data-keyvalue/1.0.0.M1/spring-data-keyvalue-1.0.0.M1.jar!/org/springframework/data/keyvalue/repository/support/KeyValueRepositoryFactory$KeyValueQueryLookupStrategy.class], URL [jar:file:/home/aluno/.m2/repository/org/springframework/data/spring-data-keyvalue/1.0.0.M1/spring-data-keyvalue-1.0.0.M1.jar!/org/springframework/data/keyvalue/repository/support/QuerydslKeyValueRepository.class], URL [jar:file:/home/aluno/.m2/repository/org/springframework/data/spring-data-keyvalue/1.0.0.M1/spring-data-keyvalue-1.0.0.M1.jar!/org/springframework/data/keyvalue/repository/support/KeyValueRepositoryFactoryBean.class], URL [jar:file:/home/aluno/.m2/repository/org/springframework/data/spring-data-keyvalue/1.0.0.M1/spring-data-keyvalue-1.0.0.M1.jar!/org/springframework/data/keyvalue/repository/support/KeyValueQuerydslUtils$1.class], URL [jar:file:/home/aluno/.m2/repository/org/springframework/data/spring-data-keyvalue/1.0.0.M1/spring-data-keyvalue-1.0.0.M1.jar!/org/springframework/data/keyvalue/repository/support/KeyValueQuerydslUtils.class], URL [jar:file:/home/aluno/.m2/repository/org/springframework/data/spring-data-keyvalue/1.0.0.M1/spring-data-keyvalue-1.0.0.M1.jar!/org/springframework/data/keyvalue/repository/support/KeyValueRepositoryFactory.class], URL [jar:file:/home/aluno/.m2/repository/org/springframework/data/spring-data-keyvalue/1.0.0.M1/spring-data-keyvalue-1.0.0.M1.jar!/org/springframework/data/keyvalue/repository/support/SimpleKeyValueRepository.class]]
16:37:37.918 [main] DEBUG o.s.c.a.ClassPathScanningCandidateComponentProvider - Identified candidate component class: file [/home/aluno/spring-projects/maven/spring-data-aerospike/target/classes/org/springframework/data/aerospike/repository/support/AerospikeRepositoryFactory.class]
16:37:37.923 [main] DEBUG o.s.c.a.ClassPathScanningCandidateComponentProvider - Identified candidate component class: URL [jar:file:/home/aluno/.m2/repository/org/springframework/data/spring-data-keyvalue/1.0.0.M1/spring-data-keyvalue-1.0.0.M1.jar!/org/springframework/data/keyvalue/repository/support/KeyValueRepositoryFactory.class]
16:37:37.923 [main] DEBUG o.s.d.r.c.RepositoryConfigurationDelegate - Multiple Spring Data modules found, entering strict repository configuration mode!
16:37:37.923 [main] DEBUG o.s.core.env.StandardEnvironment - Adding [systemProperties] PropertySource with lowest search precedence
16:37:37.923 [main] DEBUG o.s.core.env.StandardEnvironment - Adding [systemEnvironment] PropertySource with lowest search precedence
16:37:37.923 [main] DEBUG o.s.core.env.StandardEnvironment - Initialized StandardEnvironment with PropertySources [systemProperties,systemEnvironment]
16:37:37.924 [main] DEBUG o.s.c.i.s.PathMatchingResourcePatternResolver - Looking for matching resources in directory tree [/home/aluno/spring-projects/maven/spring-data-aerospike/target/test-classes/org/springframework/data/aerospike/repository]
16:37:37.924 [main] DEBUG o.s.c.i.s.PathMatchingResourcePatternResolver - Searching directory [/home/aluno/spring-projects/maven/spring-data-aerospike/target/test-classes/org/springframework/data/aerospike/repository] for files matching pattern [/home/aluno/spring-projects/maven/spring-data-aerospike/target/test-classes/org/springframework/data/aerospike/repository/**/*.class]
16:37:37.924 [main] DEBUG o.s.c.i.s.PathMatchingResourcePatternResolver - Searching directory [/home/aluno/spring-projects/maven/spring-data-aerospike/target/test-classes/org/springframework/data/aerospike/repository/support] for files matching pattern [/home/aluno/spring-projects/maven/spring-data-aerospike/target/test-classes/org/springframework/data/aerospike/repository/**/*.class]
16:37:37.924 [main] DEBUG o.s.c.i.s.PathMatchingResourcePatternResolver - Searching directory [/home/aluno/spring-projects/maven/spring-data-aerospike/target/test-classes/org/springframework/data/aerospike/repository/query] for files matching pattern [/home/aluno/spring-projects/maven/spring-data-aerospike/target/test-classes/org/springframework/data/aerospike/repository/**/*.class]
16:37:37.924 [main] DEBUG o.s.c.i.s.PathMatchingResourcePatternResolver - Looking for matching resources in directory tree [/home/aluno/spring-projects/maven/spring-data-aerospike/target/classes/org/springframework/data/aerospike/repository]
16:37:37.924 [main] DEBUG o.s.c.i.s.PathMatchingResourcePatternResolver - Searching directory [/home/aluno/spring-projects/maven/spring-data-aerospike/target/classes/org/springframework/data/aerospike/repository] for files matching pattern [/home/aluno/spring-projects/maven/spring-data-aerospike/target/classes/org/springframework/data/aerospike/repository/**/*.class]
16:37:37.924 [main] DEBUG o.s.c.i.s.PathMatchingResourcePatternResolver - Searching directory [/home/aluno/spring-projects/maven/spring-data-aerospike/target/classes/org/springframework/data/aerospike/repository/support] for files matching pattern [/home/aluno/spring-projects/maven/spring-data-aerospike/target/classes/org/springframework/data/aerospike/repository/**/*.class]
16:37:37.924 [main] DEBUG o.s.c.i.s.PathMatchingResourcePatternResolver - Searching directory [/home/aluno/spring-projects/maven/spring-data-aerospike/target/classes/org/springframework/data/aerospike/repository/config] for files matching pattern [/home/aluno/spring-projects/maven/spring-data-aerospike/target/classes/org/springframework/data/aerospike/repository/**/*.class]
16:37:37.924 [main] DEBUG o.s.c.i.s.PathMatchingResourcePatternResolver - Searching directory [/home/aluno/spring-projects/maven/spring-data-aerospike/target/classes/org/springframework/data/aerospike/repository/query] for files matching pattern [/home/aluno/spring-projects/maven/spring-data-aerospike/target/classes/org/springframework/data/aerospike/repository/**/*.class]
16:37:37.925 [main] DEBUG o.s.c.i.s.PathMatchingResourcePatternResolver - Resolved location pattern [classpath*:org/springframework/data/aerospike/repository/**/*.class] to resources [file [/home/aluno/spring-projects/maven/spring-data-aerospike/target/test-classes/org/springframework/data/aerospike/repository/Credentials.class], file [/home/aluno/spring-projects/maven/spring-data-aerospike/target/test-classes/org/springframework/data/aerospike/repository/AbstractPersonRepositoryIntegrationTests$1.class], file [/home/aluno/spring-projects/maven/spring-data-aerospike/target/test-classes/org/springframework/data/aerospike/repository/PersonRepository.class], file [/home/aluno/spring-projects/maven/spring-data-aerospike/target/test-classes/org/springframework/data/aerospike/repository/TestConfigPerson.class], file [/home/aluno/spring-projects/maven/spring-data-aerospike/target/test-classes/org/springframework/data/aerospike/repository/Address.class], file [/home/aluno/spring-projects/maven/spring-data-aerospike/target/test-classes/org/springframework/data/aerospike/repository/Person$Sex.class], file [/home/aluno/spring-projects/maven/spring-data-aerospike/target/test-classes/org/springframework/data/aerospike/repository/Person.class], file [/home/aluno/spring-projects/maven/spring-data-aerospike/target/test-classes/org/springframework/data/aerospike/repository/ContactRepository.class], file [/home/aluno/spring-projects/maven/spring-data-aerospike/target/test-classes/org/springframework/data/aerospike/repository/AbstractPersonRepositoryIntegrationTests.class], file [/home/aluno/spring-projects/maven/spring-data-aerospike/target/test-classes/org/springframework/data/aerospike/repository/User.class], file [/home/aluno/spring-projects/maven/spring-data-aerospike/target/test-classes/org/springframework/data/aerospike/repository/CustomerRepositoriesIntegrationTests$Config.class], file [/home/aluno/spring-projects/maven/spring-data-aerospike/target/test-classes/org/springframework/data/aerospike/repository/AnnotatedPerson.class], file [/home/aluno/spring-projects/maven/spring-data-aerospike/target/test-classes/org/springframework/data/aerospike/repository/support/SimpleAerospikeRepositoryTest$5.class], file [/home/aluno/spring-projects/maven/spring-data-aerospike/target/test-classes/org/springframework/data/aerospike/repository/support/SimpleAerospikeRepositoryTest$9.class], file [/home/aluno/spring-projects/maven/spring-data-aerospike/target/test-classes/org/springframework/data/aerospike/repository/support/SimpleAerospikeRepositoryTest$4.class], file [/home/aluno/spring-projects/maven/spring-data-aerospike/target/test-classes/org/springframework/data/aerospike/repository/support/AerospikeRepositoryFactoryTest.class], file [/home/aluno/spring-projects/maven/spring-data-aerospike/target/test-classes/org/springframework/data/aerospike/repository/support/SimpleAerospikeRepositoryTest.class], file [/home/aluno/spring-projects/maven/spring-data-aerospike/target/test-classes/org/springframework/data/aerospike/repository/support/SimpleAerospikeRepositoryTest$1.class], file [/home/aluno/spring-projects/maven/spring-data-aerospike/target/test-classes/org/springframework/data/aerospike/repository/support/SimpleAerospikeRepositoryTest$3.class], file [/home/aluno/spring-projects/maven/spring-data-aerospike/target/test-classes/org/springframework/data/aerospike/repository/support/SimpleAerospikeRepositoryTest$8.class], file [/home/aluno/spring-projects/maven/spring-data-aerospike/target/test-classes/org/springframework/data/aerospike/repository/support/SimpleAerospikeRepositoryTest$6.class], file [/home/aluno/spring-projects/maven/spring-data-aerospike/target/test-classes/org/springframework/data/aerospike/repository/support/SimpleAerospikeRepositoryTest$2.class], file [/home/aluno/spring-projects/maven/spring-data-aerospike/target/test-classes/org/springframework/data/aerospike/repository/support/AllTests.class], file [/home/aluno/spring-projects/maven/spring-data-aerospike/target/test-classes/org/springframework/data/aerospike/repository/support/SimpleAerospikeRepositoryTest$7.class], file [/home/aluno/spring-projects/maven/spring-data-aerospike/target/test-classes/org/springframework/data/aerospike/repository/Contact.class], file [/home/aluno/spring-projects/maven/spring-data-aerospike/target/test-classes/org/springframework/data/aerospike/repository/AllTests.class], file [/home/aluno/spring-projects/maven/spring-data-aerospike/target/test-classes/org/springframework/data/aerospike/repository/PersonRepositoryIntegrationTests.class], file [/home/aluno/spring-projects/maven/spring-data-aerospike/target/test-classes/org/springframework/data/aerospike/repository/query/StubParameterAccessor.class], file [/home/aluno/spring-projects/maven/spring-data-aerospike/target/test-classes/org/springframework/data/aerospike/repository/query/AllTests.class], file [/home/aluno/spring-projects/maven/spring-data-aerospike/target/test-classes/org/springframework/data/aerospike/repository/query/AerospikePartTreeQueryTest.class], file [/home/aluno/spring-projects/maven/spring-data-aerospike/target/test-classes/org/springframework/data/aerospike/repository/CustomerRepositoriesIntegrationTests.class], file [/home/aluno/spring-projects/maven/spring-data-aerospike/target/classes/org/springframework/data/aerospike/repository/AerospikeRepository.class], file [/home/aluno/spring-projects/maven/spring-data-aerospike/target/classes/org/springframework/data/aerospike/repository/support/AerospikeRepositoryFactoryBean.class], file [/home/aluno/spring-projects/maven/spring-data-aerospike/target/classes/org/springframework/data/aerospike/repository/support/AerospikeRepositoryFactory$AerospikeQueryLookupStrategy.class], file [/home/aluno/spring-projects/maven/spring-data-aerospike/target/classes/org/springframework/data/aerospike/repository/support/AerospikeRepositoryFactory.class], file [/home/aluno/spring-projects/maven/spring-data-aerospike/target/classes/org/springframework/data/aerospike/repository/support/SimpleAerospikeRepository.class], file [/home/aluno/spring-projects/maven/spring-data-aerospike/target/classes/org/springframework/data/aerospike/repository/config/AerospikeRepositoriesRegistrar.class], file [/home/aluno/spring-projects/maven/spring-data-aerospike/target/classes/org/springframework/data/aerospike/repository/config/EnableAerospikeRepositories.class], file [/home/aluno/spring-projects/maven/spring-data-aerospike/target/classes/org/springframework/data/aerospike/repository/config/AerospikeRepositoriesRegistrar$1.class], file [/home/aluno/spring-projects/maven/spring-data-aerospike/target/classes/org/springframework/data/aerospike/repository/config/AerospikeRepositoriesRegistrar$AerospikeRepositoryConfigurationExtension.class], file [/home/aluno/spring-projects/maven/spring-data-aerospike/target/classes/org/springframework/data/aerospike/repository/query/AerospikeParameterAccessor.class], file [/home/aluno/spring-projects/maven/spring-data-aerospike/target/classes/org/springframework/data/aerospike/repository/query/Query.class], file [/home/aluno/spring-projects/maven/spring-data-aerospike/target/classes/org/springframework/data/aerospike/repository/query/ConvertingParameterAccessor.class], file [/home/aluno/spring-projects/maven/spring-data-aerospike/target/classes/org/springframework/data/aerospike/repository/query/AerospikeQueryCreator$1.class], file [/home/aluno/spring-projects/maven/spring-data-aerospike/target/classes/org/springframework/data/aerospike/repository/query/CriteriaDefinition.class], file [/home/aluno/spring-projects/maven/spring-data-aerospike/target/classes/org/springframework/data/aerospike/repository/query/TextCriteria.class], file [/home/aluno/spring-projects/maven/spring-data-aerospike/target/classes/org/springframework/data/aerospike/repository/query/Criteria.class], file [/home/aluno/spring-projects/maven/spring-data-aerospike/target/classes/org/springframework/data/aerospike/repository/query/AerospikePartTreeQuery.class], file [/home/aluno/spring-projects/maven/spring-data-aerospike/target/classes/org/springframework/data/aerospike/repository/query/AerospikeQueryCreator.class]]
16:37:37.925 [main] DEBUG o.s.d.r.c.RepositoryComponentProvider - Identified candidate component class: file [/home/aluno/spring-projects/maven/spring-data-aerospike/target/test-classes/org/springframework/data/aerospike/repository/PersonRepository.class]
16:37:37.926 [main] DEBUG o.s.d.r.c.RepositoryComponentProvider - Identified candidate component class: file [/home/aluno/spring-projects/maven/spring-data-aerospike/target/test-classes/org/springframework/data/aerospike/repository/ContactRepository.class]
16:37:37.933 [main] DEBUG o.s.core.env.StandardEnvironment - Adding [systemProperties] PropertySource with lowest search precedence
16:37:37.933 [main] DEBUG o.s.core.env.StandardEnvironment - Adding [systemEnvironment] PropertySource with lowest search precedence
16:37:37.933 [main] DEBUG o.s.core.env.StandardEnvironment - Initialized StandardEnvironment with PropertySources [systemProperties,systemEnvironment]
16:37:37.934 [main] DEBUG o.s.c.i.s.PathMatchingResourcePatternResolver - Looking for matching resources in directory tree [/home/aluno/spring-projects/maven/spring-data-aerospike/target/test-classes/org/springframework/data/aerospike/repository]
16:37:37.934 [main] DEBUG o.s.c.i.s.PathMatchingResourcePatternResolver - Searching directory [/home/aluno/spring-projects/maven/spring-data-aerospike/target/test-classes/org/springframework/data/aerospike/repository] for files matching pattern [/home/aluno/spring-projects/maven/spring-data-aerospike/target/test-classes/org/springframework/data/aerospike/repository/**/*ContactRepositoryImpl.class]
16:37:37.934 [main] DEBUG o.s.c.i.s.PathMatchingResourcePatternResolver - Searching directory [/home/aluno/spring-projects/maven/spring-data-aerospike/target/test-classes/org/springframework/data/aerospike/repository/support] for files matching pattern [/home/aluno/spring-projects/maven/spring-data-aerospike/target/test-classes/org/springframework/data/aerospike/repository/**/*ContactRepositoryImpl.class]
16:37:37.934 [main] DEBUG o.s.c.i.s.PathMatchingResourcePatternResolver - Searching directory [/home/aluno/spring-projects/maven/spring-data-aerospike/target/test-classes/org/springframework/data/aerospike/repository/query] for files matching pattern [/home/aluno/spring-projects/maven/spring-data-aerospike/target/test-classes/org/springframework/data/aerospike/repository/**/*ContactRepositoryImpl.class]
16:37:37.934 [main] DEBUG o.s.c.i.s.PathMatchingResourcePatternResolver - Looking for matching resources in directory tree [/home/aluno/spring-projects/maven/spring-data-aerospike/target/classes/org/springframework/data/aerospike/repository]
16:37:37.934 [main] DEBUG o.s.c.i.s.PathMatchingResourcePatternResolver - Searching directory [/home/aluno/spring-projects/maven/spring-data-aerospike/target/classes/org/springframework/data/aerospike/repository] for files matching pattern [/home/aluno/spring-projects/maven/spring-data-aerospike/target/classes/org/springframework/data/aerospike/repository/**/*ContactRepositoryImpl.class]
16:37:37.934 [main] DEBUG o.s.c.i.s.PathMatchingResourcePatternResolver - Searching directory [/home/aluno/spring-projects/maven/spring-data-aerospike/target/classes/org/springframework/data/aerospike/repository/support] for files matching pattern [/home/aluno/spring-projects/maven/spring-data-aerospike/target/classes/org/springframework/data/aerospike/repository/**/*ContactRepositoryImpl.class]
16:37:37.934 [main] DEBUG o.s.c.i.s.PathMatchingResourcePatternResolver - Searching directory [/home/aluno/spring-projects/maven/spring-data-aerospike/target/classes/org/springframework/data/aerospike/repository/config] for files matching pattern [/home/aluno/spring-projects/maven/spring-data-aerospike/target/classes/org/springframework/data/aerospike/repository/**/*ContactRepositoryImpl.class]
16:37:37.934 [main] DEBUG o.s.c.i.s.PathMatchingResourcePatternResolver - Searching directory [/home/aluno/spring-projects/maven/spring-data-aerospike/target/classes/org/springframework/data/aerospike/repository/query] for files matching pattern [/home/aluno/spring-projects/maven/spring-data-aerospike/target/classes/org/springframework/data/aerospike/repository/**/*ContactRepositoryImpl.class]
16:37:37.934 [main] DEBUG o.s.c.i.s.PathMatchingResourcePatternResolver - Resolved location pattern [classpath*:org/springframework/data/aerospike/repository/**/*ContactRepositoryImpl.class] to resources []
16:37:37.935 [main] DEBUG o.s.d.r.c.RepositoryConfigurationDelegate - Spring Data Aerospike - Registering repository: contactRepository - Interface: org.springframework.data.aerospike.repository.ContactRepository - Factory: org.springframework.data.keyvalue.repository.support.KeyValueRepositoryFactoryBean
16:37:37.935 [main] DEBUG o.s.core.env.StandardEnvironment - Adding [systemProperties] PropertySource with lowest search precedence
16:37:37.935 [main] DEBUG o.s.core.env.StandardEnvironment - Adding [systemEnvironment] PropertySource with lowest search precedence
16:37:37.935 [main] DEBUG o.s.core.env.StandardEnvironment - Initialized StandardEnvironment with PropertySources [systemProperties,systemEnvironment]
16:37:37.935 [main] DEBUG o.s.c.i.s.PathMatchingResourcePatternResolver - Looking for matching resources in directory tree [/home/aluno/spring-projects/maven/spring-data-aerospike/target/test-classes/org/springframework/data/aerospike/repository]
16:37:37.935 [main] DEBUG o.s.c.i.s.PathMatchingResourcePatternResolver - Searching directory [/home/aluno/spring-projects/maven/spring-data-aerospike/target/test-classes/org/springframework/data/aerospike/repository] for files matching pattern [/home/aluno/spring-projects/maven/spring-data-aerospike/target/test-classes/org/springframework/data/aerospike/repository/**/*PersonRepositoryImpl.class]
16:37:37.935 [main] DEBUG o.s.c.i.s.PathMatchingResourcePatternResolver - Searching directory [/home/aluno/spring-projects/maven/spring-data-aerospike/target/test-classes/org/springframework/data/aerospike/repository/support] for files matching pattern [/home/aluno/spring-projects/maven/spring-data-aerospike/target/test-classes/org/springframework/data/aerospike/repository/**/*PersonRepositoryImpl.class]
16:37:37.935 [main] DEBUG o.s.c.i.s.PathMatchingResourcePatternResolver - Searching directory [/home/aluno/spring-projects/maven/spring-data-aerospike/target/test-classes/org/springframework/data/aerospike/repository/query] for files matching pattern [/home/aluno/spring-projects/maven/spring-data-aerospike/target/test-classes/org/springframework/data/aerospike/repository/**/*PersonRepositoryImpl.class]
16:37:37.935 [main] DEBUG o.s.c.i.s.PathMatchingResourcePatternResolver - Looking for matching resources in directory tree [/home/aluno/spring-projects/maven/spring-data-aerospike/target/classes/org/springframework/data/aerospike/repository]
16:37:37.935 [main] DEBUG o.s.c.i.s.PathMatchingResourcePatternResolver - Searching directory [/home/aluno/spring-projects/maven/spring-data-aerospike/target/classes/org/springframework/data/aerospike/repository] for files matching pattern [/home/aluno/spring-projects/maven/spring-data-aerospike/target/classes/org/springframework/data/aerospike/repository/**/*PersonRepositoryImpl.class]
16:37:37.936 [main] DEBUG o.s.c.i.s.PathMatchingResourcePatternResolver - Searching directory [/home/aluno/spring-projects/maven/spring-data-aerospike/target/classes/org/springframework/data/aerospike/repository/support] for files matching pattern [/home/aluno/spring-projects/maven/spring-data-aerospike/target/classes/org/springframework/data/aerospike/repository/**/*PersonRepositoryImpl.class]
16:37:37.936 [main] DEBUG o.s.c.i.s.PathMatchingResourcePatternResolver - Searching directory [/home/aluno/spring-projects/maven/spring-data-aerospike/target/classes/org/springframework/data/aerospike/repository/config] for files matching pattern [/home/aluno/spring-projects/maven/spring-data-aerospike/target/classes/org/springframework/data/aerospike/repository/**/*PersonRepositoryImpl.class]
16:37:37.936 [main] DEBUG o.s.c.i.s.PathMatchingResourcePatternResolver - Searching directory [/home/aluno/spring-projects/maven/spring-data-aerospike/target/classes/org/springframework/data/aerospike/repository/query] for files matching pattern [/home/aluno/spring-projects/maven/spring-data-aerospike/target/classes/org/springframework/data/aerospike/repository/**/*PersonRepositoryImpl.class]
16:37:37.936 [main] DEBUG o.s.c.i.s.PathMatchingResourcePatternResolver - Resolved location pattern [classpath*:org/springframework/data/aerospike/repository/**/*PersonRepositoryImpl.class] to resources []
16:37:37.936 [main] DEBUG o.s.d.r.c.RepositoryConfigurationDelegate - Spring Data Aerospike - Registering repository: personRepository - Interface: org.springframework.data.aerospike.repository.PersonRepository - Factory: org.springframework.data.keyvalue.repository.support.KeyValueRepositoryFactoryBean
16:37:37.936 [main] DEBUG o.s.c.a.ConfigurationClassEnhancer - Successfully enhanced org.springframework.data.aerospike.repository.TestConfigPerson; enhanced class name is: org.springframework.data.aerospike.repository.TestConfigPerson$$EnhancerBySpringCGLIB$$3f27a8da
16:37:37.937 [main] DEBUG o.s.c.a.ConfigurationClassPostProcessor - Replacing bean definition 'testConfigPerson' existing class name 'org.springframework.data.aerospike.repository.TestConfigPerson' with enhanced class name 'org.springframework.data.aerospike.repository.TestConfigPerson$$EnhancerBySpringCGLIB$$3f27a8da'
16:37:37.937 [main] DEBUG o.s.b.f.s.DefaultListableBeanFactory - Creating shared instance of singleton bean 'org.springframework.context.annotation.internalAutowiredAnnotationProcessor'
16:37:37.937 [main] DEBUG o.s.b.f.s.DefaultListableBeanFactory - Creating instance of bean 'org.springframework.context.annotation.internalAutowiredAnnotationProcessor'
16:37:37.937 [main] DEBUG o.s.b.f.s.DefaultListableBeanFactory - Eagerly caching bean 'org.springframework.context.annotation.internalAutowiredAnnotationProcessor' to allow for resolving potential circular references
16:37:37.937 [main] DEBUG o.s.b.f.s.DefaultListableBeanFactory - Finished creating instance of bean 'org.springframework.context.annotation.internalAutowiredAnnotationProcessor'
16:37:37.937 [main] DEBUG o.s.b.f.s.DefaultListableBeanFactory - Creating shared instance of singleton bean 'org.springframework.context.annotation.internalRequiredAnnotationProcessor'
16:37:37.937 [main] DEBUG o.s.b.f.s.DefaultListableBeanFactory - Creating instance of bean 'org.springframework.context.annotation.internalRequiredAnnotationProcessor'
16:37:37.937 [main] DEBUG o.s.b.f.s.DefaultListableBeanFactory - Eagerly caching bean 'org.springframework.context.annotation.internalRequiredAnnotationProcessor' to allow for resolving potential circular references
16:37:37.937 [main] DEBUG o.s.b.f.s.DefaultListableBeanFactory - Finished creating instance of bean 'org.springframework.context.annotation.internalRequiredAnnotationProcessor'
16:37:37.937 [main] DEBUG o.s.b.f.s.DefaultListableBeanFactory - Creating shared instance of singleton bean 'org.springframework.context.annotation.internalCommonAnnotationProcessor'
16:37:37.937 [main] DEBUG o.s.b.f.s.DefaultListableBeanFactory - Creating instance of bean 'org.springframework.context.annotation.internalCommonAnnotationProcessor'
16:37:37.937 [main] DEBUG o.s.b.f.s.DefaultListableBeanFactory - Eagerly caching bean 'org.springframework.context.annotation.internalCommonAnnotationProcessor' to allow for resolving potential circular references
16:37:37.937 [main] DEBUG o.s.b.f.s.DefaultListableBeanFactory - Finished creating instance of bean 'org.springframework.context.annotation.internalCommonAnnotationProcessor'
16:37:37.937 [main] DEBUG o.s.b.f.s.DefaultListableBeanFactory - Creating shared instance of singleton bean 'org.springframework.context.annotation.ConfigurationClassPostProcessor.importAwareProcessor'
16:37:37.937 [main] DEBUG o.s.b.f.s.DefaultListableBeanFactory - Creating instance of bean 'org.springframework.context.annotation.ConfigurationClassPostProcessor.importAwareProcessor'
16:37:37.937 [main] DEBUG o.s.b.f.s.DefaultListableBeanFactory - Eagerly caching bean 'org.springframework.context.annotation.ConfigurationClassPostProcessor.importAwareProcessor' to allow for resolving potential circular references
16:37:37.937 [main] DEBUG o.s.b.f.s.DefaultListableBeanFactory - Finished creating instance of bean 'org.springframework.context.annotation.ConfigurationClassPostProcessor.importAwareProcessor'
16:37:37.937 [main] DEBUG o.s.b.f.s.DefaultListableBeanFactory - Creating shared instance of singleton bean 'org.springframework.context.annotation.ConfigurationClassPostProcessor.enhancedConfigurationProcessor'
16:37:37.937 [main] DEBUG o.s.b.f.s.DefaultListableBeanFactory - Creating instance of bean 'org.springframework.context.annotation.ConfigurationClassPostProcessor.enhancedConfigurationProcessor'
16:37:37.937 [main] DEBUG o.s.b.f.s.DefaultListableBeanFactory - Eagerly caching bean 'org.springframework.context.annotation.ConfigurationClassPostProcessor.enhancedConfigurationProcessor' to allow for resolving potential circular references
16:37:37.937 [main] DEBUG o.s.b.f.s.DefaultListableBeanFactory - Finished creating instance of bean 'org.springframework.context.annotation.ConfigurationClassPostProcessor.enhancedConfigurationProcessor'
16:37:37.937 [main] DEBUG o.s.b.f.s.DefaultListableBeanFactory - Creating shared instance of singleton bean 'org.springframework.data.repository.core.support.RepositoryInterfaceAwareBeanPostProcessor'
16:37:37.937 [main] DEBUG o.s.b.f.s.DefaultListableBeanFactory - Creating instance of bean 'org.springframework.data.repository.core.support.RepositoryInterfaceAwareBeanPostProcessor'
16:37:37.937 [main] DEBUG o.s.b.f.s.DefaultListableBeanFactory - Eagerly caching bean 'org.springframework.data.repository.core.support.RepositoryInterfaceAwareBeanPostProcessor' to allow for resolving potential circular references
16:37:37.937 [main] DEBUG o.s.b.f.s.DefaultListableBeanFactory - Finished creating instance of bean 'org.springframework.data.repository.core.support.RepositoryInterfaceAwareBeanPostProcessor'
16:37:37.937 [main] DEBUG o.s.c.s.GenericApplicationContext - Unable to locate MessageSource with name 'messageSource': using default [org.springframework.context.support.DelegatingMessageSource@320a8ebf]
16:37:37.937 [main] DEBUG o.s.c.s.GenericApplicationContext - Unable to locate ApplicationEventMulticaster with name 'applicationEventMulticaster': using default [org.springframework.context.event.SimpleApplicationEventMulticaster@67b100fe]
16:37:37.937 [main] DEBUG o.s.b.f.s.DefaultListableBeanFactory - Pre-instantiating singletons in org.springframework.beans.factory.support.DefaultListableBeanFactory@3e104d4b: defining beans [org.springframework.context.annotation.internalConfigurationAnnotationProcessor,org.springframework.context.annotation.internalAutowiredAnnotationProcessor,org.springframework.context.annotation.internalRequiredAnnotationProcessor,org.springframework.context.annotation.internalCommonAnnotationProcessor,testConfigPerson,org.springframework.context.annotation.ConfigurationClassPostProcessor.importAwareProcessor,org.springframework.context.annotation.ConfigurationClassPostProcessor.enhancedConfigurationProcessor,aerospikeTemplate,aerospikeClient,org.springframework.data.aerospike.repository.config.AerospikeRepositoriesRegistrar$AerospikeRepositoryConfigurationExtension#0,org.springframework.data.repository.core.support.RepositoryInterfaceAwareBeanPostProcessor,keyValueMappingContext,contactRepository,personRepository]; root of factory hierarchy
16:37:37.937 [main] DEBUG o.s.b.f.s.DefaultListableBeanFactory - Returning cached instance of singleton bean 'org.springframework.context.annotation.internalConfigurationAnnotationProcessor'
16:37:37.937 [main] DEBUG o.s.b.f.s.DefaultListableBeanFactory - Returning cached instance of singleton bean 'org.springframework.context.annotation.internalAutowiredAnnotationProcessor'
16:37:37.937 [main] DEBUG o.s.b.f.s.DefaultListableBeanFactory - Returning cached instance of singleton bean 'org.springframework.context.annotation.internalRequiredAnnotationProcessor'
16:37:37.937 [main] DEBUG o.s.b.f.s.DefaultListableBeanFactory - Returning cached instance of singleton bean 'org.springframework.context.annotation.internalCommonAnnotationProcessor'
16:37:37.937 [main] DEBUG o.s.b.f.s.DefaultListableBeanFactory - Creating shared instance of singleton bean 'testConfigPerson'
16:37:37.937 [main] DEBUG o.s.b.f.s.DefaultListableBeanFactory - Creating instance of bean 'testConfigPerson'
16:37:37.938 [main] DEBUG o.s.b.f.s.DefaultListableBeanFactory - Eagerly caching bean 'testConfigPerson' to allow for resolving potential circular references
16:37:37.938 [main] DEBUG o.s.b.f.s.DefaultListableBeanFactory - Finished creating instance of bean 'testConfigPerson'
16:37:37.938 [main] DEBUG o.s.b.f.s.DefaultListableBeanFactory - Returning cached instance of singleton bean 'org.springframework.context.annotation.ConfigurationClassPostProcessor.importAwareProcessor'
16:37:37.938 [main] DEBUG o.s.b.f.s.DefaultListableBeanFactory - Returning cached instance of singleton bean 'org.springframework.context.annotation.ConfigurationClassPostProcessor.enhancedConfigurationProcessor'
16:37:37.938 [main] DEBUG o.s.b.f.s.DefaultListableBeanFactory - Creating shared instance of singleton bean 'aerospikeTemplate'
16:37:37.938 [main] DEBUG o.s.b.f.s.DefaultListableBeanFactory - Creating instance of bean 'aerospikeTemplate'
16:37:37.938 [main] DEBUG o.s.b.f.s.DefaultListableBeanFactory - Returning cached instance of singleton bean 'testConfigPerson'
16:37:37.938 [main] DEBUG o.s.b.f.s.DefaultListableBeanFactory - Creating shared instance of singleton bean 'aerospikeClient'
16:37:37.938 [main] DEBUG o.s.b.f.s.DefaultListableBeanFactory - Creating instance of bean 'aerospikeClient'
16:37:37.938 [main] DEBUG o.s.b.f.s.DefaultListableBeanFactory - Returning cached instance of singleton bean 'testConfigPerson'
16:37:38.261 [main] INFO  o.s.d.a.r.q.AerospikeQueryCreator - AS:Add node BB98511CE0DC702 52.41.32.83:3000
16:37:38.425 [main] DEBUG o.s.d.a.r.q.AerospikeQueryCreator - AS:Node BB98511CE0DC702 52.41.32.83:3000 partition generation 1 changed.
16:37:38.762 [main] DEBUG o.s.d.a.r.q.AerospikeQueryCreator - AS:Add seed 52.41.32.83:3000
16:37:38.763 [main] DEBUG o.s.b.f.s.DefaultListableBeanFactory - Eagerly caching bean 'aerospikeClient' to allow for resolving potential circular references
16:37:38.763 [main] DEBUG o.s.b.f.s.DefaultListableBeanFactory - Finished creating instance of bean 'aerospikeClient'
16:37:41.768 [main] WARN  o.s.c.s.GenericApplicationContext - Exception encountered during context initialization - cancelling refresh attempt
org.springframework.beans.factory.BeanCreationException: Error creating bean with name 'aerospikeTemplate' defined in org.springframework.data.aerospike.repository.TestConfigPerson: Bean instantiation via factory method failed; nested exception is org.springframework.beans.BeanInstantiationException: Failed to instantiate [org.springframework.data.aerospike.core.AerospikeTemplate]: Factory method 'aerospikeTemplate' threw exception; nested exception is com.aerospike.helper.query.ClusterRefreshError: Cannot find UDF modules
	at org.springframework.beans.factory.support.ConstructorResolver.instantiateUsingFactoryMethod(ConstructorResolver.java:599) ~[spring-beans-4.1.7.RELEASE.jar:4.1.7.RELEASE]
	at org.springframework.beans.factory.support.AbstractAutowireCapableBeanFactory.instantiateUsingFactoryMethod(AbstractAutowireCapableBeanFactory.java:1119) ~[spring-beans-4.1.7.RELEASE.jar:4.1.7.RELEASE]
	at org.springframework.beans.factory.support.AbstractAutowireCapableBeanFactory.createBeanInstance(AbstractAutowireCapableBeanFactory.java:1014) ~[spring-beans-4.1.7.RELEASE.jar:4.1.7.RELEASE]
	at org.springframework.beans.factory.support.AbstractAutowireCapableBeanFactory.doCreateBean(AbstractAutowireCapableBeanFactory.java:504) ~[spring-beans-4.1.7.RELEASE.jar:4.1.7.RELEASE]
	at org.springframework.beans.factory.support.AbstractAutowireCapableBeanFactory.createBean(AbstractAutowireCapableBeanFactory.java:476) ~[spring-beans-4.1.7.RELEASE.jar:4.1.7.RELEASE]
	at org.springframework.beans.factory.support.AbstractBeanFactory$1.getObject(AbstractBeanFactory.java:303) ~[spring-beans-4.1.7.RELEASE.jar:4.1.7.RELEASE]
	at org.springframework.beans.factory.support.DefaultSingletonBeanRegistry.getSingleton(DefaultSingletonBeanRegistry.java:230) ~[spring-beans-4.1.7.RELEASE.jar:4.1.7.RELEASE]
	at org.springframework.beans.factory.support.AbstractBeanFactory.doGetBean(AbstractBeanFactory.java:299) ~[spring-beans-4.1.7.RELEASE.jar:4.1.7.RELEASE]
	at org.springframework.beans.factory.support.AbstractBeanFactory.getBean(AbstractBeanFactory.java:194) ~[spring-beans-4.1.7.RELEASE.jar:4.1.7.RELEASE]
	at org.springframework.beans.factory.support.DefaultListableBeanFactory.preInstantiateSingletons(DefaultListableBeanFactory.java:755) ~[spring-beans-4.1.7.RELEASE.jar:4.1.7.RELEASE]
	at org.springframework.context.support.AbstractApplicationContext.finishBeanFactoryInitialization(AbstractApplicationContext.java:757) ~[spring-context-4.1.7.RELEASE.jar:4.1.7.RELEASE]
	at org.springframework.context.support.AbstractApplicationContext.refresh(AbstractApplicationContext.java:480) ~[spring-context-4.1.7.RELEASE.jar:4.1.7.RELEASE]
	at org.springframework.test.context.support.AbstractGenericContextLoader.loadContext(AbstractGenericContextLoader.java:125) [spring-test-4.1.7.RELEASE.jar:4.1.7.RELEASE]
	at org.springframework.test.context.support.AbstractGenericContextLoader.loadContext(AbstractGenericContextLoader.java:60) [spring-test-4.1.7.RELEASE.jar:4.1.7.RELEASE]
	at org.springframework.test.context.support.AbstractDelegatingSmartContextLoader.delegateLoading(AbstractDelegatingSmartContextLoader.java:109) [spring-test-4.1.7.RELEASE.jar:4.1.7.RELEASE]
	at org.springframework.test.context.support.AbstractDelegatingSmartContextLoader.loadContext(AbstractDelegatingSmartContextLoader.java:261) [spring-test-4.1.7.RELEASE.jar:4.1.7.RELEASE]
	at org.springframework.test.context.DefaultCacheAwareContextLoaderDelegate.loadContextInternal(DefaultCacheAwareContextLoaderDelegate.java:68) [spring-test-4.1.7.RELEASE.jar:4.1.7.RELEASE]
	at org.springframework.test.context.DefaultCacheAwareContextLoaderDelegate.loadContext(DefaultCacheAwareContextLoaderDelegate.java:86) [spring-test-4.1.7.RELEASE.jar:4.1.7.RELEASE]
	at org.springframework.test.context.DefaultTestContext.getApplicationContext(DefaultTestContext.java:72) [spring-test-4.1.7.RELEASE.jar:4.1.7.RELEASE]
	at org.springframework.test.context.support.DependencyInjectionTestExecutionListener.injectDependencies(DependencyInjectionTestExecutionListener.java:117) [spring-test-4.1.7.RELEASE.jar:4.1.7.RELEASE]
	at org.springframework.test.context.support.DependencyInjectionTestExecutionListener.prepareTestInstance(DependencyInjectionTestExecutionListener.java:83) [spring-test-4.1.7.RELEASE.jar:4.1.7.RELEASE]
	at org.springframework.test.context.TestContextManager.prepareTestInstance(TestContextManager.java:212) [spring-test-4.1.7.RELEASE.jar:4.1.7.RELEASE]
	at org.springframework.test.context.junit4.SpringJUnit4ClassRunner.createTest(SpringJUnit4ClassRunner.java:200) [spring-test-4.1.7.RELEASE.jar:4.1.7.RELEASE]
	at org.springframework.test.context.junit4.SpringJUnit4ClassRunner$1.runReflectiveCall(SpringJUnit4ClassRunner.java:259) [spring-test-4.1.7.RELEASE.jar:4.1.7.RELEASE]
	at org.junit.internal.runners.model.ReflectiveCallable.run(ReflectiveCallable.java:12) [junit-4.12.jar:4.12]
	at org.springframework.test.context.junit4.SpringJUnit4ClassRunner.methodBlock(SpringJUnit4ClassRunner.java:261) [spring-test-4.1.7.RELEASE.jar:4.1.7.RELEASE]
	at org.springframework.test.context.junit4.SpringJUnit4ClassRunner.runChild(SpringJUnit4ClassRunner.java:219) [spring-test-4.1.7.RELEASE.jar:4.1.7.RELEASE]
	at org.springframework.test.context.junit4.SpringJUnit4ClassRunner.runChild(SpringJUnit4ClassRunner.java:83) [spring-test-4.1.7.RELEASE.jar:4.1.7.RELEASE]
	at org.junit.runners.ParentRunner$3.run(ParentRunner.java:290) [junit-4.12.jar:4.12]
	at org.junit.runners.ParentRunner$1.schedule(ParentRunner.java:71) [junit-4.12.jar:4.12]
	at org.junit.runners.ParentRunner.runChildren(ParentRunner.java:288) [junit-4.12.jar:4.12]
	at org.junit.runners.ParentRunner.access$000(ParentRunner.java:58) [junit-4.12.jar:4.12]
	at org.junit.runners.ParentRunner$2.evaluate(ParentRunner.java:268) [junit-4.12.jar:4.12]
	at org.springframework.test.context.junit4.statements.RunBeforeTestClassCallbacks.evaluate(RunBeforeTestClassCallbacks.java:61) [spring-test-4.1.7.RELEASE.jar:4.1.7.RELEASE]
	at org.springframework.test.context.junit4.statements.RunAfterTestClassCallbacks.evaluate(RunAfterTestClassCallbacks.java:68) [spring-test-4.1.7.RELEASE.jar:4.1.7.RELEASE]
	at org.junit.runners.ParentRunner.run(ParentRunner.java:363) [junit-4.12.jar:4.12]
	at org.springframework.test.context.junit4.SpringJUnit4ClassRunner.run(SpringJUnit4ClassRunner.java:163) [spring-test-4.1.7.RELEASE.jar:4.1.7.RELEASE]
	at org.junit.runners.Suite.runChild(Suite.java:128) [junit-4.12.jar:4.12]
	at org.junit.runners.Suite.runChild(Suite.java:27) [junit-4.12.jar:4.12]
	at org.junit.runners.ParentRunner$3.run(ParentRunner.java:290) [junit-4.12.jar:4.12]
	at org.junit.runners.ParentRunner$1.schedule(ParentRunner.java:71) [junit-4.12.jar:4.12]
	at org.junit.runners.ParentRunner.runChildren(ParentRunner.java:288) [junit-4.12.jar:4.12]
	at org.junit.runners.ParentRunner.access$000(ParentRunner.java:58) [junit-4.12.jar:4.12]
	at org.junit.runners.ParentRunner$2.evaluate(ParentRunner.java:268) [junit-4.12.jar:4.12]
	at org.junit.runners.ParentRunner.run(ParentRunner.java:363) [junit-4.12.jar:4.12]
	at org.apache.maven.surefire.junit4.JUnit4Provider.execute(JUnit4Provider.java:283) [surefire-junit4-2.18.1.jar:2.18.1]
	at org.apache.maven.surefire.junit4.JUnit4Provider.executeWithRerun(JUnit4Provider.java:173) [surefire-junit4-2.18.1.jar:2.18.1]
	at org.apache.maven.surefire.junit4.JUnit4Provider.executeTestSet(JUnit4Provider.java:153) [surefire-junit4-2.18.1.jar:2.18.1]
	at org.apache.maven.surefire.junit4.JUnit4Provider.invoke(JUnit4Provider.java:128) [surefire-junit4-2.18.1.jar:2.18.1]
	at org.apache.maven.surefire.booter.ForkedBooter.invokeProviderInSameClassLoader(ForkedBooter.java:203) [surefire-booter-2.18.1.jar:2.18.1]
	at org.apache.maven.surefire.booter.ForkedBooter.runSuitesInProcess(ForkedBooter.java:155) [surefire-booter-2.18.1.jar:2.18.1]
	at org.apache.maven.surefire.booter.ForkedBooter.main(ForkedBooter.java:103) [surefire-booter-2.18.1.jar:2.18.1]
Caused by: org.springframework.beans.BeanInstantiationException: Failed to instantiate [org.springframework.data.aerospike.core.AerospikeTemplate]: Factory method 'aerospikeTemplate' threw exception; nested exception is com.aerospike.helper.query.ClusterRefreshError: Cannot find UDF modules
	at org.springframework.beans.factory.support.SimpleInstantiationStrategy.instantiate(SimpleInstantiationStrategy.java:189) ~[spring-beans-4.1.7.RELEASE.jar:4.1.7.RELEASE]
	at org.springframework.beans.factory.support.ConstructorResolver.instantiateUsingFactoryMethod(ConstructorResolver.java:588) ~[spring-beans-4.1.7.RELEASE.jar:4.1.7.RELEASE]
	... 51 common frames omitted
Caused by: com.aerospike.helper.query.ClusterRefreshError: Cannot find UDF modules
	at com.aerospike.helper.query.QueryEngine.refreshModules(QueryEngine.java:678) ~[classes/:na]
	at com.aerospike.helper.query.QueryEngine.refreshCluster(QueryEngine.java:536) ~[classes/:na]
	at com.aerospike.helper.query.QueryEngine.setClient(QueryEngine.java:129) ~[classes/:na]
	at com.aerospike.helper.query.QueryEngine.<init>(QueryEngine.java:110) ~[classes/:na]
	at org.springframework.data.aerospike.core.AerospikeTemplate.<init>(AerospikeTemplate.java:132) ~[classes/:na]
	at org.springframework.data.aerospike.repository.TestConfigPerson.aerospikeTemplate(TestConfigPerson.java:38) ~[test-classes/:na]
	at org.springframework.data.aerospike.repository.TestConfigPerson$$EnhancerBySpringCGLIB$$3f27a8da.CGLIB$aerospikeTemplate$0(<generated>) ~[spring-core-4.1.7.RELEASE.jar:na]
	at org.springframework.data.aerospike.repository.TestConfigPerson$$EnhancerBySpringCGLIB$$3f27a8da$$FastClassBySpringCGLIB$$38965c5e.invoke(<generated>) ~[spring-core-4.1.7.RELEASE.jar:na]
	at org.springframework.cglib.proxy.MethodProxy.invokeSuper(MethodProxy.java:228) ~[spring-core-4.1.7.RELEASE.jar:4.1.7.RELEASE]
	at org.springframework.context.annotation.ConfigurationClassEnhancer$BeanMethodInterceptor.intercept(ConfigurationClassEnhancer.java:309) ~[spring-context-4.1.7.RELEASE.jar:4.1.7.RELEASE]
	at org.springframework.data.aerospike.repository.TestConfigPerson$$EnhancerBySpringCGLIB$$3f27a8da.aerospikeTemplate(<generated>) ~[spring-core-4.1.7.RELEASE.jar:na]
	at sun.reflect.NativeMethodAccessorImpl.invoke0(Native Method) ~[na:1.8.0_91]
	at sun.reflect.NativeMethodAccessorImpl.invoke(NativeMethodAccessorImpl.java:62) ~[na:1.8.0_91]
	at sun.reflect.DelegatingMethodAccessorImpl.invoke(DelegatingMethodAccessorImpl.java:43) ~[na:1.8.0_91]
	at java.lang.reflect.Method.invoke(Method.java:498) ~[na:1.8.0_91]
	at org.springframework.beans.factory.support.SimpleInstantiationStrategy.instantiate(SimpleInstantiationStrategy.java:162) ~[spring-beans-4.1.7.RELEASE.jar:4.1.7.RELEASE]
	... 52 common frames omitted
16:37:41.769 [main] DEBUG o.s.b.f.s.DefaultListableBeanFactory - Destroying singletons in org.springframework.beans.factory.support.DefaultListableBeanFactory@3e104d4b: defining beans [org.springframework.context.annotation.internalConfigurationAnnotationProcessor,org.springframework.context.annotation.internalAutowiredAnnotationProcessor,org.springframework.context.annotation.internalRequiredAnnotationProcessor,org.springframework.context.annotation.internalCommonAnnotationProcessor,testConfigPerson,org.springframework.context.annotation.ConfigurationClassPostProcessor.importAwareProcessor,org.springframework.context.annotation.ConfigurationClassPostProcessor.enhancedConfigurationProcessor,aerospikeTemplate,aerospikeClient,org.springframework.data.aerospike.repository.config.AerospikeRepositoriesRegistrar$AerospikeRepositoryConfigurationExtension#0,org.springframework.data.repository.core.support.RepositoryInterfaceAwareBeanPostProcessor,keyValueMappingContext,contactRepository,personRepository]; root of factory hierarchy
16:37:41.769 [main] DEBUG o.s.b.f.s.DisposableBeanAdapter - Invoking destroy method 'close' on bean with name 'aerospikeClient'
16:37:41.770 [main] ERROR o.s.test.context.TestContextManager - Caught exception while allowing TestExecutionListener [org.springframework.test.context.support.DependencyInjectionTestExecutionListener@48e7b3d2] to prepare test instance [org.springframework.data.aerospike.repository.PersonRepositoryIntegrationTests@6b3f6585]
java.lang.IllegalStateException: Failed to load ApplicationContext
	at org.springframework.test.context.DefaultCacheAwareContextLoaderDelegate.loadContext(DefaultCacheAwareContextLoaderDelegate.java:94) ~[spring-test-4.1.7.RELEASE.jar:4.1.7.RELEASE]
	at org.springframework.test.context.DefaultTestContext.getApplicationContext(DefaultTestContext.java:72) ~[spring-test-4.1.7.RELEASE.jar:4.1.7.RELEASE]
	at org.springframework.test.context.support.DependencyInjectionTestExecutionListener.injectDependencies(DependencyInjectionTestExecutionListener.java:117) ~[spring-test-4.1.7.RELEASE.jar:4.1.7.RELEASE]
	at org.springframework.test.context.support.DependencyInjectionTestExecutionListener.prepareTestInstance(DependencyInjectionTestExecutionListener.java:83) ~[spring-test-4.1.7.RELEASE.jar:4.1.7.RELEASE]
	at org.springframework.test.context.TestContextManager.prepareTestInstance(TestContextManager.java:212) ~[spring-test-4.1.7.RELEASE.jar:4.1.7.RELEASE]
	at org.springframework.test.context.junit4.SpringJUnit4ClassRunner.createTest(SpringJUnit4ClassRunner.java:200) [spring-test-4.1.7.RELEASE.jar:4.1.7.RELEASE]
	at org.springframework.test.context.junit4.SpringJUnit4ClassRunner$1.runReflectiveCall(SpringJUnit4ClassRunner.java:259) [spring-test-4.1.7.RELEASE.jar:4.1.7.RELEASE]
	at org.junit.internal.runners.model.ReflectiveCallable.run(ReflectiveCallable.java:12) [junit-4.12.jar:4.12]
	at org.springframework.test.context.junit4.SpringJUnit4ClassRunner.methodBlock(SpringJUnit4ClassRunner.java:261) [spring-test-4.1.7.RELEASE.jar:4.1.7.RELEASE]
	at org.springframework.test.context.junit4.SpringJUnit4ClassRunner.runChild(SpringJUnit4ClassRunner.java:219) [spring-test-4.1.7.RELEASE.jar:4.1.7.RELEASE]
	at org.springframework.test.context.junit4.SpringJUnit4ClassRunner.runChild(SpringJUnit4ClassRunner.java:83) [spring-test-4.1.7.RELEASE.jar:4.1.7.RELEASE]
	at org.junit.runners.ParentRunner$3.run(ParentRunner.java:290) [junit-4.12.jar:4.12]
	at org.junit.runners.ParentRunner$1.schedule(ParentRunner.java:71) [junit-4.12.jar:4.12]
	at org.junit.runners.ParentRunner.runChildren(ParentRunner.java:288) [junit-4.12.jar:4.12]
	at org.junit.runners.ParentRunner.access$000(ParentRunner.java:58) [junit-4.12.jar:4.12]
	at org.junit.runners.ParentRunner$2.evaluate(ParentRunner.java:268) [junit-4.12.jar:4.12]
	at org.springframework.test.context.junit4.statements.RunBeforeTestClassCallbacks.evaluate(RunBeforeTestClassCallbacks.java:61) [spring-test-4.1.7.RELEASE.jar:4.1.7.RELEASE]
	at org.springframework.test.context.junit4.statements.RunAfterTestClassCallbacks.evaluate(RunAfterTestClassCallbacks.java:68) [spring-test-4.1.7.RELEASE.jar:4.1.7.RELEASE]
	at org.junit.runners.ParentRunner.run(ParentRunner.java:363) [junit-4.12.jar:4.12]
	at org.springframework.test.context.junit4.SpringJUnit4ClassRunner.run(SpringJUnit4ClassRunner.java:163) [spring-test-4.1.7.RELEASE.jar:4.1.7.RELEASE]
	at org.junit.runners.Suite.runChild(Suite.java:128) [junit-4.12.jar:4.12]
	at org.junit.runners.Suite.runChild(Suite.java:27) [junit-4.12.jar:4.12]
	at org.junit.runners.ParentRunner$3.run(ParentRunner.java:290) [junit-4.12.jar:4.12]
	at org.junit.runners.ParentRunner$1.schedule(ParentRunner.java:71) [junit-4.12.jar:4.12]
	at org.junit.runners.ParentRunner.runChildren(ParentRunner.java:288) [junit-4.12.jar:4.12]
	at org.junit.runners.ParentRunner.access$000(ParentRunner.java:58) [junit-4.12.jar:4.12]
	at org.junit.runners.ParentRunner$2.evaluate(ParentRunner.java:268) [junit-4.12.jar:4.12]
	at org.junit.runners.ParentRunner.run(ParentRunner.java:363) [junit-4.12.jar:4.12]
	at org.apache.maven.surefire.junit4.JUnit4Provider.execute(JUnit4Provider.java:283) [surefire-junit4-2.18.1.jar:2.18.1]
	at org.apache.maven.surefire.junit4.JUnit4Provider.executeWithRerun(JUnit4Provider.java:173) [surefire-junit4-2.18.1.jar:2.18.1]
	at org.apache.maven.surefire.junit4.JUnit4Provider.executeTestSet(JUnit4Provider.java:153) [surefire-junit4-2.18.1.jar:2.18.1]
	at org.apache.maven.surefire.junit4.JUnit4Provider.invoke(JUnit4Provider.java:128) [surefire-junit4-2.18.1.jar:2.18.1]
	at org.apache.maven.surefire.booter.ForkedBooter.invokeProviderInSameClassLoader(ForkedBooter.java:203) [surefire-booter-2.18.1.jar:2.18.1]
	at org.apache.maven.surefire.booter.ForkedBooter.runSuitesInProcess(ForkedBooter.java:155) [surefire-booter-2.18.1.jar:2.18.1]
	at org.apache.maven.surefire.booter.ForkedBooter.main(ForkedBooter.java:103) [surefire-booter-2.18.1.jar:2.18.1]
Caused by: org.springframework.beans.factory.BeanCreationException: Error creating bean with name 'aerospikeTemplate' defined in org.springframework.data.aerospike.repository.TestConfigPerson: Bean instantiation via factory method failed; nested exception is org.springframework.beans.BeanInstantiationException: Failed to instantiate [org.springframework.data.aerospike.core.AerospikeTemplate]: Factory method 'aerospikeTemplate' threw exception; nested exception is com.aerospike.helper.query.ClusterRefreshError: Cannot find UDF modules
	at org.springframework.beans.factory.support.ConstructorResolver.instantiateUsingFactoryMethod(ConstructorResolver.java:599) ~[spring-beans-4.1.7.RELEASE.jar:4.1.7.RELEASE]
	at org.springframework.beans.factory.support.AbstractAutowireCapableBeanFactory.instantiateUsingFactoryMethod(AbstractAutowireCapableBeanFactory.java:1119) ~[spring-beans-4.1.7.RELEASE.jar:4.1.7.RELEASE]
	at org.springframework.beans.factory.support.AbstractAutowireCapableBeanFactory.createBeanInstance(AbstractAutowireCapableBeanFactory.java:1014) ~[spring-beans-4.1.7.RELEASE.jar:4.1.7.RELEASE]
	at org.springframework.beans.factory.support.AbstractAutowireCapableBeanFactory.doCreateBean(AbstractAutowireCapableBeanFactory.java:504) ~[spring-beans-4.1.7.RELEASE.jar:4.1.7.RELEASE]
	at org.springframework.beans.factory.support.AbstractAutowireCapableBeanFactory.createBean(AbstractAutowireCapableBeanFactory.java:476) ~[spring-beans-4.1.7.RELEASE.jar:4.1.7.RELEASE]
	at org.springframework.beans.factory.support.AbstractBeanFactory$1.getObject(AbstractBeanFactory.java:303) ~[spring-beans-4.1.7.RELEASE.jar:4.1.7.RELEASE]
	at org.springframework.beans.factory.support.DefaultSingletonBeanRegistry.getSingleton(DefaultSingletonBeanRegistry.java:230) ~[spring-beans-4.1.7.RELEASE.jar:4.1.7.RELEASE]
	at org.springframework.beans.factory.support.AbstractBeanFactory.doGetBean(AbstractBeanFactory.java:299) ~[spring-beans-4.1.7.RELEASE.jar:4.1.7.RELEASE]
	at org.springframework.beans.factory.support.AbstractBeanFactory.getBean(AbstractBeanFactory.java:194) ~[spring-beans-4.1.7.RELEASE.jar:4.1.7.RELEASE]
	at org.springframework.beans.factory.support.DefaultListableBeanFactory.preInstantiateSingletons(DefaultListableBeanFactory.java:755) ~[spring-beans-4.1.7.RELEASE.jar:4.1.7.RELEASE]
	at org.springframework.context.support.AbstractApplicationContext.finishBeanFactoryInitialization(AbstractApplicationContext.java:757) ~[spring-context-4.1.7.RELEASE.jar:4.1.7.RELEASE]
	at org.springframework.context.support.AbstractApplicationContext.refresh(AbstractApplicationContext.java:480) ~[spring-context-4.1.7.RELEASE.jar:4.1.7.RELEASE]
	at org.springframework.test.context.support.AbstractGenericContextLoader.loadContext(AbstractGenericContextLoader.java:125) ~[spring-test-4.1.7.RELEASE.jar:4.1.7.RELEASE]
	at org.springframework.test.context.support.AbstractGenericContextLoader.loadContext(AbstractGenericContextLoader.java:60) ~[spring-test-4.1.7.RELEASE.jar:4.1.7.RELEASE]
	at org.springframework.test.context.support.AbstractDelegatingSmartContextLoader.delegateLoading(AbstractDelegatingSmartContextLoader.java:109) ~[spring-test-4.1.7.RELEASE.jar:4.1.7.RELEASE]
	at org.springframework.test.context.support.AbstractDelegatingSmartContextLoader.loadContext(AbstractDelegatingSmartContextLoader.java:261) ~[spring-test-4.1.7.RELEASE.jar:4.1.7.RELEASE]
	at org.springframework.test.context.DefaultCacheAwareContextLoaderDelegate.loadContextInternal(DefaultCacheAwareContextLoaderDelegate.java:68) ~[spring-test-4.1.7.RELEASE.jar:4.1.7.RELEASE]
	at org.springframework.test.context.DefaultCacheAwareContextLoaderDelegate.loadContext(DefaultCacheAwareContextLoaderDelegate.java:86) ~[spring-test-4.1.7.RELEASE.jar:4.1.7.RELEASE]
	... 34 common frames omitted
Caused by: org.springframework.beans.BeanInstantiationException: Failed to instantiate [org.springframework.data.aerospike.core.AerospikeTemplate]: Factory method 'aerospikeTemplate' threw exception; nested exception is com.aerospike.helper.query.ClusterRefreshError: Cannot find UDF modules
	at org.springframework.beans.factory.support.SimpleInstantiationStrategy.instantiate(SimpleInstantiationStrategy.java:189) ~[spring-beans-4.1.7.RELEASE.jar:4.1.7.RELEASE]
	at org.springframework.beans.factory.support.ConstructorResolver.instantiateUsingFactoryMethod(ConstructorResolver.java:588) ~[spring-beans-4.1.7.RELEASE.jar:4.1.7.RELEASE]
	... 51 common frames omitted
Caused by: com.aerospike.helper.query.ClusterRefreshError: Cannot find UDF modules
	at com.aerospike.helper.query.QueryEngine.refreshModules(QueryEngine.java:678) ~[classes/:na]
	at com.aerospike.helper.query.QueryEngine.refreshCluster(QueryEngine.java:536) ~[classes/:na]
	at com.aerospike.helper.query.QueryEngine.setClient(QueryEngine.java:129) ~[classes/:na]
	at com.aerospike.helper.query.QueryEngine.<init>(QueryEngine.java:110) ~[classes/:na]
	at org.springframework.data.aerospike.core.AerospikeTemplate.<init>(AerospikeTemplate.java:132) ~[classes/:na]
	at org.springframework.data.aerospike.repository.TestConfigPerson.aerospikeTemplate(TestConfigPerson.java:38) ~[test-classes/:na]
	at org.springframework.data.aerospike.repository.TestConfigPerson$$EnhancerBySpringCGLIB$$3f27a8da.CGLIB$aerospikeTemplate$0(<generated>) ~[spring-core-4.1.7.RELEASE.jar:na]
	at org.springframework.data.aerospike.repository.TestConfigPerson$$EnhancerBySpringCGLIB$$3f27a8da$$FastClassBySpringCGLIB$$38965c5e.invoke(<generated>) ~[spring-core-4.1.7.RELEASE.jar:na]
	at org.springframework.cglib.proxy.MethodProxy.invokeSuper(MethodProxy.java:228) ~[spring-core-4.1.7.RELEASE.jar:4.1.7.RELEASE]
	at org.springframework.context.annotation.ConfigurationClassEnhancer$BeanMethodInterceptor.intercept(ConfigurationClassEnhancer.java:309) ~[spring-context-4.1.7.RELEASE.jar:4.1.7.RELEASE]
	at org.springframework.data.aerospike.repository.TestConfigPerson$$EnhancerBySpringCGLIB$$3f27a8da.aerospikeTemplate(<generated>) ~[spring-core-4.1.7.RELEASE.jar:na]
	at sun.reflect.NativeMethodAccessorImpl.invoke0(Native Method) ~[na:1.8.0_91]
	at sun.reflect.NativeMethodAccessorImpl.invoke(NativeMethodAccessorImpl.java:62) ~[na:1.8.0_91]
	at sun.reflect.DelegatingMethodAccessorImpl.invoke(DelegatingMethodAccessorImpl.java:43) ~[na:1.8.0_91]
	at java.lang.reflect.Method.invoke(Method.java:498) ~[na:1.8.0_91]
	at org.springframework.beans.factory.support.SimpleInstantiationStrategy.instantiate(SimpleInstantiationStrategy.java:162) ~[spring-beans-4.1.7.RELEASE.jar:4.1.7.RELEASE]
	... 52 common frames omitted
]]></system-out>
  </testcase>
  <testcase name="deletesPersonCorrectly" classname="org.springframework.data.aerospike.repository.PersonRepositoryIntegrationTests" time="0.001">
    <error message="Failed to load ApplicationContext" type="java.lang.IllegalStateException"><![CDATA[java.lang.IllegalStateException: Failed to load ApplicationContext
	at org.springframework.test.context.DefaultCacheAwareContextLoaderDelegate.loadContext(DefaultCacheAwareContextLoaderDelegate.java:94)
	at org.springframework.test.context.DefaultTestContext.getApplicationContext(DefaultTestContext.java:72)
	at org.springframework.test.context.support.DependencyInjectionTestExecutionListener.injectDependencies(DependencyInjectionTestExecutionListener.java:117)
	at org.springframework.test.context.support.DependencyInjectionTestExecutionListener.prepareTestInstance(DependencyInjectionTestExecutionListener.java:83)
	at org.springframework.test.context.TestContextManager.prepareTestInstance(TestContextManager.java:212)
	at org.springframework.test.context.junit4.SpringJUnit4ClassRunner.createTest(SpringJUnit4ClassRunner.java:200)
	at org.springframework.test.context.junit4.SpringJUnit4ClassRunner$1.runReflectiveCall(SpringJUnit4ClassRunner.java:259)
	at org.junit.internal.runners.model.ReflectiveCallable.run(ReflectiveCallable.java:12)
	at org.springframework.test.context.junit4.SpringJUnit4ClassRunner.methodBlock(SpringJUnit4ClassRunner.java:261)
	at org.springframework.test.context.junit4.SpringJUnit4ClassRunner.runChild(SpringJUnit4ClassRunner.java:219)
	at org.springframework.test.context.junit4.SpringJUnit4ClassRunner.runChild(SpringJUnit4ClassRunner.java:83)
	at org.junit.runners.ParentRunner$3.run(ParentRunner.java:290)
	at org.junit.runners.ParentRunner$1.schedule(ParentRunner.java:71)
	at org.junit.runners.ParentRunner.runChildren(ParentRunner.java:288)
	at org.junit.runners.ParentRunner.access$000(ParentRunner.java:58)
	at org.junit.runners.ParentRunner$2.evaluate(ParentRunner.java:268)
	at org.springframework.test.context.junit4.statements.RunBeforeTestClassCallbacks.evaluate(RunBeforeTestClassCallbacks.java:61)
	at org.springframework.test.context.junit4.statements.RunAfterTestClassCallbacks.evaluate(RunAfterTestClassCallbacks.java:68)
	at org.junit.runners.ParentRunner.run(ParentRunner.java:363)
	at org.springframework.test.context.junit4.SpringJUnit4ClassRunner.run(SpringJUnit4ClassRunner.java:163)
	at org.junit.runners.Suite.runChild(Suite.java:128)
	at org.junit.runners.Suite.runChild(Suite.java:27)
	at org.junit.runners.ParentRunner$3.run(ParentRunner.java:290)
	at org.junit.runners.ParentRunner$1.schedule(ParentRunner.java:71)
	at org.junit.runners.ParentRunner.runChildren(ParentRunner.java:288)
	at org.junit.runners.ParentRunner.access$000(ParentRunner.java:58)
	at org.junit.runners.ParentRunner$2.evaluate(ParentRunner.java:268)
	at org.junit.runners.ParentRunner.run(ParentRunner.java:363)
	at org.apache.maven.surefire.junit4.JUnit4Provider.execute(JUnit4Provider.java:283)
	at org.apache.maven.surefire.junit4.JUnit4Provider.executeWithRerun(JUnit4Provider.java:173)
	at org.apache.maven.surefire.junit4.JUnit4Provider.executeTestSet(JUnit4Provider.java:153)
	at org.apache.maven.surefire.junit4.JUnit4Provider.invoke(JUnit4Provider.java:128)
	at org.apache.maven.surefire.booter.ForkedBooter.invokeProviderInSameClassLoader(ForkedBooter.java:203)
	at org.apache.maven.surefire.booter.ForkedBooter.runSuitesInProcess(ForkedBooter.java:155)
	at org.apache.maven.surefire.booter.ForkedBooter.main(ForkedBooter.java:103)
Caused by: org.springframework.beans.factory.BeanCreationException: Error creating bean with name 'aerospikeTemplate' defined in org.springframework.data.aerospike.repository.TestConfigPerson: Bean instantiation via factory method failed; nested exception is org.springframework.beans.BeanInstantiationException: Failed to instantiate [org.springframework.data.aerospike.core.AerospikeTemplate]: Factory method 'aerospikeTemplate' threw exception; nested exception is org.springframework.beans.factory.BeanCreationException: Error creating bean with name 'aerospikeClient' defined in org.springframework.data.aerospike.repository.TestConfigPerson: Bean instantiation via factory method failed; nested exception is org.springframework.beans.BeanInstantiationException: Failed to instantiate [com.aerospike.client.AerospikeClient]: Factory method 'aerospikeClient' threw exception; nested exception is com.aerospike.client.AerospikeException$Connection: Error Code 11: Failed to connect to host(s): 
52.41.32.83:3000 Error Code 11: java.net.SocketTimeoutException: connect timed out

	at org.springframework.beans.factory.support.ConstructorResolver.instantiateUsingFactoryMethod(ConstructorResolver.java:599)
	at org.springframework.beans.factory.support.AbstractAutowireCapableBeanFactory.instantiateUsingFactoryMethod(AbstractAutowireCapableBeanFactory.java:1119)
	at org.springframework.beans.factory.support.AbstractAutowireCapableBeanFactory.createBeanInstance(AbstractAutowireCapableBeanFactory.java:1014)
	at org.springframework.beans.factory.support.AbstractAutowireCapableBeanFactory.doCreateBean(AbstractAutowireCapableBeanFactory.java:504)
	at org.springframework.beans.factory.support.AbstractAutowireCapableBeanFactory.createBean(AbstractAutowireCapableBeanFactory.java:476)
	at org.springframework.beans.factory.support.AbstractBeanFactory$1.getObject(AbstractBeanFactory.java:303)
	at org.springframework.beans.factory.support.DefaultSingletonBeanRegistry.getSingleton(DefaultSingletonBeanRegistry.java:230)
	at org.springframework.beans.factory.support.AbstractBeanFactory.doGetBean(AbstractBeanFactory.java:299)
	at org.springframework.beans.factory.support.AbstractBeanFactory.getBean(AbstractBeanFactory.java:194)
	at org.springframework.beans.factory.support.DefaultListableBeanFactory.preInstantiateSingletons(DefaultListableBeanFactory.java:755)
	at org.springframework.context.support.AbstractApplicationContext.finishBeanFactoryInitialization(AbstractApplicationContext.java:757)
	at org.springframework.context.support.AbstractApplicationContext.refresh(AbstractApplicationContext.java:480)
	at org.springframework.test.context.support.AbstractGenericContextLoader.loadContext(AbstractGenericContextLoader.java:125)
	at org.springframework.test.context.support.AbstractGenericContextLoader.loadContext(AbstractGenericContextLoader.java:60)
	at org.springframework.test.context.support.AbstractDelegatingSmartContextLoader.delegateLoading(AbstractDelegatingSmartContextLoader.java:109)
	at org.springframework.test.context.support.AbstractDelegatingSmartContextLoader.loadContext(AbstractDelegatingSmartContextLoader.java:261)
	at org.springframework.test.context.DefaultCacheAwareContextLoaderDelegate.loadContextInternal(DefaultCacheAwareContextLoaderDelegate.java:68)
	at org.springframework.test.context.DefaultCacheAwareContextLoaderDelegate.loadContext(DefaultCacheAwareContextLoaderDelegate.java:86)
	at org.springframework.test.context.DefaultTestContext.getApplicationContext(DefaultTestContext.java:72)
	at org.springframework.test.context.support.DependencyInjectionTestExecutionListener.injectDependencies(DependencyInjectionTestExecutionListener.java:117)
	at org.springframework.test.context.support.DependencyInjectionTestExecutionListener.prepareTestInstance(DependencyInjectionTestExecutionListener.java:83)
	at org.springframework.test.context.TestContextManager.prepareTestInstance(TestContextManager.java:212)
	at org.springframework.test.context.junit4.SpringJUnit4ClassRunner.createTest(SpringJUnit4ClassRunner.java:200)
	at org.springframework.test.context.junit4.SpringJUnit4ClassRunner$1.runReflectiveCall(SpringJUnit4ClassRunner.java:259)
	at org.junit.internal.runners.model.ReflectiveCallable.run(ReflectiveCallable.java:12)
	at org.springframework.test.context.junit4.SpringJUnit4ClassRunner.methodBlock(SpringJUnit4ClassRunner.java:261)
	at org.springframework.test.context.junit4.SpringJUnit4ClassRunner.runChild(SpringJUnit4ClassRunner.java:219)
	at org.springframework.test.context.junit4.SpringJUnit4ClassRunner.runChild(SpringJUnit4ClassRunner.java:83)
	at org.junit.runners.ParentRunner$3.run(ParentRunner.java:290)
	at org.junit.runners.ParentRunner$1.schedule(ParentRunner.java:71)
	at org.junit.runners.ParentRunner.runChildren(ParentRunner.java:288)
	at org.junit.runners.ParentRunner.access$000(ParentRunner.java:58)
	at org.junit.runners.ParentRunner$2.evaluate(ParentRunner.java:268)
	at org.springframework.test.context.junit4.statements.RunBeforeTestClassCallbacks.evaluate(RunBeforeTestClassCallbacks.java:61)
	at org.springframework.test.context.junit4.statements.RunAfterTestClassCallbacks.evaluate(RunAfterTestClassCallbacks.java:68)
	at org.junit.runners.ParentRunner.run(ParentRunner.java:363)
	at org.springframework.test.context.junit4.SpringJUnit4ClassRunner.run(SpringJUnit4ClassRunner.java:163)
	at org.junit.runners.Suite.runChild(Suite.java:128)
	at org.junit.runners.Suite.runChild(Suite.java:27)
	at org.junit.runners.ParentRunner$3.run(ParentRunner.java:290)
	at org.junit.runners.ParentRunner$1.schedule(ParentRunner.java:71)
	at org.junit.runners.ParentRunner.runChildren(ParentRunner.java:288)
	at org.junit.runners.ParentRunner.access$000(ParentRunner.java:58)
	at org.junit.runners.ParentRunner$2.evaluate(ParentRunner.java:268)
	at org.junit.runners.ParentRunner.run(ParentRunner.java:363)
	at org.apache.maven.surefire.junit4.JUnit4Provider.execute(JUnit4Provider.java:283)
	at org.apache.maven.surefire.junit4.JUnit4Provider.executeWithRerun(JUnit4Provider.java:173)
	at org.apache.maven.surefire.junit4.JUnit4Provider.executeTestSet(JUnit4Provider.java:153)
	at org.apache.maven.surefire.junit4.JUnit4Provider.invoke(JUnit4Provider.java:128)
	at org.apache.maven.surefire.booter.ForkedBooter.invokeProviderInSameClassLoader(ForkedBooter.java:203)
	at org.apache.maven.surefire.booter.ForkedBooter.runSuitesInProcess(ForkedBooter.java:155)
	at org.apache.maven.surefire.booter.ForkedBooter.main(ForkedBooter.java:103)
Caused by: org.springframework.beans.BeanInstantiationException: Failed to instantiate [org.springframework.data.aerospike.core.AerospikeTemplate]: Factory method 'aerospikeTemplate' threw exception; nested exception is org.springframework.beans.factory.BeanCreationException: Error creating bean with name 'aerospikeClient' defined in org.springframework.data.aerospike.repository.TestConfigPerson: Bean instantiation via factory method failed; nested exception is org.springframework.beans.BeanInstantiationException: Failed to instantiate [com.aerospike.client.AerospikeClient]: Factory method 'aerospikeClient' threw exception; nested exception is com.aerospike.client.AerospikeException$Connection: Error Code 11: Failed to connect to host(s): 
52.41.32.83:3000 Error Code 11: java.net.SocketTimeoutException: connect timed out

	at org.springframework.beans.factory.support.SimpleInstantiationStrategy.instantiate(SimpleInstantiationStrategy.java:189)
	at org.springframework.beans.factory.support.ConstructorResolver.instantiateUsingFactoryMethod(ConstructorResolver.java:588)
	at org.springframework.beans.factory.support.AbstractAutowireCapableBeanFactory.instantiateUsingFactoryMethod(AbstractAutowireCapableBeanFactory.java:1119)
	at org.springframework.beans.factory.support.AbstractAutowireCapableBeanFactory.createBeanInstance(AbstractAutowireCapableBeanFactory.java:1014)
	at org.springframework.beans.factory.support.AbstractAutowireCapableBeanFactory.doCreateBean(AbstractAutowireCapableBeanFactory.java:504)
	at org.springframework.beans.factory.support.AbstractAutowireCapableBeanFactory.createBean(AbstractAutowireCapableBeanFactory.java:476)
	at org.springframework.beans.factory.support.AbstractBeanFactory$1.getObject(AbstractBeanFactory.java:303)
	at org.springframework.beans.factory.support.DefaultSingletonBeanRegistry.getSingleton(DefaultSingletonBeanRegistry.java:230)
	at org.springframework.beans.factory.support.AbstractBeanFactory.doGetBean(AbstractBeanFactory.java:299)
	at org.springframework.beans.factory.support.AbstractBeanFactory.getBean(AbstractBeanFactory.java:194)
	at org.springframework.beans.factory.support.DefaultListableBeanFactory.preInstantiateSingletons(DefaultListableBeanFactory.java:755)
	at org.springframework.context.support.AbstractApplicationContext.finishBeanFactoryInitialization(AbstractApplicationContext.java:757)
	at org.springframework.context.support.AbstractApplicationContext.refresh(AbstractApplicationContext.java:480)
	at org.springframework.test.context.support.AbstractGenericContextLoader.loadContext(AbstractGenericContextLoader.java:125)
	at org.springframework.test.context.support.AbstractGenericContextLoader.loadContext(AbstractGenericContextLoader.java:60)
	at org.springframework.test.context.support.AbstractDelegatingSmartContextLoader.delegateLoading(AbstractDelegatingSmartContextLoader.java:109)
	at org.springframework.test.context.support.AbstractDelegatingSmartContextLoader.loadContext(AbstractDelegatingSmartContextLoader.java:261)
	at org.springframework.test.context.DefaultCacheAwareContextLoaderDelegate.loadContextInternal(DefaultCacheAwareContextLoaderDelegate.java:68)
	at org.springframework.test.context.DefaultCacheAwareContextLoaderDelegate.loadContext(DefaultCacheAwareContextLoaderDelegate.java:86)
	at org.springframework.test.context.DefaultTestContext.getApplicationContext(DefaultTestContext.java:72)
	at org.springframework.test.context.support.DependencyInjectionTestExecutionListener.injectDependencies(DependencyInjectionTestExecutionListener.java:117)
	at org.springframework.test.context.support.DependencyInjectionTestExecutionListener.prepareTestInstance(DependencyInjectionTestExecutionListener.java:83)
	at org.springframework.test.context.TestContextManager.prepareTestInstance(TestContextManager.java:212)
	at org.springframework.test.context.junit4.SpringJUnit4ClassRunner.createTest(SpringJUnit4ClassRunner.java:200)
	at org.springframework.test.context.junit4.SpringJUnit4ClassRunner$1.runReflectiveCall(SpringJUnit4ClassRunner.java:259)
	at org.junit.internal.runners.model.ReflectiveCallable.run(ReflectiveCallable.java:12)
	at org.springframework.test.context.junit4.SpringJUnit4ClassRunner.methodBlock(SpringJUnit4ClassRunner.java:261)
	at org.springframework.test.context.junit4.SpringJUnit4ClassRunner.runChild(SpringJUnit4ClassRunner.java:219)
	at org.springframework.test.context.junit4.SpringJUnit4ClassRunner.runChild(SpringJUnit4ClassRunner.java:83)
	at org.junit.runners.ParentRunner$3.run(ParentRunner.java:290)
	at org.junit.runners.ParentRunner$1.schedule(ParentRunner.java:71)
	at org.junit.runners.ParentRunner.runChildren(ParentRunner.java:288)
	at org.junit.runners.ParentRunner.access$000(ParentRunner.java:58)
	at org.junit.runners.ParentRunner$2.evaluate(ParentRunner.java:268)
	at org.springframework.test.context.junit4.statements.RunBeforeTestClassCallbacks.evaluate(RunBeforeTestClassCallbacks.java:61)
	at org.springframework.test.context.junit4.statements.RunAfterTestClassCallbacks.evaluate(RunAfterTestClassCallbacks.java:68)
	at org.junit.runners.ParentRunner.run(ParentRunner.java:363)
	at org.springframework.test.context.junit4.SpringJUnit4ClassRunner.run(SpringJUnit4ClassRunner.java:163)
	at org.junit.runners.Suite.runChild(Suite.java:128)
	at org.junit.runners.Suite.runChild(Suite.java:27)
	at org.junit.runners.ParentRunner$3.run(ParentRunner.java:290)
	at org.junit.runners.ParentRunner$1.schedule(ParentRunner.java:71)
	at org.junit.runners.ParentRunner.runChildren(ParentRunner.java:288)
	at org.junit.runners.ParentRunner.access$000(ParentRunner.java:58)
	at org.junit.runners.ParentRunner$2.evaluate(ParentRunner.java:268)
	at org.junit.runners.ParentRunner.run(ParentRunner.java:363)
	at org.apache.maven.surefire.junit4.JUnit4Provider.execute(JUnit4Provider.java:283)
	at org.apache.maven.surefire.junit4.JUnit4Provider.executeWithRerun(JUnit4Provider.java:173)
	at org.apache.maven.surefire.junit4.JUnit4Provider.executeTestSet(JUnit4Provider.java:153)
	at org.apache.maven.surefire.junit4.JUnit4Provider.invoke(JUnit4Provider.java:128)
	at org.apache.maven.surefire.booter.ForkedBooter.invokeProviderInSameClassLoader(ForkedBooter.java:203)
	at org.apache.maven.surefire.booter.ForkedBooter.runSuitesInProcess(ForkedBooter.java:155)
	at org.apache.maven.surefire.booter.ForkedBooter.main(ForkedBooter.java:103)
Caused by: org.springframework.beans.factory.BeanCreationException: Error creating bean with name 'aerospikeClient' defined in org.springframework.data.aerospike.repository.TestConfigPerson: Bean instantiation via factory method failed; nested exception is org.springframework.beans.BeanInstantiationException: Failed to instantiate [com.aerospike.client.AerospikeClient]: Factory method 'aerospikeClient' threw exception; nested exception is com.aerospike.client.AerospikeException$Connection: Error Code 11: Failed to connect to host(s): 
52.41.32.83:3000 Error Code 11: java.net.SocketTimeoutException: connect timed out

	at org.springframework.beans.factory.support.ConstructorResolver.instantiateUsingFactoryMethod(ConstructorResolver.java:599)
	at org.springframework.beans.factory.support.AbstractAutowireCapableBeanFactory.instantiateUsingFactoryMethod(AbstractAutowireCapableBeanFactory.java:1119)
	at org.springframework.beans.factory.support.AbstractAutowireCapableBeanFactory.createBeanInstance(AbstractAutowireCapableBeanFactory.java:1014)
	at org.springframework.beans.factory.support.AbstractAutowireCapableBeanFactory.doCreateBean(AbstractAutowireCapableBeanFactory.java:504)
	at org.springframework.beans.factory.support.AbstractAutowireCapableBeanFactory.createBean(AbstractAutowireCapableBeanFactory.java:476)
	at org.springframework.beans.factory.support.AbstractBeanFactory$1.getObject(AbstractBeanFactory.java:303)
	at org.springframework.beans.factory.support.DefaultSingletonBeanRegistry.getSingleton(DefaultSingletonBeanRegistry.java:230)
	at org.springframework.beans.factory.support.AbstractBeanFactory.doGetBean(AbstractBeanFactory.java:299)
	at org.springframework.beans.factory.support.AbstractBeanFactory.getBean(AbstractBeanFactory.java:194)
	at org.springframework.context.annotation.ConfigurationClassEnhancer$BeanMethodInterceptor.intercept(ConfigurationClassEnhancer.java:322)
	at org.springframework.data.aerospike.repository.TestConfigPerson$$EnhancerBySpringCGLIB$$3f27a8da.aerospikeClient(<generated>)
	at org.springframework.data.aerospike.repository.TestConfigPerson.aerospikeTemplate(TestConfigPerson.java:38)
	at org.springframework.data.aerospike.repository.TestConfigPerson$$EnhancerBySpringCGLIB$$3f27a8da.CGLIB$aerospikeTemplate$0(<generated>)
	at org.springframework.data.aerospike.repository.TestConfigPerson$$EnhancerBySpringCGLIB$$3f27a8da$$FastClassBySpringCGLIB$$38965c5e.invoke(<generated>)
	at org.springframework.cglib.proxy.MethodProxy.invokeSuper(MethodProxy.java:228)
	at org.springframework.context.annotation.ConfigurationClassEnhancer$BeanMethodInterceptor.intercept(ConfigurationClassEnhancer.java:309)
	at org.springframework.data.aerospike.repository.TestConfigPerson$$EnhancerBySpringCGLIB$$3f27a8da.aerospikeTemplate(<generated>)
	at sun.reflect.NativeMethodAccessorImpl.invoke0(Native Method)
	at sun.reflect.NativeMethodAccessorImpl.invoke(NativeMethodAccessorImpl.java:62)
	at sun.reflect.DelegatingMethodAccessorImpl.invoke(DelegatingMethodAccessorImpl.java:43)
	at java.lang.reflect.Method.invoke(Method.java:498)
	at org.springframework.beans.factory.support.SimpleInstantiationStrategy.instantiate(SimpleInstantiationStrategy.java:162)
	at org.springframework.beans.factory.support.ConstructorResolver.instantiateUsingFactoryMethod(ConstructorResolver.java:588)
	at org.springframework.beans.factory.support.AbstractAutowireCapableBeanFactory.instantiateUsingFactoryMethod(AbstractAutowireCapableBeanFactory.java:1119)
	at org.springframework.beans.factory.support.AbstractAutowireCapableBeanFactory.createBeanInstance(AbstractAutowireCapableBeanFactory.java:1014)
	at org.springframework.beans.factory.support.AbstractAutowireCapableBeanFactory.doCreateBean(AbstractAutowireCapableBeanFactory.java:504)
	at org.springframework.beans.factory.support.AbstractAutowireCapableBeanFactory.createBean(AbstractAutowireCapableBeanFactory.java:476)
	at org.springframework.beans.factory.support.AbstractBeanFactory$1.getObject(AbstractBeanFactory.java:303)
	at org.springframework.beans.factory.support.DefaultSingletonBeanRegistry.getSingleton(DefaultSingletonBeanRegistry.java:230)
	at org.springframework.beans.factory.support.AbstractBeanFactory.doGetBean(AbstractBeanFactory.java:299)
	at org.springframework.beans.factory.support.AbstractBeanFactory.getBean(AbstractBeanFactory.java:194)
	at org.springframework.beans.factory.support.DefaultListableBeanFactory.preInstantiateSingletons(DefaultListableBeanFactory.java:755)
	at org.springframework.context.support.AbstractApplicationContext.finishBeanFactoryInitialization(AbstractApplicationContext.java:757)
	at org.springframework.context.support.AbstractApplicationContext.refresh(AbstractApplicationContext.java:480)
	at org.springframework.test.context.support.AbstractGenericContextLoader.loadContext(AbstractGenericContextLoader.java:125)
	at org.springframework.test.context.support.AbstractGenericContextLoader.loadContext(AbstractGenericContextLoader.java:60)
	at org.springframework.test.context.support.AbstractDelegatingSmartContextLoader.delegateLoading(AbstractDelegatingSmartContextLoader.java:109)
	at org.springframework.test.context.support.AbstractDelegatingSmartContextLoader.loadContext(AbstractDelegatingSmartContextLoader.java:261)
	at org.springframework.test.context.DefaultCacheAwareContextLoaderDelegate.loadContextInternal(DefaultCacheAwareContextLoaderDelegate.java:68)
	at org.springframework.test.context.DefaultCacheAwareContextLoaderDelegate.loadContext(DefaultCacheAwareContextLoaderDelegate.java:86)
	at org.springframework.test.context.DefaultTestContext.getApplicationContext(DefaultTestContext.java:72)
	at org.springframework.test.context.support.DependencyInjectionTestExecutionListener.injectDependencies(DependencyInjectionTestExecutionListener.java:117)
	at org.springframework.test.context.support.DependencyInjectionTestExecutionListener.prepareTestInstance(DependencyInjectionTestExecutionListener.java:83)
	at org.springframework.test.context.TestContextManager.prepareTestInstance(TestContextManager.java:212)
	at org.springframework.test.context.junit4.SpringJUnit4ClassRunner.createTest(SpringJUnit4ClassRunner.java:200)
	at org.springframework.test.context.junit4.SpringJUnit4ClassRunner$1.runReflectiveCall(SpringJUnit4ClassRunner.java:259)
	at org.junit.internal.runners.model.ReflectiveCallable.run(ReflectiveCallable.java:12)
	at org.springframework.test.context.junit4.SpringJUnit4ClassRunner.methodBlock(SpringJUnit4ClassRunner.java:261)
	at org.springframework.test.context.junit4.SpringJUnit4ClassRunner.runChild(SpringJUnit4ClassRunner.java:219)
	at org.springframework.test.context.junit4.SpringJUnit4ClassRunner.runChild(SpringJUnit4ClassRunner.java:83)
	at org.junit.runners.ParentRunner$3.run(ParentRunner.java:290)
	at org.junit.runners.ParentRunner$1.schedule(ParentRunner.java:71)
	at org.junit.runners.ParentRunner.runChildren(ParentRunner.java:288)
	at org.junit.runners.ParentRunner.access$000(ParentRunner.java:58)
	at org.junit.runners.ParentRunner$2.evaluate(ParentRunner.java:268)
	at org.springframework.test.context.junit4.statements.RunBeforeTestClassCallbacks.evaluate(RunBeforeTestClassCallbacks.java:61)
	at org.springframework.test.context.junit4.statements.RunAfterTestClassCallbacks.evaluate(RunAfterTestClassCallbacks.java:68)
	at org.junit.runners.ParentRunner.run(ParentRunner.java:363)
	at org.springframework.test.context.junit4.SpringJUnit4ClassRunner.run(SpringJUnit4ClassRunner.java:163)
	at org.junit.runners.Suite.runChild(Suite.java:128)
	at org.junit.runners.Suite.runChild(Suite.java:27)
	at org.junit.runners.ParentRunner$3.run(ParentRunner.java:290)
	at org.junit.runners.ParentRunner$1.schedule(ParentRunner.java:71)
	at org.junit.runners.ParentRunner.runChildren(ParentRunner.java:288)
	at org.junit.runners.ParentRunner.access$000(ParentRunner.java:58)
	at org.junit.runners.ParentRunner$2.evaluate(ParentRunner.java:268)
	at org.junit.runners.ParentRunner.run(ParentRunner.java:363)
	at org.apache.maven.surefire.junit4.JUnit4Provider.execute(JUnit4Provider.java:283)
	at org.apache.maven.surefire.junit4.JUnit4Provider.executeWithRerun(JUnit4Provider.java:173)
	at org.apache.maven.surefire.junit4.JUnit4Provider.executeTestSet(JUnit4Provider.java:153)
	at org.apache.maven.surefire.junit4.JUnit4Provider.invoke(JUnit4Provider.java:128)
	at org.apache.maven.surefire.booter.ForkedBooter.invokeProviderInSameClassLoader(ForkedBooter.java:203)
	at org.apache.maven.surefire.booter.ForkedBooter.runSuitesInProcess(ForkedBooter.java:155)
	at org.apache.maven.surefire.booter.ForkedBooter.main(ForkedBooter.java:103)
Caused by: org.springframework.beans.BeanInstantiationException: Failed to instantiate [com.aerospike.client.AerospikeClient]: Factory method 'aerospikeClient' threw exception; nested exception is com.aerospike.client.AerospikeException$Connection: Error Code 11: Failed to connect to host(s): 
52.41.32.83:3000 Error Code 11: java.net.SocketTimeoutException: connect timed out

	at org.springframework.beans.factory.support.SimpleInstantiationStrategy.instantiate(SimpleInstantiationStrategy.java:189)
	at org.springframework.beans.factory.support.ConstructorResolver.instantiateUsingFactoryMethod(ConstructorResolver.java:588)
	at org.springframework.beans.factory.support.AbstractAutowireCapableBeanFactory.instantiateUsingFactoryMethod(AbstractAutowireCapableBeanFactory.java:1119)
	at org.springframework.beans.factory.support.AbstractAutowireCapableBeanFactory.createBeanInstance(AbstractAutowireCapableBeanFactory.java:1014)
	at org.springframework.beans.factory.support.AbstractAutowireCapableBeanFactory.doCreateBean(AbstractAutowireCapableBeanFactory.java:504)
	at org.springframework.beans.factory.support.AbstractAutowireCapableBeanFactory.createBean(AbstractAutowireCapableBeanFactory.java:476)
	at org.springframework.beans.factory.support.AbstractBeanFactory$1.getObject(AbstractBeanFactory.java:303)
	at org.springframework.beans.factory.support.DefaultSingletonBeanRegistry.getSingleton(DefaultSingletonBeanRegistry.java:230)
	at org.springframework.beans.factory.support.AbstractBeanFactory.doGetBean(AbstractBeanFactory.java:299)
	at org.springframework.beans.factory.support.AbstractBeanFactory.getBean(AbstractBeanFactory.java:194)
	at org.springframework.context.annotation.ConfigurationClassEnhancer$BeanMethodInterceptor.intercept(ConfigurationClassEnhancer.java:322)
	at org.springframework.data.aerospike.repository.TestConfigPerson$$EnhancerBySpringCGLIB$$3f27a8da.aerospikeClient(<generated>)
	at org.springframework.data.aerospike.repository.TestConfigPerson.aerospikeTemplate(TestConfigPerson.java:38)
	at org.springframework.data.aerospike.repository.TestConfigPerson$$EnhancerBySpringCGLIB$$3f27a8da.CGLIB$aerospikeTemplate$0(<generated>)
	at org.springframework.data.aerospike.repository.TestConfigPerson$$EnhancerBySpringCGLIB$$3f27a8da$$FastClassBySpringCGLIB$$38965c5e.invoke(<generated>)
	at org.springframework.cglib.proxy.MethodProxy.invokeSuper(MethodProxy.java:228)
	at org.springframework.context.annotation.ConfigurationClassEnhancer$BeanMethodInterceptor.intercept(ConfigurationClassEnhancer.java:309)
	at org.springframework.data.aerospike.repository.TestConfigPerson$$EnhancerBySpringCGLIB$$3f27a8da.aerospikeTemplate(<generated>)
	at sun.reflect.NativeMethodAccessorImpl.invoke0(Native Method)
	at sun.reflect.NativeMethodAccessorImpl.invoke(NativeMethodAccessorImpl.java:62)
	at sun.reflect.DelegatingMethodAccessorImpl.invoke(DelegatingMethodAccessorImpl.java:43)
	at java.lang.reflect.Method.invoke(Method.java:498)
	at org.springframework.beans.factory.support.SimpleInstantiationStrategy.instantiate(SimpleInstantiationStrategy.java:162)
	at org.springframework.beans.factory.support.ConstructorResolver.instantiateUsingFactoryMethod(ConstructorResolver.java:588)
	at org.springframework.beans.factory.support.AbstractAutowireCapableBeanFactory.instantiateUsingFactoryMethod(AbstractAutowireCapableBeanFactory.java:1119)
	at org.springframework.beans.factory.support.AbstractAutowireCapableBeanFactory.createBeanInstance(AbstractAutowireCapableBeanFactory.java:1014)
	at org.springframework.beans.factory.support.AbstractAutowireCapableBeanFactory.doCreateBean(AbstractAutowireCapableBeanFactory.java:504)
	at org.springframework.beans.factory.support.AbstractAutowireCapableBeanFactory.createBean(AbstractAutowireCapableBeanFactory.java:476)
	at org.springframework.beans.factory.support.AbstractBeanFactory$1.getObject(AbstractBeanFactory.java:303)
	at org.springframework.beans.factory.support.DefaultSingletonBeanRegistry.getSingleton(DefaultSingletonBeanRegistry.java:230)
	at org.springframework.beans.factory.support.AbstractBeanFactory.doGetBean(AbstractBeanFactory.java:299)
	at org.springframework.beans.factory.support.AbstractBeanFactory.getBean(AbstractBeanFactory.java:194)
	at org.springframework.beans.factory.support.DefaultListableBeanFactory.preInstantiateSingletons(DefaultListableBeanFactory.java:755)
	at org.springframework.context.support.AbstractApplicationContext.finishBeanFactoryInitialization(AbstractApplicationContext.java:757)
	at org.springframework.context.support.AbstractApplicationContext.refresh(AbstractApplicationContext.java:480)
	at org.springframework.test.context.support.AbstractGenericContextLoader.loadContext(AbstractGenericContextLoader.java:125)
	at org.springframework.test.context.support.AbstractGenericContextLoader.loadContext(AbstractGenericContextLoader.java:60)
	at org.springframework.test.context.support.AbstractDelegatingSmartContextLoader.delegateLoading(AbstractDelegatingSmartContextLoader.java:109)
	at org.springframework.test.context.support.AbstractDelegatingSmartContextLoader.loadContext(AbstractDelegatingSmartContextLoader.java:261)
	at org.springframework.test.context.DefaultCacheAwareContextLoaderDelegate.loadContextInternal(DefaultCacheAwareContextLoaderDelegate.java:68)
	at org.springframework.test.context.DefaultCacheAwareContextLoaderDelegate.loadContext(DefaultCacheAwareContextLoaderDelegate.java:86)
	at org.springframework.test.context.DefaultTestContext.getApplicationContext(DefaultTestContext.java:72)
	at org.springframework.test.context.support.DependencyInjectionTestExecutionListener.injectDependencies(DependencyInjectionTestExecutionListener.java:117)
	at org.springframework.test.context.support.DependencyInjectionTestExecutionListener.prepareTestInstance(DependencyInjectionTestExecutionListener.java:83)
	at org.springframework.test.context.TestContextManager.prepareTestInstance(TestContextManager.java:212)
	at org.springframework.test.context.junit4.SpringJUnit4ClassRunner.createTest(SpringJUnit4ClassRunner.java:200)
	at org.springframework.test.context.junit4.SpringJUnit4ClassRunner$1.runReflectiveCall(SpringJUnit4ClassRunner.java:259)
	at org.junit.internal.runners.model.ReflectiveCallable.run(ReflectiveCallable.java:12)
	at org.springframework.test.context.junit4.SpringJUnit4ClassRunner.methodBlock(SpringJUnit4ClassRunner.java:261)
	at org.springframework.test.context.junit4.SpringJUnit4ClassRunner.runChild(SpringJUnit4ClassRunner.java:219)
	at org.springframework.test.context.junit4.SpringJUnit4ClassRunner.runChild(SpringJUnit4ClassRunner.java:83)
	at org.junit.runners.ParentRunner$3.run(ParentRunner.java:290)
	at org.junit.runners.ParentRunner$1.schedule(ParentRunner.java:71)
	at org.junit.runners.ParentRunner.runChildren(ParentRunner.java:288)
	at org.junit.runners.ParentRunner.access$000(ParentRunner.java:58)
	at org.junit.runners.ParentRunner$2.evaluate(ParentRunner.java:268)
	at org.springframework.test.context.junit4.statements.RunBeforeTestClassCallbacks.evaluate(RunBeforeTestClassCallbacks.java:61)
	at org.springframework.test.context.junit4.statements.RunAfterTestClassCallbacks.evaluate(RunAfterTestClassCallbacks.java:68)
	at org.junit.runners.ParentRunner.run(ParentRunner.java:363)
	at org.springframework.test.context.junit4.SpringJUnit4ClassRunner.run(SpringJUnit4ClassRunner.java:163)
	at org.junit.runners.Suite.runChild(Suite.java:128)
	at org.junit.runners.Suite.runChild(Suite.java:27)
	at org.junit.runners.ParentRunner$3.run(ParentRunner.java:290)
	at org.junit.runners.ParentRunner$1.schedule(ParentRunner.java:71)
	at org.junit.runners.ParentRunner.runChildren(ParentRunner.java:288)
	at org.junit.runners.ParentRunner.access$000(ParentRunner.java:58)
	at org.junit.runners.ParentRunner$2.evaluate(ParentRunner.java:268)
	at org.junit.runners.ParentRunner.run(ParentRunner.java:363)
	at org.apache.maven.surefire.junit4.JUnit4Provider.execute(JUnit4Provider.java:283)
	at org.apache.maven.surefire.junit4.JUnit4Provider.executeWithRerun(JUnit4Provider.java:173)
	at org.apache.maven.surefire.junit4.JUnit4Provider.executeTestSet(JUnit4Provider.java:153)
	at org.apache.maven.surefire.junit4.JUnit4Provider.invoke(JUnit4Provider.java:128)
	at org.apache.maven.surefire.booter.ForkedBooter.invokeProviderInSameClassLoader(ForkedBooter.java:203)
	at org.apache.maven.surefire.booter.ForkedBooter.runSuitesInProcess(ForkedBooter.java:155)
	at org.apache.maven.surefire.booter.ForkedBooter.main(ForkedBooter.java:103)
Caused by: com.aerospike.client.AerospikeException$Connection: Error Code 11: Failed to connect to host(s): 
52.41.32.83:3000 Error Code 11: java.net.SocketTimeoutException: connect timed out

	at com.aerospike.client.cluster.Cluster.seedNodes(Cluster.java:386)
	at com.aerospike.client.cluster.Cluster.tend(Cluster.java:273)
	at com.aerospike.client.cluster.Cluster.waitTillStabilized(Cluster.java:238)
	at com.aerospike.client.cluster.Cluster.initTendThread(Cluster.java:148)
	at com.aerospike.client.AerospikeClient.<init>(AerospikeClient.java:209)
	at com.aerospike.client.AerospikeClient.<init>(AerospikeClient.java:173)
	at org.springframework.data.aerospike.repository.TestConfigPerson.aerospikeClient(TestConfigPerson.java:32)
	at org.springframework.data.aerospike.repository.TestConfigPerson$$EnhancerBySpringCGLIB$$3f27a8da.CGLIB$aerospikeClient$1(<generated>)
	at org.springframework.data.aerospike.repository.TestConfigPerson$$EnhancerBySpringCGLIB$$3f27a8da$$FastClassBySpringCGLIB$$38965c5e.invoke(<generated>)
	at org.springframework.cglib.proxy.MethodProxy.invokeSuper(MethodProxy.java:228)
	at org.springframework.context.annotation.ConfigurationClassEnhancer$BeanMethodInterceptor.intercept(ConfigurationClassEnhancer.java:309)
	at org.springframework.data.aerospike.repository.TestConfigPerson$$EnhancerBySpringCGLIB$$3f27a8da.aerospikeClient(<generated>)
	at sun.reflect.NativeMethodAccessorImpl.invoke0(Native Method)
	at sun.reflect.NativeMethodAccessorImpl.invoke(NativeMethodAccessorImpl.java:62)
	at sun.reflect.DelegatingMethodAccessorImpl.invoke(DelegatingMethodAccessorImpl.java:43)
	at java.lang.reflect.Method.invoke(Method.java:498)
	at org.springframework.beans.factory.support.SimpleInstantiationStrategy.instantiate(SimpleInstantiationStrategy.java:162)
	at org.springframework.beans.factory.support.ConstructorResolver.instantiateUsingFactoryMethod(ConstructorResolver.java:588)
	at org.springframework.beans.factory.support.AbstractAutowireCapableBeanFactory.instantiateUsingFactoryMethod(AbstractAutowireCapableBeanFactory.java:1119)
	at org.springframework.beans.factory.support.AbstractAutowireCapableBeanFactory.createBeanInstance(AbstractAutowireCapableBeanFactory.java:1014)
	at org.springframework.beans.factory.support.AbstractAutowireCapableBeanFactory.doCreateBean(AbstractAutowireCapableBeanFactory.java:504)
	at org.springframework.beans.factory.support.AbstractAutowireCapableBeanFactory.createBean(AbstractAutowireCapableBeanFactory.java:476)
	at org.springframework.beans.factory.support.AbstractBeanFactory$1.getObject(AbstractBeanFactory.java:303)
	at org.springframework.beans.factory.support.DefaultSingletonBeanRegistry.getSingleton(DefaultSingletonBeanRegistry.java:230)
	at org.springframework.beans.factory.support.AbstractBeanFactory.doGetBean(AbstractBeanFactory.java:299)
	at org.springframework.beans.factory.support.AbstractBeanFactory.getBean(AbstractBeanFactory.java:194)
	at org.springframework.context.annotation.ConfigurationClassEnhancer$BeanMethodInterceptor.intercept(ConfigurationClassEnhancer.java:322)
	at org.springframework.data.aerospike.repository.TestConfigPerson$$EnhancerBySpringCGLIB$$3f27a8da.aerospikeClient(<generated>)
	at org.springframework.data.aerospike.repository.TestConfigPerson.aerospikeTemplate(TestConfigPerson.java:38)
	at org.springframework.data.aerospike.repository.TestConfigPerson$$EnhancerBySpringCGLIB$$3f27a8da.CGLIB$aerospikeTemplate$0(<generated>)
	at org.springframework.data.aerospike.repository.TestConfigPerson$$EnhancerBySpringCGLIB$$3f27a8da$$FastClassBySpringCGLIB$$38965c5e.invoke(<generated>)
	at org.springframework.cglib.proxy.MethodProxy.invokeSuper(MethodProxy.java:228)
	at org.springframework.context.annotation.ConfigurationClassEnhancer$BeanMethodInterceptor.intercept(ConfigurationClassEnhancer.java:309)
	at org.springframework.data.aerospike.repository.TestConfigPerson$$EnhancerBySpringCGLIB$$3f27a8da.aerospikeTemplate(<generated>)
	at sun.reflect.NativeMethodAccessorImpl.invoke0(Native Method)
	at sun.reflect.NativeMethodAccessorImpl.invoke(NativeMethodAccessorImpl.java:62)
	at sun.reflect.DelegatingMethodAccessorImpl.invoke(DelegatingMethodAccessorImpl.java:43)
	at java.lang.reflect.Method.invoke(Method.java:498)
	at org.springframework.beans.factory.support.SimpleInstantiationStrategy.instantiate(SimpleInstantiationStrategy.java:162)
	at org.springframework.beans.factory.support.ConstructorResolver.instantiateUsingFactoryMethod(ConstructorResolver.java:588)
	at org.springframework.beans.factory.support.AbstractAutowireCapableBeanFactory.instantiateUsingFactoryMethod(AbstractAutowireCapableBeanFactory.java:1119)
	at org.springframework.beans.factory.support.AbstractAutowireCapableBeanFactory.createBeanInstance(AbstractAutowireCapableBeanFactory.java:1014)
	at org.springframework.beans.factory.support.AbstractAutowireCapableBeanFactory.doCreateBean(AbstractAutowireCapableBeanFactory.java:504)
	at org.springframework.beans.factory.support.AbstractAutowireCapableBeanFactory.createBean(AbstractAutowireCapableBeanFactory.java:476)
	at org.springframework.beans.factory.support.AbstractBeanFactory$1.getObject(AbstractBeanFactory.java:303)
	at org.springframework.beans.factory.support.DefaultSingletonBeanRegistry.getSingleton(DefaultSingletonBeanRegistry.java:230)
	at org.springframework.beans.factory.support.AbstractBeanFactory.doGetBean(AbstractBeanFactory.java:299)
	at org.springframework.beans.factory.support.AbstractBeanFactory.getBean(AbstractBeanFactory.java:194)
	at org.springframework.beans.factory.support.DefaultListableBeanFactory.preInstantiateSingletons(DefaultListableBeanFactory.java:755)
	at org.springframework.context.support.AbstractApplicationContext.finishBeanFactoryInitialization(AbstractApplicationContext.java:757)
	at org.springframework.context.support.AbstractApplicationContext.refresh(AbstractApplicationContext.java:480)
	at org.springframework.test.context.support.AbstractGenericContextLoader.loadContext(AbstractGenericContextLoader.java:125)
	at org.springframework.test.context.support.AbstractGenericContextLoader.loadContext(AbstractGenericContextLoader.java:60)
	at org.springframework.test.context.support.AbstractDelegatingSmartContextLoader.delegateLoading(AbstractDelegatingSmartContextLoader.java:109)
	at org.springframework.test.context.support.AbstractDelegatingSmartContextLoader.loadContext(AbstractDelegatingSmartContextLoader.java:261)
	at org.springframework.test.context.DefaultCacheAwareContextLoaderDelegate.loadContextInternal(DefaultCacheAwareContextLoaderDelegate.java:68)
	at org.springframework.test.context.DefaultCacheAwareContextLoaderDelegate.loadContext(DefaultCacheAwareContextLoaderDelegate.java:86)
	at org.springframework.test.context.DefaultTestContext.getApplicationContext(DefaultTestContext.java:72)
	at org.springframework.test.context.support.DependencyInjectionTestExecutionListener.injectDependencies(DependencyInjectionTestExecutionListener.java:117)
	at org.springframework.test.context.support.DependencyInjectionTestExecutionListener.prepareTestInstance(DependencyInjectionTestExecutionListener.java:83)
	at org.springframework.test.context.TestContextManager.prepareTestInstance(TestContextManager.java:212)
	at org.springframework.test.context.junit4.SpringJUnit4ClassRunner.createTest(SpringJUnit4ClassRunner.java:200)
	at org.springframework.test.context.junit4.SpringJUnit4ClassRunner$1.runReflectiveCall(SpringJUnit4ClassRunner.java:259)
	at org.junit.internal.runners.model.ReflectiveCallable.run(ReflectiveCallable.java:12)
	at org.springframework.test.context.junit4.SpringJUnit4ClassRunner.methodBlock(SpringJUnit4ClassRunner.java:261)
	at org.springframework.test.context.junit4.SpringJUnit4ClassRunner.runChild(SpringJUnit4ClassRunner.java:219)
	at org.springframework.test.context.junit4.SpringJUnit4ClassRunner.runChild(SpringJUnit4ClassRunner.java:83)
	at org.junit.runners.ParentRunner$3.run(ParentRunner.java:290)
	at org.junit.runners.ParentRunner$1.schedule(ParentRunner.java:71)
	at org.junit.runners.ParentRunner.runChildren(ParentRunner.java:288)
	at org.junit.runners.ParentRunner.access$000(ParentRunner.java:58)
	at org.junit.runners.ParentRunner$2.evaluate(ParentRunner.java:268)
	at org.springframework.test.context.junit4.statements.RunBeforeTestClassCallbacks.evaluate(RunBeforeTestClassCallbacks.java:61)
	at org.springframework.test.context.junit4.statements.RunAfterTestClassCallbacks.evaluate(RunAfterTestClassCallbacks.java:68)
	at org.junit.runners.ParentRunner.run(ParentRunner.java:363)
	at org.springframework.test.context.junit4.SpringJUnit4ClassRunner.run(SpringJUnit4ClassRunner.java:163)
	at org.junit.runners.Suite.runChild(Suite.java:128)
	at org.junit.runners.Suite.runChild(Suite.java:27)
	at org.junit.runners.ParentRunner$3.run(ParentRunner.java:290)
	at org.junit.runners.ParentRunner$1.schedule(ParentRunner.java:71)
	at org.junit.runners.ParentRunner.runChildren(ParentRunner.java:288)
	at org.junit.runners.ParentRunner.access$000(ParentRunner.java:58)
	at org.junit.runners.ParentRunner$2.evaluate(ParentRunner.java:268)
	at org.junit.runners.ParentRunner.run(ParentRunner.java:363)
	at org.apache.maven.surefire.junit4.JUnit4Provider.execute(JUnit4Provider.java:283)
	at org.apache.maven.surefire.junit4.JUnit4Provider.executeWithRerun(JUnit4Provider.java:173)
	at org.apache.maven.surefire.junit4.JUnit4Provider.executeTestSet(JUnit4Provider.java:153)
	at org.apache.maven.surefire.junit4.JUnit4Provider.invoke(JUnit4Provider.java:128)
	at org.apache.maven.surefire.booter.ForkedBooter.invokeProviderInSameClassLoader(ForkedBooter.java:203)
	at org.apache.maven.surefire.booter.ForkedBooter.runSuitesInProcess(ForkedBooter.java:155)
	at org.apache.maven.surefire.booter.ForkedBooter.main(ForkedBooter.java:103)
]]></error>
    <system-out><![CDATA[16:37:41.771 [main] DEBUG o.s.t.annotation.ProfileValueUtils - Retrieved @ProfileValueSourceConfiguration [null] for test class [org.springframework.data.aerospike.repository.PersonRepositoryIntegrationTests]
16:37:41.771 [main] DEBUG o.s.t.annotation.ProfileValueUtils - Retrieved ProfileValueSource type [class org.springframework.test.annotation.SystemProfileValueSource] for class [org.springframework.data.aerospike.repository.PersonRepositoryIntegrationTests]
16:37:41.771 [main] DEBUG o.s.t.c.s.DependencyInjectionTestExecutionListener - Performing dependency injection for test context [[DefaultTestContext@70807224 testClass = PersonRepositoryIntegrationTests, testInstance = org.springframework.data.aerospike.repository.PersonRepositoryIntegrationTests@44b18fe4, testMethod = [null], testException = [null], mergedContextConfiguration = [MergedContextConfiguration@400d912a testClass = PersonRepositoryIntegrationTests, locations = '{}', classes = '{class org.springframework.data.aerospike.repository.TestConfigPerson}', contextInitializerClasses = '[]', activeProfiles = '{}', propertySourceLocations = '{}', propertySourceProperties = '{}', contextLoader = 'org.springframework.test.context.support.DelegatingSmartContextLoader', parent = [null]]]].
16:37:41.771 [main] DEBUG o.s.t.c.s.AbstractDelegatingSmartContextLoader - Delegating to AnnotationConfigContextLoader to load context from [MergedContextConfiguration@400d912a testClass = PersonRepositoryIntegrationTests, locations = '{}', classes = '{class org.springframework.data.aerospike.repository.TestConfigPerson}', contextInitializerClasses = '[]', activeProfiles = '{}', propertySourceLocations = '{}', propertySourceProperties = '{}', contextLoader = 'org.springframework.test.context.support.DelegatingSmartContextLoader', parent = [null]].
16:37:41.772 [main] DEBUG o.s.t.c.s.AbstractGenericContextLoader - Loading ApplicationContext for merged context configuration [[MergedContextConfiguration@400d912a testClass = PersonRepositoryIntegrationTests, locations = '{}', classes = '{class org.springframework.data.aerospike.repository.TestConfigPerson}', contextInitializerClasses = '[]', activeProfiles = '{}', propertySourceLocations = '{}', propertySourceProperties = '{}', contextLoader = 'org.springframework.test.context.support.DelegatingSmartContextLoader', parent = [null]]].
16:37:41.772 [main] DEBUG o.s.core.env.StandardEnvironment - Adding [systemProperties] PropertySource with lowest search precedence
16:37:41.772 [main] DEBUG o.s.core.env.StandardEnvironment - Adding [systemEnvironment] PropertySource with lowest search precedence
16:37:41.772 [main] DEBUG o.s.core.env.StandardEnvironment - Initialized StandardEnvironment with PropertySources [systemProperties,systemEnvironment]
16:37:41.772 [main] DEBUG o.s.t.c.s.AnnotationConfigContextLoader - Registering annotated classes: {class org.springframework.data.aerospike.repository.TestConfigPerson}
16:37:41.772 [main] INFO  o.s.c.s.GenericApplicationContext - Refreshing org.springframework.context.support.GenericApplicationContext@2ba5aa7a: startup date [Tue Oct 04 16:37:41 BRT 2016]; root of context hierarchy
16:37:41.773 [main] DEBUG o.s.c.s.GenericApplicationContext - Bean factory for org.springframework.context.support.GenericApplicationContext@2ba5aa7a: org.springframework.beans.factory.support.DefaultListableBeanFactory@4d3ca6c7: defining beans [org.springframework.context.annotation.internalConfigurationAnnotationProcessor,org.springframework.context.annotation.internalAutowiredAnnotationProcessor,org.springframework.context.annotation.internalRequiredAnnotationProcessor,org.springframework.context.annotation.internalCommonAnnotationProcessor,testConfigPerson]; root of factory hierarchy
16:37:41.773 [main] DEBUG o.s.b.f.s.DefaultListableBeanFactory - Creating shared instance of singleton bean 'org.springframework.context.annotation.internalConfigurationAnnotationProcessor'
16:37:41.773 [main] DEBUG o.s.b.f.s.DefaultListableBeanFactory - Creating instance of bean 'org.springframework.context.annotation.internalConfigurationAnnotationProcessor'
16:37:41.773 [main] DEBUG o.s.b.f.s.DefaultListableBeanFactory - Eagerly caching bean 'org.springframework.context.annotation.internalConfigurationAnnotationProcessor' to allow for resolving potential circular references
16:37:41.773 [main] DEBUG o.s.b.f.s.DefaultListableBeanFactory - Finished creating instance of bean 'org.springframework.context.annotation.internalConfigurationAnnotationProcessor'
16:37:41.773 [main] DEBUG o.s.c.a.ConfigurationClassBeanDefinitionReader - Registering bean definition for @Bean method org.springframework.data.aerospike.repository.TestConfigPerson.aerospikeTemplate()
16:37:41.774 [main] DEBUG o.s.c.a.ConfigurationClassBeanDefinitionReader - Registering bean definition for @Bean method org.springframework.data.aerospike.repository.TestConfigPerson.aerospikeClient()
16:37:41.774 [main] DEBUG o.s.core.env.StandardEnvironment - Adding [systemProperties] PropertySource with lowest search precedence
16:37:41.774 [main] DEBUG o.s.core.env.StandardEnvironment - Adding [systemEnvironment] PropertySource with lowest search precedence
16:37:41.774 [main] DEBUG o.s.core.env.StandardEnvironment - Initialized StandardEnvironment with PropertySources [systemProperties,systemEnvironment]
16:37:41.774 [main] DEBUG o.s.c.i.s.PathMatchingResourcePatternResolver - Looking for matching resources in directory tree [/home/aluno/spring-projects/maven/spring-data-aerospike/target/test-classes/org/springframework/data]
16:37:41.774 [main] DEBUG o.s.c.i.s.PathMatchingResourcePatternResolver - Searching directory [/home/aluno/spring-projects/maven/spring-data-aerospike/target/test-classes/org/springframework/data] for files matching pattern [/home/aluno/spring-projects/maven/spring-data-aerospike/target/test-classes/org/springframework/data/**/repository/support/**/*.class]
16:37:41.775 [main] DEBUG o.s.c.i.s.PathMatchingResourcePatternResolver - Searching directory [/home/aluno/spring-projects/maven/spring-data-aerospike/target/test-classes/org/springframework/data/keyvalue] for files matching pattern [/home/aluno/spring-projects/maven/spring-data-aerospike/target/test-classes/org/springframework/data/**/repository/support/**/*.class]
16:37:41.775 [main] DEBUG o.s.c.i.s.PathMatchingResourcePatternResolver - Searching directory [/home/aluno/spring-projects/maven/spring-data-aerospike/target/test-classes/org/springframework/data/keyvalue/repository] for files matching pattern [/home/aluno/spring-projects/maven/spring-data-aerospike/target/test-classes/org/springframework/data/**/repository/support/**/*.class]
16:37:41.775 [main] DEBUG o.s.c.i.s.PathMatchingResourcePatternResolver - Searching directory [/home/aluno/spring-projects/maven/spring-data-aerospike/target/test-classes/org/springframework/data/keyvalue/repository/query] for files matching pattern [/home/aluno/spring-projects/maven/spring-data-aerospike/target/test-classes/org/springframework/data/**/repository/support/**/*.class]
16:37:41.775 [main] DEBUG o.s.c.i.s.PathMatchingResourcePatternResolver - Searching directory [/home/aluno/spring-projects/maven/spring-data-aerospike/target/test-classes/org/springframework/data/aerospike] for files matching pattern [/home/aluno/spring-projects/maven/spring-data-aerospike/target/test-classes/org/springframework/data/**/repository/support/**/*.class]
16:37:41.775 [main] DEBUG o.s.c.i.s.PathMatchingResourcePatternResolver - Searching directory [/home/aluno/spring-projects/maven/spring-data-aerospike/target/test-classes/org/springframework/data/aerospike/mapping] for files matching pattern [/home/aluno/spring-projects/maven/spring-data-aerospike/target/test-classes/org/springframework/data/**/repository/support/**/*.class]
16:37:41.775 [main] DEBUG o.s.c.i.s.PathMatchingResourcePatternResolver - Searching directory [/home/aluno/spring-projects/maven/spring-data-aerospike/target/test-classes/org/springframework/data/aerospike/core] for files matching pattern [/home/aluno/spring-projects/maven/spring-data-aerospike/target/test-classes/org/springframework/data/**/repository/support/**/*.class]
16:37:41.775 [main] DEBUG o.s.c.i.s.PathMatchingResourcePatternResolver - Searching directory [/home/aluno/spring-projects/maven/spring-data-aerospike/target/test-classes/org/springframework/data/aerospike/convert] for files matching pattern [/home/aluno/spring-projects/maven/spring-data-aerospike/target/test-classes/org/springframework/data/**/repository/support/**/*.class]
16:37:41.777 [main] DEBUG o.s.c.i.s.PathMatchingResourcePatternResolver - Searching directory [/home/aluno/spring-projects/maven/spring-data-aerospike/target/test-classes/org/springframework/data/aerospike/sample] for files matching pattern [/home/aluno/spring-projects/maven/spring-data-aerospike/target/test-classes/org/springframework/data/**/repository/support/**/*.class]
16:37:41.777 [main] DEBUG o.s.c.i.s.PathMatchingResourcePatternResolver - Searching directory [/home/aluno/spring-projects/maven/spring-data-aerospike/target/test-classes/org/springframework/data/aerospike/repository] for files matching pattern [/home/aluno/spring-projects/maven/spring-data-aerospike/target/test-classes/org/springframework/data/**/repository/support/**/*.class]
16:37:41.777 [main] DEBUG o.s.c.i.s.PathMatchingResourcePatternResolver - Searching directory [/home/aluno/spring-projects/maven/spring-data-aerospike/target/test-classes/org/springframework/data/aerospike/repository/support] for files matching pattern [/home/aluno/spring-projects/maven/spring-data-aerospike/target/test-classes/org/springframework/data/**/repository/support/**/*.class]
16:37:41.778 [main] DEBUG o.s.c.i.s.PathMatchingResourcePatternResolver - Searching directory [/home/aluno/spring-projects/maven/spring-data-aerospike/target/test-classes/org/springframework/data/aerospike/repository/query] for files matching pattern [/home/aluno/spring-projects/maven/spring-data-aerospike/target/test-classes/org/springframework/data/**/repository/support/**/*.class]
16:37:41.778 [main] DEBUG o.s.c.i.s.PathMatchingResourcePatternResolver - Searching directory [/home/aluno/spring-projects/maven/spring-data-aerospike/target/test-classes/org/springframework/data/aerospike/config] for files matching pattern [/home/aluno/spring-projects/maven/spring-data-aerospike/target/test-classes/org/springframework/data/**/repository/support/**/*.class]
16:37:41.778 [main] DEBUG o.s.c.i.s.PathMatchingResourcePatternResolver - Searching directory [/home/aluno/spring-projects/maven/spring-data-aerospike/target/test-classes/org/springframework/data/aerospike/cache] for files matching pattern [/home/aluno/spring-projects/maven/spring-data-aerospike/target/test-classes/org/springframework/data/**/repository/support/**/*.class]
16:37:41.778 [main] DEBUG o.s.c.i.s.PathMatchingResourcePatternResolver - Looking for matching resources in directory tree [/home/aluno/spring-projects/maven/spring-data-aerospike/target/classes/org/springframework/data]
16:37:41.778 [main] DEBUG o.s.c.i.s.PathMatchingResourcePatternResolver - Searching directory [/home/aluno/spring-projects/maven/spring-data-aerospike/target/classes/org/springframework/data] for files matching pattern [/home/aluno/spring-projects/maven/spring-data-aerospike/target/classes/org/springframework/data/**/repository/support/**/*.class]
16:37:41.778 [main] DEBUG o.s.c.i.s.PathMatchingResourcePatternResolver - Searching directory [/home/aluno/spring-projects/maven/spring-data-aerospike/target/classes/org/springframework/data/aerospike] for files matching pattern [/home/aluno/spring-projects/maven/spring-data-aerospike/target/classes/org/springframework/data/**/repository/support/**/*.class]
16:37:41.778 [main] DEBUG o.s.c.i.s.PathMatchingResourcePatternResolver - Searching directory [/home/aluno/spring-projects/maven/spring-data-aerospike/target/classes/org/springframework/data/aerospike/mapping] for files matching pattern [/home/aluno/spring-projects/maven/spring-data-aerospike/target/classes/org/springframework/data/**/repository/support/**/*.class]
16:37:41.779 [main] DEBUG o.s.c.i.s.PathMatchingResourcePatternResolver - Searching directory [/home/aluno/spring-projects/maven/spring-data-aerospike/target/classes/org/springframework/data/aerospike/core] for files matching pattern [/home/aluno/spring-projects/maven/spring-data-aerospike/target/classes/org/springframework/data/**/repository/support/**/*.class]
16:37:41.779 [main] DEBUG o.s.c.i.s.PathMatchingResourcePatternResolver - Searching directory [/home/aluno/spring-projects/maven/spring-data-aerospike/target/classes/org/springframework/data/aerospike/convert] for files matching pattern [/home/aluno/spring-projects/maven/spring-data-aerospike/target/classes/org/springframework/data/**/repository/support/**/*.class]
16:37:41.779 [main] DEBUG o.s.c.i.s.PathMatchingResourcePatternResolver - Searching directory [/home/aluno/spring-projects/maven/spring-data-aerospike/target/classes/org/springframework/data/aerospike/example] for files matching pattern [/home/aluno/spring-projects/maven/spring-data-aerospike/target/classes/org/springframework/data/**/repository/support/**/*.class]
16:37:41.779 [main] DEBUG o.s.c.i.s.PathMatchingResourcePatternResolver - Searching directory [/home/aluno/spring-projects/maven/spring-data-aerospike/target/classes/org/springframework/data/aerospike/example/data] for files matching pattern [/home/aluno/spring-projects/maven/spring-data-aerospike/target/classes/org/springframework/data/**/repository/support/**/*.class]
16:37:41.780 [main] DEBUG o.s.c.i.s.PathMatchingResourcePatternResolver - Searching directory [/home/aluno/spring-projects/maven/spring-data-aerospike/target/classes/org/springframework/data/aerospike/example/config] for files matching pattern [/home/aluno/spring-projects/maven/spring-data-aerospike/target/classes/org/springframework/data/**/repository/support/**/*.class]
16:37:41.780 [main] DEBUG o.s.c.i.s.PathMatchingResourcePatternResolver - Searching directory [/home/aluno/spring-projects/maven/spring-data-aerospike/target/classes/org/springframework/data/aerospike/annotation] for files matching pattern [/home/aluno/spring-projects/maven/spring-data-aerospike/target/classes/org/springframework/data/**/repository/support/**/*.class]
16:37:41.780 [main] DEBUG o.s.c.i.s.PathMatchingResourcePatternResolver - Searching directory [/home/aluno/spring-projects/maven/spring-data-aerospike/target/classes/org/springframework/data/aerospike/repository] for files matching pattern [/home/aluno/spring-projects/maven/spring-data-aerospike/target/classes/org/springframework/data/**/repository/support/**/*.class]
16:37:41.780 [main] DEBUG o.s.c.i.s.PathMatchingResourcePatternResolver - Searching directory [/home/aluno/spring-projects/maven/spring-data-aerospike/target/classes/org/springframework/data/aerospike/repository/support] for files matching pattern [/home/aluno/spring-projects/maven/spring-data-aerospike/target/classes/org/springframework/data/**/repository/support/**/*.class]
16:37:41.780 [main] DEBUG o.s.c.i.s.PathMatchingResourcePatternResolver - Searching directory [/home/aluno/spring-projects/maven/spring-data-aerospike/target/classes/org/springframework/data/aerospike/repository/config] for files matching pattern [/home/aluno/spring-projects/maven/spring-data-aerospike/target/classes/org/springframework/data/**/repository/support/**/*.class]
16:37:41.780 [main] DEBUG o.s.c.i.s.PathMatchingResourcePatternResolver - Searching directory [/home/aluno/spring-projects/maven/spring-data-aerospike/target/classes/org/springframework/data/aerospike/repository/query] for files matching pattern [/home/aluno/spring-projects/maven/spring-data-aerospike/target/classes/org/springframework/data/**/repository/support/**/*.class]
16:37:41.780 [main] DEBUG o.s.c.i.s.PathMatchingResourcePatternResolver - Searching directory [/home/aluno/spring-projects/maven/spring-data-aerospike/target/classes/org/springframework/data/aerospike/config] for files matching pattern [/home/aluno/spring-projects/maven/spring-data-aerospike/target/classes/org/springframework/data/**/repository/support/**/*.class]
16:37:41.781 [main] DEBUG o.s.c.i.s.PathMatchingResourcePatternResolver - Searching directory [/home/aluno/spring-projects/maven/spring-data-aerospike/target/classes/org/springframework/data/aerospike/cache] for files matching pattern [/home/aluno/spring-projects/maven/spring-data-aerospike/target/classes/org/springframework/data/**/repository/support/**/*.class]
16:37:41.781 [main] DEBUG o.s.c.i.s.PathMatchingResourcePatternResolver - Searching directory [/home/aluno/spring-projects/maven/spring-data-aerospike/target/classes/org/springframework/data/aerospike/utility] for files matching pattern [/home/aluno/spring-projects/maven/spring-data-aerospike/target/classes/org/springframework/data/**/repository/support/**/*.class]
16:37:41.781 [main] DEBUG o.s.c.i.s.PathMatchingResourcePatternResolver - Looking for matching resources in jar file [file:/home/aluno/.m2/repository/org/springframework/data/spring-data-commons/1.11.0.RELEASE/spring-data-commons-1.11.0.RELEASE.jar]
16:37:41.783 [main] DEBUG o.s.c.i.s.PathMatchingResourcePatternResolver - Looking for matching resources in jar file [file:/home/aluno/.m2/repository/org/springframework/data/spring-data-keyvalue/1.0.0.M1/spring-data-keyvalue-1.0.0.M1.jar]
16:37:41.784 [main] DEBUG o.s.c.i.s.PathMatchingResourcePatternResolver - Resolved location pattern [classpath*:org/springframework/data/**/repository/support/**/*.class] to resources [file [/home/aluno/spring-projects/maven/spring-data-aerospike/target/test-classes/org/springframework/data/aerospike/repository/support/SimpleAerospikeRepositoryTest$5.class], file [/home/aluno/spring-projects/maven/spring-data-aerospike/target/test-classes/org/springframework/data/aerospike/repository/support/SimpleAerospikeRepositoryTest$9.class], file [/home/aluno/spring-projects/maven/spring-data-aerospike/target/test-classes/org/springframework/data/aerospike/repository/support/SimpleAerospikeRepositoryTest$4.class], file [/home/aluno/spring-projects/maven/spring-data-aerospike/target/test-classes/org/springframework/data/aerospike/repository/support/AerospikeRepositoryFactoryTest.class], file [/home/aluno/spring-projects/maven/spring-data-aerospike/target/test-classes/org/springframework/data/aerospike/repository/support/SimpleAerospikeRepositoryTest.class], file [/home/aluno/spring-projects/maven/spring-data-aerospike/target/test-classes/org/springframework/data/aerospike/repository/support/SimpleAerospikeRepositoryTest$1.class], file [/home/aluno/spring-projects/maven/spring-data-aerospike/target/test-classes/org/springframework/data/aerospike/repository/support/SimpleAerospikeRepositoryTest$3.class], file [/home/aluno/spring-projects/maven/spring-data-aerospike/target/test-classes/org/springframework/data/aerospike/repository/support/SimpleAerospikeRepositoryTest$8.class], file [/home/aluno/spring-projects/maven/spring-data-aerospike/target/test-classes/org/springframework/data/aerospike/repository/support/SimpleAerospikeRepositoryTest$6.class], file [/home/aluno/spring-projects/maven/spring-data-aerospike/target/test-classes/org/springframework/data/aerospike/repository/support/SimpleAerospikeRepositoryTest$2.class], file [/home/aluno/spring-projects/maven/spring-data-aerospike/target/test-classes/org/springframework/data/aerospike/repository/support/AllTests.class], file [/home/aluno/spring-projects/maven/spring-data-aerospike/target/test-classes/org/springframework/data/aerospike/repository/support/SimpleAerospikeRepositoryTest$7.class], file [/home/aluno/spring-projects/maven/spring-data-aerospike/target/classes/org/springframework/data/aerospike/repository/support/AerospikeRepositoryFactoryBean.class], file [/home/aluno/spring-projects/maven/spring-data-aerospike/target/classes/org/springframework/data/aerospike/repository/support/AerospikeRepositoryFactory$AerospikeQueryLookupStrategy.class], file [/home/aluno/spring-projects/maven/spring-data-aerospike/target/classes/org/springframework/data/aerospike/repository/support/AerospikeRepositoryFactory.class], file [/home/aluno/spring-projects/maven/spring-data-aerospike/target/classes/org/springframework/data/aerospike/repository/support/SimpleAerospikeRepository.class], URL [jar:file:/home/aluno/.m2/repository/org/springframework/data/spring-data-commons/1.11.0.RELEASE/spring-data-commons-1.11.0.RELEASE.jar!/org/springframework/data/repository/support/DomainClassConverter$ConversionMatchAbbreviationException.class], URL [jar:file:/home/aluno/.m2/repository/org/springframework/data/spring-data-commons/1.11.0.RELEASE/spring-data-commons-1.11.0.RELEASE.jar!/org/springframework/data/repository/support/DomainClassConverter$ToIdConverter.class], URL [jar:file:/home/aluno/.m2/repository/org/springframework/data/spring-data-commons/1.11.0.RELEASE/spring-data-commons-1.11.0.RELEASE.jar!/org/springframework/data/repository/support/Repositories$EmptyRepositoryFactoryInformation.class], URL [jar:file:/home/aluno/.m2/repository/org/springframework/data/spring-data-commons/1.11.0.RELEASE/spring-data-commons-1.11.0.RELEASE.jar!/org/springframework/data/repository/support/PagingAndSortingRepositoryInvoker.class], URL [jar:file:/home/aluno/.m2/repository/org/springframework/data/spring-data-commons/1.11.0.RELEASE/spring-data-commons-1.11.0.RELEASE.jar!/org/springframework/data/repository/support/QueryMethodParameterConversionException.class], URL [jar:file:/home/aluno/.m2/repository/org/springframework/data/spring-data-commons/1.11.0.RELEASE/spring-data-commons-1.11.0.RELEASE.jar!/org/springframework/data/repository/support/MethodParameters.class], URL [jar:file:/home/aluno/.m2/repository/org/springframework/data/spring-data-commons/1.11.0.RELEASE/spring-data-commons-1.11.0.RELEASE.jar!/org/springframework/data/repository/support/RepositoryInvoker.class], URL [jar:file:/home/aluno/.m2/repository/org/springframework/data/spring-data-commons/1.11.0.RELEASE/spring-data-commons-1.11.0.RELEASE.jar!/org/springframework/data/repository/support/RepositoryInvokerFactory.class], URL [jar:file:/home/aluno/.m2/repository/org/springframework/data/spring-data-commons/1.11.0.RELEASE/spring-data-commons-1.11.0.RELEASE.jar!/org/springframework/data/repository/support/DomainClassPropertyEditorRegistrar.class], URL [jar:file:/home/aluno/.m2/repository/org/springframework/data/spring-data-commons/1.11.0.RELEASE/spring-data-commons-1.11.0.RELEASE.jar!/org/springframework/data/repository/support/AnnotationAttribute.class], URL [jar:file:/home/aluno/.m2/repository/org/springframework/data/spring-data-commons/1.11.0.RELEASE/spring-data-commons-1.11.0.RELEASE.jar!/org/springframework/data/repository/support/DefaultRepositoryInvokerFactory.class], URL [jar:file:/home/aluno/.m2/repository/org/springframework/data/spring-data-commons/1.11.0.RELEASE/spring-data-commons-1.11.0.RELEASE.jar!/org/springframework/data/repository/support/MethodParameters$AnnotationNamingMethodParameter.class], URL [jar:file:/home/aluno/.m2/repository/org/springframework/data/spring-data-commons/1.11.0.RELEASE/spring-data-commons-1.11.0.RELEASE.jar!/org/springframework/data/repository/support/CrudRepositoryInvoker.class], URL [jar:file:/home/aluno/.m2/repository/org/springframework/data/spring-data-commons/1.11.0.RELEASE/spring-data-commons-1.11.0.RELEASE.jar!/org/springframework/data/repository/support/Repositories.class], URL [jar:file:/home/aluno/.m2/repository/org/springframework/data/spring-data-commons/1.11.0.RELEASE/spring-data-commons-1.11.0.RELEASE.jar!/org/springframework/data/repository/support/DomainClassConverter$ToEntityConverter.class], URL [jar:file:/home/aluno/.m2/repository/org/springframework/data/spring-data-commons/1.11.0.RELEASE/spring-data-commons-1.11.0.RELEASE.jar!/org/springframework/data/repository/support/ReflectionRepositoryInvoker.class], URL [jar:file:/home/aluno/.m2/repository/org/springframework/data/spring-data-commons/1.11.0.RELEASE/spring-data-commons-1.11.0.RELEASE.jar!/org/springframework/data/repository/support/DomainClassPropertyEditor.class], URL [jar:file:/home/aluno/.m2/repository/org/springframework/data/spring-data-commons/1.11.0.RELEASE/spring-data-commons-1.11.0.RELEASE.jar!/org/springframework/data/repository/support/DomainClassConverter.class], URL [jar:file:/home/aluno/.m2/repository/org/springframework/data/spring-data-commons/1.11.0.RELEASE/spring-data-commons-1.11.0.RELEASE.jar!/org/springframework/data/repository/support/DomainClassConverter$1.class], URL [jar:file:/home/aluno/.m2/repository/org/springframework/data/spring-data-commons/1.11.0.RELEASE/spring-data-commons-1.11.0.RELEASE.jar!/org/springframework/data/repository/support/RepositoryInvocationInformation.class], URL [jar:file:/home/aluno/.m2/repository/org/springframework/data/spring-data-keyvalue/1.0.0.M1/spring-data-keyvalue-1.0.0.M1.jar!/org/springframework/data/keyvalue/repository/support/KeyValueRepositoryFactory$KeyValueQueryLookupStrategy.class], URL [jar:file:/home/aluno/.m2/repository/org/springframework/data/spring-data-keyvalue/1.0.0.M1/spring-data-keyvalue-1.0.0.M1.jar!/org/springframework/data/keyvalue/repository/support/QuerydslKeyValueRepository.class], URL [jar:file:/home/aluno/.m2/repository/org/springframework/data/spring-data-keyvalue/1.0.0.M1/spring-data-keyvalue-1.0.0.M1.jar!/org/springframework/data/keyvalue/repository/support/KeyValueRepositoryFactoryBean.class], URL [jar:file:/home/aluno/.m2/repository/org/springframework/data/spring-data-keyvalue/1.0.0.M1/spring-data-keyvalue-1.0.0.M1.jar!/org/springframework/data/keyvalue/repository/support/KeyValueQuerydslUtils$1.class], URL [jar:file:/home/aluno/.m2/repository/org/springframework/data/spring-data-keyvalue/1.0.0.M1/spring-data-keyvalue-1.0.0.M1.jar!/org/springframework/data/keyvalue/repository/support/KeyValueQuerydslUtils.class], URL [jar:file:/home/aluno/.m2/repository/org/springframework/data/spring-data-keyvalue/1.0.0.M1/spring-data-keyvalue-1.0.0.M1.jar!/org/springframework/data/keyvalue/repository/support/KeyValueRepositoryFactory.class], URL [jar:file:/home/aluno/.m2/repository/org/springframework/data/spring-data-keyvalue/1.0.0.M1/spring-data-keyvalue-1.0.0.M1.jar!/org/springframework/data/keyvalue/repository/support/SimpleKeyValueRepository.class]]
16:37:41.786 [main] DEBUG o.s.c.a.ClassPathScanningCandidateComponentProvider - Identified candidate component class: file [/home/aluno/spring-projects/maven/spring-data-aerospike/target/classes/org/springframework/data/aerospike/repository/support/AerospikeRepositoryFactory.class]
16:37:41.790 [main] DEBUG o.s.c.a.ClassPathScanningCandidateComponentProvider - Identified candidate component class: URL [jar:file:/home/aluno/.m2/repository/org/springframework/data/spring-data-keyvalue/1.0.0.M1/spring-data-keyvalue-1.0.0.M1.jar!/org/springframework/data/keyvalue/repository/support/KeyValueRepositoryFactory.class]
16:37:41.790 [main] DEBUG o.s.d.r.c.RepositoryConfigurationDelegate - Multiple Spring Data modules found, entering strict repository configuration mode!
16:37:41.791 [main] DEBUG o.s.core.env.StandardEnvironment - Adding [systemProperties] PropertySource with lowest search precedence
16:37:41.791 [main] DEBUG o.s.core.env.StandardEnvironment - Adding [systemEnvironment] PropertySource with lowest search precedence
16:37:41.791 [main] DEBUG o.s.core.env.StandardEnvironment - Initialized StandardEnvironment with PropertySources [systemProperties,systemEnvironment]
16:37:41.791 [main] DEBUG o.s.c.i.s.PathMatchingResourcePatternResolver - Looking for matching resources in directory tree [/home/aluno/spring-projects/maven/spring-data-aerospike/target/test-classes/org/springframework/data/aerospike/repository]
16:37:41.791 [main] DEBUG o.s.c.i.s.PathMatchingResourcePatternResolver - Searching directory [/home/aluno/spring-projects/maven/spring-data-aerospike/target/test-classes/org/springframework/data/aerospike/repository] for files matching pattern [/home/aluno/spring-projects/maven/spring-data-aerospike/target/test-classes/org/springframework/data/aerospike/repository/**/*.class]
16:37:41.791 [main] DEBUG o.s.c.i.s.PathMatchingResourcePatternResolver - Searching directory [/home/aluno/spring-projects/maven/spring-data-aerospike/target/test-classes/org/springframework/data/aerospike/repository/support] for files matching pattern [/home/aluno/spring-projects/maven/spring-data-aerospike/target/test-classes/org/springframework/data/aerospike/repository/**/*.class]
16:37:41.791 [main] DEBUG o.s.c.i.s.PathMatchingResourcePatternResolver - Searching directory [/home/aluno/spring-projects/maven/spring-data-aerospike/target/test-classes/org/springframework/data/aerospike/repository/query] for files matching pattern [/home/aluno/spring-projects/maven/spring-data-aerospike/target/test-classes/org/springframework/data/aerospike/repository/**/*.class]
16:37:41.791 [main] DEBUG o.s.c.i.s.PathMatchingResourcePatternResolver - Looking for matching resources in directory tree [/home/aluno/spring-projects/maven/spring-data-aerospike/target/classes/org/springframework/data/aerospike/repository]
16:37:41.791 [main] DEBUG o.s.c.i.s.PathMatchingResourcePatternResolver - Searching directory [/home/aluno/spring-projects/maven/spring-data-aerospike/target/classes/org/springframework/data/aerospike/repository] for files matching pattern [/home/aluno/spring-projects/maven/spring-data-aerospike/target/classes/org/springframework/data/aerospike/repository/**/*.class]
16:37:41.792 [main] DEBUG o.s.c.i.s.PathMatchingResourcePatternResolver - Searching directory [/home/aluno/spring-projects/maven/spring-data-aerospike/target/classes/org/springframework/data/aerospike/repository/support] for files matching pattern [/home/aluno/spring-projects/maven/spring-data-aerospike/target/classes/org/springframework/data/aerospike/repository/**/*.class]
16:37:41.792 [main] DEBUG o.s.c.i.s.PathMatchingResourcePatternResolver - Searching directory [/home/aluno/spring-projects/maven/spring-data-aerospike/target/classes/org/springframework/data/aerospike/repository/config] for files matching pattern [/home/aluno/spring-projects/maven/spring-data-aerospike/target/classes/org/springframework/data/aerospike/repository/**/*.class]
16:37:41.792 [main] DEBUG o.s.c.i.s.PathMatchingResourcePatternResolver - Searching directory [/home/aluno/spring-projects/maven/spring-data-aerospike/target/classes/org/springframework/data/aerospike/repository/query] for files matching pattern [/home/aluno/spring-projects/maven/spring-data-aerospike/target/classes/org/springframework/data/aerospike/repository/**/*.class]
16:37:41.792 [main] DEBUG o.s.c.i.s.PathMatchingResourcePatternResolver - Resolved location pattern [classpath*:org/springframework/data/aerospike/repository/**/*.class] to resources [file [/home/aluno/spring-projects/maven/spring-data-aerospike/target/test-classes/org/springframework/data/aerospike/repository/Credentials.class], file [/home/aluno/spring-projects/maven/spring-data-aerospike/target/test-classes/org/springframework/data/aerospike/repository/AbstractPersonRepositoryIntegrationTests$1.class], file [/home/aluno/spring-projects/maven/spring-data-aerospike/target/test-classes/org/springframework/data/aerospike/repository/PersonRepository.class], file [/home/aluno/spring-projects/maven/spring-data-aerospike/target/test-classes/org/springframework/data/aerospike/repository/TestConfigPerson.class], file [/home/aluno/spring-projects/maven/spring-data-aerospike/target/test-classes/org/springframework/data/aerospike/repository/Address.class], file [/home/aluno/spring-projects/maven/spring-data-aerospike/target/test-classes/org/springframework/data/aerospike/repository/Person$Sex.class], file [/home/aluno/spring-projects/maven/spring-data-aerospike/target/test-classes/org/springframework/data/aerospike/repository/Person.class], file [/home/aluno/spring-projects/maven/spring-data-aerospike/target/test-classes/org/springframework/data/aerospike/repository/ContactRepository.class], file [/home/aluno/spring-projects/maven/spring-data-aerospike/target/test-classes/org/springframework/data/aerospike/repository/AbstractPersonRepositoryIntegrationTests.class], file [/home/aluno/spring-projects/maven/spring-data-aerospike/target/test-classes/org/springframework/data/aerospike/repository/User.class], file [/home/aluno/spring-projects/maven/spring-data-aerospike/target/test-classes/org/springframework/data/aerospike/repository/CustomerRepositoriesIntegrationTests$Config.class], file [/home/aluno/spring-projects/maven/spring-data-aerospike/target/test-classes/org/springframework/data/aerospike/repository/AnnotatedPerson.class], file [/home/aluno/spring-projects/maven/spring-data-aerospike/target/test-classes/org/springframework/data/aerospike/repository/support/SimpleAerospikeRepositoryTest$5.class], file [/home/aluno/spring-projects/maven/spring-data-aerospike/target/test-classes/org/springframework/data/aerospike/repository/support/SimpleAerospikeRepositoryTest$9.class], file [/home/aluno/spring-projects/maven/spring-data-aerospike/target/test-classes/org/springframework/data/aerospike/repository/support/SimpleAerospikeRepositoryTest$4.class], file [/home/aluno/spring-projects/maven/spring-data-aerospike/target/test-classes/org/springframework/data/aerospike/repository/support/AerospikeRepositoryFactoryTest.class], file [/home/aluno/spring-projects/maven/spring-data-aerospike/target/test-classes/org/springframework/data/aerospike/repository/support/SimpleAerospikeRepositoryTest.class], file [/home/aluno/spring-projects/maven/spring-data-aerospike/target/test-classes/org/springframework/data/aerospike/repository/support/SimpleAerospikeRepositoryTest$1.class], file [/home/aluno/spring-projects/maven/spring-data-aerospike/target/test-classes/org/springframework/data/aerospike/repository/support/SimpleAerospikeRepositoryTest$3.class], file [/home/aluno/spring-projects/maven/spring-data-aerospike/target/test-classes/org/springframework/data/aerospike/repository/support/SimpleAerospikeRepositoryTest$8.class], file [/home/aluno/spring-projects/maven/spring-data-aerospike/target/test-classes/org/springframework/data/aerospike/repository/support/SimpleAerospikeRepositoryTest$6.class], file [/home/aluno/spring-projects/maven/spring-data-aerospike/target/test-classes/org/springframework/data/aerospike/repository/support/SimpleAerospikeRepositoryTest$2.class], file [/home/aluno/spring-projects/maven/spring-data-aerospike/target/test-classes/org/springframework/data/aerospike/repository/support/AllTests.class], file [/home/aluno/spring-projects/maven/spring-data-aerospike/target/test-classes/org/springframework/data/aerospike/repository/support/SimpleAerospikeRepositoryTest$7.class], file [/home/aluno/spring-projects/maven/spring-data-aerospike/target/test-classes/org/springframework/data/aerospike/repository/Contact.class], file [/home/aluno/spring-projects/maven/spring-data-aerospike/target/test-classes/org/springframework/data/aerospike/repository/AllTests.class], file [/home/aluno/spring-projects/maven/spring-data-aerospike/target/test-classes/org/springframework/data/aerospike/repository/PersonRepositoryIntegrationTests.class], file [/home/aluno/spring-projects/maven/spring-data-aerospike/target/test-classes/org/springframework/data/aerospike/repository/query/StubParameterAccessor.class], file [/home/aluno/spring-projects/maven/spring-data-aerospike/target/test-classes/org/springframework/data/aerospike/repository/query/AllTests.class], file [/home/aluno/spring-projects/maven/spring-data-aerospike/target/test-classes/org/springframework/data/aerospike/repository/query/AerospikePartTreeQueryTest.class], file [/home/aluno/spring-projects/maven/spring-data-aerospike/target/test-classes/org/springframework/data/aerospike/repository/CustomerRepositoriesIntegrationTests.class], file [/home/aluno/spring-projects/maven/spring-data-aerospike/target/classes/org/springframework/data/aerospike/repository/AerospikeRepository.class], file [/home/aluno/spring-projects/maven/spring-data-aerospike/target/classes/org/springframework/data/aerospike/repository/support/AerospikeRepositoryFactoryBean.class], file [/home/aluno/spring-projects/maven/spring-data-aerospike/target/classes/org/springframework/data/aerospike/repository/support/AerospikeRepositoryFactory$AerospikeQueryLookupStrategy.class], file [/home/aluno/spring-projects/maven/spring-data-aerospike/target/classes/org/springframework/data/aerospike/repository/support/AerospikeRepositoryFactory.class], file [/home/aluno/spring-projects/maven/spring-data-aerospike/target/classes/org/springframework/data/aerospike/repository/support/SimpleAerospikeRepository.class], file [/home/aluno/spring-projects/maven/spring-data-aerospike/target/classes/org/springframework/data/aerospike/repository/config/AerospikeRepositoriesRegistrar.class], file [/home/aluno/spring-projects/maven/spring-data-aerospike/target/classes/org/springframework/data/aerospike/repository/config/EnableAerospikeRepositories.class], file [/home/aluno/spring-projects/maven/spring-data-aerospike/target/classes/org/springframework/data/aerospike/repository/config/AerospikeRepositoriesRegistrar$1.class], file [/home/aluno/spring-projects/maven/spring-data-aerospike/target/classes/org/springframework/data/aerospike/repository/config/AerospikeRepositoriesRegistrar$AerospikeRepositoryConfigurationExtension.class], file [/home/aluno/spring-projects/maven/spring-data-aerospike/target/classes/org/springframework/data/aerospike/repository/query/AerospikeParameterAccessor.class], file [/home/aluno/spring-projects/maven/spring-data-aerospike/target/classes/org/springframework/data/aerospike/repository/query/Query.class], file [/home/aluno/spring-projects/maven/spring-data-aerospike/target/classes/org/springframework/data/aerospike/repository/query/ConvertingParameterAccessor.class], file [/home/aluno/spring-projects/maven/spring-data-aerospike/target/classes/org/springframework/data/aerospike/repository/query/AerospikeQueryCreator$1.class], file [/home/aluno/spring-projects/maven/spring-data-aerospike/target/classes/org/springframework/data/aerospike/repository/query/CriteriaDefinition.class], file [/home/aluno/spring-projects/maven/spring-data-aerospike/target/classes/org/springframework/data/aerospike/repository/query/TextCriteria.class], file [/home/aluno/spring-projects/maven/spring-data-aerospike/target/classes/org/springframework/data/aerospike/repository/query/Criteria.class], file [/home/aluno/spring-projects/maven/spring-data-aerospike/target/classes/org/springframework/data/aerospike/repository/query/AerospikePartTreeQuery.class], file [/home/aluno/spring-projects/maven/spring-data-aerospike/target/classes/org/springframework/data/aerospike/repository/query/AerospikeQueryCreator.class]]
16:37:41.792 [main] DEBUG o.s.d.r.c.RepositoryComponentProvider - Identified candidate component class: file [/home/aluno/spring-projects/maven/spring-data-aerospike/target/test-classes/org/springframework/data/aerospike/repository/PersonRepository.class]
16:37:41.793 [main] DEBUG o.s.d.r.c.RepositoryComponentProvider - Identified candidate component class: file [/home/aluno/spring-projects/maven/spring-data-aerospike/target/test-classes/org/springframework/data/aerospike/repository/ContactRepository.class]
16:37:41.799 [main] DEBUG o.s.core.env.StandardEnvironment - Adding [systemProperties] PropertySource with lowest search precedence
16:37:41.799 [main] DEBUG o.s.core.env.StandardEnvironment - Adding [systemEnvironment] PropertySource with lowest search precedence
16:37:41.799 [main] DEBUG o.s.core.env.StandardEnvironment - Initialized StandardEnvironment with PropertySources [systemProperties,systemEnvironment]
16:37:41.799 [main] DEBUG o.s.c.i.s.PathMatchingResourcePatternResolver - Looking for matching resources in directory tree [/home/aluno/spring-projects/maven/spring-data-aerospike/target/test-classes/org/springframework/data/aerospike/repository]
16:37:41.799 [main] DEBUG o.s.c.i.s.PathMatchingResourcePatternResolver - Searching directory [/home/aluno/spring-projects/maven/spring-data-aerospike/target/test-classes/org/springframework/data/aerospike/repository] for files matching pattern [/home/aluno/spring-projects/maven/spring-data-aerospike/target/test-classes/org/springframework/data/aerospike/repository/**/*ContactRepositoryImpl.class]
16:37:41.799 [main] DEBUG o.s.c.i.s.PathMatchingResourcePatternResolver - Searching directory [/home/aluno/spring-projects/maven/spring-data-aerospike/target/test-classes/org/springframework/data/aerospike/repository/support] for files matching pattern [/home/aluno/spring-projects/maven/spring-data-aerospike/target/test-classes/org/springframework/data/aerospike/repository/**/*ContactRepositoryImpl.class]
16:37:41.799 [main] DEBUG o.s.c.i.s.PathMatchingResourcePatternResolver - Searching directory [/home/aluno/spring-projects/maven/spring-data-aerospike/target/test-classes/org/springframework/data/aerospike/repository/query] for files matching pattern [/home/aluno/spring-projects/maven/spring-data-aerospike/target/test-classes/org/springframework/data/aerospike/repository/**/*ContactRepositoryImpl.class]
16:37:41.800 [main] DEBUG o.s.c.i.s.PathMatchingResourcePatternResolver - Looking for matching resources in directory tree [/home/aluno/spring-projects/maven/spring-data-aerospike/target/classes/org/springframework/data/aerospike/repository]
16:37:41.800 [main] DEBUG o.s.c.i.s.PathMatchingResourcePatternResolver - Searching directory [/home/aluno/spring-projects/maven/spring-data-aerospike/target/classes/org/springframework/data/aerospike/repository] for files matching pattern [/home/aluno/spring-projects/maven/spring-data-aerospike/target/classes/org/springframework/data/aerospike/repository/**/*ContactRepositoryImpl.class]
16:37:41.800 [main] DEBUG o.s.c.i.s.PathMatchingResourcePatternResolver - Searching directory [/home/aluno/spring-projects/maven/spring-data-aerospike/target/classes/org/springframework/data/aerospike/repository/support] for files matching pattern [/home/aluno/spring-projects/maven/spring-data-aerospike/target/classes/org/springframework/data/aerospike/repository/**/*ContactRepositoryImpl.class]
16:37:41.800 [main] DEBUG o.s.c.i.s.PathMatchingResourcePatternResolver - Searching directory [/home/aluno/spring-projects/maven/spring-data-aerospike/target/classes/org/springframework/data/aerospike/repository/config] for files matching pattern [/home/aluno/spring-projects/maven/spring-data-aerospike/target/classes/org/springframework/data/aerospike/repository/**/*ContactRepositoryImpl.class]
16:37:41.800 [main] DEBUG o.s.c.i.s.PathMatchingResourcePatternResolver - Searching directory [/home/aluno/spring-projects/maven/spring-data-aerospike/target/classes/org/springframework/data/aerospike/repository/query] for files matching pattern [/home/aluno/spring-projects/maven/spring-data-aerospike/target/classes/org/springframework/data/aerospike/repository/**/*ContactRepositoryImpl.class]
16:37:41.800 [main] DEBUG o.s.c.i.s.PathMatchingResourcePatternResolver - Resolved location pattern [classpath*:org/springframework/data/aerospike/repository/**/*ContactRepositoryImpl.class] to resources []
16:37:41.800 [main] DEBUG o.s.d.r.c.RepositoryConfigurationDelegate - Spring Data Aerospike - Registering repository: contactRepository - Interface: org.springframework.data.aerospike.repository.ContactRepository - Factory: org.springframework.data.keyvalue.repository.support.KeyValueRepositoryFactoryBean
16:37:41.800 [main] DEBUG o.s.core.env.StandardEnvironment - Adding [systemProperties] PropertySource with lowest search precedence
16:37:41.800 [main] DEBUG o.s.core.env.StandardEnvironment - Adding [systemEnvironment] PropertySource with lowest search precedence
16:37:41.800 [main] DEBUG o.s.core.env.StandardEnvironment - Initialized StandardEnvironment with PropertySources [systemProperties,systemEnvironment]
16:37:41.800 [main] DEBUG o.s.c.i.s.PathMatchingResourcePatternResolver - Looking for matching resources in directory tree [/home/aluno/spring-projects/maven/spring-data-aerospike/target/test-classes/org/springframework/data/aerospike/repository]
16:37:41.800 [main] DEBUG o.s.c.i.s.PathMatchingResourcePatternResolver - Searching directory [/home/aluno/spring-projects/maven/spring-data-aerospike/target/test-classes/org/springframework/data/aerospike/repository] for files matching pattern [/home/aluno/spring-projects/maven/spring-data-aerospike/target/test-classes/org/springframework/data/aerospike/repository/**/*PersonRepositoryImpl.class]
16:37:41.801 [main] DEBUG o.s.c.i.s.PathMatchingResourcePatternResolver - Searching directory [/home/aluno/spring-projects/maven/spring-data-aerospike/target/test-classes/org/springframework/data/aerospike/repository/support] for files matching pattern [/home/aluno/spring-projects/maven/spring-data-aerospike/target/test-classes/org/springframework/data/aerospike/repository/**/*PersonRepositoryImpl.class]
16:37:41.801 [main] DEBUG o.s.c.i.s.PathMatchingResourcePatternResolver - Searching directory [/home/aluno/spring-projects/maven/spring-data-aerospike/target/test-classes/org/springframework/data/aerospike/repository/query] for files matching pattern [/home/aluno/spring-projects/maven/spring-data-aerospike/target/test-classes/org/springframework/data/aerospike/repository/**/*PersonRepositoryImpl.class]
16:37:41.801 [main] DEBUG o.s.c.i.s.PathMatchingResourcePatternResolver - Looking for matching resources in directory tree [/home/aluno/spring-projects/maven/spring-data-aerospike/target/classes/org/springframework/data/aerospike/repository]
16:37:41.801 [main] DEBUG o.s.c.i.s.PathMatchingResourcePatternResolver - Searching directory [/home/aluno/spring-projects/maven/spring-data-aerospike/target/classes/org/springframework/data/aerospike/repository] for files matching pattern [/home/aluno/spring-projects/maven/spring-data-aerospike/target/classes/org/springframework/data/aerospike/repository/**/*PersonRepositoryImpl.class]
16:37:41.801 [main] DEBUG o.s.c.i.s.PathMatchingResourcePatternResolver - Searching directory [/home/aluno/spring-projects/maven/spring-data-aerospike/target/classes/org/springframework/data/aerospike/repository/support] for files matching pattern [/home/aluno/spring-projects/maven/spring-data-aerospike/target/classes/org/springframework/data/aerospike/repository/**/*PersonRepositoryImpl.class]
16:37:41.801 [main] DEBUG o.s.c.i.s.PathMatchingResourcePatternResolver - Searching directory [/home/aluno/spring-projects/maven/spring-data-aerospike/target/classes/org/springframework/data/aerospike/repository/config] for files matching pattern [/home/aluno/spring-projects/maven/spring-data-aerospike/target/classes/org/springframework/data/aerospike/repository/**/*PersonRepositoryImpl.class]
16:37:41.801 [main] DEBUG o.s.c.i.s.PathMatchingResourcePatternResolver - Searching directory [/home/aluno/spring-projects/maven/spring-data-aerospike/target/classes/org/springframework/data/aerospike/repository/query] for files matching pattern [/home/aluno/spring-projects/maven/spring-data-aerospike/target/classes/org/springframework/data/aerospike/repository/**/*PersonRepositoryImpl.class]
16:37:41.801 [main] DEBUG o.s.c.i.s.PathMatchingResourcePatternResolver - Resolved location pattern [classpath*:org/springframework/data/aerospike/repository/**/*PersonRepositoryImpl.class] to resources []
16:37:41.801 [main] DEBUG o.s.d.r.c.RepositoryConfigurationDelegate - Spring Data Aerospike - Registering repository: personRepository - Interface: org.springframework.data.aerospike.repository.PersonRepository - Factory: org.springframework.data.keyvalue.repository.support.KeyValueRepositoryFactoryBean
16:37:41.802 [main] DEBUG o.s.c.a.ConfigurationClassEnhancer - Successfully enhanced org.springframework.data.aerospike.repository.TestConfigPerson; enhanced class name is: org.springframework.data.aerospike.repository.TestConfigPerson$$EnhancerBySpringCGLIB$$3f27a8da
16:37:41.802 [main] DEBUG o.s.c.a.ConfigurationClassPostProcessor - Replacing bean definition 'testConfigPerson' existing class name 'org.springframework.data.aerospike.repository.TestConfigPerson' with enhanced class name 'org.springframework.data.aerospike.repository.TestConfigPerson$$EnhancerBySpringCGLIB$$3f27a8da'
16:37:41.802 [main] DEBUG o.s.b.f.s.DefaultListableBeanFactory - Creating shared instance of singleton bean 'org.springframework.context.annotation.internalAutowiredAnnotationProcessor'
16:37:41.802 [main] DEBUG o.s.b.f.s.DefaultListableBeanFactory - Creating instance of bean 'org.springframework.context.annotation.internalAutowiredAnnotationProcessor'
16:37:41.802 [main] DEBUG o.s.b.f.s.DefaultListableBeanFactory - Eagerly caching bean 'org.springframework.context.annotation.internalAutowiredAnnotationProcessor' to allow for resolving potential circular references
16:37:41.802 [main] DEBUG o.s.b.f.s.DefaultListableBeanFactory - Finished creating instance of bean 'org.springframework.context.annotation.internalAutowiredAnnotationProcessor'
16:37:41.802 [main] DEBUG o.s.b.f.s.DefaultListableBeanFactory - Creating shared instance of singleton bean 'org.springframework.context.annotation.internalRequiredAnnotationProcessor'
16:37:41.802 [main] DEBUG o.s.b.f.s.DefaultListableBeanFactory - Creating instance of bean 'org.springframework.context.annotation.internalRequiredAnnotationProcessor'
16:37:41.802 [main] DEBUG o.s.b.f.s.DefaultListableBeanFactory - Eagerly caching bean 'org.springframework.context.annotation.internalRequiredAnnotationProcessor' to allow for resolving potential circular references
16:37:41.802 [main] DEBUG o.s.b.f.s.DefaultListableBeanFactory - Finished creating instance of bean 'org.springframework.context.annotation.internalRequiredAnnotationProcessor'
16:37:41.802 [main] DEBUG o.s.b.f.s.DefaultListableBeanFactory - Creating shared instance of singleton bean 'org.springframework.context.annotation.internalCommonAnnotationProcessor'
16:37:41.802 [main] DEBUG o.s.b.f.s.DefaultListableBeanFactory - Creating instance of bean 'org.springframework.context.annotation.internalCommonAnnotationProcessor'
16:37:41.802 [main] DEBUG o.s.b.f.s.DefaultListableBeanFactory - Eagerly caching bean 'org.springframework.context.annotation.internalCommonAnnotationProcessor' to allow for resolving potential circular references
16:37:41.802 [main] DEBUG o.s.b.f.s.DefaultListableBeanFactory - Finished creating instance of bean 'org.springframework.context.annotation.internalCommonAnnotationProcessor'
16:37:41.802 [main] DEBUG o.s.b.f.s.DefaultListableBeanFactory - Creating shared instance of singleton bean 'org.springframework.context.annotation.ConfigurationClassPostProcessor.importAwareProcessor'
16:37:41.802 [main] DEBUG o.s.b.f.s.DefaultListableBeanFactory - Creating instance of bean 'org.springframework.context.annotation.ConfigurationClassPostProcessor.importAwareProcessor'
16:37:41.802 [main] DEBUG o.s.b.f.s.DefaultListableBeanFactory - Eagerly caching bean 'org.springframework.context.annotation.ConfigurationClassPostProcessor.importAwareProcessor' to allow for resolving potential circular references
16:37:41.802 [main] DEBUG o.s.b.f.s.DefaultListableBeanFactory - Finished creating instance of bean 'org.springframework.context.annotation.ConfigurationClassPostProcessor.importAwareProcessor'
16:37:41.802 [main] DEBUG o.s.b.f.s.DefaultListableBeanFactory - Creating shared instance of singleton bean 'org.springframework.context.annotation.ConfigurationClassPostProcessor.enhancedConfigurationProcessor'
16:37:41.802 [main] DEBUG o.s.b.f.s.DefaultListableBeanFactory - Creating instance of bean 'org.springframework.context.annotation.ConfigurationClassPostProcessor.enhancedConfigurationProcessor'
16:37:41.802 [main] DEBUG o.s.b.f.s.DefaultListableBeanFactory - Eagerly caching bean 'org.springframework.context.annotation.ConfigurationClassPostProcessor.enhancedConfigurationProcessor' to allow for resolving potential circular references
16:37:41.802 [main] DEBUG o.s.b.f.s.DefaultListableBeanFactory - Finished creating instance of bean 'org.springframework.context.annotation.ConfigurationClassPostProcessor.enhancedConfigurationProcessor'
16:37:41.802 [main] DEBUG o.s.b.f.s.DefaultListableBeanFactory - Creating shared instance of singleton bean 'org.springframework.data.repository.core.support.RepositoryInterfaceAwareBeanPostProcessor'
16:37:41.802 [main] DEBUG o.s.b.f.s.DefaultListableBeanFactory - Creating instance of bean 'org.springframework.data.repository.core.support.RepositoryInterfaceAwareBeanPostProcessor'
16:37:41.802 [main] DEBUG o.s.b.f.s.DefaultListableBeanFactory - Eagerly caching bean 'org.springframework.data.repository.core.support.RepositoryInterfaceAwareBeanPostProcessor' to allow for resolving potential circular references
16:37:41.802 [main] DEBUG o.s.b.f.s.DefaultListableBeanFactory - Finished creating instance of bean 'org.springframework.data.repository.core.support.RepositoryInterfaceAwareBeanPostProcessor'
16:37:41.802 [main] DEBUG o.s.c.s.GenericApplicationContext - Unable to locate MessageSource with name 'messageSource': using default [org.springframework.context.support.DelegatingMessageSource@2643d762]
16:37:41.802 [main] DEBUG o.s.c.s.GenericApplicationContext - Unable to locate ApplicationEventMulticaster with name 'applicationEventMulticaster': using default [org.springframework.context.event.SimpleApplicationEventMulticaster@6403e24c]
16:37:41.803 [main] DEBUG o.s.b.f.s.DefaultListableBeanFactory - Pre-instantiating singletons in org.springframework.beans.factory.support.DefaultListableBeanFactory@4d3ca6c7: defining beans [org.springframework.context.annotation.internalConfigurationAnnotationProcessor,org.springframework.context.annotation.internalAutowiredAnnotationProcessor,org.springframework.context.annotation.internalRequiredAnnotationProcessor,org.springframework.context.annotation.internalCommonAnnotationProcessor,testConfigPerson,org.springframework.context.annotation.ConfigurationClassPostProcessor.importAwareProcessor,org.springframework.context.annotation.ConfigurationClassPostProcessor.enhancedConfigurationProcessor,aerospikeTemplate,aerospikeClient,org.springframework.data.aerospike.repository.config.AerospikeRepositoriesRegistrar$AerospikeRepositoryConfigurationExtension#0,org.springframework.data.repository.core.support.RepositoryInterfaceAwareBeanPostProcessor,keyValueMappingContext,contactRepository,personRepository]; root of factory hierarchy
16:37:41.803 [main] DEBUG o.s.b.f.s.DefaultListableBeanFactory - Returning cached instance of singleton bean 'org.springframework.context.annotation.internalConfigurationAnnotationProcessor'
16:37:41.803 [main] DEBUG o.s.b.f.s.DefaultListableBeanFactory - Returning cached instance of singleton bean 'org.springframework.context.annotation.internalAutowiredAnnotationProcessor'
16:37:41.803 [main] DEBUG o.s.b.f.s.DefaultListableBeanFactory - Returning cached instance of singleton bean 'org.springframework.context.annotation.internalRequiredAnnotationProcessor'
16:37:41.803 [main] DEBUG o.s.b.f.s.DefaultListableBeanFactory - Returning cached instance of singleton bean 'org.springframework.context.annotation.internalCommonAnnotationProcessor'
16:37:41.803 [main] DEBUG o.s.b.f.s.DefaultListableBeanFactory - Creating shared instance of singleton bean 'testConfigPerson'
16:37:41.803 [main] DEBUG o.s.b.f.s.DefaultListableBeanFactory - Creating instance of bean 'testConfigPerson'
16:37:41.803 [main] DEBUG o.s.b.f.s.DefaultListableBeanFactory - Eagerly caching bean 'testConfigPerson' to allow for resolving potential circular references
16:37:41.803 [main] DEBUG o.s.b.f.s.DefaultListableBeanFactory - Finished creating instance of bean 'testConfigPerson'
16:37:41.803 [main] DEBUG o.s.b.f.s.DefaultListableBeanFactory - Returning cached instance of singleton bean 'org.springframework.context.annotation.ConfigurationClassPostProcessor.importAwareProcessor'
16:37:41.803 [main] DEBUG o.s.b.f.s.DefaultListableBeanFactory - Returning cached instance of singleton bean 'org.springframework.context.annotation.ConfigurationClassPostProcessor.enhancedConfigurationProcessor'
16:37:41.803 [main] DEBUG o.s.b.f.s.DefaultListableBeanFactory - Creating shared instance of singleton bean 'aerospikeTemplate'
16:37:41.803 [main] DEBUG o.s.b.f.s.DefaultListableBeanFactory - Creating instance of bean 'aerospikeTemplate'
16:37:41.803 [main] DEBUG o.s.b.f.s.DefaultListableBeanFactory - Returning cached instance of singleton bean 'testConfigPerson'
16:37:41.803 [main] DEBUG o.s.b.f.s.DefaultListableBeanFactory - Creating shared instance of singleton bean 'aerospikeClient'
16:37:41.803 [main] DEBUG o.s.b.f.s.DefaultListableBeanFactory - Creating instance of bean 'aerospikeClient'
16:37:41.803 [main] DEBUG o.s.b.f.s.DefaultListableBeanFactory - Returning cached instance of singleton bean 'testConfigPerson'
16:37:43.806 [main] DEBUG o.s.d.a.r.q.AerospikeQueryCreator - AS:Alias 52.41.32.83:3000 failed: Error Code 11: java.net.SocketTimeoutException: connect timed out
16:37:43.806 [main] WARN  o.s.d.a.r.q.AerospikeQueryCreator - AS:Seed 52.41.32.83:3000 failed: Error Code 11: java.net.SocketTimeoutException: connect timed out
16:37:43.808 [main] WARN  o.s.c.s.GenericApplicationContext - Exception encountered during context initialization - cancelling refresh attempt
org.springframework.beans.factory.BeanCreationException: Error creating bean with name 'aerospikeTemplate' defined in org.springframework.data.aerospike.repository.TestConfigPerson: Bean instantiation via factory method failed; nested exception is org.springframework.beans.BeanInstantiationException: Failed to instantiate [org.springframework.data.aerospike.core.AerospikeTemplate]: Factory method 'aerospikeTemplate' threw exception; nested exception is org.springframework.beans.factory.BeanCreationException: Error creating bean with name 'aerospikeClient' defined in org.springframework.data.aerospike.repository.TestConfigPerson: Bean instantiation via factory method failed; nested exception is org.springframework.beans.BeanInstantiationException: Failed to instantiate [com.aerospike.client.AerospikeClient]: Factory method 'aerospikeClient' threw exception; nested exception is com.aerospike.client.AerospikeException$Connection: Error Code 11: Failed to connect to host(s): 
52.41.32.83:3000 Error Code 11: java.net.SocketTimeoutException: connect timed out

	at org.springframework.beans.factory.support.ConstructorResolver.instantiateUsingFactoryMethod(ConstructorResolver.java:599) ~[spring-beans-4.1.7.RELEASE.jar:4.1.7.RELEASE]
	at org.springframework.beans.factory.support.AbstractAutowireCapableBeanFactory.instantiateUsingFactoryMethod(AbstractAutowireCapableBeanFactory.java:1119) ~[spring-beans-4.1.7.RELEASE.jar:4.1.7.RELEASE]
	at org.springframework.beans.factory.support.AbstractAutowireCapableBeanFactory.createBeanInstance(AbstractAutowireCapableBeanFactory.java:1014) ~[spring-beans-4.1.7.RELEASE.jar:4.1.7.RELEASE]
	at org.springframework.beans.factory.support.AbstractAutowireCapableBeanFactory.doCreateBean(AbstractAutowireCapableBeanFactory.java:504) ~[spring-beans-4.1.7.RELEASE.jar:4.1.7.RELEASE]
	at org.springframework.beans.factory.support.AbstractAutowireCapableBeanFactory.createBean(AbstractAutowireCapableBeanFactory.java:476) ~[spring-beans-4.1.7.RELEASE.jar:4.1.7.RELEASE]
	at org.springframework.beans.factory.support.AbstractBeanFactory$1.getObject(AbstractBeanFactory.java:303) ~[spring-beans-4.1.7.RELEASE.jar:4.1.7.RELEASE]
	at org.springframework.beans.factory.support.DefaultSingletonBeanRegistry.getSingleton(DefaultSingletonBeanRegistry.java:230) ~[spring-beans-4.1.7.RELEASE.jar:4.1.7.RELEASE]
	at org.springframework.beans.factory.support.AbstractBeanFactory.doGetBean(AbstractBeanFactory.java:299) ~[spring-beans-4.1.7.RELEASE.jar:4.1.7.RELEASE]
	at org.springframework.beans.factory.support.AbstractBeanFactory.getBean(AbstractBeanFactory.java:194) ~[spring-beans-4.1.7.RELEASE.jar:4.1.7.RELEASE]
	at org.springframework.beans.factory.support.DefaultListableBeanFactory.preInstantiateSingletons(DefaultListableBeanFactory.java:755) ~[spring-beans-4.1.7.RELEASE.jar:4.1.7.RELEASE]
	at org.springframework.context.support.AbstractApplicationContext.finishBeanFactoryInitialization(AbstractApplicationContext.java:757) ~[spring-context-4.1.7.RELEASE.jar:4.1.7.RELEASE]
	at org.springframework.context.support.AbstractApplicationContext.refresh(AbstractApplicationContext.java:480) ~[spring-context-4.1.7.RELEASE.jar:4.1.7.RELEASE]
	at org.springframework.test.context.support.AbstractGenericContextLoader.loadContext(AbstractGenericContextLoader.java:125) [spring-test-4.1.7.RELEASE.jar:4.1.7.RELEASE]
	at org.springframework.test.context.support.AbstractGenericContextLoader.loadContext(AbstractGenericContextLoader.java:60) [spring-test-4.1.7.RELEASE.jar:4.1.7.RELEASE]
	at org.springframework.test.context.support.AbstractDelegatingSmartContextLoader.delegateLoading(AbstractDelegatingSmartContextLoader.java:109) [spring-test-4.1.7.RELEASE.jar:4.1.7.RELEASE]
	at org.springframework.test.context.support.AbstractDelegatingSmartContextLoader.loadContext(AbstractDelegatingSmartContextLoader.java:261) [spring-test-4.1.7.RELEASE.jar:4.1.7.RELEASE]
	at org.springframework.test.context.DefaultCacheAwareContextLoaderDelegate.loadContextInternal(DefaultCacheAwareContextLoaderDelegate.java:68) [spring-test-4.1.7.RELEASE.jar:4.1.7.RELEASE]
	at org.springframework.test.context.DefaultCacheAwareContextLoaderDelegate.loadContext(DefaultCacheAwareContextLoaderDelegate.java:86) [spring-test-4.1.7.RELEASE.jar:4.1.7.RELEASE]
	at org.springframework.test.context.DefaultTestContext.getApplicationContext(DefaultTestContext.java:72) [spring-test-4.1.7.RELEASE.jar:4.1.7.RELEASE]
	at org.springframework.test.context.support.DependencyInjectionTestExecutionListener.injectDependencies(DependencyInjectionTestExecutionListener.java:117) [spring-test-4.1.7.RELEASE.jar:4.1.7.RELEASE]
	at org.springframework.test.context.support.DependencyInjectionTestExecutionListener.prepareTestInstance(DependencyInjectionTestExecutionListener.java:83) [spring-test-4.1.7.RELEASE.jar:4.1.7.RELEASE]
	at org.springframework.test.context.TestContextManager.prepareTestInstance(TestContextManager.java:212) [spring-test-4.1.7.RELEASE.jar:4.1.7.RELEASE]
	at org.springframework.test.context.junit4.SpringJUnit4ClassRunner.createTest(SpringJUnit4ClassRunner.java:200) [spring-test-4.1.7.RELEASE.jar:4.1.7.RELEASE]
	at org.springframework.test.context.junit4.SpringJUnit4ClassRunner$1.runReflectiveCall(SpringJUnit4ClassRunner.java:259) [spring-test-4.1.7.RELEASE.jar:4.1.7.RELEASE]
	at org.junit.internal.runners.model.ReflectiveCallable.run(ReflectiveCallable.java:12) [junit-4.12.jar:4.12]
	at org.springframework.test.context.junit4.SpringJUnit4ClassRunner.methodBlock(SpringJUnit4ClassRunner.java:261) [spring-test-4.1.7.RELEASE.jar:4.1.7.RELEASE]
	at org.springframework.test.context.junit4.SpringJUnit4ClassRunner.runChild(SpringJUnit4ClassRunner.java:219) [spring-test-4.1.7.RELEASE.jar:4.1.7.RELEASE]
	at org.springframework.test.context.junit4.SpringJUnit4ClassRunner.runChild(SpringJUnit4ClassRunner.java:83) [spring-test-4.1.7.RELEASE.jar:4.1.7.RELEASE]
	at org.junit.runners.ParentRunner$3.run(ParentRunner.java:290) [junit-4.12.jar:4.12]
	at org.junit.runners.ParentRunner$1.schedule(ParentRunner.java:71) [junit-4.12.jar:4.12]
	at org.junit.runners.ParentRunner.runChildren(ParentRunner.java:288) [junit-4.12.jar:4.12]
	at org.junit.runners.ParentRunner.access$000(ParentRunner.java:58) [junit-4.12.jar:4.12]
	at org.junit.runners.ParentRunner$2.evaluate(ParentRunner.java:268) [junit-4.12.jar:4.12]
	at org.springframework.test.context.junit4.statements.RunBeforeTestClassCallbacks.evaluate(RunBeforeTestClassCallbacks.java:61) [spring-test-4.1.7.RELEASE.jar:4.1.7.RELEASE]
	at org.springframework.test.context.junit4.statements.RunAfterTestClassCallbacks.evaluate(RunAfterTestClassCallbacks.java:68) [spring-test-4.1.7.RELEASE.jar:4.1.7.RELEASE]
	at org.junit.runners.ParentRunner.run(ParentRunner.java:363) [junit-4.12.jar:4.12]
	at org.springframework.test.context.junit4.SpringJUnit4ClassRunner.run(SpringJUnit4ClassRunner.java:163) [spring-test-4.1.7.RELEASE.jar:4.1.7.RELEASE]
	at org.junit.runners.Suite.runChild(Suite.java:128) [junit-4.12.jar:4.12]
	at org.junit.runners.Suite.runChild(Suite.java:27) [junit-4.12.jar:4.12]
	at org.junit.runners.ParentRunner$3.run(ParentRunner.java:290) [junit-4.12.jar:4.12]
	at org.junit.runners.ParentRunner$1.schedule(ParentRunner.java:71) [junit-4.12.jar:4.12]
	at org.junit.runners.ParentRunner.runChildren(ParentRunner.java:288) [junit-4.12.jar:4.12]
	at org.junit.runners.ParentRunner.access$000(ParentRunner.java:58) [junit-4.12.jar:4.12]
	at org.junit.runners.ParentRunner$2.evaluate(ParentRunner.java:268) [junit-4.12.jar:4.12]
	at org.junit.runners.ParentRunner.run(ParentRunner.java:363) [junit-4.12.jar:4.12]
	at org.apache.maven.surefire.junit4.JUnit4Provider.execute(JUnit4Provider.java:283) [surefire-junit4-2.18.1.jar:2.18.1]
	at org.apache.maven.surefire.junit4.JUnit4Provider.executeWithRerun(JUnit4Provider.java:173) [surefire-junit4-2.18.1.jar:2.18.1]
	at org.apache.maven.surefire.junit4.JUnit4Provider.executeTestSet(JUnit4Provider.java:153) [surefire-junit4-2.18.1.jar:2.18.1]
	at org.apache.maven.surefire.junit4.JUnit4Provider.invoke(JUnit4Provider.java:128) [surefire-junit4-2.18.1.jar:2.18.1]
	at org.apache.maven.surefire.booter.ForkedBooter.invokeProviderInSameClassLoader(ForkedBooter.java:203) [surefire-booter-2.18.1.jar:2.18.1]
	at org.apache.maven.surefire.booter.ForkedBooter.runSuitesInProcess(ForkedBooter.java:155) [surefire-booter-2.18.1.jar:2.18.1]
	at org.apache.maven.surefire.booter.ForkedBooter.main(ForkedBooter.java:103) [surefire-booter-2.18.1.jar:2.18.1]
Caused by: org.springframework.beans.BeanInstantiationException: Failed to instantiate [org.springframework.data.aerospike.core.AerospikeTemplate]: Factory method 'aerospikeTemplate' threw exception; nested exception is org.springframework.beans.factory.BeanCreationException: Error creating bean with name 'aerospikeClient' defined in org.springframework.data.aerospike.repository.TestConfigPerson: Bean instantiation via factory method failed; nested exception is org.springframework.beans.BeanInstantiationException: Failed to instantiate [com.aerospike.client.AerospikeClient]: Factory method 'aerospikeClient' threw exception; nested exception is com.aerospike.client.AerospikeException$Connection: Error Code 11: Failed to connect to host(s): 
52.41.32.83:3000 Error Code 11: java.net.SocketTimeoutException: connect timed out

	at org.springframework.beans.factory.support.SimpleInstantiationStrategy.instantiate(SimpleInstantiationStrategy.java:189) ~[spring-beans-4.1.7.RELEASE.jar:4.1.7.RELEASE]
	at org.springframework.beans.factory.support.ConstructorResolver.instantiateUsingFactoryMethod(ConstructorResolver.java:588) ~[spring-beans-4.1.7.RELEASE.jar:4.1.7.RELEASE]
	... 51 common frames omitted
Caused by: org.springframework.beans.factory.BeanCreationException: Error creating bean with name 'aerospikeClient' defined in org.springframework.data.aerospike.repository.TestConfigPerson: Bean instantiation via factory method failed; nested exception is org.springframework.beans.BeanInstantiationException: Failed to instantiate [com.aerospike.client.AerospikeClient]: Factory method 'aerospikeClient' threw exception; nested exception is com.aerospike.client.AerospikeException$Connection: Error Code 11: Failed to connect to host(s): 
52.41.32.83:3000 Error Code 11: java.net.SocketTimeoutException: connect timed out

	at org.springframework.beans.factory.support.ConstructorResolver.instantiateUsingFactoryMethod(ConstructorResolver.java:599) ~[spring-beans-4.1.7.RELEASE.jar:4.1.7.RELEASE]
	at org.springframework.beans.factory.support.AbstractAutowireCapableBeanFactory.instantiateUsingFactoryMethod(AbstractAutowireCapableBeanFactory.java:1119) ~[spring-beans-4.1.7.RELEASE.jar:4.1.7.RELEASE]
	at org.springframework.beans.factory.support.AbstractAutowireCapableBeanFactory.createBeanInstance(AbstractAutowireCapableBeanFactory.java:1014) ~[spring-beans-4.1.7.RELEASE.jar:4.1.7.RELEASE]
	at org.springframework.beans.factory.support.AbstractAutowireCapableBeanFactory.doCreateBean(AbstractAutowireCapableBeanFactory.java:504) ~[spring-beans-4.1.7.RELEASE.jar:4.1.7.RELEASE]
	at org.springframework.beans.factory.support.AbstractAutowireCapableBeanFactory.createBean(AbstractAutowireCapableBeanFactory.java:476) ~[spring-beans-4.1.7.RELEASE.jar:4.1.7.RELEASE]
	at org.springframework.beans.factory.support.AbstractBeanFactory$1.getObject(AbstractBeanFactory.java:303) ~[spring-beans-4.1.7.RELEASE.jar:4.1.7.RELEASE]
	at org.springframework.beans.factory.support.DefaultSingletonBeanRegistry.getSingleton(DefaultSingletonBeanRegistry.java:230) ~[spring-beans-4.1.7.RELEASE.jar:4.1.7.RELEASE]
	at org.springframework.beans.factory.support.AbstractBeanFactory.doGetBean(AbstractBeanFactory.java:299) ~[spring-beans-4.1.7.RELEASE.jar:4.1.7.RELEASE]
	at org.springframework.beans.factory.support.AbstractBeanFactory.getBean(AbstractBeanFactory.java:194) ~[spring-beans-4.1.7.RELEASE.jar:4.1.7.RELEASE]
	at org.springframework.context.annotation.ConfigurationClassEnhancer$BeanMethodInterceptor.intercept(ConfigurationClassEnhancer.java:322) ~[spring-context-4.1.7.RELEASE.jar:4.1.7.RELEASE]
	at org.springframework.data.aerospike.repository.TestConfigPerson$$EnhancerBySpringCGLIB$$3f27a8da.aerospikeClient(<generated>) ~[spring-core-4.1.7.RELEASE.jar:na]
	at org.springframework.data.aerospike.repository.TestConfigPerson.aerospikeTemplate(TestConfigPerson.java:38) ~[test-classes/:na]
	at org.springframework.data.aerospike.repository.TestConfigPerson$$EnhancerBySpringCGLIB$$3f27a8da.CGLIB$aerospikeTemplate$0(<generated>) ~[spring-core-4.1.7.RELEASE.jar:na]
	at org.springframework.data.aerospike.repository.TestConfigPerson$$EnhancerBySpringCGLIB$$3f27a8da$$FastClassBySpringCGLIB$$38965c5e.invoke(<generated>) ~[spring-core-4.1.7.RELEASE.jar:na]
	at org.springframework.cglib.proxy.MethodProxy.invokeSuper(MethodProxy.java:228) ~[spring-core-4.1.7.RELEASE.jar:4.1.7.RELEASE]
	at org.springframework.context.annotation.ConfigurationClassEnhancer$BeanMethodInterceptor.intercept(ConfigurationClassEnhancer.java:309) ~[spring-context-4.1.7.RELEASE.jar:4.1.7.RELEASE]
	at org.springframework.data.aerospike.repository.TestConfigPerson$$EnhancerBySpringCGLIB$$3f27a8da.aerospikeTemplate(<generated>) ~[spring-core-4.1.7.RELEASE.jar:na]
	at sun.reflect.NativeMethodAccessorImpl.invoke0(Native Method) ~[na:1.8.0_91]
	at sun.reflect.NativeMethodAccessorImpl.invoke(NativeMethodAccessorImpl.java:62) ~[na:1.8.0_91]
	at sun.reflect.DelegatingMethodAccessorImpl.invoke(DelegatingMethodAccessorImpl.java:43) ~[na:1.8.0_91]
	at java.lang.reflect.Method.invoke(Method.java:498) ~[na:1.8.0_91]
	at org.springframework.beans.factory.support.SimpleInstantiationStrategy.instantiate(SimpleInstantiationStrategy.java:162) ~[spring-beans-4.1.7.RELEASE.jar:4.1.7.RELEASE]
	... 52 common frames omitted
Caused by: org.springframework.beans.BeanInstantiationException: Failed to instantiate [com.aerospike.client.AerospikeClient]: Factory method 'aerospikeClient' threw exception; nested exception is com.aerospike.client.AerospikeException$Connection: Error Code 11: Failed to connect to host(s): 
52.41.32.83:3000 Error Code 11: java.net.SocketTimeoutException: connect timed out

	at org.springframework.beans.factory.support.SimpleInstantiationStrategy.instantiate(SimpleInstantiationStrategy.java:189) ~[spring-beans-4.1.7.RELEASE.jar:4.1.7.RELEASE]
	at org.springframework.beans.factory.support.ConstructorResolver.instantiateUsingFactoryMethod(ConstructorResolver.java:588) ~[spring-beans-4.1.7.RELEASE.jar:4.1.7.RELEASE]
	... 73 common frames omitted
Caused by: com.aerospike.client.AerospikeException$Connection: Error Code 11: Failed to connect to host(s): 
52.41.32.83:3000 Error Code 11: java.net.SocketTimeoutException: connect timed out

	at com.aerospike.client.cluster.Cluster.seedNodes(Cluster.java:386) ~[aerospike-client-3.2.3.jar:na]
	at com.aerospike.client.cluster.Cluster.tend(Cluster.java:273) ~[aerospike-client-3.2.3.jar:na]
	at com.aerospike.client.cluster.Cluster.waitTillStabilized(Cluster.java:238) ~[aerospike-client-3.2.3.jar:na]
	at com.aerospike.client.cluster.Cluster.initTendThread(Cluster.java:148) ~[aerospike-client-3.2.3.jar:na]
	at com.aerospike.client.AerospikeClient.<init>(AerospikeClient.java:209) ~[aerospike-client-3.2.3.jar:na]
	at com.aerospike.client.AerospikeClient.<init>(AerospikeClient.java:173) ~[aerospike-client-3.2.3.jar:na]
	at org.springframework.data.aerospike.repository.TestConfigPerson.aerospikeClient(TestConfigPerson.java:32) ~[test-classes/:na]
	at org.springframework.data.aerospike.repository.TestConfigPerson$$EnhancerBySpringCGLIB$$3f27a8da.CGLIB$aerospikeClient$1(<generated>) ~[spring-core-4.1.7.RELEASE.jar:na]
	at org.springframework.data.aerospike.repository.TestConfigPerson$$EnhancerBySpringCGLIB$$3f27a8da$$FastClassBySpringCGLIB$$38965c5e.invoke(<generated>) ~[spring-core-4.1.7.RELEASE.jar:na]
	at org.springframework.cglib.proxy.MethodProxy.invokeSuper(MethodProxy.java:228) ~[spring-core-4.1.7.RELEASE.jar:4.1.7.RELEASE]
	at org.springframework.context.annotation.ConfigurationClassEnhancer$BeanMethodInterceptor.intercept(ConfigurationClassEnhancer.java:309) ~[spring-context-4.1.7.RELEASE.jar:4.1.7.RELEASE]
	at org.springframework.data.aerospike.repository.TestConfigPerson$$EnhancerBySpringCGLIB$$3f27a8da.aerospikeClient(<generated>) ~[spring-core-4.1.7.RELEASE.jar:na]
	at sun.reflect.NativeMethodAccessorImpl.invoke0(Native Method) ~[na:1.8.0_91]
	at sun.reflect.NativeMethodAccessorImpl.invoke(NativeMethodAccessorImpl.java:62) ~[na:1.8.0_91]
	at sun.reflect.DelegatingMethodAccessorImpl.invoke(DelegatingMethodAccessorImpl.java:43) ~[na:1.8.0_91]
	at java.lang.reflect.Method.invoke(Method.java:498) ~[na:1.8.0_91]
	at org.springframework.beans.factory.support.SimpleInstantiationStrategy.instantiate(SimpleInstantiationStrategy.java:162) ~[spring-beans-4.1.7.RELEASE.jar:4.1.7.RELEASE]
	... 74 common frames omitted
16:37:43.808 [main] DEBUG o.s.b.f.s.DefaultListableBeanFactory - Destroying singletons in org.springframework.beans.factory.support.DefaultListableBeanFactory@4d3ca6c7: defining beans [org.springframework.context.annotation.internalConfigurationAnnotationProcessor,org.springframework.context.annotation.internalAutowiredAnnotationProcessor,org.springframework.context.annotation.internalRequiredAnnotationProcessor,org.springframework.context.annotation.internalCommonAnnotationProcessor,testConfigPerson,org.springframework.context.annotation.ConfigurationClassPostProcessor.importAwareProcessor,org.springframework.context.annotation.ConfigurationClassPostProcessor.enhancedConfigurationProcessor,aerospikeTemplate,aerospikeClient,org.springframework.data.aerospike.repository.config.AerospikeRepositoriesRegistrar$AerospikeRepositoryConfigurationExtension#0,org.springframework.data.repository.core.support.RepositoryInterfaceAwareBeanPostProcessor,keyValueMappingContext,contactRepository,personRepository]; root of factory hierarchy
16:37:43.810 [main] ERROR o.s.test.context.TestContextManager - Caught exception while allowing TestExecutionListener [org.springframework.test.context.support.DependencyInjectionTestExecutionListener@48e7b3d2] to prepare test instance [org.springframework.data.aerospike.repository.PersonRepositoryIntegrationTests@44b18fe4]
java.lang.IllegalStateException: Failed to load ApplicationContext
	at org.springframework.test.context.DefaultCacheAwareContextLoaderDelegate.loadContext(DefaultCacheAwareContextLoaderDelegate.java:94) ~[spring-test-4.1.7.RELEASE.jar:4.1.7.RELEASE]
	at org.springframework.test.context.DefaultTestContext.getApplicationContext(DefaultTestContext.java:72) ~[spring-test-4.1.7.RELEASE.jar:4.1.7.RELEASE]
	at org.springframework.test.context.support.DependencyInjectionTestExecutionListener.injectDependencies(DependencyInjectionTestExecutionListener.java:117) ~[spring-test-4.1.7.RELEASE.jar:4.1.7.RELEASE]
	at org.springframework.test.context.support.DependencyInjectionTestExecutionListener.prepareTestInstance(DependencyInjectionTestExecutionListener.java:83) ~[spring-test-4.1.7.RELEASE.jar:4.1.7.RELEASE]
	at org.springframework.test.context.TestContextManager.prepareTestInstance(TestContextManager.java:212) ~[spring-test-4.1.7.RELEASE.jar:4.1.7.RELEASE]
	at org.springframework.test.context.junit4.SpringJUnit4ClassRunner.createTest(SpringJUnit4ClassRunner.java:200) [spring-test-4.1.7.RELEASE.jar:4.1.7.RELEASE]
	at org.springframework.test.context.junit4.SpringJUnit4ClassRunner$1.runReflectiveCall(SpringJUnit4ClassRunner.java:259) [spring-test-4.1.7.RELEASE.jar:4.1.7.RELEASE]
	at org.junit.internal.runners.model.ReflectiveCallable.run(ReflectiveCallable.java:12) [junit-4.12.jar:4.12]
	at org.springframework.test.context.junit4.SpringJUnit4ClassRunner.methodBlock(SpringJUnit4ClassRunner.java:261) [spring-test-4.1.7.RELEASE.jar:4.1.7.RELEASE]
	at org.springframework.test.context.junit4.SpringJUnit4ClassRunner.runChild(SpringJUnit4ClassRunner.java:219) [spring-test-4.1.7.RELEASE.jar:4.1.7.RELEASE]
	at org.springframework.test.context.junit4.SpringJUnit4ClassRunner.runChild(SpringJUnit4ClassRunner.java:83) [spring-test-4.1.7.RELEASE.jar:4.1.7.RELEASE]
	at org.junit.runners.ParentRunner$3.run(ParentRunner.java:290) [junit-4.12.jar:4.12]
	at org.junit.runners.ParentRunner$1.schedule(ParentRunner.java:71) [junit-4.12.jar:4.12]
	at org.junit.runners.ParentRunner.runChildren(ParentRunner.java:288) [junit-4.12.jar:4.12]
	at org.junit.runners.ParentRunner.access$000(ParentRunner.java:58) [junit-4.12.jar:4.12]
	at org.junit.runners.ParentRunner$2.evaluate(ParentRunner.java:268) [junit-4.12.jar:4.12]
	at org.springframework.test.context.junit4.statements.RunBeforeTestClassCallbacks.evaluate(RunBeforeTestClassCallbacks.java:61) [spring-test-4.1.7.RELEASE.jar:4.1.7.RELEASE]
	at org.springframework.test.context.junit4.statements.RunAfterTestClassCallbacks.evaluate(RunAfterTestClassCallbacks.java:68) [spring-test-4.1.7.RELEASE.jar:4.1.7.RELEASE]
	at org.junit.runners.ParentRunner.run(ParentRunner.java:363) [junit-4.12.jar:4.12]
	at org.springframework.test.context.junit4.SpringJUnit4ClassRunner.run(SpringJUnit4ClassRunner.java:163) [spring-test-4.1.7.RELEASE.jar:4.1.7.RELEASE]
	at org.junit.runners.Suite.runChild(Suite.java:128) [junit-4.12.jar:4.12]
	at org.junit.runners.Suite.runChild(Suite.java:27) [junit-4.12.jar:4.12]
	at org.junit.runners.ParentRunner$3.run(ParentRunner.java:290) [junit-4.12.jar:4.12]
	at org.junit.runners.ParentRunner$1.schedule(ParentRunner.java:71) [junit-4.12.jar:4.12]
	at org.junit.runners.ParentRunner.runChildren(ParentRunner.java:288) [junit-4.12.jar:4.12]
	at org.junit.runners.ParentRunner.access$000(ParentRunner.java:58) [junit-4.12.jar:4.12]
	at org.junit.runners.ParentRunner$2.evaluate(ParentRunner.java:268) [junit-4.12.jar:4.12]
	at org.junit.runners.ParentRunner.run(ParentRunner.java:363) [junit-4.12.jar:4.12]
	at org.apache.maven.surefire.junit4.JUnit4Provider.execute(JUnit4Provider.java:283) [surefire-junit4-2.18.1.jar:2.18.1]
	at org.apache.maven.surefire.junit4.JUnit4Provider.executeWithRerun(JUnit4Provider.java:173) [surefire-junit4-2.18.1.jar:2.18.1]
	at org.apache.maven.surefire.junit4.JUnit4Provider.executeTestSet(JUnit4Provider.java:153) [surefire-junit4-2.18.1.jar:2.18.1]
	at org.apache.maven.surefire.junit4.JUnit4Provider.invoke(JUnit4Provider.java:128) [surefire-junit4-2.18.1.jar:2.18.1]
	at org.apache.maven.surefire.booter.ForkedBooter.invokeProviderInSameClassLoader(ForkedBooter.java:203) [surefire-booter-2.18.1.jar:2.18.1]
	at org.apache.maven.surefire.booter.ForkedBooter.runSuitesInProcess(ForkedBooter.java:155) [surefire-booter-2.18.1.jar:2.18.1]
	at org.apache.maven.surefire.booter.ForkedBooter.main(ForkedBooter.java:103) [surefire-booter-2.18.1.jar:2.18.1]
Caused by: org.springframework.beans.factory.BeanCreationException: Error creating bean with name 'aerospikeTemplate' defined in org.springframework.data.aerospike.repository.TestConfigPerson: Bean instantiation via factory method failed; nested exception is org.springframework.beans.BeanInstantiationException: Failed to instantiate [org.springframework.data.aerospike.core.AerospikeTemplate]: Factory method 'aerospikeTemplate' threw exception; nested exception is org.springframework.beans.factory.BeanCreationException: Error creating bean with name 'aerospikeClient' defined in org.springframework.data.aerospike.repository.TestConfigPerson: Bean instantiation via factory method failed; nested exception is org.springframework.beans.BeanInstantiationException: Failed to instantiate [com.aerospike.client.AerospikeClient]: Factory method 'aerospikeClient' threw exception; nested exception is com.aerospike.client.AerospikeException$Connection: Error Code 11: Failed to connect to host(s): 
52.41.32.83:3000 Error Code 11: java.net.SocketTimeoutException: connect timed out

	at org.springframework.beans.factory.support.ConstructorResolver.instantiateUsingFactoryMethod(ConstructorResolver.java:599) ~[spring-beans-4.1.7.RELEASE.jar:4.1.7.RELEASE]
	at org.springframework.beans.factory.support.AbstractAutowireCapableBeanFactory.instantiateUsingFactoryMethod(AbstractAutowireCapableBeanFactory.java:1119) ~[spring-beans-4.1.7.RELEASE.jar:4.1.7.RELEASE]
	at org.springframework.beans.factory.support.AbstractAutowireCapableBeanFactory.createBeanInstance(AbstractAutowireCapableBeanFactory.java:1014) ~[spring-beans-4.1.7.RELEASE.jar:4.1.7.RELEASE]
	at org.springframework.beans.factory.support.AbstractAutowireCapableBeanFactory.doCreateBean(AbstractAutowireCapableBeanFactory.java:504) ~[spring-beans-4.1.7.RELEASE.jar:4.1.7.RELEASE]
	at org.springframework.beans.factory.support.AbstractAutowireCapableBeanFactory.createBean(AbstractAutowireCapableBeanFactory.java:476) ~[spring-beans-4.1.7.RELEASE.jar:4.1.7.RELEASE]
	at org.springframework.beans.factory.support.AbstractBeanFactory$1.getObject(AbstractBeanFactory.java:303) ~[spring-beans-4.1.7.RELEASE.jar:4.1.7.RELEASE]
	at org.springframework.beans.factory.support.DefaultSingletonBeanRegistry.getSingleton(DefaultSingletonBeanRegistry.java:230) ~[spring-beans-4.1.7.RELEASE.jar:4.1.7.RELEASE]
	at org.springframework.beans.factory.support.AbstractBeanFactory.doGetBean(AbstractBeanFactory.java:299) ~[spring-beans-4.1.7.RELEASE.jar:4.1.7.RELEASE]
	at org.springframework.beans.factory.support.AbstractBeanFactory.getBean(AbstractBeanFactory.java:194) ~[spring-beans-4.1.7.RELEASE.jar:4.1.7.RELEASE]
	at org.springframework.beans.factory.support.DefaultListableBeanFactory.preInstantiateSingletons(DefaultListableBeanFactory.java:755) ~[spring-beans-4.1.7.RELEASE.jar:4.1.7.RELEASE]
	at org.springframework.context.support.AbstractApplicationContext.finishBeanFactoryInitialization(AbstractApplicationContext.java:757) ~[spring-context-4.1.7.RELEASE.jar:4.1.7.RELEASE]
	at org.springframework.context.support.AbstractApplicationContext.refresh(AbstractApplicationContext.java:480) ~[spring-context-4.1.7.RELEASE.jar:4.1.7.RELEASE]
	at org.springframework.test.context.support.AbstractGenericContextLoader.loadContext(AbstractGenericContextLoader.java:125) ~[spring-test-4.1.7.RELEASE.jar:4.1.7.RELEASE]
	at org.springframework.test.context.support.AbstractGenericContextLoader.loadContext(AbstractGenericContextLoader.java:60) ~[spring-test-4.1.7.RELEASE.jar:4.1.7.RELEASE]
	at org.springframework.test.context.support.AbstractDelegatingSmartContextLoader.delegateLoading(AbstractDelegatingSmartContextLoader.java:109) ~[spring-test-4.1.7.RELEASE.jar:4.1.7.RELEASE]
	at org.springframework.test.context.support.AbstractDelegatingSmartContextLoader.loadContext(AbstractDelegatingSmartContextLoader.java:261) ~[spring-test-4.1.7.RELEASE.jar:4.1.7.RELEASE]
	at org.springframework.test.context.DefaultCacheAwareContextLoaderDelegate.loadContextInternal(DefaultCacheAwareContextLoaderDelegate.java:68) ~[spring-test-4.1.7.RELEASE.jar:4.1.7.RELEASE]
	at org.springframework.test.context.DefaultCacheAwareContextLoaderDelegate.loadContext(DefaultCacheAwareContextLoaderDelegate.java:86) ~[spring-test-4.1.7.RELEASE.jar:4.1.7.RELEASE]
	... 34 common frames omitted
Caused by: org.springframework.beans.BeanInstantiationException: Failed to instantiate [org.springframework.data.aerospike.core.AerospikeTemplate]: Factory method 'aerospikeTemplate' threw exception; nested exception is org.springframework.beans.factory.BeanCreationException: Error creating bean with name 'aerospikeClient' defined in org.springframework.data.aerospike.repository.TestConfigPerson: Bean instantiation via factory method failed; nested exception is org.springframework.beans.BeanInstantiationException: Failed to instantiate [com.aerospike.client.AerospikeClient]: Factory method 'aerospikeClient' threw exception; nested exception is com.aerospike.client.AerospikeException$Connection: Error Code 11: Failed to connect to host(s): 
52.41.32.83:3000 Error Code 11: java.net.SocketTimeoutException: connect timed out

	at org.springframework.beans.factory.support.SimpleInstantiationStrategy.instantiate(SimpleInstantiationStrategy.java:189) ~[spring-beans-4.1.7.RELEASE.jar:4.1.7.RELEASE]
	at org.springframework.beans.factory.support.ConstructorResolver.instantiateUsingFactoryMethod(ConstructorResolver.java:588) ~[spring-beans-4.1.7.RELEASE.jar:4.1.7.RELEASE]
	... 51 common frames omitted
Caused by: org.springframework.beans.factory.BeanCreationException: Error creating bean with name 'aerospikeClient' defined in org.springframework.data.aerospike.repository.TestConfigPerson: Bean instantiation via factory method failed; nested exception is org.springframework.beans.BeanInstantiationException: Failed to instantiate [com.aerospike.client.AerospikeClient]: Factory method 'aerospikeClient' threw exception; nested exception is com.aerospike.client.AerospikeException$Connection: Error Code 11: Failed to connect to host(s): 
52.41.32.83:3000 Error Code 11: java.net.SocketTimeoutException: connect timed out

	at org.springframework.beans.factory.support.ConstructorResolver.instantiateUsingFactoryMethod(ConstructorResolver.java:599) ~[spring-beans-4.1.7.RELEASE.jar:4.1.7.RELEASE]
	at org.springframework.beans.factory.support.AbstractAutowireCapableBeanFactory.instantiateUsingFactoryMethod(AbstractAutowireCapableBeanFactory.java:1119) ~[spring-beans-4.1.7.RELEASE.jar:4.1.7.RELEASE]
	at org.springframework.beans.factory.support.AbstractAutowireCapableBeanFactory.createBeanInstance(AbstractAutowireCapableBeanFactory.java:1014) ~[spring-beans-4.1.7.RELEASE.jar:4.1.7.RELEASE]
	at org.springframework.beans.factory.support.AbstractAutowireCapableBeanFactory.doCreateBean(AbstractAutowireCapableBeanFactory.java:504) ~[spring-beans-4.1.7.RELEASE.jar:4.1.7.RELEASE]
	at org.springframework.beans.factory.support.AbstractAutowireCapableBeanFactory.createBean(AbstractAutowireCapableBeanFactory.java:476) ~[spring-beans-4.1.7.RELEASE.jar:4.1.7.RELEASE]
	at org.springframework.beans.factory.support.AbstractBeanFactory$1.getObject(AbstractBeanFactory.java:303) ~[spring-beans-4.1.7.RELEASE.jar:4.1.7.RELEASE]
	at org.springframework.beans.factory.support.DefaultSingletonBeanRegistry.getSingleton(DefaultSingletonBeanRegistry.java:230) ~[spring-beans-4.1.7.RELEASE.jar:4.1.7.RELEASE]
	at org.springframework.beans.factory.support.AbstractBeanFactory.doGetBean(AbstractBeanFactory.java:299) ~[spring-beans-4.1.7.RELEASE.jar:4.1.7.RELEASE]
	at org.springframework.beans.factory.support.AbstractBeanFactory.getBean(AbstractBeanFactory.java:194) ~[spring-beans-4.1.7.RELEASE.jar:4.1.7.RELEASE]
	at org.springframework.context.annotation.ConfigurationClassEnhancer$BeanMethodInterceptor.intercept(ConfigurationClassEnhancer.java:322) ~[spring-context-4.1.7.RELEASE.jar:4.1.7.RELEASE]
	at org.springframework.data.aerospike.repository.TestConfigPerson$$EnhancerBySpringCGLIB$$3f27a8da.aerospikeClient(<generated>) ~[spring-core-4.1.7.RELEASE.jar:na]
	at org.springframework.data.aerospike.repository.TestConfigPerson.aerospikeTemplate(TestConfigPerson.java:38) ~[test-classes/:na]
	at org.springframework.data.aerospike.repository.TestConfigPerson$$EnhancerBySpringCGLIB$$3f27a8da.CGLIB$aerospikeTemplate$0(<generated>) ~[spring-core-4.1.7.RELEASE.jar:na]
	at org.springframework.data.aerospike.repository.TestConfigPerson$$EnhancerBySpringCGLIB$$3f27a8da$$FastClassBySpringCGLIB$$38965c5e.invoke(<generated>) ~[spring-core-4.1.7.RELEASE.jar:na]
	at org.springframework.cglib.proxy.MethodProxy.invokeSuper(MethodProxy.java:228) ~[spring-core-4.1.7.RELEASE.jar:4.1.7.RELEASE]
	at org.springframework.context.annotation.ConfigurationClassEnhancer$BeanMethodInterceptor.intercept(ConfigurationClassEnhancer.java:309) ~[spring-context-4.1.7.RELEASE.jar:4.1.7.RELEASE]
	at org.springframework.data.aerospike.repository.TestConfigPerson$$EnhancerBySpringCGLIB$$3f27a8da.aerospikeTemplate(<generated>) ~[spring-core-4.1.7.RELEASE.jar:na]
	at sun.reflect.NativeMethodAccessorImpl.invoke0(Native Method) ~[na:1.8.0_91]
	at sun.reflect.NativeMethodAccessorImpl.invoke(NativeMethodAccessorImpl.java:62) ~[na:1.8.0_91]
	at sun.reflect.DelegatingMethodAccessorImpl.invoke(DelegatingMethodAccessorImpl.java:43) ~[na:1.8.0_91]
	at java.lang.reflect.Method.invoke(Method.java:498) ~[na:1.8.0_91]
	at org.springframework.beans.factory.support.SimpleInstantiationStrategy.instantiate(SimpleInstantiationStrategy.java:162) ~[spring-beans-4.1.7.RELEASE.jar:4.1.7.RELEASE]
	... 52 common frames omitted
Caused by: org.springframework.beans.BeanInstantiationException: Failed to instantiate [com.aerospike.client.AerospikeClient]: Factory method 'aerospikeClient' threw exception; nested exception is com.aerospike.client.AerospikeException$Connection: Error Code 11: Failed to connect to host(s): 
52.41.32.83:3000 Error Code 11: java.net.SocketTimeoutException: connect timed out

	at org.springframework.beans.factory.support.SimpleInstantiationStrategy.instantiate(SimpleInstantiationStrategy.java:189) ~[spring-beans-4.1.7.RELEASE.jar:4.1.7.RELEASE]
	at org.springframework.beans.factory.support.ConstructorResolver.instantiateUsingFactoryMethod(ConstructorResolver.java:588) ~[spring-beans-4.1.7.RELEASE.jar:4.1.7.RELEASE]
	... 73 common frames omitted
Caused by: com.aerospike.client.AerospikeException$Connection: Error Code 11: Failed to connect to host(s): 
52.41.32.83:3000 Error Code 11: java.net.SocketTimeoutException: connect timed out

	at com.aerospike.client.cluster.Cluster.seedNodes(Cluster.java:386) ~[aerospike-client-3.2.3.jar:na]
	at com.aerospike.client.cluster.Cluster.tend(Cluster.java:273) ~[aerospike-client-3.2.3.jar:na]
	at com.aerospike.client.cluster.Cluster.waitTillStabilized(Cluster.java:238) ~[aerospike-client-3.2.3.jar:na]
	at com.aerospike.client.cluster.Cluster.initTendThread(Cluster.java:148) ~[aerospike-client-3.2.3.jar:na]
	at com.aerospike.client.AerospikeClient.<init>(AerospikeClient.java:209) ~[aerospike-client-3.2.3.jar:na]
	at com.aerospike.client.AerospikeClient.<init>(AerospikeClient.java:173) ~[aerospike-client-3.2.3.jar:na]
	at org.springframework.data.aerospike.repository.TestConfigPerson.aerospikeClient(TestConfigPerson.java:32) ~[test-classes/:na]
	at org.springframework.data.aerospike.repository.TestConfigPerson$$EnhancerBySpringCGLIB$$3f27a8da.CGLIB$aerospikeClient$1(<generated>) ~[spring-core-4.1.7.RELEASE.jar:na]
	at org.springframework.data.aerospike.repository.TestConfigPerson$$EnhancerBySpringCGLIB$$3f27a8da$$FastClassBySpringCGLIB$$38965c5e.invoke(<generated>) ~[spring-core-4.1.7.RELEASE.jar:na]
	at org.springframework.cglib.proxy.MethodProxy.invokeSuper(MethodProxy.java:228) ~[spring-core-4.1.7.RELEASE.jar:4.1.7.RELEASE]
	at org.springframework.context.annotation.ConfigurationClassEnhancer$BeanMethodInterceptor.intercept(ConfigurationClassEnhancer.java:309) ~[spring-context-4.1.7.RELEASE.jar:4.1.7.RELEASE]
	at org.springframework.data.aerospike.repository.TestConfigPerson$$EnhancerBySpringCGLIB$$3f27a8da.aerospikeClient(<generated>) ~[spring-core-4.1.7.RELEASE.jar:na]
	at sun.reflect.NativeMethodAccessorImpl.invoke0(Native Method) ~[na:1.8.0_91]
	at sun.reflect.NativeMethodAccessorImpl.invoke(NativeMethodAccessorImpl.java:62) ~[na:1.8.0_91]
	at sun.reflect.DelegatingMethodAccessorImpl.invoke(DelegatingMethodAccessorImpl.java:43) ~[na:1.8.0_91]
	at java.lang.reflect.Method.invoke(Method.java:498) ~[na:1.8.0_91]
	at org.springframework.beans.factory.support.SimpleInstantiationStrategy.instantiate(SimpleInstantiationStrategy.java:162) ~[spring-beans-4.1.7.RELEASE.jar:4.1.7.RELEASE]
	... 74 common frames omitted
]]></system-out>
  </testcase>
  <testcase name="findsPersonsByFirstname" classname="org.springframework.data.aerospike.repository.PersonRepositoryIntegrationTests" time="0.001">
    <error message="Failed to load ApplicationContext" type="java.lang.IllegalStateException"><![CDATA[java.lang.IllegalStateException: Failed to load ApplicationContext
	at org.springframework.test.context.DefaultCacheAwareContextLoaderDelegate.loadContext(DefaultCacheAwareContextLoaderDelegate.java:94)
	at org.springframework.test.context.DefaultTestContext.getApplicationContext(DefaultTestContext.java:72)
	at org.springframework.test.context.support.DependencyInjectionTestExecutionListener.injectDependencies(DependencyInjectionTestExecutionListener.java:117)
	at org.springframework.test.context.support.DependencyInjectionTestExecutionListener.prepareTestInstance(DependencyInjectionTestExecutionListener.java:83)
	at org.springframework.test.context.TestContextManager.prepareTestInstance(TestContextManager.java:212)
	at org.springframework.test.context.junit4.SpringJUnit4ClassRunner.createTest(SpringJUnit4ClassRunner.java:200)
	at org.springframework.test.context.junit4.SpringJUnit4ClassRunner$1.runReflectiveCall(SpringJUnit4ClassRunner.java:259)
	at org.junit.internal.runners.model.ReflectiveCallable.run(ReflectiveCallable.java:12)
	at org.springframework.test.context.junit4.SpringJUnit4ClassRunner.methodBlock(SpringJUnit4ClassRunner.java:261)
	at org.springframework.test.context.junit4.SpringJUnit4ClassRunner.runChild(SpringJUnit4ClassRunner.java:219)
	at org.springframework.test.context.junit4.SpringJUnit4ClassRunner.runChild(SpringJUnit4ClassRunner.java:83)
	at org.junit.runners.ParentRunner$3.run(ParentRunner.java:290)
	at org.junit.runners.ParentRunner$1.schedule(ParentRunner.java:71)
	at org.junit.runners.ParentRunner.runChildren(ParentRunner.java:288)
	at org.junit.runners.ParentRunner.access$000(ParentRunner.java:58)
	at org.junit.runners.ParentRunner$2.evaluate(ParentRunner.java:268)
	at org.springframework.test.context.junit4.statements.RunBeforeTestClassCallbacks.evaluate(RunBeforeTestClassCallbacks.java:61)
	at org.springframework.test.context.junit4.statements.RunAfterTestClassCallbacks.evaluate(RunAfterTestClassCallbacks.java:68)
	at org.junit.runners.ParentRunner.run(ParentRunner.java:363)
	at org.springframework.test.context.junit4.SpringJUnit4ClassRunner.run(SpringJUnit4ClassRunner.java:163)
	at org.junit.runners.Suite.runChild(Suite.java:128)
	at org.junit.runners.Suite.runChild(Suite.java:27)
	at org.junit.runners.ParentRunner$3.run(ParentRunner.java:290)
	at org.junit.runners.ParentRunner$1.schedule(ParentRunner.java:71)
	at org.junit.runners.ParentRunner.runChildren(ParentRunner.java:288)
	at org.junit.runners.ParentRunner.access$000(ParentRunner.java:58)
	at org.junit.runners.ParentRunner$2.evaluate(ParentRunner.java:268)
	at org.junit.runners.ParentRunner.run(ParentRunner.java:363)
	at org.apache.maven.surefire.junit4.JUnit4Provider.execute(JUnit4Provider.java:283)
	at org.apache.maven.surefire.junit4.JUnit4Provider.executeWithRerun(JUnit4Provider.java:173)
	at org.apache.maven.surefire.junit4.JUnit4Provider.executeTestSet(JUnit4Provider.java:153)
	at org.apache.maven.surefire.junit4.JUnit4Provider.invoke(JUnit4Provider.java:128)
	at org.apache.maven.surefire.booter.ForkedBooter.invokeProviderInSameClassLoader(ForkedBooter.java:203)
	at org.apache.maven.surefire.booter.ForkedBooter.runSuitesInProcess(ForkedBooter.java:155)
	at org.apache.maven.surefire.booter.ForkedBooter.main(ForkedBooter.java:103)
Caused by: org.springframework.beans.factory.BeanCreationException: Error creating bean with name 'aerospikeTemplate' defined in org.springframework.data.aerospike.repository.TestConfigPerson: Bean instantiation via factory method failed; nested exception is org.springframework.beans.BeanInstantiationException: Failed to instantiate [org.springframework.data.aerospike.core.AerospikeTemplate]: Factory method 'aerospikeTemplate' threw exception; nested exception is org.springframework.beans.factory.BeanCreationException: Error creating bean with name 'aerospikeClient' defined in org.springframework.data.aerospike.repository.TestConfigPerson: Bean instantiation via factory method failed; nested exception is org.springframework.beans.BeanInstantiationException: Failed to instantiate [com.aerospike.client.AerospikeClient]: Factory method 'aerospikeClient' threw exception; nested exception is com.aerospike.client.AerospikeException$Connection: Error Code 11: Failed to connect to host(s): 
52.41.32.83:3000 Error Code 11: java.net.SocketTimeoutException: connect timed out

	at org.springframework.beans.factory.support.ConstructorResolver.instantiateUsingFactoryMethod(ConstructorResolver.java:599)
	at org.springframework.beans.factory.support.AbstractAutowireCapableBeanFactory.instantiateUsingFactoryMethod(AbstractAutowireCapableBeanFactory.java:1119)
	at org.springframework.beans.factory.support.AbstractAutowireCapableBeanFactory.createBeanInstance(AbstractAutowireCapableBeanFactory.java:1014)
	at org.springframework.beans.factory.support.AbstractAutowireCapableBeanFactory.doCreateBean(AbstractAutowireCapableBeanFactory.java:504)
	at org.springframework.beans.factory.support.AbstractAutowireCapableBeanFactory.createBean(AbstractAutowireCapableBeanFactory.java:476)
	at org.springframework.beans.factory.support.AbstractBeanFactory$1.getObject(AbstractBeanFactory.java:303)
	at org.springframework.beans.factory.support.DefaultSingletonBeanRegistry.getSingleton(DefaultSingletonBeanRegistry.java:230)
	at org.springframework.beans.factory.support.AbstractBeanFactory.doGetBean(AbstractBeanFactory.java:299)
	at org.springframework.beans.factory.support.AbstractBeanFactory.getBean(AbstractBeanFactory.java:194)
	at org.springframework.beans.factory.support.DefaultListableBeanFactory.preInstantiateSingletons(DefaultListableBeanFactory.java:755)
	at org.springframework.context.support.AbstractApplicationContext.finishBeanFactoryInitialization(AbstractApplicationContext.java:757)
	at org.springframework.context.support.AbstractApplicationContext.refresh(AbstractApplicationContext.java:480)
	at org.springframework.test.context.support.AbstractGenericContextLoader.loadContext(AbstractGenericContextLoader.java:125)
	at org.springframework.test.context.support.AbstractGenericContextLoader.loadContext(AbstractGenericContextLoader.java:60)
	at org.springframework.test.context.support.AbstractDelegatingSmartContextLoader.delegateLoading(AbstractDelegatingSmartContextLoader.java:109)
	at org.springframework.test.context.support.AbstractDelegatingSmartContextLoader.loadContext(AbstractDelegatingSmartContextLoader.java:261)
	at org.springframework.test.context.DefaultCacheAwareContextLoaderDelegate.loadContextInternal(DefaultCacheAwareContextLoaderDelegate.java:68)
	at org.springframework.test.context.DefaultCacheAwareContextLoaderDelegate.loadContext(DefaultCacheAwareContextLoaderDelegate.java:86)
	at org.springframework.test.context.DefaultTestContext.getApplicationContext(DefaultTestContext.java:72)
	at org.springframework.test.context.support.DependencyInjectionTestExecutionListener.injectDependencies(DependencyInjectionTestExecutionListener.java:117)
	at org.springframework.test.context.support.DependencyInjectionTestExecutionListener.prepareTestInstance(DependencyInjectionTestExecutionListener.java:83)
	at org.springframework.test.context.TestContextManager.prepareTestInstance(TestContextManager.java:212)
	at org.springframework.test.context.junit4.SpringJUnit4ClassRunner.createTest(SpringJUnit4ClassRunner.java:200)
	at org.springframework.test.context.junit4.SpringJUnit4ClassRunner$1.runReflectiveCall(SpringJUnit4ClassRunner.java:259)
	at org.junit.internal.runners.model.ReflectiveCallable.run(ReflectiveCallable.java:12)
	at org.springframework.test.context.junit4.SpringJUnit4ClassRunner.methodBlock(SpringJUnit4ClassRunner.java:261)
	at org.springframework.test.context.junit4.SpringJUnit4ClassRunner.runChild(SpringJUnit4ClassRunner.java:219)
	at org.springframework.test.context.junit4.SpringJUnit4ClassRunner.runChild(SpringJUnit4ClassRunner.java:83)
	at org.junit.runners.ParentRunner$3.run(ParentRunner.java:290)
	at org.junit.runners.ParentRunner$1.schedule(ParentRunner.java:71)
	at org.junit.runners.ParentRunner.runChildren(ParentRunner.java:288)
	at org.junit.runners.ParentRunner.access$000(ParentRunner.java:58)
	at org.junit.runners.ParentRunner$2.evaluate(ParentRunner.java:268)
	at org.springframework.test.context.junit4.statements.RunBeforeTestClassCallbacks.evaluate(RunBeforeTestClassCallbacks.java:61)
	at org.springframework.test.context.junit4.statements.RunAfterTestClassCallbacks.evaluate(RunAfterTestClassCallbacks.java:68)
	at org.junit.runners.ParentRunner.run(ParentRunner.java:363)
	at org.springframework.test.context.junit4.SpringJUnit4ClassRunner.run(SpringJUnit4ClassRunner.java:163)
	at org.junit.runners.Suite.runChild(Suite.java:128)
	at org.junit.runners.Suite.runChild(Suite.java:27)
	at org.junit.runners.ParentRunner$3.run(ParentRunner.java:290)
	at org.junit.runners.ParentRunner$1.schedule(ParentRunner.java:71)
	at org.junit.runners.ParentRunner.runChildren(ParentRunner.java:288)
	at org.junit.runners.ParentRunner.access$000(ParentRunner.java:58)
	at org.junit.runners.ParentRunner$2.evaluate(ParentRunner.java:268)
	at org.junit.runners.ParentRunner.run(ParentRunner.java:363)
	at org.apache.maven.surefire.junit4.JUnit4Provider.execute(JUnit4Provider.java:283)
	at org.apache.maven.surefire.junit4.JUnit4Provider.executeWithRerun(JUnit4Provider.java:173)
	at org.apache.maven.surefire.junit4.JUnit4Provider.executeTestSet(JUnit4Provider.java:153)
	at org.apache.maven.surefire.junit4.JUnit4Provider.invoke(JUnit4Provider.java:128)
	at org.apache.maven.surefire.booter.ForkedBooter.invokeProviderInSameClassLoader(ForkedBooter.java:203)
	at org.apache.maven.surefire.booter.ForkedBooter.runSuitesInProcess(ForkedBooter.java:155)
	at org.apache.maven.surefire.booter.ForkedBooter.main(ForkedBooter.java:103)
Caused by: org.springframework.beans.BeanInstantiationException: Failed to instantiate [org.springframework.data.aerospike.core.AerospikeTemplate]: Factory method 'aerospikeTemplate' threw exception; nested exception is org.springframework.beans.factory.BeanCreationException: Error creating bean with name 'aerospikeClient' defined in org.springframework.data.aerospike.repository.TestConfigPerson: Bean instantiation via factory method failed; nested exception is org.springframework.beans.BeanInstantiationException: Failed to instantiate [com.aerospike.client.AerospikeClient]: Factory method 'aerospikeClient' threw exception; nested exception is com.aerospike.client.AerospikeException$Connection: Error Code 11: Failed to connect to host(s): 
52.41.32.83:3000 Error Code 11: java.net.SocketTimeoutException: connect timed out

	at org.springframework.beans.factory.support.SimpleInstantiationStrategy.instantiate(SimpleInstantiationStrategy.java:189)
	at org.springframework.beans.factory.support.ConstructorResolver.instantiateUsingFactoryMethod(ConstructorResolver.java:588)
	at org.springframework.beans.factory.support.AbstractAutowireCapableBeanFactory.instantiateUsingFactoryMethod(AbstractAutowireCapableBeanFactory.java:1119)
	at org.springframework.beans.factory.support.AbstractAutowireCapableBeanFactory.createBeanInstance(AbstractAutowireCapableBeanFactory.java:1014)
	at org.springframework.beans.factory.support.AbstractAutowireCapableBeanFactory.doCreateBean(AbstractAutowireCapableBeanFactory.java:504)
	at org.springframework.beans.factory.support.AbstractAutowireCapableBeanFactory.createBean(AbstractAutowireCapableBeanFactory.java:476)
	at org.springframework.beans.factory.support.AbstractBeanFactory$1.getObject(AbstractBeanFactory.java:303)
	at org.springframework.beans.factory.support.DefaultSingletonBeanRegistry.getSingleton(DefaultSingletonBeanRegistry.java:230)
	at org.springframework.beans.factory.support.AbstractBeanFactory.doGetBean(AbstractBeanFactory.java:299)
	at org.springframework.beans.factory.support.AbstractBeanFactory.getBean(AbstractBeanFactory.java:194)
	at org.springframework.beans.factory.support.DefaultListableBeanFactory.preInstantiateSingletons(DefaultListableBeanFactory.java:755)
	at org.springframework.context.support.AbstractApplicationContext.finishBeanFactoryInitialization(AbstractApplicationContext.java:757)
	at org.springframework.context.support.AbstractApplicationContext.refresh(AbstractApplicationContext.java:480)
	at org.springframework.test.context.support.AbstractGenericContextLoader.loadContext(AbstractGenericContextLoader.java:125)
	at org.springframework.test.context.support.AbstractGenericContextLoader.loadContext(AbstractGenericContextLoader.java:60)
	at org.springframework.test.context.support.AbstractDelegatingSmartContextLoader.delegateLoading(AbstractDelegatingSmartContextLoader.java:109)
	at org.springframework.test.context.support.AbstractDelegatingSmartContextLoader.loadContext(AbstractDelegatingSmartContextLoader.java:261)
	at org.springframework.test.context.DefaultCacheAwareContextLoaderDelegate.loadContextInternal(DefaultCacheAwareContextLoaderDelegate.java:68)
	at org.springframework.test.context.DefaultCacheAwareContextLoaderDelegate.loadContext(DefaultCacheAwareContextLoaderDelegate.java:86)
	at org.springframework.test.context.DefaultTestContext.getApplicationContext(DefaultTestContext.java:72)
	at org.springframework.test.context.support.DependencyInjectionTestExecutionListener.injectDependencies(DependencyInjectionTestExecutionListener.java:117)
	at org.springframework.test.context.support.DependencyInjectionTestExecutionListener.prepareTestInstance(DependencyInjectionTestExecutionListener.java:83)
	at org.springframework.test.context.TestContextManager.prepareTestInstance(TestContextManager.java:212)
	at org.springframework.test.context.junit4.SpringJUnit4ClassRunner.createTest(SpringJUnit4ClassRunner.java:200)
	at org.springframework.test.context.junit4.SpringJUnit4ClassRunner$1.runReflectiveCall(SpringJUnit4ClassRunner.java:259)
	at org.junit.internal.runners.model.ReflectiveCallable.run(ReflectiveCallable.java:12)
	at org.springframework.test.context.junit4.SpringJUnit4ClassRunner.methodBlock(SpringJUnit4ClassRunner.java:261)
	at org.springframework.test.context.junit4.SpringJUnit4ClassRunner.runChild(SpringJUnit4ClassRunner.java:219)
	at org.springframework.test.context.junit4.SpringJUnit4ClassRunner.runChild(SpringJUnit4ClassRunner.java:83)
	at org.junit.runners.ParentRunner$3.run(ParentRunner.java:290)
	at org.junit.runners.ParentRunner$1.schedule(ParentRunner.java:71)
	at org.junit.runners.ParentRunner.runChildren(ParentRunner.java:288)
	at org.junit.runners.ParentRunner.access$000(ParentRunner.java:58)
	at org.junit.runners.ParentRunner$2.evaluate(ParentRunner.java:268)
	at org.springframework.test.context.junit4.statements.RunBeforeTestClassCallbacks.evaluate(RunBeforeTestClassCallbacks.java:61)
	at org.springframework.test.context.junit4.statements.RunAfterTestClassCallbacks.evaluate(RunAfterTestClassCallbacks.java:68)
	at org.junit.runners.ParentRunner.run(ParentRunner.java:363)
	at org.springframework.test.context.junit4.SpringJUnit4ClassRunner.run(SpringJUnit4ClassRunner.java:163)
	at org.junit.runners.Suite.runChild(Suite.java:128)
	at org.junit.runners.Suite.runChild(Suite.java:27)
	at org.junit.runners.ParentRunner$3.run(ParentRunner.java:290)
	at org.junit.runners.ParentRunner$1.schedule(ParentRunner.java:71)
	at org.junit.runners.ParentRunner.runChildren(ParentRunner.java:288)
	at org.junit.runners.ParentRunner.access$000(ParentRunner.java:58)
	at org.junit.runners.ParentRunner$2.evaluate(ParentRunner.java:268)
	at org.junit.runners.ParentRunner.run(ParentRunner.java:363)
	at org.apache.maven.surefire.junit4.JUnit4Provider.execute(JUnit4Provider.java:283)
	at org.apache.maven.surefire.junit4.JUnit4Provider.executeWithRerun(JUnit4Provider.java:173)
	at org.apache.maven.surefire.junit4.JUnit4Provider.executeTestSet(JUnit4Provider.java:153)
	at org.apache.maven.surefire.junit4.JUnit4Provider.invoke(JUnit4Provider.java:128)
	at org.apache.maven.surefire.booter.ForkedBooter.invokeProviderInSameClassLoader(ForkedBooter.java:203)
	at org.apache.maven.surefire.booter.ForkedBooter.runSuitesInProcess(ForkedBooter.java:155)
	at org.apache.maven.surefire.booter.ForkedBooter.main(ForkedBooter.java:103)
Caused by: org.springframework.beans.factory.BeanCreationException: Error creating bean with name 'aerospikeClient' defined in org.springframework.data.aerospike.repository.TestConfigPerson: Bean instantiation via factory method failed; nested exception is org.springframework.beans.BeanInstantiationException: Failed to instantiate [com.aerospike.client.AerospikeClient]: Factory method 'aerospikeClient' threw exception; nested exception is com.aerospike.client.AerospikeException$Connection: Error Code 11: Failed to connect to host(s): 
52.41.32.83:3000 Error Code 11: java.net.SocketTimeoutException: connect timed out

	at org.springframework.beans.factory.support.ConstructorResolver.instantiateUsingFactoryMethod(ConstructorResolver.java:599)
	at org.springframework.beans.factory.support.AbstractAutowireCapableBeanFactory.instantiateUsingFactoryMethod(AbstractAutowireCapableBeanFactory.java:1119)
	at org.springframework.beans.factory.support.AbstractAutowireCapableBeanFactory.createBeanInstance(AbstractAutowireCapableBeanFactory.java:1014)
	at org.springframework.beans.factory.support.AbstractAutowireCapableBeanFactory.doCreateBean(AbstractAutowireCapableBeanFactory.java:504)
	at org.springframework.beans.factory.support.AbstractAutowireCapableBeanFactory.createBean(AbstractAutowireCapableBeanFactory.java:476)
	at org.springframework.beans.factory.support.AbstractBeanFactory$1.getObject(AbstractBeanFactory.java:303)
	at org.springframework.beans.factory.support.DefaultSingletonBeanRegistry.getSingleton(DefaultSingletonBeanRegistry.java:230)
	at org.springframework.beans.factory.support.AbstractBeanFactory.doGetBean(AbstractBeanFactory.java:299)
	at org.springframework.beans.factory.support.AbstractBeanFactory.getBean(AbstractBeanFactory.java:194)
	at org.springframework.context.annotation.ConfigurationClassEnhancer$BeanMethodInterceptor.intercept(ConfigurationClassEnhancer.java:322)
	at org.springframework.data.aerospike.repository.TestConfigPerson$$EnhancerBySpringCGLIB$$3f27a8da.aerospikeClient(<generated>)
	at org.springframework.data.aerospike.repository.TestConfigPerson.aerospikeTemplate(TestConfigPerson.java:38)
	at org.springframework.data.aerospike.repository.TestConfigPerson$$EnhancerBySpringCGLIB$$3f27a8da.CGLIB$aerospikeTemplate$0(<generated>)
	at org.springframework.data.aerospike.repository.TestConfigPerson$$EnhancerBySpringCGLIB$$3f27a8da$$FastClassBySpringCGLIB$$38965c5e.invoke(<generated>)
	at org.springframework.cglib.proxy.MethodProxy.invokeSuper(MethodProxy.java:228)
	at org.springframework.context.annotation.ConfigurationClassEnhancer$BeanMethodInterceptor.intercept(ConfigurationClassEnhancer.java:309)
	at org.springframework.data.aerospike.repository.TestConfigPerson$$EnhancerBySpringCGLIB$$3f27a8da.aerospikeTemplate(<generated>)
	at sun.reflect.NativeMethodAccessorImpl.invoke0(Native Method)
	at sun.reflect.NativeMethodAccessorImpl.invoke(NativeMethodAccessorImpl.java:62)
	at sun.reflect.DelegatingMethodAccessorImpl.invoke(DelegatingMethodAccessorImpl.java:43)
	at java.lang.reflect.Method.invoke(Method.java:498)
	at org.springframework.beans.factory.support.SimpleInstantiationStrategy.instantiate(SimpleInstantiationStrategy.java:162)
	at org.springframework.beans.factory.support.ConstructorResolver.instantiateUsingFactoryMethod(ConstructorResolver.java:588)
	at org.springframework.beans.factory.support.AbstractAutowireCapableBeanFactory.instantiateUsingFactoryMethod(AbstractAutowireCapableBeanFactory.java:1119)
	at org.springframework.beans.factory.support.AbstractAutowireCapableBeanFactory.createBeanInstance(AbstractAutowireCapableBeanFactory.java:1014)
	at org.springframework.beans.factory.support.AbstractAutowireCapableBeanFactory.doCreateBean(AbstractAutowireCapableBeanFactory.java:504)
	at org.springframework.beans.factory.support.AbstractAutowireCapableBeanFactory.createBean(AbstractAutowireCapableBeanFactory.java:476)
	at org.springframework.beans.factory.support.AbstractBeanFactory$1.getObject(AbstractBeanFactory.java:303)
	at org.springframework.beans.factory.support.DefaultSingletonBeanRegistry.getSingleton(DefaultSingletonBeanRegistry.java:230)
	at org.springframework.beans.factory.support.AbstractBeanFactory.doGetBean(AbstractBeanFactory.java:299)
	at org.springframework.beans.factory.support.AbstractBeanFactory.getBean(AbstractBeanFactory.java:194)
	at org.springframework.beans.factory.support.DefaultListableBeanFactory.preInstantiateSingletons(DefaultListableBeanFactory.java:755)
	at org.springframework.context.support.AbstractApplicationContext.finishBeanFactoryInitialization(AbstractApplicationContext.java:757)
	at org.springframework.context.support.AbstractApplicationContext.refresh(AbstractApplicationContext.java:480)
	at org.springframework.test.context.support.AbstractGenericContextLoader.loadContext(AbstractGenericContextLoader.java:125)
	at org.springframework.test.context.support.AbstractGenericContextLoader.loadContext(AbstractGenericContextLoader.java:60)
	at org.springframework.test.context.support.AbstractDelegatingSmartContextLoader.delegateLoading(AbstractDelegatingSmartContextLoader.java:109)
	at org.springframework.test.context.support.AbstractDelegatingSmartContextLoader.loadContext(AbstractDelegatingSmartContextLoader.java:261)
	at org.springframework.test.context.DefaultCacheAwareContextLoaderDelegate.loadContextInternal(DefaultCacheAwareContextLoaderDelegate.java:68)
	at org.springframework.test.context.DefaultCacheAwareContextLoaderDelegate.loadContext(DefaultCacheAwareContextLoaderDelegate.java:86)
	at org.springframework.test.context.DefaultTestContext.getApplicationContext(DefaultTestContext.java:72)
	at org.springframework.test.context.support.DependencyInjectionTestExecutionListener.injectDependencies(DependencyInjectionTestExecutionListener.java:117)
	at org.springframework.test.context.support.DependencyInjectionTestExecutionListener.prepareTestInstance(DependencyInjectionTestExecutionListener.java:83)
	at org.springframework.test.context.TestContextManager.prepareTestInstance(TestContextManager.java:212)
	at org.springframework.test.context.junit4.SpringJUnit4ClassRunner.createTest(SpringJUnit4ClassRunner.java:200)
	at org.springframework.test.context.junit4.SpringJUnit4ClassRunner$1.runReflectiveCall(SpringJUnit4ClassRunner.java:259)
	at org.junit.internal.runners.model.ReflectiveCallable.run(ReflectiveCallable.java:12)
	at org.springframework.test.context.junit4.SpringJUnit4ClassRunner.methodBlock(SpringJUnit4ClassRunner.java:261)
	at org.springframework.test.context.junit4.SpringJUnit4ClassRunner.runChild(SpringJUnit4ClassRunner.java:219)
	at org.springframework.test.context.junit4.SpringJUnit4ClassRunner.runChild(SpringJUnit4ClassRunner.java:83)
	at org.junit.runners.ParentRunner$3.run(ParentRunner.java:290)
	at org.junit.runners.ParentRunner$1.schedule(ParentRunner.java:71)
	at org.junit.runners.ParentRunner.runChildren(ParentRunner.java:288)
	at org.junit.runners.ParentRunner.access$000(ParentRunner.java:58)
	at org.junit.runners.ParentRunner$2.evaluate(ParentRunner.java:268)
	at org.springframework.test.context.junit4.statements.RunBeforeTestClassCallbacks.evaluate(RunBeforeTestClassCallbacks.java:61)
	at org.springframework.test.context.junit4.statements.RunAfterTestClassCallbacks.evaluate(RunAfterTestClassCallbacks.java:68)
	at org.junit.runners.ParentRunner.run(ParentRunner.java:363)
	at org.springframework.test.context.junit4.SpringJUnit4ClassRunner.run(SpringJUnit4ClassRunner.java:163)
	at org.junit.runners.Suite.runChild(Suite.java:128)
	at org.junit.runners.Suite.runChild(Suite.java:27)
	at org.junit.runners.ParentRunner$3.run(ParentRunner.java:290)
	at org.junit.runners.ParentRunner$1.schedule(ParentRunner.java:71)
	at org.junit.runners.ParentRunner.runChildren(ParentRunner.java:288)
	at org.junit.runners.ParentRunner.access$000(ParentRunner.java:58)
	at org.junit.runners.ParentRunner$2.evaluate(ParentRunner.java:268)
	at org.junit.runners.ParentRunner.run(ParentRunner.java:363)
	at org.apache.maven.surefire.junit4.JUnit4Provider.execute(JUnit4Provider.java:283)
	at org.apache.maven.surefire.junit4.JUnit4Provider.executeWithRerun(JUnit4Provider.java:173)
	at org.apache.maven.surefire.junit4.JUnit4Provider.executeTestSet(JUnit4Provider.java:153)
	at org.apache.maven.surefire.junit4.JUnit4Provider.invoke(JUnit4Provider.java:128)
	at org.apache.maven.surefire.booter.ForkedBooter.invokeProviderInSameClassLoader(ForkedBooter.java:203)
	at org.apache.maven.surefire.booter.ForkedBooter.runSuitesInProcess(ForkedBooter.java:155)
	at org.apache.maven.surefire.booter.ForkedBooter.main(ForkedBooter.java:103)
Caused by: org.springframework.beans.BeanInstantiationException: Failed to instantiate [com.aerospike.client.AerospikeClient]: Factory method 'aerospikeClient' threw exception; nested exception is com.aerospike.client.AerospikeException$Connection: Error Code 11: Failed to connect to host(s): 
52.41.32.83:3000 Error Code 11: java.net.SocketTimeoutException: connect timed out

	at org.springframework.beans.factory.support.SimpleInstantiationStrategy.instantiate(SimpleInstantiationStrategy.java:189)
	at org.springframework.beans.factory.support.ConstructorResolver.instantiateUsingFactoryMethod(ConstructorResolver.java:588)
	at org.springframework.beans.factory.support.AbstractAutowireCapableBeanFactory.instantiateUsingFactoryMethod(AbstractAutowireCapableBeanFactory.java:1119)
	at org.springframework.beans.factory.support.AbstractAutowireCapableBeanFactory.createBeanInstance(AbstractAutowireCapableBeanFactory.java:1014)
	at org.springframework.beans.factory.support.AbstractAutowireCapableBeanFactory.doCreateBean(AbstractAutowireCapableBeanFactory.java:504)
	at org.springframework.beans.factory.support.AbstractAutowireCapableBeanFactory.createBean(AbstractAutowireCapableBeanFactory.java:476)
	at org.springframework.beans.factory.support.AbstractBeanFactory$1.getObject(AbstractBeanFactory.java:303)
	at org.springframework.beans.factory.support.DefaultSingletonBeanRegistry.getSingleton(DefaultSingletonBeanRegistry.java:230)
	at org.springframework.beans.factory.support.AbstractBeanFactory.doGetBean(AbstractBeanFactory.java:299)
	at org.springframework.beans.factory.support.AbstractBeanFactory.getBean(AbstractBeanFactory.java:194)
	at org.springframework.context.annotation.ConfigurationClassEnhancer$BeanMethodInterceptor.intercept(ConfigurationClassEnhancer.java:322)
	at org.springframework.data.aerospike.repository.TestConfigPerson$$EnhancerBySpringCGLIB$$3f27a8da.aerospikeClient(<generated>)
	at org.springframework.data.aerospike.repository.TestConfigPerson.aerospikeTemplate(TestConfigPerson.java:38)
	at org.springframework.data.aerospike.repository.TestConfigPerson$$EnhancerBySpringCGLIB$$3f27a8da.CGLIB$aerospikeTemplate$0(<generated>)
	at org.springframework.data.aerospike.repository.TestConfigPerson$$EnhancerBySpringCGLIB$$3f27a8da$$FastClassBySpringCGLIB$$38965c5e.invoke(<generated>)
	at org.springframework.cglib.proxy.MethodProxy.invokeSuper(MethodProxy.java:228)
	at org.springframework.context.annotation.ConfigurationClassEnhancer$BeanMethodInterceptor.intercept(ConfigurationClassEnhancer.java:309)
	at org.springframework.data.aerospike.repository.TestConfigPerson$$EnhancerBySpringCGLIB$$3f27a8da.aerospikeTemplate(<generated>)
	at sun.reflect.NativeMethodAccessorImpl.invoke0(Native Method)
	at sun.reflect.NativeMethodAccessorImpl.invoke(NativeMethodAccessorImpl.java:62)
	at sun.reflect.DelegatingMethodAccessorImpl.invoke(DelegatingMethodAccessorImpl.java:43)
	at java.lang.reflect.Method.invoke(Method.java:498)
	at org.springframework.beans.factory.support.SimpleInstantiationStrategy.instantiate(SimpleInstantiationStrategy.java:162)
	at org.springframework.beans.factory.support.ConstructorResolver.instantiateUsingFactoryMethod(ConstructorResolver.java:588)
	at org.springframework.beans.factory.support.AbstractAutowireCapableBeanFactory.instantiateUsingFactoryMethod(AbstractAutowireCapableBeanFactory.java:1119)
	at org.springframework.beans.factory.support.AbstractAutowireCapableBeanFactory.createBeanInstance(AbstractAutowireCapableBeanFactory.java:1014)
	at org.springframework.beans.factory.support.AbstractAutowireCapableBeanFactory.doCreateBean(AbstractAutowireCapableBeanFactory.java:504)
	at org.springframework.beans.factory.support.AbstractAutowireCapableBeanFactory.createBean(AbstractAutowireCapableBeanFactory.java:476)
	at org.springframework.beans.factory.support.AbstractBeanFactory$1.getObject(AbstractBeanFactory.java:303)
	at org.springframework.beans.factory.support.DefaultSingletonBeanRegistry.getSingleton(DefaultSingletonBeanRegistry.java:230)
	at org.springframework.beans.factory.support.AbstractBeanFactory.doGetBean(AbstractBeanFactory.java:299)
	at org.springframework.beans.factory.support.AbstractBeanFactory.getBean(AbstractBeanFactory.java:194)
	at org.springframework.beans.factory.support.DefaultListableBeanFactory.preInstantiateSingletons(DefaultListableBeanFactory.java:755)
	at org.springframework.context.support.AbstractApplicationContext.finishBeanFactoryInitialization(AbstractApplicationContext.java:757)
	at org.springframework.context.support.AbstractApplicationContext.refresh(AbstractApplicationContext.java:480)
	at org.springframework.test.context.support.AbstractGenericContextLoader.loadContext(AbstractGenericContextLoader.java:125)
	at org.springframework.test.context.support.AbstractGenericContextLoader.loadContext(AbstractGenericContextLoader.java:60)
	at org.springframework.test.context.support.AbstractDelegatingSmartContextLoader.delegateLoading(AbstractDelegatingSmartContextLoader.java:109)
	at org.springframework.test.context.support.AbstractDelegatingSmartContextLoader.loadContext(AbstractDelegatingSmartContextLoader.java:261)
	at org.springframework.test.context.DefaultCacheAwareContextLoaderDelegate.loadContextInternal(DefaultCacheAwareContextLoaderDelegate.java:68)
	at org.springframework.test.context.DefaultCacheAwareContextLoaderDelegate.loadContext(DefaultCacheAwareContextLoaderDelegate.java:86)
	at org.springframework.test.context.DefaultTestContext.getApplicationContext(DefaultTestContext.java:72)
	at org.springframework.test.context.support.DependencyInjectionTestExecutionListener.injectDependencies(DependencyInjectionTestExecutionListener.java:117)
	at org.springframework.test.context.support.DependencyInjectionTestExecutionListener.prepareTestInstance(DependencyInjectionTestExecutionListener.java:83)
	at org.springframework.test.context.TestContextManager.prepareTestInstance(TestContextManager.java:212)
	at org.springframework.test.context.junit4.SpringJUnit4ClassRunner.createTest(SpringJUnit4ClassRunner.java:200)
	at org.springframework.test.context.junit4.SpringJUnit4ClassRunner$1.runReflectiveCall(SpringJUnit4ClassRunner.java:259)
	at org.junit.internal.runners.model.ReflectiveCallable.run(ReflectiveCallable.java:12)
	at org.springframework.test.context.junit4.SpringJUnit4ClassRunner.methodBlock(SpringJUnit4ClassRunner.java:261)
	at org.springframework.test.context.junit4.SpringJUnit4ClassRunner.runChild(SpringJUnit4ClassRunner.java:219)
	at org.springframework.test.context.junit4.SpringJUnit4ClassRunner.runChild(SpringJUnit4ClassRunner.java:83)
	at org.junit.runners.ParentRunner$3.run(ParentRunner.java:290)
	at org.junit.runners.ParentRunner$1.schedule(ParentRunner.java:71)
	at org.junit.runners.ParentRunner.runChildren(ParentRunner.java:288)
	at org.junit.runners.ParentRunner.access$000(ParentRunner.java:58)
	at org.junit.runners.ParentRunner$2.evaluate(ParentRunner.java:268)
	at org.springframework.test.context.junit4.statements.RunBeforeTestClassCallbacks.evaluate(RunBeforeTestClassCallbacks.java:61)
	at org.springframework.test.context.junit4.statements.RunAfterTestClassCallbacks.evaluate(RunAfterTestClassCallbacks.java:68)
	at org.junit.runners.ParentRunner.run(ParentRunner.java:363)
	at org.springframework.test.context.junit4.SpringJUnit4ClassRunner.run(SpringJUnit4ClassRunner.java:163)
	at org.junit.runners.Suite.runChild(Suite.java:128)
	at org.junit.runners.Suite.runChild(Suite.java:27)
	at org.junit.runners.ParentRunner$3.run(ParentRunner.java:290)
	at org.junit.runners.ParentRunner$1.schedule(ParentRunner.java:71)
	at org.junit.runners.ParentRunner.runChildren(ParentRunner.java:288)
	at org.junit.runners.ParentRunner.access$000(ParentRunner.java:58)
	at org.junit.runners.ParentRunner$2.evaluate(ParentRunner.java:268)
	at org.junit.runners.ParentRunner.run(ParentRunner.java:363)
	at org.apache.maven.surefire.junit4.JUnit4Provider.execute(JUnit4Provider.java:283)
	at org.apache.maven.surefire.junit4.JUnit4Provider.executeWithRerun(JUnit4Provider.java:173)
	at org.apache.maven.surefire.junit4.JUnit4Provider.executeTestSet(JUnit4Provider.java:153)
	at org.apache.maven.surefire.junit4.JUnit4Provider.invoke(JUnit4Provider.java:128)
	at org.apache.maven.surefire.booter.ForkedBooter.invokeProviderInSameClassLoader(ForkedBooter.java:203)
	at org.apache.maven.surefire.booter.ForkedBooter.runSuitesInProcess(ForkedBooter.java:155)
	at org.apache.maven.surefire.booter.ForkedBooter.main(ForkedBooter.java:103)
Caused by: com.aerospike.client.AerospikeException$Connection: Error Code 11: Failed to connect to host(s): 
52.41.32.83:3000 Error Code 11: java.net.SocketTimeoutException: connect timed out

	at com.aerospike.client.cluster.Cluster.seedNodes(Cluster.java:386)
	at com.aerospike.client.cluster.Cluster.tend(Cluster.java:273)
	at com.aerospike.client.cluster.Cluster.waitTillStabilized(Cluster.java:238)
	at com.aerospike.client.cluster.Cluster.initTendThread(Cluster.java:148)
	at com.aerospike.client.AerospikeClient.<init>(AerospikeClient.java:209)
	at com.aerospike.client.AerospikeClient.<init>(AerospikeClient.java:173)
	at org.springframework.data.aerospike.repository.TestConfigPerson.aerospikeClient(TestConfigPerson.java:32)
	at org.springframework.data.aerospike.repository.TestConfigPerson$$EnhancerBySpringCGLIB$$3f27a8da.CGLIB$aerospikeClient$1(<generated>)
	at org.springframework.data.aerospike.repository.TestConfigPerson$$EnhancerBySpringCGLIB$$3f27a8da$$FastClassBySpringCGLIB$$38965c5e.invoke(<generated>)
	at org.springframework.cglib.proxy.MethodProxy.invokeSuper(MethodProxy.java:228)
	at org.springframework.context.annotation.ConfigurationClassEnhancer$BeanMethodInterceptor.intercept(ConfigurationClassEnhancer.java:309)
	at org.springframework.data.aerospike.repository.TestConfigPerson$$EnhancerBySpringCGLIB$$3f27a8da.aerospikeClient(<generated>)
	at sun.reflect.NativeMethodAccessorImpl.invoke0(Native Method)
	at sun.reflect.NativeMethodAccessorImpl.invoke(NativeMethodAccessorImpl.java:62)
	at sun.reflect.DelegatingMethodAccessorImpl.invoke(DelegatingMethodAccessorImpl.java:43)
	at java.lang.reflect.Method.invoke(Method.java:498)
	at org.springframework.beans.factory.support.SimpleInstantiationStrategy.instantiate(SimpleInstantiationStrategy.java:162)
	at org.springframework.beans.factory.support.ConstructorResolver.instantiateUsingFactoryMethod(ConstructorResolver.java:588)
	at org.springframework.beans.factory.support.AbstractAutowireCapableBeanFactory.instantiateUsingFactoryMethod(AbstractAutowireCapableBeanFactory.java:1119)
	at org.springframework.beans.factory.support.AbstractAutowireCapableBeanFactory.createBeanInstance(AbstractAutowireCapableBeanFactory.java:1014)
	at org.springframework.beans.factory.support.AbstractAutowireCapableBeanFactory.doCreateBean(AbstractAutowireCapableBeanFactory.java:504)
	at org.springframework.beans.factory.support.AbstractAutowireCapableBeanFactory.createBean(AbstractAutowireCapableBeanFactory.java:476)
	at org.springframework.beans.factory.support.AbstractBeanFactory$1.getObject(AbstractBeanFactory.java:303)
	at org.springframework.beans.factory.support.DefaultSingletonBeanRegistry.getSingleton(DefaultSingletonBeanRegistry.java:230)
	at org.springframework.beans.factory.support.AbstractBeanFactory.doGetBean(AbstractBeanFactory.java:299)
	at org.springframework.beans.factory.support.AbstractBeanFactory.getBean(AbstractBeanFactory.java:194)
	at org.springframework.context.annotation.ConfigurationClassEnhancer$BeanMethodInterceptor.intercept(ConfigurationClassEnhancer.java:322)
	at org.springframework.data.aerospike.repository.TestConfigPerson$$EnhancerBySpringCGLIB$$3f27a8da.aerospikeClient(<generated>)
	at org.springframework.data.aerospike.repository.TestConfigPerson.aerospikeTemplate(TestConfigPerson.java:38)
	at org.springframework.data.aerospike.repository.TestConfigPerson$$EnhancerBySpringCGLIB$$3f27a8da.CGLIB$aerospikeTemplate$0(<generated>)
	at org.springframework.data.aerospike.repository.TestConfigPerson$$EnhancerBySpringCGLIB$$3f27a8da$$FastClassBySpringCGLIB$$38965c5e.invoke(<generated>)
	at org.springframework.cglib.proxy.MethodProxy.invokeSuper(MethodProxy.java:228)
	at org.springframework.context.annotation.ConfigurationClassEnhancer$BeanMethodInterceptor.intercept(ConfigurationClassEnhancer.java:309)
	at org.springframework.data.aerospike.repository.TestConfigPerson$$EnhancerBySpringCGLIB$$3f27a8da.aerospikeTemplate(<generated>)
	at sun.reflect.NativeMethodAccessorImpl.invoke0(Native Method)
	at sun.reflect.NativeMethodAccessorImpl.invoke(NativeMethodAccessorImpl.java:62)
	at sun.reflect.DelegatingMethodAccessorImpl.invoke(DelegatingMethodAccessorImpl.java:43)
	at java.lang.reflect.Method.invoke(Method.java:498)
	at org.springframework.beans.factory.support.SimpleInstantiationStrategy.instantiate(SimpleInstantiationStrategy.java:162)
	at org.springframework.beans.factory.support.ConstructorResolver.instantiateUsingFactoryMethod(ConstructorResolver.java:588)
	at org.springframework.beans.factory.support.AbstractAutowireCapableBeanFactory.instantiateUsingFactoryMethod(AbstractAutowireCapableBeanFactory.java:1119)
	at org.springframework.beans.factory.support.AbstractAutowireCapableBeanFactory.createBeanInstance(AbstractAutowireCapableBeanFactory.java:1014)
	at org.springframework.beans.factory.support.AbstractAutowireCapableBeanFactory.doCreateBean(AbstractAutowireCapableBeanFactory.java:504)
	at org.springframework.beans.factory.support.AbstractAutowireCapableBeanFactory.createBean(AbstractAutowireCapableBeanFactory.java:476)
	at org.springframework.beans.factory.support.AbstractBeanFactory$1.getObject(AbstractBeanFactory.java:303)
	at org.springframework.beans.factory.support.DefaultSingletonBeanRegistry.getSingleton(DefaultSingletonBeanRegistry.java:230)
	at org.springframework.beans.factory.support.AbstractBeanFactory.doGetBean(AbstractBeanFactory.java:299)
	at org.springframework.beans.factory.support.AbstractBeanFactory.getBean(AbstractBeanFactory.java:194)
	at org.springframework.beans.factory.support.DefaultListableBeanFactory.preInstantiateSingletons(DefaultListableBeanFactory.java:755)
	at org.springframework.context.support.AbstractApplicationContext.finishBeanFactoryInitialization(AbstractApplicationContext.java:757)
	at org.springframework.context.support.AbstractApplicationContext.refresh(AbstractApplicationContext.java:480)
	at org.springframework.test.context.support.AbstractGenericContextLoader.loadContext(AbstractGenericContextLoader.java:125)
	at org.springframework.test.context.support.AbstractGenericContextLoader.loadContext(AbstractGenericContextLoader.java:60)
	at org.springframework.test.context.support.AbstractDelegatingSmartContextLoader.delegateLoading(AbstractDelegatingSmartContextLoader.java:109)
	at org.springframework.test.context.support.AbstractDelegatingSmartContextLoader.loadContext(AbstractDelegatingSmartContextLoader.java:261)
	at org.springframework.test.context.DefaultCacheAwareContextLoaderDelegate.loadContextInternal(DefaultCacheAwareContextLoaderDelegate.java:68)
	at org.springframework.test.context.DefaultCacheAwareContextLoaderDelegate.loadContext(DefaultCacheAwareContextLoaderDelegate.java:86)
	at org.springframework.test.context.DefaultTestContext.getApplicationContext(DefaultTestContext.java:72)
	at org.springframework.test.context.support.DependencyInjectionTestExecutionListener.injectDependencies(DependencyInjectionTestExecutionListener.java:117)
	at org.springframework.test.context.support.DependencyInjectionTestExecutionListener.prepareTestInstance(DependencyInjectionTestExecutionListener.java:83)
	at org.springframework.test.context.TestContextManager.prepareTestInstance(TestContextManager.java:212)
	at org.springframework.test.context.junit4.SpringJUnit4ClassRunner.createTest(SpringJUnit4ClassRunner.java:200)
	at org.springframework.test.context.junit4.SpringJUnit4ClassRunner$1.runReflectiveCall(SpringJUnit4ClassRunner.java:259)
	at org.junit.internal.runners.model.ReflectiveCallable.run(ReflectiveCallable.java:12)
	at org.springframework.test.context.junit4.SpringJUnit4ClassRunner.methodBlock(SpringJUnit4ClassRunner.java:261)
	at org.springframework.test.context.junit4.SpringJUnit4ClassRunner.runChild(SpringJUnit4ClassRunner.java:219)
	at org.springframework.test.context.junit4.SpringJUnit4ClassRunner.runChild(SpringJUnit4ClassRunner.java:83)
	at org.junit.runners.ParentRunner$3.run(ParentRunner.java:290)
	at org.junit.runners.ParentRunner$1.schedule(ParentRunner.java:71)
	at org.junit.runners.ParentRunner.runChildren(ParentRunner.java:288)
	at org.junit.runners.ParentRunner.access$000(ParentRunner.java:58)
	at org.junit.runners.ParentRunner$2.evaluate(ParentRunner.java:268)
	at org.springframework.test.context.junit4.statements.RunBeforeTestClassCallbacks.evaluate(RunBeforeTestClassCallbacks.java:61)
	at org.springframework.test.context.junit4.statements.RunAfterTestClassCallbacks.evaluate(RunAfterTestClassCallbacks.java:68)
	at org.junit.runners.ParentRunner.run(ParentRunner.java:363)
	at org.springframework.test.context.junit4.SpringJUnit4ClassRunner.run(SpringJUnit4ClassRunner.java:163)
	at org.junit.runners.Suite.runChild(Suite.java:128)
	at org.junit.runners.Suite.runChild(Suite.java:27)
	at org.junit.runners.ParentRunner$3.run(ParentRunner.java:290)
	at org.junit.runners.ParentRunner$1.schedule(ParentRunner.java:71)
	at org.junit.runners.ParentRunner.runChildren(ParentRunner.java:288)
	at org.junit.runners.ParentRunner.access$000(ParentRunner.java:58)
	at org.junit.runners.ParentRunner$2.evaluate(ParentRunner.java:268)
	at org.junit.runners.ParentRunner.run(ParentRunner.java:363)
	at org.apache.maven.surefire.junit4.JUnit4Provider.execute(JUnit4Provider.java:283)
	at org.apache.maven.surefire.junit4.JUnit4Provider.executeWithRerun(JUnit4Provider.java:173)
	at org.apache.maven.surefire.junit4.JUnit4Provider.executeTestSet(JUnit4Provider.java:153)
	at org.apache.maven.surefire.junit4.JUnit4Provider.invoke(JUnit4Provider.java:128)
	at org.apache.maven.surefire.booter.ForkedBooter.invokeProviderInSameClassLoader(ForkedBooter.java:203)
	at org.apache.maven.surefire.booter.ForkedBooter.runSuitesInProcess(ForkedBooter.java:155)
	at org.apache.maven.surefire.booter.ForkedBooter.main(ForkedBooter.java:103)
]]></error>
    <system-out><![CDATA[16:37:43.811 [main] DEBUG o.s.t.annotation.ProfileValueUtils - Retrieved @ProfileValueSourceConfiguration [null] for test class [org.springframework.data.aerospike.repository.PersonRepositoryIntegrationTests]
16:37:43.811 [main] DEBUG o.s.t.annotation.ProfileValueUtils - Retrieved ProfileValueSource type [class org.springframework.test.annotation.SystemProfileValueSource] for class [org.springframework.data.aerospike.repository.PersonRepositoryIntegrationTests]
16:37:43.811 [main] DEBUG o.s.t.c.s.DependencyInjectionTestExecutionListener - Performing dependency injection for test context [[DefaultTestContext@70807224 testClass = PersonRepositoryIntegrationTests, testInstance = org.springframework.data.aerospike.repository.PersonRepositoryIntegrationTests@2f236de0, testMethod = [null], testException = [null], mergedContextConfiguration = [MergedContextConfiguration@400d912a testClass = PersonRepositoryIntegrationTests, locations = '{}', classes = '{class org.springframework.data.aerospike.repository.TestConfigPerson}', contextInitializerClasses = '[]', activeProfiles = '{}', propertySourceLocations = '{}', propertySourceProperties = '{}', contextLoader = 'org.springframework.test.context.support.DelegatingSmartContextLoader', parent = [null]]]].
16:37:43.811 [main] DEBUG o.s.t.c.s.AbstractDelegatingSmartContextLoader - Delegating to AnnotationConfigContextLoader to load context from [MergedContextConfiguration@400d912a testClass = PersonRepositoryIntegrationTests, locations = '{}', classes = '{class org.springframework.data.aerospike.repository.TestConfigPerson}', contextInitializerClasses = '[]', activeProfiles = '{}', propertySourceLocations = '{}', propertySourceProperties = '{}', contextLoader = 'org.springframework.test.context.support.DelegatingSmartContextLoader', parent = [null]].
16:37:43.811 [main] DEBUG o.s.t.c.s.AbstractGenericContextLoader - Loading ApplicationContext for merged context configuration [[MergedContextConfiguration@400d912a testClass = PersonRepositoryIntegrationTests, locations = '{}', classes = '{class org.springframework.data.aerospike.repository.TestConfigPerson}', contextInitializerClasses = '[]', activeProfiles = '{}', propertySourceLocations = '{}', propertySourceProperties = '{}', contextLoader = 'org.springframework.test.context.support.DelegatingSmartContextLoader', parent = [null]]].
16:37:43.812 [main] DEBUG o.s.core.env.StandardEnvironment - Adding [systemProperties] PropertySource with lowest search precedence
16:37:43.812 [main] DEBUG o.s.core.env.StandardEnvironment - Adding [systemEnvironment] PropertySource with lowest search precedence
16:37:43.812 [main] DEBUG o.s.core.env.StandardEnvironment - Initialized StandardEnvironment with PropertySources [systemProperties,systemEnvironment]
16:37:43.812 [main] DEBUG o.s.t.c.s.AnnotationConfigContextLoader - Registering annotated classes: {class org.springframework.data.aerospike.repository.TestConfigPerson}
16:37:43.812 [main] INFO  o.s.c.s.GenericApplicationContext - Refreshing org.springframework.context.support.GenericApplicationContext@4eba373c: startup date [Tue Oct 04 16:37:43 BRT 2016]; root of context hierarchy
16:37:43.813 [main] DEBUG o.s.c.s.GenericApplicationContext - Bean factory for org.springframework.context.support.GenericApplicationContext@4eba373c: org.springframework.beans.factory.support.DefaultListableBeanFactory@d109c4f: defining beans [org.springframework.context.annotation.internalConfigurationAnnotationProcessor,org.springframework.context.annotation.internalAutowiredAnnotationProcessor,org.springframework.context.annotation.internalRequiredAnnotationProcessor,org.springframework.context.annotation.internalCommonAnnotationProcessor,testConfigPerson]; root of factory hierarchy
16:37:43.813 [main] DEBUG o.s.b.f.s.DefaultListableBeanFactory - Creating shared instance of singleton bean 'org.springframework.context.annotation.internalConfigurationAnnotationProcessor'
16:37:43.813 [main] DEBUG o.s.b.f.s.DefaultListableBeanFactory - Creating instance of bean 'org.springframework.context.annotation.internalConfigurationAnnotationProcessor'
16:37:43.813 [main] DEBUG o.s.b.f.s.DefaultListableBeanFactory - Eagerly caching bean 'org.springframework.context.annotation.internalConfigurationAnnotationProcessor' to allow for resolving potential circular references
16:37:43.813 [main] DEBUG o.s.b.f.s.DefaultListableBeanFactory - Finished creating instance of bean 'org.springframework.context.annotation.internalConfigurationAnnotationProcessor'
16:37:43.813 [main] DEBUG o.s.c.a.ConfigurationClassBeanDefinitionReader - Registering bean definition for @Bean method org.springframework.data.aerospike.repository.TestConfigPerson.aerospikeTemplate()
16:37:43.813 [main] DEBUG o.s.c.a.ConfigurationClassBeanDefinitionReader - Registering bean definition for @Bean method org.springframework.data.aerospike.repository.TestConfigPerson.aerospikeClient()
16:37:43.814 [main] DEBUG o.s.core.env.StandardEnvironment - Adding [systemProperties] PropertySource with lowest search precedence
16:37:43.814 [main] DEBUG o.s.core.env.StandardEnvironment - Adding [systemEnvironment] PropertySource with lowest search precedence
16:37:43.814 [main] DEBUG o.s.core.env.StandardEnvironment - Initialized StandardEnvironment with PropertySources [systemProperties,systemEnvironment]
16:37:43.814 [main] DEBUG o.s.c.i.s.PathMatchingResourcePatternResolver - Looking for matching resources in directory tree [/home/aluno/spring-projects/maven/spring-data-aerospike/target/test-classes/org/springframework/data]
16:37:43.814 [main] DEBUG o.s.c.i.s.PathMatchingResourcePatternResolver - Searching directory [/home/aluno/spring-projects/maven/spring-data-aerospike/target/test-classes/org/springframework/data] for files matching pattern [/home/aluno/spring-projects/maven/spring-data-aerospike/target/test-classes/org/springframework/data/**/repository/support/**/*.class]
16:37:43.814 [main] DEBUG o.s.c.i.s.PathMatchingResourcePatternResolver - Searching directory [/home/aluno/spring-projects/maven/spring-data-aerospike/target/test-classes/org/springframework/data/keyvalue] for files matching pattern [/home/aluno/spring-projects/maven/spring-data-aerospike/target/test-classes/org/springframework/data/**/repository/support/**/*.class]
16:37:43.814 [main] DEBUG o.s.c.i.s.PathMatchingResourcePatternResolver - Searching directory [/home/aluno/spring-projects/maven/spring-data-aerospike/target/test-classes/org/springframework/data/keyvalue/repository] for files matching pattern [/home/aluno/spring-projects/maven/spring-data-aerospike/target/test-classes/org/springframework/data/**/repository/support/**/*.class]
16:37:43.814 [main] DEBUG o.s.c.i.s.PathMatchingResourcePatternResolver - Searching directory [/home/aluno/spring-projects/maven/spring-data-aerospike/target/test-classes/org/springframework/data/keyvalue/repository/query] for files matching pattern [/home/aluno/spring-projects/maven/spring-data-aerospike/target/test-classes/org/springframework/data/**/repository/support/**/*.class]
16:37:43.814 [main] DEBUG o.s.c.i.s.PathMatchingResourcePatternResolver - Searching directory [/home/aluno/spring-projects/maven/spring-data-aerospike/target/test-classes/org/springframework/data/aerospike] for files matching pattern [/home/aluno/spring-projects/maven/spring-data-aerospike/target/test-classes/org/springframework/data/**/repository/support/**/*.class]
16:37:43.814 [main] DEBUG o.s.c.i.s.PathMatchingResourcePatternResolver - Searching directory [/home/aluno/spring-projects/maven/spring-data-aerospike/target/test-classes/org/springframework/data/aerospike/mapping] for files matching pattern [/home/aluno/spring-projects/maven/spring-data-aerospike/target/test-classes/org/springframework/data/**/repository/support/**/*.class]
16:37:43.814 [main] DEBUG o.s.c.i.s.PathMatchingResourcePatternResolver - Searching directory [/home/aluno/spring-projects/maven/spring-data-aerospike/target/test-classes/org/springframework/data/aerospike/core] for files matching pattern [/home/aluno/spring-projects/maven/spring-data-aerospike/target/test-classes/org/springframework/data/**/repository/support/**/*.class]
16:37:43.814 [main] DEBUG o.s.c.i.s.PathMatchingResourcePatternResolver - Searching directory [/home/aluno/spring-projects/maven/spring-data-aerospike/target/test-classes/org/springframework/data/aerospike/convert] for files matching pattern [/home/aluno/spring-projects/maven/spring-data-aerospike/target/test-classes/org/springframework/data/**/repository/support/**/*.class]
16:37:43.815 [main] DEBUG o.s.c.i.s.PathMatchingResourcePatternResolver - Searching directory [/home/aluno/spring-projects/maven/spring-data-aerospike/target/test-classes/org/springframework/data/aerospike/sample] for files matching pattern [/home/aluno/spring-projects/maven/spring-data-aerospike/target/test-classes/org/springframework/data/**/repository/support/**/*.class]
16:37:43.815 [main] DEBUG o.s.c.i.s.PathMatchingResourcePatternResolver - Searching directory [/home/aluno/spring-projects/maven/spring-data-aerospike/target/test-classes/org/springframework/data/aerospike/repository] for files matching pattern [/home/aluno/spring-projects/maven/spring-data-aerospike/target/test-classes/org/springframework/data/**/repository/support/**/*.class]
16:37:43.816 [main] DEBUG o.s.c.i.s.PathMatchingResourcePatternResolver - Searching directory [/home/aluno/spring-projects/maven/spring-data-aerospike/target/test-classes/org/springframework/data/aerospike/repository/support] for files matching pattern [/home/aluno/spring-projects/maven/spring-data-aerospike/target/test-classes/org/springframework/data/**/repository/support/**/*.class]
16:37:43.816 [main] DEBUG o.s.c.i.s.PathMatchingResourcePatternResolver - Searching directory [/home/aluno/spring-projects/maven/spring-data-aerospike/target/test-classes/org/springframework/data/aerospike/repository/query] for files matching pattern [/home/aluno/spring-projects/maven/spring-data-aerospike/target/test-classes/org/springframework/data/**/repository/support/**/*.class]
16:37:43.816 [main] DEBUG o.s.c.i.s.PathMatchingResourcePatternResolver - Searching directory [/home/aluno/spring-projects/maven/spring-data-aerospike/target/test-classes/org/springframework/data/aerospike/config] for files matching pattern [/home/aluno/spring-projects/maven/spring-data-aerospike/target/test-classes/org/springframework/data/**/repository/support/**/*.class]
16:37:43.816 [main] DEBUG o.s.c.i.s.PathMatchingResourcePatternResolver - Searching directory [/home/aluno/spring-projects/maven/spring-data-aerospike/target/test-classes/org/springframework/data/aerospike/cache] for files matching pattern [/home/aluno/spring-projects/maven/spring-data-aerospike/target/test-classes/org/springframework/data/**/repository/support/**/*.class]
16:37:43.816 [main] DEBUG o.s.c.i.s.PathMatchingResourcePatternResolver - Looking for matching resources in directory tree [/home/aluno/spring-projects/maven/spring-data-aerospike/target/classes/org/springframework/data]
16:37:43.816 [main] DEBUG o.s.c.i.s.PathMatchingResourcePatternResolver - Searching directory [/home/aluno/spring-projects/maven/spring-data-aerospike/target/classes/org/springframework/data] for files matching pattern [/home/aluno/spring-projects/maven/spring-data-aerospike/target/classes/org/springframework/data/**/repository/support/**/*.class]
16:37:43.816 [main] DEBUG o.s.c.i.s.PathMatchingResourcePatternResolver - Searching directory [/home/aluno/spring-projects/maven/spring-data-aerospike/target/classes/org/springframework/data/aerospike] for files matching pattern [/home/aluno/spring-projects/maven/spring-data-aerospike/target/classes/org/springframework/data/**/repository/support/**/*.class]
16:37:43.816 [main] DEBUG o.s.c.i.s.PathMatchingResourcePatternResolver - Searching directory [/home/aluno/spring-projects/maven/spring-data-aerospike/target/classes/org/springframework/data/aerospike/mapping] for files matching pattern [/home/aluno/spring-projects/maven/spring-data-aerospike/target/classes/org/springframework/data/**/repository/support/**/*.class]
16:37:43.816 [main] DEBUG o.s.c.i.s.PathMatchingResourcePatternResolver - Searching directory [/home/aluno/spring-projects/maven/spring-data-aerospike/target/classes/org/springframework/data/aerospike/core] for files matching pattern [/home/aluno/spring-projects/maven/spring-data-aerospike/target/classes/org/springframework/data/**/repository/support/**/*.class]
16:37:43.816 [main] DEBUG o.s.c.i.s.PathMatchingResourcePatternResolver - Searching directory [/home/aluno/spring-projects/maven/spring-data-aerospike/target/classes/org/springframework/data/aerospike/convert] for files matching pattern [/home/aluno/spring-projects/maven/spring-data-aerospike/target/classes/org/springframework/data/**/repository/support/**/*.class]
16:37:43.817 [main] DEBUG o.s.c.i.s.PathMatchingResourcePatternResolver - Searching directory [/home/aluno/spring-projects/maven/spring-data-aerospike/target/classes/org/springframework/data/aerospike/example] for files matching pattern [/home/aluno/spring-projects/maven/spring-data-aerospike/target/classes/org/springframework/data/**/repository/support/**/*.class]
16:37:43.817 [main] DEBUG o.s.c.i.s.PathMatchingResourcePatternResolver - Searching directory [/home/aluno/spring-projects/maven/spring-data-aerospike/target/classes/org/springframework/data/aerospike/example/data] for files matching pattern [/home/aluno/spring-projects/maven/spring-data-aerospike/target/classes/org/springframework/data/**/repository/support/**/*.class]
16:37:43.817 [main] DEBUG o.s.c.i.s.PathMatchingResourcePatternResolver - Searching directory [/home/aluno/spring-projects/maven/spring-data-aerospike/target/classes/org/springframework/data/aerospike/example/config] for files matching pattern [/home/aluno/spring-projects/maven/spring-data-aerospike/target/classes/org/springframework/data/**/repository/support/**/*.class]
16:37:43.817 [main] DEBUG o.s.c.i.s.PathMatchingResourcePatternResolver - Searching directory [/home/aluno/spring-projects/maven/spring-data-aerospike/target/classes/org/springframework/data/aerospike/annotation] for files matching pattern [/home/aluno/spring-projects/maven/spring-data-aerospike/target/classes/org/springframework/data/**/repository/support/**/*.class]
16:37:43.817 [main] DEBUG o.s.c.i.s.PathMatchingResourcePatternResolver - Searching directory [/home/aluno/spring-projects/maven/spring-data-aerospike/target/classes/org/springframework/data/aerospike/repository] for files matching pattern [/home/aluno/spring-projects/maven/spring-data-aerospike/target/classes/org/springframework/data/**/repository/support/**/*.class]
16:37:43.817 [main] DEBUG o.s.c.i.s.PathMatchingResourcePatternResolver - Searching directory [/home/aluno/spring-projects/maven/spring-data-aerospike/target/classes/org/springframework/data/aerospike/repository/support] for files matching pattern [/home/aluno/spring-projects/maven/spring-data-aerospike/target/classes/org/springframework/data/**/repository/support/**/*.class]
16:37:43.817 [main] DEBUG o.s.c.i.s.PathMatchingResourcePatternResolver - Searching directory [/home/aluno/spring-projects/maven/spring-data-aerospike/target/classes/org/springframework/data/aerospike/repository/config] for files matching pattern [/home/aluno/spring-projects/maven/spring-data-aerospike/target/classes/org/springframework/data/**/repository/support/**/*.class]
16:37:43.817 [main] DEBUG o.s.c.i.s.PathMatchingResourcePatternResolver - Searching directory [/home/aluno/spring-projects/maven/spring-data-aerospike/target/classes/org/springframework/data/aerospike/repository/query] for files matching pattern [/home/aluno/spring-projects/maven/spring-data-aerospike/target/classes/org/springframework/data/**/repository/support/**/*.class]
16:37:43.817 [main] DEBUG o.s.c.i.s.PathMatchingResourcePatternResolver - Searching directory [/home/aluno/spring-projects/maven/spring-data-aerospike/target/classes/org/springframework/data/aerospike/config] for files matching pattern [/home/aluno/spring-projects/maven/spring-data-aerospike/target/classes/org/springframework/data/**/repository/support/**/*.class]
16:37:43.817 [main] DEBUG o.s.c.i.s.PathMatchingResourcePatternResolver - Searching directory [/home/aluno/spring-projects/maven/spring-data-aerospike/target/classes/org/springframework/data/aerospike/cache] for files matching pattern [/home/aluno/spring-projects/maven/spring-data-aerospike/target/classes/org/springframework/data/**/repository/support/**/*.class]
16:37:43.817 [main] DEBUG o.s.c.i.s.PathMatchingResourcePatternResolver - Searching directory [/home/aluno/spring-projects/maven/spring-data-aerospike/target/classes/org/springframework/data/aerospike/utility] for files matching pattern [/home/aluno/spring-projects/maven/spring-data-aerospike/target/classes/org/springframework/data/**/repository/support/**/*.class]
16:37:43.817 [main] DEBUG o.s.c.i.s.PathMatchingResourcePatternResolver - Looking for matching resources in jar file [file:/home/aluno/.m2/repository/org/springframework/data/spring-data-commons/1.11.0.RELEASE/spring-data-commons-1.11.0.RELEASE.jar]
16:37:43.819 [main] DEBUG o.s.c.i.s.PathMatchingResourcePatternResolver - Looking for matching resources in jar file [file:/home/aluno/.m2/repository/org/springframework/data/spring-data-keyvalue/1.0.0.M1/spring-data-keyvalue-1.0.0.M1.jar]
16:37:43.819 [main] DEBUG o.s.c.i.s.PathMatchingResourcePatternResolver - Resolved location pattern [classpath*:org/springframework/data/**/repository/support/**/*.class] to resources [file [/home/aluno/spring-projects/maven/spring-data-aerospike/target/test-classes/org/springframework/data/aerospike/repository/support/SimpleAerospikeRepositoryTest$5.class], file [/home/aluno/spring-projects/maven/spring-data-aerospike/target/test-classes/org/springframework/data/aerospike/repository/support/SimpleAerospikeRepositoryTest$9.class], file [/home/aluno/spring-projects/maven/spring-data-aerospike/target/test-classes/org/springframework/data/aerospike/repository/support/SimpleAerospikeRepositoryTest$4.class], file [/home/aluno/spring-projects/maven/spring-data-aerospike/target/test-classes/org/springframework/data/aerospike/repository/support/AerospikeRepositoryFactoryTest.class], file [/home/aluno/spring-projects/maven/spring-data-aerospike/target/test-classes/org/springframework/data/aerospike/repository/support/SimpleAerospikeRepositoryTest.class], file [/home/aluno/spring-projects/maven/spring-data-aerospike/target/test-classes/org/springframework/data/aerospike/repository/support/SimpleAerospikeRepositoryTest$1.class], file [/home/aluno/spring-projects/maven/spring-data-aerospike/target/test-classes/org/springframework/data/aerospike/repository/support/SimpleAerospikeRepositoryTest$3.class], file [/home/aluno/spring-projects/maven/spring-data-aerospike/target/test-classes/org/springframework/data/aerospike/repository/support/SimpleAerospikeRepositoryTest$8.class], file [/home/aluno/spring-projects/maven/spring-data-aerospike/target/test-classes/org/springframework/data/aerospike/repository/support/SimpleAerospikeRepositoryTest$6.class], file [/home/aluno/spring-projects/maven/spring-data-aerospike/target/test-classes/org/springframework/data/aerospike/repository/support/SimpleAerospikeRepositoryTest$2.class], file [/home/aluno/spring-projects/maven/spring-data-aerospike/target/test-classes/org/springframework/data/aerospike/repository/support/AllTests.class], file [/home/aluno/spring-projects/maven/spring-data-aerospike/target/test-classes/org/springframework/data/aerospike/repository/support/SimpleAerospikeRepositoryTest$7.class], file [/home/aluno/spring-projects/maven/spring-data-aerospike/target/classes/org/springframework/data/aerospike/repository/support/AerospikeRepositoryFactoryBean.class], file [/home/aluno/spring-projects/maven/spring-data-aerospike/target/classes/org/springframework/data/aerospike/repository/support/AerospikeRepositoryFactory$AerospikeQueryLookupStrategy.class], file [/home/aluno/spring-projects/maven/spring-data-aerospike/target/classes/org/springframework/data/aerospike/repository/support/AerospikeRepositoryFactory.class], file [/home/aluno/spring-projects/maven/spring-data-aerospike/target/classes/org/springframework/data/aerospike/repository/support/SimpleAerospikeRepository.class], URL [jar:file:/home/aluno/.m2/repository/org/springframework/data/spring-data-commons/1.11.0.RELEASE/spring-data-commons-1.11.0.RELEASE.jar!/org/springframework/data/repository/support/DomainClassConverter$ConversionMatchAbbreviationException.class], URL [jar:file:/home/aluno/.m2/repository/org/springframework/data/spring-data-commons/1.11.0.RELEASE/spring-data-commons-1.11.0.RELEASE.jar!/org/springframework/data/repository/support/DomainClassConverter$ToIdConverter.class], URL [jar:file:/home/aluno/.m2/repository/org/springframework/data/spring-data-commons/1.11.0.RELEASE/spring-data-commons-1.11.0.RELEASE.jar!/org/springframework/data/repository/support/Repositories$EmptyRepositoryFactoryInformation.class], URL [jar:file:/home/aluno/.m2/repository/org/springframework/data/spring-data-commons/1.11.0.RELEASE/spring-data-commons-1.11.0.RELEASE.jar!/org/springframework/data/repository/support/PagingAndSortingRepositoryInvoker.class], URL [jar:file:/home/aluno/.m2/repository/org/springframework/data/spring-data-commons/1.11.0.RELEASE/spring-data-commons-1.11.0.RELEASE.jar!/org/springframework/data/repository/support/QueryMethodParameterConversionException.class], URL [jar:file:/home/aluno/.m2/repository/org/springframework/data/spring-data-commons/1.11.0.RELEASE/spring-data-commons-1.11.0.RELEASE.jar!/org/springframework/data/repository/support/MethodParameters.class], URL [jar:file:/home/aluno/.m2/repository/org/springframework/data/spring-data-commons/1.11.0.RELEASE/spring-data-commons-1.11.0.RELEASE.jar!/org/springframework/data/repository/support/RepositoryInvoker.class], URL [jar:file:/home/aluno/.m2/repository/org/springframework/data/spring-data-commons/1.11.0.RELEASE/spring-data-commons-1.11.0.RELEASE.jar!/org/springframework/data/repository/support/RepositoryInvokerFactory.class], URL [jar:file:/home/aluno/.m2/repository/org/springframework/data/spring-data-commons/1.11.0.RELEASE/spring-data-commons-1.11.0.RELEASE.jar!/org/springframework/data/repository/support/DomainClassPropertyEditorRegistrar.class], URL [jar:file:/home/aluno/.m2/repository/org/springframework/data/spring-data-commons/1.11.0.RELEASE/spring-data-commons-1.11.0.RELEASE.jar!/org/springframework/data/repository/support/AnnotationAttribute.class], URL [jar:file:/home/aluno/.m2/repository/org/springframework/data/spring-data-commons/1.11.0.RELEASE/spring-data-commons-1.11.0.RELEASE.jar!/org/springframework/data/repository/support/DefaultRepositoryInvokerFactory.class], URL [jar:file:/home/aluno/.m2/repository/org/springframework/data/spring-data-commons/1.11.0.RELEASE/spring-data-commons-1.11.0.RELEASE.jar!/org/springframework/data/repository/support/MethodParameters$AnnotationNamingMethodParameter.class], URL [jar:file:/home/aluno/.m2/repository/org/springframework/data/spring-data-commons/1.11.0.RELEASE/spring-data-commons-1.11.0.RELEASE.jar!/org/springframework/data/repository/support/CrudRepositoryInvoker.class], URL [jar:file:/home/aluno/.m2/repository/org/springframework/data/spring-data-commons/1.11.0.RELEASE/spring-data-commons-1.11.0.RELEASE.jar!/org/springframework/data/repository/support/Repositories.class], URL [jar:file:/home/aluno/.m2/repository/org/springframework/data/spring-data-commons/1.11.0.RELEASE/spring-data-commons-1.11.0.RELEASE.jar!/org/springframework/data/repository/support/DomainClassConverter$ToEntityConverter.class], URL [jar:file:/home/aluno/.m2/repository/org/springframework/data/spring-data-commons/1.11.0.RELEASE/spring-data-commons-1.11.0.RELEASE.jar!/org/springframework/data/repository/support/ReflectionRepositoryInvoker.class], URL [jar:file:/home/aluno/.m2/repository/org/springframework/data/spring-data-commons/1.11.0.RELEASE/spring-data-commons-1.11.0.RELEASE.jar!/org/springframework/data/repository/support/DomainClassPropertyEditor.class], URL [jar:file:/home/aluno/.m2/repository/org/springframework/data/spring-data-commons/1.11.0.RELEASE/spring-data-commons-1.11.0.RELEASE.jar!/org/springframework/data/repository/support/DomainClassConverter.class], URL [jar:file:/home/aluno/.m2/repository/org/springframework/data/spring-data-commons/1.11.0.RELEASE/spring-data-commons-1.11.0.RELEASE.jar!/org/springframework/data/repository/support/DomainClassConverter$1.class], URL [jar:file:/home/aluno/.m2/repository/org/springframework/data/spring-data-commons/1.11.0.RELEASE/spring-data-commons-1.11.0.RELEASE.jar!/org/springframework/data/repository/support/RepositoryInvocationInformation.class], URL [jar:file:/home/aluno/.m2/repository/org/springframework/data/spring-data-keyvalue/1.0.0.M1/spring-data-keyvalue-1.0.0.M1.jar!/org/springframework/data/keyvalue/repository/support/KeyValueRepositoryFactory$KeyValueQueryLookupStrategy.class], URL [jar:file:/home/aluno/.m2/repository/org/springframework/data/spring-data-keyvalue/1.0.0.M1/spring-data-keyvalue-1.0.0.M1.jar!/org/springframework/data/keyvalue/repository/support/QuerydslKeyValueRepository.class], URL [jar:file:/home/aluno/.m2/repository/org/springframework/data/spring-data-keyvalue/1.0.0.M1/spring-data-keyvalue-1.0.0.M1.jar!/org/springframework/data/keyvalue/repository/support/KeyValueRepositoryFactoryBean.class], URL [jar:file:/home/aluno/.m2/repository/org/springframework/data/spring-data-keyvalue/1.0.0.M1/spring-data-keyvalue-1.0.0.M1.jar!/org/springframework/data/keyvalue/repository/support/KeyValueQuerydslUtils$1.class], URL [jar:file:/home/aluno/.m2/repository/org/springframework/data/spring-data-keyvalue/1.0.0.M1/spring-data-keyvalue-1.0.0.M1.jar!/org/springframework/data/keyvalue/repository/support/KeyValueQuerydslUtils.class], URL [jar:file:/home/aluno/.m2/repository/org/springframework/data/spring-data-keyvalue/1.0.0.M1/spring-data-keyvalue-1.0.0.M1.jar!/org/springframework/data/keyvalue/repository/support/KeyValueRepositoryFactory.class], URL [jar:file:/home/aluno/.m2/repository/org/springframework/data/spring-data-keyvalue/1.0.0.M1/spring-data-keyvalue-1.0.0.M1.jar!/org/springframework/data/keyvalue/repository/support/SimpleKeyValueRepository.class]]
16:37:43.824 [main] DEBUG o.s.c.a.ClassPathScanningCandidateComponentProvider - Identified candidate component class: file [/home/aluno/spring-projects/maven/spring-data-aerospike/target/classes/org/springframework/data/aerospike/repository/support/AerospikeRepositoryFactory.class]
16:37:43.831 [main] DEBUG o.s.c.a.ClassPathScanningCandidateComponentProvider - Identified candidate component class: URL [jar:file:/home/aluno/.m2/repository/org/springframework/data/spring-data-keyvalue/1.0.0.M1/spring-data-keyvalue-1.0.0.M1.jar!/org/springframework/data/keyvalue/repository/support/KeyValueRepositoryFactory.class]
16:37:43.831 [main] DEBUG o.s.d.r.c.RepositoryConfigurationDelegate - Multiple Spring Data modules found, entering strict repository configuration mode!
16:37:43.832 [main] DEBUG o.s.core.env.StandardEnvironment - Adding [systemProperties] PropertySource with lowest search precedence
16:37:43.832 [main] DEBUG o.s.core.env.StandardEnvironment - Adding [systemEnvironment] PropertySource with lowest search precedence
16:37:43.832 [main] DEBUG o.s.core.env.StandardEnvironment - Initialized StandardEnvironment with PropertySources [systemProperties,systemEnvironment]
16:37:43.832 [main] DEBUG o.s.c.i.s.PathMatchingResourcePatternResolver - Looking for matching resources in directory tree [/home/aluno/spring-projects/maven/spring-data-aerospike/target/test-classes/org/springframework/data/aerospike/repository]
16:37:43.832 [main] DEBUG o.s.c.i.s.PathMatchingResourcePatternResolver - Searching directory [/home/aluno/spring-projects/maven/spring-data-aerospike/target/test-classes/org/springframework/data/aerospike/repository] for files matching pattern [/home/aluno/spring-projects/maven/spring-data-aerospike/target/test-classes/org/springframework/data/aerospike/repository/**/*.class]
16:37:43.832 [main] DEBUG o.s.c.i.s.PathMatchingResourcePatternResolver - Searching directory [/home/aluno/spring-projects/maven/spring-data-aerospike/target/test-classes/org/springframework/data/aerospike/repository/support] for files matching pattern [/home/aluno/spring-projects/maven/spring-data-aerospike/target/test-classes/org/springframework/data/aerospike/repository/**/*.class]
16:37:43.833 [main] DEBUG o.s.c.i.s.PathMatchingResourcePatternResolver - Searching directory [/home/aluno/spring-projects/maven/spring-data-aerospike/target/test-classes/org/springframework/data/aerospike/repository/query] for files matching pattern [/home/aluno/spring-projects/maven/spring-data-aerospike/target/test-classes/org/springframework/data/aerospike/repository/**/*.class]
16:37:43.833 [main] DEBUG o.s.c.i.s.PathMatchingResourcePatternResolver - Looking for matching resources in directory tree [/home/aluno/spring-projects/maven/spring-data-aerospike/target/classes/org/springframework/data/aerospike/repository]
16:37:43.833 [main] DEBUG o.s.c.i.s.PathMatchingResourcePatternResolver - Searching directory [/home/aluno/spring-projects/maven/spring-data-aerospike/target/classes/org/springframework/data/aerospike/repository] for files matching pattern [/home/aluno/spring-projects/maven/spring-data-aerospike/target/classes/org/springframework/data/aerospike/repository/**/*.class]
16:37:43.833 [main] DEBUG o.s.c.i.s.PathMatchingResourcePatternResolver - Searching directory [/home/aluno/spring-projects/maven/spring-data-aerospike/target/classes/org/springframework/data/aerospike/repository/support] for files matching pattern [/home/aluno/spring-projects/maven/spring-data-aerospike/target/classes/org/springframework/data/aerospike/repository/**/*.class]
16:37:43.833 [main] DEBUG o.s.c.i.s.PathMatchingResourcePatternResolver - Searching directory [/home/aluno/spring-projects/maven/spring-data-aerospike/target/classes/org/springframework/data/aerospike/repository/config] for files matching pattern [/home/aluno/spring-projects/maven/spring-data-aerospike/target/classes/org/springframework/data/aerospike/repository/**/*.class]
16:37:43.833 [main] DEBUG o.s.c.i.s.PathMatchingResourcePatternResolver - Searching directory [/home/aluno/spring-projects/maven/spring-data-aerospike/target/classes/org/springframework/data/aerospike/repository/query] for files matching pattern [/home/aluno/spring-projects/maven/spring-data-aerospike/target/classes/org/springframework/data/aerospike/repository/**/*.class]
16:37:43.833 [main] DEBUG o.s.c.i.s.PathMatchingResourcePatternResolver - Resolved location pattern [classpath*:org/springframework/data/aerospike/repository/**/*.class] to resources [file [/home/aluno/spring-projects/maven/spring-data-aerospike/target/test-classes/org/springframework/data/aerospike/repository/Credentials.class], file [/home/aluno/spring-projects/maven/spring-data-aerospike/target/test-classes/org/springframework/data/aerospike/repository/AbstractPersonRepositoryIntegrationTests$1.class], file [/home/aluno/spring-projects/maven/spring-data-aerospike/target/test-classes/org/springframework/data/aerospike/repository/PersonRepository.class], file [/home/aluno/spring-projects/maven/spring-data-aerospike/target/test-classes/org/springframework/data/aerospike/repository/TestConfigPerson.class], file [/home/aluno/spring-projects/maven/spring-data-aerospike/target/test-classes/org/springframework/data/aerospike/repository/Address.class], file [/home/aluno/spring-projects/maven/spring-data-aerospike/target/test-classes/org/springframework/data/aerospike/repository/Person$Sex.class], file [/home/aluno/spring-projects/maven/spring-data-aerospike/target/test-classes/org/springframework/data/aerospike/repository/Person.class], file [/home/aluno/spring-projects/maven/spring-data-aerospike/target/test-classes/org/springframework/data/aerospike/repository/ContactRepository.class], file [/home/aluno/spring-projects/maven/spring-data-aerospike/target/test-classes/org/springframework/data/aerospike/repository/AbstractPersonRepositoryIntegrationTests.class], file [/home/aluno/spring-projects/maven/spring-data-aerospike/target/test-classes/org/springframework/data/aerospike/repository/User.class], file [/home/aluno/spring-projects/maven/spring-data-aerospike/target/test-classes/org/springframework/data/aerospike/repository/CustomerRepositoriesIntegrationTests$Config.class], file [/home/aluno/spring-projects/maven/spring-data-aerospike/target/test-classes/org/springframework/data/aerospike/repository/AnnotatedPerson.class], file [/home/aluno/spring-projects/maven/spring-data-aerospike/target/test-classes/org/springframework/data/aerospike/repository/support/SimpleAerospikeRepositoryTest$5.class], file [/home/aluno/spring-projects/maven/spring-data-aerospike/target/test-classes/org/springframework/data/aerospike/repository/support/SimpleAerospikeRepositoryTest$9.class], file [/home/aluno/spring-projects/maven/spring-data-aerospike/target/test-classes/org/springframework/data/aerospike/repository/support/SimpleAerospikeRepositoryTest$4.class], file [/home/aluno/spring-projects/maven/spring-data-aerospike/target/test-classes/org/springframework/data/aerospike/repository/support/AerospikeRepositoryFactoryTest.class], file [/home/aluno/spring-projects/maven/spring-data-aerospike/target/test-classes/org/springframework/data/aerospike/repository/support/SimpleAerospikeRepositoryTest.class], file [/home/aluno/spring-projects/maven/spring-data-aerospike/target/test-classes/org/springframework/data/aerospike/repository/support/SimpleAerospikeRepositoryTest$1.class], file [/home/aluno/spring-projects/maven/spring-data-aerospike/target/test-classes/org/springframework/data/aerospike/repository/support/SimpleAerospikeRepositoryTest$3.class], file [/home/aluno/spring-projects/maven/spring-data-aerospike/target/test-classes/org/springframework/data/aerospike/repository/support/SimpleAerospikeRepositoryTest$8.class], file [/home/aluno/spring-projects/maven/spring-data-aerospike/target/test-classes/org/springframework/data/aerospike/repository/support/SimpleAerospikeRepositoryTest$6.class], file [/home/aluno/spring-projects/maven/spring-data-aerospike/target/test-classes/org/springframework/data/aerospike/repository/support/SimpleAerospikeRepositoryTest$2.class], file [/home/aluno/spring-projects/maven/spring-data-aerospike/target/test-classes/org/springframework/data/aerospike/repository/support/AllTests.class], file [/home/aluno/spring-projects/maven/spring-data-aerospike/target/test-classes/org/springframework/data/aerospike/repository/support/SimpleAerospikeRepositoryTest$7.class], file [/home/aluno/spring-projects/maven/spring-data-aerospike/target/test-classes/org/springframework/data/aerospike/repository/Contact.class], file [/home/aluno/spring-projects/maven/spring-data-aerospike/target/test-classes/org/springframework/data/aerospike/repository/AllTests.class], file [/home/aluno/spring-projects/maven/spring-data-aerospike/target/test-classes/org/springframework/data/aerospike/repository/PersonRepositoryIntegrationTests.class], file [/home/aluno/spring-projects/maven/spring-data-aerospike/target/test-classes/org/springframework/data/aerospike/repository/query/StubParameterAccessor.class], file [/home/aluno/spring-projects/maven/spring-data-aerospike/target/test-classes/org/springframework/data/aerospike/repository/query/AllTests.class], file [/home/aluno/spring-projects/maven/spring-data-aerospike/target/test-classes/org/springframework/data/aerospike/repository/query/AerospikePartTreeQueryTest.class], file [/home/aluno/spring-projects/maven/spring-data-aerospike/target/test-classes/org/springframework/data/aerospike/repository/CustomerRepositoriesIntegrationTests.class], file [/home/aluno/spring-projects/maven/spring-data-aerospike/target/classes/org/springframework/data/aerospike/repository/AerospikeRepository.class], file [/home/aluno/spring-projects/maven/spring-data-aerospike/target/classes/org/springframework/data/aerospike/repository/support/AerospikeRepositoryFactoryBean.class], file [/home/aluno/spring-projects/maven/spring-data-aerospike/target/classes/org/springframework/data/aerospike/repository/support/AerospikeRepositoryFactory$AerospikeQueryLookupStrategy.class], file [/home/aluno/spring-projects/maven/spring-data-aerospike/target/classes/org/springframework/data/aerospike/repository/support/AerospikeRepositoryFactory.class], file [/home/aluno/spring-projects/maven/spring-data-aerospike/target/classes/org/springframework/data/aerospike/repository/support/SimpleAerospikeRepository.class], file [/home/aluno/spring-projects/maven/spring-data-aerospike/target/classes/org/springframework/data/aerospike/repository/config/AerospikeRepositoriesRegistrar.class], file [/home/aluno/spring-projects/maven/spring-data-aerospike/target/classes/org/springframework/data/aerospike/repository/config/EnableAerospikeRepositories.class], file [/home/aluno/spring-projects/maven/spring-data-aerospike/target/classes/org/springframework/data/aerospike/repository/config/AerospikeRepositoriesRegistrar$1.class], file [/home/aluno/spring-projects/maven/spring-data-aerospike/target/classes/org/springframework/data/aerospike/repository/config/AerospikeRepositoriesRegistrar$AerospikeRepositoryConfigurationExtension.class], file [/home/aluno/spring-projects/maven/spring-data-aerospike/target/classes/org/springframework/data/aerospike/repository/query/AerospikeParameterAccessor.class], file [/home/aluno/spring-projects/maven/spring-data-aerospike/target/classes/org/springframework/data/aerospike/repository/query/Query.class], file [/home/aluno/spring-projects/maven/spring-data-aerospike/target/classes/org/springframework/data/aerospike/repository/query/ConvertingParameterAccessor.class], file [/home/aluno/spring-projects/maven/spring-data-aerospike/target/classes/org/springframework/data/aerospike/repository/query/AerospikeQueryCreator$1.class], file [/home/aluno/spring-projects/maven/spring-data-aerospike/target/classes/org/springframework/data/aerospike/repository/query/CriteriaDefinition.class], file [/home/aluno/spring-projects/maven/spring-data-aerospike/target/classes/org/springframework/data/aerospike/repository/query/TextCriteria.class], file [/home/aluno/spring-projects/maven/spring-data-aerospike/target/classes/org/springframework/data/aerospike/repository/query/Criteria.class], file [/home/aluno/spring-projects/maven/spring-data-aerospike/target/classes/org/springframework/data/aerospike/repository/query/AerospikePartTreeQuery.class], file [/home/aluno/spring-projects/maven/spring-data-aerospike/target/classes/org/springframework/data/aerospike/repository/query/AerospikeQueryCreator.class]]
16:37:43.834 [main] DEBUG o.s.d.r.c.RepositoryComponentProvider - Identified candidate component class: file [/home/aluno/spring-projects/maven/spring-data-aerospike/target/test-classes/org/springframework/data/aerospike/repository/PersonRepository.class]
16:37:43.835 [main] DEBUG o.s.d.r.c.RepositoryComponentProvider - Identified candidate component class: file [/home/aluno/spring-projects/maven/spring-data-aerospike/target/test-classes/org/springframework/data/aerospike/repository/ContactRepository.class]
16:37:43.841 [main] DEBUG o.s.core.env.StandardEnvironment - Adding [systemProperties] PropertySource with lowest search precedence
16:37:43.841 [main] DEBUG o.s.core.env.StandardEnvironment - Adding [systemEnvironment] PropertySource with lowest search precedence
16:37:43.841 [main] DEBUG o.s.core.env.StandardEnvironment - Initialized StandardEnvironment with PropertySources [systemProperties,systemEnvironment]
16:37:43.841 [main] DEBUG o.s.c.i.s.PathMatchingResourcePatternResolver - Looking for matching resources in directory tree [/home/aluno/spring-projects/maven/spring-data-aerospike/target/test-classes/org/springframework/data/aerospike/repository]
16:37:43.841 [main] DEBUG o.s.c.i.s.PathMatchingResourcePatternResolver - Searching directory [/home/aluno/spring-projects/maven/spring-data-aerospike/target/test-classes/org/springframework/data/aerospike/repository] for files matching pattern [/home/aluno/spring-projects/maven/spring-data-aerospike/target/test-classes/org/springframework/data/aerospike/repository/**/*ContactRepositoryImpl.class]
16:37:43.863 [main] DEBUG o.s.c.i.s.PathMatchingResourcePatternResolver - Searching directory [/home/aluno/spring-projects/maven/spring-data-aerospike/target/test-classes/org/springframework/data/aerospike/repository/support] for files matching pattern [/home/aluno/spring-projects/maven/spring-data-aerospike/target/test-classes/org/springframework/data/aerospike/repository/**/*ContactRepositoryImpl.class]
16:37:43.863 [main] DEBUG o.s.c.i.s.PathMatchingResourcePatternResolver - Searching directory [/home/aluno/spring-projects/maven/spring-data-aerospike/target/test-classes/org/springframework/data/aerospike/repository/query] for files matching pattern [/home/aluno/spring-projects/maven/spring-data-aerospike/target/test-classes/org/springframework/data/aerospike/repository/**/*ContactRepositoryImpl.class]
16:37:43.863 [main] DEBUG o.s.c.i.s.PathMatchingResourcePatternResolver - Looking for matching resources in directory tree [/home/aluno/spring-projects/maven/spring-data-aerospike/target/classes/org/springframework/data/aerospike/repository]
16:37:43.863 [main] DEBUG o.s.c.i.s.PathMatchingResourcePatternResolver - Searching directory [/home/aluno/spring-projects/maven/spring-data-aerospike/target/classes/org/springframework/data/aerospike/repository] for files matching pattern [/home/aluno/spring-projects/maven/spring-data-aerospike/target/classes/org/springframework/data/aerospike/repository/**/*ContactRepositoryImpl.class]
16:37:43.864 [main] DEBUG o.s.c.i.s.PathMatchingResourcePatternResolver - Searching directory [/home/aluno/spring-projects/maven/spring-data-aerospike/target/classes/org/springframework/data/aerospike/repository/support] for files matching pattern [/home/aluno/spring-projects/maven/spring-data-aerospike/target/classes/org/springframework/data/aerospike/repository/**/*ContactRepositoryImpl.class]
16:37:43.864 [main] DEBUG o.s.c.i.s.PathMatchingResourcePatternResolver - Searching directory [/home/aluno/spring-projects/maven/spring-data-aerospike/target/classes/org/springframework/data/aerospike/repository/config] for files matching pattern [/home/aluno/spring-projects/maven/spring-data-aerospike/target/classes/org/springframework/data/aerospike/repository/**/*ContactRepositoryImpl.class]
16:37:43.864 [main] DEBUG o.s.c.i.s.PathMatchingResourcePatternResolver - Searching directory [/home/aluno/spring-projects/maven/spring-data-aerospike/target/classes/org/springframework/data/aerospike/repository/query] for files matching pattern [/home/aluno/spring-projects/maven/spring-data-aerospike/target/classes/org/springframework/data/aerospike/repository/**/*ContactRepositoryImpl.class]
16:37:43.864 [main] DEBUG o.s.c.i.s.PathMatchingResourcePatternResolver - Resolved location pattern [classpath*:org/springframework/data/aerospike/repository/**/*ContactRepositoryImpl.class] to resources []
16:37:43.864 [main] DEBUG o.s.d.r.c.RepositoryConfigurationDelegate - Spring Data Aerospike - Registering repository: contactRepository - Interface: org.springframework.data.aerospike.repository.ContactRepository - Factory: org.springframework.data.keyvalue.repository.support.KeyValueRepositoryFactoryBean
16:37:43.864 [main] DEBUG o.s.core.env.StandardEnvironment - Adding [systemProperties] PropertySource with lowest search precedence
16:37:43.864 [main] DEBUG o.s.core.env.StandardEnvironment - Adding [systemEnvironment] PropertySource with lowest search precedence
16:37:43.864 [main] DEBUG o.s.core.env.StandardEnvironment - Initialized StandardEnvironment with PropertySources [systemProperties,systemEnvironment]
16:37:43.864 [main] DEBUG o.s.c.i.s.PathMatchingResourcePatternResolver - Looking for matching resources in directory tree [/home/aluno/spring-projects/maven/spring-data-aerospike/target/test-classes/org/springframework/data/aerospike/repository]
16:37:43.864 [main] DEBUG o.s.c.i.s.PathMatchingResourcePatternResolver - Searching directory [/home/aluno/spring-projects/maven/spring-data-aerospike/target/test-classes/org/springframework/data/aerospike/repository] for files matching pattern [/home/aluno/spring-projects/maven/spring-data-aerospike/target/test-classes/org/springframework/data/aerospike/repository/**/*PersonRepositoryImpl.class]
16:37:43.865 [main] DEBUG o.s.c.i.s.PathMatchingResourcePatternResolver - Searching directory [/home/aluno/spring-projects/maven/spring-data-aerospike/target/test-classes/org/springframework/data/aerospike/repository/support] for files matching pattern [/home/aluno/spring-projects/maven/spring-data-aerospike/target/test-classes/org/springframework/data/aerospike/repository/**/*PersonRepositoryImpl.class]
16:37:43.865 [main] DEBUG o.s.c.i.s.PathMatchingResourcePatternResolver - Searching directory [/home/aluno/spring-projects/maven/spring-data-aerospike/target/test-classes/org/springframework/data/aerospike/repository/query] for files matching pattern [/home/aluno/spring-projects/maven/spring-data-aerospike/target/test-classes/org/springframework/data/aerospike/repository/**/*PersonRepositoryImpl.class]
16:37:43.865 [main] DEBUG o.s.c.i.s.PathMatchingResourcePatternResolver - Looking for matching resources in directory tree [/home/aluno/spring-projects/maven/spring-data-aerospike/target/classes/org/springframework/data/aerospike/repository]
16:37:43.865 [main] DEBUG o.s.c.i.s.PathMatchingResourcePatternResolver - Searching directory [/home/aluno/spring-projects/maven/spring-data-aerospike/target/classes/org/springframework/data/aerospike/repository] for files matching pattern [/home/aluno/spring-projects/maven/spring-data-aerospike/target/classes/org/springframework/data/aerospike/repository/**/*PersonRepositoryImpl.class]
16:37:43.865 [main] DEBUG o.s.c.i.s.PathMatchingResourcePatternResolver - Searching directory [/home/aluno/spring-projects/maven/spring-data-aerospike/target/classes/org/springframework/data/aerospike/repository/support] for files matching pattern [/home/aluno/spring-projects/maven/spring-data-aerospike/target/classes/org/springframework/data/aerospike/repository/**/*PersonRepositoryImpl.class]
16:37:43.865 [main] DEBUG o.s.c.i.s.PathMatchingResourcePatternResolver - Searching directory [/home/aluno/spring-projects/maven/spring-data-aerospike/target/classes/org/springframework/data/aerospike/repository/config] for files matching pattern [/home/aluno/spring-projects/maven/spring-data-aerospike/target/classes/org/springframework/data/aerospike/repository/**/*PersonRepositoryImpl.class]
16:37:43.865 [main] DEBUG o.s.c.i.s.PathMatchingResourcePatternResolver - Searching directory [/home/aluno/spring-projects/maven/spring-data-aerospike/target/classes/org/springframework/data/aerospike/repository/query] for files matching pattern [/home/aluno/spring-projects/maven/spring-data-aerospike/target/classes/org/springframework/data/aerospike/repository/**/*PersonRepositoryImpl.class]
16:37:43.865 [main] DEBUG o.s.c.i.s.PathMatchingResourcePatternResolver - Resolved location pattern [classpath*:org/springframework/data/aerospike/repository/**/*PersonRepositoryImpl.class] to resources []
16:37:43.865 [main] DEBUG o.s.d.r.c.RepositoryConfigurationDelegate - Spring Data Aerospike - Registering repository: personRepository - Interface: org.springframework.data.aerospike.repository.PersonRepository - Factory: org.springframework.data.keyvalue.repository.support.KeyValueRepositoryFactoryBean
16:37:43.866 [main] DEBUG o.s.c.a.ConfigurationClassEnhancer - Successfully enhanced org.springframework.data.aerospike.repository.TestConfigPerson; enhanced class name is: org.springframework.data.aerospike.repository.TestConfigPerson$$EnhancerBySpringCGLIB$$3f27a8da
16:37:43.866 [main] DEBUG o.s.c.a.ConfigurationClassPostProcessor - Replacing bean definition 'testConfigPerson' existing class name 'org.springframework.data.aerospike.repository.TestConfigPerson' with enhanced class name 'org.springframework.data.aerospike.repository.TestConfigPerson$$EnhancerBySpringCGLIB$$3f27a8da'
16:37:43.866 [main] DEBUG o.s.b.f.s.DefaultListableBeanFactory - Creating shared instance of singleton bean 'org.springframework.context.annotation.internalAutowiredAnnotationProcessor'
16:37:43.866 [main] DEBUG o.s.b.f.s.DefaultListableBeanFactory - Creating instance of bean 'org.springframework.context.annotation.internalAutowiredAnnotationProcessor'
16:37:43.866 [main] DEBUG o.s.b.f.s.DefaultListableBeanFactory - Eagerly caching bean 'org.springframework.context.annotation.internalAutowiredAnnotationProcessor' to allow for resolving potential circular references
16:37:43.866 [main] DEBUG o.s.b.f.s.DefaultListableBeanFactory - Finished creating instance of bean 'org.springframework.context.annotation.internalAutowiredAnnotationProcessor'
16:37:43.866 [main] DEBUG o.s.b.f.s.DefaultListableBeanFactory - Creating shared instance of singleton bean 'org.springframework.context.annotation.internalRequiredAnnotationProcessor'
16:37:43.866 [main] DEBUG o.s.b.f.s.DefaultListableBeanFactory - Creating instance of bean 'org.springframework.context.annotation.internalRequiredAnnotationProcessor'
16:37:43.867 [main] DEBUG o.s.b.f.s.DefaultListableBeanFactory - Eagerly caching bean 'org.springframework.context.annotation.internalRequiredAnnotationProcessor' to allow for resolving potential circular references
16:37:43.867 [main] DEBUG o.s.b.f.s.DefaultListableBeanFactory - Finished creating instance of bean 'org.springframework.context.annotation.internalRequiredAnnotationProcessor'
16:37:43.867 [main] DEBUG o.s.b.f.s.DefaultListableBeanFactory - Creating shared instance of singleton bean 'org.springframework.context.annotation.internalCommonAnnotationProcessor'
16:37:43.867 [main] DEBUG o.s.b.f.s.DefaultListableBeanFactory - Creating instance of bean 'org.springframework.context.annotation.internalCommonAnnotationProcessor'
16:37:43.867 [main] DEBUG o.s.b.f.s.DefaultListableBeanFactory - Eagerly caching bean 'org.springframework.context.annotation.internalCommonAnnotationProcessor' to allow for resolving potential circular references
16:37:43.867 [main] DEBUG o.s.b.f.s.DefaultListableBeanFactory - Finished creating instance of bean 'org.springframework.context.annotation.internalCommonAnnotationProcessor'
16:37:43.867 [main] DEBUG o.s.b.f.s.DefaultListableBeanFactory - Creating shared instance of singleton bean 'org.springframework.context.annotation.ConfigurationClassPostProcessor.importAwareProcessor'
16:37:43.867 [main] DEBUG o.s.b.f.s.DefaultListableBeanFactory - Creating instance of bean 'org.springframework.context.annotation.ConfigurationClassPostProcessor.importAwareProcessor'
16:37:43.867 [main] DEBUG o.s.b.f.s.DefaultListableBeanFactory - Eagerly caching bean 'org.springframework.context.annotation.ConfigurationClassPostProcessor.importAwareProcessor' to allow for resolving potential circular references
16:37:43.867 [main] DEBUG o.s.b.f.s.DefaultListableBeanFactory - Finished creating instance of bean 'org.springframework.context.annotation.ConfigurationClassPostProcessor.importAwareProcessor'
16:37:43.867 [main] DEBUG o.s.b.f.s.DefaultListableBeanFactory - Creating shared instance of singleton bean 'org.springframework.context.annotation.ConfigurationClassPostProcessor.enhancedConfigurationProcessor'
16:37:43.867 [main] DEBUG o.s.b.f.s.DefaultListableBeanFactory - Creating instance of bean 'org.springframework.context.annotation.ConfigurationClassPostProcessor.enhancedConfigurationProcessor'
16:37:43.867 [main] DEBUG o.s.b.f.s.DefaultListableBeanFactory - Eagerly caching bean 'org.springframework.context.annotation.ConfigurationClassPostProcessor.enhancedConfigurationProcessor' to allow for resolving potential circular references
16:37:43.867 [main] DEBUG o.s.b.f.s.DefaultListableBeanFactory - Finished creating instance of bean 'org.springframework.context.annotation.ConfigurationClassPostProcessor.enhancedConfigurationProcessor'
16:37:43.867 [main] DEBUG o.s.b.f.s.DefaultListableBeanFactory - Creating shared instance of singleton bean 'org.springframework.data.repository.core.support.RepositoryInterfaceAwareBeanPostProcessor'
16:37:43.867 [main] DEBUG o.s.b.f.s.DefaultListableBeanFactory - Creating instance of bean 'org.springframework.data.repository.core.support.RepositoryInterfaceAwareBeanPostProcessor'
16:37:43.867 [main] DEBUG o.s.b.f.s.DefaultListableBeanFactory - Eagerly caching bean 'org.springframework.data.repository.core.support.RepositoryInterfaceAwareBeanPostProcessor' to allow for resolving potential circular references
16:37:43.867 [main] DEBUG o.s.b.f.s.DefaultListableBeanFactory - Finished creating instance of bean 'org.springframework.data.repository.core.support.RepositoryInterfaceAwareBeanPostProcessor'
16:37:43.867 [main] DEBUG o.s.c.s.GenericApplicationContext - Unable to locate MessageSource with name 'messageSource': using default [org.springframework.context.support.DelegatingMessageSource@2a369e14]
16:37:43.867 [main] DEBUG o.s.c.s.GenericApplicationContext - Unable to locate ApplicationEventMulticaster with name 'applicationEventMulticaster': using default [org.springframework.context.event.SimpleApplicationEventMulticaster@25aeb5ac]
16:37:43.867 [main] DEBUG o.s.b.f.s.DefaultListableBeanFactory - Pre-instantiating singletons in org.springframework.beans.factory.support.DefaultListableBeanFactory@d109c4f: defining beans [org.springframework.context.annotation.internalConfigurationAnnotationProcessor,org.springframework.context.annotation.internalAutowiredAnnotationProcessor,org.springframework.context.annotation.internalRequiredAnnotationProcessor,org.springframework.context.annotation.internalCommonAnnotationProcessor,testConfigPerson,org.springframework.context.annotation.ConfigurationClassPostProcessor.importAwareProcessor,org.springframework.context.annotation.ConfigurationClassPostProcessor.enhancedConfigurationProcessor,aerospikeTemplate,aerospikeClient,org.springframework.data.aerospike.repository.config.AerospikeRepositoriesRegistrar$AerospikeRepositoryConfigurationExtension#0,org.springframework.data.repository.core.support.RepositoryInterfaceAwareBeanPostProcessor,keyValueMappingContext,contactRepository,personRepository]; root of factory hierarchy
16:37:43.867 [main] DEBUG o.s.b.f.s.DefaultListableBeanFactory - Returning cached instance of singleton bean 'org.springframework.context.annotation.internalConfigurationAnnotationProcessor'
16:37:43.867 [main] DEBUG o.s.b.f.s.DefaultListableBeanFactory - Returning cached instance of singleton bean 'org.springframework.context.annotation.internalAutowiredAnnotationProcessor'
16:37:43.867 [main] DEBUG o.s.b.f.s.DefaultListableBeanFactory - Returning cached instance of singleton bean 'org.springframework.context.annotation.internalRequiredAnnotationProcessor'
16:37:43.867 [main] DEBUG o.s.b.f.s.DefaultListableBeanFactory - Returning cached instance of singleton bean 'org.springframework.context.annotation.internalCommonAnnotationProcessor'
16:37:43.867 [main] DEBUG o.s.b.f.s.DefaultListableBeanFactory - Creating shared instance of singleton bean 'testConfigPerson'
16:37:43.867 [main] DEBUG o.s.b.f.s.DefaultListableBeanFactory - Creating instance of bean 'testConfigPerson'
16:37:43.868 [main] DEBUG o.s.b.f.s.DefaultListableBeanFactory - Eagerly caching bean 'testConfigPerson' to allow for resolving potential circular references
16:37:43.868 [main] DEBUG o.s.b.f.s.DefaultListableBeanFactory - Finished creating instance of bean 'testConfigPerson'
16:37:43.868 [main] DEBUG o.s.b.f.s.DefaultListableBeanFactory - Returning cached instance of singleton bean 'org.springframework.context.annotation.ConfigurationClassPostProcessor.importAwareProcessor'
16:37:43.868 [main] DEBUG o.s.b.f.s.DefaultListableBeanFactory - Returning cached instance of singleton bean 'org.springframework.context.annotation.ConfigurationClassPostProcessor.enhancedConfigurationProcessor'
16:37:43.868 [main] DEBUG o.s.b.f.s.DefaultListableBeanFactory - Creating shared instance of singleton bean 'aerospikeTemplate'
16:37:43.868 [main] DEBUG o.s.b.f.s.DefaultListableBeanFactory - Creating instance of bean 'aerospikeTemplate'
16:37:43.868 [main] DEBUG o.s.b.f.s.DefaultListableBeanFactory - Returning cached instance of singleton bean 'testConfigPerson'
16:37:43.868 [main] DEBUG o.s.b.f.s.DefaultListableBeanFactory - Creating shared instance of singleton bean 'aerospikeClient'
16:37:43.868 [main] DEBUG o.s.b.f.s.DefaultListableBeanFactory - Creating instance of bean 'aerospikeClient'
16:37:43.868 [main] DEBUG o.s.b.f.s.DefaultListableBeanFactory - Returning cached instance of singleton bean 'testConfigPerson'
16:37:45.870 [main] DEBUG o.s.d.a.r.q.AerospikeQueryCreator - AS:Alias 52.41.32.83:3000 failed: Error Code 11: java.net.SocketTimeoutException: connect timed out
16:37:45.870 [main] WARN  o.s.d.a.r.q.AerospikeQueryCreator - AS:Seed 52.41.32.83:3000 failed: Error Code 11: java.net.SocketTimeoutException: connect timed out
16:37:45.872 [main] WARN  o.s.c.s.GenericApplicationContext - Exception encountered during context initialization - cancelling refresh attempt
org.springframework.beans.factory.BeanCreationException: Error creating bean with name 'aerospikeTemplate' defined in org.springframework.data.aerospike.repository.TestConfigPerson: Bean instantiation via factory method failed; nested exception is org.springframework.beans.BeanInstantiationException: Failed to instantiate [org.springframework.data.aerospike.core.AerospikeTemplate]: Factory method 'aerospikeTemplate' threw exception; nested exception is org.springframework.beans.factory.BeanCreationException: Error creating bean with name 'aerospikeClient' defined in org.springframework.data.aerospike.repository.TestConfigPerson: Bean instantiation via factory method failed; nested exception is org.springframework.beans.BeanInstantiationException: Failed to instantiate [com.aerospike.client.AerospikeClient]: Factory method 'aerospikeClient' threw exception; nested exception is com.aerospike.client.AerospikeException$Connection: Error Code 11: Failed to connect to host(s): 
52.41.32.83:3000 Error Code 11: java.net.SocketTimeoutException: connect timed out

	at org.springframework.beans.factory.support.ConstructorResolver.instantiateUsingFactoryMethod(ConstructorResolver.java:599) ~[spring-beans-4.1.7.RELEASE.jar:4.1.7.RELEASE]
	at org.springframework.beans.factory.support.AbstractAutowireCapableBeanFactory.instantiateUsingFactoryMethod(AbstractAutowireCapableBeanFactory.java:1119) ~[spring-beans-4.1.7.RELEASE.jar:4.1.7.RELEASE]
	at org.springframework.beans.factory.support.AbstractAutowireCapableBeanFactory.createBeanInstance(AbstractAutowireCapableBeanFactory.java:1014) ~[spring-beans-4.1.7.RELEASE.jar:4.1.7.RELEASE]
	at org.springframework.beans.factory.support.AbstractAutowireCapableBeanFactory.doCreateBean(AbstractAutowireCapableBeanFactory.java:504) ~[spring-beans-4.1.7.RELEASE.jar:4.1.7.RELEASE]
	at org.springframework.beans.factory.support.AbstractAutowireCapableBeanFactory.createBean(AbstractAutowireCapableBeanFactory.java:476) ~[spring-beans-4.1.7.RELEASE.jar:4.1.7.RELEASE]
	at org.springframework.beans.factory.support.AbstractBeanFactory$1.getObject(AbstractBeanFactory.java:303) ~[spring-beans-4.1.7.RELEASE.jar:4.1.7.RELEASE]
	at org.springframework.beans.factory.support.DefaultSingletonBeanRegistry.getSingleton(DefaultSingletonBeanRegistry.java:230) ~[spring-beans-4.1.7.RELEASE.jar:4.1.7.RELEASE]
	at org.springframework.beans.factory.support.AbstractBeanFactory.doGetBean(AbstractBeanFactory.java:299) ~[spring-beans-4.1.7.RELEASE.jar:4.1.7.RELEASE]
	at org.springframework.beans.factory.support.AbstractBeanFactory.getBean(AbstractBeanFactory.java:194) ~[spring-beans-4.1.7.RELEASE.jar:4.1.7.RELEASE]
	at org.springframework.beans.factory.support.DefaultListableBeanFactory.preInstantiateSingletons(DefaultListableBeanFactory.java:755) ~[spring-beans-4.1.7.RELEASE.jar:4.1.7.RELEASE]
	at org.springframework.context.support.AbstractApplicationContext.finishBeanFactoryInitialization(AbstractApplicationContext.java:757) ~[spring-context-4.1.7.RELEASE.jar:4.1.7.RELEASE]
	at org.springframework.context.support.AbstractApplicationContext.refresh(AbstractApplicationContext.java:480) ~[spring-context-4.1.7.RELEASE.jar:4.1.7.RELEASE]
	at org.springframework.test.context.support.AbstractGenericContextLoader.loadContext(AbstractGenericContextLoader.java:125) [spring-test-4.1.7.RELEASE.jar:4.1.7.RELEASE]
	at org.springframework.test.context.support.AbstractGenericContextLoader.loadContext(AbstractGenericContextLoader.java:60) [spring-test-4.1.7.RELEASE.jar:4.1.7.RELEASE]
	at org.springframework.test.context.support.AbstractDelegatingSmartContextLoader.delegateLoading(AbstractDelegatingSmartContextLoader.java:109) [spring-test-4.1.7.RELEASE.jar:4.1.7.RELEASE]
	at org.springframework.test.context.support.AbstractDelegatingSmartContextLoader.loadContext(AbstractDelegatingSmartContextLoader.java:261) [spring-test-4.1.7.RELEASE.jar:4.1.7.RELEASE]
	at org.springframework.test.context.DefaultCacheAwareContextLoaderDelegate.loadContextInternal(DefaultCacheAwareContextLoaderDelegate.java:68) [spring-test-4.1.7.RELEASE.jar:4.1.7.RELEASE]
	at org.springframework.test.context.DefaultCacheAwareContextLoaderDelegate.loadContext(DefaultCacheAwareContextLoaderDelegate.java:86) [spring-test-4.1.7.RELEASE.jar:4.1.7.RELEASE]
	at org.springframework.test.context.DefaultTestContext.getApplicationContext(DefaultTestContext.java:72) [spring-test-4.1.7.RELEASE.jar:4.1.7.RELEASE]
	at org.springframework.test.context.support.DependencyInjectionTestExecutionListener.injectDependencies(DependencyInjectionTestExecutionListener.java:117) [spring-test-4.1.7.RELEASE.jar:4.1.7.RELEASE]
	at org.springframework.test.context.support.DependencyInjectionTestExecutionListener.prepareTestInstance(DependencyInjectionTestExecutionListener.java:83) [spring-test-4.1.7.RELEASE.jar:4.1.7.RELEASE]
	at org.springframework.test.context.TestContextManager.prepareTestInstance(TestContextManager.java:212) [spring-test-4.1.7.RELEASE.jar:4.1.7.RELEASE]
	at org.springframework.test.context.junit4.SpringJUnit4ClassRunner.createTest(SpringJUnit4ClassRunner.java:200) [spring-test-4.1.7.RELEASE.jar:4.1.7.RELEASE]
	at org.springframework.test.context.junit4.SpringJUnit4ClassRunner$1.runReflectiveCall(SpringJUnit4ClassRunner.java:259) [spring-test-4.1.7.RELEASE.jar:4.1.7.RELEASE]
	at org.junit.internal.runners.model.ReflectiveCallable.run(ReflectiveCallable.java:12) [junit-4.12.jar:4.12]
	at org.springframework.test.context.junit4.SpringJUnit4ClassRunner.methodBlock(SpringJUnit4ClassRunner.java:261) [spring-test-4.1.7.RELEASE.jar:4.1.7.RELEASE]
	at org.springframework.test.context.junit4.SpringJUnit4ClassRunner.runChild(SpringJUnit4ClassRunner.java:219) [spring-test-4.1.7.RELEASE.jar:4.1.7.RELEASE]
	at org.springframework.test.context.junit4.SpringJUnit4ClassRunner.runChild(SpringJUnit4ClassRunner.java:83) [spring-test-4.1.7.RELEASE.jar:4.1.7.RELEASE]
	at org.junit.runners.ParentRunner$3.run(ParentRunner.java:290) [junit-4.12.jar:4.12]
	at org.junit.runners.ParentRunner$1.schedule(ParentRunner.java:71) [junit-4.12.jar:4.12]
	at org.junit.runners.ParentRunner.runChildren(ParentRunner.java:288) [junit-4.12.jar:4.12]
	at org.junit.runners.ParentRunner.access$000(ParentRunner.java:58) [junit-4.12.jar:4.12]
	at org.junit.runners.ParentRunner$2.evaluate(ParentRunner.java:268) [junit-4.12.jar:4.12]
	at org.springframework.test.context.junit4.statements.RunBeforeTestClassCallbacks.evaluate(RunBeforeTestClassCallbacks.java:61) [spring-test-4.1.7.RELEASE.jar:4.1.7.RELEASE]
	at org.springframework.test.context.junit4.statements.RunAfterTestClassCallbacks.evaluate(RunAfterTestClassCallbacks.java:68) [spring-test-4.1.7.RELEASE.jar:4.1.7.RELEASE]
	at org.junit.runners.ParentRunner.run(ParentRunner.java:363) [junit-4.12.jar:4.12]
	at org.springframework.test.context.junit4.SpringJUnit4ClassRunner.run(SpringJUnit4ClassRunner.java:163) [spring-test-4.1.7.RELEASE.jar:4.1.7.RELEASE]
	at org.junit.runners.Suite.runChild(Suite.java:128) [junit-4.12.jar:4.12]
	at org.junit.runners.Suite.runChild(Suite.java:27) [junit-4.12.jar:4.12]
	at org.junit.runners.ParentRunner$3.run(ParentRunner.java:290) [junit-4.12.jar:4.12]
	at org.junit.runners.ParentRunner$1.schedule(ParentRunner.java:71) [junit-4.12.jar:4.12]
	at org.junit.runners.ParentRunner.runChildren(ParentRunner.java:288) [junit-4.12.jar:4.12]
	at org.junit.runners.ParentRunner.access$000(ParentRunner.java:58) [junit-4.12.jar:4.12]
	at org.junit.runners.ParentRunner$2.evaluate(ParentRunner.java:268) [junit-4.12.jar:4.12]
	at org.junit.runners.ParentRunner.run(ParentRunner.java:363) [junit-4.12.jar:4.12]
	at org.apache.maven.surefire.junit4.JUnit4Provider.execute(JUnit4Provider.java:283) [surefire-junit4-2.18.1.jar:2.18.1]
	at org.apache.maven.surefire.junit4.JUnit4Provider.executeWithRerun(JUnit4Provider.java:173) [surefire-junit4-2.18.1.jar:2.18.1]
	at org.apache.maven.surefire.junit4.JUnit4Provider.executeTestSet(JUnit4Provider.java:153) [surefire-junit4-2.18.1.jar:2.18.1]
	at org.apache.maven.surefire.junit4.JUnit4Provider.invoke(JUnit4Provider.java:128) [surefire-junit4-2.18.1.jar:2.18.1]
	at org.apache.maven.surefire.booter.ForkedBooter.invokeProviderInSameClassLoader(ForkedBooter.java:203) [surefire-booter-2.18.1.jar:2.18.1]
	at org.apache.maven.surefire.booter.ForkedBooter.runSuitesInProcess(ForkedBooter.java:155) [surefire-booter-2.18.1.jar:2.18.1]
	at org.apache.maven.surefire.booter.ForkedBooter.main(ForkedBooter.java:103) [surefire-booter-2.18.1.jar:2.18.1]
Caused by: org.springframework.beans.BeanInstantiationException: Failed to instantiate [org.springframework.data.aerospike.core.AerospikeTemplate]: Factory method 'aerospikeTemplate' threw exception; nested exception is org.springframework.beans.factory.BeanCreationException: Error creating bean with name 'aerospikeClient' defined in org.springframework.data.aerospike.repository.TestConfigPerson: Bean instantiation via factory method failed; nested exception is org.springframework.beans.BeanInstantiationException: Failed to instantiate [com.aerospike.client.AerospikeClient]: Factory method 'aerospikeClient' threw exception; nested exception is com.aerospike.client.AerospikeException$Connection: Error Code 11: Failed to connect to host(s): 
52.41.32.83:3000 Error Code 11: java.net.SocketTimeoutException: connect timed out

	at org.springframework.beans.factory.support.SimpleInstantiationStrategy.instantiate(SimpleInstantiationStrategy.java:189) ~[spring-beans-4.1.7.RELEASE.jar:4.1.7.RELEASE]
	at org.springframework.beans.factory.support.ConstructorResolver.instantiateUsingFactoryMethod(ConstructorResolver.java:588) ~[spring-beans-4.1.7.RELEASE.jar:4.1.7.RELEASE]
	... 51 common frames omitted
Caused by: org.springframework.beans.factory.BeanCreationException: Error creating bean with name 'aerospikeClient' defined in org.springframework.data.aerospike.repository.TestConfigPerson: Bean instantiation via factory method failed; nested exception is org.springframework.beans.BeanInstantiationException: Failed to instantiate [com.aerospike.client.AerospikeClient]: Factory method 'aerospikeClient' threw exception; nested exception is com.aerospike.client.AerospikeException$Connection: Error Code 11: Failed to connect to host(s): 
52.41.32.83:3000 Error Code 11: java.net.SocketTimeoutException: connect timed out

	at org.springframework.beans.factory.support.ConstructorResolver.instantiateUsingFactoryMethod(ConstructorResolver.java:599) ~[spring-beans-4.1.7.RELEASE.jar:4.1.7.RELEASE]
	at org.springframework.beans.factory.support.AbstractAutowireCapableBeanFactory.instantiateUsingFactoryMethod(AbstractAutowireCapableBeanFactory.java:1119) ~[spring-beans-4.1.7.RELEASE.jar:4.1.7.RELEASE]
	at org.springframework.beans.factory.support.AbstractAutowireCapableBeanFactory.createBeanInstance(AbstractAutowireCapableBeanFactory.java:1014) ~[spring-beans-4.1.7.RELEASE.jar:4.1.7.RELEASE]
	at org.springframework.beans.factory.support.AbstractAutowireCapableBeanFactory.doCreateBean(AbstractAutowireCapableBeanFactory.java:504) ~[spring-beans-4.1.7.RELEASE.jar:4.1.7.RELEASE]
	at org.springframework.beans.factory.support.AbstractAutowireCapableBeanFactory.createBean(AbstractAutowireCapableBeanFactory.java:476) ~[spring-beans-4.1.7.RELEASE.jar:4.1.7.RELEASE]
	at org.springframework.beans.factory.support.AbstractBeanFactory$1.getObject(AbstractBeanFactory.java:303) ~[spring-beans-4.1.7.RELEASE.jar:4.1.7.RELEASE]
	at org.springframework.beans.factory.support.DefaultSingletonBeanRegistry.getSingleton(DefaultSingletonBeanRegistry.java:230) ~[spring-beans-4.1.7.RELEASE.jar:4.1.7.RELEASE]
	at org.springframework.beans.factory.support.AbstractBeanFactory.doGetBean(AbstractBeanFactory.java:299) ~[spring-beans-4.1.7.RELEASE.jar:4.1.7.RELEASE]
	at org.springframework.beans.factory.support.AbstractBeanFactory.getBean(AbstractBeanFactory.java:194) ~[spring-beans-4.1.7.RELEASE.jar:4.1.7.RELEASE]
	at org.springframework.context.annotation.ConfigurationClassEnhancer$BeanMethodInterceptor.intercept(ConfigurationClassEnhancer.java:322) ~[spring-context-4.1.7.RELEASE.jar:4.1.7.RELEASE]
	at org.springframework.data.aerospike.repository.TestConfigPerson$$EnhancerBySpringCGLIB$$3f27a8da.aerospikeClient(<generated>) ~[spring-core-4.1.7.RELEASE.jar:na]
	at org.springframework.data.aerospike.repository.TestConfigPerson.aerospikeTemplate(TestConfigPerson.java:38) ~[test-classes/:na]
	at org.springframework.data.aerospike.repository.TestConfigPerson$$EnhancerBySpringCGLIB$$3f27a8da.CGLIB$aerospikeTemplate$0(<generated>) ~[spring-core-4.1.7.RELEASE.jar:na]
	at org.springframework.data.aerospike.repository.TestConfigPerson$$EnhancerBySpringCGLIB$$3f27a8da$$FastClassBySpringCGLIB$$38965c5e.invoke(<generated>) ~[spring-core-4.1.7.RELEASE.jar:na]
	at org.springframework.cglib.proxy.MethodProxy.invokeSuper(MethodProxy.java:228) ~[spring-core-4.1.7.RELEASE.jar:4.1.7.RELEASE]
	at org.springframework.context.annotation.ConfigurationClassEnhancer$BeanMethodInterceptor.intercept(ConfigurationClassEnhancer.java:309) ~[spring-context-4.1.7.RELEASE.jar:4.1.7.RELEASE]
	at org.springframework.data.aerospike.repository.TestConfigPerson$$EnhancerBySpringCGLIB$$3f27a8da.aerospikeTemplate(<generated>) ~[spring-core-4.1.7.RELEASE.jar:na]
	at sun.reflect.NativeMethodAccessorImpl.invoke0(Native Method) ~[na:1.8.0_91]
	at sun.reflect.NativeMethodAccessorImpl.invoke(NativeMethodAccessorImpl.java:62) ~[na:1.8.0_91]
	at sun.reflect.DelegatingMethodAccessorImpl.invoke(DelegatingMethodAccessorImpl.java:43) ~[na:1.8.0_91]
	at java.lang.reflect.Method.invoke(Method.java:498) ~[na:1.8.0_91]
	at org.springframework.beans.factory.support.SimpleInstantiationStrategy.instantiate(SimpleInstantiationStrategy.java:162) ~[spring-beans-4.1.7.RELEASE.jar:4.1.7.RELEASE]
	... 52 common frames omitted
Caused by: org.springframework.beans.BeanInstantiationException: Failed to instantiate [com.aerospike.client.AerospikeClient]: Factory method 'aerospikeClient' threw exception; nested exception is com.aerospike.client.AerospikeException$Connection: Error Code 11: Failed to connect to host(s): 
52.41.32.83:3000 Error Code 11: java.net.SocketTimeoutException: connect timed out

	at org.springframework.beans.factory.support.SimpleInstantiationStrategy.instantiate(SimpleInstantiationStrategy.java:189) ~[spring-beans-4.1.7.RELEASE.jar:4.1.7.RELEASE]
	at org.springframework.beans.factory.support.ConstructorResolver.instantiateUsingFactoryMethod(ConstructorResolver.java:588) ~[spring-beans-4.1.7.RELEASE.jar:4.1.7.RELEASE]
	... 73 common frames omitted
Caused by: com.aerospike.client.AerospikeException$Connection: Error Code 11: Failed to connect to host(s): 
52.41.32.83:3000 Error Code 11: java.net.SocketTimeoutException: connect timed out

	at com.aerospike.client.cluster.Cluster.seedNodes(Cluster.java:386) ~[aerospike-client-3.2.3.jar:na]
	at com.aerospike.client.cluster.Cluster.tend(Cluster.java:273) ~[aerospike-client-3.2.3.jar:na]
	at com.aerospike.client.cluster.Cluster.waitTillStabilized(Cluster.java:238) ~[aerospike-client-3.2.3.jar:na]
	at com.aerospike.client.cluster.Cluster.initTendThread(Cluster.java:148) ~[aerospike-client-3.2.3.jar:na]
	at com.aerospike.client.AerospikeClient.<init>(AerospikeClient.java:209) ~[aerospike-client-3.2.3.jar:na]
	at com.aerospike.client.AerospikeClient.<init>(AerospikeClient.java:173) ~[aerospike-client-3.2.3.jar:na]
	at org.springframework.data.aerospike.repository.TestConfigPerson.aerospikeClient(TestConfigPerson.java:32) ~[test-classes/:na]
	at org.springframework.data.aerospike.repository.TestConfigPerson$$EnhancerBySpringCGLIB$$3f27a8da.CGLIB$aerospikeClient$1(<generated>) ~[spring-core-4.1.7.RELEASE.jar:na]
	at org.springframework.data.aerospike.repository.TestConfigPerson$$EnhancerBySpringCGLIB$$3f27a8da$$FastClassBySpringCGLIB$$38965c5e.invoke(<generated>) ~[spring-core-4.1.7.RELEASE.jar:na]
	at org.springframework.cglib.proxy.MethodProxy.invokeSuper(MethodProxy.java:228) ~[spring-core-4.1.7.RELEASE.jar:4.1.7.RELEASE]
	at org.springframework.context.annotation.ConfigurationClassEnhancer$BeanMethodInterceptor.intercept(ConfigurationClassEnhancer.java:309) ~[spring-context-4.1.7.RELEASE.jar:4.1.7.RELEASE]
	at org.springframework.data.aerospike.repository.TestConfigPerson$$EnhancerBySpringCGLIB$$3f27a8da.aerospikeClient(<generated>) ~[spring-core-4.1.7.RELEASE.jar:na]
	at sun.reflect.NativeMethodAccessorImpl.invoke0(Native Method) ~[na:1.8.0_91]
	at sun.reflect.NativeMethodAccessorImpl.invoke(NativeMethodAccessorImpl.java:62) ~[na:1.8.0_91]
	at sun.reflect.DelegatingMethodAccessorImpl.invoke(DelegatingMethodAccessorImpl.java:43) ~[na:1.8.0_91]
	at java.lang.reflect.Method.invoke(Method.java:498) ~[na:1.8.0_91]
	at org.springframework.beans.factory.support.SimpleInstantiationStrategy.instantiate(SimpleInstantiationStrategy.java:162) ~[spring-beans-4.1.7.RELEASE.jar:4.1.7.RELEASE]
	... 74 common frames omitted
16:37:45.872 [main] DEBUG o.s.b.f.s.DefaultListableBeanFactory - Destroying singletons in org.springframework.beans.factory.support.DefaultListableBeanFactory@d109c4f: defining beans [org.springframework.context.annotation.internalConfigurationAnnotationProcessor,org.springframework.context.annotation.internalAutowiredAnnotationProcessor,org.springframework.context.annotation.internalRequiredAnnotationProcessor,org.springframework.context.annotation.internalCommonAnnotationProcessor,testConfigPerson,org.springframework.context.annotation.ConfigurationClassPostProcessor.importAwareProcessor,org.springframework.context.annotation.ConfigurationClassPostProcessor.enhancedConfigurationProcessor,aerospikeTemplate,aerospikeClient,org.springframework.data.aerospike.repository.config.AerospikeRepositoriesRegistrar$AerospikeRepositoryConfigurationExtension#0,org.springframework.data.repository.core.support.RepositoryInterfaceAwareBeanPostProcessor,keyValueMappingContext,contactRepository,personRepository]; root of factory hierarchy
16:37:45.873 [main] ERROR o.s.test.context.TestContextManager - Caught exception while allowing TestExecutionListener [org.springframework.test.context.support.DependencyInjectionTestExecutionListener@48e7b3d2] to prepare test instance [org.springframework.data.aerospike.repository.PersonRepositoryIntegrationTests@2f236de0]
java.lang.IllegalStateException: Failed to load ApplicationContext
	at org.springframework.test.context.DefaultCacheAwareContextLoaderDelegate.loadContext(DefaultCacheAwareContextLoaderDelegate.java:94) ~[spring-test-4.1.7.RELEASE.jar:4.1.7.RELEASE]
	at org.springframework.test.context.DefaultTestContext.getApplicationContext(DefaultTestContext.java:72) ~[spring-test-4.1.7.RELEASE.jar:4.1.7.RELEASE]
	at org.springframework.test.context.support.DependencyInjectionTestExecutionListener.injectDependencies(DependencyInjectionTestExecutionListener.java:117) ~[spring-test-4.1.7.RELEASE.jar:4.1.7.RELEASE]
	at org.springframework.test.context.support.DependencyInjectionTestExecutionListener.prepareTestInstance(DependencyInjectionTestExecutionListener.java:83) ~[spring-test-4.1.7.RELEASE.jar:4.1.7.RELEASE]
	at org.springframework.test.context.TestContextManager.prepareTestInstance(TestContextManager.java:212) ~[spring-test-4.1.7.RELEASE.jar:4.1.7.RELEASE]
	at org.springframework.test.context.junit4.SpringJUnit4ClassRunner.createTest(SpringJUnit4ClassRunner.java:200) [spring-test-4.1.7.RELEASE.jar:4.1.7.RELEASE]
	at org.springframework.test.context.junit4.SpringJUnit4ClassRunner$1.runReflectiveCall(SpringJUnit4ClassRunner.java:259) [spring-test-4.1.7.RELEASE.jar:4.1.7.RELEASE]
	at org.junit.internal.runners.model.ReflectiveCallable.run(ReflectiveCallable.java:12) [junit-4.12.jar:4.12]
	at org.springframework.test.context.junit4.SpringJUnit4ClassRunner.methodBlock(SpringJUnit4ClassRunner.java:261) [spring-test-4.1.7.RELEASE.jar:4.1.7.RELEASE]
	at org.springframework.test.context.junit4.SpringJUnit4ClassRunner.runChild(SpringJUnit4ClassRunner.java:219) [spring-test-4.1.7.RELEASE.jar:4.1.7.RELEASE]
	at org.springframework.test.context.junit4.SpringJUnit4ClassRunner.runChild(SpringJUnit4ClassRunner.java:83) [spring-test-4.1.7.RELEASE.jar:4.1.7.RELEASE]
	at org.junit.runners.ParentRunner$3.run(ParentRunner.java:290) [junit-4.12.jar:4.12]
	at org.junit.runners.ParentRunner$1.schedule(ParentRunner.java:71) [junit-4.12.jar:4.12]
	at org.junit.runners.ParentRunner.runChildren(ParentRunner.java:288) [junit-4.12.jar:4.12]
	at org.junit.runners.ParentRunner.access$000(ParentRunner.java:58) [junit-4.12.jar:4.12]
	at org.junit.runners.ParentRunner$2.evaluate(ParentRunner.java:268) [junit-4.12.jar:4.12]
	at org.springframework.test.context.junit4.statements.RunBeforeTestClassCallbacks.evaluate(RunBeforeTestClassCallbacks.java:61) [spring-test-4.1.7.RELEASE.jar:4.1.7.RELEASE]
	at org.springframework.test.context.junit4.statements.RunAfterTestClassCallbacks.evaluate(RunAfterTestClassCallbacks.java:68) [spring-test-4.1.7.RELEASE.jar:4.1.7.RELEASE]
	at org.junit.runners.ParentRunner.run(ParentRunner.java:363) [junit-4.12.jar:4.12]
	at org.springframework.test.context.junit4.SpringJUnit4ClassRunner.run(SpringJUnit4ClassRunner.java:163) [spring-test-4.1.7.RELEASE.jar:4.1.7.RELEASE]
	at org.junit.runners.Suite.runChild(Suite.java:128) [junit-4.12.jar:4.12]
	at org.junit.runners.Suite.runChild(Suite.java:27) [junit-4.12.jar:4.12]
	at org.junit.runners.ParentRunner$3.run(ParentRunner.java:290) [junit-4.12.jar:4.12]
	at org.junit.runners.ParentRunner$1.schedule(ParentRunner.java:71) [junit-4.12.jar:4.12]
	at org.junit.runners.ParentRunner.runChildren(ParentRunner.java:288) [junit-4.12.jar:4.12]
	at org.junit.runners.ParentRunner.access$000(ParentRunner.java:58) [junit-4.12.jar:4.12]
	at org.junit.runners.ParentRunner$2.evaluate(ParentRunner.java:268) [junit-4.12.jar:4.12]
	at org.junit.runners.ParentRunner.run(ParentRunner.java:363) [junit-4.12.jar:4.12]
	at org.apache.maven.surefire.junit4.JUnit4Provider.execute(JUnit4Provider.java:283) [surefire-junit4-2.18.1.jar:2.18.1]
	at org.apache.maven.surefire.junit4.JUnit4Provider.executeWithRerun(JUnit4Provider.java:173) [surefire-junit4-2.18.1.jar:2.18.1]
	at org.apache.maven.surefire.junit4.JUnit4Provider.executeTestSet(JUnit4Provider.java:153) [surefire-junit4-2.18.1.jar:2.18.1]
	at org.apache.maven.surefire.junit4.JUnit4Provider.invoke(JUnit4Provider.java:128) [surefire-junit4-2.18.1.jar:2.18.1]
	at org.apache.maven.surefire.booter.ForkedBooter.invokeProviderInSameClassLoader(ForkedBooter.java:203) [surefire-booter-2.18.1.jar:2.18.1]
	at org.apache.maven.surefire.booter.ForkedBooter.runSuitesInProcess(ForkedBooter.java:155) [surefire-booter-2.18.1.jar:2.18.1]
	at org.apache.maven.surefire.booter.ForkedBooter.main(ForkedBooter.java:103) [surefire-booter-2.18.1.jar:2.18.1]
Caused by: org.springframework.beans.factory.BeanCreationException: Error creating bean with name 'aerospikeTemplate' defined in org.springframework.data.aerospike.repository.TestConfigPerson: Bean instantiation via factory method failed; nested exception is org.springframework.beans.BeanInstantiationException: Failed to instantiate [org.springframework.data.aerospike.core.AerospikeTemplate]: Factory method 'aerospikeTemplate' threw exception; nested exception is org.springframework.beans.factory.BeanCreationException: Error creating bean with name 'aerospikeClient' defined in org.springframework.data.aerospike.repository.TestConfigPerson: Bean instantiation via factory method failed; nested exception is org.springframework.beans.BeanInstantiationException: Failed to instantiate [com.aerospike.client.AerospikeClient]: Factory method 'aerospikeClient' threw exception; nested exception is com.aerospike.client.AerospikeException$Connection: Error Code 11: Failed to connect to host(s): 
52.41.32.83:3000 Error Code 11: java.net.SocketTimeoutException: connect timed out

	at org.springframework.beans.factory.support.ConstructorResolver.instantiateUsingFactoryMethod(ConstructorResolver.java:599) ~[spring-beans-4.1.7.RELEASE.jar:4.1.7.RELEASE]
	at org.springframework.beans.factory.support.AbstractAutowireCapableBeanFactory.instantiateUsingFactoryMethod(AbstractAutowireCapableBeanFactory.java:1119) ~[spring-beans-4.1.7.RELEASE.jar:4.1.7.RELEASE]
	at org.springframework.beans.factory.support.AbstractAutowireCapableBeanFactory.createBeanInstance(AbstractAutowireCapableBeanFactory.java:1014) ~[spring-beans-4.1.7.RELEASE.jar:4.1.7.RELEASE]
	at org.springframework.beans.factory.support.AbstractAutowireCapableBeanFactory.doCreateBean(AbstractAutowireCapableBeanFactory.java:504) ~[spring-beans-4.1.7.RELEASE.jar:4.1.7.RELEASE]
	at org.springframework.beans.factory.support.AbstractAutowireCapableBeanFactory.createBean(AbstractAutowireCapableBeanFactory.java:476) ~[spring-beans-4.1.7.RELEASE.jar:4.1.7.RELEASE]
	at org.springframework.beans.factory.support.AbstractBeanFactory$1.getObject(AbstractBeanFactory.java:303) ~[spring-beans-4.1.7.RELEASE.jar:4.1.7.RELEASE]
	at org.springframework.beans.factory.support.DefaultSingletonBeanRegistry.getSingleton(DefaultSingletonBeanRegistry.java:230) ~[spring-beans-4.1.7.RELEASE.jar:4.1.7.RELEASE]
	at org.springframework.beans.factory.support.AbstractBeanFactory.doGetBean(AbstractBeanFactory.java:299) ~[spring-beans-4.1.7.RELEASE.jar:4.1.7.RELEASE]
	at org.springframework.beans.factory.support.AbstractBeanFactory.getBean(AbstractBeanFactory.java:194) ~[spring-beans-4.1.7.RELEASE.jar:4.1.7.RELEASE]
	at org.springframework.beans.factory.support.DefaultListableBeanFactory.preInstantiateSingletons(DefaultListableBeanFactory.java:755) ~[spring-beans-4.1.7.RELEASE.jar:4.1.7.RELEASE]
	at org.springframework.context.support.AbstractApplicationContext.finishBeanFactoryInitialization(AbstractApplicationContext.java:757) ~[spring-context-4.1.7.RELEASE.jar:4.1.7.RELEASE]
	at org.springframework.context.support.AbstractApplicationContext.refresh(AbstractApplicationContext.java:480) ~[spring-context-4.1.7.RELEASE.jar:4.1.7.RELEASE]
	at org.springframework.test.context.support.AbstractGenericContextLoader.loadContext(AbstractGenericContextLoader.java:125) ~[spring-test-4.1.7.RELEASE.jar:4.1.7.RELEASE]
	at org.springframework.test.context.support.AbstractGenericContextLoader.loadContext(AbstractGenericContextLoader.java:60) ~[spring-test-4.1.7.RELEASE.jar:4.1.7.RELEASE]
	at org.springframework.test.context.support.AbstractDelegatingSmartContextLoader.delegateLoading(AbstractDelegatingSmartContextLoader.java:109) ~[spring-test-4.1.7.RELEASE.jar:4.1.7.RELEASE]
	at org.springframework.test.context.support.AbstractDelegatingSmartContextLoader.loadContext(AbstractDelegatingSmartContextLoader.java:261) ~[spring-test-4.1.7.RELEASE.jar:4.1.7.RELEASE]
	at org.springframework.test.context.DefaultCacheAwareContextLoaderDelegate.loadContextInternal(DefaultCacheAwareContextLoaderDelegate.java:68) ~[spring-test-4.1.7.RELEASE.jar:4.1.7.RELEASE]
	at org.springframework.test.context.DefaultCacheAwareContextLoaderDelegate.loadContext(DefaultCacheAwareContextLoaderDelegate.java:86) ~[spring-test-4.1.7.RELEASE.jar:4.1.7.RELEASE]
	... 34 common frames omitted
Caused by: org.springframework.beans.BeanInstantiationException: Failed to instantiate [org.springframework.data.aerospike.core.AerospikeTemplate]: Factory method 'aerospikeTemplate' threw exception; nested exception is org.springframework.beans.factory.BeanCreationException: Error creating bean with name 'aerospikeClient' defined in org.springframework.data.aerospike.repository.TestConfigPerson: Bean instantiation via factory method failed; nested exception is org.springframework.beans.BeanInstantiationException: Failed to instantiate [com.aerospike.client.AerospikeClient]: Factory method 'aerospikeClient' threw exception; nested exception is com.aerospike.client.AerospikeException$Connection: Error Code 11: Failed to connect to host(s): 
52.41.32.83:3000 Error Code 11: java.net.SocketTimeoutException: connect timed out

	at org.springframework.beans.factory.support.SimpleInstantiationStrategy.instantiate(SimpleInstantiationStrategy.java:189) ~[spring-beans-4.1.7.RELEASE.jar:4.1.7.RELEASE]
	at org.springframework.beans.factory.support.ConstructorResolver.instantiateUsingFactoryMethod(ConstructorResolver.java:588) ~[spring-beans-4.1.7.RELEASE.jar:4.1.7.RELEASE]
	... 51 common frames omitted
Caused by: org.springframework.beans.factory.BeanCreationException: Error creating bean with name 'aerospikeClient' defined in org.springframework.data.aerospike.repository.TestConfigPerson: Bean instantiation via factory method failed; nested exception is org.springframework.beans.BeanInstantiationException: Failed to instantiate [com.aerospike.client.AerospikeClient]: Factory method 'aerospikeClient' threw exception; nested exception is com.aerospike.client.AerospikeException$Connection: Error Code 11: Failed to connect to host(s): 
52.41.32.83:3000 Error Code 11: java.net.SocketTimeoutException: connect timed out

	at org.springframework.beans.factory.support.ConstructorResolver.instantiateUsingFactoryMethod(ConstructorResolver.java:599) ~[spring-beans-4.1.7.RELEASE.jar:4.1.7.RELEASE]
	at org.springframework.beans.factory.support.AbstractAutowireCapableBeanFactory.instantiateUsingFactoryMethod(AbstractAutowireCapableBeanFactory.java:1119) ~[spring-beans-4.1.7.RELEASE.jar:4.1.7.RELEASE]
	at org.springframework.beans.factory.support.AbstractAutowireCapableBeanFactory.createBeanInstance(AbstractAutowireCapableBeanFactory.java:1014) ~[spring-beans-4.1.7.RELEASE.jar:4.1.7.RELEASE]
	at org.springframework.beans.factory.support.AbstractAutowireCapableBeanFactory.doCreateBean(AbstractAutowireCapableBeanFactory.java:504) ~[spring-beans-4.1.7.RELEASE.jar:4.1.7.RELEASE]
	at org.springframework.beans.factory.support.AbstractAutowireCapableBeanFactory.createBean(AbstractAutowireCapableBeanFactory.java:476) ~[spring-beans-4.1.7.RELEASE.jar:4.1.7.RELEASE]
	at org.springframework.beans.factory.support.AbstractBeanFactory$1.getObject(AbstractBeanFactory.java:303) ~[spring-beans-4.1.7.RELEASE.jar:4.1.7.RELEASE]
	at org.springframework.beans.factory.support.DefaultSingletonBeanRegistry.getSingleton(DefaultSingletonBeanRegistry.java:230) ~[spring-beans-4.1.7.RELEASE.jar:4.1.7.RELEASE]
	at org.springframework.beans.factory.support.AbstractBeanFactory.doGetBean(AbstractBeanFactory.java:299) ~[spring-beans-4.1.7.RELEASE.jar:4.1.7.RELEASE]
	at org.springframework.beans.factory.support.AbstractBeanFactory.getBean(AbstractBeanFactory.java:194) ~[spring-beans-4.1.7.RELEASE.jar:4.1.7.RELEASE]
	at org.springframework.context.annotation.ConfigurationClassEnhancer$BeanMethodInterceptor.intercept(ConfigurationClassEnhancer.java:322) ~[spring-context-4.1.7.RELEASE.jar:4.1.7.RELEASE]
	at org.springframework.data.aerospike.repository.TestConfigPerson$$EnhancerBySpringCGLIB$$3f27a8da.aerospikeClient(<generated>) ~[spring-core-4.1.7.RELEASE.jar:na]
	at org.springframework.data.aerospike.repository.TestConfigPerson.aerospikeTemplate(TestConfigPerson.java:38) ~[test-classes/:na]
	at org.springframework.data.aerospike.repository.TestConfigPerson$$EnhancerBySpringCGLIB$$3f27a8da.CGLIB$aerospikeTemplate$0(<generated>) ~[spring-core-4.1.7.RELEASE.jar:na]
	at org.springframework.data.aerospike.repository.TestConfigPerson$$EnhancerBySpringCGLIB$$3f27a8da$$FastClassBySpringCGLIB$$38965c5e.invoke(<generated>) ~[spring-core-4.1.7.RELEASE.jar:na]
	at org.springframework.cglib.proxy.MethodProxy.invokeSuper(MethodProxy.java:228) ~[spring-core-4.1.7.RELEASE.jar:4.1.7.RELEASE]
	at org.springframework.context.annotation.ConfigurationClassEnhancer$BeanMethodInterceptor.intercept(ConfigurationClassEnhancer.java:309) ~[spring-context-4.1.7.RELEASE.jar:4.1.7.RELEASE]
	at org.springframework.data.aerospike.repository.TestConfigPerson$$EnhancerBySpringCGLIB$$3f27a8da.aerospikeTemplate(<generated>) ~[spring-core-4.1.7.RELEASE.jar:na]
	at sun.reflect.NativeMethodAccessorImpl.invoke0(Native Method) ~[na:1.8.0_91]
	at sun.reflect.NativeMethodAccessorImpl.invoke(NativeMethodAccessorImpl.java:62) ~[na:1.8.0_91]
	at sun.reflect.DelegatingMethodAccessorImpl.invoke(DelegatingMethodAccessorImpl.java:43) ~[na:1.8.0_91]
	at java.lang.reflect.Method.invoke(Method.java:498) ~[na:1.8.0_91]
	at org.springframework.beans.factory.support.SimpleInstantiationStrategy.instantiate(SimpleInstantiationStrategy.java:162) ~[spring-beans-4.1.7.RELEASE.jar:4.1.7.RELEASE]
	... 52 common frames omitted
Caused by: org.springframework.beans.BeanInstantiationException: Failed to instantiate [com.aerospike.client.AerospikeClient]: Factory method 'aerospikeClient' threw exception; nested exception is com.aerospike.client.AerospikeException$Connection: Error Code 11: Failed to connect to host(s): 
52.41.32.83:3000 Error Code 11: java.net.SocketTimeoutException: connect timed out

	at org.springframework.beans.factory.support.SimpleInstantiationStrategy.instantiate(SimpleInstantiationStrategy.java:189) ~[spring-beans-4.1.7.RELEASE.jar:4.1.7.RELEASE]
	at org.springframework.beans.factory.support.ConstructorResolver.instantiateUsingFactoryMethod(ConstructorResolver.java:588) ~[spring-beans-4.1.7.RELEASE.jar:4.1.7.RELEASE]
	... 73 common frames omitted
Caused by: com.aerospike.client.AerospikeException$Connection: Error Code 11: Failed to connect to host(s): 
52.41.32.83:3000 Error Code 11: java.net.SocketTimeoutException: connect timed out

	at com.aerospike.client.cluster.Cluster.seedNodes(Cluster.java:386) ~[aerospike-client-3.2.3.jar:na]
	at com.aerospike.client.cluster.Cluster.tend(Cluster.java:273) ~[aerospike-client-3.2.3.jar:na]
	at com.aerospike.client.cluster.Cluster.waitTillStabilized(Cluster.java:238) ~[aerospike-client-3.2.3.jar:na]
	at com.aerospike.client.cluster.Cluster.initTendThread(Cluster.java:148) ~[aerospike-client-3.2.3.jar:na]
	at com.aerospike.client.AerospikeClient.<init>(AerospikeClient.java:209) ~[aerospike-client-3.2.3.jar:na]
	at com.aerospike.client.AerospikeClient.<init>(AerospikeClient.java:173) ~[aerospike-client-3.2.3.jar:na]
	at org.springframework.data.aerospike.repository.TestConfigPerson.aerospikeClient(TestConfigPerson.java:32) ~[test-classes/:na]
	at org.springframework.data.aerospike.repository.TestConfigPerson$$EnhancerBySpringCGLIB$$3f27a8da.CGLIB$aerospikeClient$1(<generated>) ~[spring-core-4.1.7.RELEASE.jar:na]
	at org.springframework.data.aerospike.repository.TestConfigPerson$$EnhancerBySpringCGLIB$$3f27a8da$$FastClassBySpringCGLIB$$38965c5e.invoke(<generated>) ~[spring-core-4.1.7.RELEASE.jar:na]
	at org.springframework.cglib.proxy.MethodProxy.invokeSuper(MethodProxy.java:228) ~[spring-core-4.1.7.RELEASE.jar:4.1.7.RELEASE]
	at org.springframework.context.annotation.ConfigurationClassEnhancer$BeanMethodInterceptor.intercept(ConfigurationClassEnhancer.java:309) ~[spring-context-4.1.7.RELEASE.jar:4.1.7.RELEASE]
	at org.springframework.data.aerospike.repository.TestConfigPerson$$EnhancerBySpringCGLIB$$3f27a8da.aerospikeClient(<generated>) ~[spring-core-4.1.7.RELEASE.jar:na]
	at sun.reflect.NativeMethodAccessorImpl.invoke0(Native Method) ~[na:1.8.0_91]
	at sun.reflect.NativeMethodAccessorImpl.invoke(NativeMethodAccessorImpl.java:62) ~[na:1.8.0_91]
	at sun.reflect.DelegatingMethodAccessorImpl.invoke(DelegatingMethodAccessorImpl.java:43) ~[na:1.8.0_91]
	at java.lang.reflect.Method.invoke(Method.java:498) ~[na:1.8.0_91]
	at org.springframework.beans.factory.support.SimpleInstantiationStrategy.instantiate(SimpleInstantiationStrategy.java:162) ~[spring-beans-4.1.7.RELEASE.jar:4.1.7.RELEASE]
	... 74 common frames omitted
]]></system-out>
  </testcase>
  <testcase name="findsPersonsByFirstnameAndByAge" classname="org.springframework.data.aerospike.repository.PersonRepositoryIntegrationTests" time="0">
    <error message="Failed to load ApplicationContext" type="java.lang.IllegalStateException"><![CDATA[java.lang.IllegalStateException: Failed to load ApplicationContext
	at org.springframework.test.context.DefaultCacheAwareContextLoaderDelegate.loadContext(DefaultCacheAwareContextLoaderDelegate.java:94)
	at org.springframework.test.context.DefaultTestContext.getApplicationContext(DefaultTestContext.java:72)
	at org.springframework.test.context.support.DependencyInjectionTestExecutionListener.injectDependencies(DependencyInjectionTestExecutionListener.java:117)
	at org.springframework.test.context.support.DependencyInjectionTestExecutionListener.prepareTestInstance(DependencyInjectionTestExecutionListener.java:83)
	at org.springframework.test.context.TestContextManager.prepareTestInstance(TestContextManager.java:212)
	at org.springframework.test.context.junit4.SpringJUnit4ClassRunner.createTest(SpringJUnit4ClassRunner.java:200)
	at org.springframework.test.context.junit4.SpringJUnit4ClassRunner$1.runReflectiveCall(SpringJUnit4ClassRunner.java:259)
	at org.junit.internal.runners.model.ReflectiveCallable.run(ReflectiveCallable.java:12)
	at org.springframework.test.context.junit4.SpringJUnit4ClassRunner.methodBlock(SpringJUnit4ClassRunner.java:261)
	at org.springframework.test.context.junit4.SpringJUnit4ClassRunner.runChild(SpringJUnit4ClassRunner.java:219)
	at org.springframework.test.context.junit4.SpringJUnit4ClassRunner.runChild(SpringJUnit4ClassRunner.java:83)
	at org.junit.runners.ParentRunner$3.run(ParentRunner.java:290)
	at org.junit.runners.ParentRunner$1.schedule(ParentRunner.java:71)
	at org.junit.runners.ParentRunner.runChildren(ParentRunner.java:288)
	at org.junit.runners.ParentRunner.access$000(ParentRunner.java:58)
	at org.junit.runners.ParentRunner$2.evaluate(ParentRunner.java:268)
	at org.springframework.test.context.junit4.statements.RunBeforeTestClassCallbacks.evaluate(RunBeforeTestClassCallbacks.java:61)
	at org.springframework.test.context.junit4.statements.RunAfterTestClassCallbacks.evaluate(RunAfterTestClassCallbacks.java:68)
	at org.junit.runners.ParentRunner.run(ParentRunner.java:363)
	at org.springframework.test.context.junit4.SpringJUnit4ClassRunner.run(SpringJUnit4ClassRunner.java:163)
	at org.junit.runners.Suite.runChild(Suite.java:128)
	at org.junit.runners.Suite.runChild(Suite.java:27)
	at org.junit.runners.ParentRunner$3.run(ParentRunner.java:290)
	at org.junit.runners.ParentRunner$1.schedule(ParentRunner.java:71)
	at org.junit.runners.ParentRunner.runChildren(ParentRunner.java:288)
	at org.junit.runners.ParentRunner.access$000(ParentRunner.java:58)
	at org.junit.runners.ParentRunner$2.evaluate(ParentRunner.java:268)
	at org.junit.runners.ParentRunner.run(ParentRunner.java:363)
	at org.apache.maven.surefire.junit4.JUnit4Provider.execute(JUnit4Provider.java:283)
	at org.apache.maven.surefire.junit4.JUnit4Provider.executeWithRerun(JUnit4Provider.java:173)
	at org.apache.maven.surefire.junit4.JUnit4Provider.executeTestSet(JUnit4Provider.java:153)
	at org.apache.maven.surefire.junit4.JUnit4Provider.invoke(JUnit4Provider.java:128)
	at org.apache.maven.surefire.booter.ForkedBooter.invokeProviderInSameClassLoader(ForkedBooter.java:203)
	at org.apache.maven.surefire.booter.ForkedBooter.runSuitesInProcess(ForkedBooter.java:155)
	at org.apache.maven.surefire.booter.ForkedBooter.main(ForkedBooter.java:103)
Caused by: org.springframework.beans.factory.BeanCreationException: Error creating bean with name 'aerospikeTemplate' defined in org.springframework.data.aerospike.repository.TestConfigPerson: Bean instantiation via factory method failed; nested exception is org.springframework.beans.BeanInstantiationException: Failed to instantiate [org.springframework.data.aerospike.core.AerospikeTemplate]: Factory method 'aerospikeTemplate' threw exception; nested exception is com.aerospike.helper.query.ClusterRefreshError: Cannot find UDF modules
	at org.springframework.beans.factory.support.ConstructorResolver.instantiateUsingFactoryMethod(ConstructorResolver.java:599)
	at org.springframework.beans.factory.support.AbstractAutowireCapableBeanFactory.instantiateUsingFactoryMethod(AbstractAutowireCapableBeanFactory.java:1119)
	at org.springframework.beans.factory.support.AbstractAutowireCapableBeanFactory.createBeanInstance(AbstractAutowireCapableBeanFactory.java:1014)
	at org.springframework.beans.factory.support.AbstractAutowireCapableBeanFactory.doCreateBean(AbstractAutowireCapableBeanFactory.java:504)
	at org.springframework.beans.factory.support.AbstractAutowireCapableBeanFactory.createBean(AbstractAutowireCapableBeanFactory.java:476)
	at org.springframework.beans.factory.support.AbstractBeanFactory$1.getObject(AbstractBeanFactory.java:303)
	at org.springframework.beans.factory.support.DefaultSingletonBeanRegistry.getSingleton(DefaultSingletonBeanRegistry.java:230)
	at org.springframework.beans.factory.support.AbstractBeanFactory.doGetBean(AbstractBeanFactory.java:299)
	at org.springframework.beans.factory.support.AbstractBeanFactory.getBean(AbstractBeanFactory.java:194)
	at org.springframework.beans.factory.support.DefaultListableBeanFactory.preInstantiateSingletons(DefaultListableBeanFactory.java:755)
	at org.springframework.context.support.AbstractApplicationContext.finishBeanFactoryInitialization(AbstractApplicationContext.java:757)
	at org.springframework.context.support.AbstractApplicationContext.refresh(AbstractApplicationContext.java:480)
	at org.springframework.test.context.support.AbstractGenericContextLoader.loadContext(AbstractGenericContextLoader.java:125)
	at org.springframework.test.context.support.AbstractGenericContextLoader.loadContext(AbstractGenericContextLoader.java:60)
	at org.springframework.test.context.support.AbstractDelegatingSmartContextLoader.delegateLoading(AbstractDelegatingSmartContextLoader.java:109)
	at org.springframework.test.context.support.AbstractDelegatingSmartContextLoader.loadContext(AbstractDelegatingSmartContextLoader.java:261)
	at org.springframework.test.context.DefaultCacheAwareContextLoaderDelegate.loadContextInternal(DefaultCacheAwareContextLoaderDelegate.java:68)
	at org.springframework.test.context.DefaultCacheAwareContextLoaderDelegate.loadContext(DefaultCacheAwareContextLoaderDelegate.java:86)
	at org.springframework.test.context.DefaultTestContext.getApplicationContext(DefaultTestContext.java:72)
	at org.springframework.test.context.support.DependencyInjectionTestExecutionListener.injectDependencies(DependencyInjectionTestExecutionListener.java:117)
	at org.springframework.test.context.support.DependencyInjectionTestExecutionListener.prepareTestInstance(DependencyInjectionTestExecutionListener.java:83)
	at org.springframework.test.context.TestContextManager.prepareTestInstance(TestContextManager.java:212)
	at org.springframework.test.context.junit4.SpringJUnit4ClassRunner.createTest(SpringJUnit4ClassRunner.java:200)
	at org.springframework.test.context.junit4.SpringJUnit4ClassRunner$1.runReflectiveCall(SpringJUnit4ClassRunner.java:259)
	at org.junit.internal.runners.model.ReflectiveCallable.run(ReflectiveCallable.java:12)
	at org.springframework.test.context.junit4.SpringJUnit4ClassRunner.methodBlock(SpringJUnit4ClassRunner.java:261)
	at org.springframework.test.context.junit4.SpringJUnit4ClassRunner.runChild(SpringJUnit4ClassRunner.java:219)
	at org.springframework.test.context.junit4.SpringJUnit4ClassRunner.runChild(SpringJUnit4ClassRunner.java:83)
	at org.junit.runners.ParentRunner$3.run(ParentRunner.java:290)
	at org.junit.runners.ParentRunner$1.schedule(ParentRunner.java:71)
	at org.junit.runners.ParentRunner.runChildren(ParentRunner.java:288)
	at org.junit.runners.ParentRunner.access$000(ParentRunner.java:58)
	at org.junit.runners.ParentRunner$2.evaluate(ParentRunner.java:268)
	at org.springframework.test.context.junit4.statements.RunBeforeTestClassCallbacks.evaluate(RunBeforeTestClassCallbacks.java:61)
	at org.springframework.test.context.junit4.statements.RunAfterTestClassCallbacks.evaluate(RunAfterTestClassCallbacks.java:68)
	at org.junit.runners.ParentRunner.run(ParentRunner.java:363)
	at org.springframework.test.context.junit4.SpringJUnit4ClassRunner.run(SpringJUnit4ClassRunner.java:163)
	at org.junit.runners.Suite.runChild(Suite.java:128)
	at org.junit.runners.Suite.runChild(Suite.java:27)
	at org.junit.runners.ParentRunner$3.run(ParentRunner.java:290)
	at org.junit.runners.ParentRunner$1.schedule(ParentRunner.java:71)
	at org.junit.runners.ParentRunner.runChildren(ParentRunner.java:288)
	at org.junit.runners.ParentRunner.access$000(ParentRunner.java:58)
	at org.junit.runners.ParentRunner$2.evaluate(ParentRunner.java:268)
	at org.junit.runners.ParentRunner.run(ParentRunner.java:363)
	at org.apache.maven.surefire.junit4.JUnit4Provider.execute(JUnit4Provider.java:283)
	at org.apache.maven.surefire.junit4.JUnit4Provider.executeWithRerun(JUnit4Provider.java:173)
	at org.apache.maven.surefire.junit4.JUnit4Provider.executeTestSet(JUnit4Provider.java:153)
	at org.apache.maven.surefire.junit4.JUnit4Provider.invoke(JUnit4Provider.java:128)
	at org.apache.maven.surefire.booter.ForkedBooter.invokeProviderInSameClassLoader(ForkedBooter.java:203)
	at org.apache.maven.surefire.booter.ForkedBooter.runSuitesInProcess(ForkedBooter.java:155)
	at org.apache.maven.surefire.booter.ForkedBooter.main(ForkedBooter.java:103)
Caused by: org.springframework.beans.BeanInstantiationException: Failed to instantiate [org.springframework.data.aerospike.core.AerospikeTemplate]: Factory method 'aerospikeTemplate' threw exception; nested exception is com.aerospike.helper.query.ClusterRefreshError: Cannot find UDF modules
	at org.springframework.beans.factory.support.SimpleInstantiationStrategy.instantiate(SimpleInstantiationStrategy.java:189)
	at org.springframework.beans.factory.support.ConstructorResolver.instantiateUsingFactoryMethod(ConstructorResolver.java:588)
	at org.springframework.beans.factory.support.AbstractAutowireCapableBeanFactory.instantiateUsingFactoryMethod(AbstractAutowireCapableBeanFactory.java:1119)
	at org.springframework.beans.factory.support.AbstractAutowireCapableBeanFactory.createBeanInstance(AbstractAutowireCapableBeanFactory.java:1014)
	at org.springframework.beans.factory.support.AbstractAutowireCapableBeanFactory.doCreateBean(AbstractAutowireCapableBeanFactory.java:504)
	at org.springframework.beans.factory.support.AbstractAutowireCapableBeanFactory.createBean(AbstractAutowireCapableBeanFactory.java:476)
	at org.springframework.beans.factory.support.AbstractBeanFactory$1.getObject(AbstractBeanFactory.java:303)
	at org.springframework.beans.factory.support.DefaultSingletonBeanRegistry.getSingleton(DefaultSingletonBeanRegistry.java:230)
	at org.springframework.beans.factory.support.AbstractBeanFactory.doGetBean(AbstractBeanFactory.java:299)
	at org.springframework.beans.factory.support.AbstractBeanFactory.getBean(AbstractBeanFactory.java:194)
	at org.springframework.beans.factory.support.DefaultListableBeanFactory.preInstantiateSingletons(DefaultListableBeanFactory.java:755)
	at org.springframework.context.support.AbstractApplicationContext.finishBeanFactoryInitialization(AbstractApplicationContext.java:757)
	at org.springframework.context.support.AbstractApplicationContext.refresh(AbstractApplicationContext.java:480)
	at org.springframework.test.context.support.AbstractGenericContextLoader.loadContext(AbstractGenericContextLoader.java:125)
	at org.springframework.test.context.support.AbstractGenericContextLoader.loadContext(AbstractGenericContextLoader.java:60)
	at org.springframework.test.context.support.AbstractDelegatingSmartContextLoader.delegateLoading(AbstractDelegatingSmartContextLoader.java:109)
	at org.springframework.test.context.support.AbstractDelegatingSmartContextLoader.loadContext(AbstractDelegatingSmartContextLoader.java:261)
	at org.springframework.test.context.DefaultCacheAwareContextLoaderDelegate.loadContextInternal(DefaultCacheAwareContextLoaderDelegate.java:68)
	at org.springframework.test.context.DefaultCacheAwareContextLoaderDelegate.loadContext(DefaultCacheAwareContextLoaderDelegate.java:86)
	at org.springframework.test.context.DefaultTestContext.getApplicationContext(DefaultTestContext.java:72)
	at org.springframework.test.context.support.DependencyInjectionTestExecutionListener.injectDependencies(DependencyInjectionTestExecutionListener.java:117)
	at org.springframework.test.context.support.DependencyInjectionTestExecutionListener.prepareTestInstance(DependencyInjectionTestExecutionListener.java:83)
	at org.springframework.test.context.TestContextManager.prepareTestInstance(TestContextManager.java:212)
	at org.springframework.test.context.junit4.SpringJUnit4ClassRunner.createTest(SpringJUnit4ClassRunner.java:200)
	at org.springframework.test.context.junit4.SpringJUnit4ClassRunner$1.runReflectiveCall(SpringJUnit4ClassRunner.java:259)
	at org.junit.internal.runners.model.ReflectiveCallable.run(ReflectiveCallable.java:12)
	at org.springframework.test.context.junit4.SpringJUnit4ClassRunner.methodBlock(SpringJUnit4ClassRunner.java:261)
	at org.springframework.test.context.junit4.SpringJUnit4ClassRunner.runChild(SpringJUnit4ClassRunner.java:219)
	at org.springframework.test.context.junit4.SpringJUnit4ClassRunner.runChild(SpringJUnit4ClassRunner.java:83)
	at org.junit.runners.ParentRunner$3.run(ParentRunner.java:290)
	at org.junit.runners.ParentRunner$1.schedule(ParentRunner.java:71)
	at org.junit.runners.ParentRunner.runChildren(ParentRunner.java:288)
	at org.junit.runners.ParentRunner.access$000(ParentRunner.java:58)
	at org.junit.runners.ParentRunner$2.evaluate(ParentRunner.java:268)
	at org.springframework.test.context.junit4.statements.RunBeforeTestClassCallbacks.evaluate(RunBeforeTestClassCallbacks.java:61)
	at org.springframework.test.context.junit4.statements.RunAfterTestClassCallbacks.evaluate(RunAfterTestClassCallbacks.java:68)
	at org.junit.runners.ParentRunner.run(ParentRunner.java:363)
	at org.springframework.test.context.junit4.SpringJUnit4ClassRunner.run(SpringJUnit4ClassRunner.java:163)
	at org.junit.runners.Suite.runChild(Suite.java:128)
	at org.junit.runners.Suite.runChild(Suite.java:27)
	at org.junit.runners.ParentRunner$3.run(ParentRunner.java:290)
	at org.junit.runners.ParentRunner$1.schedule(ParentRunner.java:71)
	at org.junit.runners.ParentRunner.runChildren(ParentRunner.java:288)
	at org.junit.runners.ParentRunner.access$000(ParentRunner.java:58)
	at org.junit.runners.ParentRunner$2.evaluate(ParentRunner.java:268)
	at org.junit.runners.ParentRunner.run(ParentRunner.java:363)
	at org.apache.maven.surefire.junit4.JUnit4Provider.execute(JUnit4Provider.java:283)
	at org.apache.maven.surefire.junit4.JUnit4Provider.executeWithRerun(JUnit4Provider.java:173)
	at org.apache.maven.surefire.junit4.JUnit4Provider.executeTestSet(JUnit4Provider.java:153)
	at org.apache.maven.surefire.junit4.JUnit4Provider.invoke(JUnit4Provider.java:128)
	at org.apache.maven.surefire.booter.ForkedBooter.invokeProviderInSameClassLoader(ForkedBooter.java:203)
	at org.apache.maven.surefire.booter.ForkedBooter.runSuitesInProcess(ForkedBooter.java:155)
	at org.apache.maven.surefire.booter.ForkedBooter.main(ForkedBooter.java:103)
Caused by: com.aerospike.helper.query.ClusterRefreshError: Cannot find UDF modules
	at com.aerospike.helper.query.QueryEngine.refreshModules(QueryEngine.java:678)
	at com.aerospike.helper.query.QueryEngine.refreshCluster(QueryEngine.java:536)
	at com.aerospike.helper.query.QueryEngine.setClient(QueryEngine.java:129)
	at com.aerospike.helper.query.QueryEngine.<init>(QueryEngine.java:110)
	at org.springframework.data.aerospike.core.AerospikeTemplate.<init>(AerospikeTemplate.java:132)
	at org.springframework.data.aerospike.repository.TestConfigPerson.aerospikeTemplate(TestConfigPerson.java:38)
	at org.springframework.data.aerospike.repository.TestConfigPerson$$EnhancerBySpringCGLIB$$3f27a8da.CGLIB$aerospikeTemplate$0(<generated>)
	at org.springframework.data.aerospike.repository.TestConfigPerson$$EnhancerBySpringCGLIB$$3f27a8da$$FastClassBySpringCGLIB$$38965c5e.invoke(<generated>)
	at org.springframework.cglib.proxy.MethodProxy.invokeSuper(MethodProxy.java:228)
	at org.springframework.context.annotation.ConfigurationClassEnhancer$BeanMethodInterceptor.intercept(ConfigurationClassEnhancer.java:309)
	at org.springframework.data.aerospike.repository.TestConfigPerson$$EnhancerBySpringCGLIB$$3f27a8da.aerospikeTemplate(<generated>)
	at sun.reflect.NativeMethodAccessorImpl.invoke0(Native Method)
	at sun.reflect.NativeMethodAccessorImpl.invoke(NativeMethodAccessorImpl.java:62)
	at sun.reflect.DelegatingMethodAccessorImpl.invoke(DelegatingMethodAccessorImpl.java:43)
	at java.lang.reflect.Method.invoke(Method.java:498)
	at org.springframework.beans.factory.support.SimpleInstantiationStrategy.instantiate(SimpleInstantiationStrategy.java:162)
	at org.springframework.beans.factory.support.ConstructorResolver.instantiateUsingFactoryMethod(ConstructorResolver.java:588)
	at org.springframework.beans.factory.support.AbstractAutowireCapableBeanFactory.instantiateUsingFactoryMethod(AbstractAutowireCapableBeanFactory.java:1119)
	at org.springframework.beans.factory.support.AbstractAutowireCapableBeanFactory.createBeanInstance(AbstractAutowireCapableBeanFactory.java:1014)
	at org.springframework.beans.factory.support.AbstractAutowireCapableBeanFactory.doCreateBean(AbstractAutowireCapableBeanFactory.java:504)
	at org.springframework.beans.factory.support.AbstractAutowireCapableBeanFactory.createBean(AbstractAutowireCapableBeanFactory.java:476)
	at org.springframework.beans.factory.support.AbstractBeanFactory$1.getObject(AbstractBeanFactory.java:303)
	at org.springframework.beans.factory.support.DefaultSingletonBeanRegistry.getSingleton(DefaultSingletonBeanRegistry.java:230)
	at org.springframework.beans.factory.support.AbstractBeanFactory.doGetBean(AbstractBeanFactory.java:299)
	at org.springframework.beans.factory.support.AbstractBeanFactory.getBean(AbstractBeanFactory.java:194)
	at org.springframework.beans.factory.support.DefaultListableBeanFactory.preInstantiateSingletons(DefaultListableBeanFactory.java:755)
	at org.springframework.context.support.AbstractApplicationContext.finishBeanFactoryInitialization(AbstractApplicationContext.java:757)
	at org.springframework.context.support.AbstractApplicationContext.refresh(AbstractApplicationContext.java:480)
	at org.springframework.test.context.support.AbstractGenericContextLoader.loadContext(AbstractGenericContextLoader.java:125)
	at org.springframework.test.context.support.AbstractGenericContextLoader.loadContext(AbstractGenericContextLoader.java:60)
	at org.springframework.test.context.support.AbstractDelegatingSmartContextLoader.delegateLoading(AbstractDelegatingSmartContextLoader.java:109)
	at org.springframework.test.context.support.AbstractDelegatingSmartContextLoader.loadContext(AbstractDelegatingSmartContextLoader.java:261)
	at org.springframework.test.context.DefaultCacheAwareContextLoaderDelegate.loadContextInternal(DefaultCacheAwareContextLoaderDelegate.java:68)
	at org.springframework.test.context.DefaultCacheAwareContextLoaderDelegate.loadContext(DefaultCacheAwareContextLoaderDelegate.java:86)
	at org.springframework.test.context.DefaultTestContext.getApplicationContext(DefaultTestContext.java:72)
	at org.springframework.test.context.support.DependencyInjectionTestExecutionListener.injectDependencies(DependencyInjectionTestExecutionListener.java:117)
	at org.springframework.test.context.support.DependencyInjectionTestExecutionListener.prepareTestInstance(DependencyInjectionTestExecutionListener.java:83)
	at org.springframework.test.context.TestContextManager.prepareTestInstance(TestContextManager.java:212)
	at org.springframework.test.context.junit4.SpringJUnit4ClassRunner.createTest(SpringJUnit4ClassRunner.java:200)
	at org.springframework.test.context.junit4.SpringJUnit4ClassRunner$1.runReflectiveCall(SpringJUnit4ClassRunner.java:259)
	at org.junit.internal.runners.model.ReflectiveCallable.run(ReflectiveCallable.java:12)
	at org.springframework.test.context.junit4.SpringJUnit4ClassRunner.methodBlock(SpringJUnit4ClassRunner.java:261)
	at org.springframework.test.context.junit4.SpringJUnit4ClassRunner.runChild(SpringJUnit4ClassRunner.java:219)
	at org.springframework.test.context.junit4.SpringJUnit4ClassRunner.runChild(SpringJUnit4ClassRunner.java:83)
	at org.junit.runners.ParentRunner$3.run(ParentRunner.java:290)
	at org.junit.runners.ParentRunner$1.schedule(ParentRunner.java:71)
	at org.junit.runners.ParentRunner.runChildren(ParentRunner.java:288)
	at org.junit.runners.ParentRunner.access$000(ParentRunner.java:58)
	at org.junit.runners.ParentRunner$2.evaluate(ParentRunner.java:268)
	at org.springframework.test.context.junit4.statements.RunBeforeTestClassCallbacks.evaluate(RunBeforeTestClassCallbacks.java:61)
	at org.springframework.test.context.junit4.statements.RunAfterTestClassCallbacks.evaluate(RunAfterTestClassCallbacks.java:68)
	at org.junit.runners.ParentRunner.run(ParentRunner.java:363)
	at org.springframework.test.context.junit4.SpringJUnit4ClassRunner.run(SpringJUnit4ClassRunner.java:163)
	at org.junit.runners.Suite.runChild(Suite.java:128)
	at org.junit.runners.Suite.runChild(Suite.java:27)
	at org.junit.runners.ParentRunner$3.run(ParentRunner.java:290)
	at org.junit.runners.ParentRunner$1.schedule(ParentRunner.java:71)
	at org.junit.runners.ParentRunner.runChildren(ParentRunner.java:288)
	at org.junit.runners.ParentRunner.access$000(ParentRunner.java:58)
	at org.junit.runners.ParentRunner$2.evaluate(ParentRunner.java:268)
	at org.junit.runners.ParentRunner.run(ParentRunner.java:363)
	at org.apache.maven.surefire.junit4.JUnit4Provider.execute(JUnit4Provider.java:283)
	at org.apache.maven.surefire.junit4.JUnit4Provider.executeWithRerun(JUnit4Provider.java:173)
	at org.apache.maven.surefire.junit4.JUnit4Provider.executeTestSet(JUnit4Provider.java:153)
	at org.apache.maven.surefire.junit4.JUnit4Provider.invoke(JUnit4Provider.java:128)
	at org.apache.maven.surefire.booter.ForkedBooter.invokeProviderInSameClassLoader(ForkedBooter.java:203)
	at org.apache.maven.surefire.booter.ForkedBooter.runSuitesInProcess(ForkedBooter.java:155)
	at org.apache.maven.surefire.booter.ForkedBooter.main(ForkedBooter.java:103)
]]></error>
    <system-out><![CDATA[16:37:45.874 [main] DEBUG o.s.t.annotation.ProfileValueUtils - Retrieved @ProfileValueSourceConfiguration [null] for test class [org.springframework.data.aerospike.repository.PersonRepositoryIntegrationTests]
16:37:45.874 [main] DEBUG o.s.t.annotation.ProfileValueUtils - Retrieved ProfileValueSource type [class org.springframework.test.annotation.SystemProfileValueSource] for class [org.springframework.data.aerospike.repository.PersonRepositoryIntegrationTests]
16:37:45.874 [main] DEBUG o.s.t.c.s.DependencyInjectionTestExecutionListener - Performing dependency injection for test context [[DefaultTestContext@70807224 testClass = PersonRepositoryIntegrationTests, testInstance = org.springframework.data.aerospike.repository.PersonRepositoryIntegrationTests@c755b2, testMethod = [null], testException = [null], mergedContextConfiguration = [MergedContextConfiguration@400d912a testClass = PersonRepositoryIntegrationTests, locations = '{}', classes = '{class org.springframework.data.aerospike.repository.TestConfigPerson}', contextInitializerClasses = '[]', activeProfiles = '{}', propertySourceLocations = '{}', propertySourceProperties = '{}', contextLoader = 'org.springframework.test.context.support.DelegatingSmartContextLoader', parent = [null]]]].
16:37:45.874 [main] DEBUG o.s.t.c.s.AbstractDelegatingSmartContextLoader - Delegating to AnnotationConfigContextLoader to load context from [MergedContextConfiguration@400d912a testClass = PersonRepositoryIntegrationTests, locations = '{}', classes = '{class org.springframework.data.aerospike.repository.TestConfigPerson}', contextInitializerClasses = '[]', activeProfiles = '{}', propertySourceLocations = '{}', propertySourceProperties = '{}', contextLoader = 'org.springframework.test.context.support.DelegatingSmartContextLoader', parent = [null]].
16:37:45.874 [main] DEBUG o.s.t.c.s.AbstractGenericContextLoader - Loading ApplicationContext for merged context configuration [[MergedContextConfiguration@400d912a testClass = PersonRepositoryIntegrationTests, locations = '{}', classes = '{class org.springframework.data.aerospike.repository.TestConfigPerson}', contextInitializerClasses = '[]', activeProfiles = '{}', propertySourceLocations = '{}', propertySourceProperties = '{}', contextLoader = 'org.springframework.test.context.support.DelegatingSmartContextLoader', parent = [null]]].
16:37:45.875 [main] DEBUG o.s.core.env.StandardEnvironment - Adding [systemProperties] PropertySource with lowest search precedence
16:37:45.875 [main] DEBUG o.s.core.env.StandardEnvironment - Adding [systemEnvironment] PropertySource with lowest search precedence
16:37:45.875 [main] DEBUG o.s.core.env.StandardEnvironment - Initialized StandardEnvironment with PropertySources [systemProperties,systemEnvironment]
16:37:45.875 [main] DEBUG o.s.t.c.s.AnnotationConfigContextLoader - Registering annotated classes: {class org.springframework.data.aerospike.repository.TestConfigPerson}
16:37:45.875 [main] INFO  o.s.c.s.GenericApplicationContext - Refreshing org.springframework.context.support.GenericApplicationContext@3bd2af5b: startup date [Tue Oct 04 16:37:45 BRT 2016]; root of context hierarchy
16:37:45.875 [main] DEBUG o.s.c.s.GenericApplicationContext - Bean factory for org.springframework.context.support.GenericApplicationContext@3bd2af5b: org.springframework.beans.factory.support.DefaultListableBeanFactory@250a500b: defining beans [org.springframework.context.annotation.internalConfigurationAnnotationProcessor,org.springframework.context.annotation.internalAutowiredAnnotationProcessor,org.springframework.context.annotation.internalRequiredAnnotationProcessor,org.springframework.context.annotation.internalCommonAnnotationProcessor,testConfigPerson]; root of factory hierarchy
16:37:45.875 [main] DEBUG o.s.b.f.s.DefaultListableBeanFactory - Creating shared instance of singleton bean 'org.springframework.context.annotation.internalConfigurationAnnotationProcessor'
16:37:45.875 [main] DEBUG o.s.b.f.s.DefaultListableBeanFactory - Creating instance of bean 'org.springframework.context.annotation.internalConfigurationAnnotationProcessor'
16:37:45.875 [main] DEBUG o.s.b.f.s.DefaultListableBeanFactory - Eagerly caching bean 'org.springframework.context.annotation.internalConfigurationAnnotationProcessor' to allow for resolving potential circular references
16:37:45.875 [main] DEBUG o.s.b.f.s.DefaultListableBeanFactory - Finished creating instance of bean 'org.springframework.context.annotation.internalConfigurationAnnotationProcessor'
16:37:45.876 [main] DEBUG o.s.c.a.ConfigurationClassBeanDefinitionReader - Registering bean definition for @Bean method org.springframework.data.aerospike.repository.TestConfigPerson.aerospikeTemplate()
16:37:45.876 [main] DEBUG o.s.c.a.ConfigurationClassBeanDefinitionReader - Registering bean definition for @Bean method org.springframework.data.aerospike.repository.TestConfigPerson.aerospikeClient()
16:37:45.876 [main] DEBUG o.s.core.env.StandardEnvironment - Adding [systemProperties] PropertySource with lowest search precedence
16:37:45.876 [main] DEBUG o.s.core.env.StandardEnvironment - Adding [systemEnvironment] PropertySource with lowest search precedence
16:37:45.876 [main] DEBUG o.s.core.env.StandardEnvironment - Initialized StandardEnvironment with PropertySources [systemProperties,systemEnvironment]
16:37:45.876 [main] DEBUG o.s.c.i.s.PathMatchingResourcePatternResolver - Looking for matching resources in directory tree [/home/aluno/spring-projects/maven/spring-data-aerospike/target/test-classes/org/springframework/data]
16:37:45.876 [main] DEBUG o.s.c.i.s.PathMatchingResourcePatternResolver - Searching directory [/home/aluno/spring-projects/maven/spring-data-aerospike/target/test-classes/org/springframework/data] for files matching pattern [/home/aluno/spring-projects/maven/spring-data-aerospike/target/test-classes/org/springframework/data/**/repository/support/**/*.class]
16:37:45.877 [main] DEBUG o.s.c.i.s.PathMatchingResourcePatternResolver - Searching directory [/home/aluno/spring-projects/maven/spring-data-aerospike/target/test-classes/org/springframework/data/keyvalue] for files matching pattern [/home/aluno/spring-projects/maven/spring-data-aerospike/target/test-classes/org/springframework/data/**/repository/support/**/*.class]
16:37:45.877 [main] DEBUG o.s.c.i.s.PathMatchingResourcePatternResolver - Searching directory [/home/aluno/spring-projects/maven/spring-data-aerospike/target/test-classes/org/springframework/data/keyvalue/repository] for files matching pattern [/home/aluno/spring-projects/maven/spring-data-aerospike/target/test-classes/org/springframework/data/**/repository/support/**/*.class]
16:37:45.877 [main] DEBUG o.s.c.i.s.PathMatchingResourcePatternResolver - Searching directory [/home/aluno/spring-projects/maven/spring-data-aerospike/target/test-classes/org/springframework/data/keyvalue/repository/query] for files matching pattern [/home/aluno/spring-projects/maven/spring-data-aerospike/target/test-classes/org/springframework/data/**/repository/support/**/*.class]
16:37:45.877 [main] DEBUG o.s.c.i.s.PathMatchingResourcePatternResolver - Searching directory [/home/aluno/spring-projects/maven/spring-data-aerospike/target/test-classes/org/springframework/data/aerospike] for files matching pattern [/home/aluno/spring-projects/maven/spring-data-aerospike/target/test-classes/org/springframework/data/**/repository/support/**/*.class]
16:37:45.877 [main] DEBUG o.s.c.i.s.PathMatchingResourcePatternResolver - Searching directory [/home/aluno/spring-projects/maven/spring-data-aerospike/target/test-classes/org/springframework/data/aerospike/mapping] for files matching pattern [/home/aluno/spring-projects/maven/spring-data-aerospike/target/test-classes/org/springframework/data/**/repository/support/**/*.class]
16:37:45.877 [main] DEBUG o.s.c.i.s.PathMatchingResourcePatternResolver - Searching directory [/home/aluno/spring-projects/maven/spring-data-aerospike/target/test-classes/org/springframework/data/aerospike/core] for files matching pattern [/home/aluno/spring-projects/maven/spring-data-aerospike/target/test-classes/org/springframework/data/**/repository/support/**/*.class]
16:37:45.877 [main] DEBUG o.s.c.i.s.PathMatchingResourcePatternResolver - Searching directory [/home/aluno/spring-projects/maven/spring-data-aerospike/target/test-classes/org/springframework/data/aerospike/convert] for files matching pattern [/home/aluno/spring-projects/maven/spring-data-aerospike/target/test-classes/org/springframework/data/**/repository/support/**/*.class]
16:37:45.878 [main] DEBUG o.s.c.i.s.PathMatchingResourcePatternResolver - Searching directory [/home/aluno/spring-projects/maven/spring-data-aerospike/target/test-classes/org/springframework/data/aerospike/sample] for files matching pattern [/home/aluno/spring-projects/maven/spring-data-aerospike/target/test-classes/org/springframework/data/**/repository/support/**/*.class]
16:37:45.878 [main] DEBUG o.s.c.i.s.PathMatchingResourcePatternResolver - Searching directory [/home/aluno/spring-projects/maven/spring-data-aerospike/target/test-classes/org/springframework/data/aerospike/repository] for files matching pattern [/home/aluno/spring-projects/maven/spring-data-aerospike/target/test-classes/org/springframework/data/**/repository/support/**/*.class]
16:37:45.878 [main] DEBUG o.s.c.i.s.PathMatchingResourcePatternResolver - Searching directory [/home/aluno/spring-projects/maven/spring-data-aerospike/target/test-classes/org/springframework/data/aerospike/repository/support] for files matching pattern [/home/aluno/spring-projects/maven/spring-data-aerospike/target/test-classes/org/springframework/data/**/repository/support/**/*.class]
16:37:45.878 [main] DEBUG o.s.c.i.s.PathMatchingResourcePatternResolver - Searching directory [/home/aluno/spring-projects/maven/spring-data-aerospike/target/test-classes/org/springframework/data/aerospike/repository/query] for files matching pattern [/home/aluno/spring-projects/maven/spring-data-aerospike/target/test-classes/org/springframework/data/**/repository/support/**/*.class]
16:37:45.878 [main] DEBUG o.s.c.i.s.PathMatchingResourcePatternResolver - Searching directory [/home/aluno/spring-projects/maven/spring-data-aerospike/target/test-classes/org/springframework/data/aerospike/config] for files matching pattern [/home/aluno/spring-projects/maven/spring-data-aerospike/target/test-classes/org/springframework/data/**/repository/support/**/*.class]
16:37:45.878 [main] DEBUG o.s.c.i.s.PathMatchingResourcePatternResolver - Searching directory [/home/aluno/spring-projects/maven/spring-data-aerospike/target/test-classes/org/springframework/data/aerospike/cache] for files matching pattern [/home/aluno/spring-projects/maven/spring-data-aerospike/target/test-classes/org/springframework/data/**/repository/support/**/*.class]
16:37:45.879 [main] DEBUG o.s.c.i.s.PathMatchingResourcePatternResolver - Looking for matching resources in directory tree [/home/aluno/spring-projects/maven/spring-data-aerospike/target/classes/org/springframework/data]
16:37:45.879 [main] DEBUG o.s.c.i.s.PathMatchingResourcePatternResolver - Searching directory [/home/aluno/spring-projects/maven/spring-data-aerospike/target/classes/org/springframework/data] for files matching pattern [/home/aluno/spring-projects/maven/spring-data-aerospike/target/classes/org/springframework/data/**/repository/support/**/*.class]
16:37:45.879 [main] DEBUG o.s.c.i.s.PathMatchingResourcePatternResolver - Searching directory [/home/aluno/spring-projects/maven/spring-data-aerospike/target/classes/org/springframework/data/aerospike] for files matching pattern [/home/aluno/spring-projects/maven/spring-data-aerospike/target/classes/org/springframework/data/**/repository/support/**/*.class]
16:37:45.879 [main] DEBUG o.s.c.i.s.PathMatchingResourcePatternResolver - Searching directory [/home/aluno/spring-projects/maven/spring-data-aerospike/target/classes/org/springframework/data/aerospike/mapping] for files matching pattern [/home/aluno/spring-projects/maven/spring-data-aerospike/target/classes/org/springframework/data/**/repository/support/**/*.class]
16:37:45.879 [main] DEBUG o.s.c.i.s.PathMatchingResourcePatternResolver - Searching directory [/home/aluno/spring-projects/maven/spring-data-aerospike/target/classes/org/springframework/data/aerospike/core] for files matching pattern [/home/aluno/spring-projects/maven/spring-data-aerospike/target/classes/org/springframework/data/**/repository/support/**/*.class]
16:37:45.879 [main] DEBUG o.s.c.i.s.PathMatchingResourcePatternResolver - Searching directory [/home/aluno/spring-projects/maven/spring-data-aerospike/target/classes/org/springframework/data/aerospike/convert] for files matching pattern [/home/aluno/spring-projects/maven/spring-data-aerospike/target/classes/org/springframework/data/**/repository/support/**/*.class]
16:37:45.879 [main] DEBUG o.s.c.i.s.PathMatchingResourcePatternResolver - Searching directory [/home/aluno/spring-projects/maven/spring-data-aerospike/target/classes/org/springframework/data/aerospike/example] for files matching pattern [/home/aluno/spring-projects/maven/spring-data-aerospike/target/classes/org/springframework/data/**/repository/support/**/*.class]
16:37:45.879 [main] DEBUG o.s.c.i.s.PathMatchingResourcePatternResolver - Searching directory [/home/aluno/spring-projects/maven/spring-data-aerospike/target/classes/org/springframework/data/aerospike/example/data] for files matching pattern [/home/aluno/spring-projects/maven/spring-data-aerospike/target/classes/org/springframework/data/**/repository/support/**/*.class]
16:37:45.879 [main] DEBUG o.s.c.i.s.PathMatchingResourcePatternResolver - Searching directory [/home/aluno/spring-projects/maven/spring-data-aerospike/target/classes/org/springframework/data/aerospike/example/config] for files matching pattern [/home/aluno/spring-projects/maven/spring-data-aerospike/target/classes/org/springframework/data/**/repository/support/**/*.class]
16:37:45.879 [main] DEBUG o.s.c.i.s.PathMatchingResourcePatternResolver - Searching directory [/home/aluno/spring-projects/maven/spring-data-aerospike/target/classes/org/springframework/data/aerospike/annotation] for files matching pattern [/home/aluno/spring-projects/maven/spring-data-aerospike/target/classes/org/springframework/data/**/repository/support/**/*.class]
16:37:45.879 [main] DEBUG o.s.c.i.s.PathMatchingResourcePatternResolver - Searching directory [/home/aluno/spring-projects/maven/spring-data-aerospike/target/classes/org/springframework/data/aerospike/repository] for files matching pattern [/home/aluno/spring-projects/maven/spring-data-aerospike/target/classes/org/springframework/data/**/repository/support/**/*.class]
16:37:45.879 [main] DEBUG o.s.c.i.s.PathMatchingResourcePatternResolver - Searching directory [/home/aluno/spring-projects/maven/spring-data-aerospike/target/classes/org/springframework/data/aerospike/repository/support] for files matching pattern [/home/aluno/spring-projects/maven/spring-data-aerospike/target/classes/org/springframework/data/**/repository/support/**/*.class]
16:37:45.879 [main] DEBUG o.s.c.i.s.PathMatchingResourcePatternResolver - Searching directory [/home/aluno/spring-projects/maven/spring-data-aerospike/target/classes/org/springframework/data/aerospike/repository/config] for files matching pattern [/home/aluno/spring-projects/maven/spring-data-aerospike/target/classes/org/springframework/data/**/repository/support/**/*.class]
16:37:45.879 [main] DEBUG o.s.c.i.s.PathMatchingResourcePatternResolver - Searching directory [/home/aluno/spring-projects/maven/spring-data-aerospike/target/classes/org/springframework/data/aerospike/repository/query] for files matching pattern [/home/aluno/spring-projects/maven/spring-data-aerospike/target/classes/org/springframework/data/**/repository/support/**/*.class]
16:37:45.880 [main] DEBUG o.s.c.i.s.PathMatchingResourcePatternResolver - Searching directory [/home/aluno/spring-projects/maven/spring-data-aerospike/target/classes/org/springframework/data/aerospike/config] for files matching pattern [/home/aluno/spring-projects/maven/spring-data-aerospike/target/classes/org/springframework/data/**/repository/support/**/*.class]
16:37:45.880 [main] DEBUG o.s.c.i.s.PathMatchingResourcePatternResolver - Searching directory [/home/aluno/spring-projects/maven/spring-data-aerospike/target/classes/org/springframework/data/aerospike/cache] for files matching pattern [/home/aluno/spring-projects/maven/spring-data-aerospike/target/classes/org/springframework/data/**/repository/support/**/*.class]
16:37:45.880 [main] DEBUG o.s.c.i.s.PathMatchingResourcePatternResolver - Searching directory [/home/aluno/spring-projects/maven/spring-data-aerospike/target/classes/org/springframework/data/aerospike/utility] for files matching pattern [/home/aluno/spring-projects/maven/spring-data-aerospike/target/classes/org/springframework/data/**/repository/support/**/*.class]
16:37:45.880 [main] DEBUG o.s.c.i.s.PathMatchingResourcePatternResolver - Looking for matching resources in jar file [file:/home/aluno/.m2/repository/org/springframework/data/spring-data-commons/1.11.0.RELEASE/spring-data-commons-1.11.0.RELEASE.jar]
16:37:45.881 [main] DEBUG o.s.c.i.s.PathMatchingResourcePatternResolver - Looking for matching resources in jar file [file:/home/aluno/.m2/repository/org/springframework/data/spring-data-keyvalue/1.0.0.M1/spring-data-keyvalue-1.0.0.M1.jar]
16:37:45.881 [main] DEBUG o.s.c.i.s.PathMatchingResourcePatternResolver - Resolved location pattern [classpath*:org/springframework/data/**/repository/support/**/*.class] to resources [file [/home/aluno/spring-projects/maven/spring-data-aerospike/target/test-classes/org/springframework/data/aerospike/repository/support/SimpleAerospikeRepositoryTest$5.class], file [/home/aluno/spring-projects/maven/spring-data-aerospike/target/test-classes/org/springframework/data/aerospike/repository/support/SimpleAerospikeRepositoryTest$9.class], file [/home/aluno/spring-projects/maven/spring-data-aerospike/target/test-classes/org/springframework/data/aerospike/repository/support/SimpleAerospikeRepositoryTest$4.class], file [/home/aluno/spring-projects/maven/spring-data-aerospike/target/test-classes/org/springframework/data/aerospike/repository/support/AerospikeRepositoryFactoryTest.class], file [/home/aluno/spring-projects/maven/spring-data-aerospike/target/test-classes/org/springframework/data/aerospike/repository/support/SimpleAerospikeRepositoryTest.class], file [/home/aluno/spring-projects/maven/spring-data-aerospike/target/test-classes/org/springframework/data/aerospike/repository/support/SimpleAerospikeRepositoryTest$1.class], file [/home/aluno/spring-projects/maven/spring-data-aerospike/target/test-classes/org/springframework/data/aerospike/repository/support/SimpleAerospikeRepositoryTest$3.class], file [/home/aluno/spring-projects/maven/spring-data-aerospike/target/test-classes/org/springframework/data/aerospike/repository/support/SimpleAerospikeRepositoryTest$8.class], file [/home/aluno/spring-projects/maven/spring-data-aerospike/target/test-classes/org/springframework/data/aerospike/repository/support/SimpleAerospikeRepositoryTest$6.class], file [/home/aluno/spring-projects/maven/spring-data-aerospike/target/test-classes/org/springframework/data/aerospike/repository/support/SimpleAerospikeRepositoryTest$2.class], file [/home/aluno/spring-projects/maven/spring-data-aerospike/target/test-classes/org/springframework/data/aerospike/repository/support/AllTests.class], file [/home/aluno/spring-projects/maven/spring-data-aerospike/target/test-classes/org/springframework/data/aerospike/repository/support/SimpleAerospikeRepositoryTest$7.class], file [/home/aluno/spring-projects/maven/spring-data-aerospike/target/classes/org/springframework/data/aerospike/repository/support/AerospikeRepositoryFactoryBean.class], file [/home/aluno/spring-projects/maven/spring-data-aerospike/target/classes/org/springframework/data/aerospike/repository/support/AerospikeRepositoryFactory$AerospikeQueryLookupStrategy.class], file [/home/aluno/spring-projects/maven/spring-data-aerospike/target/classes/org/springframework/data/aerospike/repository/support/AerospikeRepositoryFactory.class], file [/home/aluno/spring-projects/maven/spring-data-aerospike/target/classes/org/springframework/data/aerospike/repository/support/SimpleAerospikeRepository.class], URL [jar:file:/home/aluno/.m2/repository/org/springframework/data/spring-data-commons/1.11.0.RELEASE/spring-data-commons-1.11.0.RELEASE.jar!/org/springframework/data/repository/support/DomainClassConverter$ConversionMatchAbbreviationException.class], URL [jar:file:/home/aluno/.m2/repository/org/springframework/data/spring-data-commons/1.11.0.RELEASE/spring-data-commons-1.11.0.RELEASE.jar!/org/springframework/data/repository/support/DomainClassConverter$ToIdConverter.class], URL [jar:file:/home/aluno/.m2/repository/org/springframework/data/spring-data-commons/1.11.0.RELEASE/spring-data-commons-1.11.0.RELEASE.jar!/org/springframework/data/repository/support/Repositories$EmptyRepositoryFactoryInformation.class], URL [jar:file:/home/aluno/.m2/repository/org/springframework/data/spring-data-commons/1.11.0.RELEASE/spring-data-commons-1.11.0.RELEASE.jar!/org/springframework/data/repository/support/PagingAndSortingRepositoryInvoker.class], URL [jar:file:/home/aluno/.m2/repository/org/springframework/data/spring-data-commons/1.11.0.RELEASE/spring-data-commons-1.11.0.RELEASE.jar!/org/springframework/data/repository/support/QueryMethodParameterConversionException.class], URL [jar:file:/home/aluno/.m2/repository/org/springframework/data/spring-data-commons/1.11.0.RELEASE/spring-data-commons-1.11.0.RELEASE.jar!/org/springframework/data/repository/support/MethodParameters.class], URL [jar:file:/home/aluno/.m2/repository/org/springframework/data/spring-data-commons/1.11.0.RELEASE/spring-data-commons-1.11.0.RELEASE.jar!/org/springframework/data/repository/support/RepositoryInvoker.class], URL [jar:file:/home/aluno/.m2/repository/org/springframework/data/spring-data-commons/1.11.0.RELEASE/spring-data-commons-1.11.0.RELEASE.jar!/org/springframework/data/repository/support/RepositoryInvokerFactory.class], URL [jar:file:/home/aluno/.m2/repository/org/springframework/data/spring-data-commons/1.11.0.RELEASE/spring-data-commons-1.11.0.RELEASE.jar!/org/springframework/data/repository/support/DomainClassPropertyEditorRegistrar.class], URL [jar:file:/home/aluno/.m2/repository/org/springframework/data/spring-data-commons/1.11.0.RELEASE/spring-data-commons-1.11.0.RELEASE.jar!/org/springframework/data/repository/support/AnnotationAttribute.class], URL [jar:file:/home/aluno/.m2/repository/org/springframework/data/spring-data-commons/1.11.0.RELEASE/spring-data-commons-1.11.0.RELEASE.jar!/org/springframework/data/repository/support/DefaultRepositoryInvokerFactory.class], URL [jar:file:/home/aluno/.m2/repository/org/springframework/data/spring-data-commons/1.11.0.RELEASE/spring-data-commons-1.11.0.RELEASE.jar!/org/springframework/data/repository/support/MethodParameters$AnnotationNamingMethodParameter.class], URL [jar:file:/home/aluno/.m2/repository/org/springframework/data/spring-data-commons/1.11.0.RELEASE/spring-data-commons-1.11.0.RELEASE.jar!/org/springframework/data/repository/support/CrudRepositoryInvoker.class], URL [jar:file:/home/aluno/.m2/repository/org/springframework/data/spring-data-commons/1.11.0.RELEASE/spring-data-commons-1.11.0.RELEASE.jar!/org/springframework/data/repository/support/Repositories.class], URL [jar:file:/home/aluno/.m2/repository/org/springframework/data/spring-data-commons/1.11.0.RELEASE/spring-data-commons-1.11.0.RELEASE.jar!/org/springframework/data/repository/support/DomainClassConverter$ToEntityConverter.class], URL [jar:file:/home/aluno/.m2/repository/org/springframework/data/spring-data-commons/1.11.0.RELEASE/spring-data-commons-1.11.0.RELEASE.jar!/org/springframework/data/repository/support/ReflectionRepositoryInvoker.class], URL [jar:file:/home/aluno/.m2/repository/org/springframework/data/spring-data-commons/1.11.0.RELEASE/spring-data-commons-1.11.0.RELEASE.jar!/org/springframework/data/repository/support/DomainClassPropertyEditor.class], URL [jar:file:/home/aluno/.m2/repository/org/springframework/data/spring-data-commons/1.11.0.RELEASE/spring-data-commons-1.11.0.RELEASE.jar!/org/springframework/data/repository/support/DomainClassConverter.class], URL [jar:file:/home/aluno/.m2/repository/org/springframework/data/spring-data-commons/1.11.0.RELEASE/spring-data-commons-1.11.0.RELEASE.jar!/org/springframework/data/repository/support/DomainClassConverter$1.class], URL [jar:file:/home/aluno/.m2/repository/org/springframework/data/spring-data-commons/1.11.0.RELEASE/spring-data-commons-1.11.0.RELEASE.jar!/org/springframework/data/repository/support/RepositoryInvocationInformation.class], URL [jar:file:/home/aluno/.m2/repository/org/springframework/data/spring-data-keyvalue/1.0.0.M1/spring-data-keyvalue-1.0.0.M1.jar!/org/springframework/data/keyvalue/repository/support/KeyValueRepositoryFactory$KeyValueQueryLookupStrategy.class], URL [jar:file:/home/aluno/.m2/repository/org/springframework/data/spring-data-keyvalue/1.0.0.M1/spring-data-keyvalue-1.0.0.M1.jar!/org/springframework/data/keyvalue/repository/support/QuerydslKeyValueRepository.class], URL [jar:file:/home/aluno/.m2/repository/org/springframework/data/spring-data-keyvalue/1.0.0.M1/spring-data-keyvalue-1.0.0.M1.jar!/org/springframework/data/keyvalue/repository/support/KeyValueRepositoryFactoryBean.class], URL [jar:file:/home/aluno/.m2/repository/org/springframework/data/spring-data-keyvalue/1.0.0.M1/spring-data-keyvalue-1.0.0.M1.jar!/org/springframework/data/keyvalue/repository/support/KeyValueQuerydslUtils$1.class], URL [jar:file:/home/aluno/.m2/repository/org/springframework/data/spring-data-keyvalue/1.0.0.M1/spring-data-keyvalue-1.0.0.M1.jar!/org/springframework/data/keyvalue/repository/support/KeyValueQuerydslUtils.class], URL [jar:file:/home/aluno/.m2/repository/org/springframework/data/spring-data-keyvalue/1.0.0.M1/spring-data-keyvalue-1.0.0.M1.jar!/org/springframework/data/keyvalue/repository/support/KeyValueRepositoryFactory.class], URL [jar:file:/home/aluno/.m2/repository/org/springframework/data/spring-data-keyvalue/1.0.0.M1/spring-data-keyvalue-1.0.0.M1.jar!/org/springframework/data/keyvalue/repository/support/SimpleKeyValueRepository.class]]
16:37:45.883 [main] DEBUG o.s.c.a.ClassPathScanningCandidateComponentProvider - Identified candidate component class: file [/home/aluno/spring-projects/maven/spring-data-aerospike/target/classes/org/springframework/data/aerospike/repository/support/AerospikeRepositoryFactory.class]
16:37:45.888 [main] DEBUG o.s.c.a.ClassPathScanningCandidateComponentProvider - Identified candidate component class: URL [jar:file:/home/aluno/.m2/repository/org/springframework/data/spring-data-keyvalue/1.0.0.M1/spring-data-keyvalue-1.0.0.M1.jar!/org/springframework/data/keyvalue/repository/support/KeyValueRepositoryFactory.class]
16:37:45.888 [main] DEBUG o.s.d.r.c.RepositoryConfigurationDelegate - Multiple Spring Data modules found, entering strict repository configuration mode!
16:37:45.888 [main] DEBUG o.s.core.env.StandardEnvironment - Adding [systemProperties] PropertySource with lowest search precedence
16:37:45.888 [main] DEBUG o.s.core.env.StandardEnvironment - Adding [systemEnvironment] PropertySource with lowest search precedence
16:37:45.888 [main] DEBUG o.s.core.env.StandardEnvironment - Initialized StandardEnvironment with PropertySources [systemProperties,systemEnvironment]
16:37:45.889 [main] DEBUG o.s.c.i.s.PathMatchingResourcePatternResolver - Looking for matching resources in directory tree [/home/aluno/spring-projects/maven/spring-data-aerospike/target/test-classes/org/springframework/data/aerospike/repository]
16:37:45.889 [main] DEBUG o.s.c.i.s.PathMatchingResourcePatternResolver - Searching directory [/home/aluno/spring-projects/maven/spring-data-aerospike/target/test-classes/org/springframework/data/aerospike/repository] for files matching pattern [/home/aluno/spring-projects/maven/spring-data-aerospike/target/test-classes/org/springframework/data/aerospike/repository/**/*.class]
16:37:45.889 [main] DEBUG o.s.c.i.s.PathMatchingResourcePatternResolver - Searching directory [/home/aluno/spring-projects/maven/spring-data-aerospike/target/test-classes/org/springframework/data/aerospike/repository/support] for files matching pattern [/home/aluno/spring-projects/maven/spring-data-aerospike/target/test-classes/org/springframework/data/aerospike/repository/**/*.class]
16:37:45.889 [main] DEBUG o.s.c.i.s.PathMatchingResourcePatternResolver - Searching directory [/home/aluno/spring-projects/maven/spring-data-aerospike/target/test-classes/org/springframework/data/aerospike/repository/query] for files matching pattern [/home/aluno/spring-projects/maven/spring-data-aerospike/target/test-classes/org/springframework/data/aerospike/repository/**/*.class]
16:37:45.889 [main] DEBUG o.s.c.i.s.PathMatchingResourcePatternResolver - Looking for matching resources in directory tree [/home/aluno/spring-projects/maven/spring-data-aerospike/target/classes/org/springframework/data/aerospike/repository]
16:37:45.889 [main] DEBUG o.s.c.i.s.PathMatchingResourcePatternResolver - Searching directory [/home/aluno/spring-projects/maven/spring-data-aerospike/target/classes/org/springframework/data/aerospike/repository] for files matching pattern [/home/aluno/spring-projects/maven/spring-data-aerospike/target/classes/org/springframework/data/aerospike/repository/**/*.class]
16:37:45.889 [main] DEBUG o.s.c.i.s.PathMatchingResourcePatternResolver - Searching directory [/home/aluno/spring-projects/maven/spring-data-aerospike/target/classes/org/springframework/data/aerospike/repository/support] for files matching pattern [/home/aluno/spring-projects/maven/spring-data-aerospike/target/classes/org/springframework/data/aerospike/repository/**/*.class]
16:37:45.889 [main] DEBUG o.s.c.i.s.PathMatchingResourcePatternResolver - Searching directory [/home/aluno/spring-projects/maven/spring-data-aerospike/target/classes/org/springframework/data/aerospike/repository/config] for files matching pattern [/home/aluno/spring-projects/maven/spring-data-aerospike/target/classes/org/springframework/data/aerospike/repository/**/*.class]
16:37:45.889 [main] DEBUG o.s.c.i.s.PathMatchingResourcePatternResolver - Searching directory [/home/aluno/spring-projects/maven/spring-data-aerospike/target/classes/org/springframework/data/aerospike/repository/query] for files matching pattern [/home/aluno/spring-projects/maven/spring-data-aerospike/target/classes/org/springframework/data/aerospike/repository/**/*.class]
16:37:45.890 [main] DEBUG o.s.c.i.s.PathMatchingResourcePatternResolver - Resolved location pattern [classpath*:org/springframework/data/aerospike/repository/**/*.class] to resources [file [/home/aluno/spring-projects/maven/spring-data-aerospike/target/test-classes/org/springframework/data/aerospike/repository/Credentials.class], file [/home/aluno/spring-projects/maven/spring-data-aerospike/target/test-classes/org/springframework/data/aerospike/repository/AbstractPersonRepositoryIntegrationTests$1.class], file [/home/aluno/spring-projects/maven/spring-data-aerospike/target/test-classes/org/springframework/data/aerospike/repository/PersonRepository.class], file [/home/aluno/spring-projects/maven/spring-data-aerospike/target/test-classes/org/springframework/data/aerospike/repository/TestConfigPerson.class], file [/home/aluno/spring-projects/maven/spring-data-aerospike/target/test-classes/org/springframework/data/aerospike/repository/Address.class], file [/home/aluno/spring-projects/maven/spring-data-aerospike/target/test-classes/org/springframework/data/aerospike/repository/Person$Sex.class], file [/home/aluno/spring-projects/maven/spring-data-aerospike/target/test-classes/org/springframework/data/aerospike/repository/Person.class], file [/home/aluno/spring-projects/maven/spring-data-aerospike/target/test-classes/org/springframework/data/aerospike/repository/ContactRepository.class], file [/home/aluno/spring-projects/maven/spring-data-aerospike/target/test-classes/org/springframework/data/aerospike/repository/AbstractPersonRepositoryIntegrationTests.class], file [/home/aluno/spring-projects/maven/spring-data-aerospike/target/test-classes/org/springframework/data/aerospike/repository/User.class], file [/home/aluno/spring-projects/maven/spring-data-aerospike/target/test-classes/org/springframework/data/aerospike/repository/CustomerRepositoriesIntegrationTests$Config.class], file [/home/aluno/spring-projects/maven/spring-data-aerospike/target/test-classes/org/springframework/data/aerospike/repository/AnnotatedPerson.class], file [/home/aluno/spring-projects/maven/spring-data-aerospike/target/test-classes/org/springframework/data/aerospike/repository/support/SimpleAerospikeRepositoryTest$5.class], file [/home/aluno/spring-projects/maven/spring-data-aerospike/target/test-classes/org/springframework/data/aerospike/repository/support/SimpleAerospikeRepositoryTest$9.class], file [/home/aluno/spring-projects/maven/spring-data-aerospike/target/test-classes/org/springframework/data/aerospike/repository/support/SimpleAerospikeRepositoryTest$4.class], file [/home/aluno/spring-projects/maven/spring-data-aerospike/target/test-classes/org/springframework/data/aerospike/repository/support/AerospikeRepositoryFactoryTest.class], file [/home/aluno/spring-projects/maven/spring-data-aerospike/target/test-classes/org/springframework/data/aerospike/repository/support/SimpleAerospikeRepositoryTest.class], file [/home/aluno/spring-projects/maven/spring-data-aerospike/target/test-classes/org/springframework/data/aerospike/repository/support/SimpleAerospikeRepositoryTest$1.class], file [/home/aluno/spring-projects/maven/spring-data-aerospike/target/test-classes/org/springframework/data/aerospike/repository/support/SimpleAerospikeRepositoryTest$3.class], file [/home/aluno/spring-projects/maven/spring-data-aerospike/target/test-classes/org/springframework/data/aerospike/repository/support/SimpleAerospikeRepositoryTest$8.class], file [/home/aluno/spring-projects/maven/spring-data-aerospike/target/test-classes/org/springframework/data/aerospike/repository/support/SimpleAerospikeRepositoryTest$6.class], file [/home/aluno/spring-projects/maven/spring-data-aerospike/target/test-classes/org/springframework/data/aerospike/repository/support/SimpleAerospikeRepositoryTest$2.class], file [/home/aluno/spring-projects/maven/spring-data-aerospike/target/test-classes/org/springframework/data/aerospike/repository/support/AllTests.class], file [/home/aluno/spring-projects/maven/spring-data-aerospike/target/test-classes/org/springframework/data/aerospike/repository/support/SimpleAerospikeRepositoryTest$7.class], file [/home/aluno/spring-projects/maven/spring-data-aerospike/target/test-classes/org/springframework/data/aerospike/repository/Contact.class], file [/home/aluno/spring-projects/maven/spring-data-aerospike/target/test-classes/org/springframework/data/aerospike/repository/AllTests.class], file [/home/aluno/spring-projects/maven/spring-data-aerospike/target/test-classes/org/springframework/data/aerospike/repository/PersonRepositoryIntegrationTests.class], file [/home/aluno/spring-projects/maven/spring-data-aerospike/target/test-classes/org/springframework/data/aerospike/repository/query/StubParameterAccessor.class], file [/home/aluno/spring-projects/maven/spring-data-aerospike/target/test-classes/org/springframework/data/aerospike/repository/query/AllTests.class], file [/home/aluno/spring-projects/maven/spring-data-aerospike/target/test-classes/org/springframework/data/aerospike/repository/query/AerospikePartTreeQueryTest.class], file [/home/aluno/spring-projects/maven/spring-data-aerospike/target/test-classes/org/springframework/data/aerospike/repository/CustomerRepositoriesIntegrationTests.class], file [/home/aluno/spring-projects/maven/spring-data-aerospike/target/classes/org/springframework/data/aerospike/repository/AerospikeRepository.class], file [/home/aluno/spring-projects/maven/spring-data-aerospike/target/classes/org/springframework/data/aerospike/repository/support/AerospikeRepositoryFactoryBean.class], file [/home/aluno/spring-projects/maven/spring-data-aerospike/target/classes/org/springframework/data/aerospike/repository/support/AerospikeRepositoryFactory$AerospikeQueryLookupStrategy.class], file [/home/aluno/spring-projects/maven/spring-data-aerospike/target/classes/org/springframework/data/aerospike/repository/support/AerospikeRepositoryFactory.class], file [/home/aluno/spring-projects/maven/spring-data-aerospike/target/classes/org/springframework/data/aerospike/repository/support/SimpleAerospikeRepository.class], file [/home/aluno/spring-projects/maven/spring-data-aerospike/target/classes/org/springframework/data/aerospike/repository/config/AerospikeRepositoriesRegistrar.class], file [/home/aluno/spring-projects/maven/spring-data-aerospike/target/classes/org/springframework/data/aerospike/repository/config/EnableAerospikeRepositories.class], file [/home/aluno/spring-projects/maven/spring-data-aerospike/target/classes/org/springframework/data/aerospike/repository/config/AerospikeRepositoriesRegistrar$1.class], file [/home/aluno/spring-projects/maven/spring-data-aerospike/target/classes/org/springframework/data/aerospike/repository/config/AerospikeRepositoriesRegistrar$AerospikeRepositoryConfigurationExtension.class], file [/home/aluno/spring-projects/maven/spring-data-aerospike/target/classes/org/springframework/data/aerospike/repository/query/AerospikeParameterAccessor.class], file [/home/aluno/spring-projects/maven/spring-data-aerospike/target/classes/org/springframework/data/aerospike/repository/query/Query.class], file [/home/aluno/spring-projects/maven/spring-data-aerospike/target/classes/org/springframework/data/aerospike/repository/query/ConvertingParameterAccessor.class], file [/home/aluno/spring-projects/maven/spring-data-aerospike/target/classes/org/springframework/data/aerospike/repository/query/AerospikeQueryCreator$1.class], file [/home/aluno/spring-projects/maven/spring-data-aerospike/target/classes/org/springframework/data/aerospike/repository/query/CriteriaDefinition.class], file [/home/aluno/spring-projects/maven/spring-data-aerospike/target/classes/org/springframework/data/aerospike/repository/query/TextCriteria.class], file [/home/aluno/spring-projects/maven/spring-data-aerospike/target/classes/org/springframework/data/aerospike/repository/query/Criteria.class], file [/home/aluno/spring-projects/maven/spring-data-aerospike/target/classes/org/springframework/data/aerospike/repository/query/AerospikePartTreeQuery.class], file [/home/aluno/spring-projects/maven/spring-data-aerospike/target/classes/org/springframework/data/aerospike/repository/query/AerospikeQueryCreator.class]]
16:37:45.890 [main] DEBUG o.s.d.r.c.RepositoryComponentProvider - Identified candidate component class: file [/home/aluno/spring-projects/maven/spring-data-aerospike/target/test-classes/org/springframework/data/aerospike/repository/PersonRepository.class]
16:37:45.891 [main] DEBUG o.s.d.r.c.RepositoryComponentProvider - Identified candidate component class: file [/home/aluno/spring-projects/maven/spring-data-aerospike/target/test-classes/org/springframework/data/aerospike/repository/ContactRepository.class]
16:37:45.896 [main] DEBUG o.s.core.env.StandardEnvironment - Adding [systemProperties] PropertySource with lowest search precedence
16:37:45.896 [main] DEBUG o.s.core.env.StandardEnvironment - Adding [systemEnvironment] PropertySource with lowest search precedence
16:37:45.896 [main] DEBUG o.s.core.env.StandardEnvironment - Initialized StandardEnvironment with PropertySources [systemProperties,systemEnvironment]
16:37:45.897 [main] DEBUG o.s.c.i.s.PathMatchingResourcePatternResolver - Looking for matching resources in directory tree [/home/aluno/spring-projects/maven/spring-data-aerospike/target/test-classes/org/springframework/data/aerospike/repository]
16:37:45.897 [main] DEBUG o.s.c.i.s.PathMatchingResourcePatternResolver - Searching directory [/home/aluno/spring-projects/maven/spring-data-aerospike/target/test-classes/org/springframework/data/aerospike/repository] for files matching pattern [/home/aluno/spring-projects/maven/spring-data-aerospike/target/test-classes/org/springframework/data/aerospike/repository/**/*PersonRepositoryImpl.class]
16:37:45.897 [main] DEBUG o.s.c.i.s.PathMatchingResourcePatternResolver - Searching directory [/home/aluno/spring-projects/maven/spring-data-aerospike/target/test-classes/org/springframework/data/aerospike/repository/support] for files matching pattern [/home/aluno/spring-projects/maven/spring-data-aerospike/target/test-classes/org/springframework/data/aerospike/repository/**/*PersonRepositoryImpl.class]
16:37:45.900 [main] DEBUG o.s.c.i.s.PathMatchingResourcePatternResolver - Searching directory [/home/aluno/spring-projects/maven/spring-data-aerospike/target/test-classes/org/springframework/data/aerospike/repository/query] for files matching pattern [/home/aluno/spring-projects/maven/spring-data-aerospike/target/test-classes/org/springframework/data/aerospike/repository/**/*PersonRepositoryImpl.class]
16:37:45.900 [main] DEBUG o.s.c.i.s.PathMatchingResourcePatternResolver - Looking for matching resources in directory tree [/home/aluno/spring-projects/maven/spring-data-aerospike/target/classes/org/springframework/data/aerospike/repository]
16:37:45.900 [main] DEBUG o.s.c.i.s.PathMatchingResourcePatternResolver - Searching directory [/home/aluno/spring-projects/maven/spring-data-aerospike/target/classes/org/springframework/data/aerospike/repository] for files matching pattern [/home/aluno/spring-projects/maven/spring-data-aerospike/target/classes/org/springframework/data/aerospike/repository/**/*PersonRepositoryImpl.class]
16:37:45.900 [main] DEBUG o.s.c.i.s.PathMatchingResourcePatternResolver - Searching directory [/home/aluno/spring-projects/maven/spring-data-aerospike/target/classes/org/springframework/data/aerospike/repository/support] for files matching pattern [/home/aluno/spring-projects/maven/spring-data-aerospike/target/classes/org/springframework/data/aerospike/repository/**/*PersonRepositoryImpl.class]
16:37:45.900 [main] DEBUG o.s.c.i.s.PathMatchingResourcePatternResolver - Searching directory [/home/aluno/spring-projects/maven/spring-data-aerospike/target/classes/org/springframework/data/aerospike/repository/config] for files matching pattern [/home/aluno/spring-projects/maven/spring-data-aerospike/target/classes/org/springframework/data/aerospike/repository/**/*PersonRepositoryImpl.class]
16:37:45.900 [main] DEBUG o.s.c.i.s.PathMatchingResourcePatternResolver - Searching directory [/home/aluno/spring-projects/maven/spring-data-aerospike/target/classes/org/springframework/data/aerospike/repository/query] for files matching pattern [/home/aluno/spring-projects/maven/spring-data-aerospike/target/classes/org/springframework/data/aerospike/repository/**/*PersonRepositoryImpl.class]
16:37:45.900 [main] DEBUG o.s.c.i.s.PathMatchingResourcePatternResolver - Resolved location pattern [classpath*:org/springframework/data/aerospike/repository/**/*PersonRepositoryImpl.class] to resources []
16:37:45.900 [main] DEBUG o.s.d.r.c.RepositoryConfigurationDelegate - Spring Data Aerospike - Registering repository: personRepository - Interface: org.springframework.data.aerospike.repository.PersonRepository - Factory: org.springframework.data.keyvalue.repository.support.KeyValueRepositoryFactoryBean
16:37:45.900 [main] DEBUG o.s.core.env.StandardEnvironment - Adding [systemProperties] PropertySource with lowest search precedence
16:37:45.900 [main] DEBUG o.s.core.env.StandardEnvironment - Adding [systemEnvironment] PropertySource with lowest search precedence
16:37:45.901 [main] DEBUG o.s.core.env.StandardEnvironment - Initialized StandardEnvironment with PropertySources [systemProperties,systemEnvironment]
16:37:45.901 [main] DEBUG o.s.c.i.s.PathMatchingResourcePatternResolver - Looking for matching resources in directory tree [/home/aluno/spring-projects/maven/spring-data-aerospike/target/test-classes/org/springframework/data/aerospike/repository]
16:37:45.901 [main] DEBUG o.s.c.i.s.PathMatchingResourcePatternResolver - Searching directory [/home/aluno/spring-projects/maven/spring-data-aerospike/target/test-classes/org/springframework/data/aerospike/repository] for files matching pattern [/home/aluno/spring-projects/maven/spring-data-aerospike/target/test-classes/org/springframework/data/aerospike/repository/**/*ContactRepositoryImpl.class]
16:37:45.901 [main] DEBUG o.s.c.i.s.PathMatchingResourcePatternResolver - Searching directory [/home/aluno/spring-projects/maven/spring-data-aerospike/target/test-classes/org/springframework/data/aerospike/repository/support] for files matching pattern [/home/aluno/spring-projects/maven/spring-data-aerospike/target/test-classes/org/springframework/data/aerospike/repository/**/*ContactRepositoryImpl.class]
16:37:45.901 [main] DEBUG o.s.c.i.s.PathMatchingResourcePatternResolver - Searching directory [/home/aluno/spring-projects/maven/spring-data-aerospike/target/test-classes/org/springframework/data/aerospike/repository/query] for files matching pattern [/home/aluno/spring-projects/maven/spring-data-aerospike/target/test-classes/org/springframework/data/aerospike/repository/**/*ContactRepositoryImpl.class]
16:37:45.901 [main] DEBUG o.s.c.i.s.PathMatchingResourcePatternResolver - Looking for matching resources in directory tree [/home/aluno/spring-projects/maven/spring-data-aerospike/target/classes/org/springframework/data/aerospike/repository]
16:37:45.901 [main] DEBUG o.s.c.i.s.PathMatchingResourcePatternResolver - Searching directory [/home/aluno/spring-projects/maven/spring-data-aerospike/target/classes/org/springframework/data/aerospike/repository] for files matching pattern [/home/aluno/spring-projects/maven/spring-data-aerospike/target/classes/org/springframework/data/aerospike/repository/**/*ContactRepositoryImpl.class]
16:37:45.901 [main] DEBUG o.s.c.i.s.PathMatchingResourcePatternResolver - Searching directory [/home/aluno/spring-projects/maven/spring-data-aerospike/target/classes/org/springframework/data/aerospike/repository/support] for files matching pattern [/home/aluno/spring-projects/maven/spring-data-aerospike/target/classes/org/springframework/data/aerospike/repository/**/*ContactRepositoryImpl.class]
16:37:45.901 [main] DEBUG o.s.c.i.s.PathMatchingResourcePatternResolver - Searching directory [/home/aluno/spring-projects/maven/spring-data-aerospike/target/classes/org/springframework/data/aerospike/repository/config] for files matching pattern [/home/aluno/spring-projects/maven/spring-data-aerospike/target/classes/org/springframework/data/aerospike/repository/**/*ContactRepositoryImpl.class]
16:37:45.901 [main] DEBUG o.s.c.i.s.PathMatchingResourcePatternResolver - Searching directory [/home/aluno/spring-projects/maven/spring-data-aerospike/target/classes/org/springframework/data/aerospike/repository/query] for files matching pattern [/home/aluno/spring-projects/maven/spring-data-aerospike/target/classes/org/springframework/data/aerospike/repository/**/*ContactRepositoryImpl.class]
16:37:45.901 [main] DEBUG o.s.c.i.s.PathMatchingResourcePatternResolver - Resolved location pattern [classpath*:org/springframework/data/aerospike/repository/**/*ContactRepositoryImpl.class] to resources []
16:37:45.901 [main] DEBUG o.s.d.r.c.RepositoryConfigurationDelegate - Spring Data Aerospike - Registering repository: contactRepository - Interface: org.springframework.data.aerospike.repository.ContactRepository - Factory: org.springframework.data.keyvalue.repository.support.KeyValueRepositoryFactoryBean
16:37:45.902 [main] DEBUG o.s.c.a.ConfigurationClassEnhancer - Successfully enhanced org.springframework.data.aerospike.repository.TestConfigPerson; enhanced class name is: org.springframework.data.aerospike.repository.TestConfigPerson$$EnhancerBySpringCGLIB$$3f27a8da
16:37:45.902 [main] DEBUG o.s.c.a.ConfigurationClassPostProcessor - Replacing bean definition 'testConfigPerson' existing class name 'org.springframework.data.aerospike.repository.TestConfigPerson' with enhanced class name 'org.springframework.data.aerospike.repository.TestConfigPerson$$EnhancerBySpringCGLIB$$3f27a8da'
16:37:45.902 [main] DEBUG o.s.b.f.s.DefaultListableBeanFactory - Creating shared instance of singleton bean 'org.springframework.context.annotation.internalAutowiredAnnotationProcessor'
16:37:45.902 [main] DEBUG o.s.b.f.s.DefaultListableBeanFactory - Creating instance of bean 'org.springframework.context.annotation.internalAutowiredAnnotationProcessor'
16:37:45.902 [main] DEBUG o.s.b.f.s.DefaultListableBeanFactory - Eagerly caching bean 'org.springframework.context.annotation.internalAutowiredAnnotationProcessor' to allow for resolving potential circular references
16:37:45.902 [main] DEBUG o.s.b.f.s.DefaultListableBeanFactory - Finished creating instance of bean 'org.springframework.context.annotation.internalAutowiredAnnotationProcessor'
16:37:45.902 [main] DEBUG o.s.b.f.s.DefaultListableBeanFactory - Creating shared instance of singleton bean 'org.springframework.context.annotation.internalRequiredAnnotationProcessor'
16:37:45.903 [main] DEBUG o.s.b.f.s.DefaultListableBeanFactory - Creating instance of bean 'org.springframework.context.annotation.internalRequiredAnnotationProcessor'
16:37:45.903 [main] DEBUG o.s.b.f.s.DefaultListableBeanFactory - Eagerly caching bean 'org.springframework.context.annotation.internalRequiredAnnotationProcessor' to allow for resolving potential circular references
16:37:45.903 [main] DEBUG o.s.b.f.s.DefaultListableBeanFactory - Finished creating instance of bean 'org.springframework.context.annotation.internalRequiredAnnotationProcessor'
16:37:45.903 [main] DEBUG o.s.b.f.s.DefaultListableBeanFactory - Creating shared instance of singleton bean 'org.springframework.context.annotation.internalCommonAnnotationProcessor'
16:37:45.903 [main] DEBUG o.s.b.f.s.DefaultListableBeanFactory - Creating instance of bean 'org.springframework.context.annotation.internalCommonAnnotationProcessor'
16:37:45.903 [main] DEBUG o.s.b.f.s.DefaultListableBeanFactory - Eagerly caching bean 'org.springframework.context.annotation.internalCommonAnnotationProcessor' to allow for resolving potential circular references
16:37:45.903 [main] DEBUG o.s.b.f.s.DefaultListableBeanFactory - Finished creating instance of bean 'org.springframework.context.annotation.internalCommonAnnotationProcessor'
16:37:45.903 [main] DEBUG o.s.b.f.s.DefaultListableBeanFactory - Creating shared instance of singleton bean 'org.springframework.context.annotation.ConfigurationClassPostProcessor.importAwareProcessor'
16:37:45.903 [main] DEBUG o.s.b.f.s.DefaultListableBeanFactory - Creating instance of bean 'org.springframework.context.annotation.ConfigurationClassPostProcessor.importAwareProcessor'
16:37:45.903 [main] DEBUG o.s.b.f.s.DefaultListableBeanFactory - Eagerly caching bean 'org.springframework.context.annotation.ConfigurationClassPostProcessor.importAwareProcessor' to allow for resolving potential circular references
16:37:45.903 [main] DEBUG o.s.b.f.s.DefaultListableBeanFactory - Finished creating instance of bean 'org.springframework.context.annotation.ConfigurationClassPostProcessor.importAwareProcessor'
16:37:45.903 [main] DEBUG o.s.b.f.s.DefaultListableBeanFactory - Creating shared instance of singleton bean 'org.springframework.context.annotation.ConfigurationClassPostProcessor.enhancedConfigurationProcessor'
16:37:45.903 [main] DEBUG o.s.b.f.s.DefaultListableBeanFactory - Creating instance of bean 'org.springframework.context.annotation.ConfigurationClassPostProcessor.enhancedConfigurationProcessor'
16:37:45.903 [main] DEBUG o.s.b.f.s.DefaultListableBeanFactory - Eagerly caching bean 'org.springframework.context.annotation.ConfigurationClassPostProcessor.enhancedConfigurationProcessor' to allow for resolving potential circular references
16:37:45.903 [main] DEBUG o.s.b.f.s.DefaultListableBeanFactory - Finished creating instance of bean 'org.springframework.context.annotation.ConfigurationClassPostProcessor.enhancedConfigurationProcessor'
16:37:45.903 [main] DEBUG o.s.b.f.s.DefaultListableBeanFactory - Creating shared instance of singleton bean 'org.springframework.data.repository.core.support.RepositoryInterfaceAwareBeanPostProcessor'
16:37:45.903 [main] DEBUG o.s.b.f.s.DefaultListableBeanFactory - Creating instance of bean 'org.springframework.data.repository.core.support.RepositoryInterfaceAwareBeanPostProcessor'
16:37:45.903 [main] DEBUG o.s.b.f.s.DefaultListableBeanFactory - Eagerly caching bean 'org.springframework.data.repository.core.support.RepositoryInterfaceAwareBeanPostProcessor' to allow for resolving potential circular references
16:37:45.903 [main] DEBUG o.s.b.f.s.DefaultListableBeanFactory - Finished creating instance of bean 'org.springframework.data.repository.core.support.RepositoryInterfaceAwareBeanPostProcessor'
16:37:45.903 [main] DEBUG o.s.c.s.GenericApplicationContext - Unable to locate MessageSource with name 'messageSource': using default [org.springframework.context.support.DelegatingMessageSource@3050ac2f]
16:37:45.903 [main] DEBUG o.s.c.s.GenericApplicationContext - Unable to locate ApplicationEventMulticaster with name 'applicationEventMulticaster': using default [org.springframework.context.event.SimpleApplicationEventMulticaster@265bd546]
16:37:45.903 [main] DEBUG o.s.b.f.s.DefaultListableBeanFactory - Pre-instantiating singletons in org.springframework.beans.factory.support.DefaultListableBeanFactory@250a500b: defining beans [org.springframework.context.annotation.internalConfigurationAnnotationProcessor,org.springframework.context.annotation.internalAutowiredAnnotationProcessor,org.springframework.context.annotation.internalRequiredAnnotationProcessor,org.springframework.context.annotation.internalCommonAnnotationProcessor,testConfigPerson,org.springframework.context.annotation.ConfigurationClassPostProcessor.importAwareProcessor,org.springframework.context.annotation.ConfigurationClassPostProcessor.enhancedConfigurationProcessor,aerospikeTemplate,aerospikeClient,org.springframework.data.aerospike.repository.config.AerospikeRepositoriesRegistrar$AerospikeRepositoryConfigurationExtension#0,org.springframework.data.repository.core.support.RepositoryInterfaceAwareBeanPostProcessor,keyValueMappingContext,personRepository,contactRepository]; root of factory hierarchy
16:37:45.903 [main] DEBUG o.s.b.f.s.DefaultListableBeanFactory - Returning cached instance of singleton bean 'org.springframework.context.annotation.internalConfigurationAnnotationProcessor'
16:37:45.903 [main] DEBUG o.s.b.f.s.DefaultListableBeanFactory - Returning cached instance of singleton bean 'org.springframework.context.annotation.internalAutowiredAnnotationProcessor'
16:37:45.903 [main] DEBUG o.s.b.f.s.DefaultListableBeanFactory - Returning cached instance of singleton bean 'org.springframework.context.annotation.internalRequiredAnnotationProcessor'
16:37:45.903 [main] DEBUG o.s.b.f.s.DefaultListableBeanFactory - Returning cached instance of singleton bean 'org.springframework.context.annotation.internalCommonAnnotationProcessor'
16:37:45.903 [main] DEBUG o.s.b.f.s.DefaultListableBeanFactory - Creating shared instance of singleton bean 'testConfigPerson'
16:37:45.903 [main] DEBUG o.s.b.f.s.DefaultListableBeanFactory - Creating instance of bean 'testConfigPerson'
16:37:45.903 [main] DEBUG o.s.b.f.s.DefaultListableBeanFactory - Eagerly caching bean 'testConfigPerson' to allow for resolving potential circular references
16:37:45.903 [main] DEBUG o.s.b.f.s.DefaultListableBeanFactory - Finished creating instance of bean 'testConfigPerson'
16:37:45.903 [main] DEBUG o.s.b.f.s.DefaultListableBeanFactory - Returning cached instance of singleton bean 'org.springframework.context.annotation.ConfigurationClassPostProcessor.importAwareProcessor'
16:37:45.903 [main] DEBUG o.s.b.f.s.DefaultListableBeanFactory - Returning cached instance of singleton bean 'org.springframework.context.annotation.ConfigurationClassPostProcessor.enhancedConfigurationProcessor'
16:37:45.903 [main] DEBUG o.s.b.f.s.DefaultListableBeanFactory - Creating shared instance of singleton bean 'aerospikeTemplate'
16:37:45.903 [main] DEBUG o.s.b.f.s.DefaultListableBeanFactory - Creating instance of bean 'aerospikeTemplate'
16:37:45.903 [main] DEBUG o.s.b.f.s.DefaultListableBeanFactory - Returning cached instance of singleton bean 'testConfigPerson'
16:37:45.903 [main] DEBUG o.s.b.f.s.DefaultListableBeanFactory - Creating shared instance of singleton bean 'aerospikeClient'
16:37:45.903 [main] DEBUG o.s.b.f.s.DefaultListableBeanFactory - Creating instance of bean 'aerospikeClient'
16:37:45.903 [main] DEBUG o.s.b.f.s.DefaultListableBeanFactory - Returning cached instance of singleton bean 'testConfigPerson'
16:37:46.227 [main] INFO  o.s.d.a.r.q.AerospikeQueryCreator - AS:Add node BB98511CE0DC702 52.41.32.83:3000
16:37:46.387 [main] DEBUG o.s.d.a.r.q.AerospikeQueryCreator - AS:Node BB98511CE0DC702 52.41.32.83:3000 partition generation 1 changed.
16:37:46.712 [main] DEBUG o.s.d.a.r.q.AerospikeQueryCreator - AS:Add seed 52.41.32.83:3000
16:37:46.712 [main] DEBUG o.s.b.f.s.DefaultListableBeanFactory - Eagerly caching bean 'aerospikeClient' to allow for resolving potential circular references
16:37:46.713 [main] DEBUG o.s.b.f.s.DefaultListableBeanFactory - Finished creating instance of bean 'aerospikeClient'
16:37:49.718 [main] WARN  o.s.c.s.GenericApplicationContext - Exception encountered during context initialization - cancelling refresh attempt
org.springframework.beans.factory.BeanCreationException: Error creating bean with name 'aerospikeTemplate' defined in org.springframework.data.aerospike.repository.TestConfigPerson: Bean instantiation via factory method failed; nested exception is org.springframework.beans.BeanInstantiationException: Failed to instantiate [org.springframework.data.aerospike.core.AerospikeTemplate]: Factory method 'aerospikeTemplate' threw exception; nested exception is com.aerospike.helper.query.ClusterRefreshError: Cannot find UDF modules
	at org.springframework.beans.factory.support.ConstructorResolver.instantiateUsingFactoryMethod(ConstructorResolver.java:599) ~[spring-beans-4.1.7.RELEASE.jar:4.1.7.RELEASE]
	at org.springframework.beans.factory.support.AbstractAutowireCapableBeanFactory.instantiateUsingFactoryMethod(AbstractAutowireCapableBeanFactory.java:1119) ~[spring-beans-4.1.7.RELEASE.jar:4.1.7.RELEASE]
	at org.springframework.beans.factory.support.AbstractAutowireCapableBeanFactory.createBeanInstance(AbstractAutowireCapableBeanFactory.java:1014) ~[spring-beans-4.1.7.RELEASE.jar:4.1.7.RELEASE]
	at org.springframework.beans.factory.support.AbstractAutowireCapableBeanFactory.doCreateBean(AbstractAutowireCapableBeanFactory.java:504) ~[spring-beans-4.1.7.RELEASE.jar:4.1.7.RELEASE]
	at org.springframework.beans.factory.support.AbstractAutowireCapableBeanFactory.createBean(AbstractAutowireCapableBeanFactory.java:476) ~[spring-beans-4.1.7.RELEASE.jar:4.1.7.RELEASE]
	at org.springframework.beans.factory.support.AbstractBeanFactory$1.getObject(AbstractBeanFactory.java:303) ~[spring-beans-4.1.7.RELEASE.jar:4.1.7.RELEASE]
	at org.springframework.beans.factory.support.DefaultSingletonBeanRegistry.getSingleton(DefaultSingletonBeanRegistry.java:230) ~[spring-beans-4.1.7.RELEASE.jar:4.1.7.RELEASE]
	at org.springframework.beans.factory.support.AbstractBeanFactory.doGetBean(AbstractBeanFactory.java:299) ~[spring-beans-4.1.7.RELEASE.jar:4.1.7.RELEASE]
	at org.springframework.beans.factory.support.AbstractBeanFactory.getBean(AbstractBeanFactory.java:194) ~[spring-beans-4.1.7.RELEASE.jar:4.1.7.RELEASE]
	at org.springframework.beans.factory.support.DefaultListableBeanFactory.preInstantiateSingletons(DefaultListableBeanFactory.java:755) ~[spring-beans-4.1.7.RELEASE.jar:4.1.7.RELEASE]
	at org.springframework.context.support.AbstractApplicationContext.finishBeanFactoryInitialization(AbstractApplicationContext.java:757) ~[spring-context-4.1.7.RELEASE.jar:4.1.7.RELEASE]
	at org.springframework.context.support.AbstractApplicationContext.refresh(AbstractApplicationContext.java:480) ~[spring-context-4.1.7.RELEASE.jar:4.1.7.RELEASE]
	at org.springframework.test.context.support.AbstractGenericContextLoader.loadContext(AbstractGenericContextLoader.java:125) [spring-test-4.1.7.RELEASE.jar:4.1.7.RELEASE]
	at org.springframework.test.context.support.AbstractGenericContextLoader.loadContext(AbstractGenericContextLoader.java:60) [spring-test-4.1.7.RELEASE.jar:4.1.7.RELEASE]
	at org.springframework.test.context.support.AbstractDelegatingSmartContextLoader.delegateLoading(AbstractDelegatingSmartContextLoader.java:109) [spring-test-4.1.7.RELEASE.jar:4.1.7.RELEASE]
	at org.springframework.test.context.support.AbstractDelegatingSmartContextLoader.loadContext(AbstractDelegatingSmartContextLoader.java:261) [spring-test-4.1.7.RELEASE.jar:4.1.7.RELEASE]
	at org.springframework.test.context.DefaultCacheAwareContextLoaderDelegate.loadContextInternal(DefaultCacheAwareContextLoaderDelegate.java:68) [spring-test-4.1.7.RELEASE.jar:4.1.7.RELEASE]
	at org.springframework.test.context.DefaultCacheAwareContextLoaderDelegate.loadContext(DefaultCacheAwareContextLoaderDelegate.java:86) [spring-test-4.1.7.RELEASE.jar:4.1.7.RELEASE]
	at org.springframework.test.context.DefaultTestContext.getApplicationContext(DefaultTestContext.java:72) [spring-test-4.1.7.RELEASE.jar:4.1.7.RELEASE]
	at org.springframework.test.context.support.DependencyInjectionTestExecutionListener.injectDependencies(DependencyInjectionTestExecutionListener.java:117) [spring-test-4.1.7.RELEASE.jar:4.1.7.RELEASE]
	at org.springframework.test.context.support.DependencyInjectionTestExecutionListener.prepareTestInstance(DependencyInjectionTestExecutionListener.java:83) [spring-test-4.1.7.RELEASE.jar:4.1.7.RELEASE]
	at org.springframework.test.context.TestContextManager.prepareTestInstance(TestContextManager.java:212) [spring-test-4.1.7.RELEASE.jar:4.1.7.RELEASE]
	at org.springframework.test.context.junit4.SpringJUnit4ClassRunner.createTest(SpringJUnit4ClassRunner.java:200) [spring-test-4.1.7.RELEASE.jar:4.1.7.RELEASE]
	at org.springframework.test.context.junit4.SpringJUnit4ClassRunner$1.runReflectiveCall(SpringJUnit4ClassRunner.java:259) [spring-test-4.1.7.RELEASE.jar:4.1.7.RELEASE]
	at org.junit.internal.runners.model.ReflectiveCallable.run(ReflectiveCallable.java:12) [junit-4.12.jar:4.12]
	at org.springframework.test.context.junit4.SpringJUnit4ClassRunner.methodBlock(SpringJUnit4ClassRunner.java:261) [spring-test-4.1.7.RELEASE.jar:4.1.7.RELEASE]
	at org.springframework.test.context.junit4.SpringJUnit4ClassRunner.runChild(SpringJUnit4ClassRunner.java:219) [spring-test-4.1.7.RELEASE.jar:4.1.7.RELEASE]
	at org.springframework.test.context.junit4.SpringJUnit4ClassRunner.runChild(SpringJUnit4ClassRunner.java:83) [spring-test-4.1.7.RELEASE.jar:4.1.7.RELEASE]
	at org.junit.runners.ParentRunner$3.run(ParentRunner.java:290) [junit-4.12.jar:4.12]
	at org.junit.runners.ParentRunner$1.schedule(ParentRunner.java:71) [junit-4.12.jar:4.12]
	at org.junit.runners.ParentRunner.runChildren(ParentRunner.java:288) [junit-4.12.jar:4.12]
	at org.junit.runners.ParentRunner.access$000(ParentRunner.java:58) [junit-4.12.jar:4.12]
	at org.junit.runners.ParentRunner$2.evaluate(ParentRunner.java:268) [junit-4.12.jar:4.12]
	at org.springframework.test.context.junit4.statements.RunBeforeTestClassCallbacks.evaluate(RunBeforeTestClassCallbacks.java:61) [spring-test-4.1.7.RELEASE.jar:4.1.7.RELEASE]
	at org.springframework.test.context.junit4.statements.RunAfterTestClassCallbacks.evaluate(RunAfterTestClassCallbacks.java:68) [spring-test-4.1.7.RELEASE.jar:4.1.7.RELEASE]
	at org.junit.runners.ParentRunner.run(ParentRunner.java:363) [junit-4.12.jar:4.12]
	at org.springframework.test.context.junit4.SpringJUnit4ClassRunner.run(SpringJUnit4ClassRunner.java:163) [spring-test-4.1.7.RELEASE.jar:4.1.7.RELEASE]
	at org.junit.runners.Suite.runChild(Suite.java:128) [junit-4.12.jar:4.12]
	at org.junit.runners.Suite.runChild(Suite.java:27) [junit-4.12.jar:4.12]
	at org.junit.runners.ParentRunner$3.run(ParentRunner.java:290) [junit-4.12.jar:4.12]
	at org.junit.runners.ParentRunner$1.schedule(ParentRunner.java:71) [junit-4.12.jar:4.12]
	at org.junit.runners.ParentRunner.runChildren(ParentRunner.java:288) [junit-4.12.jar:4.12]
	at org.junit.runners.ParentRunner.access$000(ParentRunner.java:58) [junit-4.12.jar:4.12]
	at org.junit.runners.ParentRunner$2.evaluate(ParentRunner.java:268) [junit-4.12.jar:4.12]
	at org.junit.runners.ParentRunner.run(ParentRunner.java:363) [junit-4.12.jar:4.12]
	at org.apache.maven.surefire.junit4.JUnit4Provider.execute(JUnit4Provider.java:283) [surefire-junit4-2.18.1.jar:2.18.1]
	at org.apache.maven.surefire.junit4.JUnit4Provider.executeWithRerun(JUnit4Provider.java:173) [surefire-junit4-2.18.1.jar:2.18.1]
	at org.apache.maven.surefire.junit4.JUnit4Provider.executeTestSet(JUnit4Provider.java:153) [surefire-junit4-2.18.1.jar:2.18.1]
	at org.apache.maven.surefire.junit4.JUnit4Provider.invoke(JUnit4Provider.java:128) [surefire-junit4-2.18.1.jar:2.18.1]
	at org.apache.maven.surefire.booter.ForkedBooter.invokeProviderInSameClassLoader(ForkedBooter.java:203) [surefire-booter-2.18.1.jar:2.18.1]
	at org.apache.maven.surefire.booter.ForkedBooter.runSuitesInProcess(ForkedBooter.java:155) [surefire-booter-2.18.1.jar:2.18.1]
	at org.apache.maven.surefire.booter.ForkedBooter.main(ForkedBooter.java:103) [surefire-booter-2.18.1.jar:2.18.1]
Caused by: org.springframework.beans.BeanInstantiationException: Failed to instantiate [org.springframework.data.aerospike.core.AerospikeTemplate]: Factory method 'aerospikeTemplate' threw exception; nested exception is com.aerospike.helper.query.ClusterRefreshError: Cannot find UDF modules
	at org.springframework.beans.factory.support.SimpleInstantiationStrategy.instantiate(SimpleInstantiationStrategy.java:189) ~[spring-beans-4.1.7.RELEASE.jar:4.1.7.RELEASE]
	at org.springframework.beans.factory.support.ConstructorResolver.instantiateUsingFactoryMethod(ConstructorResolver.java:588) ~[spring-beans-4.1.7.RELEASE.jar:4.1.7.RELEASE]
	... 51 common frames omitted
Caused by: com.aerospike.helper.query.ClusterRefreshError: Cannot find UDF modules
	at com.aerospike.helper.query.QueryEngine.refreshModules(QueryEngine.java:678) ~[classes/:na]
	at com.aerospike.helper.query.QueryEngine.refreshCluster(QueryEngine.java:536) ~[classes/:na]
	at com.aerospike.helper.query.QueryEngine.setClient(QueryEngine.java:129) ~[classes/:na]
	at com.aerospike.helper.query.QueryEngine.<init>(QueryEngine.java:110) ~[classes/:na]
	at org.springframework.data.aerospike.core.AerospikeTemplate.<init>(AerospikeTemplate.java:132) ~[classes/:na]
	at org.springframework.data.aerospike.repository.TestConfigPerson.aerospikeTemplate(TestConfigPerson.java:38) ~[test-classes/:na]
	at org.springframework.data.aerospike.repository.TestConfigPerson$$EnhancerBySpringCGLIB$$3f27a8da.CGLIB$aerospikeTemplate$0(<generated>) ~[spring-core-4.1.7.RELEASE.jar:na]
	at org.springframework.data.aerospike.repository.TestConfigPerson$$EnhancerBySpringCGLIB$$3f27a8da$$FastClassBySpringCGLIB$$38965c5e.invoke(<generated>) ~[spring-core-4.1.7.RELEASE.jar:na]
	at org.springframework.cglib.proxy.MethodProxy.invokeSuper(MethodProxy.java:228) ~[spring-core-4.1.7.RELEASE.jar:4.1.7.RELEASE]
	at org.springframework.context.annotation.ConfigurationClassEnhancer$BeanMethodInterceptor.intercept(ConfigurationClassEnhancer.java:309) ~[spring-context-4.1.7.RELEASE.jar:4.1.7.RELEASE]
	at org.springframework.data.aerospike.repository.TestConfigPerson$$EnhancerBySpringCGLIB$$3f27a8da.aerospikeTemplate(<generated>) ~[spring-core-4.1.7.RELEASE.jar:na]
	at sun.reflect.NativeMethodAccessorImpl.invoke0(Native Method) ~[na:1.8.0_91]
	at sun.reflect.NativeMethodAccessorImpl.invoke(NativeMethodAccessorImpl.java:62) ~[na:1.8.0_91]
	at sun.reflect.DelegatingMethodAccessorImpl.invoke(DelegatingMethodAccessorImpl.java:43) ~[na:1.8.0_91]
	at java.lang.reflect.Method.invoke(Method.java:498) ~[na:1.8.0_91]
	at org.springframework.beans.factory.support.SimpleInstantiationStrategy.instantiate(SimpleInstantiationStrategy.java:162) ~[spring-beans-4.1.7.RELEASE.jar:4.1.7.RELEASE]
	... 52 common frames omitted
16:37:49.719 [main] DEBUG o.s.b.f.s.DefaultListableBeanFactory - Destroying singletons in org.springframework.beans.factory.support.DefaultListableBeanFactory@250a500b: defining beans [org.springframework.context.annotation.internalConfigurationAnnotationProcessor,org.springframework.context.annotation.internalAutowiredAnnotationProcessor,org.springframework.context.annotation.internalRequiredAnnotationProcessor,org.springframework.context.annotation.internalCommonAnnotationProcessor,testConfigPerson,org.springframework.context.annotation.ConfigurationClassPostProcessor.importAwareProcessor,org.springframework.context.annotation.ConfigurationClassPostProcessor.enhancedConfigurationProcessor,aerospikeTemplate,aerospikeClient,org.springframework.data.aerospike.repository.config.AerospikeRepositoriesRegistrar$AerospikeRepositoryConfigurationExtension#0,org.springframework.data.repository.core.support.RepositoryInterfaceAwareBeanPostProcessor,keyValueMappingContext,personRepository,contactRepository]; root of factory hierarchy
16:37:49.719 [main] DEBUG o.s.b.f.s.DisposableBeanAdapter - Invoking destroy method 'close' on bean with name 'aerospikeClient'
16:37:49.720 [main] ERROR o.s.test.context.TestContextManager - Caught exception while allowing TestExecutionListener [org.springframework.test.context.support.DependencyInjectionTestExecutionListener@48e7b3d2] to prepare test instance [org.springframework.data.aerospike.repository.PersonRepositoryIntegrationTests@c755b2]
java.lang.IllegalStateException: Failed to load ApplicationContext
	at org.springframework.test.context.DefaultCacheAwareContextLoaderDelegate.loadContext(DefaultCacheAwareContextLoaderDelegate.java:94) ~[spring-test-4.1.7.RELEASE.jar:4.1.7.RELEASE]
	at org.springframework.test.context.DefaultTestContext.getApplicationContext(DefaultTestContext.java:72) ~[spring-test-4.1.7.RELEASE.jar:4.1.7.RELEASE]
	at org.springframework.test.context.support.DependencyInjectionTestExecutionListener.injectDependencies(DependencyInjectionTestExecutionListener.java:117) ~[spring-test-4.1.7.RELEASE.jar:4.1.7.RELEASE]
	at org.springframework.test.context.support.DependencyInjectionTestExecutionListener.prepareTestInstance(DependencyInjectionTestExecutionListener.java:83) ~[spring-test-4.1.7.RELEASE.jar:4.1.7.RELEASE]
	at org.springframework.test.context.TestContextManager.prepareTestInstance(TestContextManager.java:212) ~[spring-test-4.1.7.RELEASE.jar:4.1.7.RELEASE]
	at org.springframework.test.context.junit4.SpringJUnit4ClassRunner.createTest(SpringJUnit4ClassRunner.java:200) [spring-test-4.1.7.RELEASE.jar:4.1.7.RELEASE]
	at org.springframework.test.context.junit4.SpringJUnit4ClassRunner$1.runReflectiveCall(SpringJUnit4ClassRunner.java:259) [spring-test-4.1.7.RELEASE.jar:4.1.7.RELEASE]
	at org.junit.internal.runners.model.ReflectiveCallable.run(ReflectiveCallable.java:12) [junit-4.12.jar:4.12]
	at org.springframework.test.context.junit4.SpringJUnit4ClassRunner.methodBlock(SpringJUnit4ClassRunner.java:261) [spring-test-4.1.7.RELEASE.jar:4.1.7.RELEASE]
	at org.springframework.test.context.junit4.SpringJUnit4ClassRunner.runChild(SpringJUnit4ClassRunner.java:219) [spring-test-4.1.7.RELEASE.jar:4.1.7.RELEASE]
	at org.springframework.test.context.junit4.SpringJUnit4ClassRunner.runChild(SpringJUnit4ClassRunner.java:83) [spring-test-4.1.7.RELEASE.jar:4.1.7.RELEASE]
	at org.junit.runners.ParentRunner$3.run(ParentRunner.java:290) [junit-4.12.jar:4.12]
	at org.junit.runners.ParentRunner$1.schedule(ParentRunner.java:71) [junit-4.12.jar:4.12]
	at org.junit.runners.ParentRunner.runChildren(ParentRunner.java:288) [junit-4.12.jar:4.12]
	at org.junit.runners.ParentRunner.access$000(ParentRunner.java:58) [junit-4.12.jar:4.12]
	at org.junit.runners.ParentRunner$2.evaluate(ParentRunner.java:268) [junit-4.12.jar:4.12]
	at org.springframework.test.context.junit4.statements.RunBeforeTestClassCallbacks.evaluate(RunBeforeTestClassCallbacks.java:61) [spring-test-4.1.7.RELEASE.jar:4.1.7.RELEASE]
	at org.springframework.test.context.junit4.statements.RunAfterTestClassCallbacks.evaluate(RunAfterTestClassCallbacks.java:68) [spring-test-4.1.7.RELEASE.jar:4.1.7.RELEASE]
	at org.junit.runners.ParentRunner.run(ParentRunner.java:363) [junit-4.12.jar:4.12]
	at org.springframework.test.context.junit4.SpringJUnit4ClassRunner.run(SpringJUnit4ClassRunner.java:163) [spring-test-4.1.7.RELEASE.jar:4.1.7.RELEASE]
	at org.junit.runners.Suite.runChild(Suite.java:128) [junit-4.12.jar:4.12]
	at org.junit.runners.Suite.runChild(Suite.java:27) [junit-4.12.jar:4.12]
	at org.junit.runners.ParentRunner$3.run(ParentRunner.java:290) [junit-4.12.jar:4.12]
	at org.junit.runners.ParentRunner$1.schedule(ParentRunner.java:71) [junit-4.12.jar:4.12]
	at org.junit.runners.ParentRunner.runChildren(ParentRunner.java:288) [junit-4.12.jar:4.12]
	at org.junit.runners.ParentRunner.access$000(ParentRunner.java:58) [junit-4.12.jar:4.12]
	at org.junit.runners.ParentRunner$2.evaluate(ParentRunner.java:268) [junit-4.12.jar:4.12]
	at org.junit.runners.ParentRunner.run(ParentRunner.java:363) [junit-4.12.jar:4.12]
	at org.apache.maven.surefire.junit4.JUnit4Provider.execute(JUnit4Provider.java:283) [surefire-junit4-2.18.1.jar:2.18.1]
	at org.apache.maven.surefire.junit4.JUnit4Provider.executeWithRerun(JUnit4Provider.java:173) [surefire-junit4-2.18.1.jar:2.18.1]
	at org.apache.maven.surefire.junit4.JUnit4Provider.executeTestSet(JUnit4Provider.java:153) [surefire-junit4-2.18.1.jar:2.18.1]
	at org.apache.maven.surefire.junit4.JUnit4Provider.invoke(JUnit4Provider.java:128) [surefire-junit4-2.18.1.jar:2.18.1]
	at org.apache.maven.surefire.booter.ForkedBooter.invokeProviderInSameClassLoader(ForkedBooter.java:203) [surefire-booter-2.18.1.jar:2.18.1]
	at org.apache.maven.surefire.booter.ForkedBooter.runSuitesInProcess(ForkedBooter.java:155) [surefire-booter-2.18.1.jar:2.18.1]
	at org.apache.maven.surefire.booter.ForkedBooter.main(ForkedBooter.java:103) [surefire-booter-2.18.1.jar:2.18.1]
Caused by: org.springframework.beans.factory.BeanCreationException: Error creating bean with name 'aerospikeTemplate' defined in org.springframework.data.aerospike.repository.TestConfigPerson: Bean instantiation via factory method failed; nested exception is org.springframework.beans.BeanInstantiationException: Failed to instantiate [org.springframework.data.aerospike.core.AerospikeTemplate]: Factory method 'aerospikeTemplate' threw exception; nested exception is com.aerospike.helper.query.ClusterRefreshError: Cannot find UDF modules
	at org.springframework.beans.factory.support.ConstructorResolver.instantiateUsingFactoryMethod(ConstructorResolver.java:599) ~[spring-beans-4.1.7.RELEASE.jar:4.1.7.RELEASE]
	at org.springframework.beans.factory.support.AbstractAutowireCapableBeanFactory.instantiateUsingFactoryMethod(AbstractAutowireCapableBeanFactory.java:1119) ~[spring-beans-4.1.7.RELEASE.jar:4.1.7.RELEASE]
	at org.springframework.beans.factory.support.AbstractAutowireCapableBeanFactory.createBeanInstance(AbstractAutowireCapableBeanFactory.java:1014) ~[spring-beans-4.1.7.RELEASE.jar:4.1.7.RELEASE]
	at org.springframework.beans.factory.support.AbstractAutowireCapableBeanFactory.doCreateBean(AbstractAutowireCapableBeanFactory.java:504) ~[spring-beans-4.1.7.RELEASE.jar:4.1.7.RELEASE]
	at org.springframework.beans.factory.support.AbstractAutowireCapableBeanFactory.createBean(AbstractAutowireCapableBeanFactory.java:476) ~[spring-beans-4.1.7.RELEASE.jar:4.1.7.RELEASE]
	at org.springframework.beans.factory.support.AbstractBeanFactory$1.getObject(AbstractBeanFactory.java:303) ~[spring-beans-4.1.7.RELEASE.jar:4.1.7.RELEASE]
	at org.springframework.beans.factory.support.DefaultSingletonBeanRegistry.getSingleton(DefaultSingletonBeanRegistry.java:230) ~[spring-beans-4.1.7.RELEASE.jar:4.1.7.RELEASE]
	at org.springframework.beans.factory.support.AbstractBeanFactory.doGetBean(AbstractBeanFactory.java:299) ~[spring-beans-4.1.7.RELEASE.jar:4.1.7.RELEASE]
	at org.springframework.beans.factory.support.AbstractBeanFactory.getBean(AbstractBeanFactory.java:194) ~[spring-beans-4.1.7.RELEASE.jar:4.1.7.RELEASE]
	at org.springframework.beans.factory.support.DefaultListableBeanFactory.preInstantiateSingletons(DefaultListableBeanFactory.java:755) ~[spring-beans-4.1.7.RELEASE.jar:4.1.7.RELEASE]
	at org.springframework.context.support.AbstractApplicationContext.finishBeanFactoryInitialization(AbstractApplicationContext.java:757) ~[spring-context-4.1.7.RELEASE.jar:4.1.7.RELEASE]
	at org.springframework.context.support.AbstractApplicationContext.refresh(AbstractApplicationContext.java:480) ~[spring-context-4.1.7.RELEASE.jar:4.1.7.RELEASE]
	at org.springframework.test.context.support.AbstractGenericContextLoader.loadContext(AbstractGenericContextLoader.java:125) ~[spring-test-4.1.7.RELEASE.jar:4.1.7.RELEASE]
	at org.springframework.test.context.support.AbstractGenericContextLoader.loadContext(AbstractGenericContextLoader.java:60) ~[spring-test-4.1.7.RELEASE.jar:4.1.7.RELEASE]
	at org.springframework.test.context.support.AbstractDelegatingSmartContextLoader.delegateLoading(AbstractDelegatingSmartContextLoader.java:109) ~[spring-test-4.1.7.RELEASE.jar:4.1.7.RELEASE]
	at org.springframework.test.context.support.AbstractDelegatingSmartContextLoader.loadContext(AbstractDelegatingSmartContextLoader.java:261) ~[spring-test-4.1.7.RELEASE.jar:4.1.7.RELEASE]
	at org.springframework.test.context.DefaultCacheAwareContextLoaderDelegate.loadContextInternal(DefaultCacheAwareContextLoaderDelegate.java:68) ~[spring-test-4.1.7.RELEASE.jar:4.1.7.RELEASE]
	at org.springframework.test.context.DefaultCacheAwareContextLoaderDelegate.loadContext(DefaultCacheAwareContextLoaderDelegate.java:86) ~[spring-test-4.1.7.RELEASE.jar:4.1.7.RELEASE]
	... 34 common frames omitted
Caused by: org.springframework.beans.BeanInstantiationException: Failed to instantiate [org.springframework.data.aerospike.core.AerospikeTemplate]: Factory method 'aerospikeTemplate' threw exception; nested exception is com.aerospike.helper.query.ClusterRefreshError: Cannot find UDF modules
	at org.springframework.beans.factory.support.SimpleInstantiationStrategy.instantiate(SimpleInstantiationStrategy.java:189) ~[spring-beans-4.1.7.RELEASE.jar:4.1.7.RELEASE]
	at org.springframework.beans.factory.support.ConstructorResolver.instantiateUsingFactoryMethod(ConstructorResolver.java:588) ~[spring-beans-4.1.7.RELEASE.jar:4.1.7.RELEASE]
	... 51 common frames omitted
Caused by: com.aerospike.helper.query.ClusterRefreshError: Cannot find UDF modules
	at com.aerospike.helper.query.QueryEngine.refreshModules(QueryEngine.java:678) ~[classes/:na]
	at com.aerospike.helper.query.QueryEngine.refreshCluster(QueryEngine.java:536) ~[classes/:na]
	at com.aerospike.helper.query.QueryEngine.setClient(QueryEngine.java:129) ~[classes/:na]
	at com.aerospike.helper.query.QueryEngine.<init>(QueryEngine.java:110) ~[classes/:na]
	at org.springframework.data.aerospike.core.AerospikeTemplate.<init>(AerospikeTemplate.java:132) ~[classes/:na]
	at org.springframework.data.aerospike.repository.TestConfigPerson.aerospikeTemplate(TestConfigPerson.java:38) ~[test-classes/:na]
	at org.springframework.data.aerospike.repository.TestConfigPerson$$EnhancerBySpringCGLIB$$3f27a8da.CGLIB$aerospikeTemplate$0(<generated>) ~[spring-core-4.1.7.RELEASE.jar:na]
	at org.springframework.data.aerospike.repository.TestConfigPerson$$EnhancerBySpringCGLIB$$3f27a8da$$FastClassBySpringCGLIB$$38965c5e.invoke(<generated>) ~[spring-core-4.1.7.RELEASE.jar:na]
	at org.springframework.cglib.proxy.MethodProxy.invokeSuper(MethodProxy.java:228) ~[spring-core-4.1.7.RELEASE.jar:4.1.7.RELEASE]
	at org.springframework.context.annotation.ConfigurationClassEnhancer$BeanMethodInterceptor.intercept(ConfigurationClassEnhancer.java:309) ~[spring-context-4.1.7.RELEASE.jar:4.1.7.RELEASE]
	at org.springframework.data.aerospike.repository.TestConfigPerson$$EnhancerBySpringCGLIB$$3f27a8da.aerospikeTemplate(<generated>) ~[spring-core-4.1.7.RELEASE.jar:na]
	at sun.reflect.NativeMethodAccessorImpl.invoke0(Native Method) ~[na:1.8.0_91]
	at sun.reflect.NativeMethodAccessorImpl.invoke(NativeMethodAccessorImpl.java:62) ~[na:1.8.0_91]
	at sun.reflect.DelegatingMethodAccessorImpl.invoke(DelegatingMethodAccessorImpl.java:43) ~[na:1.8.0_91]
	at java.lang.reflect.Method.invoke(Method.java:498) ~[na:1.8.0_91]
	at org.springframework.beans.factory.support.SimpleInstantiationStrategy.instantiate(SimpleInstantiationStrategy.java:162) ~[spring-beans-4.1.7.RELEASE.jar:4.1.7.RELEASE]
	... 52 common frames omitted
]]></system-out>
  </testcase>
  <testcase name="findsPersonInAgeRangeCorrectly" classname="org.springframework.data.aerospike.repository.PersonRepositoryIntegrationTests" time="0">
    <error message="Failed to load ApplicationContext" type="java.lang.IllegalStateException"><![CDATA[java.lang.IllegalStateException: Failed to load ApplicationContext
	at org.springframework.test.context.DefaultCacheAwareContextLoaderDelegate.loadContext(DefaultCacheAwareContextLoaderDelegate.java:94)
	at org.springframework.test.context.DefaultTestContext.getApplicationContext(DefaultTestContext.java:72)
	at org.springframework.test.context.support.DependencyInjectionTestExecutionListener.injectDependencies(DependencyInjectionTestExecutionListener.java:117)
	at org.springframework.test.context.support.DependencyInjectionTestExecutionListener.prepareTestInstance(DependencyInjectionTestExecutionListener.java:83)
	at org.springframework.test.context.TestContextManager.prepareTestInstance(TestContextManager.java:212)
	at org.springframework.test.context.junit4.SpringJUnit4ClassRunner.createTest(SpringJUnit4ClassRunner.java:200)
	at org.springframework.test.context.junit4.SpringJUnit4ClassRunner$1.runReflectiveCall(SpringJUnit4ClassRunner.java:259)
	at org.junit.internal.runners.model.ReflectiveCallable.run(ReflectiveCallable.java:12)
	at org.springframework.test.context.junit4.SpringJUnit4ClassRunner.methodBlock(SpringJUnit4ClassRunner.java:261)
	at org.springframework.test.context.junit4.SpringJUnit4ClassRunner.runChild(SpringJUnit4ClassRunner.java:219)
	at org.springframework.test.context.junit4.SpringJUnit4ClassRunner.runChild(SpringJUnit4ClassRunner.java:83)
	at org.junit.runners.ParentRunner$3.run(ParentRunner.java:290)
	at org.junit.runners.ParentRunner$1.schedule(ParentRunner.java:71)
	at org.junit.runners.ParentRunner.runChildren(ParentRunner.java:288)
	at org.junit.runners.ParentRunner.access$000(ParentRunner.java:58)
	at org.junit.runners.ParentRunner$2.evaluate(ParentRunner.java:268)
	at org.springframework.test.context.junit4.statements.RunBeforeTestClassCallbacks.evaluate(RunBeforeTestClassCallbacks.java:61)
	at org.springframework.test.context.junit4.statements.RunAfterTestClassCallbacks.evaluate(RunAfterTestClassCallbacks.java:68)
	at org.junit.runners.ParentRunner.run(ParentRunner.java:363)
	at org.springframework.test.context.junit4.SpringJUnit4ClassRunner.run(SpringJUnit4ClassRunner.java:163)
	at org.junit.runners.Suite.runChild(Suite.java:128)
	at org.junit.runners.Suite.runChild(Suite.java:27)
	at org.junit.runners.ParentRunner$3.run(ParentRunner.java:290)
	at org.junit.runners.ParentRunner$1.schedule(ParentRunner.java:71)
	at org.junit.runners.ParentRunner.runChildren(ParentRunner.java:288)
	at org.junit.runners.ParentRunner.access$000(ParentRunner.java:58)
	at org.junit.runners.ParentRunner$2.evaluate(ParentRunner.java:268)
	at org.junit.runners.ParentRunner.run(ParentRunner.java:363)
	at org.apache.maven.surefire.junit4.JUnit4Provider.execute(JUnit4Provider.java:283)
	at org.apache.maven.surefire.junit4.JUnit4Provider.executeWithRerun(JUnit4Provider.java:173)
	at org.apache.maven.surefire.junit4.JUnit4Provider.executeTestSet(JUnit4Provider.java:153)
	at org.apache.maven.surefire.junit4.JUnit4Provider.invoke(JUnit4Provider.java:128)
	at org.apache.maven.surefire.booter.ForkedBooter.invokeProviderInSameClassLoader(ForkedBooter.java:203)
	at org.apache.maven.surefire.booter.ForkedBooter.runSuitesInProcess(ForkedBooter.java:155)
	at org.apache.maven.surefire.booter.ForkedBooter.main(ForkedBooter.java:103)
Caused by: org.springframework.beans.factory.BeanCreationException: Error creating bean with name 'aerospikeTemplate' defined in org.springframework.data.aerospike.repository.TestConfigPerson: Bean instantiation via factory method failed; nested exception is org.springframework.beans.BeanInstantiationException: Failed to instantiate [org.springframework.data.aerospike.core.AerospikeTemplate]: Factory method 'aerospikeTemplate' threw exception; nested exception is org.springframework.beans.factory.BeanCreationException: Error creating bean with name 'aerospikeClient' defined in org.springframework.data.aerospike.repository.TestConfigPerson: Bean instantiation via factory method failed; nested exception is org.springframework.beans.BeanInstantiationException: Failed to instantiate [com.aerospike.client.AerospikeClient]: Factory method 'aerospikeClient' threw exception; nested exception is com.aerospike.client.AerospikeException$Connection: Error Code 11: Failed to connect to host(s): 
52.41.32.83:3000 Error Code 11: java.net.SocketTimeoutException: connect timed out

	at org.springframework.beans.factory.support.ConstructorResolver.instantiateUsingFactoryMethod(ConstructorResolver.java:599)
	at org.springframework.beans.factory.support.AbstractAutowireCapableBeanFactory.instantiateUsingFactoryMethod(AbstractAutowireCapableBeanFactory.java:1119)
	at org.springframework.beans.factory.support.AbstractAutowireCapableBeanFactory.createBeanInstance(AbstractAutowireCapableBeanFactory.java:1014)
	at org.springframework.beans.factory.support.AbstractAutowireCapableBeanFactory.doCreateBean(AbstractAutowireCapableBeanFactory.java:504)
	at org.springframework.beans.factory.support.AbstractAutowireCapableBeanFactory.createBean(AbstractAutowireCapableBeanFactory.java:476)
	at org.springframework.beans.factory.support.AbstractBeanFactory$1.getObject(AbstractBeanFactory.java:303)
	at org.springframework.beans.factory.support.DefaultSingletonBeanRegistry.getSingleton(DefaultSingletonBeanRegistry.java:230)
	at org.springframework.beans.factory.support.AbstractBeanFactory.doGetBean(AbstractBeanFactory.java:299)
	at org.springframework.beans.factory.support.AbstractBeanFactory.getBean(AbstractBeanFactory.java:194)
	at org.springframework.beans.factory.support.DefaultListableBeanFactory.preInstantiateSingletons(DefaultListableBeanFactory.java:755)
	at org.springframework.context.support.AbstractApplicationContext.finishBeanFactoryInitialization(AbstractApplicationContext.java:757)
	at org.springframework.context.support.AbstractApplicationContext.refresh(AbstractApplicationContext.java:480)
	at org.springframework.test.context.support.AbstractGenericContextLoader.loadContext(AbstractGenericContextLoader.java:125)
	at org.springframework.test.context.support.AbstractGenericContextLoader.loadContext(AbstractGenericContextLoader.java:60)
	at org.springframework.test.context.support.AbstractDelegatingSmartContextLoader.delegateLoading(AbstractDelegatingSmartContextLoader.java:109)
	at org.springframework.test.context.support.AbstractDelegatingSmartContextLoader.loadContext(AbstractDelegatingSmartContextLoader.java:261)
	at org.springframework.test.context.DefaultCacheAwareContextLoaderDelegate.loadContextInternal(DefaultCacheAwareContextLoaderDelegate.java:68)
	at org.springframework.test.context.DefaultCacheAwareContextLoaderDelegate.loadContext(DefaultCacheAwareContextLoaderDelegate.java:86)
	at org.springframework.test.context.DefaultTestContext.getApplicationContext(DefaultTestContext.java:72)
	at org.springframework.test.context.support.DependencyInjectionTestExecutionListener.injectDependencies(DependencyInjectionTestExecutionListener.java:117)
	at org.springframework.test.context.support.DependencyInjectionTestExecutionListener.prepareTestInstance(DependencyInjectionTestExecutionListener.java:83)
	at org.springframework.test.context.TestContextManager.prepareTestInstance(TestContextManager.java:212)
	at org.springframework.test.context.junit4.SpringJUnit4ClassRunner.createTest(SpringJUnit4ClassRunner.java:200)
	at org.springframework.test.context.junit4.SpringJUnit4ClassRunner$1.runReflectiveCall(SpringJUnit4ClassRunner.java:259)
	at org.junit.internal.runners.model.ReflectiveCallable.run(ReflectiveCallable.java:12)
	at org.springframework.test.context.junit4.SpringJUnit4ClassRunner.methodBlock(SpringJUnit4ClassRunner.java:261)
	at org.springframework.test.context.junit4.SpringJUnit4ClassRunner.runChild(SpringJUnit4ClassRunner.java:219)
	at org.springframework.test.context.junit4.SpringJUnit4ClassRunner.runChild(SpringJUnit4ClassRunner.java:83)
	at org.junit.runners.ParentRunner$3.run(ParentRunner.java:290)
	at org.junit.runners.ParentRunner$1.schedule(ParentRunner.java:71)
	at org.junit.runners.ParentRunner.runChildren(ParentRunner.java:288)
	at org.junit.runners.ParentRunner.access$000(ParentRunner.java:58)
	at org.junit.runners.ParentRunner$2.evaluate(ParentRunner.java:268)
	at org.springframework.test.context.junit4.statements.RunBeforeTestClassCallbacks.evaluate(RunBeforeTestClassCallbacks.java:61)
	at org.springframework.test.context.junit4.statements.RunAfterTestClassCallbacks.evaluate(RunAfterTestClassCallbacks.java:68)
	at org.junit.runners.ParentRunner.run(ParentRunner.java:363)
	at org.springframework.test.context.junit4.SpringJUnit4ClassRunner.run(SpringJUnit4ClassRunner.java:163)
	at org.junit.runners.Suite.runChild(Suite.java:128)
	at org.junit.runners.Suite.runChild(Suite.java:27)
	at org.junit.runners.ParentRunner$3.run(ParentRunner.java:290)
	at org.junit.runners.ParentRunner$1.schedule(ParentRunner.java:71)
	at org.junit.runners.ParentRunner.runChildren(ParentRunner.java:288)
	at org.junit.runners.ParentRunner.access$000(ParentRunner.java:58)
	at org.junit.runners.ParentRunner$2.evaluate(ParentRunner.java:268)
	at org.junit.runners.ParentRunner.run(ParentRunner.java:363)
	at org.apache.maven.surefire.junit4.JUnit4Provider.execute(JUnit4Provider.java:283)
	at org.apache.maven.surefire.junit4.JUnit4Provider.executeWithRerun(JUnit4Provider.java:173)
	at org.apache.maven.surefire.junit4.JUnit4Provider.executeTestSet(JUnit4Provider.java:153)
	at org.apache.maven.surefire.junit4.JUnit4Provider.invoke(JUnit4Provider.java:128)
	at org.apache.maven.surefire.booter.ForkedBooter.invokeProviderInSameClassLoader(ForkedBooter.java:203)
	at org.apache.maven.surefire.booter.ForkedBooter.runSuitesInProcess(ForkedBooter.java:155)
	at org.apache.maven.surefire.booter.ForkedBooter.main(ForkedBooter.java:103)
Caused by: org.springframework.beans.BeanInstantiationException: Failed to instantiate [org.springframework.data.aerospike.core.AerospikeTemplate]: Factory method 'aerospikeTemplate' threw exception; nested exception is org.springframework.beans.factory.BeanCreationException: Error creating bean with name 'aerospikeClient' defined in org.springframework.data.aerospike.repository.TestConfigPerson: Bean instantiation via factory method failed; nested exception is org.springframework.beans.BeanInstantiationException: Failed to instantiate [com.aerospike.client.AerospikeClient]: Factory method 'aerospikeClient' threw exception; nested exception is com.aerospike.client.AerospikeException$Connection: Error Code 11: Failed to connect to host(s): 
52.41.32.83:3000 Error Code 11: java.net.SocketTimeoutException: connect timed out

	at org.springframework.beans.factory.support.SimpleInstantiationStrategy.instantiate(SimpleInstantiationStrategy.java:189)
	at org.springframework.beans.factory.support.ConstructorResolver.instantiateUsingFactoryMethod(ConstructorResolver.java:588)
	at org.springframework.beans.factory.support.AbstractAutowireCapableBeanFactory.instantiateUsingFactoryMethod(AbstractAutowireCapableBeanFactory.java:1119)
	at org.springframework.beans.factory.support.AbstractAutowireCapableBeanFactory.createBeanInstance(AbstractAutowireCapableBeanFactory.java:1014)
	at org.springframework.beans.factory.support.AbstractAutowireCapableBeanFactory.doCreateBean(AbstractAutowireCapableBeanFactory.java:504)
	at org.springframework.beans.factory.support.AbstractAutowireCapableBeanFactory.createBean(AbstractAutowireCapableBeanFactory.java:476)
	at org.springframework.beans.factory.support.AbstractBeanFactory$1.getObject(AbstractBeanFactory.java:303)
	at org.springframework.beans.factory.support.DefaultSingletonBeanRegistry.getSingleton(DefaultSingletonBeanRegistry.java:230)
	at org.springframework.beans.factory.support.AbstractBeanFactory.doGetBean(AbstractBeanFactory.java:299)
	at org.springframework.beans.factory.support.AbstractBeanFactory.getBean(AbstractBeanFactory.java:194)
	at org.springframework.beans.factory.support.DefaultListableBeanFactory.preInstantiateSingletons(DefaultListableBeanFactory.java:755)
	at org.springframework.context.support.AbstractApplicationContext.finishBeanFactoryInitialization(AbstractApplicationContext.java:757)
	at org.springframework.context.support.AbstractApplicationContext.refresh(AbstractApplicationContext.java:480)
	at org.springframework.test.context.support.AbstractGenericContextLoader.loadContext(AbstractGenericContextLoader.java:125)
	at org.springframework.test.context.support.AbstractGenericContextLoader.loadContext(AbstractGenericContextLoader.java:60)
	at org.springframework.test.context.support.AbstractDelegatingSmartContextLoader.delegateLoading(AbstractDelegatingSmartContextLoader.java:109)
	at org.springframework.test.context.support.AbstractDelegatingSmartContextLoader.loadContext(AbstractDelegatingSmartContextLoader.java:261)
	at org.springframework.test.context.DefaultCacheAwareContextLoaderDelegate.loadContextInternal(DefaultCacheAwareContextLoaderDelegate.java:68)
	at org.springframework.test.context.DefaultCacheAwareContextLoaderDelegate.loadContext(DefaultCacheAwareContextLoaderDelegate.java:86)
	at org.springframework.test.context.DefaultTestContext.getApplicationContext(DefaultTestContext.java:72)
	at org.springframework.test.context.support.DependencyInjectionTestExecutionListener.injectDependencies(DependencyInjectionTestExecutionListener.java:117)
	at org.springframework.test.context.support.DependencyInjectionTestExecutionListener.prepareTestInstance(DependencyInjectionTestExecutionListener.java:83)
	at org.springframework.test.context.TestContextManager.prepareTestInstance(TestContextManager.java:212)
	at org.springframework.test.context.junit4.SpringJUnit4ClassRunner.createTest(SpringJUnit4ClassRunner.java:200)
	at org.springframework.test.context.junit4.SpringJUnit4ClassRunner$1.runReflectiveCall(SpringJUnit4ClassRunner.java:259)
	at org.junit.internal.runners.model.ReflectiveCallable.run(ReflectiveCallable.java:12)
	at org.springframework.test.context.junit4.SpringJUnit4ClassRunner.methodBlock(SpringJUnit4ClassRunner.java:261)
	at org.springframework.test.context.junit4.SpringJUnit4ClassRunner.runChild(SpringJUnit4ClassRunner.java:219)
	at org.springframework.test.context.junit4.SpringJUnit4ClassRunner.runChild(SpringJUnit4ClassRunner.java:83)
	at org.junit.runners.ParentRunner$3.run(ParentRunner.java:290)
	at org.junit.runners.ParentRunner$1.schedule(ParentRunner.java:71)
	at org.junit.runners.ParentRunner.runChildren(ParentRunner.java:288)
	at org.junit.runners.ParentRunner.access$000(ParentRunner.java:58)
	at org.junit.runners.ParentRunner$2.evaluate(ParentRunner.java:268)
	at org.springframework.test.context.junit4.statements.RunBeforeTestClassCallbacks.evaluate(RunBeforeTestClassCallbacks.java:61)
	at org.springframework.test.context.junit4.statements.RunAfterTestClassCallbacks.evaluate(RunAfterTestClassCallbacks.java:68)
	at org.junit.runners.ParentRunner.run(ParentRunner.java:363)
	at org.springframework.test.context.junit4.SpringJUnit4ClassRunner.run(SpringJUnit4ClassRunner.java:163)
	at org.junit.runners.Suite.runChild(Suite.java:128)
	at org.junit.runners.Suite.runChild(Suite.java:27)
	at org.junit.runners.ParentRunner$3.run(ParentRunner.java:290)
	at org.junit.runners.ParentRunner$1.schedule(ParentRunner.java:71)
	at org.junit.runners.ParentRunner.runChildren(ParentRunner.java:288)
	at org.junit.runners.ParentRunner.access$000(ParentRunner.java:58)
	at org.junit.runners.ParentRunner$2.evaluate(ParentRunner.java:268)
	at org.junit.runners.ParentRunner.run(ParentRunner.java:363)
	at org.apache.maven.surefire.junit4.JUnit4Provider.execute(JUnit4Provider.java:283)
	at org.apache.maven.surefire.junit4.JUnit4Provider.executeWithRerun(JUnit4Provider.java:173)
	at org.apache.maven.surefire.junit4.JUnit4Provider.executeTestSet(JUnit4Provider.java:153)
	at org.apache.maven.surefire.junit4.JUnit4Provider.invoke(JUnit4Provider.java:128)
	at org.apache.maven.surefire.booter.ForkedBooter.invokeProviderInSameClassLoader(ForkedBooter.java:203)
	at org.apache.maven.surefire.booter.ForkedBooter.runSuitesInProcess(ForkedBooter.java:155)
	at org.apache.maven.surefire.booter.ForkedBooter.main(ForkedBooter.java:103)
Caused by: org.springframework.beans.factory.BeanCreationException: Error creating bean with name 'aerospikeClient' defined in org.springframework.data.aerospike.repository.TestConfigPerson: Bean instantiation via factory method failed; nested exception is org.springframework.beans.BeanInstantiationException: Failed to instantiate [com.aerospike.client.AerospikeClient]: Factory method 'aerospikeClient' threw exception; nested exception is com.aerospike.client.AerospikeException$Connection: Error Code 11: Failed to connect to host(s): 
52.41.32.83:3000 Error Code 11: java.net.SocketTimeoutException: connect timed out

	at org.springframework.beans.factory.support.ConstructorResolver.instantiateUsingFactoryMethod(ConstructorResolver.java:599)
	at org.springframework.beans.factory.support.AbstractAutowireCapableBeanFactory.instantiateUsingFactoryMethod(AbstractAutowireCapableBeanFactory.java:1119)
	at org.springframework.beans.factory.support.AbstractAutowireCapableBeanFactory.createBeanInstance(AbstractAutowireCapableBeanFactory.java:1014)
	at org.springframework.beans.factory.support.AbstractAutowireCapableBeanFactory.doCreateBean(AbstractAutowireCapableBeanFactory.java:504)
	at org.springframework.beans.factory.support.AbstractAutowireCapableBeanFactory.createBean(AbstractAutowireCapableBeanFactory.java:476)
	at org.springframework.beans.factory.support.AbstractBeanFactory$1.getObject(AbstractBeanFactory.java:303)
	at org.springframework.beans.factory.support.DefaultSingletonBeanRegistry.getSingleton(DefaultSingletonBeanRegistry.java:230)
	at org.springframework.beans.factory.support.AbstractBeanFactory.doGetBean(AbstractBeanFactory.java:299)
	at org.springframework.beans.factory.support.AbstractBeanFactory.getBean(AbstractBeanFactory.java:194)
	at org.springframework.context.annotation.ConfigurationClassEnhancer$BeanMethodInterceptor.intercept(ConfigurationClassEnhancer.java:322)
	at org.springframework.data.aerospike.repository.TestConfigPerson$$EnhancerBySpringCGLIB$$3f27a8da.aerospikeClient(<generated>)
	at org.springframework.data.aerospike.repository.TestConfigPerson.aerospikeTemplate(TestConfigPerson.java:38)
	at org.springframework.data.aerospike.repository.TestConfigPerson$$EnhancerBySpringCGLIB$$3f27a8da.CGLIB$aerospikeTemplate$0(<generated>)
	at org.springframework.data.aerospike.repository.TestConfigPerson$$EnhancerBySpringCGLIB$$3f27a8da$$FastClassBySpringCGLIB$$38965c5e.invoke(<generated>)
	at org.springframework.cglib.proxy.MethodProxy.invokeSuper(MethodProxy.java:228)
	at org.springframework.context.annotation.ConfigurationClassEnhancer$BeanMethodInterceptor.intercept(ConfigurationClassEnhancer.java:309)
	at org.springframework.data.aerospike.repository.TestConfigPerson$$EnhancerBySpringCGLIB$$3f27a8da.aerospikeTemplate(<generated>)
	at sun.reflect.NativeMethodAccessorImpl.invoke0(Native Method)
	at sun.reflect.NativeMethodAccessorImpl.invoke(NativeMethodAccessorImpl.java:62)
	at sun.reflect.DelegatingMethodAccessorImpl.invoke(DelegatingMethodAccessorImpl.java:43)
	at java.lang.reflect.Method.invoke(Method.java:498)
	at org.springframework.beans.factory.support.SimpleInstantiationStrategy.instantiate(SimpleInstantiationStrategy.java:162)
	at org.springframework.beans.factory.support.ConstructorResolver.instantiateUsingFactoryMethod(ConstructorResolver.java:588)
	at org.springframework.beans.factory.support.AbstractAutowireCapableBeanFactory.instantiateUsingFactoryMethod(AbstractAutowireCapableBeanFactory.java:1119)
	at org.springframework.beans.factory.support.AbstractAutowireCapableBeanFactory.createBeanInstance(AbstractAutowireCapableBeanFactory.java:1014)
	at org.springframework.beans.factory.support.AbstractAutowireCapableBeanFactory.doCreateBean(AbstractAutowireCapableBeanFactory.java:504)
	at org.springframework.beans.factory.support.AbstractAutowireCapableBeanFactory.createBean(AbstractAutowireCapableBeanFactory.java:476)
	at org.springframework.beans.factory.support.AbstractBeanFactory$1.getObject(AbstractBeanFactory.java:303)
	at org.springframework.beans.factory.support.DefaultSingletonBeanRegistry.getSingleton(DefaultSingletonBeanRegistry.java:230)
	at org.springframework.beans.factory.support.AbstractBeanFactory.doGetBean(AbstractBeanFactory.java:299)
	at org.springframework.beans.factory.support.AbstractBeanFactory.getBean(AbstractBeanFactory.java:194)
	at org.springframework.beans.factory.support.DefaultListableBeanFactory.preInstantiateSingletons(DefaultListableBeanFactory.java:755)
	at org.springframework.context.support.AbstractApplicationContext.finishBeanFactoryInitialization(AbstractApplicationContext.java:757)
	at org.springframework.context.support.AbstractApplicationContext.refresh(AbstractApplicationContext.java:480)
	at org.springframework.test.context.support.AbstractGenericContextLoader.loadContext(AbstractGenericContextLoader.java:125)
	at org.springframework.test.context.support.AbstractGenericContextLoader.loadContext(AbstractGenericContextLoader.java:60)
	at org.springframework.test.context.support.AbstractDelegatingSmartContextLoader.delegateLoading(AbstractDelegatingSmartContextLoader.java:109)
	at org.springframework.test.context.support.AbstractDelegatingSmartContextLoader.loadContext(AbstractDelegatingSmartContextLoader.java:261)
	at org.springframework.test.context.DefaultCacheAwareContextLoaderDelegate.loadContextInternal(DefaultCacheAwareContextLoaderDelegate.java:68)
	at org.springframework.test.context.DefaultCacheAwareContextLoaderDelegate.loadContext(DefaultCacheAwareContextLoaderDelegate.java:86)
	at org.springframework.test.context.DefaultTestContext.getApplicationContext(DefaultTestContext.java:72)
	at org.springframework.test.context.support.DependencyInjectionTestExecutionListener.injectDependencies(DependencyInjectionTestExecutionListener.java:117)
	at org.springframework.test.context.support.DependencyInjectionTestExecutionListener.prepareTestInstance(DependencyInjectionTestExecutionListener.java:83)
	at org.springframework.test.context.TestContextManager.prepareTestInstance(TestContextManager.java:212)
	at org.springframework.test.context.junit4.SpringJUnit4ClassRunner.createTest(SpringJUnit4ClassRunner.java:200)
	at org.springframework.test.context.junit4.SpringJUnit4ClassRunner$1.runReflectiveCall(SpringJUnit4ClassRunner.java:259)
	at org.junit.internal.runners.model.ReflectiveCallable.run(ReflectiveCallable.java:12)
	at org.springframework.test.context.junit4.SpringJUnit4ClassRunner.methodBlock(SpringJUnit4ClassRunner.java:261)
	at org.springframework.test.context.junit4.SpringJUnit4ClassRunner.runChild(SpringJUnit4ClassRunner.java:219)
	at org.springframework.test.context.junit4.SpringJUnit4ClassRunner.runChild(SpringJUnit4ClassRunner.java:83)
	at org.junit.runners.ParentRunner$3.run(ParentRunner.java:290)
	at org.junit.runners.ParentRunner$1.schedule(ParentRunner.java:71)
	at org.junit.runners.ParentRunner.runChildren(ParentRunner.java:288)
	at org.junit.runners.ParentRunner.access$000(ParentRunner.java:58)
	at org.junit.runners.ParentRunner$2.evaluate(ParentRunner.java:268)
	at org.springframework.test.context.junit4.statements.RunBeforeTestClassCallbacks.evaluate(RunBeforeTestClassCallbacks.java:61)
	at org.springframework.test.context.junit4.statements.RunAfterTestClassCallbacks.evaluate(RunAfterTestClassCallbacks.java:68)
	at org.junit.runners.ParentRunner.run(ParentRunner.java:363)
	at org.springframework.test.context.junit4.SpringJUnit4ClassRunner.run(SpringJUnit4ClassRunner.java:163)
	at org.junit.runners.Suite.runChild(Suite.java:128)
	at org.junit.runners.Suite.runChild(Suite.java:27)
	at org.junit.runners.ParentRunner$3.run(ParentRunner.java:290)
	at org.junit.runners.ParentRunner$1.schedule(ParentRunner.java:71)
	at org.junit.runners.ParentRunner.runChildren(ParentRunner.java:288)
	at org.junit.runners.ParentRunner.access$000(ParentRunner.java:58)
	at org.junit.runners.ParentRunner$2.evaluate(ParentRunner.java:268)
	at org.junit.runners.ParentRunner.run(ParentRunner.java:363)
	at org.apache.maven.surefire.junit4.JUnit4Provider.execute(JUnit4Provider.java:283)
	at org.apache.maven.surefire.junit4.JUnit4Provider.executeWithRerun(JUnit4Provider.java:173)
	at org.apache.maven.surefire.junit4.JUnit4Provider.executeTestSet(JUnit4Provider.java:153)
	at org.apache.maven.surefire.junit4.JUnit4Provider.invoke(JUnit4Provider.java:128)
	at org.apache.maven.surefire.booter.ForkedBooter.invokeProviderInSameClassLoader(ForkedBooter.java:203)
	at org.apache.maven.surefire.booter.ForkedBooter.runSuitesInProcess(ForkedBooter.java:155)
	at org.apache.maven.surefire.booter.ForkedBooter.main(ForkedBooter.java:103)
Caused by: org.springframework.beans.BeanInstantiationException: Failed to instantiate [com.aerospike.client.AerospikeClient]: Factory method 'aerospikeClient' threw exception; nested exception is com.aerospike.client.AerospikeException$Connection: Error Code 11: Failed to connect to host(s): 
52.41.32.83:3000 Error Code 11: java.net.SocketTimeoutException: connect timed out

	at org.springframework.beans.factory.support.SimpleInstantiationStrategy.instantiate(SimpleInstantiationStrategy.java:189)
	at org.springframework.beans.factory.support.ConstructorResolver.instantiateUsingFactoryMethod(ConstructorResolver.java:588)
	at org.springframework.beans.factory.support.AbstractAutowireCapableBeanFactory.instantiateUsingFactoryMethod(AbstractAutowireCapableBeanFactory.java:1119)
	at org.springframework.beans.factory.support.AbstractAutowireCapableBeanFactory.createBeanInstance(AbstractAutowireCapableBeanFactory.java:1014)
	at org.springframework.beans.factory.support.AbstractAutowireCapableBeanFactory.doCreateBean(AbstractAutowireCapableBeanFactory.java:504)
	at org.springframework.beans.factory.support.AbstractAutowireCapableBeanFactory.createBean(AbstractAutowireCapableBeanFactory.java:476)
	at org.springframework.beans.factory.support.AbstractBeanFactory$1.getObject(AbstractBeanFactory.java:303)
	at org.springframework.beans.factory.support.DefaultSingletonBeanRegistry.getSingleton(DefaultSingletonBeanRegistry.java:230)
	at org.springframework.beans.factory.support.AbstractBeanFactory.doGetBean(AbstractBeanFactory.java:299)
	at org.springframework.beans.factory.support.AbstractBeanFactory.getBean(AbstractBeanFactory.java:194)
	at org.springframework.context.annotation.ConfigurationClassEnhancer$BeanMethodInterceptor.intercept(ConfigurationClassEnhancer.java:322)
	at org.springframework.data.aerospike.repository.TestConfigPerson$$EnhancerBySpringCGLIB$$3f27a8da.aerospikeClient(<generated>)
	at org.springframework.data.aerospike.repository.TestConfigPerson.aerospikeTemplate(TestConfigPerson.java:38)
	at org.springframework.data.aerospike.repository.TestConfigPerson$$EnhancerBySpringCGLIB$$3f27a8da.CGLIB$aerospikeTemplate$0(<generated>)
	at org.springframework.data.aerospike.repository.TestConfigPerson$$EnhancerBySpringCGLIB$$3f27a8da$$FastClassBySpringCGLIB$$38965c5e.invoke(<generated>)
	at org.springframework.cglib.proxy.MethodProxy.invokeSuper(MethodProxy.java:228)
	at org.springframework.context.annotation.ConfigurationClassEnhancer$BeanMethodInterceptor.intercept(ConfigurationClassEnhancer.java:309)
	at org.springframework.data.aerospike.repository.TestConfigPerson$$EnhancerBySpringCGLIB$$3f27a8da.aerospikeTemplate(<generated>)
	at sun.reflect.NativeMethodAccessorImpl.invoke0(Native Method)
	at sun.reflect.NativeMethodAccessorImpl.invoke(NativeMethodAccessorImpl.java:62)
	at sun.reflect.DelegatingMethodAccessorImpl.invoke(DelegatingMethodAccessorImpl.java:43)
	at java.lang.reflect.Method.invoke(Method.java:498)
	at org.springframework.beans.factory.support.SimpleInstantiationStrategy.instantiate(SimpleInstantiationStrategy.java:162)
	at org.springframework.beans.factory.support.ConstructorResolver.instantiateUsingFactoryMethod(ConstructorResolver.java:588)
	at org.springframework.beans.factory.support.AbstractAutowireCapableBeanFactory.instantiateUsingFactoryMethod(AbstractAutowireCapableBeanFactory.java:1119)
	at org.springframework.beans.factory.support.AbstractAutowireCapableBeanFactory.createBeanInstance(AbstractAutowireCapableBeanFactory.java:1014)
	at org.springframework.beans.factory.support.AbstractAutowireCapableBeanFactory.doCreateBean(AbstractAutowireCapableBeanFactory.java:504)
	at org.springframework.beans.factory.support.AbstractAutowireCapableBeanFactory.createBean(AbstractAutowireCapableBeanFactory.java:476)
	at org.springframework.beans.factory.support.AbstractBeanFactory$1.getObject(AbstractBeanFactory.java:303)
	at org.springframework.beans.factory.support.DefaultSingletonBeanRegistry.getSingleton(DefaultSingletonBeanRegistry.java:230)
	at org.springframework.beans.factory.support.AbstractBeanFactory.doGetBean(AbstractBeanFactory.java:299)
	at org.springframework.beans.factory.support.AbstractBeanFactory.getBean(AbstractBeanFactory.java:194)
	at org.springframework.beans.factory.support.DefaultListableBeanFactory.preInstantiateSingletons(DefaultListableBeanFactory.java:755)
	at org.springframework.context.support.AbstractApplicationContext.finishBeanFactoryInitialization(AbstractApplicationContext.java:757)
	at org.springframework.context.support.AbstractApplicationContext.refresh(AbstractApplicationContext.java:480)
	at org.springframework.test.context.support.AbstractGenericContextLoader.loadContext(AbstractGenericContextLoader.java:125)
	at org.springframework.test.context.support.AbstractGenericContextLoader.loadContext(AbstractGenericContextLoader.java:60)
	at org.springframework.test.context.support.AbstractDelegatingSmartContextLoader.delegateLoading(AbstractDelegatingSmartContextLoader.java:109)
	at org.springframework.test.context.support.AbstractDelegatingSmartContextLoader.loadContext(AbstractDelegatingSmartContextLoader.java:261)
	at org.springframework.test.context.DefaultCacheAwareContextLoaderDelegate.loadContextInternal(DefaultCacheAwareContextLoaderDelegate.java:68)
	at org.springframework.test.context.DefaultCacheAwareContextLoaderDelegate.loadContext(DefaultCacheAwareContextLoaderDelegate.java:86)
	at org.springframework.test.context.DefaultTestContext.getApplicationContext(DefaultTestContext.java:72)
	at org.springframework.test.context.support.DependencyInjectionTestExecutionListener.injectDependencies(DependencyInjectionTestExecutionListener.java:117)
	at org.springframework.test.context.support.DependencyInjectionTestExecutionListener.prepareTestInstance(DependencyInjectionTestExecutionListener.java:83)
	at org.springframework.test.context.TestContextManager.prepareTestInstance(TestContextManager.java:212)
	at org.springframework.test.context.junit4.SpringJUnit4ClassRunner.createTest(SpringJUnit4ClassRunner.java:200)
	at org.springframework.test.context.junit4.SpringJUnit4ClassRunner$1.runReflectiveCall(SpringJUnit4ClassRunner.java:259)
	at org.junit.internal.runners.model.ReflectiveCallable.run(ReflectiveCallable.java:12)
	at org.springframework.test.context.junit4.SpringJUnit4ClassRunner.methodBlock(SpringJUnit4ClassRunner.java:261)
	at org.springframework.test.context.junit4.SpringJUnit4ClassRunner.runChild(SpringJUnit4ClassRunner.java:219)
	at org.springframework.test.context.junit4.SpringJUnit4ClassRunner.runChild(SpringJUnit4ClassRunner.java:83)
	at org.junit.runners.ParentRunner$3.run(ParentRunner.java:290)
	at org.junit.runners.ParentRunner$1.schedule(ParentRunner.java:71)
	at org.junit.runners.ParentRunner.runChildren(ParentRunner.java:288)
	at org.junit.runners.ParentRunner.access$000(ParentRunner.java:58)
	at org.junit.runners.ParentRunner$2.evaluate(ParentRunner.java:268)
	at org.springframework.test.context.junit4.statements.RunBeforeTestClassCallbacks.evaluate(RunBeforeTestClassCallbacks.java:61)
	at org.springframework.test.context.junit4.statements.RunAfterTestClassCallbacks.evaluate(RunAfterTestClassCallbacks.java:68)
	at org.junit.runners.ParentRunner.run(ParentRunner.java:363)
	at org.springframework.test.context.junit4.SpringJUnit4ClassRunner.run(SpringJUnit4ClassRunner.java:163)
	at org.junit.runners.Suite.runChild(Suite.java:128)
	at org.junit.runners.Suite.runChild(Suite.java:27)
	at org.junit.runners.ParentRunner$3.run(ParentRunner.java:290)
	at org.junit.runners.ParentRunner$1.schedule(ParentRunner.java:71)
	at org.junit.runners.ParentRunner.runChildren(ParentRunner.java:288)
	at org.junit.runners.ParentRunner.access$000(ParentRunner.java:58)
	at org.junit.runners.ParentRunner$2.evaluate(ParentRunner.java:268)
	at org.junit.runners.ParentRunner.run(ParentRunner.java:363)
	at org.apache.maven.surefire.junit4.JUnit4Provider.execute(JUnit4Provider.java:283)
	at org.apache.maven.surefire.junit4.JUnit4Provider.executeWithRerun(JUnit4Provider.java:173)
	at org.apache.maven.surefire.junit4.JUnit4Provider.executeTestSet(JUnit4Provider.java:153)
	at org.apache.maven.surefire.junit4.JUnit4Provider.invoke(JUnit4Provider.java:128)
	at org.apache.maven.surefire.booter.ForkedBooter.invokeProviderInSameClassLoader(ForkedBooter.java:203)
	at org.apache.maven.surefire.booter.ForkedBooter.runSuitesInProcess(ForkedBooter.java:155)
	at org.apache.maven.surefire.booter.ForkedBooter.main(ForkedBooter.java:103)
Caused by: com.aerospike.client.AerospikeException$Connection: Error Code 11: Failed to connect to host(s): 
52.41.32.83:3000 Error Code 11: java.net.SocketTimeoutException: connect timed out

	at com.aerospike.client.cluster.Cluster.seedNodes(Cluster.java:386)
	at com.aerospike.client.cluster.Cluster.tend(Cluster.java:273)
	at com.aerospike.client.cluster.Cluster.waitTillStabilized(Cluster.java:238)
	at com.aerospike.client.cluster.Cluster.initTendThread(Cluster.java:148)
	at com.aerospike.client.AerospikeClient.<init>(AerospikeClient.java:209)
	at com.aerospike.client.AerospikeClient.<init>(AerospikeClient.java:173)
	at org.springframework.data.aerospike.repository.TestConfigPerson.aerospikeClient(TestConfigPerson.java:32)
	at org.springframework.data.aerospike.repository.TestConfigPerson$$EnhancerBySpringCGLIB$$3f27a8da.CGLIB$aerospikeClient$1(<generated>)
	at org.springframework.data.aerospike.repository.TestConfigPerson$$EnhancerBySpringCGLIB$$3f27a8da$$FastClassBySpringCGLIB$$38965c5e.invoke(<generated>)
	at org.springframework.cglib.proxy.MethodProxy.invokeSuper(MethodProxy.java:228)
	at org.springframework.context.annotation.ConfigurationClassEnhancer$BeanMethodInterceptor.intercept(ConfigurationClassEnhancer.java:309)
	at org.springframework.data.aerospike.repository.TestConfigPerson$$EnhancerBySpringCGLIB$$3f27a8da.aerospikeClient(<generated>)
	at sun.reflect.NativeMethodAccessorImpl.invoke0(Native Method)
	at sun.reflect.NativeMethodAccessorImpl.invoke(NativeMethodAccessorImpl.java:62)
	at sun.reflect.DelegatingMethodAccessorImpl.invoke(DelegatingMethodAccessorImpl.java:43)
	at java.lang.reflect.Method.invoke(Method.java:498)
	at org.springframework.beans.factory.support.SimpleInstantiationStrategy.instantiate(SimpleInstantiationStrategy.java:162)
	at org.springframework.beans.factory.support.ConstructorResolver.instantiateUsingFactoryMethod(ConstructorResolver.java:588)
	at org.springframework.beans.factory.support.AbstractAutowireCapableBeanFactory.instantiateUsingFactoryMethod(AbstractAutowireCapableBeanFactory.java:1119)
	at org.springframework.beans.factory.support.AbstractAutowireCapableBeanFactory.createBeanInstance(AbstractAutowireCapableBeanFactory.java:1014)
	at org.springframework.beans.factory.support.AbstractAutowireCapableBeanFactory.doCreateBean(AbstractAutowireCapableBeanFactory.java:504)
	at org.springframework.beans.factory.support.AbstractAutowireCapableBeanFactory.createBean(AbstractAutowireCapableBeanFactory.java:476)
	at org.springframework.beans.factory.support.AbstractBeanFactory$1.getObject(AbstractBeanFactory.java:303)
	at org.springframework.beans.factory.support.DefaultSingletonBeanRegistry.getSingleton(DefaultSingletonBeanRegistry.java:230)
	at org.springframework.beans.factory.support.AbstractBeanFactory.doGetBean(AbstractBeanFactory.java:299)
	at org.springframework.beans.factory.support.AbstractBeanFactory.getBean(AbstractBeanFactory.java:194)
	at org.springframework.context.annotation.ConfigurationClassEnhancer$BeanMethodInterceptor.intercept(ConfigurationClassEnhancer.java:322)
	at org.springframework.data.aerospike.repository.TestConfigPerson$$EnhancerBySpringCGLIB$$3f27a8da.aerospikeClient(<generated>)
	at org.springframework.data.aerospike.repository.TestConfigPerson.aerospikeTemplate(TestConfigPerson.java:38)
	at org.springframework.data.aerospike.repository.TestConfigPerson$$EnhancerBySpringCGLIB$$3f27a8da.CGLIB$aerospikeTemplate$0(<generated>)
	at org.springframework.data.aerospike.repository.TestConfigPerson$$EnhancerBySpringCGLIB$$3f27a8da$$FastClassBySpringCGLIB$$38965c5e.invoke(<generated>)
	at org.springframework.cglib.proxy.MethodProxy.invokeSuper(MethodProxy.java:228)
	at org.springframework.context.annotation.ConfigurationClassEnhancer$BeanMethodInterceptor.intercept(ConfigurationClassEnhancer.java:309)
	at org.springframework.data.aerospike.repository.TestConfigPerson$$EnhancerBySpringCGLIB$$3f27a8da.aerospikeTemplate(<generated>)
	at sun.reflect.NativeMethodAccessorImpl.invoke0(Native Method)
	at sun.reflect.NativeMethodAccessorImpl.invoke(NativeMethodAccessorImpl.java:62)
	at sun.reflect.DelegatingMethodAccessorImpl.invoke(DelegatingMethodAccessorImpl.java:43)
	at java.lang.reflect.Method.invoke(Method.java:498)
	at org.springframework.beans.factory.support.SimpleInstantiationStrategy.instantiate(SimpleInstantiationStrategy.java:162)
	at org.springframework.beans.factory.support.ConstructorResolver.instantiateUsingFactoryMethod(ConstructorResolver.java:588)
	at org.springframework.beans.factory.support.AbstractAutowireCapableBeanFactory.instantiateUsingFactoryMethod(AbstractAutowireCapableBeanFactory.java:1119)
	at org.springframework.beans.factory.support.AbstractAutowireCapableBeanFactory.createBeanInstance(AbstractAutowireCapableBeanFactory.java:1014)
	at org.springframework.beans.factory.support.AbstractAutowireCapableBeanFactory.doCreateBean(AbstractAutowireCapableBeanFactory.java:504)
	at org.springframework.beans.factory.support.AbstractAutowireCapableBeanFactory.createBean(AbstractAutowireCapableBeanFactory.java:476)
	at org.springframework.beans.factory.support.AbstractBeanFactory$1.getObject(AbstractBeanFactory.java:303)
	at org.springframework.beans.factory.support.DefaultSingletonBeanRegistry.getSingleton(DefaultSingletonBeanRegistry.java:230)
	at org.springframework.beans.factory.support.AbstractBeanFactory.doGetBean(AbstractBeanFactory.java:299)
	at org.springframework.beans.factory.support.AbstractBeanFactory.getBean(AbstractBeanFactory.java:194)
	at org.springframework.beans.factory.support.DefaultListableBeanFactory.preInstantiateSingletons(DefaultListableBeanFactory.java:755)
	at org.springframework.context.support.AbstractApplicationContext.finishBeanFactoryInitialization(AbstractApplicationContext.java:757)
	at org.springframework.context.support.AbstractApplicationContext.refresh(AbstractApplicationContext.java:480)
	at org.springframework.test.context.support.AbstractGenericContextLoader.loadContext(AbstractGenericContextLoader.java:125)
	at org.springframework.test.context.support.AbstractGenericContextLoader.loadContext(AbstractGenericContextLoader.java:60)
	at org.springframework.test.context.support.AbstractDelegatingSmartContextLoader.delegateLoading(AbstractDelegatingSmartContextLoader.java:109)
	at org.springframework.test.context.support.AbstractDelegatingSmartContextLoader.loadContext(AbstractDelegatingSmartContextLoader.java:261)
	at org.springframework.test.context.DefaultCacheAwareContextLoaderDelegate.loadContextInternal(DefaultCacheAwareContextLoaderDelegate.java:68)
	at org.springframework.test.context.DefaultCacheAwareContextLoaderDelegate.loadContext(DefaultCacheAwareContextLoaderDelegate.java:86)
	at org.springframework.test.context.DefaultTestContext.getApplicationContext(DefaultTestContext.java:72)
	at org.springframework.test.context.support.DependencyInjectionTestExecutionListener.injectDependencies(DependencyInjectionTestExecutionListener.java:117)
	at org.springframework.test.context.support.DependencyInjectionTestExecutionListener.prepareTestInstance(DependencyInjectionTestExecutionListener.java:83)
	at org.springframework.test.context.TestContextManager.prepareTestInstance(TestContextManager.java:212)
	at org.springframework.test.context.junit4.SpringJUnit4ClassRunner.createTest(SpringJUnit4ClassRunner.java:200)
	at org.springframework.test.context.junit4.SpringJUnit4ClassRunner$1.runReflectiveCall(SpringJUnit4ClassRunner.java:259)
	at org.junit.internal.runners.model.ReflectiveCallable.run(ReflectiveCallable.java:12)
	at org.springframework.test.context.junit4.SpringJUnit4ClassRunner.methodBlock(SpringJUnit4ClassRunner.java:261)
	at org.springframework.test.context.junit4.SpringJUnit4ClassRunner.runChild(SpringJUnit4ClassRunner.java:219)
	at org.springframework.test.context.junit4.SpringJUnit4ClassRunner.runChild(SpringJUnit4ClassRunner.java:83)
	at org.junit.runners.ParentRunner$3.run(ParentRunner.java:290)
	at org.junit.runners.ParentRunner$1.schedule(ParentRunner.java:71)
	at org.junit.runners.ParentRunner.runChildren(ParentRunner.java:288)
	at org.junit.runners.ParentRunner.access$000(ParentRunner.java:58)
	at org.junit.runners.ParentRunner$2.evaluate(ParentRunner.java:268)
	at org.springframework.test.context.junit4.statements.RunBeforeTestClassCallbacks.evaluate(RunBeforeTestClassCallbacks.java:61)
	at org.springframework.test.context.junit4.statements.RunAfterTestClassCallbacks.evaluate(RunAfterTestClassCallbacks.java:68)
	at org.junit.runners.ParentRunner.run(ParentRunner.java:363)
	at org.springframework.test.context.junit4.SpringJUnit4ClassRunner.run(SpringJUnit4ClassRunner.java:163)
	at org.junit.runners.Suite.runChild(Suite.java:128)
	at org.junit.runners.Suite.runChild(Suite.java:27)
	at org.junit.runners.ParentRunner$3.run(ParentRunner.java:290)
	at org.junit.runners.ParentRunner$1.schedule(ParentRunner.java:71)
	at org.junit.runners.ParentRunner.runChildren(ParentRunner.java:288)
	at org.junit.runners.ParentRunner.access$000(ParentRunner.java:58)
	at org.junit.runners.ParentRunner$2.evaluate(ParentRunner.java:268)
	at org.junit.runners.ParentRunner.run(ParentRunner.java:363)
	at org.apache.maven.surefire.junit4.JUnit4Provider.execute(JUnit4Provider.java:283)
	at org.apache.maven.surefire.junit4.JUnit4Provider.executeWithRerun(JUnit4Provider.java:173)
	at org.apache.maven.surefire.junit4.JUnit4Provider.executeTestSet(JUnit4Provider.java:153)
	at org.apache.maven.surefire.junit4.JUnit4Provider.invoke(JUnit4Provider.java:128)
	at org.apache.maven.surefire.booter.ForkedBooter.invokeProviderInSameClassLoader(ForkedBooter.java:203)
	at org.apache.maven.surefire.booter.ForkedBooter.runSuitesInProcess(ForkedBooter.java:155)
	at org.apache.maven.surefire.booter.ForkedBooter.main(ForkedBooter.java:103)
]]></error>
    <system-out><![CDATA[16:37:49.721 [main] DEBUG o.s.t.annotation.ProfileValueUtils - Retrieved @ProfileValueSourceConfiguration [null] for test class [org.springframework.data.aerospike.repository.PersonRepositoryIntegrationTests]
16:37:49.721 [main] DEBUG o.s.t.annotation.ProfileValueUtils - Retrieved ProfileValueSource type [class org.springframework.test.annotation.SystemProfileValueSource] for class [org.springframework.data.aerospike.repository.PersonRepositoryIntegrationTests]
16:37:49.721 [main] DEBUG o.s.t.c.s.DependencyInjectionTestExecutionListener - Performing dependency injection for test context [[DefaultTestContext@70807224 testClass = PersonRepositoryIntegrationTests, testInstance = org.springframework.data.aerospike.repository.PersonRepositoryIntegrationTests@1937eaff, testMethod = [null], testException = [null], mergedContextConfiguration = [MergedContextConfiguration@400d912a testClass = PersonRepositoryIntegrationTests, locations = '{}', classes = '{class org.springframework.data.aerospike.repository.TestConfigPerson}', contextInitializerClasses = '[]', activeProfiles = '{}', propertySourceLocations = '{}', propertySourceProperties = '{}', contextLoader = 'org.springframework.test.context.support.DelegatingSmartContextLoader', parent = [null]]]].
16:37:49.721 [main] DEBUG o.s.t.c.s.AbstractDelegatingSmartContextLoader - Delegating to AnnotationConfigContextLoader to load context from [MergedContextConfiguration@400d912a testClass = PersonRepositoryIntegrationTests, locations = '{}', classes = '{class org.springframework.data.aerospike.repository.TestConfigPerson}', contextInitializerClasses = '[]', activeProfiles = '{}', propertySourceLocations = '{}', propertySourceProperties = '{}', contextLoader = 'org.springframework.test.context.support.DelegatingSmartContextLoader', parent = [null]].
16:37:49.721 [main] DEBUG o.s.t.c.s.AbstractGenericContextLoader - Loading ApplicationContext for merged context configuration [[MergedContextConfiguration@400d912a testClass = PersonRepositoryIntegrationTests, locations = '{}', classes = '{class org.springframework.data.aerospike.repository.TestConfigPerson}', contextInitializerClasses = '[]', activeProfiles = '{}', propertySourceLocations = '{}', propertySourceProperties = '{}', contextLoader = 'org.springframework.test.context.support.DelegatingSmartContextLoader', parent = [null]]].
16:37:49.722 [main] DEBUG o.s.core.env.StandardEnvironment - Adding [systemProperties] PropertySource with lowest search precedence
16:37:49.722 [main] DEBUG o.s.core.env.StandardEnvironment - Adding [systemEnvironment] PropertySource with lowest search precedence
16:37:49.722 [main] DEBUG o.s.core.env.StandardEnvironment - Initialized StandardEnvironment with PropertySources [systemProperties,systemEnvironment]
16:37:49.722 [main] DEBUG o.s.t.c.s.AnnotationConfigContextLoader - Registering annotated classes: {class org.springframework.data.aerospike.repository.TestConfigPerson}
16:37:49.723 [main] INFO  o.s.c.s.GenericApplicationContext - Refreshing org.springframework.context.support.GenericApplicationContext@7e0bc8a3: startup date [Tue Oct 04 16:37:49 BRT 2016]; root of context hierarchy
16:37:49.723 [main] DEBUG o.s.c.s.GenericApplicationContext - Bean factory for org.springframework.context.support.GenericApplicationContext@7e0bc8a3: org.springframework.beans.factory.support.DefaultListableBeanFactory@4b0f2299: defining beans [org.springframework.context.annotation.internalConfigurationAnnotationProcessor,org.springframework.context.annotation.internalAutowiredAnnotationProcessor,org.springframework.context.annotation.internalRequiredAnnotationProcessor,org.springframework.context.annotation.internalCommonAnnotationProcessor,testConfigPerson]; root of factory hierarchy
16:37:49.723 [main] DEBUG o.s.b.f.s.DefaultListableBeanFactory - Creating shared instance of singleton bean 'org.springframework.context.annotation.internalConfigurationAnnotationProcessor'
16:37:49.723 [main] DEBUG o.s.b.f.s.DefaultListableBeanFactory - Creating instance of bean 'org.springframework.context.annotation.internalConfigurationAnnotationProcessor'
16:37:49.723 [main] DEBUG o.s.b.f.s.DefaultListableBeanFactory - Eagerly caching bean 'org.springframework.context.annotation.internalConfigurationAnnotationProcessor' to allow for resolving potential circular references
16:37:49.723 [main] DEBUG o.s.b.f.s.DefaultListableBeanFactory - Finished creating instance of bean 'org.springframework.context.annotation.internalConfigurationAnnotationProcessor'
16:37:49.724 [main] DEBUG o.s.c.a.ConfigurationClassBeanDefinitionReader - Registering bean definition for @Bean method org.springframework.data.aerospike.repository.TestConfigPerson.aerospikeTemplate()
16:37:49.724 [main] DEBUG o.s.c.a.ConfigurationClassBeanDefinitionReader - Registering bean definition for @Bean method org.springframework.data.aerospike.repository.TestConfigPerson.aerospikeClient()
16:37:49.724 [main] DEBUG o.s.core.env.StandardEnvironment - Adding [systemProperties] PropertySource with lowest search precedence
16:37:49.724 [main] DEBUG o.s.core.env.StandardEnvironment - Adding [systemEnvironment] PropertySource with lowest search precedence
16:37:49.724 [main] DEBUG o.s.core.env.StandardEnvironment - Initialized StandardEnvironment with PropertySources [systemProperties,systemEnvironment]
16:37:49.724 [main] DEBUG o.s.c.i.s.PathMatchingResourcePatternResolver - Looking for matching resources in directory tree [/home/aluno/spring-projects/maven/spring-data-aerospike/target/test-classes/org/springframework/data]
16:37:49.724 [main] DEBUG o.s.c.i.s.PathMatchingResourcePatternResolver - Searching directory [/home/aluno/spring-projects/maven/spring-data-aerospike/target/test-classes/org/springframework/data] for files matching pattern [/home/aluno/spring-projects/maven/spring-data-aerospike/target/test-classes/org/springframework/data/**/repository/support/**/*.class]
16:37:49.725 [main] DEBUG o.s.c.i.s.PathMatchingResourcePatternResolver - Searching directory [/home/aluno/spring-projects/maven/spring-data-aerospike/target/test-classes/org/springframework/data/keyvalue] for files matching pattern [/home/aluno/spring-projects/maven/spring-data-aerospike/target/test-classes/org/springframework/data/**/repository/support/**/*.class]
16:37:49.725 [main] DEBUG o.s.c.i.s.PathMatchingResourcePatternResolver - Searching directory [/home/aluno/spring-projects/maven/spring-data-aerospike/target/test-classes/org/springframework/data/keyvalue/repository] for files matching pattern [/home/aluno/spring-projects/maven/spring-data-aerospike/target/test-classes/org/springframework/data/**/repository/support/**/*.class]
16:37:49.725 [main] DEBUG o.s.c.i.s.PathMatchingResourcePatternResolver - Searching directory [/home/aluno/spring-projects/maven/spring-data-aerospike/target/test-classes/org/springframework/data/keyvalue/repository/query] for files matching pattern [/home/aluno/spring-projects/maven/spring-data-aerospike/target/test-classes/org/springframework/data/**/repository/support/**/*.class]
16:37:49.725 [main] DEBUG o.s.c.i.s.PathMatchingResourcePatternResolver - Searching directory [/home/aluno/spring-projects/maven/spring-data-aerospike/target/test-classes/org/springframework/data/aerospike] for files matching pattern [/home/aluno/spring-projects/maven/spring-data-aerospike/target/test-classes/org/springframework/data/**/repository/support/**/*.class]
16:37:49.725 [main] DEBUG o.s.c.i.s.PathMatchingResourcePatternResolver - Searching directory [/home/aluno/spring-projects/maven/spring-data-aerospike/target/test-classes/org/springframework/data/aerospike/mapping] for files matching pattern [/home/aluno/spring-projects/maven/spring-data-aerospike/target/test-classes/org/springframework/data/**/repository/support/**/*.class]
16:37:49.725 [main] DEBUG o.s.c.i.s.PathMatchingResourcePatternResolver - Searching directory [/home/aluno/spring-projects/maven/spring-data-aerospike/target/test-classes/org/springframework/data/aerospike/core] for files matching pattern [/home/aluno/spring-projects/maven/spring-data-aerospike/target/test-classes/org/springframework/data/**/repository/support/**/*.class]
16:37:49.725 [main] DEBUG o.s.c.i.s.PathMatchingResourcePatternResolver - Searching directory [/home/aluno/spring-projects/maven/spring-data-aerospike/target/test-classes/org/springframework/data/aerospike/convert] for files matching pattern [/home/aluno/spring-projects/maven/spring-data-aerospike/target/test-classes/org/springframework/data/**/repository/support/**/*.class]
16:37:49.727 [main] DEBUG o.s.c.i.s.PathMatchingResourcePatternResolver - Searching directory [/home/aluno/spring-projects/maven/spring-data-aerospike/target/test-classes/org/springframework/data/aerospike/sample] for files matching pattern [/home/aluno/spring-projects/maven/spring-data-aerospike/target/test-classes/org/springframework/data/**/repository/support/**/*.class]
16:37:49.727 [main] DEBUG o.s.c.i.s.PathMatchingResourcePatternResolver - Searching directory [/home/aluno/spring-projects/maven/spring-data-aerospike/target/test-classes/org/springframework/data/aerospike/repository] for files matching pattern [/home/aluno/spring-projects/maven/spring-data-aerospike/target/test-classes/org/springframework/data/**/repository/support/**/*.class]
16:37:49.727 [main] DEBUG o.s.c.i.s.PathMatchingResourcePatternResolver - Searching directory [/home/aluno/spring-projects/maven/spring-data-aerospike/target/test-classes/org/springframework/data/aerospike/repository/support] for files matching pattern [/home/aluno/spring-projects/maven/spring-data-aerospike/target/test-classes/org/springframework/data/**/repository/support/**/*.class]
16:37:49.728 [main] DEBUG o.s.c.i.s.PathMatchingResourcePatternResolver - Searching directory [/home/aluno/spring-projects/maven/spring-data-aerospike/target/test-classes/org/springframework/data/aerospike/repository/query] for files matching pattern [/home/aluno/spring-projects/maven/spring-data-aerospike/target/test-classes/org/springframework/data/**/repository/support/**/*.class]
16:37:49.728 [main] DEBUG o.s.c.i.s.PathMatchingResourcePatternResolver - Searching directory [/home/aluno/spring-projects/maven/spring-data-aerospike/target/test-classes/org/springframework/data/aerospike/config] for files matching pattern [/home/aluno/spring-projects/maven/spring-data-aerospike/target/test-classes/org/springframework/data/**/repository/support/**/*.class]
16:37:49.728 [main] DEBUG o.s.c.i.s.PathMatchingResourcePatternResolver - Searching directory [/home/aluno/spring-projects/maven/spring-data-aerospike/target/test-classes/org/springframework/data/aerospike/cache] for files matching pattern [/home/aluno/spring-projects/maven/spring-data-aerospike/target/test-classes/org/springframework/data/**/repository/support/**/*.class]
16:37:49.728 [main] DEBUG o.s.c.i.s.PathMatchingResourcePatternResolver - Looking for matching resources in directory tree [/home/aluno/spring-projects/maven/spring-data-aerospike/target/classes/org/springframework/data]
16:37:49.728 [main] DEBUG o.s.c.i.s.PathMatchingResourcePatternResolver - Searching directory [/home/aluno/spring-projects/maven/spring-data-aerospike/target/classes/org/springframework/data] for files matching pattern [/home/aluno/spring-projects/maven/spring-data-aerospike/target/classes/org/springframework/data/**/repository/support/**/*.class]
16:37:49.728 [main] DEBUG o.s.c.i.s.PathMatchingResourcePatternResolver - Searching directory [/home/aluno/spring-projects/maven/spring-data-aerospike/target/classes/org/springframework/data/aerospike] for files matching pattern [/home/aluno/spring-projects/maven/spring-data-aerospike/target/classes/org/springframework/data/**/repository/support/**/*.class]
16:37:49.728 [main] DEBUG o.s.c.i.s.PathMatchingResourcePatternResolver - Searching directory [/home/aluno/spring-projects/maven/spring-data-aerospike/target/classes/org/springframework/data/aerospike/mapping] for files matching pattern [/home/aluno/spring-projects/maven/spring-data-aerospike/target/classes/org/springframework/data/**/repository/support/**/*.class]
16:37:49.728 [main] DEBUG o.s.c.i.s.PathMatchingResourcePatternResolver - Searching directory [/home/aluno/spring-projects/maven/spring-data-aerospike/target/classes/org/springframework/data/aerospike/core] for files matching pattern [/home/aluno/spring-projects/maven/spring-data-aerospike/target/classes/org/springframework/data/**/repository/support/**/*.class]
16:37:49.728 [main] DEBUG o.s.c.i.s.PathMatchingResourcePatternResolver - Searching directory [/home/aluno/spring-projects/maven/spring-data-aerospike/target/classes/org/springframework/data/aerospike/convert] for files matching pattern [/home/aluno/spring-projects/maven/spring-data-aerospike/target/classes/org/springframework/data/**/repository/support/**/*.class]
16:37:49.729 [main] DEBUG o.s.c.i.s.PathMatchingResourcePatternResolver - Searching directory [/home/aluno/spring-projects/maven/spring-data-aerospike/target/classes/org/springframework/data/aerospike/example] for files matching pattern [/home/aluno/spring-projects/maven/spring-data-aerospike/target/classes/org/springframework/data/**/repository/support/**/*.class]
16:37:49.729 [main] DEBUG o.s.c.i.s.PathMatchingResourcePatternResolver - Searching directory [/home/aluno/spring-projects/maven/spring-data-aerospike/target/classes/org/springframework/data/aerospike/example/data] for files matching pattern [/home/aluno/spring-projects/maven/spring-data-aerospike/target/classes/org/springframework/data/**/repository/support/**/*.class]
16:37:49.729 [main] DEBUG o.s.c.i.s.PathMatchingResourcePatternResolver - Searching directory [/home/aluno/spring-projects/maven/spring-data-aerospike/target/classes/org/springframework/data/aerospike/example/config] for files matching pattern [/home/aluno/spring-projects/maven/spring-data-aerospike/target/classes/org/springframework/data/**/repository/support/**/*.class]
16:37:49.729 [main] DEBUG o.s.c.i.s.PathMatchingResourcePatternResolver - Searching directory [/home/aluno/spring-projects/maven/spring-data-aerospike/target/classes/org/springframework/data/aerospike/annotation] for files matching pattern [/home/aluno/spring-projects/maven/spring-data-aerospike/target/classes/org/springframework/data/**/repository/support/**/*.class]
16:37:49.729 [main] DEBUG o.s.c.i.s.PathMatchingResourcePatternResolver - Searching directory [/home/aluno/spring-projects/maven/spring-data-aerospike/target/classes/org/springframework/data/aerospike/repository] for files matching pattern [/home/aluno/spring-projects/maven/spring-data-aerospike/target/classes/org/springframework/data/**/repository/support/**/*.class]
16:37:49.729 [main] DEBUG o.s.c.i.s.PathMatchingResourcePatternResolver - Searching directory [/home/aluno/spring-projects/maven/spring-data-aerospike/target/classes/org/springframework/data/aerospike/repository/support] for files matching pattern [/home/aluno/spring-projects/maven/spring-data-aerospike/target/classes/org/springframework/data/**/repository/support/**/*.class]
16:37:49.729 [main] DEBUG o.s.c.i.s.PathMatchingResourcePatternResolver - Searching directory [/home/aluno/spring-projects/maven/spring-data-aerospike/target/classes/org/springframework/data/aerospike/repository/config] for files matching pattern [/home/aluno/spring-projects/maven/spring-data-aerospike/target/classes/org/springframework/data/**/repository/support/**/*.class]
16:37:49.729 [main] DEBUG o.s.c.i.s.PathMatchingResourcePatternResolver - Searching directory [/home/aluno/spring-projects/maven/spring-data-aerospike/target/classes/org/springframework/data/aerospike/repository/query] for files matching pattern [/home/aluno/spring-projects/maven/spring-data-aerospike/target/classes/org/springframework/data/**/repository/support/**/*.class]
16:37:49.729 [main] DEBUG o.s.c.i.s.PathMatchingResourcePatternResolver - Searching directory [/home/aluno/spring-projects/maven/spring-data-aerospike/target/classes/org/springframework/data/aerospike/config] for files matching pattern [/home/aluno/spring-projects/maven/spring-data-aerospike/target/classes/org/springframework/data/**/repository/support/**/*.class]
16:37:49.729 [main] DEBUG o.s.c.i.s.PathMatchingResourcePatternResolver - Searching directory [/home/aluno/spring-projects/maven/spring-data-aerospike/target/classes/org/springframework/data/aerospike/cache] for files matching pattern [/home/aluno/spring-projects/maven/spring-data-aerospike/target/classes/org/springframework/data/**/repository/support/**/*.class]
16:37:49.729 [main] DEBUG o.s.c.i.s.PathMatchingResourcePatternResolver - Searching directory [/home/aluno/spring-projects/maven/spring-data-aerospike/target/classes/org/springframework/data/aerospike/utility] for files matching pattern [/home/aluno/spring-projects/maven/spring-data-aerospike/target/classes/org/springframework/data/**/repository/support/**/*.class]
16:37:49.730 [main] DEBUG o.s.c.i.s.PathMatchingResourcePatternResolver - Looking for matching resources in jar file [file:/home/aluno/.m2/repository/org/springframework/data/spring-data-commons/1.11.0.RELEASE/spring-data-commons-1.11.0.RELEASE.jar]
16:37:49.731 [main] DEBUG o.s.c.i.s.PathMatchingResourcePatternResolver - Looking for matching resources in jar file [file:/home/aluno/.m2/repository/org/springframework/data/spring-data-keyvalue/1.0.0.M1/spring-data-keyvalue-1.0.0.M1.jar]
16:37:49.732 [main] DEBUG o.s.c.i.s.PathMatchingResourcePatternResolver - Resolved location pattern [classpath*:org/springframework/data/**/repository/support/**/*.class] to resources [file [/home/aluno/spring-projects/maven/spring-data-aerospike/target/test-classes/org/springframework/data/aerospike/repository/support/SimpleAerospikeRepositoryTest$5.class], file [/home/aluno/spring-projects/maven/spring-data-aerospike/target/test-classes/org/springframework/data/aerospike/repository/support/SimpleAerospikeRepositoryTest$9.class], file [/home/aluno/spring-projects/maven/spring-data-aerospike/target/test-classes/org/springframework/data/aerospike/repository/support/SimpleAerospikeRepositoryTest$4.class], file [/home/aluno/spring-projects/maven/spring-data-aerospike/target/test-classes/org/springframework/data/aerospike/repository/support/AerospikeRepositoryFactoryTest.class], file [/home/aluno/spring-projects/maven/spring-data-aerospike/target/test-classes/org/springframework/data/aerospike/repository/support/SimpleAerospikeRepositoryTest.class], file [/home/aluno/spring-projects/maven/spring-data-aerospike/target/test-classes/org/springframework/data/aerospike/repository/support/SimpleAerospikeRepositoryTest$1.class], file [/home/aluno/spring-projects/maven/spring-data-aerospike/target/test-classes/org/springframework/data/aerospike/repository/support/SimpleAerospikeRepositoryTest$3.class], file [/home/aluno/spring-projects/maven/spring-data-aerospike/target/test-classes/org/springframework/data/aerospike/repository/support/SimpleAerospikeRepositoryTest$8.class], file [/home/aluno/spring-projects/maven/spring-data-aerospike/target/test-classes/org/springframework/data/aerospike/repository/support/SimpleAerospikeRepositoryTest$6.class], file [/home/aluno/spring-projects/maven/spring-data-aerospike/target/test-classes/org/springframework/data/aerospike/repository/support/SimpleAerospikeRepositoryTest$2.class], file [/home/aluno/spring-projects/maven/spring-data-aerospike/target/test-classes/org/springframework/data/aerospike/repository/support/AllTests.class], file [/home/aluno/spring-projects/maven/spring-data-aerospike/target/test-classes/org/springframework/data/aerospike/repository/support/SimpleAerospikeRepositoryTest$7.class], file [/home/aluno/spring-projects/maven/spring-data-aerospike/target/classes/org/springframework/data/aerospike/repository/support/AerospikeRepositoryFactoryBean.class], file [/home/aluno/spring-projects/maven/spring-data-aerospike/target/classes/org/springframework/data/aerospike/repository/support/AerospikeRepositoryFactory$AerospikeQueryLookupStrategy.class], file [/home/aluno/spring-projects/maven/spring-data-aerospike/target/classes/org/springframework/data/aerospike/repository/support/AerospikeRepositoryFactory.class], file [/home/aluno/spring-projects/maven/spring-data-aerospike/target/classes/org/springframework/data/aerospike/repository/support/SimpleAerospikeRepository.class], URL [jar:file:/home/aluno/.m2/repository/org/springframework/data/spring-data-commons/1.11.0.RELEASE/spring-data-commons-1.11.0.RELEASE.jar!/org/springframework/data/repository/support/DomainClassConverter$ConversionMatchAbbreviationException.class], URL [jar:file:/home/aluno/.m2/repository/org/springframework/data/spring-data-commons/1.11.0.RELEASE/spring-data-commons-1.11.0.RELEASE.jar!/org/springframework/data/repository/support/DomainClassConverter$ToIdConverter.class], URL [jar:file:/home/aluno/.m2/repository/org/springframework/data/spring-data-commons/1.11.0.RELEASE/spring-data-commons-1.11.0.RELEASE.jar!/org/springframework/data/repository/support/Repositories$EmptyRepositoryFactoryInformation.class], URL [jar:file:/home/aluno/.m2/repository/org/springframework/data/spring-data-commons/1.11.0.RELEASE/spring-data-commons-1.11.0.RELEASE.jar!/org/springframework/data/repository/support/PagingAndSortingRepositoryInvoker.class], URL [jar:file:/home/aluno/.m2/repository/org/springframework/data/spring-data-commons/1.11.0.RELEASE/spring-data-commons-1.11.0.RELEASE.jar!/org/springframework/data/repository/support/QueryMethodParameterConversionException.class], URL [jar:file:/home/aluno/.m2/repository/org/springframework/data/spring-data-commons/1.11.0.RELEASE/spring-data-commons-1.11.0.RELEASE.jar!/org/springframework/data/repository/support/MethodParameters.class], URL [jar:file:/home/aluno/.m2/repository/org/springframework/data/spring-data-commons/1.11.0.RELEASE/spring-data-commons-1.11.0.RELEASE.jar!/org/springframework/data/repository/support/RepositoryInvoker.class], URL [jar:file:/home/aluno/.m2/repository/org/springframework/data/spring-data-commons/1.11.0.RELEASE/spring-data-commons-1.11.0.RELEASE.jar!/org/springframework/data/repository/support/RepositoryInvokerFactory.class], URL [jar:file:/home/aluno/.m2/repository/org/springframework/data/spring-data-commons/1.11.0.RELEASE/spring-data-commons-1.11.0.RELEASE.jar!/org/springframework/data/repository/support/DomainClassPropertyEditorRegistrar.class], URL [jar:file:/home/aluno/.m2/repository/org/springframework/data/spring-data-commons/1.11.0.RELEASE/spring-data-commons-1.11.0.RELEASE.jar!/org/springframework/data/repository/support/AnnotationAttribute.class], URL [jar:file:/home/aluno/.m2/repository/org/springframework/data/spring-data-commons/1.11.0.RELEASE/spring-data-commons-1.11.0.RELEASE.jar!/org/springframework/data/repository/support/DefaultRepositoryInvokerFactory.class], URL [jar:file:/home/aluno/.m2/repository/org/springframework/data/spring-data-commons/1.11.0.RELEASE/spring-data-commons-1.11.0.RELEASE.jar!/org/springframework/data/repository/support/MethodParameters$AnnotationNamingMethodParameter.class], URL [jar:file:/home/aluno/.m2/repository/org/springframework/data/spring-data-commons/1.11.0.RELEASE/spring-data-commons-1.11.0.RELEASE.jar!/org/springframework/data/repository/support/CrudRepositoryInvoker.class], URL [jar:file:/home/aluno/.m2/repository/org/springframework/data/spring-data-commons/1.11.0.RELEASE/spring-data-commons-1.11.0.RELEASE.jar!/org/springframework/data/repository/support/Repositories.class], URL [jar:file:/home/aluno/.m2/repository/org/springframework/data/spring-data-commons/1.11.0.RELEASE/spring-data-commons-1.11.0.RELEASE.jar!/org/springframework/data/repository/support/DomainClassConverter$ToEntityConverter.class], URL [jar:file:/home/aluno/.m2/repository/org/springframework/data/spring-data-commons/1.11.0.RELEASE/spring-data-commons-1.11.0.RELEASE.jar!/org/springframework/data/repository/support/ReflectionRepositoryInvoker.class], URL [jar:file:/home/aluno/.m2/repository/org/springframework/data/spring-data-commons/1.11.0.RELEASE/spring-data-commons-1.11.0.RELEASE.jar!/org/springframework/data/repository/support/DomainClassPropertyEditor.class], URL [jar:file:/home/aluno/.m2/repository/org/springframework/data/spring-data-commons/1.11.0.RELEASE/spring-data-commons-1.11.0.RELEASE.jar!/org/springframework/data/repository/support/DomainClassConverter.class], URL [jar:file:/home/aluno/.m2/repository/org/springframework/data/spring-data-commons/1.11.0.RELEASE/spring-data-commons-1.11.0.RELEASE.jar!/org/springframework/data/repository/support/DomainClassConverter$1.class], URL [jar:file:/home/aluno/.m2/repository/org/springframework/data/spring-data-commons/1.11.0.RELEASE/spring-data-commons-1.11.0.RELEASE.jar!/org/springframework/data/repository/support/RepositoryInvocationInformation.class], URL [jar:file:/home/aluno/.m2/repository/org/springframework/data/spring-data-keyvalue/1.0.0.M1/spring-data-keyvalue-1.0.0.M1.jar!/org/springframework/data/keyvalue/repository/support/KeyValueRepositoryFactory$KeyValueQueryLookupStrategy.class], URL [jar:file:/home/aluno/.m2/repository/org/springframework/data/spring-data-keyvalue/1.0.0.M1/spring-data-keyvalue-1.0.0.M1.jar!/org/springframework/data/keyvalue/repository/support/QuerydslKeyValueRepository.class], URL [jar:file:/home/aluno/.m2/repository/org/springframework/data/spring-data-keyvalue/1.0.0.M1/spring-data-keyvalue-1.0.0.M1.jar!/org/springframework/data/keyvalue/repository/support/KeyValueRepositoryFactoryBean.class], URL [jar:file:/home/aluno/.m2/repository/org/springframework/data/spring-data-keyvalue/1.0.0.M1/spring-data-keyvalue-1.0.0.M1.jar!/org/springframework/data/keyvalue/repository/support/KeyValueQuerydslUtils$1.class], URL [jar:file:/home/aluno/.m2/repository/org/springframework/data/spring-data-keyvalue/1.0.0.M1/spring-data-keyvalue-1.0.0.M1.jar!/org/springframework/data/keyvalue/repository/support/KeyValueQuerydslUtils.class], URL [jar:file:/home/aluno/.m2/repository/org/springframework/data/spring-data-keyvalue/1.0.0.M1/spring-data-keyvalue-1.0.0.M1.jar!/org/springframework/data/keyvalue/repository/support/KeyValueRepositoryFactory.class], URL [jar:file:/home/aluno/.m2/repository/org/springframework/data/spring-data-keyvalue/1.0.0.M1/spring-data-keyvalue-1.0.0.M1.jar!/org/springframework/data/keyvalue/repository/support/SimpleKeyValueRepository.class]]
16:37:49.734 [main] DEBUG o.s.c.a.ClassPathScanningCandidateComponentProvider - Identified candidate component class: file [/home/aluno/spring-projects/maven/spring-data-aerospike/target/classes/org/springframework/data/aerospike/repository/support/AerospikeRepositoryFactory.class]
16:37:49.739 [main] DEBUG o.s.c.a.ClassPathScanningCandidateComponentProvider - Identified candidate component class: URL [jar:file:/home/aluno/.m2/repository/org/springframework/data/spring-data-keyvalue/1.0.0.M1/spring-data-keyvalue-1.0.0.M1.jar!/org/springframework/data/keyvalue/repository/support/KeyValueRepositoryFactory.class]
16:37:49.739 [main] DEBUG o.s.d.r.c.RepositoryConfigurationDelegate - Multiple Spring Data modules found, entering strict repository configuration mode!
16:37:49.740 [main] DEBUG o.s.core.env.StandardEnvironment - Adding [systemProperties] PropertySource with lowest search precedence
16:37:49.740 [main] DEBUG o.s.core.env.StandardEnvironment - Adding [systemEnvironment] PropertySource with lowest search precedence
16:37:49.740 [main] DEBUG o.s.core.env.StandardEnvironment - Initialized StandardEnvironment with PropertySources [systemProperties,systemEnvironment]
16:37:49.740 [main] DEBUG o.s.c.i.s.PathMatchingResourcePatternResolver - Looking for matching resources in directory tree [/home/aluno/spring-projects/maven/spring-data-aerospike/target/test-classes/org/springframework/data/aerospike/repository]
16:37:49.740 [main] DEBUG o.s.c.i.s.PathMatchingResourcePatternResolver - Searching directory [/home/aluno/spring-projects/maven/spring-data-aerospike/target/test-classes/org/springframework/data/aerospike/repository] for files matching pattern [/home/aluno/spring-projects/maven/spring-data-aerospike/target/test-classes/org/springframework/data/aerospike/repository/**/*.class]
16:37:49.740 [main] DEBUG o.s.c.i.s.PathMatchingResourcePatternResolver - Searching directory [/home/aluno/spring-projects/maven/spring-data-aerospike/target/test-classes/org/springframework/data/aerospike/repository/support] for files matching pattern [/home/aluno/spring-projects/maven/spring-data-aerospike/target/test-classes/org/springframework/data/aerospike/repository/**/*.class]
16:37:49.740 [main] DEBUG o.s.c.i.s.PathMatchingResourcePatternResolver - Searching directory [/home/aluno/spring-projects/maven/spring-data-aerospike/target/test-classes/org/springframework/data/aerospike/repository/query] for files matching pattern [/home/aluno/spring-projects/maven/spring-data-aerospike/target/test-classes/org/springframework/data/aerospike/repository/**/*.class]
16:37:49.741 [main] DEBUG o.s.c.i.s.PathMatchingResourcePatternResolver - Looking for matching resources in directory tree [/home/aluno/spring-projects/maven/spring-data-aerospike/target/classes/org/springframework/data/aerospike/repository]
16:37:49.741 [main] DEBUG o.s.c.i.s.PathMatchingResourcePatternResolver - Searching directory [/home/aluno/spring-projects/maven/spring-data-aerospike/target/classes/org/springframework/data/aerospike/repository] for files matching pattern [/home/aluno/spring-projects/maven/spring-data-aerospike/target/classes/org/springframework/data/aerospike/repository/**/*.class]
16:37:49.741 [main] DEBUG o.s.c.i.s.PathMatchingResourcePatternResolver - Searching directory [/home/aluno/spring-projects/maven/spring-data-aerospike/target/classes/org/springframework/data/aerospike/repository/support] for files matching pattern [/home/aluno/spring-projects/maven/spring-data-aerospike/target/classes/org/springframework/data/aerospike/repository/**/*.class]
16:37:49.741 [main] DEBUG o.s.c.i.s.PathMatchingResourcePatternResolver - Searching directory [/home/aluno/spring-projects/maven/spring-data-aerospike/target/classes/org/springframework/data/aerospike/repository/config] for files matching pattern [/home/aluno/spring-projects/maven/spring-data-aerospike/target/classes/org/springframework/data/aerospike/repository/**/*.class]
16:37:49.741 [main] DEBUG o.s.c.i.s.PathMatchingResourcePatternResolver - Searching directory [/home/aluno/spring-projects/maven/spring-data-aerospike/target/classes/org/springframework/data/aerospike/repository/query] for files matching pattern [/home/aluno/spring-projects/maven/spring-data-aerospike/target/classes/org/springframework/data/aerospike/repository/**/*.class]
16:37:49.741 [main] DEBUG o.s.c.i.s.PathMatchingResourcePatternResolver - Resolved location pattern [classpath*:org/springframework/data/aerospike/repository/**/*.class] to resources [file [/home/aluno/spring-projects/maven/spring-data-aerospike/target/test-classes/org/springframework/data/aerospike/repository/Credentials.class], file [/home/aluno/spring-projects/maven/spring-data-aerospike/target/test-classes/org/springframework/data/aerospike/repository/AbstractPersonRepositoryIntegrationTests$1.class], file [/home/aluno/spring-projects/maven/spring-data-aerospike/target/test-classes/org/springframework/data/aerospike/repository/PersonRepository.class], file [/home/aluno/spring-projects/maven/spring-data-aerospike/target/test-classes/org/springframework/data/aerospike/repository/TestConfigPerson.class], file [/home/aluno/spring-projects/maven/spring-data-aerospike/target/test-classes/org/springframework/data/aerospike/repository/Address.class], file [/home/aluno/spring-projects/maven/spring-data-aerospike/target/test-classes/org/springframework/data/aerospike/repository/Person$Sex.class], file [/home/aluno/spring-projects/maven/spring-data-aerospike/target/test-classes/org/springframework/data/aerospike/repository/Person.class], file [/home/aluno/spring-projects/maven/spring-data-aerospike/target/test-classes/org/springframework/data/aerospike/repository/ContactRepository.class], file [/home/aluno/spring-projects/maven/spring-data-aerospike/target/test-classes/org/springframework/data/aerospike/repository/AbstractPersonRepositoryIntegrationTests.class], file [/home/aluno/spring-projects/maven/spring-data-aerospike/target/test-classes/org/springframework/data/aerospike/repository/User.class], file [/home/aluno/spring-projects/maven/spring-data-aerospike/target/test-classes/org/springframework/data/aerospike/repository/CustomerRepositoriesIntegrationTests$Config.class], file [/home/aluno/spring-projects/maven/spring-data-aerospike/target/test-classes/org/springframework/data/aerospike/repository/AnnotatedPerson.class], file [/home/aluno/spring-projects/maven/spring-data-aerospike/target/test-classes/org/springframework/data/aerospike/repository/support/SimpleAerospikeRepositoryTest$5.class], file [/home/aluno/spring-projects/maven/spring-data-aerospike/target/test-classes/org/springframework/data/aerospike/repository/support/SimpleAerospikeRepositoryTest$9.class], file [/home/aluno/spring-projects/maven/spring-data-aerospike/target/test-classes/org/springframework/data/aerospike/repository/support/SimpleAerospikeRepositoryTest$4.class], file [/home/aluno/spring-projects/maven/spring-data-aerospike/target/test-classes/org/springframework/data/aerospike/repository/support/AerospikeRepositoryFactoryTest.class], file [/home/aluno/spring-projects/maven/spring-data-aerospike/target/test-classes/org/springframework/data/aerospike/repository/support/SimpleAerospikeRepositoryTest.class], file [/home/aluno/spring-projects/maven/spring-data-aerospike/target/test-classes/org/springframework/data/aerospike/repository/support/SimpleAerospikeRepositoryTest$1.class], file [/home/aluno/spring-projects/maven/spring-data-aerospike/target/test-classes/org/springframework/data/aerospike/repository/support/SimpleAerospikeRepositoryTest$3.class], file [/home/aluno/spring-projects/maven/spring-data-aerospike/target/test-classes/org/springframework/data/aerospike/repository/support/SimpleAerospikeRepositoryTest$8.class], file [/home/aluno/spring-projects/maven/spring-data-aerospike/target/test-classes/org/springframework/data/aerospike/repository/support/SimpleAerospikeRepositoryTest$6.class], file [/home/aluno/spring-projects/maven/spring-data-aerospike/target/test-classes/org/springframework/data/aerospike/repository/support/SimpleAerospikeRepositoryTest$2.class], file [/home/aluno/spring-projects/maven/spring-data-aerospike/target/test-classes/org/springframework/data/aerospike/repository/support/AllTests.class], file [/home/aluno/spring-projects/maven/spring-data-aerospike/target/test-classes/org/springframework/data/aerospike/repository/support/SimpleAerospikeRepositoryTest$7.class], file [/home/aluno/spring-projects/maven/spring-data-aerospike/target/test-classes/org/springframework/data/aerospike/repository/Contact.class], file [/home/aluno/spring-projects/maven/spring-data-aerospike/target/test-classes/org/springframework/data/aerospike/repository/AllTests.class], file [/home/aluno/spring-projects/maven/spring-data-aerospike/target/test-classes/org/springframework/data/aerospike/repository/PersonRepositoryIntegrationTests.class], file [/home/aluno/spring-projects/maven/spring-data-aerospike/target/test-classes/org/springframework/data/aerospike/repository/query/StubParameterAccessor.class], file [/home/aluno/spring-projects/maven/spring-data-aerospike/target/test-classes/org/springframework/data/aerospike/repository/query/AllTests.class], file [/home/aluno/spring-projects/maven/spring-data-aerospike/target/test-classes/org/springframework/data/aerospike/repository/query/AerospikePartTreeQueryTest.class], file [/home/aluno/spring-projects/maven/spring-data-aerospike/target/test-classes/org/springframework/data/aerospike/repository/CustomerRepositoriesIntegrationTests.class], file [/home/aluno/spring-projects/maven/spring-data-aerospike/target/classes/org/springframework/data/aerospike/repository/AerospikeRepository.class], file [/home/aluno/spring-projects/maven/spring-data-aerospike/target/classes/org/springframework/data/aerospike/repository/support/AerospikeRepositoryFactoryBean.class], file [/home/aluno/spring-projects/maven/spring-data-aerospike/target/classes/org/springframework/data/aerospike/repository/support/AerospikeRepositoryFactory$AerospikeQueryLookupStrategy.class], file [/home/aluno/spring-projects/maven/spring-data-aerospike/target/classes/org/springframework/data/aerospike/repository/support/AerospikeRepositoryFactory.class], file [/home/aluno/spring-projects/maven/spring-data-aerospike/target/classes/org/springframework/data/aerospike/repository/support/SimpleAerospikeRepository.class], file [/home/aluno/spring-projects/maven/spring-data-aerospike/target/classes/org/springframework/data/aerospike/repository/config/AerospikeRepositoriesRegistrar.class], file [/home/aluno/spring-projects/maven/spring-data-aerospike/target/classes/org/springframework/data/aerospike/repository/config/EnableAerospikeRepositories.class], file [/home/aluno/spring-projects/maven/spring-data-aerospike/target/classes/org/springframework/data/aerospike/repository/config/AerospikeRepositoriesRegistrar$1.class], file [/home/aluno/spring-projects/maven/spring-data-aerospike/target/classes/org/springframework/data/aerospike/repository/config/AerospikeRepositoriesRegistrar$AerospikeRepositoryConfigurationExtension.class], file [/home/aluno/spring-projects/maven/spring-data-aerospike/target/classes/org/springframework/data/aerospike/repository/query/AerospikeParameterAccessor.class], file [/home/aluno/spring-projects/maven/spring-data-aerospike/target/classes/org/springframework/data/aerospike/repository/query/Query.class], file [/home/aluno/spring-projects/maven/spring-data-aerospike/target/classes/org/springframework/data/aerospike/repository/query/ConvertingParameterAccessor.class], file [/home/aluno/spring-projects/maven/spring-data-aerospike/target/classes/org/springframework/data/aerospike/repository/query/AerospikeQueryCreator$1.class], file [/home/aluno/spring-projects/maven/spring-data-aerospike/target/classes/org/springframework/data/aerospike/repository/query/CriteriaDefinition.class], file [/home/aluno/spring-projects/maven/spring-data-aerospike/target/classes/org/springframework/data/aerospike/repository/query/TextCriteria.class], file [/home/aluno/spring-projects/maven/spring-data-aerospike/target/classes/org/springframework/data/aerospike/repository/query/Criteria.class], file [/home/aluno/spring-projects/maven/spring-data-aerospike/target/classes/org/springframework/data/aerospike/repository/query/AerospikePartTreeQuery.class], file [/home/aluno/spring-projects/maven/spring-data-aerospike/target/classes/org/springframework/data/aerospike/repository/query/AerospikeQueryCreator.class]]
16:37:49.742 [main] DEBUG o.s.d.r.c.RepositoryComponentProvider - Identified candidate component class: file [/home/aluno/spring-projects/maven/spring-data-aerospike/target/test-classes/org/springframework/data/aerospike/repository/PersonRepository.class]
16:37:49.742 [main] DEBUG o.s.d.r.c.RepositoryComponentProvider - Identified candidate component class: file [/home/aluno/spring-projects/maven/spring-data-aerospike/target/test-classes/org/springframework/data/aerospike/repository/ContactRepository.class]
16:37:49.748 [main] DEBUG o.s.core.env.StandardEnvironment - Adding [systemProperties] PropertySource with lowest search precedence
16:37:49.748 [main] DEBUG o.s.core.env.StandardEnvironment - Adding [systemEnvironment] PropertySource with lowest search precedence
16:37:49.748 [main] DEBUG o.s.core.env.StandardEnvironment - Initialized StandardEnvironment with PropertySources [systemProperties,systemEnvironment]
16:37:49.748 [main] DEBUG o.s.c.i.s.PathMatchingResourcePatternResolver - Looking for matching resources in directory tree [/home/aluno/spring-projects/maven/spring-data-aerospike/target/test-classes/org/springframework/data/aerospike/repository]
16:37:49.748 [main] DEBUG o.s.c.i.s.PathMatchingResourcePatternResolver - Searching directory [/home/aluno/spring-projects/maven/spring-data-aerospike/target/test-classes/org/springframework/data/aerospike/repository] for files matching pattern [/home/aluno/spring-projects/maven/spring-data-aerospike/target/test-classes/org/springframework/data/aerospike/repository/**/*PersonRepositoryImpl.class]
16:37:49.748 [main] DEBUG o.s.c.i.s.PathMatchingResourcePatternResolver - Searching directory [/home/aluno/spring-projects/maven/spring-data-aerospike/target/test-classes/org/springframework/data/aerospike/repository/support] for files matching pattern [/home/aluno/spring-projects/maven/spring-data-aerospike/target/test-classes/org/springframework/data/aerospike/repository/**/*PersonRepositoryImpl.class]
16:37:49.749 [main] DEBUG o.s.c.i.s.PathMatchingResourcePatternResolver - Searching directory [/home/aluno/spring-projects/maven/spring-data-aerospike/target/test-classes/org/springframework/data/aerospike/repository/query] for files matching pattern [/home/aluno/spring-projects/maven/spring-data-aerospike/target/test-classes/org/springframework/data/aerospike/repository/**/*PersonRepositoryImpl.class]
16:37:49.749 [main] DEBUG o.s.c.i.s.PathMatchingResourcePatternResolver - Looking for matching resources in directory tree [/home/aluno/spring-projects/maven/spring-data-aerospike/target/classes/org/springframework/data/aerospike/repository]
16:37:49.749 [main] DEBUG o.s.c.i.s.PathMatchingResourcePatternResolver - Searching directory [/home/aluno/spring-projects/maven/spring-data-aerospike/target/classes/org/springframework/data/aerospike/repository] for files matching pattern [/home/aluno/spring-projects/maven/spring-data-aerospike/target/classes/org/springframework/data/aerospike/repository/**/*PersonRepositoryImpl.class]
16:37:49.749 [main] DEBUG o.s.c.i.s.PathMatchingResourcePatternResolver - Searching directory [/home/aluno/spring-projects/maven/spring-data-aerospike/target/classes/org/springframework/data/aerospike/repository/support] for files matching pattern [/home/aluno/spring-projects/maven/spring-data-aerospike/target/classes/org/springframework/data/aerospike/repository/**/*PersonRepositoryImpl.class]
16:37:49.749 [main] DEBUG o.s.c.i.s.PathMatchingResourcePatternResolver - Searching directory [/home/aluno/spring-projects/maven/spring-data-aerospike/target/classes/org/springframework/data/aerospike/repository/config] for files matching pattern [/home/aluno/spring-projects/maven/spring-data-aerospike/target/classes/org/springframework/data/aerospike/repository/**/*PersonRepositoryImpl.class]
16:37:49.749 [main] DEBUG o.s.c.i.s.PathMatchingResourcePatternResolver - Searching directory [/home/aluno/spring-projects/maven/spring-data-aerospike/target/classes/org/springframework/data/aerospike/repository/query] for files matching pattern [/home/aluno/spring-projects/maven/spring-data-aerospike/target/classes/org/springframework/data/aerospike/repository/**/*PersonRepositoryImpl.class]
16:37:49.749 [main] DEBUG o.s.c.i.s.PathMatchingResourcePatternResolver - Resolved location pattern [classpath*:org/springframework/data/aerospike/repository/**/*PersonRepositoryImpl.class] to resources []
16:37:49.749 [main] DEBUG o.s.d.r.c.RepositoryConfigurationDelegate - Spring Data Aerospike - Registering repository: personRepository - Interface: org.springframework.data.aerospike.repository.PersonRepository - Factory: org.springframework.data.keyvalue.repository.support.KeyValueRepositoryFactoryBean
16:37:49.749 [main] DEBUG o.s.core.env.StandardEnvironment - Adding [systemProperties] PropertySource with lowest search precedence
16:37:49.749 [main] DEBUG o.s.core.env.StandardEnvironment - Adding [systemEnvironment] PropertySource with lowest search precedence
16:37:49.749 [main] DEBUG o.s.core.env.StandardEnvironment - Initialized StandardEnvironment with PropertySources [systemProperties,systemEnvironment]
16:37:49.750 [main] DEBUG o.s.c.i.s.PathMatchingResourcePatternResolver - Looking for matching resources in directory tree [/home/aluno/spring-projects/maven/spring-data-aerospike/target/test-classes/org/springframework/data/aerospike/repository]
16:37:49.750 [main] DEBUG o.s.c.i.s.PathMatchingResourcePatternResolver - Searching directory [/home/aluno/spring-projects/maven/spring-data-aerospike/target/test-classes/org/springframework/data/aerospike/repository] for files matching pattern [/home/aluno/spring-projects/maven/spring-data-aerospike/target/test-classes/org/springframework/data/aerospike/repository/**/*ContactRepositoryImpl.class]
16:37:49.750 [main] DEBUG o.s.c.i.s.PathMatchingResourcePatternResolver - Searching directory [/home/aluno/spring-projects/maven/spring-data-aerospike/target/test-classes/org/springframework/data/aerospike/repository/support] for files matching pattern [/home/aluno/spring-projects/maven/spring-data-aerospike/target/test-classes/org/springframework/data/aerospike/repository/**/*ContactRepositoryImpl.class]
16:37:49.750 [main] DEBUG o.s.c.i.s.PathMatchingResourcePatternResolver - Searching directory [/home/aluno/spring-projects/maven/spring-data-aerospike/target/test-classes/org/springframework/data/aerospike/repository/query] for files matching pattern [/home/aluno/spring-projects/maven/spring-data-aerospike/target/test-classes/org/springframework/data/aerospike/repository/**/*ContactRepositoryImpl.class]
16:37:49.750 [main] DEBUG o.s.c.i.s.PathMatchingResourcePatternResolver - Looking for matching resources in directory tree [/home/aluno/spring-projects/maven/spring-data-aerospike/target/classes/org/springframework/data/aerospike/repository]
16:37:49.750 [main] DEBUG o.s.c.i.s.PathMatchingResourcePatternResolver - Searching directory [/home/aluno/spring-projects/maven/spring-data-aerospike/target/classes/org/springframework/data/aerospike/repository] for files matching pattern [/home/aluno/spring-projects/maven/spring-data-aerospike/target/classes/org/springframework/data/aerospike/repository/**/*ContactRepositoryImpl.class]
16:37:49.750 [main] DEBUG o.s.c.i.s.PathMatchingResourcePatternResolver - Searching directory [/home/aluno/spring-projects/maven/spring-data-aerospike/target/classes/org/springframework/data/aerospike/repository/support] for files matching pattern [/home/aluno/spring-projects/maven/spring-data-aerospike/target/classes/org/springframework/data/aerospike/repository/**/*ContactRepositoryImpl.class]
16:37:49.750 [main] DEBUG o.s.c.i.s.PathMatchingResourcePatternResolver - Searching directory [/home/aluno/spring-projects/maven/spring-data-aerospike/target/classes/org/springframework/data/aerospike/repository/config] for files matching pattern [/home/aluno/spring-projects/maven/spring-data-aerospike/target/classes/org/springframework/data/aerospike/repository/**/*ContactRepositoryImpl.class]
16:37:49.750 [main] DEBUG o.s.c.i.s.PathMatchingResourcePatternResolver - Searching directory [/home/aluno/spring-projects/maven/spring-data-aerospike/target/classes/org/springframework/data/aerospike/repository/query] for files matching pattern [/home/aluno/spring-projects/maven/spring-data-aerospike/target/classes/org/springframework/data/aerospike/repository/**/*ContactRepositoryImpl.class]
16:37:49.750 [main] DEBUG o.s.c.i.s.PathMatchingResourcePatternResolver - Resolved location pattern [classpath*:org/springframework/data/aerospike/repository/**/*ContactRepositoryImpl.class] to resources []
16:37:49.751 [main] DEBUG o.s.d.r.c.RepositoryConfigurationDelegate - Spring Data Aerospike - Registering repository: contactRepository - Interface: org.springframework.data.aerospike.repository.ContactRepository - Factory: org.springframework.data.keyvalue.repository.support.KeyValueRepositoryFactoryBean
16:37:49.751 [main] DEBUG o.s.c.a.ConfigurationClassEnhancer - Successfully enhanced org.springframework.data.aerospike.repository.TestConfigPerson; enhanced class name is: org.springframework.data.aerospike.repository.TestConfigPerson$$EnhancerBySpringCGLIB$$3f27a8da
16:37:49.751 [main] DEBUG o.s.c.a.ConfigurationClassPostProcessor - Replacing bean definition 'testConfigPerson' existing class name 'org.springframework.data.aerospike.repository.TestConfigPerson' with enhanced class name 'org.springframework.data.aerospike.repository.TestConfigPerson$$EnhancerBySpringCGLIB$$3f27a8da'
16:37:49.751 [main] DEBUG o.s.b.f.s.DefaultListableBeanFactory - Creating shared instance of singleton bean 'org.springframework.context.annotation.internalAutowiredAnnotationProcessor'
16:37:49.751 [main] DEBUG o.s.b.f.s.DefaultListableBeanFactory - Creating instance of bean 'org.springframework.context.annotation.internalAutowiredAnnotationProcessor'
16:37:49.752 [main] DEBUG o.s.b.f.s.DefaultListableBeanFactory - Eagerly caching bean 'org.springframework.context.annotation.internalAutowiredAnnotationProcessor' to allow for resolving potential circular references
16:37:49.752 [main] DEBUG o.s.b.f.s.DefaultListableBeanFactory - Finished creating instance of bean 'org.springframework.context.annotation.internalAutowiredAnnotationProcessor'
16:37:49.752 [main] DEBUG o.s.b.f.s.DefaultListableBeanFactory - Creating shared instance of singleton bean 'org.springframework.context.annotation.internalRequiredAnnotationProcessor'
16:37:49.752 [main] DEBUG o.s.b.f.s.DefaultListableBeanFactory - Creating instance of bean 'org.springframework.context.annotation.internalRequiredAnnotationProcessor'
16:37:49.752 [main] DEBUG o.s.b.f.s.DefaultListableBeanFactory - Eagerly caching bean 'org.springframework.context.annotation.internalRequiredAnnotationProcessor' to allow for resolving potential circular references
16:37:49.752 [main] DEBUG o.s.b.f.s.DefaultListableBeanFactory - Finished creating instance of bean 'org.springframework.context.annotation.internalRequiredAnnotationProcessor'
16:37:49.752 [main] DEBUG o.s.b.f.s.DefaultListableBeanFactory - Creating shared instance of singleton bean 'org.springframework.context.annotation.internalCommonAnnotationProcessor'
16:37:49.752 [main] DEBUG o.s.b.f.s.DefaultListableBeanFactory - Creating instance of bean 'org.springframework.context.annotation.internalCommonAnnotationProcessor'
16:37:49.752 [main] DEBUG o.s.b.f.s.DefaultListableBeanFactory - Eagerly caching bean 'org.springframework.context.annotation.internalCommonAnnotationProcessor' to allow for resolving potential circular references
16:37:49.752 [main] DEBUG o.s.b.f.s.DefaultListableBeanFactory - Finished creating instance of bean 'org.springframework.context.annotation.internalCommonAnnotationProcessor'
16:37:49.752 [main] DEBUG o.s.b.f.s.DefaultListableBeanFactory - Creating shared instance of singleton bean 'org.springframework.context.annotation.ConfigurationClassPostProcessor.importAwareProcessor'
16:37:49.752 [main] DEBUG o.s.b.f.s.DefaultListableBeanFactory - Creating instance of bean 'org.springframework.context.annotation.ConfigurationClassPostProcessor.importAwareProcessor'
16:37:49.752 [main] DEBUG o.s.b.f.s.DefaultListableBeanFactory - Eagerly caching bean 'org.springframework.context.annotation.ConfigurationClassPostProcessor.importAwareProcessor' to allow for resolving potential circular references
16:37:49.752 [main] DEBUG o.s.b.f.s.DefaultListableBeanFactory - Finished creating instance of bean 'org.springframework.context.annotation.ConfigurationClassPostProcessor.importAwareProcessor'
16:37:49.752 [main] DEBUG o.s.b.f.s.DefaultListableBeanFactory - Creating shared instance of singleton bean 'org.springframework.context.annotation.ConfigurationClassPostProcessor.enhancedConfigurationProcessor'
16:37:49.752 [main] DEBUG o.s.b.f.s.DefaultListableBeanFactory - Creating instance of bean 'org.springframework.context.annotation.ConfigurationClassPostProcessor.enhancedConfigurationProcessor'
16:37:49.752 [main] DEBUG o.s.b.f.s.DefaultListableBeanFactory - Eagerly caching bean 'org.springframework.context.annotation.ConfigurationClassPostProcessor.enhancedConfigurationProcessor' to allow for resolving potential circular references
16:37:49.752 [main] DEBUG o.s.b.f.s.DefaultListableBeanFactory - Finished creating instance of bean 'org.springframework.context.annotation.ConfigurationClassPostProcessor.enhancedConfigurationProcessor'
16:37:49.752 [main] DEBUG o.s.b.f.s.DefaultListableBeanFactory - Creating shared instance of singleton bean 'org.springframework.data.repository.core.support.RepositoryInterfaceAwareBeanPostProcessor'
16:37:49.752 [main] DEBUG o.s.b.f.s.DefaultListableBeanFactory - Creating instance of bean 'org.springframework.data.repository.core.support.RepositoryInterfaceAwareBeanPostProcessor'
16:37:49.752 [main] DEBUG o.s.b.f.s.DefaultListableBeanFactory - Eagerly caching bean 'org.springframework.data.repository.core.support.RepositoryInterfaceAwareBeanPostProcessor' to allow for resolving potential circular references
16:37:49.752 [main] DEBUG o.s.b.f.s.DefaultListableBeanFactory - Finished creating instance of bean 'org.springframework.data.repository.core.support.RepositoryInterfaceAwareBeanPostProcessor'
16:37:49.752 [main] DEBUG o.s.c.s.GenericApplicationContext - Unable to locate MessageSource with name 'messageSource': using default [org.springframework.context.support.DelegatingMessageSource@196ae579]
16:37:49.752 [main] DEBUG o.s.c.s.GenericApplicationContext - Unable to locate ApplicationEventMulticaster with name 'applicationEventMulticaster': using default [org.springframework.context.event.SimpleApplicationEventMulticaster@6a2c717f]
16:37:49.753 [main] DEBUG o.s.b.f.s.DefaultListableBeanFactory - Pre-instantiating singletons in org.springframework.beans.factory.support.DefaultListableBeanFactory@4b0f2299: defining beans [org.springframework.context.annotation.internalConfigurationAnnotationProcessor,org.springframework.context.annotation.internalAutowiredAnnotationProcessor,org.springframework.context.annotation.internalRequiredAnnotationProcessor,org.springframework.context.annotation.internalCommonAnnotationProcessor,testConfigPerson,org.springframework.context.annotation.ConfigurationClassPostProcessor.importAwareProcessor,org.springframework.context.annotation.ConfigurationClassPostProcessor.enhancedConfigurationProcessor,aerospikeTemplate,aerospikeClient,org.springframework.data.aerospike.repository.config.AerospikeRepositoriesRegistrar$AerospikeRepositoryConfigurationExtension#0,org.springframework.data.repository.core.support.RepositoryInterfaceAwareBeanPostProcessor,keyValueMappingContext,personRepository,contactRepository]; root of factory hierarchy
16:37:49.753 [main] DEBUG o.s.b.f.s.DefaultListableBeanFactory - Returning cached instance of singleton bean 'org.springframework.context.annotation.internalConfigurationAnnotationProcessor'
16:37:49.753 [main] DEBUG o.s.b.f.s.DefaultListableBeanFactory - Returning cached instance of singleton bean 'org.springframework.context.annotation.internalAutowiredAnnotationProcessor'
16:37:49.753 [main] DEBUG o.s.b.f.s.DefaultListableBeanFactory - Returning cached instance of singleton bean 'org.springframework.context.annotation.internalRequiredAnnotationProcessor'
16:37:49.753 [main] DEBUG o.s.b.f.s.DefaultListableBeanFactory - Returning cached instance of singleton bean 'org.springframework.context.annotation.internalCommonAnnotationProcessor'
16:37:49.753 [main] DEBUG o.s.b.f.s.DefaultListableBeanFactory - Creating shared instance of singleton bean 'testConfigPerson'
16:37:49.753 [main] DEBUG o.s.b.f.s.DefaultListableBeanFactory - Creating instance of bean 'testConfigPerson'
16:37:49.753 [main] DEBUG o.s.b.f.s.DefaultListableBeanFactory - Eagerly caching bean 'testConfigPerson' to allow for resolving potential circular references
16:37:49.753 [main] DEBUG o.s.b.f.s.DefaultListableBeanFactory - Finished creating instance of bean 'testConfigPerson'
16:37:49.753 [main] DEBUG o.s.b.f.s.DefaultListableBeanFactory - Returning cached instance of singleton bean 'org.springframework.context.annotation.ConfigurationClassPostProcessor.importAwareProcessor'
16:37:49.753 [main] DEBUG o.s.b.f.s.DefaultListableBeanFactory - Returning cached instance of singleton bean 'org.springframework.context.annotation.ConfigurationClassPostProcessor.enhancedConfigurationProcessor'
16:37:49.753 [main] DEBUG o.s.b.f.s.DefaultListableBeanFactory - Creating shared instance of singleton bean 'aerospikeTemplate'
16:37:49.753 [main] DEBUG o.s.b.f.s.DefaultListableBeanFactory - Creating instance of bean 'aerospikeTemplate'
16:37:49.753 [main] DEBUG o.s.b.f.s.DefaultListableBeanFactory - Returning cached instance of singleton bean 'testConfigPerson'
16:37:49.753 [main] DEBUG o.s.b.f.s.DefaultListableBeanFactory - Creating shared instance of singleton bean 'aerospikeClient'
16:37:49.753 [main] DEBUG o.s.b.f.s.DefaultListableBeanFactory - Creating instance of bean 'aerospikeClient'
16:37:49.753 [main] DEBUG o.s.b.f.s.DefaultListableBeanFactory - Returning cached instance of singleton bean 'testConfigPerson'
16:37:51.756 [main] DEBUG o.s.d.a.r.q.AerospikeQueryCreator - AS:Alias 52.41.32.83:3000 failed: Error Code 11: java.net.SocketTimeoutException: connect timed out
16:37:51.756 [main] WARN  o.s.d.a.r.q.AerospikeQueryCreator - AS:Seed 52.41.32.83:3000 failed: Error Code 11: java.net.SocketTimeoutException: connect timed out
16:37:51.758 [main] WARN  o.s.c.s.GenericApplicationContext - Exception encountered during context initialization - cancelling refresh attempt
org.springframework.beans.factory.BeanCreationException: Error creating bean with name 'aerospikeTemplate' defined in org.springframework.data.aerospike.repository.TestConfigPerson: Bean instantiation via factory method failed; nested exception is org.springframework.beans.BeanInstantiationException: Failed to instantiate [org.springframework.data.aerospike.core.AerospikeTemplate]: Factory method 'aerospikeTemplate' threw exception; nested exception is org.springframework.beans.factory.BeanCreationException: Error creating bean with name 'aerospikeClient' defined in org.springframework.data.aerospike.repository.TestConfigPerson: Bean instantiation via factory method failed; nested exception is org.springframework.beans.BeanInstantiationException: Failed to instantiate [com.aerospike.client.AerospikeClient]: Factory method 'aerospikeClient' threw exception; nested exception is com.aerospike.client.AerospikeException$Connection: Error Code 11: Failed to connect to host(s): 
52.41.32.83:3000 Error Code 11: java.net.SocketTimeoutException: connect timed out

	at org.springframework.beans.factory.support.ConstructorResolver.instantiateUsingFactoryMethod(ConstructorResolver.java:599) ~[spring-beans-4.1.7.RELEASE.jar:4.1.7.RELEASE]
	at org.springframework.beans.factory.support.AbstractAutowireCapableBeanFactory.instantiateUsingFactoryMethod(AbstractAutowireCapableBeanFactory.java:1119) ~[spring-beans-4.1.7.RELEASE.jar:4.1.7.RELEASE]
	at org.springframework.beans.factory.support.AbstractAutowireCapableBeanFactory.createBeanInstance(AbstractAutowireCapableBeanFactory.java:1014) ~[spring-beans-4.1.7.RELEASE.jar:4.1.7.RELEASE]
	at org.springframework.beans.factory.support.AbstractAutowireCapableBeanFactory.doCreateBean(AbstractAutowireCapableBeanFactory.java:504) ~[spring-beans-4.1.7.RELEASE.jar:4.1.7.RELEASE]
	at org.springframework.beans.factory.support.AbstractAutowireCapableBeanFactory.createBean(AbstractAutowireCapableBeanFactory.java:476) ~[spring-beans-4.1.7.RELEASE.jar:4.1.7.RELEASE]
	at org.springframework.beans.factory.support.AbstractBeanFactory$1.getObject(AbstractBeanFactory.java:303) ~[spring-beans-4.1.7.RELEASE.jar:4.1.7.RELEASE]
	at org.springframework.beans.factory.support.DefaultSingletonBeanRegistry.getSingleton(DefaultSingletonBeanRegistry.java:230) ~[spring-beans-4.1.7.RELEASE.jar:4.1.7.RELEASE]
	at org.springframework.beans.factory.support.AbstractBeanFactory.doGetBean(AbstractBeanFactory.java:299) ~[spring-beans-4.1.7.RELEASE.jar:4.1.7.RELEASE]
	at org.springframework.beans.factory.support.AbstractBeanFactory.getBean(AbstractBeanFactory.java:194) ~[spring-beans-4.1.7.RELEASE.jar:4.1.7.RELEASE]
	at org.springframework.beans.factory.support.DefaultListableBeanFactory.preInstantiateSingletons(DefaultListableBeanFactory.java:755) ~[spring-beans-4.1.7.RELEASE.jar:4.1.7.RELEASE]
	at org.springframework.context.support.AbstractApplicationContext.finishBeanFactoryInitialization(AbstractApplicationContext.java:757) ~[spring-context-4.1.7.RELEASE.jar:4.1.7.RELEASE]
	at org.springframework.context.support.AbstractApplicationContext.refresh(AbstractApplicationContext.java:480) ~[spring-context-4.1.7.RELEASE.jar:4.1.7.RELEASE]
	at org.springframework.test.context.support.AbstractGenericContextLoader.loadContext(AbstractGenericContextLoader.java:125) [spring-test-4.1.7.RELEASE.jar:4.1.7.RELEASE]
	at org.springframework.test.context.support.AbstractGenericContextLoader.loadContext(AbstractGenericContextLoader.java:60) [spring-test-4.1.7.RELEASE.jar:4.1.7.RELEASE]
	at org.springframework.test.context.support.AbstractDelegatingSmartContextLoader.delegateLoading(AbstractDelegatingSmartContextLoader.java:109) [spring-test-4.1.7.RELEASE.jar:4.1.7.RELEASE]
	at org.springframework.test.context.support.AbstractDelegatingSmartContextLoader.loadContext(AbstractDelegatingSmartContextLoader.java:261) [spring-test-4.1.7.RELEASE.jar:4.1.7.RELEASE]
	at org.springframework.test.context.DefaultCacheAwareContextLoaderDelegate.loadContextInternal(DefaultCacheAwareContextLoaderDelegate.java:68) [spring-test-4.1.7.RELEASE.jar:4.1.7.RELEASE]
	at org.springframework.test.context.DefaultCacheAwareContextLoaderDelegate.loadContext(DefaultCacheAwareContextLoaderDelegate.java:86) [spring-test-4.1.7.RELEASE.jar:4.1.7.RELEASE]
	at org.springframework.test.context.DefaultTestContext.getApplicationContext(DefaultTestContext.java:72) [spring-test-4.1.7.RELEASE.jar:4.1.7.RELEASE]
	at org.springframework.test.context.support.DependencyInjectionTestExecutionListener.injectDependencies(DependencyInjectionTestExecutionListener.java:117) [spring-test-4.1.7.RELEASE.jar:4.1.7.RELEASE]
	at org.springframework.test.context.support.DependencyInjectionTestExecutionListener.prepareTestInstance(DependencyInjectionTestExecutionListener.java:83) [spring-test-4.1.7.RELEASE.jar:4.1.7.RELEASE]
	at org.springframework.test.context.TestContextManager.prepareTestInstance(TestContextManager.java:212) [spring-test-4.1.7.RELEASE.jar:4.1.7.RELEASE]
	at org.springframework.test.context.junit4.SpringJUnit4ClassRunner.createTest(SpringJUnit4ClassRunner.java:200) [spring-test-4.1.7.RELEASE.jar:4.1.7.RELEASE]
	at org.springframework.test.context.junit4.SpringJUnit4ClassRunner$1.runReflectiveCall(SpringJUnit4ClassRunner.java:259) [spring-test-4.1.7.RELEASE.jar:4.1.7.RELEASE]
	at org.junit.internal.runners.model.ReflectiveCallable.run(ReflectiveCallable.java:12) [junit-4.12.jar:4.12]
	at org.springframework.test.context.junit4.SpringJUnit4ClassRunner.methodBlock(SpringJUnit4ClassRunner.java:261) [spring-test-4.1.7.RELEASE.jar:4.1.7.RELEASE]
	at org.springframework.test.context.junit4.SpringJUnit4ClassRunner.runChild(SpringJUnit4ClassRunner.java:219) [spring-test-4.1.7.RELEASE.jar:4.1.7.RELEASE]
	at org.springframework.test.context.junit4.SpringJUnit4ClassRunner.runChild(SpringJUnit4ClassRunner.java:83) [spring-test-4.1.7.RELEASE.jar:4.1.7.RELEASE]
	at org.junit.runners.ParentRunner$3.run(ParentRunner.java:290) [junit-4.12.jar:4.12]
	at org.junit.runners.ParentRunner$1.schedule(ParentRunner.java:71) [junit-4.12.jar:4.12]
	at org.junit.runners.ParentRunner.runChildren(ParentRunner.java:288) [junit-4.12.jar:4.12]
	at org.junit.runners.ParentRunner.access$000(ParentRunner.java:58) [junit-4.12.jar:4.12]
	at org.junit.runners.ParentRunner$2.evaluate(ParentRunner.java:268) [junit-4.12.jar:4.12]
	at org.springframework.test.context.junit4.statements.RunBeforeTestClassCallbacks.evaluate(RunBeforeTestClassCallbacks.java:61) [spring-test-4.1.7.RELEASE.jar:4.1.7.RELEASE]
	at org.springframework.test.context.junit4.statements.RunAfterTestClassCallbacks.evaluate(RunAfterTestClassCallbacks.java:68) [spring-test-4.1.7.RELEASE.jar:4.1.7.RELEASE]
	at org.junit.runners.ParentRunner.run(ParentRunner.java:363) [junit-4.12.jar:4.12]
	at org.springframework.test.context.junit4.SpringJUnit4ClassRunner.run(SpringJUnit4ClassRunner.java:163) [spring-test-4.1.7.RELEASE.jar:4.1.7.RELEASE]
	at org.junit.runners.Suite.runChild(Suite.java:128) [junit-4.12.jar:4.12]
	at org.junit.runners.Suite.runChild(Suite.java:27) [junit-4.12.jar:4.12]
	at org.junit.runners.ParentRunner$3.run(ParentRunner.java:290) [junit-4.12.jar:4.12]
	at org.junit.runners.ParentRunner$1.schedule(ParentRunner.java:71) [junit-4.12.jar:4.12]
	at org.junit.runners.ParentRunner.runChildren(ParentRunner.java:288) [junit-4.12.jar:4.12]
	at org.junit.runners.ParentRunner.access$000(ParentRunner.java:58) [junit-4.12.jar:4.12]
	at org.junit.runners.ParentRunner$2.evaluate(ParentRunner.java:268) [junit-4.12.jar:4.12]
	at org.junit.runners.ParentRunner.run(ParentRunner.java:363) [junit-4.12.jar:4.12]
	at org.apache.maven.surefire.junit4.JUnit4Provider.execute(JUnit4Provider.java:283) [surefire-junit4-2.18.1.jar:2.18.1]
	at org.apache.maven.surefire.junit4.JUnit4Provider.executeWithRerun(JUnit4Provider.java:173) [surefire-junit4-2.18.1.jar:2.18.1]
	at org.apache.maven.surefire.junit4.JUnit4Provider.executeTestSet(JUnit4Provider.java:153) [surefire-junit4-2.18.1.jar:2.18.1]
	at org.apache.maven.surefire.junit4.JUnit4Provider.invoke(JUnit4Provider.java:128) [surefire-junit4-2.18.1.jar:2.18.1]
	at org.apache.maven.surefire.booter.ForkedBooter.invokeProviderInSameClassLoader(ForkedBooter.java:203) [surefire-booter-2.18.1.jar:2.18.1]
	at org.apache.maven.surefire.booter.ForkedBooter.runSuitesInProcess(ForkedBooter.java:155) [surefire-booter-2.18.1.jar:2.18.1]
	at org.apache.maven.surefire.booter.ForkedBooter.main(ForkedBooter.java:103) [surefire-booter-2.18.1.jar:2.18.1]
Caused by: org.springframework.beans.BeanInstantiationException: Failed to instantiate [org.springframework.data.aerospike.core.AerospikeTemplate]: Factory method 'aerospikeTemplate' threw exception; nested exception is org.springframework.beans.factory.BeanCreationException: Error creating bean with name 'aerospikeClient' defined in org.springframework.data.aerospike.repository.TestConfigPerson: Bean instantiation via factory method failed; nested exception is org.springframework.beans.BeanInstantiationException: Failed to instantiate [com.aerospike.client.AerospikeClient]: Factory method 'aerospikeClient' threw exception; nested exception is com.aerospike.client.AerospikeException$Connection: Error Code 11: Failed to connect to host(s): 
52.41.32.83:3000 Error Code 11: java.net.SocketTimeoutException: connect timed out

	at org.springframework.beans.factory.support.SimpleInstantiationStrategy.instantiate(SimpleInstantiationStrategy.java:189) ~[spring-beans-4.1.7.RELEASE.jar:4.1.7.RELEASE]
	at org.springframework.beans.factory.support.ConstructorResolver.instantiateUsingFactoryMethod(ConstructorResolver.java:588) ~[spring-beans-4.1.7.RELEASE.jar:4.1.7.RELEASE]
	... 51 common frames omitted
Caused by: org.springframework.beans.factory.BeanCreationException: Error creating bean with name 'aerospikeClient' defined in org.springframework.data.aerospike.repository.TestConfigPerson: Bean instantiation via factory method failed; nested exception is org.springframework.beans.BeanInstantiationException: Failed to instantiate [com.aerospike.client.AerospikeClient]: Factory method 'aerospikeClient' threw exception; nested exception is com.aerospike.client.AerospikeException$Connection: Error Code 11: Failed to connect to host(s): 
52.41.32.83:3000 Error Code 11: java.net.SocketTimeoutException: connect timed out

	at org.springframework.beans.factory.support.ConstructorResolver.instantiateUsingFactoryMethod(ConstructorResolver.java:599) ~[spring-beans-4.1.7.RELEASE.jar:4.1.7.RELEASE]
	at org.springframework.beans.factory.support.AbstractAutowireCapableBeanFactory.instantiateUsingFactoryMethod(AbstractAutowireCapableBeanFactory.java:1119) ~[spring-beans-4.1.7.RELEASE.jar:4.1.7.RELEASE]
	at org.springframework.beans.factory.support.AbstractAutowireCapableBeanFactory.createBeanInstance(AbstractAutowireCapableBeanFactory.java:1014) ~[spring-beans-4.1.7.RELEASE.jar:4.1.7.RELEASE]
	at org.springframework.beans.factory.support.AbstractAutowireCapableBeanFactory.doCreateBean(AbstractAutowireCapableBeanFactory.java:504) ~[spring-beans-4.1.7.RELEASE.jar:4.1.7.RELEASE]
	at org.springframework.beans.factory.support.AbstractAutowireCapableBeanFactory.createBean(AbstractAutowireCapableBeanFactory.java:476) ~[spring-beans-4.1.7.RELEASE.jar:4.1.7.RELEASE]
	at org.springframework.beans.factory.support.AbstractBeanFactory$1.getObject(AbstractBeanFactory.java:303) ~[spring-beans-4.1.7.RELEASE.jar:4.1.7.RELEASE]
	at org.springframework.beans.factory.support.DefaultSingletonBeanRegistry.getSingleton(DefaultSingletonBeanRegistry.java:230) ~[spring-beans-4.1.7.RELEASE.jar:4.1.7.RELEASE]
	at org.springframework.beans.factory.support.AbstractBeanFactory.doGetBean(AbstractBeanFactory.java:299) ~[spring-beans-4.1.7.RELEASE.jar:4.1.7.RELEASE]
	at org.springframework.beans.factory.support.AbstractBeanFactory.getBean(AbstractBeanFactory.java:194) ~[spring-beans-4.1.7.RELEASE.jar:4.1.7.RELEASE]
	at org.springframework.context.annotation.ConfigurationClassEnhancer$BeanMethodInterceptor.intercept(ConfigurationClassEnhancer.java:322) ~[spring-context-4.1.7.RELEASE.jar:4.1.7.RELEASE]
	at org.springframework.data.aerospike.repository.TestConfigPerson$$EnhancerBySpringCGLIB$$3f27a8da.aerospikeClient(<generated>) ~[spring-core-4.1.7.RELEASE.jar:na]
	at org.springframework.data.aerospike.repository.TestConfigPerson.aerospikeTemplate(TestConfigPerson.java:38) ~[test-classes/:na]
	at org.springframework.data.aerospike.repository.TestConfigPerson$$EnhancerBySpringCGLIB$$3f27a8da.CGLIB$aerospikeTemplate$0(<generated>) ~[spring-core-4.1.7.RELEASE.jar:na]
	at org.springframework.data.aerospike.repository.TestConfigPerson$$EnhancerBySpringCGLIB$$3f27a8da$$FastClassBySpringCGLIB$$38965c5e.invoke(<generated>) ~[spring-core-4.1.7.RELEASE.jar:na]
	at org.springframework.cglib.proxy.MethodProxy.invokeSuper(MethodProxy.java:228) ~[spring-core-4.1.7.RELEASE.jar:4.1.7.RELEASE]
	at org.springframework.context.annotation.ConfigurationClassEnhancer$BeanMethodInterceptor.intercept(ConfigurationClassEnhancer.java:309) ~[spring-context-4.1.7.RELEASE.jar:4.1.7.RELEASE]
	at org.springframework.data.aerospike.repository.TestConfigPerson$$EnhancerBySpringCGLIB$$3f27a8da.aerospikeTemplate(<generated>) ~[spring-core-4.1.7.RELEASE.jar:na]
	at sun.reflect.NativeMethodAccessorImpl.invoke0(Native Method) ~[na:1.8.0_91]
	at sun.reflect.NativeMethodAccessorImpl.invoke(NativeMethodAccessorImpl.java:62) ~[na:1.8.0_91]
	at sun.reflect.DelegatingMethodAccessorImpl.invoke(DelegatingMethodAccessorImpl.java:43) ~[na:1.8.0_91]
	at java.lang.reflect.Method.invoke(Method.java:498) ~[na:1.8.0_91]
	at org.springframework.beans.factory.support.SimpleInstantiationStrategy.instantiate(SimpleInstantiationStrategy.java:162) ~[spring-beans-4.1.7.RELEASE.jar:4.1.7.RELEASE]
	... 52 common frames omitted
Caused by: org.springframework.beans.BeanInstantiationException: Failed to instantiate [com.aerospike.client.AerospikeClient]: Factory method 'aerospikeClient' threw exception; nested exception is com.aerospike.client.AerospikeException$Connection: Error Code 11: Failed to connect to host(s): 
52.41.32.83:3000 Error Code 11: java.net.SocketTimeoutException: connect timed out

	at org.springframework.beans.factory.support.SimpleInstantiationStrategy.instantiate(SimpleInstantiationStrategy.java:189) ~[spring-beans-4.1.7.RELEASE.jar:4.1.7.RELEASE]
	at org.springframework.beans.factory.support.ConstructorResolver.instantiateUsingFactoryMethod(ConstructorResolver.java:588) ~[spring-beans-4.1.7.RELEASE.jar:4.1.7.RELEASE]
	... 73 common frames omitted
Caused by: com.aerospike.client.AerospikeException$Connection: Error Code 11: Failed to connect to host(s): 
52.41.32.83:3000 Error Code 11: java.net.SocketTimeoutException: connect timed out

	at com.aerospike.client.cluster.Cluster.seedNodes(Cluster.java:386) ~[aerospike-client-3.2.3.jar:na]
	at com.aerospike.client.cluster.Cluster.tend(Cluster.java:273) ~[aerospike-client-3.2.3.jar:na]
	at com.aerospike.client.cluster.Cluster.waitTillStabilized(Cluster.java:238) ~[aerospike-client-3.2.3.jar:na]
	at com.aerospike.client.cluster.Cluster.initTendThread(Cluster.java:148) ~[aerospike-client-3.2.3.jar:na]
	at com.aerospike.client.AerospikeClient.<init>(AerospikeClient.java:209) ~[aerospike-client-3.2.3.jar:na]
	at com.aerospike.client.AerospikeClient.<init>(AerospikeClient.java:173) ~[aerospike-client-3.2.3.jar:na]
	at org.springframework.data.aerospike.repository.TestConfigPerson.aerospikeClient(TestConfigPerson.java:32) ~[test-classes/:na]
	at org.springframework.data.aerospike.repository.TestConfigPerson$$EnhancerBySpringCGLIB$$3f27a8da.CGLIB$aerospikeClient$1(<generated>) ~[spring-core-4.1.7.RELEASE.jar:na]
	at org.springframework.data.aerospike.repository.TestConfigPerson$$EnhancerBySpringCGLIB$$3f27a8da$$FastClassBySpringCGLIB$$38965c5e.invoke(<generated>) ~[spring-core-4.1.7.RELEASE.jar:na]
	at org.springframework.cglib.proxy.MethodProxy.invokeSuper(MethodProxy.java:228) ~[spring-core-4.1.7.RELEASE.jar:4.1.7.RELEASE]
	at org.springframework.context.annotation.ConfigurationClassEnhancer$BeanMethodInterceptor.intercept(ConfigurationClassEnhancer.java:309) ~[spring-context-4.1.7.RELEASE.jar:4.1.7.RELEASE]
	at org.springframework.data.aerospike.repository.TestConfigPerson$$EnhancerBySpringCGLIB$$3f27a8da.aerospikeClient(<generated>) ~[spring-core-4.1.7.RELEASE.jar:na]
	at sun.reflect.NativeMethodAccessorImpl.invoke0(Native Method) ~[na:1.8.0_91]
	at sun.reflect.NativeMethodAccessorImpl.invoke(NativeMethodAccessorImpl.java:62) ~[na:1.8.0_91]
	at sun.reflect.DelegatingMethodAccessorImpl.invoke(DelegatingMethodAccessorImpl.java:43) ~[na:1.8.0_91]
	at java.lang.reflect.Method.invoke(Method.java:498) ~[na:1.8.0_91]
	at org.springframework.beans.factory.support.SimpleInstantiationStrategy.instantiate(SimpleInstantiationStrategy.java:162) ~[spring-beans-4.1.7.RELEASE.jar:4.1.7.RELEASE]
	... 74 common frames omitted
16:37:51.759 [main] DEBUG o.s.b.f.s.DefaultListableBeanFactory - Destroying singletons in org.springframework.beans.factory.support.DefaultListableBeanFactory@4b0f2299: defining beans [org.springframework.context.annotation.internalConfigurationAnnotationProcessor,org.springframework.context.annotation.internalAutowiredAnnotationProcessor,org.springframework.context.annotation.internalRequiredAnnotationProcessor,org.springframework.context.annotation.internalCommonAnnotationProcessor,testConfigPerson,org.springframework.context.annotation.ConfigurationClassPostProcessor.importAwareProcessor,org.springframework.context.annotation.ConfigurationClassPostProcessor.enhancedConfigurationProcessor,aerospikeTemplate,aerospikeClient,org.springframework.data.aerospike.repository.config.AerospikeRepositoriesRegistrar$AerospikeRepositoryConfigurationExtension#0,org.springframework.data.repository.core.support.RepositoryInterfaceAwareBeanPostProcessor,keyValueMappingContext,personRepository,contactRepository]; root of factory hierarchy
16:37:51.760 [main] ERROR o.s.test.context.TestContextManager - Caught exception while allowing TestExecutionListener [org.springframework.test.context.support.DependencyInjectionTestExecutionListener@48e7b3d2] to prepare test instance [org.springframework.data.aerospike.repository.PersonRepositoryIntegrationTests@1937eaff]
java.lang.IllegalStateException: Failed to load ApplicationContext
	at org.springframework.test.context.DefaultCacheAwareContextLoaderDelegate.loadContext(DefaultCacheAwareContextLoaderDelegate.java:94) ~[spring-test-4.1.7.RELEASE.jar:4.1.7.RELEASE]
	at org.springframework.test.context.DefaultTestContext.getApplicationContext(DefaultTestContext.java:72) ~[spring-test-4.1.7.RELEASE.jar:4.1.7.RELEASE]
	at org.springframework.test.context.support.DependencyInjectionTestExecutionListener.injectDependencies(DependencyInjectionTestExecutionListener.java:117) ~[spring-test-4.1.7.RELEASE.jar:4.1.7.RELEASE]
	at org.springframework.test.context.support.DependencyInjectionTestExecutionListener.prepareTestInstance(DependencyInjectionTestExecutionListener.java:83) ~[spring-test-4.1.7.RELEASE.jar:4.1.7.RELEASE]
	at org.springframework.test.context.TestContextManager.prepareTestInstance(TestContextManager.java:212) ~[spring-test-4.1.7.RELEASE.jar:4.1.7.RELEASE]
	at org.springframework.test.context.junit4.SpringJUnit4ClassRunner.createTest(SpringJUnit4ClassRunner.java:200) [spring-test-4.1.7.RELEASE.jar:4.1.7.RELEASE]
	at org.springframework.test.context.junit4.SpringJUnit4ClassRunner$1.runReflectiveCall(SpringJUnit4ClassRunner.java:259) [spring-test-4.1.7.RELEASE.jar:4.1.7.RELEASE]
	at org.junit.internal.runners.model.ReflectiveCallable.run(ReflectiveCallable.java:12) [junit-4.12.jar:4.12]
	at org.springframework.test.context.junit4.SpringJUnit4ClassRunner.methodBlock(SpringJUnit4ClassRunner.java:261) [spring-test-4.1.7.RELEASE.jar:4.1.7.RELEASE]
	at org.springframework.test.context.junit4.SpringJUnit4ClassRunner.runChild(SpringJUnit4ClassRunner.java:219) [spring-test-4.1.7.RELEASE.jar:4.1.7.RELEASE]
	at org.springframework.test.context.junit4.SpringJUnit4ClassRunner.runChild(SpringJUnit4ClassRunner.java:83) [spring-test-4.1.7.RELEASE.jar:4.1.7.RELEASE]
	at org.junit.runners.ParentRunner$3.run(ParentRunner.java:290) [junit-4.12.jar:4.12]
	at org.junit.runners.ParentRunner$1.schedule(ParentRunner.java:71) [junit-4.12.jar:4.12]
	at org.junit.runners.ParentRunner.runChildren(ParentRunner.java:288) [junit-4.12.jar:4.12]
	at org.junit.runners.ParentRunner.access$000(ParentRunner.java:58) [junit-4.12.jar:4.12]
	at org.junit.runners.ParentRunner$2.evaluate(ParentRunner.java:268) [junit-4.12.jar:4.12]
	at org.springframework.test.context.junit4.statements.RunBeforeTestClassCallbacks.evaluate(RunBeforeTestClassCallbacks.java:61) [spring-test-4.1.7.RELEASE.jar:4.1.7.RELEASE]
	at org.springframework.test.context.junit4.statements.RunAfterTestClassCallbacks.evaluate(RunAfterTestClassCallbacks.java:68) [spring-test-4.1.7.RELEASE.jar:4.1.7.RELEASE]
	at org.junit.runners.ParentRunner.run(ParentRunner.java:363) [junit-4.12.jar:4.12]
	at org.springframework.test.context.junit4.SpringJUnit4ClassRunner.run(SpringJUnit4ClassRunner.java:163) [spring-test-4.1.7.RELEASE.jar:4.1.7.RELEASE]
	at org.junit.runners.Suite.runChild(Suite.java:128) [junit-4.12.jar:4.12]
	at org.junit.runners.Suite.runChild(Suite.java:27) [junit-4.12.jar:4.12]
	at org.junit.runners.ParentRunner$3.run(ParentRunner.java:290) [junit-4.12.jar:4.12]
	at org.junit.runners.ParentRunner$1.schedule(ParentRunner.java:71) [junit-4.12.jar:4.12]
	at org.junit.runners.ParentRunner.runChildren(ParentRunner.java:288) [junit-4.12.jar:4.12]
	at org.junit.runners.ParentRunner.access$000(ParentRunner.java:58) [junit-4.12.jar:4.12]
	at org.junit.runners.ParentRunner$2.evaluate(ParentRunner.java:268) [junit-4.12.jar:4.12]
	at org.junit.runners.ParentRunner.run(ParentRunner.java:363) [junit-4.12.jar:4.12]
	at org.apache.maven.surefire.junit4.JUnit4Provider.execute(JUnit4Provider.java:283) [surefire-junit4-2.18.1.jar:2.18.1]
	at org.apache.maven.surefire.junit4.JUnit4Provider.executeWithRerun(JUnit4Provider.java:173) [surefire-junit4-2.18.1.jar:2.18.1]
	at org.apache.maven.surefire.junit4.JUnit4Provider.executeTestSet(JUnit4Provider.java:153) [surefire-junit4-2.18.1.jar:2.18.1]
	at org.apache.maven.surefire.junit4.JUnit4Provider.invoke(JUnit4Provider.java:128) [surefire-junit4-2.18.1.jar:2.18.1]
	at org.apache.maven.surefire.booter.ForkedBooter.invokeProviderInSameClassLoader(ForkedBooter.java:203) [surefire-booter-2.18.1.jar:2.18.1]
	at org.apache.maven.surefire.booter.ForkedBooter.runSuitesInProcess(ForkedBooter.java:155) [surefire-booter-2.18.1.jar:2.18.1]
	at org.apache.maven.surefire.booter.ForkedBooter.main(ForkedBooter.java:103) [surefire-booter-2.18.1.jar:2.18.1]
Caused by: org.springframework.beans.factory.BeanCreationException: Error creating bean with name 'aerospikeTemplate' defined in org.springframework.data.aerospike.repository.TestConfigPerson: Bean instantiation via factory method failed; nested exception is org.springframework.beans.BeanInstantiationException: Failed to instantiate [org.springframework.data.aerospike.core.AerospikeTemplate]: Factory method 'aerospikeTemplate' threw exception; nested exception is org.springframework.beans.factory.BeanCreationException: Error creating bean with name 'aerospikeClient' defined in org.springframework.data.aerospike.repository.TestConfigPerson: Bean instantiation via factory method failed; nested exception is org.springframework.beans.BeanInstantiationException: Failed to instantiate [com.aerospike.client.AerospikeClient]: Factory method 'aerospikeClient' threw exception; nested exception is com.aerospike.client.AerospikeException$Connection: Error Code 11: Failed to connect to host(s): 
52.41.32.83:3000 Error Code 11: java.net.SocketTimeoutException: connect timed out

	at org.springframework.beans.factory.support.ConstructorResolver.instantiateUsingFactoryMethod(ConstructorResolver.java:599) ~[spring-beans-4.1.7.RELEASE.jar:4.1.7.RELEASE]
	at org.springframework.beans.factory.support.AbstractAutowireCapableBeanFactory.instantiateUsingFactoryMethod(AbstractAutowireCapableBeanFactory.java:1119) ~[spring-beans-4.1.7.RELEASE.jar:4.1.7.RELEASE]
	at org.springframework.beans.factory.support.AbstractAutowireCapableBeanFactory.createBeanInstance(AbstractAutowireCapableBeanFactory.java:1014) ~[spring-beans-4.1.7.RELEASE.jar:4.1.7.RELEASE]
	at org.springframework.beans.factory.support.AbstractAutowireCapableBeanFactory.doCreateBean(AbstractAutowireCapableBeanFactory.java:504) ~[spring-beans-4.1.7.RELEASE.jar:4.1.7.RELEASE]
	at org.springframework.beans.factory.support.AbstractAutowireCapableBeanFactory.createBean(AbstractAutowireCapableBeanFactory.java:476) ~[spring-beans-4.1.7.RELEASE.jar:4.1.7.RELEASE]
	at org.springframework.beans.factory.support.AbstractBeanFactory$1.getObject(AbstractBeanFactory.java:303) ~[spring-beans-4.1.7.RELEASE.jar:4.1.7.RELEASE]
	at org.springframework.beans.factory.support.DefaultSingletonBeanRegistry.getSingleton(DefaultSingletonBeanRegistry.java:230) ~[spring-beans-4.1.7.RELEASE.jar:4.1.7.RELEASE]
	at org.springframework.beans.factory.support.AbstractBeanFactory.doGetBean(AbstractBeanFactory.java:299) ~[spring-beans-4.1.7.RELEASE.jar:4.1.7.RELEASE]
	at org.springframework.beans.factory.support.AbstractBeanFactory.getBean(AbstractBeanFactory.java:194) ~[spring-beans-4.1.7.RELEASE.jar:4.1.7.RELEASE]
	at org.springframework.beans.factory.support.DefaultListableBeanFactory.preInstantiateSingletons(DefaultListableBeanFactory.java:755) ~[spring-beans-4.1.7.RELEASE.jar:4.1.7.RELEASE]
	at org.springframework.context.support.AbstractApplicationContext.finishBeanFactoryInitialization(AbstractApplicationContext.java:757) ~[spring-context-4.1.7.RELEASE.jar:4.1.7.RELEASE]
	at org.springframework.context.support.AbstractApplicationContext.refresh(AbstractApplicationContext.java:480) ~[spring-context-4.1.7.RELEASE.jar:4.1.7.RELEASE]
	at org.springframework.test.context.support.AbstractGenericContextLoader.loadContext(AbstractGenericContextLoader.java:125) ~[spring-test-4.1.7.RELEASE.jar:4.1.7.RELEASE]
	at org.springframework.test.context.support.AbstractGenericContextLoader.loadContext(AbstractGenericContextLoader.java:60) ~[spring-test-4.1.7.RELEASE.jar:4.1.7.RELEASE]
	at org.springframework.test.context.support.AbstractDelegatingSmartContextLoader.delegateLoading(AbstractDelegatingSmartContextLoader.java:109) ~[spring-test-4.1.7.RELEASE.jar:4.1.7.RELEASE]
	at org.springframework.test.context.support.AbstractDelegatingSmartContextLoader.loadContext(AbstractDelegatingSmartContextLoader.java:261) ~[spring-test-4.1.7.RELEASE.jar:4.1.7.RELEASE]
	at org.springframework.test.context.DefaultCacheAwareContextLoaderDelegate.loadContextInternal(DefaultCacheAwareContextLoaderDelegate.java:68) ~[spring-test-4.1.7.RELEASE.jar:4.1.7.RELEASE]
	at org.springframework.test.context.DefaultCacheAwareContextLoaderDelegate.loadContext(DefaultCacheAwareContextLoaderDelegate.java:86) ~[spring-test-4.1.7.RELEASE.jar:4.1.7.RELEASE]
	... 34 common frames omitted
Caused by: org.springframework.beans.BeanInstantiationException: Failed to instantiate [org.springframework.data.aerospike.core.AerospikeTemplate]: Factory method 'aerospikeTemplate' threw exception; nested exception is org.springframework.beans.factory.BeanCreationException: Error creating bean with name 'aerospikeClient' defined in org.springframework.data.aerospike.repository.TestConfigPerson: Bean instantiation via factory method failed; nested exception is org.springframework.beans.BeanInstantiationException: Failed to instantiate [com.aerospike.client.AerospikeClient]: Factory method 'aerospikeClient' threw exception; nested exception is com.aerospike.client.AerospikeException$Connection: Error Code 11: Failed to connect to host(s): 
52.41.32.83:3000 Error Code 11: java.net.SocketTimeoutException: connect timed out

	at org.springframework.beans.factory.support.SimpleInstantiationStrategy.instantiate(SimpleInstantiationStrategy.java:189) ~[spring-beans-4.1.7.RELEASE.jar:4.1.7.RELEASE]
	at org.springframework.beans.factory.support.ConstructorResolver.instantiateUsingFactoryMethod(ConstructorResolver.java:588) ~[spring-beans-4.1.7.RELEASE.jar:4.1.7.RELEASE]
	... 51 common frames omitted
Caused by: org.springframework.beans.factory.BeanCreationException: Error creating bean with name 'aerospikeClient' defined in org.springframework.data.aerospike.repository.TestConfigPerson: Bean instantiation via factory method failed; nested exception is org.springframework.beans.BeanInstantiationException: Failed to instantiate [com.aerospike.client.AerospikeClient]: Factory method 'aerospikeClient' threw exception; nested exception is com.aerospike.client.AerospikeException$Connection: Error Code 11: Failed to connect to host(s): 
52.41.32.83:3000 Error Code 11: java.net.SocketTimeoutException: connect timed out

	at org.springframework.beans.factory.support.ConstructorResolver.instantiateUsingFactoryMethod(ConstructorResolver.java:599) ~[spring-beans-4.1.7.RELEASE.jar:4.1.7.RELEASE]
	at org.springframework.beans.factory.support.AbstractAutowireCapableBeanFactory.instantiateUsingFactoryMethod(AbstractAutowireCapableBeanFactory.java:1119) ~[spring-beans-4.1.7.RELEASE.jar:4.1.7.RELEASE]
	at org.springframework.beans.factory.support.AbstractAutowireCapableBeanFactory.createBeanInstance(AbstractAutowireCapableBeanFactory.java:1014) ~[spring-beans-4.1.7.RELEASE.jar:4.1.7.RELEASE]
	at org.springframework.beans.factory.support.AbstractAutowireCapableBeanFactory.doCreateBean(AbstractAutowireCapableBeanFactory.java:504) ~[spring-beans-4.1.7.RELEASE.jar:4.1.7.RELEASE]
	at org.springframework.beans.factory.support.AbstractAutowireCapableBeanFactory.createBean(AbstractAutowireCapableBeanFactory.java:476) ~[spring-beans-4.1.7.RELEASE.jar:4.1.7.RELEASE]
	at org.springframework.beans.factory.support.AbstractBeanFactory$1.getObject(AbstractBeanFactory.java:303) ~[spring-beans-4.1.7.RELEASE.jar:4.1.7.RELEASE]
	at org.springframework.beans.factory.support.DefaultSingletonBeanRegistry.getSingleton(DefaultSingletonBeanRegistry.java:230) ~[spring-beans-4.1.7.RELEASE.jar:4.1.7.RELEASE]
	at org.springframework.beans.factory.support.AbstractBeanFactory.doGetBean(AbstractBeanFactory.java:299) ~[spring-beans-4.1.7.RELEASE.jar:4.1.7.RELEASE]
	at org.springframework.beans.factory.support.AbstractBeanFactory.getBean(AbstractBeanFactory.java:194) ~[spring-beans-4.1.7.RELEASE.jar:4.1.7.RELEASE]
	at org.springframework.context.annotation.ConfigurationClassEnhancer$BeanMethodInterceptor.intercept(ConfigurationClassEnhancer.java:322) ~[spring-context-4.1.7.RELEASE.jar:4.1.7.RELEASE]
	at org.springframework.data.aerospike.repository.TestConfigPerson$$EnhancerBySpringCGLIB$$3f27a8da.aerospikeClient(<generated>) ~[spring-core-4.1.7.RELEASE.jar:na]
	at org.springframework.data.aerospike.repository.TestConfigPerson.aerospikeTemplate(TestConfigPerson.java:38) ~[test-classes/:na]
	at org.springframework.data.aerospike.repository.TestConfigPerson$$EnhancerBySpringCGLIB$$3f27a8da.CGLIB$aerospikeTemplate$0(<generated>) ~[spring-core-4.1.7.RELEASE.jar:na]
	at org.springframework.data.aerospike.repository.TestConfigPerson$$EnhancerBySpringCGLIB$$3f27a8da$$FastClassBySpringCGLIB$$38965c5e.invoke(<generated>) ~[spring-core-4.1.7.RELEASE.jar:na]
	at org.springframework.cglib.proxy.MethodProxy.invokeSuper(MethodProxy.java:228) ~[spring-core-4.1.7.RELEASE.jar:4.1.7.RELEASE]
	at org.springframework.context.annotation.ConfigurationClassEnhancer$BeanMethodInterceptor.intercept(ConfigurationClassEnhancer.java:309) ~[spring-context-4.1.7.RELEASE.jar:4.1.7.RELEASE]
	at org.springframework.data.aerospike.repository.TestConfigPerson$$EnhancerBySpringCGLIB$$3f27a8da.aerospikeTemplate(<generated>) ~[spring-core-4.1.7.RELEASE.jar:na]
	at sun.reflect.NativeMethodAccessorImpl.invoke0(Native Method) ~[na:1.8.0_91]
	at sun.reflect.NativeMethodAccessorImpl.invoke(NativeMethodAccessorImpl.java:62) ~[na:1.8.0_91]
	at sun.reflect.DelegatingMethodAccessorImpl.invoke(DelegatingMethodAccessorImpl.java:43) ~[na:1.8.0_91]
	at java.lang.reflect.Method.invoke(Method.java:498) ~[na:1.8.0_91]
	at org.springframework.beans.factory.support.SimpleInstantiationStrategy.instantiate(SimpleInstantiationStrategy.java:162) ~[spring-beans-4.1.7.RELEASE.jar:4.1.7.RELEASE]
	... 52 common frames omitted
Caused by: org.springframework.beans.BeanInstantiationException: Failed to instantiate [com.aerospike.client.AerospikeClient]: Factory method 'aerospikeClient' threw exception; nested exception is com.aerospike.client.AerospikeException$Connection: Error Code 11: Failed to connect to host(s): 
52.41.32.83:3000 Error Code 11: java.net.SocketTimeoutException: connect timed out

	at org.springframework.beans.factory.support.SimpleInstantiationStrategy.instantiate(SimpleInstantiationStrategy.java:189) ~[spring-beans-4.1.7.RELEASE.jar:4.1.7.RELEASE]
	at org.springframework.beans.factory.support.ConstructorResolver.instantiateUsingFactoryMethod(ConstructorResolver.java:588) ~[spring-beans-4.1.7.RELEASE.jar:4.1.7.RELEASE]
	... 73 common frames omitted
Caused by: com.aerospike.client.AerospikeException$Connection: Error Code 11: Failed to connect to host(s): 
52.41.32.83:3000 Error Code 11: java.net.SocketTimeoutException: connect timed out

	at com.aerospike.client.cluster.Cluster.seedNodes(Cluster.java:386) ~[aerospike-client-3.2.3.jar:na]
	at com.aerospike.client.cluster.Cluster.tend(Cluster.java:273) ~[aerospike-client-3.2.3.jar:na]
	at com.aerospike.client.cluster.Cluster.waitTillStabilized(Cluster.java:238) ~[aerospike-client-3.2.3.jar:na]
	at com.aerospike.client.cluster.Cluster.initTendThread(Cluster.java:148) ~[aerospike-client-3.2.3.jar:na]
	at com.aerospike.client.AerospikeClient.<init>(AerospikeClient.java:209) ~[aerospike-client-3.2.3.jar:na]
	at com.aerospike.client.AerospikeClient.<init>(AerospikeClient.java:173) ~[aerospike-client-3.2.3.jar:na]
	at org.springframework.data.aerospike.repository.TestConfigPerson.aerospikeClient(TestConfigPerson.java:32) ~[test-classes/:na]
	at org.springframework.data.aerospike.repository.TestConfigPerson$$EnhancerBySpringCGLIB$$3f27a8da.CGLIB$aerospikeClient$1(<generated>) ~[spring-core-4.1.7.RELEASE.jar:na]
	at org.springframework.data.aerospike.repository.TestConfigPerson$$EnhancerBySpringCGLIB$$3f27a8da$$FastClassBySpringCGLIB$$38965c5e.invoke(<generated>) ~[spring-core-4.1.7.RELEASE.jar:na]
	at org.springframework.cglib.proxy.MethodProxy.invokeSuper(MethodProxy.java:228) ~[spring-core-4.1.7.RELEASE.jar:4.1.7.RELEASE]
	at org.springframework.context.annotation.ConfigurationClassEnhancer$BeanMethodInterceptor.intercept(ConfigurationClassEnhancer.java:309) ~[spring-context-4.1.7.RELEASE.jar:4.1.7.RELEASE]
	at org.springframework.data.aerospike.repository.TestConfigPerson$$EnhancerBySpringCGLIB$$3f27a8da.aerospikeClient(<generated>) ~[spring-core-4.1.7.RELEASE.jar:na]
	at sun.reflect.NativeMethodAccessorImpl.invoke0(Native Method) ~[na:1.8.0_91]
	at sun.reflect.NativeMethodAccessorImpl.invoke(NativeMethodAccessorImpl.java:62) ~[na:1.8.0_91]
	at sun.reflect.DelegatingMethodAccessorImpl.invoke(DelegatingMethodAccessorImpl.java:43) ~[na:1.8.0_91]
	at java.lang.reflect.Method.invoke(Method.java:498) ~[na:1.8.0_91]
	at org.springframework.beans.factory.support.SimpleInstantiationStrategy.instantiate(SimpleInstantiationStrategy.java:162) ~[spring-beans-4.1.7.RELEASE.jar:4.1.7.RELEASE]
	... 74 common frames omitted
]]></system-out>
  </testcase>
  <testcase name="findsPersonById" classname="org.springframework.data.aerospike.repository.PersonRepositoryIntegrationTests" time="0">
    <error message="Failed to load ApplicationContext" type="java.lang.IllegalStateException"><![CDATA[java.lang.IllegalStateException: Failed to load ApplicationContext
	at org.springframework.test.context.DefaultCacheAwareContextLoaderDelegate.loadContext(DefaultCacheAwareContextLoaderDelegate.java:94)
	at org.springframework.test.context.DefaultTestContext.getApplicationContext(DefaultTestContext.java:72)
	at org.springframework.test.context.support.DependencyInjectionTestExecutionListener.injectDependencies(DependencyInjectionTestExecutionListener.java:117)
	at org.springframework.test.context.support.DependencyInjectionTestExecutionListener.prepareTestInstance(DependencyInjectionTestExecutionListener.java:83)
	at org.springframework.test.context.TestContextManager.prepareTestInstance(TestContextManager.java:212)
	at org.springframework.test.context.junit4.SpringJUnit4ClassRunner.createTest(SpringJUnit4ClassRunner.java:200)
	at org.springframework.test.context.junit4.SpringJUnit4ClassRunner$1.runReflectiveCall(SpringJUnit4ClassRunner.java:259)
	at org.junit.internal.runners.model.ReflectiveCallable.run(ReflectiveCallable.java:12)
	at org.springframework.test.context.junit4.SpringJUnit4ClassRunner.methodBlock(SpringJUnit4ClassRunner.java:261)
	at org.springframework.test.context.junit4.SpringJUnit4ClassRunner.runChild(SpringJUnit4ClassRunner.java:219)
	at org.springframework.test.context.junit4.SpringJUnit4ClassRunner.runChild(SpringJUnit4ClassRunner.java:83)
	at org.junit.runners.ParentRunner$3.run(ParentRunner.java:290)
	at org.junit.runners.ParentRunner$1.schedule(ParentRunner.java:71)
	at org.junit.runners.ParentRunner.runChildren(ParentRunner.java:288)
	at org.junit.runners.ParentRunner.access$000(ParentRunner.java:58)
	at org.junit.runners.ParentRunner$2.evaluate(ParentRunner.java:268)
	at org.springframework.test.context.junit4.statements.RunBeforeTestClassCallbacks.evaluate(RunBeforeTestClassCallbacks.java:61)
	at org.springframework.test.context.junit4.statements.RunAfterTestClassCallbacks.evaluate(RunAfterTestClassCallbacks.java:68)
	at org.junit.runners.ParentRunner.run(ParentRunner.java:363)
	at org.springframework.test.context.junit4.SpringJUnit4ClassRunner.run(SpringJUnit4ClassRunner.java:163)
	at org.junit.runners.Suite.runChild(Suite.java:128)
	at org.junit.runners.Suite.runChild(Suite.java:27)
	at org.junit.runners.ParentRunner$3.run(ParentRunner.java:290)
	at org.junit.runners.ParentRunner$1.schedule(ParentRunner.java:71)
	at org.junit.runners.ParentRunner.runChildren(ParentRunner.java:288)
	at org.junit.runners.ParentRunner.access$000(ParentRunner.java:58)
	at org.junit.runners.ParentRunner$2.evaluate(ParentRunner.java:268)
	at org.junit.runners.ParentRunner.run(ParentRunner.java:363)
	at org.apache.maven.surefire.junit4.JUnit4Provider.execute(JUnit4Provider.java:283)
	at org.apache.maven.surefire.junit4.JUnit4Provider.executeWithRerun(JUnit4Provider.java:173)
	at org.apache.maven.surefire.junit4.JUnit4Provider.executeTestSet(JUnit4Provider.java:153)
	at org.apache.maven.surefire.junit4.JUnit4Provider.invoke(JUnit4Provider.java:128)
	at org.apache.maven.surefire.booter.ForkedBooter.invokeProviderInSameClassLoader(ForkedBooter.java:203)
	at org.apache.maven.surefire.booter.ForkedBooter.runSuitesInProcess(ForkedBooter.java:155)
	at org.apache.maven.surefire.booter.ForkedBooter.main(ForkedBooter.java:103)
Caused by: org.springframework.beans.factory.BeanCreationException: Error creating bean with name 'aerospikeTemplate' defined in org.springframework.data.aerospike.repository.TestConfigPerson: Bean instantiation via factory method failed; nested exception is org.springframework.beans.BeanInstantiationException: Failed to instantiate [org.springframework.data.aerospike.core.AerospikeTemplate]: Factory method 'aerospikeTemplate' threw exception; nested exception is org.springframework.beans.factory.BeanCreationException: Error creating bean with name 'aerospikeClient' defined in org.springframework.data.aerospike.repository.TestConfigPerson: Bean instantiation via factory method failed; nested exception is org.springframework.beans.BeanInstantiationException: Failed to instantiate [com.aerospike.client.AerospikeClient]: Factory method 'aerospikeClient' threw exception; nested exception is com.aerospike.client.AerospikeException$Connection: Error Code 11: Failed to connect to host(s): 
52.41.32.83:3000 Error Code 11: java.net.SocketTimeoutException: connect timed out

	at org.springframework.beans.factory.support.ConstructorResolver.instantiateUsingFactoryMethod(ConstructorResolver.java:599)
	at org.springframework.beans.factory.support.AbstractAutowireCapableBeanFactory.instantiateUsingFactoryMethod(AbstractAutowireCapableBeanFactory.java:1119)
	at org.springframework.beans.factory.support.AbstractAutowireCapableBeanFactory.createBeanInstance(AbstractAutowireCapableBeanFactory.java:1014)
	at org.springframework.beans.factory.support.AbstractAutowireCapableBeanFactory.doCreateBean(AbstractAutowireCapableBeanFactory.java:504)
	at org.springframework.beans.factory.support.AbstractAutowireCapableBeanFactory.createBean(AbstractAutowireCapableBeanFactory.java:476)
	at org.springframework.beans.factory.support.AbstractBeanFactory$1.getObject(AbstractBeanFactory.java:303)
	at org.springframework.beans.factory.support.DefaultSingletonBeanRegistry.getSingleton(DefaultSingletonBeanRegistry.java:230)
	at org.springframework.beans.factory.support.AbstractBeanFactory.doGetBean(AbstractBeanFactory.java:299)
	at org.springframework.beans.factory.support.AbstractBeanFactory.getBean(AbstractBeanFactory.java:194)
	at org.springframework.beans.factory.support.DefaultListableBeanFactory.preInstantiateSingletons(DefaultListableBeanFactory.java:755)
	at org.springframework.context.support.AbstractApplicationContext.finishBeanFactoryInitialization(AbstractApplicationContext.java:757)
	at org.springframework.context.support.AbstractApplicationContext.refresh(AbstractApplicationContext.java:480)
	at org.springframework.test.context.support.AbstractGenericContextLoader.loadContext(AbstractGenericContextLoader.java:125)
	at org.springframework.test.context.support.AbstractGenericContextLoader.loadContext(AbstractGenericContextLoader.java:60)
	at org.springframework.test.context.support.AbstractDelegatingSmartContextLoader.delegateLoading(AbstractDelegatingSmartContextLoader.java:109)
	at org.springframework.test.context.support.AbstractDelegatingSmartContextLoader.loadContext(AbstractDelegatingSmartContextLoader.java:261)
	at org.springframework.test.context.DefaultCacheAwareContextLoaderDelegate.loadContextInternal(DefaultCacheAwareContextLoaderDelegate.java:68)
	at org.springframework.test.context.DefaultCacheAwareContextLoaderDelegate.loadContext(DefaultCacheAwareContextLoaderDelegate.java:86)
	at org.springframework.test.context.DefaultTestContext.getApplicationContext(DefaultTestContext.java:72)
	at org.springframework.test.context.support.DependencyInjectionTestExecutionListener.injectDependencies(DependencyInjectionTestExecutionListener.java:117)
	at org.springframework.test.context.support.DependencyInjectionTestExecutionListener.prepareTestInstance(DependencyInjectionTestExecutionListener.java:83)
	at org.springframework.test.context.TestContextManager.prepareTestInstance(TestContextManager.java:212)
	at org.springframework.test.context.junit4.SpringJUnit4ClassRunner.createTest(SpringJUnit4ClassRunner.java:200)
	at org.springframework.test.context.junit4.SpringJUnit4ClassRunner$1.runReflectiveCall(SpringJUnit4ClassRunner.java:259)
	at org.junit.internal.runners.model.ReflectiveCallable.run(ReflectiveCallable.java:12)
	at org.springframework.test.context.junit4.SpringJUnit4ClassRunner.methodBlock(SpringJUnit4ClassRunner.java:261)
	at org.springframework.test.context.junit4.SpringJUnit4ClassRunner.runChild(SpringJUnit4ClassRunner.java:219)
	at org.springframework.test.context.junit4.SpringJUnit4ClassRunner.runChild(SpringJUnit4ClassRunner.java:83)
	at org.junit.runners.ParentRunner$3.run(ParentRunner.java:290)
	at org.junit.runners.ParentRunner$1.schedule(ParentRunner.java:71)
	at org.junit.runners.ParentRunner.runChildren(ParentRunner.java:288)
	at org.junit.runners.ParentRunner.access$000(ParentRunner.java:58)
	at org.junit.runners.ParentRunner$2.evaluate(ParentRunner.java:268)
	at org.springframework.test.context.junit4.statements.RunBeforeTestClassCallbacks.evaluate(RunBeforeTestClassCallbacks.java:61)
	at org.springframework.test.context.junit4.statements.RunAfterTestClassCallbacks.evaluate(RunAfterTestClassCallbacks.java:68)
	at org.junit.runners.ParentRunner.run(ParentRunner.java:363)
	at org.springframework.test.context.junit4.SpringJUnit4ClassRunner.run(SpringJUnit4ClassRunner.java:163)
	at org.junit.runners.Suite.runChild(Suite.java:128)
	at org.junit.runners.Suite.runChild(Suite.java:27)
	at org.junit.runners.ParentRunner$3.run(ParentRunner.java:290)
	at org.junit.runners.ParentRunner$1.schedule(ParentRunner.java:71)
	at org.junit.runners.ParentRunner.runChildren(ParentRunner.java:288)
	at org.junit.runners.ParentRunner.access$000(ParentRunner.java:58)
	at org.junit.runners.ParentRunner$2.evaluate(ParentRunner.java:268)
	at org.junit.runners.ParentRunner.run(ParentRunner.java:363)
	at org.apache.maven.surefire.junit4.JUnit4Provider.execute(JUnit4Provider.java:283)
	at org.apache.maven.surefire.junit4.JUnit4Provider.executeWithRerun(JUnit4Provider.java:173)
	at org.apache.maven.surefire.junit4.JUnit4Provider.executeTestSet(JUnit4Provider.java:153)
	at org.apache.maven.surefire.junit4.JUnit4Provider.invoke(JUnit4Provider.java:128)
	at org.apache.maven.surefire.booter.ForkedBooter.invokeProviderInSameClassLoader(ForkedBooter.java:203)
	at org.apache.maven.surefire.booter.ForkedBooter.runSuitesInProcess(ForkedBooter.java:155)
	at org.apache.maven.surefire.booter.ForkedBooter.main(ForkedBooter.java:103)
Caused by: org.springframework.beans.BeanInstantiationException: Failed to instantiate [org.springframework.data.aerospike.core.AerospikeTemplate]: Factory method 'aerospikeTemplate' threw exception; nested exception is org.springframework.beans.factory.BeanCreationException: Error creating bean with name 'aerospikeClient' defined in org.springframework.data.aerospike.repository.TestConfigPerson: Bean instantiation via factory method failed; nested exception is org.springframework.beans.BeanInstantiationException: Failed to instantiate [com.aerospike.client.AerospikeClient]: Factory method 'aerospikeClient' threw exception; nested exception is com.aerospike.client.AerospikeException$Connection: Error Code 11: Failed to connect to host(s): 
52.41.32.83:3000 Error Code 11: java.net.SocketTimeoutException: connect timed out

	at org.springframework.beans.factory.support.SimpleInstantiationStrategy.instantiate(SimpleInstantiationStrategy.java:189)
	at org.springframework.beans.factory.support.ConstructorResolver.instantiateUsingFactoryMethod(ConstructorResolver.java:588)
	at org.springframework.beans.factory.support.AbstractAutowireCapableBeanFactory.instantiateUsingFactoryMethod(AbstractAutowireCapableBeanFactory.java:1119)
	at org.springframework.beans.factory.support.AbstractAutowireCapableBeanFactory.createBeanInstance(AbstractAutowireCapableBeanFactory.java:1014)
	at org.springframework.beans.factory.support.AbstractAutowireCapableBeanFactory.doCreateBean(AbstractAutowireCapableBeanFactory.java:504)
	at org.springframework.beans.factory.support.AbstractAutowireCapableBeanFactory.createBean(AbstractAutowireCapableBeanFactory.java:476)
	at org.springframework.beans.factory.support.AbstractBeanFactory$1.getObject(AbstractBeanFactory.java:303)
	at org.springframework.beans.factory.support.DefaultSingletonBeanRegistry.getSingleton(DefaultSingletonBeanRegistry.java:230)
	at org.springframework.beans.factory.support.AbstractBeanFactory.doGetBean(AbstractBeanFactory.java:299)
	at org.springframework.beans.factory.support.AbstractBeanFactory.getBean(AbstractBeanFactory.java:194)
	at org.springframework.beans.factory.support.DefaultListableBeanFactory.preInstantiateSingletons(DefaultListableBeanFactory.java:755)
	at org.springframework.context.support.AbstractApplicationContext.finishBeanFactoryInitialization(AbstractApplicationContext.java:757)
	at org.springframework.context.support.AbstractApplicationContext.refresh(AbstractApplicationContext.java:480)
	at org.springframework.test.context.support.AbstractGenericContextLoader.loadContext(AbstractGenericContextLoader.java:125)
	at org.springframework.test.context.support.AbstractGenericContextLoader.loadContext(AbstractGenericContextLoader.java:60)
	at org.springframework.test.context.support.AbstractDelegatingSmartContextLoader.delegateLoading(AbstractDelegatingSmartContextLoader.java:109)
	at org.springframework.test.context.support.AbstractDelegatingSmartContextLoader.loadContext(AbstractDelegatingSmartContextLoader.java:261)
	at org.springframework.test.context.DefaultCacheAwareContextLoaderDelegate.loadContextInternal(DefaultCacheAwareContextLoaderDelegate.java:68)
	at org.springframework.test.context.DefaultCacheAwareContextLoaderDelegate.loadContext(DefaultCacheAwareContextLoaderDelegate.java:86)
	at org.springframework.test.context.DefaultTestContext.getApplicationContext(DefaultTestContext.java:72)
	at org.springframework.test.context.support.DependencyInjectionTestExecutionListener.injectDependencies(DependencyInjectionTestExecutionListener.java:117)
	at org.springframework.test.context.support.DependencyInjectionTestExecutionListener.prepareTestInstance(DependencyInjectionTestExecutionListener.java:83)
	at org.springframework.test.context.TestContextManager.prepareTestInstance(TestContextManager.java:212)
	at org.springframework.test.context.junit4.SpringJUnit4ClassRunner.createTest(SpringJUnit4ClassRunner.java:200)
	at org.springframework.test.context.junit4.SpringJUnit4ClassRunner$1.runReflectiveCall(SpringJUnit4ClassRunner.java:259)
	at org.junit.internal.runners.model.ReflectiveCallable.run(ReflectiveCallable.java:12)
	at org.springframework.test.context.junit4.SpringJUnit4ClassRunner.methodBlock(SpringJUnit4ClassRunner.java:261)
	at org.springframework.test.context.junit4.SpringJUnit4ClassRunner.runChild(SpringJUnit4ClassRunner.java:219)
	at org.springframework.test.context.junit4.SpringJUnit4ClassRunner.runChild(SpringJUnit4ClassRunner.java:83)
	at org.junit.runners.ParentRunner$3.run(ParentRunner.java:290)
	at org.junit.runners.ParentRunner$1.schedule(ParentRunner.java:71)
	at org.junit.runners.ParentRunner.runChildren(ParentRunner.java:288)
	at org.junit.runners.ParentRunner.access$000(ParentRunner.java:58)
	at org.junit.runners.ParentRunner$2.evaluate(ParentRunner.java:268)
	at org.springframework.test.context.junit4.statements.RunBeforeTestClassCallbacks.evaluate(RunBeforeTestClassCallbacks.java:61)
	at org.springframework.test.context.junit4.statements.RunAfterTestClassCallbacks.evaluate(RunAfterTestClassCallbacks.java:68)
	at org.junit.runners.ParentRunner.run(ParentRunner.java:363)
	at org.springframework.test.context.junit4.SpringJUnit4ClassRunner.run(SpringJUnit4ClassRunner.java:163)
	at org.junit.runners.Suite.runChild(Suite.java:128)
	at org.junit.runners.Suite.runChild(Suite.java:27)
	at org.junit.runners.ParentRunner$3.run(ParentRunner.java:290)
	at org.junit.runners.ParentRunner$1.schedule(ParentRunner.java:71)
	at org.junit.runners.ParentRunner.runChildren(ParentRunner.java:288)
	at org.junit.runners.ParentRunner.access$000(ParentRunner.java:58)
	at org.junit.runners.ParentRunner$2.evaluate(ParentRunner.java:268)
	at org.junit.runners.ParentRunner.run(ParentRunner.java:363)
	at org.apache.maven.surefire.junit4.JUnit4Provider.execute(JUnit4Provider.java:283)
	at org.apache.maven.surefire.junit4.JUnit4Provider.executeWithRerun(JUnit4Provider.java:173)
	at org.apache.maven.surefire.junit4.JUnit4Provider.executeTestSet(JUnit4Provider.java:153)
	at org.apache.maven.surefire.junit4.JUnit4Provider.invoke(JUnit4Provider.java:128)
	at org.apache.maven.surefire.booter.ForkedBooter.invokeProviderInSameClassLoader(ForkedBooter.java:203)
	at org.apache.maven.surefire.booter.ForkedBooter.runSuitesInProcess(ForkedBooter.java:155)
	at org.apache.maven.surefire.booter.ForkedBooter.main(ForkedBooter.java:103)
Caused by: org.springframework.beans.factory.BeanCreationException: Error creating bean with name 'aerospikeClient' defined in org.springframework.data.aerospike.repository.TestConfigPerson: Bean instantiation via factory method failed; nested exception is org.springframework.beans.BeanInstantiationException: Failed to instantiate [com.aerospike.client.AerospikeClient]: Factory method 'aerospikeClient' threw exception; nested exception is com.aerospike.client.AerospikeException$Connection: Error Code 11: Failed to connect to host(s): 
52.41.32.83:3000 Error Code 11: java.net.SocketTimeoutException: connect timed out

	at org.springframework.beans.factory.support.ConstructorResolver.instantiateUsingFactoryMethod(ConstructorResolver.java:599)
	at org.springframework.beans.factory.support.AbstractAutowireCapableBeanFactory.instantiateUsingFactoryMethod(AbstractAutowireCapableBeanFactory.java:1119)
	at org.springframework.beans.factory.support.AbstractAutowireCapableBeanFactory.createBeanInstance(AbstractAutowireCapableBeanFactory.java:1014)
	at org.springframework.beans.factory.support.AbstractAutowireCapableBeanFactory.doCreateBean(AbstractAutowireCapableBeanFactory.java:504)
	at org.springframework.beans.factory.support.AbstractAutowireCapableBeanFactory.createBean(AbstractAutowireCapableBeanFactory.java:476)
	at org.springframework.beans.factory.support.AbstractBeanFactory$1.getObject(AbstractBeanFactory.java:303)
	at org.springframework.beans.factory.support.DefaultSingletonBeanRegistry.getSingleton(DefaultSingletonBeanRegistry.java:230)
	at org.springframework.beans.factory.support.AbstractBeanFactory.doGetBean(AbstractBeanFactory.java:299)
	at org.springframework.beans.factory.support.AbstractBeanFactory.getBean(AbstractBeanFactory.java:194)
	at org.springframework.context.annotation.ConfigurationClassEnhancer$BeanMethodInterceptor.intercept(ConfigurationClassEnhancer.java:322)
	at org.springframework.data.aerospike.repository.TestConfigPerson$$EnhancerBySpringCGLIB$$3f27a8da.aerospikeClient(<generated>)
	at org.springframework.data.aerospike.repository.TestConfigPerson.aerospikeTemplate(TestConfigPerson.java:38)
	at org.springframework.data.aerospike.repository.TestConfigPerson$$EnhancerBySpringCGLIB$$3f27a8da.CGLIB$aerospikeTemplate$0(<generated>)
	at org.springframework.data.aerospike.repository.TestConfigPerson$$EnhancerBySpringCGLIB$$3f27a8da$$FastClassBySpringCGLIB$$38965c5e.invoke(<generated>)
	at org.springframework.cglib.proxy.MethodProxy.invokeSuper(MethodProxy.java:228)
	at org.springframework.context.annotation.ConfigurationClassEnhancer$BeanMethodInterceptor.intercept(ConfigurationClassEnhancer.java:309)
	at org.springframework.data.aerospike.repository.TestConfigPerson$$EnhancerBySpringCGLIB$$3f27a8da.aerospikeTemplate(<generated>)
	at sun.reflect.NativeMethodAccessorImpl.invoke0(Native Method)
	at sun.reflect.NativeMethodAccessorImpl.invoke(NativeMethodAccessorImpl.java:62)
	at sun.reflect.DelegatingMethodAccessorImpl.invoke(DelegatingMethodAccessorImpl.java:43)
	at java.lang.reflect.Method.invoke(Method.java:498)
	at org.springframework.beans.factory.support.SimpleInstantiationStrategy.instantiate(SimpleInstantiationStrategy.java:162)
	at org.springframework.beans.factory.support.ConstructorResolver.instantiateUsingFactoryMethod(ConstructorResolver.java:588)
	at org.springframework.beans.factory.support.AbstractAutowireCapableBeanFactory.instantiateUsingFactoryMethod(AbstractAutowireCapableBeanFactory.java:1119)
	at org.springframework.beans.factory.support.AbstractAutowireCapableBeanFactory.createBeanInstance(AbstractAutowireCapableBeanFactory.java:1014)
	at org.springframework.beans.factory.support.AbstractAutowireCapableBeanFactory.doCreateBean(AbstractAutowireCapableBeanFactory.java:504)
	at org.springframework.beans.factory.support.AbstractAutowireCapableBeanFactory.createBean(AbstractAutowireCapableBeanFactory.java:476)
	at org.springframework.beans.factory.support.AbstractBeanFactory$1.getObject(AbstractBeanFactory.java:303)
	at org.springframework.beans.factory.support.DefaultSingletonBeanRegistry.getSingleton(DefaultSingletonBeanRegistry.java:230)
	at org.springframework.beans.factory.support.AbstractBeanFactory.doGetBean(AbstractBeanFactory.java:299)
	at org.springframework.beans.factory.support.AbstractBeanFactory.getBean(AbstractBeanFactory.java:194)
	at org.springframework.beans.factory.support.DefaultListableBeanFactory.preInstantiateSingletons(DefaultListableBeanFactory.java:755)
	at org.springframework.context.support.AbstractApplicationContext.finishBeanFactoryInitialization(AbstractApplicationContext.java:757)
	at org.springframework.context.support.AbstractApplicationContext.refresh(AbstractApplicationContext.java:480)
	at org.springframework.test.context.support.AbstractGenericContextLoader.loadContext(AbstractGenericContextLoader.java:125)
	at org.springframework.test.context.support.AbstractGenericContextLoader.loadContext(AbstractGenericContextLoader.java:60)
	at org.springframework.test.context.support.AbstractDelegatingSmartContextLoader.delegateLoading(AbstractDelegatingSmartContextLoader.java:109)
	at org.springframework.test.context.support.AbstractDelegatingSmartContextLoader.loadContext(AbstractDelegatingSmartContextLoader.java:261)
	at org.springframework.test.context.DefaultCacheAwareContextLoaderDelegate.loadContextInternal(DefaultCacheAwareContextLoaderDelegate.java:68)
	at org.springframework.test.context.DefaultCacheAwareContextLoaderDelegate.loadContext(DefaultCacheAwareContextLoaderDelegate.java:86)
	at org.springframework.test.context.DefaultTestContext.getApplicationContext(DefaultTestContext.java:72)
	at org.springframework.test.context.support.DependencyInjectionTestExecutionListener.injectDependencies(DependencyInjectionTestExecutionListener.java:117)
	at org.springframework.test.context.support.DependencyInjectionTestExecutionListener.prepareTestInstance(DependencyInjectionTestExecutionListener.java:83)
	at org.springframework.test.context.TestContextManager.prepareTestInstance(TestContextManager.java:212)
	at org.springframework.test.context.junit4.SpringJUnit4ClassRunner.createTest(SpringJUnit4ClassRunner.java:200)
	at org.springframework.test.context.junit4.SpringJUnit4ClassRunner$1.runReflectiveCall(SpringJUnit4ClassRunner.java:259)
	at org.junit.internal.runners.model.ReflectiveCallable.run(ReflectiveCallable.java:12)
	at org.springframework.test.context.junit4.SpringJUnit4ClassRunner.methodBlock(SpringJUnit4ClassRunner.java:261)
	at org.springframework.test.context.junit4.SpringJUnit4ClassRunner.runChild(SpringJUnit4ClassRunner.java:219)
	at org.springframework.test.context.junit4.SpringJUnit4ClassRunner.runChild(SpringJUnit4ClassRunner.java:83)
	at org.junit.runners.ParentRunner$3.run(ParentRunner.java:290)
	at org.junit.runners.ParentRunner$1.schedule(ParentRunner.java:71)
	at org.junit.runners.ParentRunner.runChildren(ParentRunner.java:288)
	at org.junit.runners.ParentRunner.access$000(ParentRunner.java:58)
	at org.junit.runners.ParentRunner$2.evaluate(ParentRunner.java:268)
	at org.springframework.test.context.junit4.statements.RunBeforeTestClassCallbacks.evaluate(RunBeforeTestClassCallbacks.java:61)
	at org.springframework.test.context.junit4.statements.RunAfterTestClassCallbacks.evaluate(RunAfterTestClassCallbacks.java:68)
	at org.junit.runners.ParentRunner.run(ParentRunner.java:363)
	at org.springframework.test.context.junit4.SpringJUnit4ClassRunner.run(SpringJUnit4ClassRunner.java:163)
	at org.junit.runners.Suite.runChild(Suite.java:128)
	at org.junit.runners.Suite.runChild(Suite.java:27)
	at org.junit.runners.ParentRunner$3.run(ParentRunner.java:290)
	at org.junit.runners.ParentRunner$1.schedule(ParentRunner.java:71)
	at org.junit.runners.ParentRunner.runChildren(ParentRunner.java:288)
	at org.junit.runners.ParentRunner.access$000(ParentRunner.java:58)
	at org.junit.runners.ParentRunner$2.evaluate(ParentRunner.java:268)
	at org.junit.runners.ParentRunner.run(ParentRunner.java:363)
	at org.apache.maven.surefire.junit4.JUnit4Provider.execute(JUnit4Provider.java:283)
	at org.apache.maven.surefire.junit4.JUnit4Provider.executeWithRerun(JUnit4Provider.java:173)
	at org.apache.maven.surefire.junit4.JUnit4Provider.executeTestSet(JUnit4Provider.java:153)
	at org.apache.maven.surefire.junit4.JUnit4Provider.invoke(JUnit4Provider.java:128)
	at org.apache.maven.surefire.booter.ForkedBooter.invokeProviderInSameClassLoader(ForkedBooter.java:203)
	at org.apache.maven.surefire.booter.ForkedBooter.runSuitesInProcess(ForkedBooter.java:155)
	at org.apache.maven.surefire.booter.ForkedBooter.main(ForkedBooter.java:103)
Caused by: org.springframework.beans.BeanInstantiationException: Failed to instantiate [com.aerospike.client.AerospikeClient]: Factory method 'aerospikeClient' threw exception; nested exception is com.aerospike.client.AerospikeException$Connection: Error Code 11: Failed to connect to host(s): 
52.41.32.83:3000 Error Code 11: java.net.SocketTimeoutException: connect timed out

	at org.springframework.beans.factory.support.SimpleInstantiationStrategy.instantiate(SimpleInstantiationStrategy.java:189)
	at org.springframework.beans.factory.support.ConstructorResolver.instantiateUsingFactoryMethod(ConstructorResolver.java:588)
	at org.springframework.beans.factory.support.AbstractAutowireCapableBeanFactory.instantiateUsingFactoryMethod(AbstractAutowireCapableBeanFactory.java:1119)
	at org.springframework.beans.factory.support.AbstractAutowireCapableBeanFactory.createBeanInstance(AbstractAutowireCapableBeanFactory.java:1014)
	at org.springframework.beans.factory.support.AbstractAutowireCapableBeanFactory.doCreateBean(AbstractAutowireCapableBeanFactory.java:504)
	at org.springframework.beans.factory.support.AbstractAutowireCapableBeanFactory.createBean(AbstractAutowireCapableBeanFactory.java:476)
	at org.springframework.beans.factory.support.AbstractBeanFactory$1.getObject(AbstractBeanFactory.java:303)
	at org.springframework.beans.factory.support.DefaultSingletonBeanRegistry.getSingleton(DefaultSingletonBeanRegistry.java:230)
	at org.springframework.beans.factory.support.AbstractBeanFactory.doGetBean(AbstractBeanFactory.java:299)
	at org.springframework.beans.factory.support.AbstractBeanFactory.getBean(AbstractBeanFactory.java:194)
	at org.springframework.context.annotation.ConfigurationClassEnhancer$BeanMethodInterceptor.intercept(ConfigurationClassEnhancer.java:322)
	at org.springframework.data.aerospike.repository.TestConfigPerson$$EnhancerBySpringCGLIB$$3f27a8da.aerospikeClient(<generated>)
	at org.springframework.data.aerospike.repository.TestConfigPerson.aerospikeTemplate(TestConfigPerson.java:38)
	at org.springframework.data.aerospike.repository.TestConfigPerson$$EnhancerBySpringCGLIB$$3f27a8da.CGLIB$aerospikeTemplate$0(<generated>)
	at org.springframework.data.aerospike.repository.TestConfigPerson$$EnhancerBySpringCGLIB$$3f27a8da$$FastClassBySpringCGLIB$$38965c5e.invoke(<generated>)
	at org.springframework.cglib.proxy.MethodProxy.invokeSuper(MethodProxy.java:228)
	at org.springframework.context.annotation.ConfigurationClassEnhancer$BeanMethodInterceptor.intercept(ConfigurationClassEnhancer.java:309)
	at org.springframework.data.aerospike.repository.TestConfigPerson$$EnhancerBySpringCGLIB$$3f27a8da.aerospikeTemplate(<generated>)
	at sun.reflect.NativeMethodAccessorImpl.invoke0(Native Method)
	at sun.reflect.NativeMethodAccessorImpl.invoke(NativeMethodAccessorImpl.java:62)
	at sun.reflect.DelegatingMethodAccessorImpl.invoke(DelegatingMethodAccessorImpl.java:43)
	at java.lang.reflect.Method.invoke(Method.java:498)
	at org.springframework.beans.factory.support.SimpleInstantiationStrategy.instantiate(SimpleInstantiationStrategy.java:162)
	at org.springframework.beans.factory.support.ConstructorResolver.instantiateUsingFactoryMethod(ConstructorResolver.java:588)
	at org.springframework.beans.factory.support.AbstractAutowireCapableBeanFactory.instantiateUsingFactoryMethod(AbstractAutowireCapableBeanFactory.java:1119)
	at org.springframework.beans.factory.support.AbstractAutowireCapableBeanFactory.createBeanInstance(AbstractAutowireCapableBeanFactory.java:1014)
	at org.springframework.beans.factory.support.AbstractAutowireCapableBeanFactory.doCreateBean(AbstractAutowireCapableBeanFactory.java:504)
	at org.springframework.beans.factory.support.AbstractAutowireCapableBeanFactory.createBean(AbstractAutowireCapableBeanFactory.java:476)
	at org.springframework.beans.factory.support.AbstractBeanFactory$1.getObject(AbstractBeanFactory.java:303)
	at org.springframework.beans.factory.support.DefaultSingletonBeanRegistry.getSingleton(DefaultSingletonBeanRegistry.java:230)
	at org.springframework.beans.factory.support.AbstractBeanFactory.doGetBean(AbstractBeanFactory.java:299)
	at org.springframework.beans.factory.support.AbstractBeanFactory.getBean(AbstractBeanFactory.java:194)
	at org.springframework.beans.factory.support.DefaultListableBeanFactory.preInstantiateSingletons(DefaultListableBeanFactory.java:755)
	at org.springframework.context.support.AbstractApplicationContext.finishBeanFactoryInitialization(AbstractApplicationContext.java:757)
	at org.springframework.context.support.AbstractApplicationContext.refresh(AbstractApplicationContext.java:480)
	at org.springframework.test.context.support.AbstractGenericContextLoader.loadContext(AbstractGenericContextLoader.java:125)
	at org.springframework.test.context.support.AbstractGenericContextLoader.loadContext(AbstractGenericContextLoader.java:60)
	at org.springframework.test.context.support.AbstractDelegatingSmartContextLoader.delegateLoading(AbstractDelegatingSmartContextLoader.java:109)
	at org.springframework.test.context.support.AbstractDelegatingSmartContextLoader.loadContext(AbstractDelegatingSmartContextLoader.java:261)
	at org.springframework.test.context.DefaultCacheAwareContextLoaderDelegate.loadContextInternal(DefaultCacheAwareContextLoaderDelegate.java:68)
	at org.springframework.test.context.DefaultCacheAwareContextLoaderDelegate.loadContext(DefaultCacheAwareContextLoaderDelegate.java:86)
	at org.springframework.test.context.DefaultTestContext.getApplicationContext(DefaultTestContext.java:72)
	at org.springframework.test.context.support.DependencyInjectionTestExecutionListener.injectDependencies(DependencyInjectionTestExecutionListener.java:117)
	at org.springframework.test.context.support.DependencyInjectionTestExecutionListener.prepareTestInstance(DependencyInjectionTestExecutionListener.java:83)
	at org.springframework.test.context.TestContextManager.prepareTestInstance(TestContextManager.java:212)
	at org.springframework.test.context.junit4.SpringJUnit4ClassRunner.createTest(SpringJUnit4ClassRunner.java:200)
	at org.springframework.test.context.junit4.SpringJUnit4ClassRunner$1.runReflectiveCall(SpringJUnit4ClassRunner.java:259)
	at org.junit.internal.runners.model.ReflectiveCallable.run(ReflectiveCallable.java:12)
	at org.springframework.test.context.junit4.SpringJUnit4ClassRunner.methodBlock(SpringJUnit4ClassRunner.java:261)
	at org.springframework.test.context.junit4.SpringJUnit4ClassRunner.runChild(SpringJUnit4ClassRunner.java:219)
	at org.springframework.test.context.junit4.SpringJUnit4ClassRunner.runChild(SpringJUnit4ClassRunner.java:83)
	at org.junit.runners.ParentRunner$3.run(ParentRunner.java:290)
	at org.junit.runners.ParentRunner$1.schedule(ParentRunner.java:71)
	at org.junit.runners.ParentRunner.runChildren(ParentRunner.java:288)
	at org.junit.runners.ParentRunner.access$000(ParentRunner.java:58)
	at org.junit.runners.ParentRunner$2.evaluate(ParentRunner.java:268)
	at org.springframework.test.context.junit4.statements.RunBeforeTestClassCallbacks.evaluate(RunBeforeTestClassCallbacks.java:61)
	at org.springframework.test.context.junit4.statements.RunAfterTestClassCallbacks.evaluate(RunAfterTestClassCallbacks.java:68)
	at org.junit.runners.ParentRunner.run(ParentRunner.java:363)
	at org.springframework.test.context.junit4.SpringJUnit4ClassRunner.run(SpringJUnit4ClassRunner.java:163)
	at org.junit.runners.Suite.runChild(Suite.java:128)
	at org.junit.runners.Suite.runChild(Suite.java:27)
	at org.junit.runners.ParentRunner$3.run(ParentRunner.java:290)
	at org.junit.runners.ParentRunner$1.schedule(ParentRunner.java:71)
	at org.junit.runners.ParentRunner.runChildren(ParentRunner.java:288)
	at org.junit.runners.ParentRunner.access$000(ParentRunner.java:58)
	at org.junit.runners.ParentRunner$2.evaluate(ParentRunner.java:268)
	at org.junit.runners.ParentRunner.run(ParentRunner.java:363)
	at org.apache.maven.surefire.junit4.JUnit4Provider.execute(JUnit4Provider.java:283)
	at org.apache.maven.surefire.junit4.JUnit4Provider.executeWithRerun(JUnit4Provider.java:173)
	at org.apache.maven.surefire.junit4.JUnit4Provider.executeTestSet(JUnit4Provider.java:153)
	at org.apache.maven.surefire.junit4.JUnit4Provider.invoke(JUnit4Provider.java:128)
	at org.apache.maven.surefire.booter.ForkedBooter.invokeProviderInSameClassLoader(ForkedBooter.java:203)
	at org.apache.maven.surefire.booter.ForkedBooter.runSuitesInProcess(ForkedBooter.java:155)
	at org.apache.maven.surefire.booter.ForkedBooter.main(ForkedBooter.java:103)
Caused by: com.aerospike.client.AerospikeException$Connection: Error Code 11: Failed to connect to host(s): 
52.41.32.83:3000 Error Code 11: java.net.SocketTimeoutException: connect timed out

	at com.aerospike.client.cluster.Cluster.seedNodes(Cluster.java:386)
	at com.aerospike.client.cluster.Cluster.tend(Cluster.java:273)
	at com.aerospike.client.cluster.Cluster.waitTillStabilized(Cluster.java:238)
	at com.aerospike.client.cluster.Cluster.initTendThread(Cluster.java:148)
	at com.aerospike.client.AerospikeClient.<init>(AerospikeClient.java:209)
	at com.aerospike.client.AerospikeClient.<init>(AerospikeClient.java:173)
	at org.springframework.data.aerospike.repository.TestConfigPerson.aerospikeClient(TestConfigPerson.java:32)
	at org.springframework.data.aerospike.repository.TestConfigPerson$$EnhancerBySpringCGLIB$$3f27a8da.CGLIB$aerospikeClient$1(<generated>)
	at org.springframework.data.aerospike.repository.TestConfigPerson$$EnhancerBySpringCGLIB$$3f27a8da$$FastClassBySpringCGLIB$$38965c5e.invoke(<generated>)
	at org.springframework.cglib.proxy.MethodProxy.invokeSuper(MethodProxy.java:228)
	at org.springframework.context.annotation.ConfigurationClassEnhancer$BeanMethodInterceptor.intercept(ConfigurationClassEnhancer.java:309)
	at org.springframework.data.aerospike.repository.TestConfigPerson$$EnhancerBySpringCGLIB$$3f27a8da.aerospikeClient(<generated>)
	at sun.reflect.NativeMethodAccessorImpl.invoke0(Native Method)
	at sun.reflect.NativeMethodAccessorImpl.invoke(NativeMethodAccessorImpl.java:62)
	at sun.reflect.DelegatingMethodAccessorImpl.invoke(DelegatingMethodAccessorImpl.java:43)
	at java.lang.reflect.Method.invoke(Method.java:498)
	at org.springframework.beans.factory.support.SimpleInstantiationStrategy.instantiate(SimpleInstantiationStrategy.java:162)
	at org.springframework.beans.factory.support.ConstructorResolver.instantiateUsingFactoryMethod(ConstructorResolver.java:588)
	at org.springframework.beans.factory.support.AbstractAutowireCapableBeanFactory.instantiateUsingFactoryMethod(AbstractAutowireCapableBeanFactory.java:1119)
	at org.springframework.beans.factory.support.AbstractAutowireCapableBeanFactory.createBeanInstance(AbstractAutowireCapableBeanFactory.java:1014)
	at org.springframework.beans.factory.support.AbstractAutowireCapableBeanFactory.doCreateBean(AbstractAutowireCapableBeanFactory.java:504)
	at org.springframework.beans.factory.support.AbstractAutowireCapableBeanFactory.createBean(AbstractAutowireCapableBeanFactory.java:476)
	at org.springframework.beans.factory.support.AbstractBeanFactory$1.getObject(AbstractBeanFactory.java:303)
	at org.springframework.beans.factory.support.DefaultSingletonBeanRegistry.getSingleton(DefaultSingletonBeanRegistry.java:230)
	at org.springframework.beans.factory.support.AbstractBeanFactory.doGetBean(AbstractBeanFactory.java:299)
	at org.springframework.beans.factory.support.AbstractBeanFactory.getBean(AbstractBeanFactory.java:194)
	at org.springframework.context.annotation.ConfigurationClassEnhancer$BeanMethodInterceptor.intercept(ConfigurationClassEnhancer.java:322)
	at org.springframework.data.aerospike.repository.TestConfigPerson$$EnhancerBySpringCGLIB$$3f27a8da.aerospikeClient(<generated>)
	at org.springframework.data.aerospike.repository.TestConfigPerson.aerospikeTemplate(TestConfigPerson.java:38)
	at org.springframework.data.aerospike.repository.TestConfigPerson$$EnhancerBySpringCGLIB$$3f27a8da.CGLIB$aerospikeTemplate$0(<generated>)
	at org.springframework.data.aerospike.repository.TestConfigPerson$$EnhancerBySpringCGLIB$$3f27a8da$$FastClassBySpringCGLIB$$38965c5e.invoke(<generated>)
	at org.springframework.cglib.proxy.MethodProxy.invokeSuper(MethodProxy.java:228)
	at org.springframework.context.annotation.ConfigurationClassEnhancer$BeanMethodInterceptor.intercept(ConfigurationClassEnhancer.java:309)
	at org.springframework.data.aerospike.repository.TestConfigPerson$$EnhancerBySpringCGLIB$$3f27a8da.aerospikeTemplate(<generated>)
	at sun.reflect.NativeMethodAccessorImpl.invoke0(Native Method)
	at sun.reflect.NativeMethodAccessorImpl.invoke(NativeMethodAccessorImpl.java:62)
	at sun.reflect.DelegatingMethodAccessorImpl.invoke(DelegatingMethodAccessorImpl.java:43)
	at java.lang.reflect.Method.invoke(Method.java:498)
	at org.springframework.beans.factory.support.SimpleInstantiationStrategy.instantiate(SimpleInstantiationStrategy.java:162)
	at org.springframework.beans.factory.support.ConstructorResolver.instantiateUsingFactoryMethod(ConstructorResolver.java:588)
	at org.springframework.beans.factory.support.AbstractAutowireCapableBeanFactory.instantiateUsingFactoryMethod(AbstractAutowireCapableBeanFactory.java:1119)
	at org.springframework.beans.factory.support.AbstractAutowireCapableBeanFactory.createBeanInstance(AbstractAutowireCapableBeanFactory.java:1014)
	at org.springframework.beans.factory.support.AbstractAutowireCapableBeanFactory.doCreateBean(AbstractAutowireCapableBeanFactory.java:504)
	at org.springframework.beans.factory.support.AbstractAutowireCapableBeanFactory.createBean(AbstractAutowireCapableBeanFactory.java:476)
	at org.springframework.beans.factory.support.AbstractBeanFactory$1.getObject(AbstractBeanFactory.java:303)
	at org.springframework.beans.factory.support.DefaultSingletonBeanRegistry.getSingleton(DefaultSingletonBeanRegistry.java:230)
	at org.springframework.beans.factory.support.AbstractBeanFactory.doGetBean(AbstractBeanFactory.java:299)
	at org.springframework.beans.factory.support.AbstractBeanFactory.getBean(AbstractBeanFactory.java:194)
	at org.springframework.beans.factory.support.DefaultListableBeanFactory.preInstantiateSingletons(DefaultListableBeanFactory.java:755)
	at org.springframework.context.support.AbstractApplicationContext.finishBeanFactoryInitialization(AbstractApplicationContext.java:757)
	at org.springframework.context.support.AbstractApplicationContext.refresh(AbstractApplicationContext.java:480)
	at org.springframework.test.context.support.AbstractGenericContextLoader.loadContext(AbstractGenericContextLoader.java:125)
	at org.springframework.test.context.support.AbstractGenericContextLoader.loadContext(AbstractGenericContextLoader.java:60)
	at org.springframework.test.context.support.AbstractDelegatingSmartContextLoader.delegateLoading(AbstractDelegatingSmartContextLoader.java:109)
	at org.springframework.test.context.support.AbstractDelegatingSmartContextLoader.loadContext(AbstractDelegatingSmartContextLoader.java:261)
	at org.springframework.test.context.DefaultCacheAwareContextLoaderDelegate.loadContextInternal(DefaultCacheAwareContextLoaderDelegate.java:68)
	at org.springframework.test.context.DefaultCacheAwareContextLoaderDelegate.loadContext(DefaultCacheAwareContextLoaderDelegate.java:86)
	at org.springframework.test.context.DefaultTestContext.getApplicationContext(DefaultTestContext.java:72)
	at org.springframework.test.context.support.DependencyInjectionTestExecutionListener.injectDependencies(DependencyInjectionTestExecutionListener.java:117)
	at org.springframework.test.context.support.DependencyInjectionTestExecutionListener.prepareTestInstance(DependencyInjectionTestExecutionListener.java:83)
	at org.springframework.test.context.TestContextManager.prepareTestInstance(TestContextManager.java:212)
	at org.springframework.test.context.junit4.SpringJUnit4ClassRunner.createTest(SpringJUnit4ClassRunner.java:200)
	at org.springframework.test.context.junit4.SpringJUnit4ClassRunner$1.runReflectiveCall(SpringJUnit4ClassRunner.java:259)
	at org.junit.internal.runners.model.ReflectiveCallable.run(ReflectiveCallable.java:12)
	at org.springframework.test.context.junit4.SpringJUnit4ClassRunner.methodBlock(SpringJUnit4ClassRunner.java:261)
	at org.springframework.test.context.junit4.SpringJUnit4ClassRunner.runChild(SpringJUnit4ClassRunner.java:219)
	at org.springframework.test.context.junit4.SpringJUnit4ClassRunner.runChild(SpringJUnit4ClassRunner.java:83)
	at org.junit.runners.ParentRunner$3.run(ParentRunner.java:290)
	at org.junit.runners.ParentRunner$1.schedule(ParentRunner.java:71)
	at org.junit.runners.ParentRunner.runChildren(ParentRunner.java:288)
	at org.junit.runners.ParentRunner.access$000(ParentRunner.java:58)
	at org.junit.runners.ParentRunner$2.evaluate(ParentRunner.java:268)
	at org.springframework.test.context.junit4.statements.RunBeforeTestClassCallbacks.evaluate(RunBeforeTestClassCallbacks.java:61)
	at org.springframework.test.context.junit4.statements.RunAfterTestClassCallbacks.evaluate(RunAfterTestClassCallbacks.java:68)
	at org.junit.runners.ParentRunner.run(ParentRunner.java:363)
	at org.springframework.test.context.junit4.SpringJUnit4ClassRunner.run(SpringJUnit4ClassRunner.java:163)
	at org.junit.runners.Suite.runChild(Suite.java:128)
	at org.junit.runners.Suite.runChild(Suite.java:27)
	at org.junit.runners.ParentRunner$3.run(ParentRunner.java:290)
	at org.junit.runners.ParentRunner$1.schedule(ParentRunner.java:71)
	at org.junit.runners.ParentRunner.runChildren(ParentRunner.java:288)
	at org.junit.runners.ParentRunner.access$000(ParentRunner.java:58)
	at org.junit.runners.ParentRunner$2.evaluate(ParentRunner.java:268)
	at org.junit.runners.ParentRunner.run(ParentRunner.java:363)
	at org.apache.maven.surefire.junit4.JUnit4Provider.execute(JUnit4Provider.java:283)
	at org.apache.maven.surefire.junit4.JUnit4Provider.executeWithRerun(JUnit4Provider.java:173)
	at org.apache.maven.surefire.junit4.JUnit4Provider.executeTestSet(JUnit4Provider.java:153)
	at org.apache.maven.surefire.junit4.JUnit4Provider.invoke(JUnit4Provider.java:128)
	at org.apache.maven.surefire.booter.ForkedBooter.invokeProviderInSameClassLoader(ForkedBooter.java:203)
	at org.apache.maven.surefire.booter.ForkedBooter.runSuitesInProcess(ForkedBooter.java:155)
	at org.apache.maven.surefire.booter.ForkedBooter.main(ForkedBooter.java:103)
]]></error>
    <system-out><![CDATA[16:37:51.761 [main] DEBUG o.s.t.annotation.ProfileValueUtils - Retrieved @ProfileValueSourceConfiguration [null] for test class [org.springframework.data.aerospike.repository.PersonRepositoryIntegrationTests]
16:37:51.762 [main] DEBUG o.s.t.annotation.ProfileValueUtils - Retrieved ProfileValueSource type [class org.springframework.test.annotation.SystemProfileValueSource] for class [org.springframework.data.aerospike.repository.PersonRepositoryIntegrationTests]
16:37:51.762 [main] DEBUG o.s.t.c.s.DependencyInjectionTestExecutionListener - Performing dependency injection for test context [[DefaultTestContext@70807224 testClass = PersonRepositoryIntegrationTests, testInstance = org.springframework.data.aerospike.repository.PersonRepositoryIntegrationTests@41853299, testMethod = [null], testException = [null], mergedContextConfiguration = [MergedContextConfiguration@400d912a testClass = PersonRepositoryIntegrationTests, locations = '{}', classes = '{class org.springframework.data.aerospike.repository.TestConfigPerson}', contextInitializerClasses = '[]', activeProfiles = '{}', propertySourceLocations = '{}', propertySourceProperties = '{}', contextLoader = 'org.springframework.test.context.support.DelegatingSmartContextLoader', parent = [null]]]].
16:37:51.762 [main] DEBUG o.s.t.c.s.AbstractDelegatingSmartContextLoader - Delegating to AnnotationConfigContextLoader to load context from [MergedContextConfiguration@400d912a testClass = PersonRepositoryIntegrationTests, locations = '{}', classes = '{class org.springframework.data.aerospike.repository.TestConfigPerson}', contextInitializerClasses = '[]', activeProfiles = '{}', propertySourceLocations = '{}', propertySourceProperties = '{}', contextLoader = 'org.springframework.test.context.support.DelegatingSmartContextLoader', parent = [null]].
16:37:51.762 [main] DEBUG o.s.t.c.s.AbstractGenericContextLoader - Loading ApplicationContext for merged context configuration [[MergedContextConfiguration@400d912a testClass = PersonRepositoryIntegrationTests, locations = '{}', classes = '{class org.springframework.data.aerospike.repository.TestConfigPerson}', contextInitializerClasses = '[]', activeProfiles = '{}', propertySourceLocations = '{}', propertySourceProperties = '{}', contextLoader = 'org.springframework.test.context.support.DelegatingSmartContextLoader', parent = [null]]].
16:37:51.762 [main] DEBUG o.s.core.env.StandardEnvironment - Adding [systemProperties] PropertySource with lowest search precedence
16:37:51.762 [main] DEBUG o.s.core.env.StandardEnvironment - Adding [systemEnvironment] PropertySource with lowest search precedence
16:37:51.762 [main] DEBUG o.s.core.env.StandardEnvironment - Initialized StandardEnvironment with PropertySources [systemProperties,systemEnvironment]
16:37:51.762 [main] DEBUG o.s.t.c.s.AnnotationConfigContextLoader - Registering annotated classes: {class org.springframework.data.aerospike.repository.TestConfigPerson}
16:37:51.763 [main] INFO  o.s.c.s.GenericApplicationContext - Refreshing org.springframework.context.support.GenericApplicationContext@60d40ff4: startup date [Tue Oct 04 16:37:51 BRT 2016]; root of context hierarchy
16:37:51.763 [main] DEBUG o.s.c.s.GenericApplicationContext - Bean factory for org.springframework.context.support.GenericApplicationContext@60d40ff4: org.springframework.beans.factory.support.DefaultListableBeanFactory@2e5b7fba: defining beans [org.springframework.context.annotation.internalConfigurationAnnotationProcessor,org.springframework.context.annotation.internalAutowiredAnnotationProcessor,org.springframework.context.annotation.internalRequiredAnnotationProcessor,org.springframework.context.annotation.internalCommonAnnotationProcessor,testConfigPerson]; root of factory hierarchy
16:37:51.763 [main] DEBUG o.s.b.f.s.DefaultListableBeanFactory - Creating shared instance of singleton bean 'org.springframework.context.annotation.internalConfigurationAnnotationProcessor'
16:37:51.763 [main] DEBUG o.s.b.f.s.DefaultListableBeanFactory - Creating instance of bean 'org.springframework.context.annotation.internalConfigurationAnnotationProcessor'
16:37:51.763 [main] DEBUG o.s.b.f.s.DefaultListableBeanFactory - Eagerly caching bean 'org.springframework.context.annotation.internalConfigurationAnnotationProcessor' to allow for resolving potential circular references
16:37:51.763 [main] DEBUG o.s.b.f.s.DefaultListableBeanFactory - Finished creating instance of bean 'org.springframework.context.annotation.internalConfigurationAnnotationProcessor'
16:37:51.764 [main] DEBUG o.s.c.a.ConfigurationClassBeanDefinitionReader - Registering bean definition for @Bean method org.springframework.data.aerospike.repository.TestConfigPerson.aerospikeTemplate()
16:37:51.764 [main] DEBUG o.s.c.a.ConfigurationClassBeanDefinitionReader - Registering bean definition for @Bean method org.springframework.data.aerospike.repository.TestConfigPerson.aerospikeClient()
16:37:51.764 [main] DEBUG o.s.core.env.StandardEnvironment - Adding [systemProperties] PropertySource with lowest search precedence
16:37:51.764 [main] DEBUG o.s.core.env.StandardEnvironment - Adding [systemEnvironment] PropertySource with lowest search precedence
16:37:51.764 [main] DEBUG o.s.core.env.StandardEnvironment - Initialized StandardEnvironment with PropertySources [systemProperties,systemEnvironment]
16:37:51.765 [main] DEBUG o.s.c.i.s.PathMatchingResourcePatternResolver - Looking for matching resources in directory tree [/home/aluno/spring-projects/maven/spring-data-aerospike/target/test-classes/org/springframework/data]
16:37:51.765 [main] DEBUG o.s.c.i.s.PathMatchingResourcePatternResolver - Searching directory [/home/aluno/spring-projects/maven/spring-data-aerospike/target/test-classes/org/springframework/data] for files matching pattern [/home/aluno/spring-projects/maven/spring-data-aerospike/target/test-classes/org/springframework/data/**/repository/support/**/*.class]
16:37:51.765 [main] DEBUG o.s.c.i.s.PathMatchingResourcePatternResolver - Searching directory [/home/aluno/spring-projects/maven/spring-data-aerospike/target/test-classes/org/springframework/data/keyvalue] for files matching pattern [/home/aluno/spring-projects/maven/spring-data-aerospike/target/test-classes/org/springframework/data/**/repository/support/**/*.class]
16:37:51.765 [main] DEBUG o.s.c.i.s.PathMatchingResourcePatternResolver - Searching directory [/home/aluno/spring-projects/maven/spring-data-aerospike/target/test-classes/org/springframework/data/keyvalue/repository] for files matching pattern [/home/aluno/spring-projects/maven/spring-data-aerospike/target/test-classes/org/springframework/data/**/repository/support/**/*.class]
16:37:51.765 [main] DEBUG o.s.c.i.s.PathMatchingResourcePatternResolver - Searching directory [/home/aluno/spring-projects/maven/spring-data-aerospike/target/test-classes/org/springframework/data/keyvalue/repository/query] for files matching pattern [/home/aluno/spring-projects/maven/spring-data-aerospike/target/test-classes/org/springframework/data/**/repository/support/**/*.class]
16:37:51.765 [main] DEBUG o.s.c.i.s.PathMatchingResourcePatternResolver - Searching directory [/home/aluno/spring-projects/maven/spring-data-aerospike/target/test-classes/org/springframework/data/aerospike] for files matching pattern [/home/aluno/spring-projects/maven/spring-data-aerospike/target/test-classes/org/springframework/data/**/repository/support/**/*.class]
16:37:51.765 [main] DEBUG o.s.c.i.s.PathMatchingResourcePatternResolver - Searching directory [/home/aluno/spring-projects/maven/spring-data-aerospike/target/test-classes/org/springframework/data/aerospike/mapping] for files matching pattern [/home/aluno/spring-projects/maven/spring-data-aerospike/target/test-classes/org/springframework/data/**/repository/support/**/*.class]
16:37:51.766 [main] DEBUG o.s.c.i.s.PathMatchingResourcePatternResolver - Searching directory [/home/aluno/spring-projects/maven/spring-data-aerospike/target/test-classes/org/springframework/data/aerospike/core] for files matching pattern [/home/aluno/spring-projects/maven/spring-data-aerospike/target/test-classes/org/springframework/data/**/repository/support/**/*.class]
16:37:51.766 [main] DEBUG o.s.c.i.s.PathMatchingResourcePatternResolver - Searching directory [/home/aluno/spring-projects/maven/spring-data-aerospike/target/test-classes/org/springframework/data/aerospike/convert] for files matching pattern [/home/aluno/spring-projects/maven/spring-data-aerospike/target/test-classes/org/springframework/data/**/repository/support/**/*.class]
16:37:51.767 [main] DEBUG o.s.c.i.s.PathMatchingResourcePatternResolver - Searching directory [/home/aluno/spring-projects/maven/spring-data-aerospike/target/test-classes/org/springframework/data/aerospike/sample] for files matching pattern [/home/aluno/spring-projects/maven/spring-data-aerospike/target/test-classes/org/springframework/data/**/repository/support/**/*.class]
16:37:51.768 [main] DEBUG o.s.c.i.s.PathMatchingResourcePatternResolver - Searching directory [/home/aluno/spring-projects/maven/spring-data-aerospike/target/test-classes/org/springframework/data/aerospike/repository] for files matching pattern [/home/aluno/spring-projects/maven/spring-data-aerospike/target/test-classes/org/springframework/data/**/repository/support/**/*.class]
16:37:51.768 [main] DEBUG o.s.c.i.s.PathMatchingResourcePatternResolver - Searching directory [/home/aluno/spring-projects/maven/spring-data-aerospike/target/test-classes/org/springframework/data/aerospike/repository/support] for files matching pattern [/home/aluno/spring-projects/maven/spring-data-aerospike/target/test-classes/org/springframework/data/**/repository/support/**/*.class]
16:37:51.768 [main] DEBUG o.s.c.i.s.PathMatchingResourcePatternResolver - Searching directory [/home/aluno/spring-projects/maven/spring-data-aerospike/target/test-classes/org/springframework/data/aerospike/repository/query] for files matching pattern [/home/aluno/spring-projects/maven/spring-data-aerospike/target/test-classes/org/springframework/data/**/repository/support/**/*.class]
16:37:51.768 [main] DEBUG o.s.c.i.s.PathMatchingResourcePatternResolver - Searching directory [/home/aluno/spring-projects/maven/spring-data-aerospike/target/test-classes/org/springframework/data/aerospike/config] for files matching pattern [/home/aluno/spring-projects/maven/spring-data-aerospike/target/test-classes/org/springframework/data/**/repository/support/**/*.class]
16:37:51.768 [main] DEBUG o.s.c.i.s.PathMatchingResourcePatternResolver - Searching directory [/home/aluno/spring-projects/maven/spring-data-aerospike/target/test-classes/org/springframework/data/aerospike/cache] for files matching pattern [/home/aluno/spring-projects/maven/spring-data-aerospike/target/test-classes/org/springframework/data/**/repository/support/**/*.class]
16:37:51.768 [main] DEBUG o.s.c.i.s.PathMatchingResourcePatternResolver - Looking for matching resources in directory tree [/home/aluno/spring-projects/maven/spring-data-aerospike/target/classes/org/springframework/data]
16:37:51.768 [main] DEBUG o.s.c.i.s.PathMatchingResourcePatternResolver - Searching directory [/home/aluno/spring-projects/maven/spring-data-aerospike/target/classes/org/springframework/data] for files matching pattern [/home/aluno/spring-projects/maven/spring-data-aerospike/target/classes/org/springframework/data/**/repository/support/**/*.class]
16:37:51.768 [main] DEBUG o.s.c.i.s.PathMatchingResourcePatternResolver - Searching directory [/home/aluno/spring-projects/maven/spring-data-aerospike/target/classes/org/springframework/data/aerospike] for files matching pattern [/home/aluno/spring-projects/maven/spring-data-aerospike/target/classes/org/springframework/data/**/repository/support/**/*.class]
16:37:51.768 [main] DEBUG o.s.c.i.s.PathMatchingResourcePatternResolver - Searching directory [/home/aluno/spring-projects/maven/spring-data-aerospike/target/classes/org/springframework/data/aerospike/mapping] for files matching pattern [/home/aluno/spring-projects/maven/spring-data-aerospike/target/classes/org/springframework/data/**/repository/support/**/*.class]
16:37:51.768 [main] DEBUG o.s.c.i.s.PathMatchingResourcePatternResolver - Searching directory [/home/aluno/spring-projects/maven/spring-data-aerospike/target/classes/org/springframework/data/aerospike/core] for files matching pattern [/home/aluno/spring-projects/maven/spring-data-aerospike/target/classes/org/springframework/data/**/repository/support/**/*.class]
16:37:51.768 [main] DEBUG o.s.c.i.s.PathMatchingResourcePatternResolver - Searching directory [/home/aluno/spring-projects/maven/spring-data-aerospike/target/classes/org/springframework/data/aerospike/convert] for files matching pattern [/home/aluno/spring-projects/maven/spring-data-aerospike/target/classes/org/springframework/data/**/repository/support/**/*.class]
16:37:51.769 [main] DEBUG o.s.c.i.s.PathMatchingResourcePatternResolver - Searching directory [/home/aluno/spring-projects/maven/spring-data-aerospike/target/classes/org/springframework/data/aerospike/example] for files matching pattern [/home/aluno/spring-projects/maven/spring-data-aerospike/target/classes/org/springframework/data/**/repository/support/**/*.class]
16:37:51.769 [main] DEBUG o.s.c.i.s.PathMatchingResourcePatternResolver - Searching directory [/home/aluno/spring-projects/maven/spring-data-aerospike/target/classes/org/springframework/data/aerospike/example/data] for files matching pattern [/home/aluno/spring-projects/maven/spring-data-aerospike/target/classes/org/springframework/data/**/repository/support/**/*.class]
16:37:51.769 [main] DEBUG o.s.c.i.s.PathMatchingResourcePatternResolver - Searching directory [/home/aluno/spring-projects/maven/spring-data-aerospike/target/classes/org/springframework/data/aerospike/example/config] for files matching pattern [/home/aluno/spring-projects/maven/spring-data-aerospike/target/classes/org/springframework/data/**/repository/support/**/*.class]
16:37:51.769 [main] DEBUG o.s.c.i.s.PathMatchingResourcePatternResolver - Searching directory [/home/aluno/spring-projects/maven/spring-data-aerospike/target/classes/org/springframework/data/aerospike/annotation] for files matching pattern [/home/aluno/spring-projects/maven/spring-data-aerospike/target/classes/org/springframework/data/**/repository/support/**/*.class]
16:37:51.769 [main] DEBUG o.s.c.i.s.PathMatchingResourcePatternResolver - Searching directory [/home/aluno/spring-projects/maven/spring-data-aerospike/target/classes/org/springframework/data/aerospike/repository] for files matching pattern [/home/aluno/spring-projects/maven/spring-data-aerospike/target/classes/org/springframework/data/**/repository/support/**/*.class]
16:37:51.769 [main] DEBUG o.s.c.i.s.PathMatchingResourcePatternResolver - Searching directory [/home/aluno/spring-projects/maven/spring-data-aerospike/target/classes/org/springframework/data/aerospike/repository/support] for files matching pattern [/home/aluno/spring-projects/maven/spring-data-aerospike/target/classes/org/springframework/data/**/repository/support/**/*.class]
16:37:51.769 [main] DEBUG o.s.c.i.s.PathMatchingResourcePatternResolver - Searching directory [/home/aluno/spring-projects/maven/spring-data-aerospike/target/classes/org/springframework/data/aerospike/repository/config] for files matching pattern [/home/aluno/spring-projects/maven/spring-data-aerospike/target/classes/org/springframework/data/**/repository/support/**/*.class]
16:37:51.769 [main] DEBUG o.s.c.i.s.PathMatchingResourcePatternResolver - Searching directory [/home/aluno/spring-projects/maven/spring-data-aerospike/target/classes/org/springframework/data/aerospike/repository/query] for files matching pattern [/home/aluno/spring-projects/maven/spring-data-aerospike/target/classes/org/springframework/data/**/repository/support/**/*.class]
16:37:51.769 [main] DEBUG o.s.c.i.s.PathMatchingResourcePatternResolver - Searching directory [/home/aluno/spring-projects/maven/spring-data-aerospike/target/classes/org/springframework/data/aerospike/config] for files matching pattern [/home/aluno/spring-projects/maven/spring-data-aerospike/target/classes/org/springframework/data/**/repository/support/**/*.class]
16:37:51.769 [main] DEBUG o.s.c.i.s.PathMatchingResourcePatternResolver - Searching directory [/home/aluno/spring-projects/maven/spring-data-aerospike/target/classes/org/springframework/data/aerospike/cache] for files matching pattern [/home/aluno/spring-projects/maven/spring-data-aerospike/target/classes/org/springframework/data/**/repository/support/**/*.class]
16:37:51.769 [main] DEBUG o.s.c.i.s.PathMatchingResourcePatternResolver - Searching directory [/home/aluno/spring-projects/maven/spring-data-aerospike/target/classes/org/springframework/data/aerospike/utility] for files matching pattern [/home/aluno/spring-projects/maven/spring-data-aerospike/target/classes/org/springframework/data/**/repository/support/**/*.class]
16:37:51.770 [main] DEBUG o.s.c.i.s.PathMatchingResourcePatternResolver - Looking for matching resources in jar file [file:/home/aluno/.m2/repository/org/springframework/data/spring-data-commons/1.11.0.RELEASE/spring-data-commons-1.11.0.RELEASE.jar]
16:37:51.774 [main] DEBUG o.s.c.i.s.PathMatchingResourcePatternResolver - Looking for matching resources in jar file [file:/home/aluno/.m2/repository/org/springframework/data/spring-data-keyvalue/1.0.0.M1/spring-data-keyvalue-1.0.0.M1.jar]
16:37:51.774 [main] DEBUG o.s.c.i.s.PathMatchingResourcePatternResolver - Resolved location pattern [classpath*:org/springframework/data/**/repository/support/**/*.class] to resources [file [/home/aluno/spring-projects/maven/spring-data-aerospike/target/test-classes/org/springframework/data/aerospike/repository/support/SimpleAerospikeRepositoryTest$5.class], file [/home/aluno/spring-projects/maven/spring-data-aerospike/target/test-classes/org/springframework/data/aerospike/repository/support/SimpleAerospikeRepositoryTest$9.class], file [/home/aluno/spring-projects/maven/spring-data-aerospike/target/test-classes/org/springframework/data/aerospike/repository/support/SimpleAerospikeRepositoryTest$4.class], file [/home/aluno/spring-projects/maven/spring-data-aerospike/target/test-classes/org/springframework/data/aerospike/repository/support/AerospikeRepositoryFactoryTest.class], file [/home/aluno/spring-projects/maven/spring-data-aerospike/target/test-classes/org/springframework/data/aerospike/repository/support/SimpleAerospikeRepositoryTest.class], file [/home/aluno/spring-projects/maven/spring-data-aerospike/target/test-classes/org/springframework/data/aerospike/repository/support/SimpleAerospikeRepositoryTest$1.class], file [/home/aluno/spring-projects/maven/spring-data-aerospike/target/test-classes/org/springframework/data/aerospike/repository/support/SimpleAerospikeRepositoryTest$3.class], file [/home/aluno/spring-projects/maven/spring-data-aerospike/target/test-classes/org/springframework/data/aerospike/repository/support/SimpleAerospikeRepositoryTest$8.class], file [/home/aluno/spring-projects/maven/spring-data-aerospike/target/test-classes/org/springframework/data/aerospike/repository/support/SimpleAerospikeRepositoryTest$6.class], file [/home/aluno/spring-projects/maven/spring-data-aerospike/target/test-classes/org/springframework/data/aerospike/repository/support/SimpleAerospikeRepositoryTest$2.class], file [/home/aluno/spring-projects/maven/spring-data-aerospike/target/test-classes/org/springframework/data/aerospike/repository/support/AllTests.class], file [/home/aluno/spring-projects/maven/spring-data-aerospike/target/test-classes/org/springframework/data/aerospike/repository/support/SimpleAerospikeRepositoryTest$7.class], file [/home/aluno/spring-projects/maven/spring-data-aerospike/target/classes/org/springframework/data/aerospike/repository/support/AerospikeRepositoryFactoryBean.class], file [/home/aluno/spring-projects/maven/spring-data-aerospike/target/classes/org/springframework/data/aerospike/repository/support/AerospikeRepositoryFactory$AerospikeQueryLookupStrategy.class], file [/home/aluno/spring-projects/maven/spring-data-aerospike/target/classes/org/springframework/data/aerospike/repository/support/AerospikeRepositoryFactory.class], file [/home/aluno/spring-projects/maven/spring-data-aerospike/target/classes/org/springframework/data/aerospike/repository/support/SimpleAerospikeRepository.class], URL [jar:file:/home/aluno/.m2/repository/org/springframework/data/spring-data-commons/1.11.0.RELEASE/spring-data-commons-1.11.0.RELEASE.jar!/org/springframework/data/repository/support/DomainClassConverter$ConversionMatchAbbreviationException.class], URL [jar:file:/home/aluno/.m2/repository/org/springframework/data/spring-data-commons/1.11.0.RELEASE/spring-data-commons-1.11.0.RELEASE.jar!/org/springframework/data/repository/support/DomainClassConverter$ToIdConverter.class], URL [jar:file:/home/aluno/.m2/repository/org/springframework/data/spring-data-commons/1.11.0.RELEASE/spring-data-commons-1.11.0.RELEASE.jar!/org/springframework/data/repository/support/Repositories$EmptyRepositoryFactoryInformation.class], URL [jar:file:/home/aluno/.m2/repository/org/springframework/data/spring-data-commons/1.11.0.RELEASE/spring-data-commons-1.11.0.RELEASE.jar!/org/springframework/data/repository/support/PagingAndSortingRepositoryInvoker.class], URL [jar:file:/home/aluno/.m2/repository/org/springframework/data/spring-data-commons/1.11.0.RELEASE/spring-data-commons-1.11.0.RELEASE.jar!/org/springframework/data/repository/support/QueryMethodParameterConversionException.class], URL [jar:file:/home/aluno/.m2/repository/org/springframework/data/spring-data-commons/1.11.0.RELEASE/spring-data-commons-1.11.0.RELEASE.jar!/org/springframework/data/repository/support/MethodParameters.class], URL [jar:file:/home/aluno/.m2/repository/org/springframework/data/spring-data-commons/1.11.0.RELEASE/spring-data-commons-1.11.0.RELEASE.jar!/org/springframework/data/repository/support/RepositoryInvoker.class], URL [jar:file:/home/aluno/.m2/repository/org/springframework/data/spring-data-commons/1.11.0.RELEASE/spring-data-commons-1.11.0.RELEASE.jar!/org/springframework/data/repository/support/RepositoryInvokerFactory.class], URL [jar:file:/home/aluno/.m2/repository/org/springframework/data/spring-data-commons/1.11.0.RELEASE/spring-data-commons-1.11.0.RELEASE.jar!/org/springframework/data/repository/support/DomainClassPropertyEditorRegistrar.class], URL [jar:file:/home/aluno/.m2/repository/org/springframework/data/spring-data-commons/1.11.0.RELEASE/spring-data-commons-1.11.0.RELEASE.jar!/org/springframework/data/repository/support/AnnotationAttribute.class], URL [jar:file:/home/aluno/.m2/repository/org/springframework/data/spring-data-commons/1.11.0.RELEASE/spring-data-commons-1.11.0.RELEASE.jar!/org/springframework/data/repository/support/DefaultRepositoryInvokerFactory.class], URL [jar:file:/home/aluno/.m2/repository/org/springframework/data/spring-data-commons/1.11.0.RELEASE/spring-data-commons-1.11.0.RELEASE.jar!/org/springframework/data/repository/support/MethodParameters$AnnotationNamingMethodParameter.class], URL [jar:file:/home/aluno/.m2/repository/org/springframework/data/spring-data-commons/1.11.0.RELEASE/spring-data-commons-1.11.0.RELEASE.jar!/org/springframework/data/repository/support/CrudRepositoryInvoker.class], URL [jar:file:/home/aluno/.m2/repository/org/springframework/data/spring-data-commons/1.11.0.RELEASE/spring-data-commons-1.11.0.RELEASE.jar!/org/springframework/data/repository/support/Repositories.class], URL [jar:file:/home/aluno/.m2/repository/org/springframework/data/spring-data-commons/1.11.0.RELEASE/spring-data-commons-1.11.0.RELEASE.jar!/org/springframework/data/repository/support/DomainClassConverter$ToEntityConverter.class], URL [jar:file:/home/aluno/.m2/repository/org/springframework/data/spring-data-commons/1.11.0.RELEASE/spring-data-commons-1.11.0.RELEASE.jar!/org/springframework/data/repository/support/ReflectionRepositoryInvoker.class], URL [jar:file:/home/aluno/.m2/repository/org/springframework/data/spring-data-commons/1.11.0.RELEASE/spring-data-commons-1.11.0.RELEASE.jar!/org/springframework/data/repository/support/DomainClassPropertyEditor.class], URL [jar:file:/home/aluno/.m2/repository/org/springframework/data/spring-data-commons/1.11.0.RELEASE/spring-data-commons-1.11.0.RELEASE.jar!/org/springframework/data/repository/support/DomainClassConverter.class], URL [jar:file:/home/aluno/.m2/repository/org/springframework/data/spring-data-commons/1.11.0.RELEASE/spring-data-commons-1.11.0.RELEASE.jar!/org/springframework/data/repository/support/DomainClassConverter$1.class], URL [jar:file:/home/aluno/.m2/repository/org/springframework/data/spring-data-commons/1.11.0.RELEASE/spring-data-commons-1.11.0.RELEASE.jar!/org/springframework/data/repository/support/RepositoryInvocationInformation.class], URL [jar:file:/home/aluno/.m2/repository/org/springframework/data/spring-data-keyvalue/1.0.0.M1/spring-data-keyvalue-1.0.0.M1.jar!/org/springframework/data/keyvalue/repository/support/KeyValueRepositoryFactory$KeyValueQueryLookupStrategy.class], URL [jar:file:/home/aluno/.m2/repository/org/springframework/data/spring-data-keyvalue/1.0.0.M1/spring-data-keyvalue-1.0.0.M1.jar!/org/springframework/data/keyvalue/repository/support/QuerydslKeyValueRepository.class], URL [jar:file:/home/aluno/.m2/repository/org/springframework/data/spring-data-keyvalue/1.0.0.M1/spring-data-keyvalue-1.0.0.M1.jar!/org/springframework/data/keyvalue/repository/support/KeyValueRepositoryFactoryBean.class], URL [jar:file:/home/aluno/.m2/repository/org/springframework/data/spring-data-keyvalue/1.0.0.M1/spring-data-keyvalue-1.0.0.M1.jar!/org/springframework/data/keyvalue/repository/support/KeyValueQuerydslUtils$1.class], URL [jar:file:/home/aluno/.m2/repository/org/springframework/data/spring-data-keyvalue/1.0.0.M1/spring-data-keyvalue-1.0.0.M1.jar!/org/springframework/data/keyvalue/repository/support/KeyValueQuerydslUtils.class], URL [jar:file:/home/aluno/.m2/repository/org/springframework/data/spring-data-keyvalue/1.0.0.M1/spring-data-keyvalue-1.0.0.M1.jar!/org/springframework/data/keyvalue/repository/support/KeyValueRepositoryFactory.class], URL [jar:file:/home/aluno/.m2/repository/org/springframework/data/spring-data-keyvalue/1.0.0.M1/spring-data-keyvalue-1.0.0.M1.jar!/org/springframework/data/keyvalue/repository/support/SimpleKeyValueRepository.class]]
16:37:51.777 [main] DEBUG o.s.c.a.ClassPathScanningCandidateComponentProvider - Identified candidate component class: file [/home/aluno/spring-projects/maven/spring-data-aerospike/target/classes/org/springframework/data/aerospike/repository/support/AerospikeRepositoryFactory.class]
16:37:51.784 [main] DEBUG o.s.c.a.ClassPathScanningCandidateComponentProvider - Identified candidate component class: URL [jar:file:/home/aluno/.m2/repository/org/springframework/data/spring-data-keyvalue/1.0.0.M1/spring-data-keyvalue-1.0.0.M1.jar!/org/springframework/data/keyvalue/repository/support/KeyValueRepositoryFactory.class]
16:37:51.784 [main] DEBUG o.s.d.r.c.RepositoryConfigurationDelegate - Multiple Spring Data modules found, entering strict repository configuration mode!
16:37:51.805 [main] DEBUG o.s.core.env.StandardEnvironment - Adding [systemProperties] PropertySource with lowest search precedence
16:37:51.806 [main] DEBUG o.s.core.env.StandardEnvironment - Adding [systemEnvironment] PropertySource with lowest search precedence
16:37:51.806 [main] DEBUG o.s.core.env.StandardEnvironment - Initialized StandardEnvironment with PropertySources [systemProperties,systemEnvironment]
16:37:51.806 [main] DEBUG o.s.c.i.s.PathMatchingResourcePatternResolver - Looking for matching resources in directory tree [/home/aluno/spring-projects/maven/spring-data-aerospike/target/test-classes/org/springframework/data/aerospike/repository]
16:37:51.806 [main] DEBUG o.s.c.i.s.PathMatchingResourcePatternResolver - Searching directory [/home/aluno/spring-projects/maven/spring-data-aerospike/target/test-classes/org/springframework/data/aerospike/repository] for files matching pattern [/home/aluno/spring-projects/maven/spring-data-aerospike/target/test-classes/org/springframework/data/aerospike/repository/**/*.class]
16:37:51.806 [main] DEBUG o.s.c.i.s.PathMatchingResourcePatternResolver - Searching directory [/home/aluno/spring-projects/maven/spring-data-aerospike/target/test-classes/org/springframework/data/aerospike/repository/support] for files matching pattern [/home/aluno/spring-projects/maven/spring-data-aerospike/target/test-classes/org/springframework/data/aerospike/repository/**/*.class]
16:37:51.807 [main] DEBUG o.s.c.i.s.PathMatchingResourcePatternResolver - Searching directory [/home/aluno/spring-projects/maven/spring-data-aerospike/target/test-classes/org/springframework/data/aerospike/repository/query] for files matching pattern [/home/aluno/spring-projects/maven/spring-data-aerospike/target/test-classes/org/springframework/data/aerospike/repository/**/*.class]
16:37:51.807 [main] DEBUG o.s.c.i.s.PathMatchingResourcePatternResolver - Looking for matching resources in directory tree [/home/aluno/spring-projects/maven/spring-data-aerospike/target/classes/org/springframework/data/aerospike/repository]
16:37:51.807 [main] DEBUG o.s.c.i.s.PathMatchingResourcePatternResolver - Searching directory [/home/aluno/spring-projects/maven/spring-data-aerospike/target/classes/org/springframework/data/aerospike/repository] for files matching pattern [/home/aluno/spring-projects/maven/spring-data-aerospike/target/classes/org/springframework/data/aerospike/repository/**/*.class]
16:37:51.807 [main] DEBUG o.s.c.i.s.PathMatchingResourcePatternResolver - Searching directory [/home/aluno/spring-projects/maven/spring-data-aerospike/target/classes/org/springframework/data/aerospike/repository/support] for files matching pattern [/home/aluno/spring-projects/maven/spring-data-aerospike/target/classes/org/springframework/data/aerospike/repository/**/*.class]
16:37:51.807 [main] DEBUG o.s.c.i.s.PathMatchingResourcePatternResolver - Searching directory [/home/aluno/spring-projects/maven/spring-data-aerospike/target/classes/org/springframework/data/aerospike/repository/config] for files matching pattern [/home/aluno/spring-projects/maven/spring-data-aerospike/target/classes/org/springframework/data/aerospike/repository/**/*.class]
16:37:51.807 [main] DEBUG o.s.c.i.s.PathMatchingResourcePatternResolver - Searching directory [/home/aluno/spring-projects/maven/spring-data-aerospike/target/classes/org/springframework/data/aerospike/repository/query] for files matching pattern [/home/aluno/spring-projects/maven/spring-data-aerospike/target/classes/org/springframework/data/aerospike/repository/**/*.class]
16:37:51.808 [main] DEBUG o.s.c.i.s.PathMatchingResourcePatternResolver - Resolved location pattern [classpath*:org/springframework/data/aerospike/repository/**/*.class] to resources [file [/home/aluno/spring-projects/maven/spring-data-aerospike/target/test-classes/org/springframework/data/aerospike/repository/Credentials.class], file [/home/aluno/spring-projects/maven/spring-data-aerospike/target/test-classes/org/springframework/data/aerospike/repository/AbstractPersonRepositoryIntegrationTests$1.class], file [/home/aluno/spring-projects/maven/spring-data-aerospike/target/test-classes/org/springframework/data/aerospike/repository/PersonRepository.class], file [/home/aluno/spring-projects/maven/spring-data-aerospike/target/test-classes/org/springframework/data/aerospike/repository/TestConfigPerson.class], file [/home/aluno/spring-projects/maven/spring-data-aerospike/target/test-classes/org/springframework/data/aerospike/repository/Address.class], file [/home/aluno/spring-projects/maven/spring-data-aerospike/target/test-classes/org/springframework/data/aerospike/repository/Person$Sex.class], file [/home/aluno/spring-projects/maven/spring-data-aerospike/target/test-classes/org/springframework/data/aerospike/repository/Person.class], file [/home/aluno/spring-projects/maven/spring-data-aerospike/target/test-classes/org/springframework/data/aerospike/repository/ContactRepository.class], file [/home/aluno/spring-projects/maven/spring-data-aerospike/target/test-classes/org/springframework/data/aerospike/repository/AbstractPersonRepositoryIntegrationTests.class], file [/home/aluno/spring-projects/maven/spring-data-aerospike/target/test-classes/org/springframework/data/aerospike/repository/User.class], file [/home/aluno/spring-projects/maven/spring-data-aerospike/target/test-classes/org/springframework/data/aerospike/repository/CustomerRepositoriesIntegrationTests$Config.class], file [/home/aluno/spring-projects/maven/spring-data-aerospike/target/test-classes/org/springframework/data/aerospike/repository/AnnotatedPerson.class], file [/home/aluno/spring-projects/maven/spring-data-aerospike/target/test-classes/org/springframework/data/aerospike/repository/support/SimpleAerospikeRepositoryTest$5.class], file [/home/aluno/spring-projects/maven/spring-data-aerospike/target/test-classes/org/springframework/data/aerospike/repository/support/SimpleAerospikeRepositoryTest$9.class], file [/home/aluno/spring-projects/maven/spring-data-aerospike/target/test-classes/org/springframework/data/aerospike/repository/support/SimpleAerospikeRepositoryTest$4.class], file [/home/aluno/spring-projects/maven/spring-data-aerospike/target/test-classes/org/springframework/data/aerospike/repository/support/AerospikeRepositoryFactoryTest.class], file [/home/aluno/spring-projects/maven/spring-data-aerospike/target/test-classes/org/springframework/data/aerospike/repository/support/SimpleAerospikeRepositoryTest.class], file [/home/aluno/spring-projects/maven/spring-data-aerospike/target/test-classes/org/springframework/data/aerospike/repository/support/SimpleAerospikeRepositoryTest$1.class], file [/home/aluno/spring-projects/maven/spring-data-aerospike/target/test-classes/org/springframework/data/aerospike/repository/support/SimpleAerospikeRepositoryTest$3.class], file [/home/aluno/spring-projects/maven/spring-data-aerospike/target/test-classes/org/springframework/data/aerospike/repository/support/SimpleAerospikeRepositoryTest$8.class], file [/home/aluno/spring-projects/maven/spring-data-aerospike/target/test-classes/org/springframework/data/aerospike/repository/support/SimpleAerospikeRepositoryTest$6.class], file [/home/aluno/spring-projects/maven/spring-data-aerospike/target/test-classes/org/springframework/data/aerospike/repository/support/SimpleAerospikeRepositoryTest$2.class], file [/home/aluno/spring-projects/maven/spring-data-aerospike/target/test-classes/org/springframework/data/aerospike/repository/support/AllTests.class], file [/home/aluno/spring-projects/maven/spring-data-aerospike/target/test-classes/org/springframework/data/aerospike/repository/support/SimpleAerospikeRepositoryTest$7.class], file [/home/aluno/spring-projects/maven/spring-data-aerospike/target/test-classes/org/springframework/data/aerospike/repository/Contact.class], file [/home/aluno/spring-projects/maven/spring-data-aerospike/target/test-classes/org/springframework/data/aerospike/repository/AllTests.class], file [/home/aluno/spring-projects/maven/spring-data-aerospike/target/test-classes/org/springframework/data/aerospike/repository/PersonRepositoryIntegrationTests.class], file [/home/aluno/spring-projects/maven/spring-data-aerospike/target/test-classes/org/springframework/data/aerospike/repository/query/StubParameterAccessor.class], file [/home/aluno/spring-projects/maven/spring-data-aerospike/target/test-classes/org/springframework/data/aerospike/repository/query/AllTests.class], file [/home/aluno/spring-projects/maven/spring-data-aerospike/target/test-classes/org/springframework/data/aerospike/repository/query/AerospikePartTreeQueryTest.class], file [/home/aluno/spring-projects/maven/spring-data-aerospike/target/test-classes/org/springframework/data/aerospike/repository/CustomerRepositoriesIntegrationTests.class], file [/home/aluno/spring-projects/maven/spring-data-aerospike/target/classes/org/springframework/data/aerospike/repository/AerospikeRepository.class], file [/home/aluno/spring-projects/maven/spring-data-aerospike/target/classes/org/springframework/data/aerospike/repository/support/AerospikeRepositoryFactoryBean.class], file [/home/aluno/spring-projects/maven/spring-data-aerospike/target/classes/org/springframework/data/aerospike/repository/support/AerospikeRepositoryFactory$AerospikeQueryLookupStrategy.class], file [/home/aluno/spring-projects/maven/spring-data-aerospike/target/classes/org/springframework/data/aerospike/repository/support/AerospikeRepositoryFactory.class], file [/home/aluno/spring-projects/maven/spring-data-aerospike/target/classes/org/springframework/data/aerospike/repository/support/SimpleAerospikeRepository.class], file [/home/aluno/spring-projects/maven/spring-data-aerospike/target/classes/org/springframework/data/aerospike/repository/config/AerospikeRepositoriesRegistrar.class], file [/home/aluno/spring-projects/maven/spring-data-aerospike/target/classes/org/springframework/data/aerospike/repository/config/EnableAerospikeRepositories.class], file [/home/aluno/spring-projects/maven/spring-data-aerospike/target/classes/org/springframework/data/aerospike/repository/config/AerospikeRepositoriesRegistrar$1.class], file [/home/aluno/spring-projects/maven/spring-data-aerospike/target/classes/org/springframework/data/aerospike/repository/config/AerospikeRepositoriesRegistrar$AerospikeRepositoryConfigurationExtension.class], file [/home/aluno/spring-projects/maven/spring-data-aerospike/target/classes/org/springframework/data/aerospike/repository/query/AerospikeParameterAccessor.class], file [/home/aluno/spring-projects/maven/spring-data-aerospike/target/classes/org/springframework/data/aerospike/repository/query/Query.class], file [/home/aluno/spring-projects/maven/spring-data-aerospike/target/classes/org/springframework/data/aerospike/repository/query/ConvertingParameterAccessor.class], file [/home/aluno/spring-projects/maven/spring-data-aerospike/target/classes/org/springframework/data/aerospike/repository/query/AerospikeQueryCreator$1.class], file [/home/aluno/spring-projects/maven/spring-data-aerospike/target/classes/org/springframework/data/aerospike/repository/query/CriteriaDefinition.class], file [/home/aluno/spring-projects/maven/spring-data-aerospike/target/classes/org/springframework/data/aerospike/repository/query/TextCriteria.class], file [/home/aluno/spring-projects/maven/spring-data-aerospike/target/classes/org/springframework/data/aerospike/repository/query/Criteria.class], file [/home/aluno/spring-projects/maven/spring-data-aerospike/target/classes/org/springframework/data/aerospike/repository/query/AerospikePartTreeQuery.class], file [/home/aluno/spring-projects/maven/spring-data-aerospike/target/classes/org/springframework/data/aerospike/repository/query/AerospikeQueryCreator.class]]
16:37:51.809 [main] DEBUG o.s.d.r.c.RepositoryComponentProvider - Identified candidate component class: file [/home/aluno/spring-projects/maven/spring-data-aerospike/target/test-classes/org/springframework/data/aerospike/repository/PersonRepository.class]
16:37:51.810 [main] DEBUG o.s.d.r.c.RepositoryComponentProvider - Identified candidate component class: file [/home/aluno/spring-projects/maven/spring-data-aerospike/target/test-classes/org/springframework/data/aerospike/repository/ContactRepository.class]
16:37:51.818 [main] DEBUG o.s.core.env.StandardEnvironment - Adding [systemProperties] PropertySource with lowest search precedence
16:37:51.818 [main] DEBUG o.s.core.env.StandardEnvironment - Adding [systemEnvironment] PropertySource with lowest search precedence
16:37:51.818 [main] DEBUG o.s.core.env.StandardEnvironment - Initialized StandardEnvironment with PropertySources [systemProperties,systemEnvironment]
16:37:51.818 [main] DEBUG o.s.c.i.s.PathMatchingResourcePatternResolver - Looking for matching resources in directory tree [/home/aluno/spring-projects/maven/spring-data-aerospike/target/test-classes/org/springframework/data/aerospike/repository]
16:37:51.818 [main] DEBUG o.s.c.i.s.PathMatchingResourcePatternResolver - Searching directory [/home/aluno/spring-projects/maven/spring-data-aerospike/target/test-classes/org/springframework/data/aerospike/repository] for files matching pattern [/home/aluno/spring-projects/maven/spring-data-aerospike/target/test-classes/org/springframework/data/aerospike/repository/**/*PersonRepositoryImpl.class]
16:37:51.819 [main] DEBUG o.s.c.i.s.PathMatchingResourcePatternResolver - Searching directory [/home/aluno/spring-projects/maven/spring-data-aerospike/target/test-classes/org/springframework/data/aerospike/repository/support] for files matching pattern [/home/aluno/spring-projects/maven/spring-data-aerospike/target/test-classes/org/springframework/data/aerospike/repository/**/*PersonRepositoryImpl.class]
16:37:51.819 [main] DEBUG o.s.c.i.s.PathMatchingResourcePatternResolver - Searching directory [/home/aluno/spring-projects/maven/spring-data-aerospike/target/test-classes/org/springframework/data/aerospike/repository/query] for files matching pattern [/home/aluno/spring-projects/maven/spring-data-aerospike/target/test-classes/org/springframework/data/aerospike/repository/**/*PersonRepositoryImpl.class]
16:37:51.819 [main] DEBUG o.s.c.i.s.PathMatchingResourcePatternResolver - Looking for matching resources in directory tree [/home/aluno/spring-projects/maven/spring-data-aerospike/target/classes/org/springframework/data/aerospike/repository]
16:37:51.819 [main] DEBUG o.s.c.i.s.PathMatchingResourcePatternResolver - Searching directory [/home/aluno/spring-projects/maven/spring-data-aerospike/target/classes/org/springframework/data/aerospike/repository] for files matching pattern [/home/aluno/spring-projects/maven/spring-data-aerospike/target/classes/org/springframework/data/aerospike/repository/**/*PersonRepositoryImpl.class]
16:37:51.819 [main] DEBUG o.s.c.i.s.PathMatchingResourcePatternResolver - Searching directory [/home/aluno/spring-projects/maven/spring-data-aerospike/target/classes/org/springframework/data/aerospike/repository/support] for files matching pattern [/home/aluno/spring-projects/maven/spring-data-aerospike/target/classes/org/springframework/data/aerospike/repository/**/*PersonRepositoryImpl.class]
16:37:51.819 [main] DEBUG o.s.c.i.s.PathMatchingResourcePatternResolver - Searching directory [/home/aluno/spring-projects/maven/spring-data-aerospike/target/classes/org/springframework/data/aerospike/repository/config] for files matching pattern [/home/aluno/spring-projects/maven/spring-data-aerospike/target/classes/org/springframework/data/aerospike/repository/**/*PersonRepositoryImpl.class]
16:37:51.819 [main] DEBUG o.s.c.i.s.PathMatchingResourcePatternResolver - Searching directory [/home/aluno/spring-projects/maven/spring-data-aerospike/target/classes/org/springframework/data/aerospike/repository/query] for files matching pattern [/home/aluno/spring-projects/maven/spring-data-aerospike/target/classes/org/springframework/data/aerospike/repository/**/*PersonRepositoryImpl.class]
16:37:51.819 [main] DEBUG o.s.c.i.s.PathMatchingResourcePatternResolver - Resolved location pattern [classpath*:org/springframework/data/aerospike/repository/**/*PersonRepositoryImpl.class] to resources []
16:37:51.819 [main] DEBUG o.s.d.r.c.RepositoryConfigurationDelegate - Spring Data Aerospike - Registering repository: personRepository - Interface: org.springframework.data.aerospike.repository.PersonRepository - Factory: org.springframework.data.keyvalue.repository.support.KeyValueRepositoryFactoryBean
16:37:51.819 [main] DEBUG o.s.core.env.StandardEnvironment - Adding [systemProperties] PropertySource with lowest search precedence
16:37:51.819 [main] DEBUG o.s.core.env.StandardEnvironment - Adding [systemEnvironment] PropertySource with lowest search precedence
16:37:51.820 [main] DEBUG o.s.core.env.StandardEnvironment - Initialized StandardEnvironment with PropertySources [systemProperties,systemEnvironment]
16:37:51.820 [main] DEBUG o.s.c.i.s.PathMatchingResourcePatternResolver - Looking for matching resources in directory tree [/home/aluno/spring-projects/maven/spring-data-aerospike/target/test-classes/org/springframework/data/aerospike/repository]
16:37:51.820 [main] DEBUG o.s.c.i.s.PathMatchingResourcePatternResolver - Searching directory [/home/aluno/spring-projects/maven/spring-data-aerospike/target/test-classes/org/springframework/data/aerospike/repository] for files matching pattern [/home/aluno/spring-projects/maven/spring-data-aerospike/target/test-classes/org/springframework/data/aerospike/repository/**/*ContactRepositoryImpl.class]
16:37:51.820 [main] DEBUG o.s.c.i.s.PathMatchingResourcePatternResolver - Searching directory [/home/aluno/spring-projects/maven/spring-data-aerospike/target/test-classes/org/springframework/data/aerospike/repository/support] for files matching pattern [/home/aluno/spring-projects/maven/spring-data-aerospike/target/test-classes/org/springframework/data/aerospike/repository/**/*ContactRepositoryImpl.class]
16:37:51.820 [main] DEBUG o.s.c.i.s.PathMatchingResourcePatternResolver - Searching directory [/home/aluno/spring-projects/maven/spring-data-aerospike/target/test-classes/org/springframework/data/aerospike/repository/query] for files matching pattern [/home/aluno/spring-projects/maven/spring-data-aerospike/target/test-classes/org/springframework/data/aerospike/repository/**/*ContactRepositoryImpl.class]
16:37:51.820 [main] DEBUG o.s.c.i.s.PathMatchingResourcePatternResolver - Looking for matching resources in directory tree [/home/aluno/spring-projects/maven/spring-data-aerospike/target/classes/org/springframework/data/aerospike/repository]
16:37:51.820 [main] DEBUG o.s.c.i.s.PathMatchingResourcePatternResolver - Searching directory [/home/aluno/spring-projects/maven/spring-data-aerospike/target/classes/org/springframework/data/aerospike/repository] for files matching pattern [/home/aluno/spring-projects/maven/spring-data-aerospike/target/classes/org/springframework/data/aerospike/repository/**/*ContactRepositoryImpl.class]
16:37:51.820 [main] DEBUG o.s.c.i.s.PathMatchingResourcePatternResolver - Searching directory [/home/aluno/spring-projects/maven/spring-data-aerospike/target/classes/org/springframework/data/aerospike/repository/support] for files matching pattern [/home/aluno/spring-projects/maven/spring-data-aerospike/target/classes/org/springframework/data/aerospike/repository/**/*ContactRepositoryImpl.class]
16:37:51.820 [main] DEBUG o.s.c.i.s.PathMatchingResourcePatternResolver - Searching directory [/home/aluno/spring-projects/maven/spring-data-aerospike/target/classes/org/springframework/data/aerospike/repository/config] for files matching pattern [/home/aluno/spring-projects/maven/spring-data-aerospike/target/classes/org/springframework/data/aerospike/repository/**/*ContactRepositoryImpl.class]
16:37:51.820 [main] DEBUG o.s.c.i.s.PathMatchingResourcePatternResolver - Searching directory [/home/aluno/spring-projects/maven/spring-data-aerospike/target/classes/org/springframework/data/aerospike/repository/query] for files matching pattern [/home/aluno/spring-projects/maven/spring-data-aerospike/target/classes/org/springframework/data/aerospike/repository/**/*ContactRepositoryImpl.class]
16:37:51.820 [main] DEBUG o.s.c.i.s.PathMatchingResourcePatternResolver - Resolved location pattern [classpath*:org/springframework/data/aerospike/repository/**/*ContactRepositoryImpl.class] to resources []
16:37:51.821 [main] DEBUG o.s.d.r.c.RepositoryConfigurationDelegate - Spring Data Aerospike - Registering repository: contactRepository - Interface: org.springframework.data.aerospike.repository.ContactRepository - Factory: org.springframework.data.keyvalue.repository.support.KeyValueRepositoryFactoryBean
16:37:51.821 [main] DEBUG o.s.c.a.ConfigurationClassEnhancer - Successfully enhanced org.springframework.data.aerospike.repository.TestConfigPerson; enhanced class name is: org.springframework.data.aerospike.repository.TestConfigPerson$$EnhancerBySpringCGLIB$$3f27a8da
16:37:51.821 [main] DEBUG o.s.c.a.ConfigurationClassPostProcessor - Replacing bean definition 'testConfigPerson' existing class name 'org.springframework.data.aerospike.repository.TestConfigPerson' with enhanced class name 'org.springframework.data.aerospike.repository.TestConfigPerson$$EnhancerBySpringCGLIB$$3f27a8da'
16:37:51.821 [main] DEBUG o.s.b.f.s.DefaultListableBeanFactory - Creating shared instance of singleton bean 'org.springframework.context.annotation.internalAutowiredAnnotationProcessor'
16:37:51.821 [main] DEBUG o.s.b.f.s.DefaultListableBeanFactory - Creating instance of bean 'org.springframework.context.annotation.internalAutowiredAnnotationProcessor'
16:37:51.821 [main] DEBUG o.s.b.f.s.DefaultListableBeanFactory - Eagerly caching bean 'org.springframework.context.annotation.internalAutowiredAnnotationProcessor' to allow for resolving potential circular references
16:37:51.821 [main] DEBUG o.s.b.f.s.DefaultListableBeanFactory - Finished creating instance of bean 'org.springframework.context.annotation.internalAutowiredAnnotationProcessor'
16:37:51.821 [main] DEBUG o.s.b.f.s.DefaultListableBeanFactory - Creating shared instance of singleton bean 'org.springframework.context.annotation.internalRequiredAnnotationProcessor'
16:37:51.821 [main] DEBUG o.s.b.f.s.DefaultListableBeanFactory - Creating instance of bean 'org.springframework.context.annotation.internalRequiredAnnotationProcessor'
16:37:51.822 [main] DEBUG o.s.b.f.s.DefaultListableBeanFactory - Eagerly caching bean 'org.springframework.context.annotation.internalRequiredAnnotationProcessor' to allow for resolving potential circular references
16:37:51.822 [main] DEBUG o.s.b.f.s.DefaultListableBeanFactory - Finished creating instance of bean 'org.springframework.context.annotation.internalRequiredAnnotationProcessor'
16:37:51.822 [main] DEBUG o.s.b.f.s.DefaultListableBeanFactory - Creating shared instance of singleton bean 'org.springframework.context.annotation.internalCommonAnnotationProcessor'
16:37:51.822 [main] DEBUG o.s.b.f.s.DefaultListableBeanFactory - Creating instance of bean 'org.springframework.context.annotation.internalCommonAnnotationProcessor'
16:37:51.822 [main] DEBUG o.s.b.f.s.DefaultListableBeanFactory - Eagerly caching bean 'org.springframework.context.annotation.internalCommonAnnotationProcessor' to allow for resolving potential circular references
16:37:51.822 [main] DEBUG o.s.b.f.s.DefaultListableBeanFactory - Finished creating instance of bean 'org.springframework.context.annotation.internalCommonAnnotationProcessor'
16:37:51.822 [main] DEBUG o.s.b.f.s.DefaultListableBeanFactory - Creating shared instance of singleton bean 'org.springframework.context.annotation.ConfigurationClassPostProcessor.importAwareProcessor'
16:37:51.822 [main] DEBUG o.s.b.f.s.DefaultListableBeanFactory - Creating instance of bean 'org.springframework.context.annotation.ConfigurationClassPostProcessor.importAwareProcessor'
16:37:51.822 [main] DEBUG o.s.b.f.s.DefaultListableBeanFactory - Eagerly caching bean 'org.springframework.context.annotation.ConfigurationClassPostProcessor.importAwareProcessor' to allow for resolving potential circular references
16:37:51.822 [main] DEBUG o.s.b.f.s.DefaultListableBeanFactory - Finished creating instance of bean 'org.springframework.context.annotation.ConfigurationClassPostProcessor.importAwareProcessor'
16:37:51.822 [main] DEBUG o.s.b.f.s.DefaultListableBeanFactory - Creating shared instance of singleton bean 'org.springframework.context.annotation.ConfigurationClassPostProcessor.enhancedConfigurationProcessor'
16:37:51.822 [main] DEBUG o.s.b.f.s.DefaultListableBeanFactory - Creating instance of bean 'org.springframework.context.annotation.ConfigurationClassPostProcessor.enhancedConfigurationProcessor'
16:37:51.822 [main] DEBUG o.s.b.f.s.DefaultListableBeanFactory - Eagerly caching bean 'org.springframework.context.annotation.ConfigurationClassPostProcessor.enhancedConfigurationProcessor' to allow for resolving potential circular references
16:37:51.822 [main] DEBUG o.s.b.f.s.DefaultListableBeanFactory - Finished creating instance of bean 'org.springframework.context.annotation.ConfigurationClassPostProcessor.enhancedConfigurationProcessor'
16:37:51.822 [main] DEBUG o.s.b.f.s.DefaultListableBeanFactory - Creating shared instance of singleton bean 'org.springframework.data.repository.core.support.RepositoryInterfaceAwareBeanPostProcessor'
16:37:51.822 [main] DEBUG o.s.b.f.s.DefaultListableBeanFactory - Creating instance of bean 'org.springframework.data.repository.core.support.RepositoryInterfaceAwareBeanPostProcessor'
16:37:51.822 [main] DEBUG o.s.b.f.s.DefaultListableBeanFactory - Eagerly caching bean 'org.springframework.data.repository.core.support.RepositoryInterfaceAwareBeanPostProcessor' to allow for resolving potential circular references
16:37:51.822 [main] DEBUG o.s.b.f.s.DefaultListableBeanFactory - Finished creating instance of bean 'org.springframework.data.repository.core.support.RepositoryInterfaceAwareBeanPostProcessor'
16:37:51.822 [main] DEBUG o.s.c.s.GenericApplicationContext - Unable to locate MessageSource with name 'messageSource': using default [org.springframework.context.support.DelegatingMessageSource@68ee3b6d]
16:37:51.822 [main] DEBUG o.s.c.s.GenericApplicationContext - Unable to locate ApplicationEventMulticaster with name 'applicationEventMulticaster': using default [org.springframework.context.event.SimpleApplicationEventMulticaster@e76b097]
16:37:51.822 [main] DEBUG o.s.b.f.s.DefaultListableBeanFactory - Pre-instantiating singletons in org.springframework.beans.factory.support.DefaultListableBeanFactory@2e5b7fba: defining beans [org.springframework.context.annotation.internalConfigurationAnnotationProcessor,org.springframework.context.annotation.internalAutowiredAnnotationProcessor,org.springframework.context.annotation.internalRequiredAnnotationProcessor,org.springframework.context.annotation.internalCommonAnnotationProcessor,testConfigPerson,org.springframework.context.annotation.ConfigurationClassPostProcessor.importAwareProcessor,org.springframework.context.annotation.ConfigurationClassPostProcessor.enhancedConfigurationProcessor,aerospikeTemplate,aerospikeClient,org.springframework.data.aerospike.repository.config.AerospikeRepositoriesRegistrar$AerospikeRepositoryConfigurationExtension#0,org.springframework.data.repository.core.support.RepositoryInterfaceAwareBeanPostProcessor,keyValueMappingContext,personRepository,contactRepository]; root of factory hierarchy
16:37:51.822 [main] DEBUG o.s.b.f.s.DefaultListableBeanFactory - Returning cached instance of singleton bean 'org.springframework.context.annotation.internalConfigurationAnnotationProcessor'
16:37:51.822 [main] DEBUG o.s.b.f.s.DefaultListableBeanFactory - Returning cached instance of singleton bean 'org.springframework.context.annotation.internalAutowiredAnnotationProcessor'
16:37:51.822 [main] DEBUG o.s.b.f.s.DefaultListableBeanFactory - Returning cached instance of singleton bean 'org.springframework.context.annotation.internalRequiredAnnotationProcessor'
16:37:51.822 [main] DEBUG o.s.b.f.s.DefaultListableBeanFactory - Returning cached instance of singleton bean 'org.springframework.context.annotation.internalCommonAnnotationProcessor'
16:37:51.822 [main] DEBUG o.s.b.f.s.DefaultListableBeanFactory - Creating shared instance of singleton bean 'testConfigPerson'
16:37:51.822 [main] DEBUG o.s.b.f.s.DefaultListableBeanFactory - Creating instance of bean 'testConfigPerson'
16:37:51.822 [main] DEBUG o.s.b.f.s.DefaultListableBeanFactory - Eagerly caching bean 'testConfigPerson' to allow for resolving potential circular references
16:37:51.822 [main] DEBUG o.s.b.f.s.DefaultListableBeanFactory - Finished creating instance of bean 'testConfigPerson'
16:37:51.822 [main] DEBUG o.s.b.f.s.DefaultListableBeanFactory - Returning cached instance of singleton bean 'org.springframework.context.annotation.ConfigurationClassPostProcessor.importAwareProcessor'
16:37:51.822 [main] DEBUG o.s.b.f.s.DefaultListableBeanFactory - Returning cached instance of singleton bean 'org.springframework.context.annotation.ConfigurationClassPostProcessor.enhancedConfigurationProcessor'
16:37:51.822 [main] DEBUG o.s.b.f.s.DefaultListableBeanFactory - Creating shared instance of singleton bean 'aerospikeTemplate'
16:37:51.822 [main] DEBUG o.s.b.f.s.DefaultListableBeanFactory - Creating instance of bean 'aerospikeTemplate'
16:37:51.822 [main] DEBUG o.s.b.f.s.DefaultListableBeanFactory - Returning cached instance of singleton bean 'testConfigPerson'
16:37:51.823 [main] DEBUG o.s.b.f.s.DefaultListableBeanFactory - Creating shared instance of singleton bean 'aerospikeClient'
16:37:51.823 [main] DEBUG o.s.b.f.s.DefaultListableBeanFactory - Creating instance of bean 'aerospikeClient'
16:37:51.823 [main] DEBUG o.s.b.f.s.DefaultListableBeanFactory - Returning cached instance of singleton bean 'testConfigPerson'
16:37:53.825 [main] DEBUG o.s.d.a.r.q.AerospikeQueryCreator - AS:Alias 52.41.32.83:3000 failed: Error Code 11: java.net.SocketTimeoutException: connect timed out
16:37:53.825 [main] WARN  o.s.d.a.r.q.AerospikeQueryCreator - AS:Seed 52.41.32.83:3000 failed: Error Code 11: java.net.SocketTimeoutException: connect timed out
16:37:53.828 [main] WARN  o.s.c.s.GenericApplicationContext - Exception encountered during context initialization - cancelling refresh attempt
org.springframework.beans.factory.BeanCreationException: Error creating bean with name 'aerospikeTemplate' defined in org.springframework.data.aerospike.repository.TestConfigPerson: Bean instantiation via factory method failed; nested exception is org.springframework.beans.BeanInstantiationException: Failed to instantiate [org.springframework.data.aerospike.core.AerospikeTemplate]: Factory method 'aerospikeTemplate' threw exception; nested exception is org.springframework.beans.factory.BeanCreationException: Error creating bean with name 'aerospikeClient' defined in org.springframework.data.aerospike.repository.TestConfigPerson: Bean instantiation via factory method failed; nested exception is org.springframework.beans.BeanInstantiationException: Failed to instantiate [com.aerospike.client.AerospikeClient]: Factory method 'aerospikeClient' threw exception; nested exception is com.aerospike.client.AerospikeException$Connection: Error Code 11: Failed to connect to host(s): 
52.41.32.83:3000 Error Code 11: java.net.SocketTimeoutException: connect timed out

	at org.springframework.beans.factory.support.ConstructorResolver.instantiateUsingFactoryMethod(ConstructorResolver.java:599) ~[spring-beans-4.1.7.RELEASE.jar:4.1.7.RELEASE]
	at org.springframework.beans.factory.support.AbstractAutowireCapableBeanFactory.instantiateUsingFactoryMethod(AbstractAutowireCapableBeanFactory.java:1119) ~[spring-beans-4.1.7.RELEASE.jar:4.1.7.RELEASE]
	at org.springframework.beans.factory.support.AbstractAutowireCapableBeanFactory.createBeanInstance(AbstractAutowireCapableBeanFactory.java:1014) ~[spring-beans-4.1.7.RELEASE.jar:4.1.7.RELEASE]
	at org.springframework.beans.factory.support.AbstractAutowireCapableBeanFactory.doCreateBean(AbstractAutowireCapableBeanFactory.java:504) ~[spring-beans-4.1.7.RELEASE.jar:4.1.7.RELEASE]
	at org.springframework.beans.factory.support.AbstractAutowireCapableBeanFactory.createBean(AbstractAutowireCapableBeanFactory.java:476) ~[spring-beans-4.1.7.RELEASE.jar:4.1.7.RELEASE]
	at org.springframework.beans.factory.support.AbstractBeanFactory$1.getObject(AbstractBeanFactory.java:303) ~[spring-beans-4.1.7.RELEASE.jar:4.1.7.RELEASE]
	at org.springframework.beans.factory.support.DefaultSingletonBeanRegistry.getSingleton(DefaultSingletonBeanRegistry.java:230) ~[spring-beans-4.1.7.RELEASE.jar:4.1.7.RELEASE]
	at org.springframework.beans.factory.support.AbstractBeanFactory.doGetBean(AbstractBeanFactory.java:299) ~[spring-beans-4.1.7.RELEASE.jar:4.1.7.RELEASE]
	at org.springframework.beans.factory.support.AbstractBeanFactory.getBean(AbstractBeanFactory.java:194) ~[spring-beans-4.1.7.RELEASE.jar:4.1.7.RELEASE]
	at org.springframework.beans.factory.support.DefaultListableBeanFactory.preInstantiateSingletons(DefaultListableBeanFactory.java:755) ~[spring-beans-4.1.7.RELEASE.jar:4.1.7.RELEASE]
	at org.springframework.context.support.AbstractApplicationContext.finishBeanFactoryInitialization(AbstractApplicationContext.java:757) ~[spring-context-4.1.7.RELEASE.jar:4.1.7.RELEASE]
	at org.springframework.context.support.AbstractApplicationContext.refresh(AbstractApplicationContext.java:480) ~[spring-context-4.1.7.RELEASE.jar:4.1.7.RELEASE]
	at org.springframework.test.context.support.AbstractGenericContextLoader.loadContext(AbstractGenericContextLoader.java:125) [spring-test-4.1.7.RELEASE.jar:4.1.7.RELEASE]
	at org.springframework.test.context.support.AbstractGenericContextLoader.loadContext(AbstractGenericContextLoader.java:60) [spring-test-4.1.7.RELEASE.jar:4.1.7.RELEASE]
	at org.springframework.test.context.support.AbstractDelegatingSmartContextLoader.delegateLoading(AbstractDelegatingSmartContextLoader.java:109) [spring-test-4.1.7.RELEASE.jar:4.1.7.RELEASE]
	at org.springframework.test.context.support.AbstractDelegatingSmartContextLoader.loadContext(AbstractDelegatingSmartContextLoader.java:261) [spring-test-4.1.7.RELEASE.jar:4.1.7.RELEASE]
	at org.springframework.test.context.DefaultCacheAwareContextLoaderDelegate.loadContextInternal(DefaultCacheAwareContextLoaderDelegate.java:68) [spring-test-4.1.7.RELEASE.jar:4.1.7.RELEASE]
	at org.springframework.test.context.DefaultCacheAwareContextLoaderDelegate.loadContext(DefaultCacheAwareContextLoaderDelegate.java:86) [spring-test-4.1.7.RELEASE.jar:4.1.7.RELEASE]
	at org.springframework.test.context.DefaultTestContext.getApplicationContext(DefaultTestContext.java:72) [spring-test-4.1.7.RELEASE.jar:4.1.7.RELEASE]
	at org.springframework.test.context.support.DependencyInjectionTestExecutionListener.injectDependencies(DependencyInjectionTestExecutionListener.java:117) [spring-test-4.1.7.RELEASE.jar:4.1.7.RELEASE]
	at org.springframework.test.context.support.DependencyInjectionTestExecutionListener.prepareTestInstance(DependencyInjectionTestExecutionListener.java:83) [spring-test-4.1.7.RELEASE.jar:4.1.7.RELEASE]
	at org.springframework.test.context.TestContextManager.prepareTestInstance(TestContextManager.java:212) [spring-test-4.1.7.RELEASE.jar:4.1.7.RELEASE]
	at org.springframework.test.context.junit4.SpringJUnit4ClassRunner.createTest(SpringJUnit4ClassRunner.java:200) [spring-test-4.1.7.RELEASE.jar:4.1.7.RELEASE]
	at org.springframework.test.context.junit4.SpringJUnit4ClassRunner$1.runReflectiveCall(SpringJUnit4ClassRunner.java:259) [spring-test-4.1.7.RELEASE.jar:4.1.7.RELEASE]
	at org.junit.internal.runners.model.ReflectiveCallable.run(ReflectiveCallable.java:12) [junit-4.12.jar:4.12]
	at org.springframework.test.context.junit4.SpringJUnit4ClassRunner.methodBlock(SpringJUnit4ClassRunner.java:261) [spring-test-4.1.7.RELEASE.jar:4.1.7.RELEASE]
	at org.springframework.test.context.junit4.SpringJUnit4ClassRunner.runChild(SpringJUnit4ClassRunner.java:219) [spring-test-4.1.7.RELEASE.jar:4.1.7.RELEASE]
	at org.springframework.test.context.junit4.SpringJUnit4ClassRunner.runChild(SpringJUnit4ClassRunner.java:83) [spring-test-4.1.7.RELEASE.jar:4.1.7.RELEASE]
	at org.junit.runners.ParentRunner$3.run(ParentRunner.java:290) [junit-4.12.jar:4.12]
	at org.junit.runners.ParentRunner$1.schedule(ParentRunner.java:71) [junit-4.12.jar:4.12]
	at org.junit.runners.ParentRunner.runChildren(ParentRunner.java:288) [junit-4.12.jar:4.12]
	at org.junit.runners.ParentRunner.access$000(ParentRunner.java:58) [junit-4.12.jar:4.12]
	at org.junit.runners.ParentRunner$2.evaluate(ParentRunner.java:268) [junit-4.12.jar:4.12]
	at org.springframework.test.context.junit4.statements.RunBeforeTestClassCallbacks.evaluate(RunBeforeTestClassCallbacks.java:61) [spring-test-4.1.7.RELEASE.jar:4.1.7.RELEASE]
	at org.springframework.test.context.junit4.statements.RunAfterTestClassCallbacks.evaluate(RunAfterTestClassCallbacks.java:68) [spring-test-4.1.7.RELEASE.jar:4.1.7.RELEASE]
	at org.junit.runners.ParentRunner.run(ParentRunner.java:363) [junit-4.12.jar:4.12]
	at org.springframework.test.context.junit4.SpringJUnit4ClassRunner.run(SpringJUnit4ClassRunner.java:163) [spring-test-4.1.7.RELEASE.jar:4.1.7.RELEASE]
	at org.junit.runners.Suite.runChild(Suite.java:128) [junit-4.12.jar:4.12]
	at org.junit.runners.Suite.runChild(Suite.java:27) [junit-4.12.jar:4.12]
	at org.junit.runners.ParentRunner$3.run(ParentRunner.java:290) [junit-4.12.jar:4.12]
	at org.junit.runners.ParentRunner$1.schedule(ParentRunner.java:71) [junit-4.12.jar:4.12]
	at org.junit.runners.ParentRunner.runChildren(ParentRunner.java:288) [junit-4.12.jar:4.12]
	at org.junit.runners.ParentRunner.access$000(ParentRunner.java:58) [junit-4.12.jar:4.12]
	at org.junit.runners.ParentRunner$2.evaluate(ParentRunner.java:268) [junit-4.12.jar:4.12]
	at org.junit.runners.ParentRunner.run(ParentRunner.java:363) [junit-4.12.jar:4.12]
	at org.apache.maven.surefire.junit4.JUnit4Provider.execute(JUnit4Provider.java:283) [surefire-junit4-2.18.1.jar:2.18.1]
	at org.apache.maven.surefire.junit4.JUnit4Provider.executeWithRerun(JUnit4Provider.java:173) [surefire-junit4-2.18.1.jar:2.18.1]
	at org.apache.maven.surefire.junit4.JUnit4Provider.executeTestSet(JUnit4Provider.java:153) [surefire-junit4-2.18.1.jar:2.18.1]
	at org.apache.maven.surefire.junit4.JUnit4Provider.invoke(JUnit4Provider.java:128) [surefire-junit4-2.18.1.jar:2.18.1]
	at org.apache.maven.surefire.booter.ForkedBooter.invokeProviderInSameClassLoader(ForkedBooter.java:203) [surefire-booter-2.18.1.jar:2.18.1]
	at org.apache.maven.surefire.booter.ForkedBooter.runSuitesInProcess(ForkedBooter.java:155) [surefire-booter-2.18.1.jar:2.18.1]
	at org.apache.maven.surefire.booter.ForkedBooter.main(ForkedBooter.java:103) [surefire-booter-2.18.1.jar:2.18.1]
Caused by: org.springframework.beans.BeanInstantiationException: Failed to instantiate [org.springframework.data.aerospike.core.AerospikeTemplate]: Factory method 'aerospikeTemplate' threw exception; nested exception is org.springframework.beans.factory.BeanCreationException: Error creating bean with name 'aerospikeClient' defined in org.springframework.data.aerospike.repository.TestConfigPerson: Bean instantiation via factory method failed; nested exception is org.springframework.beans.BeanInstantiationException: Failed to instantiate [com.aerospike.client.AerospikeClient]: Factory method 'aerospikeClient' threw exception; nested exception is com.aerospike.client.AerospikeException$Connection: Error Code 11: Failed to connect to host(s): 
52.41.32.83:3000 Error Code 11: java.net.SocketTimeoutException: connect timed out

	at org.springframework.beans.factory.support.SimpleInstantiationStrategy.instantiate(SimpleInstantiationStrategy.java:189) ~[spring-beans-4.1.7.RELEASE.jar:4.1.7.RELEASE]
	at org.springframework.beans.factory.support.ConstructorResolver.instantiateUsingFactoryMethod(ConstructorResolver.java:588) ~[spring-beans-4.1.7.RELEASE.jar:4.1.7.RELEASE]
	... 51 common frames omitted
Caused by: org.springframework.beans.factory.BeanCreationException: Error creating bean with name 'aerospikeClient' defined in org.springframework.data.aerospike.repository.TestConfigPerson: Bean instantiation via factory method failed; nested exception is org.springframework.beans.BeanInstantiationException: Failed to instantiate [com.aerospike.client.AerospikeClient]: Factory method 'aerospikeClient' threw exception; nested exception is com.aerospike.client.AerospikeException$Connection: Error Code 11: Failed to connect to host(s): 
52.41.32.83:3000 Error Code 11: java.net.SocketTimeoutException: connect timed out

	at org.springframework.beans.factory.support.ConstructorResolver.instantiateUsingFactoryMethod(ConstructorResolver.java:599) ~[spring-beans-4.1.7.RELEASE.jar:4.1.7.RELEASE]
	at org.springframework.beans.factory.support.AbstractAutowireCapableBeanFactory.instantiateUsingFactoryMethod(AbstractAutowireCapableBeanFactory.java:1119) ~[spring-beans-4.1.7.RELEASE.jar:4.1.7.RELEASE]
	at org.springframework.beans.factory.support.AbstractAutowireCapableBeanFactory.createBeanInstance(AbstractAutowireCapableBeanFactory.java:1014) ~[spring-beans-4.1.7.RELEASE.jar:4.1.7.RELEASE]
	at org.springframework.beans.factory.support.AbstractAutowireCapableBeanFactory.doCreateBean(AbstractAutowireCapableBeanFactory.java:504) ~[spring-beans-4.1.7.RELEASE.jar:4.1.7.RELEASE]
	at org.springframework.beans.factory.support.AbstractAutowireCapableBeanFactory.createBean(AbstractAutowireCapableBeanFactory.java:476) ~[spring-beans-4.1.7.RELEASE.jar:4.1.7.RELEASE]
	at org.springframework.beans.factory.support.AbstractBeanFactory$1.getObject(AbstractBeanFactory.java:303) ~[spring-beans-4.1.7.RELEASE.jar:4.1.7.RELEASE]
	at org.springframework.beans.factory.support.DefaultSingletonBeanRegistry.getSingleton(DefaultSingletonBeanRegistry.java:230) ~[spring-beans-4.1.7.RELEASE.jar:4.1.7.RELEASE]
	at org.springframework.beans.factory.support.AbstractBeanFactory.doGetBean(AbstractBeanFactory.java:299) ~[spring-beans-4.1.7.RELEASE.jar:4.1.7.RELEASE]
	at org.springframework.beans.factory.support.AbstractBeanFactory.getBean(AbstractBeanFactory.java:194) ~[spring-beans-4.1.7.RELEASE.jar:4.1.7.RELEASE]
	at org.springframework.context.annotation.ConfigurationClassEnhancer$BeanMethodInterceptor.intercept(ConfigurationClassEnhancer.java:322) ~[spring-context-4.1.7.RELEASE.jar:4.1.7.RELEASE]
	at org.springframework.data.aerospike.repository.TestConfigPerson$$EnhancerBySpringCGLIB$$3f27a8da.aerospikeClient(<generated>) ~[spring-core-4.1.7.RELEASE.jar:na]
	at org.springframework.data.aerospike.repository.TestConfigPerson.aerospikeTemplate(TestConfigPerson.java:38) ~[test-classes/:na]
	at org.springframework.data.aerospike.repository.TestConfigPerson$$EnhancerBySpringCGLIB$$3f27a8da.CGLIB$aerospikeTemplate$0(<generated>) ~[spring-core-4.1.7.RELEASE.jar:na]
	at org.springframework.data.aerospike.repository.TestConfigPerson$$EnhancerBySpringCGLIB$$3f27a8da$$FastClassBySpringCGLIB$$38965c5e.invoke(<generated>) ~[spring-core-4.1.7.RELEASE.jar:na]
	at org.springframework.cglib.proxy.MethodProxy.invokeSuper(MethodProxy.java:228) ~[spring-core-4.1.7.RELEASE.jar:4.1.7.RELEASE]
	at org.springframework.context.annotation.ConfigurationClassEnhancer$BeanMethodInterceptor.intercept(ConfigurationClassEnhancer.java:309) ~[spring-context-4.1.7.RELEASE.jar:4.1.7.RELEASE]
	at org.springframework.data.aerospike.repository.TestConfigPerson$$EnhancerBySpringCGLIB$$3f27a8da.aerospikeTemplate(<generated>) ~[spring-core-4.1.7.RELEASE.jar:na]
	at sun.reflect.NativeMethodAccessorImpl.invoke0(Native Method) ~[na:1.8.0_91]
	at sun.reflect.NativeMethodAccessorImpl.invoke(NativeMethodAccessorImpl.java:62) ~[na:1.8.0_91]
	at sun.reflect.DelegatingMethodAccessorImpl.invoke(DelegatingMethodAccessorImpl.java:43) ~[na:1.8.0_91]
	at java.lang.reflect.Method.invoke(Method.java:498) ~[na:1.8.0_91]
	at org.springframework.beans.factory.support.SimpleInstantiationStrategy.instantiate(SimpleInstantiationStrategy.java:162) ~[spring-beans-4.1.7.RELEASE.jar:4.1.7.RELEASE]
	... 52 common frames omitted
Caused by: org.springframework.beans.BeanInstantiationException: Failed to instantiate [com.aerospike.client.AerospikeClient]: Factory method 'aerospikeClient' threw exception; nested exception is com.aerospike.client.AerospikeException$Connection: Error Code 11: Failed to connect to host(s): 
52.41.32.83:3000 Error Code 11: java.net.SocketTimeoutException: connect timed out

	at org.springframework.beans.factory.support.SimpleInstantiationStrategy.instantiate(SimpleInstantiationStrategy.java:189) ~[spring-beans-4.1.7.RELEASE.jar:4.1.7.RELEASE]
	at org.springframework.beans.factory.support.ConstructorResolver.instantiateUsingFactoryMethod(ConstructorResolver.java:588) ~[spring-beans-4.1.7.RELEASE.jar:4.1.7.RELEASE]
	... 73 common frames omitted
Caused by: com.aerospike.client.AerospikeException$Connection: Error Code 11: Failed to connect to host(s): 
52.41.32.83:3000 Error Code 11: java.net.SocketTimeoutException: connect timed out

	at com.aerospike.client.cluster.Cluster.seedNodes(Cluster.java:386) ~[aerospike-client-3.2.3.jar:na]
	at com.aerospike.client.cluster.Cluster.tend(Cluster.java:273) ~[aerospike-client-3.2.3.jar:na]
	at com.aerospike.client.cluster.Cluster.waitTillStabilized(Cluster.java:238) ~[aerospike-client-3.2.3.jar:na]
	at com.aerospike.client.cluster.Cluster.initTendThread(Cluster.java:148) ~[aerospike-client-3.2.3.jar:na]
	at com.aerospike.client.AerospikeClient.<init>(AerospikeClient.java:209) ~[aerospike-client-3.2.3.jar:na]
	at com.aerospike.client.AerospikeClient.<init>(AerospikeClient.java:173) ~[aerospike-client-3.2.3.jar:na]
	at org.springframework.data.aerospike.repository.TestConfigPerson.aerospikeClient(TestConfigPerson.java:32) ~[test-classes/:na]
	at org.springframework.data.aerospike.repository.TestConfigPerson$$EnhancerBySpringCGLIB$$3f27a8da.CGLIB$aerospikeClient$1(<generated>) ~[spring-core-4.1.7.RELEASE.jar:na]
	at org.springframework.data.aerospike.repository.TestConfigPerson$$EnhancerBySpringCGLIB$$3f27a8da$$FastClassBySpringCGLIB$$38965c5e.invoke(<generated>) ~[spring-core-4.1.7.RELEASE.jar:na]
	at org.springframework.cglib.proxy.MethodProxy.invokeSuper(MethodProxy.java:228) ~[spring-core-4.1.7.RELEASE.jar:4.1.7.RELEASE]
	at org.springframework.context.annotation.ConfigurationClassEnhancer$BeanMethodInterceptor.intercept(ConfigurationClassEnhancer.java:309) ~[spring-context-4.1.7.RELEASE.jar:4.1.7.RELEASE]
	at org.springframework.data.aerospike.repository.TestConfigPerson$$EnhancerBySpringCGLIB$$3f27a8da.aerospikeClient(<generated>) ~[spring-core-4.1.7.RELEASE.jar:na]
	at sun.reflect.NativeMethodAccessorImpl.invoke0(Native Method) ~[na:1.8.0_91]
	at sun.reflect.NativeMethodAccessorImpl.invoke(NativeMethodAccessorImpl.java:62) ~[na:1.8.0_91]
	at sun.reflect.DelegatingMethodAccessorImpl.invoke(DelegatingMethodAccessorImpl.java:43) ~[na:1.8.0_91]
	at java.lang.reflect.Method.invoke(Method.java:498) ~[na:1.8.0_91]
	at org.springframework.beans.factory.support.SimpleInstantiationStrategy.instantiate(SimpleInstantiationStrategy.java:162) ~[spring-beans-4.1.7.RELEASE.jar:4.1.7.RELEASE]
	... 74 common frames omitted
16:37:53.828 [main] DEBUG o.s.b.f.s.DefaultListableBeanFactory - Destroying singletons in org.springframework.beans.factory.support.DefaultListableBeanFactory@2e5b7fba: defining beans [org.springframework.context.annotation.internalConfigurationAnnotationProcessor,org.springframework.context.annotation.internalAutowiredAnnotationProcessor,org.springframework.context.annotation.internalRequiredAnnotationProcessor,org.springframework.context.annotation.internalCommonAnnotationProcessor,testConfigPerson,org.springframework.context.annotation.ConfigurationClassPostProcessor.importAwareProcessor,org.springframework.context.annotation.ConfigurationClassPostProcessor.enhancedConfigurationProcessor,aerospikeTemplate,aerospikeClient,org.springframework.data.aerospike.repository.config.AerospikeRepositoriesRegistrar$AerospikeRepositoryConfigurationExtension#0,org.springframework.data.repository.core.support.RepositoryInterfaceAwareBeanPostProcessor,keyValueMappingContext,personRepository,contactRepository]; root of factory hierarchy
16:37:53.829 [main] ERROR o.s.test.context.TestContextManager - Caught exception while allowing TestExecutionListener [org.springframework.test.context.support.DependencyInjectionTestExecutionListener@48e7b3d2] to prepare test instance [org.springframework.data.aerospike.repository.PersonRepositoryIntegrationTests@41853299]
java.lang.IllegalStateException: Failed to load ApplicationContext
	at org.springframework.test.context.DefaultCacheAwareContextLoaderDelegate.loadContext(DefaultCacheAwareContextLoaderDelegate.java:94) ~[spring-test-4.1.7.RELEASE.jar:4.1.7.RELEASE]
	at org.springframework.test.context.DefaultTestContext.getApplicationContext(DefaultTestContext.java:72) ~[spring-test-4.1.7.RELEASE.jar:4.1.7.RELEASE]
	at org.springframework.test.context.support.DependencyInjectionTestExecutionListener.injectDependencies(DependencyInjectionTestExecutionListener.java:117) ~[spring-test-4.1.7.RELEASE.jar:4.1.7.RELEASE]
	at org.springframework.test.context.support.DependencyInjectionTestExecutionListener.prepareTestInstance(DependencyInjectionTestExecutionListener.java:83) ~[spring-test-4.1.7.RELEASE.jar:4.1.7.RELEASE]
	at org.springframework.test.context.TestContextManager.prepareTestInstance(TestContextManager.java:212) ~[spring-test-4.1.7.RELEASE.jar:4.1.7.RELEASE]
	at org.springframework.test.context.junit4.SpringJUnit4ClassRunner.createTest(SpringJUnit4ClassRunner.java:200) [spring-test-4.1.7.RELEASE.jar:4.1.7.RELEASE]
	at org.springframework.test.context.junit4.SpringJUnit4ClassRunner$1.runReflectiveCall(SpringJUnit4ClassRunner.java:259) [spring-test-4.1.7.RELEASE.jar:4.1.7.RELEASE]
	at org.junit.internal.runners.model.ReflectiveCallable.run(ReflectiveCallable.java:12) [junit-4.12.jar:4.12]
	at org.springframework.test.context.junit4.SpringJUnit4ClassRunner.methodBlock(SpringJUnit4ClassRunner.java:261) [spring-test-4.1.7.RELEASE.jar:4.1.7.RELEASE]
	at org.springframework.test.context.junit4.SpringJUnit4ClassRunner.runChild(SpringJUnit4ClassRunner.java:219) [spring-test-4.1.7.RELEASE.jar:4.1.7.RELEASE]
	at org.springframework.test.context.junit4.SpringJUnit4ClassRunner.runChild(SpringJUnit4ClassRunner.java:83) [spring-test-4.1.7.RELEASE.jar:4.1.7.RELEASE]
	at org.junit.runners.ParentRunner$3.run(ParentRunner.java:290) [junit-4.12.jar:4.12]
	at org.junit.runners.ParentRunner$1.schedule(ParentRunner.java:71) [junit-4.12.jar:4.12]
	at org.junit.runners.ParentRunner.runChildren(ParentRunner.java:288) [junit-4.12.jar:4.12]
	at org.junit.runners.ParentRunner.access$000(ParentRunner.java:58) [junit-4.12.jar:4.12]
	at org.junit.runners.ParentRunner$2.evaluate(ParentRunner.java:268) [junit-4.12.jar:4.12]
	at org.springframework.test.context.junit4.statements.RunBeforeTestClassCallbacks.evaluate(RunBeforeTestClassCallbacks.java:61) [spring-test-4.1.7.RELEASE.jar:4.1.7.RELEASE]
	at org.springframework.test.context.junit4.statements.RunAfterTestClassCallbacks.evaluate(RunAfterTestClassCallbacks.java:68) [spring-test-4.1.7.RELEASE.jar:4.1.7.RELEASE]
	at org.junit.runners.ParentRunner.run(ParentRunner.java:363) [junit-4.12.jar:4.12]
	at org.springframework.test.context.junit4.SpringJUnit4ClassRunner.run(SpringJUnit4ClassRunner.java:163) [spring-test-4.1.7.RELEASE.jar:4.1.7.RELEASE]
	at org.junit.runners.Suite.runChild(Suite.java:128) [junit-4.12.jar:4.12]
	at org.junit.runners.Suite.runChild(Suite.java:27) [junit-4.12.jar:4.12]
	at org.junit.runners.ParentRunner$3.run(ParentRunner.java:290) [junit-4.12.jar:4.12]
	at org.junit.runners.ParentRunner$1.schedule(ParentRunner.java:71) [junit-4.12.jar:4.12]
	at org.junit.runners.ParentRunner.runChildren(ParentRunner.java:288) [junit-4.12.jar:4.12]
	at org.junit.runners.ParentRunner.access$000(ParentRunner.java:58) [junit-4.12.jar:4.12]
	at org.junit.runners.ParentRunner$2.evaluate(ParentRunner.java:268) [junit-4.12.jar:4.12]
	at org.junit.runners.ParentRunner.run(ParentRunner.java:363) [junit-4.12.jar:4.12]
	at org.apache.maven.surefire.junit4.JUnit4Provider.execute(JUnit4Provider.java:283) [surefire-junit4-2.18.1.jar:2.18.1]
	at org.apache.maven.surefire.junit4.JUnit4Provider.executeWithRerun(JUnit4Provider.java:173) [surefire-junit4-2.18.1.jar:2.18.1]
	at org.apache.maven.surefire.junit4.JUnit4Provider.executeTestSet(JUnit4Provider.java:153) [surefire-junit4-2.18.1.jar:2.18.1]
	at org.apache.maven.surefire.junit4.JUnit4Provider.invoke(JUnit4Provider.java:128) [surefire-junit4-2.18.1.jar:2.18.1]
	at org.apache.maven.surefire.booter.ForkedBooter.invokeProviderInSameClassLoader(ForkedBooter.java:203) [surefire-booter-2.18.1.jar:2.18.1]
	at org.apache.maven.surefire.booter.ForkedBooter.runSuitesInProcess(ForkedBooter.java:155) [surefire-booter-2.18.1.jar:2.18.1]
	at org.apache.maven.surefire.booter.ForkedBooter.main(ForkedBooter.java:103) [surefire-booter-2.18.1.jar:2.18.1]
Caused by: org.springframework.beans.factory.BeanCreationException: Error creating bean with name 'aerospikeTemplate' defined in org.springframework.data.aerospike.repository.TestConfigPerson: Bean instantiation via factory method failed; nested exception is org.springframework.beans.BeanInstantiationException: Failed to instantiate [org.springframework.data.aerospike.core.AerospikeTemplate]: Factory method 'aerospikeTemplate' threw exception; nested exception is org.springframework.beans.factory.BeanCreationException: Error creating bean with name 'aerospikeClient' defined in org.springframework.data.aerospike.repository.TestConfigPerson: Bean instantiation via factory method failed; nested exception is org.springframework.beans.BeanInstantiationException: Failed to instantiate [com.aerospike.client.AerospikeClient]: Factory method 'aerospikeClient' threw exception; nested exception is com.aerospike.client.AerospikeException$Connection: Error Code 11: Failed to connect to host(s): 
52.41.32.83:3000 Error Code 11: java.net.SocketTimeoutException: connect timed out

	at org.springframework.beans.factory.support.ConstructorResolver.instantiateUsingFactoryMethod(ConstructorResolver.java:599) ~[spring-beans-4.1.7.RELEASE.jar:4.1.7.RELEASE]
	at org.springframework.beans.factory.support.AbstractAutowireCapableBeanFactory.instantiateUsingFactoryMethod(AbstractAutowireCapableBeanFactory.java:1119) ~[spring-beans-4.1.7.RELEASE.jar:4.1.7.RELEASE]
	at org.springframework.beans.factory.support.AbstractAutowireCapableBeanFactory.createBeanInstance(AbstractAutowireCapableBeanFactory.java:1014) ~[spring-beans-4.1.7.RELEASE.jar:4.1.7.RELEASE]
	at org.springframework.beans.factory.support.AbstractAutowireCapableBeanFactory.doCreateBean(AbstractAutowireCapableBeanFactory.java:504) ~[spring-beans-4.1.7.RELEASE.jar:4.1.7.RELEASE]
	at org.springframework.beans.factory.support.AbstractAutowireCapableBeanFactory.createBean(AbstractAutowireCapableBeanFactory.java:476) ~[spring-beans-4.1.7.RELEASE.jar:4.1.7.RELEASE]
	at org.springframework.beans.factory.support.AbstractBeanFactory$1.getObject(AbstractBeanFactory.java:303) ~[spring-beans-4.1.7.RELEASE.jar:4.1.7.RELEASE]
	at org.springframework.beans.factory.support.DefaultSingletonBeanRegistry.getSingleton(DefaultSingletonBeanRegistry.java:230) ~[spring-beans-4.1.7.RELEASE.jar:4.1.7.RELEASE]
	at org.springframework.beans.factory.support.AbstractBeanFactory.doGetBean(AbstractBeanFactory.java:299) ~[spring-beans-4.1.7.RELEASE.jar:4.1.7.RELEASE]
	at org.springframework.beans.factory.support.AbstractBeanFactory.getBean(AbstractBeanFactory.java:194) ~[spring-beans-4.1.7.RELEASE.jar:4.1.7.RELEASE]
	at org.springframework.beans.factory.support.DefaultListableBeanFactory.preInstantiateSingletons(DefaultListableBeanFactory.java:755) ~[spring-beans-4.1.7.RELEASE.jar:4.1.7.RELEASE]
	at org.springframework.context.support.AbstractApplicationContext.finishBeanFactoryInitialization(AbstractApplicationContext.java:757) ~[spring-context-4.1.7.RELEASE.jar:4.1.7.RELEASE]
	at org.springframework.context.support.AbstractApplicationContext.refresh(AbstractApplicationContext.java:480) ~[spring-context-4.1.7.RELEASE.jar:4.1.7.RELEASE]
	at org.springframework.test.context.support.AbstractGenericContextLoader.loadContext(AbstractGenericContextLoader.java:125) ~[spring-test-4.1.7.RELEASE.jar:4.1.7.RELEASE]
	at org.springframework.test.context.support.AbstractGenericContextLoader.loadContext(AbstractGenericContextLoader.java:60) ~[spring-test-4.1.7.RELEASE.jar:4.1.7.RELEASE]
	at org.springframework.test.context.support.AbstractDelegatingSmartContextLoader.delegateLoading(AbstractDelegatingSmartContextLoader.java:109) ~[spring-test-4.1.7.RELEASE.jar:4.1.7.RELEASE]
	at org.springframework.test.context.support.AbstractDelegatingSmartContextLoader.loadContext(AbstractDelegatingSmartContextLoader.java:261) ~[spring-test-4.1.7.RELEASE.jar:4.1.7.RELEASE]
	at org.springframework.test.context.DefaultCacheAwareContextLoaderDelegate.loadContextInternal(DefaultCacheAwareContextLoaderDelegate.java:68) ~[spring-test-4.1.7.RELEASE.jar:4.1.7.RELEASE]
	at org.springframework.test.context.DefaultCacheAwareContextLoaderDelegate.loadContext(DefaultCacheAwareContextLoaderDelegate.java:86) ~[spring-test-4.1.7.RELEASE.jar:4.1.7.RELEASE]
	... 34 common frames omitted
Caused by: org.springframework.beans.BeanInstantiationException: Failed to instantiate [org.springframework.data.aerospike.core.AerospikeTemplate]: Factory method 'aerospikeTemplate' threw exception; nested exception is org.springframework.beans.factory.BeanCreationException: Error creating bean with name 'aerospikeClient' defined in org.springframework.data.aerospike.repository.TestConfigPerson: Bean instantiation via factory method failed; nested exception is org.springframework.beans.BeanInstantiationException: Failed to instantiate [com.aerospike.client.AerospikeClient]: Factory method 'aerospikeClient' threw exception; nested exception is com.aerospike.client.AerospikeException$Connection: Error Code 11: Failed to connect to host(s): 
52.41.32.83:3000 Error Code 11: java.net.SocketTimeoutException: connect timed out

	at org.springframework.beans.factory.support.SimpleInstantiationStrategy.instantiate(SimpleInstantiationStrategy.java:189) ~[spring-beans-4.1.7.RELEASE.jar:4.1.7.RELEASE]
	at org.springframework.beans.factory.support.ConstructorResolver.instantiateUsingFactoryMethod(ConstructorResolver.java:588) ~[spring-beans-4.1.7.RELEASE.jar:4.1.7.RELEASE]
	... 51 common frames omitted
Caused by: org.springframework.beans.factory.BeanCreationException: Error creating bean with name 'aerospikeClient' defined in org.springframework.data.aerospike.repository.TestConfigPerson: Bean instantiation via factory method failed; nested exception is org.springframework.beans.BeanInstantiationException: Failed to instantiate [com.aerospike.client.AerospikeClient]: Factory method 'aerospikeClient' threw exception; nested exception is com.aerospike.client.AerospikeException$Connection: Error Code 11: Failed to connect to host(s): 
52.41.32.83:3000 Error Code 11: java.net.SocketTimeoutException: connect timed out

	at org.springframework.beans.factory.support.ConstructorResolver.instantiateUsingFactoryMethod(ConstructorResolver.java:599) ~[spring-beans-4.1.7.RELEASE.jar:4.1.7.RELEASE]
	at org.springframework.beans.factory.support.AbstractAutowireCapableBeanFactory.instantiateUsingFactoryMethod(AbstractAutowireCapableBeanFactory.java:1119) ~[spring-beans-4.1.7.RELEASE.jar:4.1.7.RELEASE]
	at org.springframework.beans.factory.support.AbstractAutowireCapableBeanFactory.createBeanInstance(AbstractAutowireCapableBeanFactory.java:1014) ~[spring-beans-4.1.7.RELEASE.jar:4.1.7.RELEASE]
	at org.springframework.beans.factory.support.AbstractAutowireCapableBeanFactory.doCreateBean(AbstractAutowireCapableBeanFactory.java:504) ~[spring-beans-4.1.7.RELEASE.jar:4.1.7.RELEASE]
	at org.springframework.beans.factory.support.AbstractAutowireCapableBeanFactory.createBean(AbstractAutowireCapableBeanFactory.java:476) ~[spring-beans-4.1.7.RELEASE.jar:4.1.7.RELEASE]
	at org.springframework.beans.factory.support.AbstractBeanFactory$1.getObject(AbstractBeanFactory.java:303) ~[spring-beans-4.1.7.RELEASE.jar:4.1.7.RELEASE]
	at org.springframework.beans.factory.support.DefaultSingletonBeanRegistry.getSingleton(DefaultSingletonBeanRegistry.java:230) ~[spring-beans-4.1.7.RELEASE.jar:4.1.7.RELEASE]
	at org.springframework.beans.factory.support.AbstractBeanFactory.doGetBean(AbstractBeanFactory.java:299) ~[spring-beans-4.1.7.RELEASE.jar:4.1.7.RELEASE]
	at org.springframework.beans.factory.support.AbstractBeanFactory.getBean(AbstractBeanFactory.java:194) ~[spring-beans-4.1.7.RELEASE.jar:4.1.7.RELEASE]
	at org.springframework.context.annotation.ConfigurationClassEnhancer$BeanMethodInterceptor.intercept(ConfigurationClassEnhancer.java:322) ~[spring-context-4.1.7.RELEASE.jar:4.1.7.RELEASE]
	at org.springframework.data.aerospike.repository.TestConfigPerson$$EnhancerBySpringCGLIB$$3f27a8da.aerospikeClient(<generated>) ~[spring-core-4.1.7.RELEASE.jar:na]
	at org.springframework.data.aerospike.repository.TestConfigPerson.aerospikeTemplate(TestConfigPerson.java:38) ~[test-classes/:na]
	at org.springframework.data.aerospike.repository.TestConfigPerson$$EnhancerBySpringCGLIB$$3f27a8da.CGLIB$aerospikeTemplate$0(<generated>) ~[spring-core-4.1.7.RELEASE.jar:na]
	at org.springframework.data.aerospike.repository.TestConfigPerson$$EnhancerBySpringCGLIB$$3f27a8da$$FastClassBySpringCGLIB$$38965c5e.invoke(<generated>) ~[spring-core-4.1.7.RELEASE.jar:na]
	at org.springframework.cglib.proxy.MethodProxy.invokeSuper(MethodProxy.java:228) ~[spring-core-4.1.7.RELEASE.jar:4.1.7.RELEASE]
	at org.springframework.context.annotation.ConfigurationClassEnhancer$BeanMethodInterceptor.intercept(ConfigurationClassEnhancer.java:309) ~[spring-context-4.1.7.RELEASE.jar:4.1.7.RELEASE]
	at org.springframework.data.aerospike.repository.TestConfigPerson$$EnhancerBySpringCGLIB$$3f27a8da.aerospikeTemplate(<generated>) ~[spring-core-4.1.7.RELEASE.jar:na]
	at sun.reflect.NativeMethodAccessorImpl.invoke0(Native Method) ~[na:1.8.0_91]
	at sun.reflect.NativeMethodAccessorImpl.invoke(NativeMethodAccessorImpl.java:62) ~[na:1.8.0_91]
	at sun.reflect.DelegatingMethodAccessorImpl.invoke(DelegatingMethodAccessorImpl.java:43) ~[na:1.8.0_91]
	at java.lang.reflect.Method.invoke(Method.java:498) ~[na:1.8.0_91]
	at org.springframework.beans.factory.support.SimpleInstantiationStrategy.instantiate(SimpleInstantiationStrategy.java:162) ~[spring-beans-4.1.7.RELEASE.jar:4.1.7.RELEASE]
	... 52 common frames omitted
Caused by: org.springframework.beans.BeanInstantiationException: Failed to instantiate [com.aerospike.client.AerospikeClient]: Factory method 'aerospikeClient' threw exception; nested exception is com.aerospike.client.AerospikeException$Connection: Error Code 11: Failed to connect to host(s): 
52.41.32.83:3000 Error Code 11: java.net.SocketTimeoutException: connect timed out

	at org.springframework.beans.factory.support.SimpleInstantiationStrategy.instantiate(SimpleInstantiationStrategy.java:189) ~[spring-beans-4.1.7.RELEASE.jar:4.1.7.RELEASE]
	at org.springframework.beans.factory.support.ConstructorResolver.instantiateUsingFactoryMethod(ConstructorResolver.java:588) ~[spring-beans-4.1.7.RELEASE.jar:4.1.7.RELEASE]
	... 73 common frames omitted
Caused by: com.aerospike.client.AerospikeException$Connection: Error Code 11: Failed to connect to host(s): 
52.41.32.83:3000 Error Code 11: java.net.SocketTimeoutException: connect timed out

	at com.aerospike.client.cluster.Cluster.seedNodes(Cluster.java:386) ~[aerospike-client-3.2.3.jar:na]
	at com.aerospike.client.cluster.Cluster.tend(Cluster.java:273) ~[aerospike-client-3.2.3.jar:na]
	at com.aerospike.client.cluster.Cluster.waitTillStabilized(Cluster.java:238) ~[aerospike-client-3.2.3.jar:na]
	at com.aerospike.client.cluster.Cluster.initTendThread(Cluster.java:148) ~[aerospike-client-3.2.3.jar:na]
	at com.aerospike.client.AerospikeClient.<init>(AerospikeClient.java:209) ~[aerospike-client-3.2.3.jar:na]
	at com.aerospike.client.AerospikeClient.<init>(AerospikeClient.java:173) ~[aerospike-client-3.2.3.jar:na]
	at org.springframework.data.aerospike.repository.TestConfigPerson.aerospikeClient(TestConfigPerson.java:32) ~[test-classes/:na]
	at org.springframework.data.aerospike.repository.TestConfigPerson$$EnhancerBySpringCGLIB$$3f27a8da.CGLIB$aerospikeClient$1(<generated>) ~[spring-core-4.1.7.RELEASE.jar:na]
	at org.springframework.data.aerospike.repository.TestConfigPerson$$EnhancerBySpringCGLIB$$3f27a8da$$FastClassBySpringCGLIB$$38965c5e.invoke(<generated>) ~[spring-core-4.1.7.RELEASE.jar:na]
	at org.springframework.cglib.proxy.MethodProxy.invokeSuper(MethodProxy.java:228) ~[spring-core-4.1.7.RELEASE.jar:4.1.7.RELEASE]
	at org.springframework.context.annotation.ConfigurationClassEnhancer$BeanMethodInterceptor.intercept(ConfigurationClassEnhancer.java:309) ~[spring-context-4.1.7.RELEASE.jar:4.1.7.RELEASE]
	at org.springframework.data.aerospike.repository.TestConfigPerson$$EnhancerBySpringCGLIB$$3f27a8da.aerospikeClient(<generated>) ~[spring-core-4.1.7.RELEASE.jar:na]
	at sun.reflect.NativeMethodAccessorImpl.invoke0(Native Method) ~[na:1.8.0_91]
	at sun.reflect.NativeMethodAccessorImpl.invoke(NativeMethodAccessorImpl.java:62) ~[na:1.8.0_91]
	at sun.reflect.DelegatingMethodAccessorImpl.invoke(DelegatingMethodAccessorImpl.java:43) ~[na:1.8.0_91]
	at java.lang.reflect.Method.invoke(Method.java:498) ~[na:1.8.0_91]
	at org.springframework.beans.factory.support.SimpleInstantiationStrategy.instantiate(SimpleInstantiationStrategy.java:162) ~[spring-beans-4.1.7.RELEASE.jar:4.1.7.RELEASE]
	... 74 common frames omitted
]]></system-out>
  </testcase>
</testsuite>