<?xml version="1.0" encoding="UTF-8"?>
<testsuite name="org.springframework.data.keyvalue.repository.query.SpelQueryCreatorUnitTests" time="0.052" tests="1" errors="1" skipped="0" failures="0">
  <properties>
    <property name="java.runtime.name" value="Java(TM) SE Runtime Environment"/>
    <property name="sun.boot.library.path" value="/usr/lib/jvm/java-8-oracle/jre/lib/amd64"/>
    <property name="java.vm.version" value="25.91-b14"/>
    <property name="java.vm.vendor" value="Oracle Corporation"/>
    <property name="java.vendor.url" value="http://java.oracle.com/"/>
    <property name="path.separator" value=":"/>
    <property name="guice.disable.misplaced.annotation.check" value="true"/>
    <property name="java.vm.name" value="Java HotSpot(TM) 64-Bit Server VM"/>
    <property name="file.encoding.pkg" value="sun.io"/>
    <property name="user.country" value="BR"/>
    <property name="sun.java.launcher" value="SUN_STANDARD"/>
    <property name="sun.os.patch.level" value="unknown"/>
    <property name="java.vm.specification.name" value="Java Virtual Machine Specification"/>
    <property name="user.dir" value="/home/aluno/spring-projects/maven/spring-data-aerospike"/>
    <property name="java.runtime.version" value="1.8.0_91-b14"/>
    <property name="java.awt.graphicsenv" value="sun.awt.X11GraphicsEnvironment"/>
    <property name="java.endorsed.dirs" value="/usr/lib/jvm/java-8-oracle/jre/lib/endorsed"/>
    <property name="os.arch" value="amd64"/>
    <property name="java.io.tmpdir" value="/tmp"/>
    <property name="line.separator" value="&#10;"/>
    <property name="java.vm.specification.vendor" value="Oracle Corporation"/>
    <property name="os.name" value="Linux"/>
    <property name="classworlds.conf" value="/usr/share/maven/bin/m2.conf"/>
    <property name="sun.jnu.encoding" value="UTF-8"/>
    <property name="java.library.path" value="/usr/java/packages/lib/amd64:/usr/lib64:/lib64:/lib:/usr/lib"/>
    <property name="java.specification.name" value="Java Platform API Specification"/>
    <property name="java.class.version" value="52.0"/>
    <property name="sun.management.compiler" value="HotSpot 64-Bit Tiered Compilers"/>
    <property name="os.version" value="3.13.0-91-generic"/>
    <property name="user.home" value="/home/aluno"/>
    <property name="user.timezone" value="America/Fortaleza"/>
    <property name="java.awt.printerjob" value="sun.print.PSPrinterJob"/>
    <property name="file.encoding" value="UTF-8"/>
    <property name="java.specification.version" value="1.8"/>
    <property name="user.name" value="aluno"/>
    <property name="java.class.path" value="/usr/share/maven/boot/plexus-classworlds-2.x.jar"/>
    <property name="java.vm.specification.version" value="1.8"/>
    <property name="sun.arch.data.model" value="64"/>
    <property name="java.home" value="/usr/lib/jvm/java-8-oracle/jre"/>
    <property name="sun.java.command" value="org.codehaus.plexus.classworlds.launcher.Launcher test"/>
    <property name="java.specification.vendor" value="Oracle Corporation"/>
    <property name="user.language" value="pt"/>
    <property name="awt.toolkit" value="sun.awt.X11.XToolkit"/>
    <property name="java.vm.info" value="mixed mode"/>
    <property name="java.version" value="1.8.0_91"/>
    <property name="java.ext.dirs" value="/usr/lib/jvm/java-8-oracle/jre/lib/ext:/usr/java/packages/lib/ext"/>
    <property name="securerandom.source" value="file:/dev/./urandom"/>
    <property name="sun.boot.class.path" value="/usr/lib/jvm/java-8-oracle/jre/lib/resources.jar:/usr/lib/jvm/java-8-oracle/jre/lib/rt.jar:/usr/lib/jvm/java-8-oracle/jre/lib/sunrsasign.jar:/usr/lib/jvm/java-8-oracle/jre/lib/jsse.jar:/usr/lib/jvm/java-8-oracle/jre/lib/jce.jar:/usr/lib/jvm/java-8-oracle/jre/lib/charsets.jar:/usr/lib/jvm/java-8-oracle/jre/lib/jfr.jar:/usr/lib/jvm/java-8-oracle/jre/classes"/>
    <property name="java.vendor" value="Oracle Corporation"/>
    <property name="maven.home" value="/usr/share/maven"/>
    <property name="file.separator" value="/"/>
    <property name="java.vendor.url.bug" value="http://bugreport.sun.com/bugreport/"/>
    <property name="sun.cpu.endian" value="little"/>
    <property name="sun.io.unicode.encoding" value="UnicodeLittle"/>
    <property name="sun.desktop" value="gnome"/>
    <property name="sun.cpu.isalist" value=""/>
  </properties>
  <testcase name="equalsReturnsTrueWhenMatching" classname="org.springframework.data.keyvalue.repository.query.SpelQueryCreatorUnitTests" time="0.052">
    <error message="Failed to load ApplicationContext" type="java.lang.IllegalStateException"><![CDATA[java.lang.IllegalStateException: Failed to load ApplicationContext
	at org.springframework.test.context.DefaultCacheAwareContextLoaderDelegate.loadContext(DefaultCacheAwareContextLoaderDelegate.java:94)
	at org.springframework.test.context.DefaultTestContext.getApplicationContext(DefaultTestContext.java:72)
	at org.springframework.test.context.support.DependencyInjectionTestExecutionListener.injectDependencies(DependencyInjectionTestExecutionListener.java:117)
	at org.springframework.test.context.support.DependencyInjectionTestExecutionListener.prepareTestInstance(DependencyInjectionTestExecutionListener.java:83)
	at org.springframework.test.context.TestContextManager.prepareTestInstance(TestContextManager.java:212)
	at org.springframework.test.context.junit4.SpringJUnit4ClassRunner.createTest(SpringJUnit4ClassRunner.java:200)
	at org.springframework.test.context.junit4.SpringJUnit4ClassRunner$1.runReflectiveCall(SpringJUnit4ClassRunner.java:259)
	at org.junit.internal.runners.model.ReflectiveCallable.run(ReflectiveCallable.java:12)
	at org.springframework.test.context.junit4.SpringJUnit4ClassRunner.methodBlock(SpringJUnit4ClassRunner.java:261)
	at org.springframework.test.context.junit4.SpringJUnit4ClassRunner.runChild(SpringJUnit4ClassRunner.java:219)
	at org.springframework.test.context.junit4.SpringJUnit4ClassRunner.runChild(SpringJUnit4ClassRunner.java:83)
	at org.junit.runners.ParentRunner$3.run(ParentRunner.java:290)
	at org.junit.runners.ParentRunner$1.schedule(ParentRunner.java:71)
	at org.junit.runners.ParentRunner.runChildren(ParentRunner.java:288)
	at org.junit.runners.ParentRunner.access$000(ParentRunner.java:58)
	at org.junit.runners.ParentRunner$2.evaluate(ParentRunner.java:268)
	at org.springframework.test.context.junit4.statements.RunBeforeTestClassCallbacks.evaluate(RunBeforeTestClassCallbacks.java:61)
	at org.springframework.test.context.junit4.statements.RunAfterTestClassCallbacks.evaluate(RunAfterTestClassCallbacks.java:68)
	at org.junit.runners.ParentRunner.run(ParentRunner.java:363)
	at org.springframework.test.context.junit4.SpringJUnit4ClassRunner.run(SpringJUnit4ClassRunner.java:163)
	at org.apache.maven.surefire.junit4.JUnit4Provider.execute(JUnit4Provider.java:283)
	at org.apache.maven.surefire.junit4.JUnit4Provider.executeWithRerun(JUnit4Provider.java:173)
	at org.apache.maven.surefire.junit4.JUnit4Provider.executeTestSet(JUnit4Provider.java:153)
	at org.apache.maven.surefire.junit4.JUnit4Provider.invoke(JUnit4Provider.java:128)
	at org.apache.maven.surefire.booter.ForkedBooter.invokeProviderInSameClassLoader(ForkedBooter.java:203)
	at org.apache.maven.surefire.booter.ForkedBooter.runSuitesInProcess(ForkedBooter.java:155)
	at org.apache.maven.surefire.booter.ForkedBooter.main(ForkedBooter.java:103)
Caused by: org.springframework.beans.factory.BeanCreationException: Error creating bean with name 'aerospikeTemplate' defined in org.springframework.data.aerospike.config.TestConfig: Bean instantiation via factory method failed; nested exception is org.springframework.beans.BeanInstantiationException: Failed to instantiate [org.springframework.data.aerospike.core.AerospikeTemplate]: Factory method 'aerospikeTemplate' threw exception; nested exception is com.aerospike.helper.query.ClusterRefreshError: Cannot find UDF modules
	at org.springframework.beans.factory.support.ConstructorResolver.instantiateUsingFactoryMethod(ConstructorResolver.java:599)
	at org.springframework.beans.factory.support.AbstractAutowireCapableBeanFactory.instantiateUsingFactoryMethod(AbstractAutowireCapableBeanFactory.java:1119)
	at org.springframework.beans.factory.support.AbstractAutowireCapableBeanFactory.createBeanInstance(AbstractAutowireCapableBeanFactory.java:1014)
	at org.springframework.beans.factory.support.AbstractAutowireCapableBeanFactory.doCreateBean(AbstractAutowireCapableBeanFactory.java:504)
	at org.springframework.beans.factory.support.AbstractAutowireCapableBeanFactory.createBean(AbstractAutowireCapableBeanFactory.java:476)
	at org.springframework.beans.factory.support.AbstractBeanFactory$1.getObject(AbstractBeanFactory.java:303)
	at org.springframework.beans.factory.support.DefaultSingletonBeanRegistry.getSingleton(DefaultSingletonBeanRegistry.java:230)
	at org.springframework.beans.factory.support.AbstractBeanFactory.doGetBean(AbstractBeanFactory.java:299)
	at org.springframework.beans.factory.support.AbstractBeanFactory.getBean(AbstractBeanFactory.java:194)
	at org.springframework.beans.factory.support.DefaultListableBeanFactory.preInstantiateSingletons(DefaultListableBeanFactory.java:755)
	at org.springframework.context.support.AbstractApplicationContext.finishBeanFactoryInitialization(AbstractApplicationContext.java:757)
	at org.springframework.context.support.AbstractApplicationContext.refresh(AbstractApplicationContext.java:480)
	at org.springframework.test.context.support.AbstractGenericContextLoader.loadContext(AbstractGenericContextLoader.java:125)
	at org.springframework.test.context.support.AbstractGenericContextLoader.loadContext(AbstractGenericContextLoader.java:60)
	at org.springframework.test.context.support.AbstractDelegatingSmartContextLoader.delegateLoading(AbstractDelegatingSmartContextLoader.java:109)
	at org.springframework.test.context.support.AbstractDelegatingSmartContextLoader.loadContext(AbstractDelegatingSmartContextLoader.java:261)
	at org.springframework.test.context.DefaultCacheAwareContextLoaderDelegate.loadContextInternal(DefaultCacheAwareContextLoaderDelegate.java:68)
	at org.springframework.test.context.DefaultCacheAwareContextLoaderDelegate.loadContext(DefaultCacheAwareContextLoaderDelegate.java:86)
	at org.springframework.test.context.DefaultTestContext.getApplicationContext(DefaultTestContext.java:72)
	at org.springframework.test.context.support.DependencyInjectionTestExecutionListener.injectDependencies(DependencyInjectionTestExecutionListener.java:117)
	at org.springframework.test.context.support.DependencyInjectionTestExecutionListener.prepareTestInstance(DependencyInjectionTestExecutionListener.java:83)
	at org.springframework.test.context.TestContextManager.prepareTestInstance(TestContextManager.java:212)
	at org.springframework.test.context.junit4.SpringJUnit4ClassRunner.createTest(SpringJUnit4ClassRunner.java:200)
	at org.springframework.test.context.junit4.SpringJUnit4ClassRunner$1.runReflectiveCall(SpringJUnit4ClassRunner.java:259)
	at org.junit.internal.runners.model.ReflectiveCallable.run(ReflectiveCallable.java:12)
	at org.springframework.test.context.junit4.SpringJUnit4ClassRunner.methodBlock(SpringJUnit4ClassRunner.java:261)
	at org.springframework.test.context.junit4.SpringJUnit4ClassRunner.runChild(SpringJUnit4ClassRunner.java:219)
	at org.springframework.test.context.junit4.SpringJUnit4ClassRunner.runChild(SpringJUnit4ClassRunner.java:83)
	at org.junit.runners.ParentRunner$3.run(ParentRunner.java:290)
	at org.junit.runners.ParentRunner$1.schedule(ParentRunner.java:71)
	at org.junit.runners.ParentRunner.runChildren(ParentRunner.java:288)
	at org.junit.runners.ParentRunner.access$000(ParentRunner.java:58)
	at org.junit.runners.ParentRunner$2.evaluate(ParentRunner.java:268)
	at org.springframework.test.context.junit4.statements.RunBeforeTestClassCallbacks.evaluate(RunBeforeTestClassCallbacks.java:61)
	at org.springframework.test.context.junit4.statements.RunAfterTestClassCallbacks.evaluate(RunAfterTestClassCallbacks.java:68)
	at org.junit.runners.ParentRunner.run(ParentRunner.java:363)
	at org.springframework.test.context.junit4.SpringJUnit4ClassRunner.run(SpringJUnit4ClassRunner.java:163)
	at org.apache.maven.surefire.junit4.JUnit4Provider.execute(JUnit4Provider.java:283)
	at org.apache.maven.surefire.junit4.JUnit4Provider.executeWithRerun(JUnit4Provider.java:173)
	at org.apache.maven.surefire.junit4.JUnit4Provider.executeTestSet(JUnit4Provider.java:153)
	at org.apache.maven.surefire.junit4.JUnit4Provider.invoke(JUnit4Provider.java:128)
	at org.apache.maven.surefire.booter.ForkedBooter.invokeProviderInSameClassLoader(ForkedBooter.java:203)
	at org.apache.maven.surefire.booter.ForkedBooter.runSuitesInProcess(ForkedBooter.java:155)
	at org.apache.maven.surefire.booter.ForkedBooter.main(ForkedBooter.java:103)
Caused by: org.springframework.beans.BeanInstantiationException: Failed to instantiate [org.springframework.data.aerospike.core.AerospikeTemplate]: Factory method 'aerospikeTemplate' threw exception; nested exception is com.aerospike.helper.query.ClusterRefreshError: Cannot find UDF modules
	at org.springframework.beans.factory.support.SimpleInstantiationStrategy.instantiate(SimpleInstantiationStrategy.java:189)
	at org.springframework.beans.factory.support.ConstructorResolver.instantiateUsingFactoryMethod(ConstructorResolver.java:588)
	at org.springframework.beans.factory.support.AbstractAutowireCapableBeanFactory.instantiateUsingFactoryMethod(AbstractAutowireCapableBeanFactory.java:1119)
	at org.springframework.beans.factory.support.AbstractAutowireCapableBeanFactory.createBeanInstance(AbstractAutowireCapableBeanFactory.java:1014)
	at org.springframework.beans.factory.support.AbstractAutowireCapableBeanFactory.doCreateBean(AbstractAutowireCapableBeanFactory.java:504)
	at org.springframework.beans.factory.support.AbstractAutowireCapableBeanFactory.createBean(AbstractAutowireCapableBeanFactory.java:476)
	at org.springframework.beans.factory.support.AbstractBeanFactory$1.getObject(AbstractBeanFactory.java:303)
	at org.springframework.beans.factory.support.DefaultSingletonBeanRegistry.getSingleton(DefaultSingletonBeanRegistry.java:230)
	at org.springframework.beans.factory.support.AbstractBeanFactory.doGetBean(AbstractBeanFactory.java:299)
	at org.springframework.beans.factory.support.AbstractBeanFactory.getBean(AbstractBeanFactory.java:194)
	at org.springframework.beans.factory.support.DefaultListableBeanFactory.preInstantiateSingletons(DefaultListableBeanFactory.java:755)
	at org.springframework.context.support.AbstractApplicationContext.finishBeanFactoryInitialization(AbstractApplicationContext.java:757)
	at org.springframework.context.support.AbstractApplicationContext.refresh(AbstractApplicationContext.java:480)
	at org.springframework.test.context.support.AbstractGenericContextLoader.loadContext(AbstractGenericContextLoader.java:125)
	at org.springframework.test.context.support.AbstractGenericContextLoader.loadContext(AbstractGenericContextLoader.java:60)
	at org.springframework.test.context.support.AbstractDelegatingSmartContextLoader.delegateLoading(AbstractDelegatingSmartContextLoader.java:109)
	at org.springframework.test.context.support.AbstractDelegatingSmartContextLoader.loadContext(AbstractDelegatingSmartContextLoader.java:261)
	at org.springframework.test.context.DefaultCacheAwareContextLoaderDelegate.loadContextInternal(DefaultCacheAwareContextLoaderDelegate.java:68)
	at org.springframework.test.context.DefaultCacheAwareContextLoaderDelegate.loadContext(DefaultCacheAwareContextLoaderDelegate.java:86)
	at org.springframework.test.context.DefaultTestContext.getApplicationContext(DefaultTestContext.java:72)
	at org.springframework.test.context.support.DependencyInjectionTestExecutionListener.injectDependencies(DependencyInjectionTestExecutionListener.java:117)
	at org.springframework.test.context.support.DependencyInjectionTestExecutionListener.prepareTestInstance(DependencyInjectionTestExecutionListener.java:83)
	at org.springframework.test.context.TestContextManager.prepareTestInstance(TestContextManager.java:212)
	at org.springframework.test.context.junit4.SpringJUnit4ClassRunner.createTest(SpringJUnit4ClassRunner.java:200)
	at org.springframework.test.context.junit4.SpringJUnit4ClassRunner$1.runReflectiveCall(SpringJUnit4ClassRunner.java:259)
	at org.junit.internal.runners.model.ReflectiveCallable.run(ReflectiveCallable.java:12)
	at org.springframework.test.context.junit4.SpringJUnit4ClassRunner.methodBlock(SpringJUnit4ClassRunner.java:261)
	at org.springframework.test.context.junit4.SpringJUnit4ClassRunner.runChild(SpringJUnit4ClassRunner.java:219)
	at org.springframework.test.context.junit4.SpringJUnit4ClassRunner.runChild(SpringJUnit4ClassRunner.java:83)
	at org.junit.runners.ParentRunner$3.run(ParentRunner.java:290)
	at org.junit.runners.ParentRunner$1.schedule(ParentRunner.java:71)
	at org.junit.runners.ParentRunner.runChildren(ParentRunner.java:288)
	at org.junit.runners.ParentRunner.access$000(ParentRunner.java:58)
	at org.junit.runners.ParentRunner$2.evaluate(ParentRunner.java:268)
	at org.springframework.test.context.junit4.statements.RunBeforeTestClassCallbacks.evaluate(RunBeforeTestClassCallbacks.java:61)
	at org.springframework.test.context.junit4.statements.RunAfterTestClassCallbacks.evaluate(RunAfterTestClassCallbacks.java:68)
	at org.junit.runners.ParentRunner.run(ParentRunner.java:363)
	at org.springframework.test.context.junit4.SpringJUnit4ClassRunner.run(SpringJUnit4ClassRunner.java:163)
	at org.apache.maven.surefire.junit4.JUnit4Provider.execute(JUnit4Provider.java:283)
	at org.apache.maven.surefire.junit4.JUnit4Provider.executeWithRerun(JUnit4Provider.java:173)
	at org.apache.maven.surefire.junit4.JUnit4Provider.executeTestSet(JUnit4Provider.java:153)
	at org.apache.maven.surefire.junit4.JUnit4Provider.invoke(JUnit4Provider.java:128)
	at org.apache.maven.surefire.booter.ForkedBooter.invokeProviderInSameClassLoader(ForkedBooter.java:203)
	at org.apache.maven.surefire.booter.ForkedBooter.runSuitesInProcess(ForkedBooter.java:155)
	at org.apache.maven.surefire.booter.ForkedBooter.main(ForkedBooter.java:103)
Caused by: com.aerospike.helper.query.ClusterRefreshError: Cannot find UDF modules
	at com.aerospike.helper.query.QueryEngine.refreshModules(QueryEngine.java:678)
	at com.aerospike.helper.query.QueryEngine.refreshCluster(QueryEngine.java:536)
	at com.aerospike.helper.query.QueryEngine.setClient(QueryEngine.java:129)
	at com.aerospike.helper.query.QueryEngine.<init>(QueryEngine.java:110)
	at org.springframework.data.aerospike.core.AerospikeTemplate.<init>(AerospikeTemplate.java:132)
	at org.springframework.data.aerospike.config.TestConfig.aerospikeTemplate(TestConfig.java:39)
	at org.springframework.data.aerospike.config.TestConfig$$EnhancerBySpringCGLIB$$d926e9ed.CGLIB$aerospikeTemplate$0(<generated>)
	at org.springframework.data.aerospike.config.TestConfig$$EnhancerBySpringCGLIB$$d926e9ed$$FastClassBySpringCGLIB$$56523ccb.invoke(<generated>)
	at org.springframework.cglib.proxy.MethodProxy.invokeSuper(MethodProxy.java:228)
	at org.springframework.context.annotation.ConfigurationClassEnhancer$BeanMethodInterceptor.intercept(ConfigurationClassEnhancer.java:309)
	at org.springframework.data.aerospike.config.TestConfig$$EnhancerBySpringCGLIB$$d926e9ed.aerospikeTemplate(<generated>)
	at sun.reflect.NativeMethodAccessorImpl.invoke0(Native Method)
	at sun.reflect.NativeMethodAccessorImpl.invoke(NativeMethodAccessorImpl.java:62)
	at sun.reflect.DelegatingMethodAccessorImpl.invoke(DelegatingMethodAccessorImpl.java:43)
	at java.lang.reflect.Method.invoke(Method.java:498)
	at org.springframework.beans.factory.support.SimpleInstantiationStrategy.instantiate(SimpleInstantiationStrategy.java:162)
	at org.springframework.beans.factory.support.ConstructorResolver.instantiateUsingFactoryMethod(ConstructorResolver.java:588)
	at org.springframework.beans.factory.support.AbstractAutowireCapableBeanFactory.instantiateUsingFactoryMethod(AbstractAutowireCapableBeanFactory.java:1119)
	at org.springframework.beans.factory.support.AbstractAutowireCapableBeanFactory.createBeanInstance(AbstractAutowireCapableBeanFactory.java:1014)
	at org.springframework.beans.factory.support.AbstractAutowireCapableBeanFactory.doCreateBean(AbstractAutowireCapableBeanFactory.java:504)
	at org.springframework.beans.factory.support.AbstractAutowireCapableBeanFactory.createBean(AbstractAutowireCapableBeanFactory.java:476)
	at org.springframework.beans.factory.support.AbstractBeanFactory$1.getObject(AbstractBeanFactory.java:303)
	at org.springframework.beans.factory.support.DefaultSingletonBeanRegistry.getSingleton(DefaultSingletonBeanRegistry.java:230)
	at org.springframework.beans.factory.support.AbstractBeanFactory.doGetBean(AbstractBeanFactory.java:299)
	at org.springframework.beans.factory.support.AbstractBeanFactory.getBean(AbstractBeanFactory.java:194)
	at org.springframework.beans.factory.support.DefaultListableBeanFactory.preInstantiateSingletons(DefaultListableBeanFactory.java:755)
	at org.springframework.context.support.AbstractApplicationContext.finishBeanFactoryInitialization(AbstractApplicationContext.java:757)
	at org.springframework.context.support.AbstractApplicationContext.refresh(AbstractApplicationContext.java:480)
	at org.springframework.test.context.support.AbstractGenericContextLoader.loadContext(AbstractGenericContextLoader.java:125)
	at org.springframework.test.context.support.AbstractGenericContextLoader.loadContext(AbstractGenericContextLoader.java:60)
	at org.springframework.test.context.support.AbstractDelegatingSmartContextLoader.delegateLoading(AbstractDelegatingSmartContextLoader.java:109)
	at org.springframework.test.context.support.AbstractDelegatingSmartContextLoader.loadContext(AbstractDelegatingSmartContextLoader.java:261)
	at org.springframework.test.context.DefaultCacheAwareContextLoaderDelegate.loadContextInternal(DefaultCacheAwareContextLoaderDelegate.java:68)
	at org.springframework.test.context.DefaultCacheAwareContextLoaderDelegate.loadContext(DefaultCacheAwareContextLoaderDelegate.java:86)
	at org.springframework.test.context.DefaultTestContext.getApplicationContext(DefaultTestContext.java:72)
	at org.springframework.test.context.support.DependencyInjectionTestExecutionListener.injectDependencies(DependencyInjectionTestExecutionListener.java:117)
	at org.springframework.test.context.support.DependencyInjectionTestExecutionListener.prepareTestInstance(DependencyInjectionTestExecutionListener.java:83)
	at org.springframework.test.context.TestContextManager.prepareTestInstance(TestContextManager.java:212)
	at org.springframework.test.context.junit4.SpringJUnit4ClassRunner.createTest(SpringJUnit4ClassRunner.java:200)
	at org.springframework.test.context.junit4.SpringJUnit4ClassRunner$1.runReflectiveCall(SpringJUnit4ClassRunner.java:259)
	at org.junit.internal.runners.model.ReflectiveCallable.run(ReflectiveCallable.java:12)
	at org.springframework.test.context.junit4.SpringJUnit4ClassRunner.methodBlock(SpringJUnit4ClassRunner.java:261)
	at org.springframework.test.context.junit4.SpringJUnit4ClassRunner.runChild(SpringJUnit4ClassRunner.java:219)
	at org.springframework.test.context.junit4.SpringJUnit4ClassRunner.runChild(SpringJUnit4ClassRunner.java:83)
	at org.junit.runners.ParentRunner$3.run(ParentRunner.java:290)
	at org.junit.runners.ParentRunner$1.schedule(ParentRunner.java:71)
	at org.junit.runners.ParentRunner.runChildren(ParentRunner.java:288)
	at org.junit.runners.ParentRunner.access$000(ParentRunner.java:58)
	at org.junit.runners.ParentRunner$2.evaluate(ParentRunner.java:268)
	at org.springframework.test.context.junit4.statements.RunBeforeTestClassCallbacks.evaluate(RunBeforeTestClassCallbacks.java:61)
	at org.springframework.test.context.junit4.statements.RunAfterTestClassCallbacks.evaluate(RunAfterTestClassCallbacks.java:68)
	at org.junit.runners.ParentRunner.run(ParentRunner.java:363)
	at org.springframework.test.context.junit4.SpringJUnit4ClassRunner.run(SpringJUnit4ClassRunner.java:163)
	at org.apache.maven.surefire.junit4.JUnit4Provider.execute(JUnit4Provider.java:283)
	at org.apache.maven.surefire.junit4.JUnit4Provider.executeWithRerun(JUnit4Provider.java:173)
	at org.apache.maven.surefire.junit4.JUnit4Provider.executeTestSet(JUnit4Provider.java:153)
	at org.apache.maven.surefire.junit4.JUnit4Provider.invoke(JUnit4Provider.java:128)
	at org.apache.maven.surefire.booter.ForkedBooter.invokeProviderInSameClassLoader(ForkedBooter.java:203)
	at org.apache.maven.surefire.booter.ForkedBooter.runSuitesInProcess(ForkedBooter.java:155)
	at org.apache.maven.surefire.booter.ForkedBooter.main(ForkedBooter.java:103)
]]></error>
    <system-out><![CDATA[16:28:52.313 [main] DEBUG o.s.t.c.j.SpringJUnit4ClassRunner - SpringJUnit4ClassRunner constructor called with [class org.springframework.data.keyvalue.repository.query.SpelQueryCreatorUnitTests].
16:28:52.334 [main] DEBUG o.s.test.context.BootstrapUtils - Instantiating TestContextBootstrapper from class [org.springframework.test.context.support.DefaultTestContextBootstrapper]
16:28:52.352 [main] DEBUG o.s.t.c.s.AbstractDelegatingSmartContextLoader - Delegating to AnnotationConfigContextLoader to process context configuration [ContextConfigurationAttributes@711f39f9 declaringClass = 'org.springframework.data.keyvalue.repository.query.SpelQueryCreatorUnitTests', classes = '{class org.springframework.data.aerospike.config.TestConfig}', locations = '{}', inheritLocations = true, initializers = '{}', inheritInitializers = true, name = [null], contextLoaderClass = 'org.springframework.test.context.ContextLoader'].
16:28:52.353 [main] DEBUG o.s.t.c.support.ActiveProfilesUtils - Could not find an 'annotation declaring class' for annotation type [org.springframework.test.context.ActiveProfiles] and class [org.springframework.data.keyvalue.repository.query.SpelQueryCreatorUnitTests]
16:28:52.358 [main] DEBUG o.s.t.c.s.DefaultTestContextBootstrapper - @TestExecutionListeners is not present for class [org.springframework.data.keyvalue.repository.query.SpelQueryCreatorUnitTests]: using defaults.
16:28:52.363 [main] INFO  o.s.t.c.s.DefaultTestContextBootstrapper - Loaded default TestExecutionListener class names from location [META-INF/spring.factories]: [org.springframework.test.context.web.ServletTestExecutionListener, org.springframework.test.context.support.DependencyInjectionTestExecutionListener, org.springframework.test.context.support.DirtiesContextTestExecutionListener, org.springframework.test.context.transaction.TransactionalTestExecutionListener, org.springframework.test.context.jdbc.SqlScriptsTestExecutionListener]
16:28:52.374 [main] INFO  o.s.t.c.s.DefaultTestContextBootstrapper - Could not instantiate TestExecutionListener [org.springframework.test.context.web.ServletTestExecutionListener]. Specify custom listener classes or make the default listener classes (and their required dependencies) available. Offending class: [javax/servlet/ServletContext]
16:28:52.376 [main] INFO  o.s.t.c.s.DefaultTestContextBootstrapper - Using TestExecutionListeners: [org.springframework.test.context.support.DependencyInjectionTestExecutionListener@e874448, org.springframework.test.context.support.DirtiesContextTestExecutionListener@29b5cd00, org.springframework.test.context.transaction.TransactionalTestExecutionListener@60285225, org.springframework.test.context.jdbc.SqlScriptsTestExecutionListener@7113b13f]
16:28:52.377 [main] DEBUG o.s.t.c.j.SpringJUnit4ClassRunner - SpringJUnit4ClassRunner constructor called with [class org.springframework.data.keyvalue.repository.query.AerospikeQueryCreatorUnitTests].
16:28:52.377 [main] DEBUG o.s.test.context.BootstrapUtils - Instantiating TestContextBootstrapper from class [org.springframework.test.context.support.DefaultTestContextBootstrapper]
16:28:52.378 [main] DEBUG o.s.t.c.s.AbstractDelegatingSmartContextLoader - Delegating to AnnotationConfigContextLoader to process context configuration [ContextConfigurationAttributes@5bfbf16f declaringClass = 'org.springframework.data.keyvalue.repository.query.AerospikeQueryCreatorUnitTests', classes = '{class org.springframework.data.aerospike.config.TestConfig}', locations = '{}', inheritLocations = true, initializers = '{}', inheritInitializers = true, name = [null], contextLoaderClass = 'org.springframework.test.context.ContextLoader'].
16:28:52.379 [main] DEBUG o.s.t.c.support.ActiveProfilesUtils - Could not find an 'annotation declaring class' for annotation type [org.springframework.test.context.ActiveProfiles] and class [org.springframework.data.keyvalue.repository.query.AerospikeQueryCreatorUnitTests]
16:28:52.379 [main] DEBUG o.s.t.c.s.DefaultTestContextBootstrapper - @TestExecutionListeners is not present for class [org.springframework.data.keyvalue.repository.query.AerospikeQueryCreatorUnitTests]: using defaults.
16:28:52.380 [main] INFO  o.s.t.c.s.DefaultTestContextBootstrapper - Loaded default TestExecutionListener class names from location [META-INF/spring.factories]: [org.springframework.test.context.web.ServletTestExecutionListener, org.springframework.test.context.support.DependencyInjectionTestExecutionListener, org.springframework.test.context.support.DirtiesContextTestExecutionListener, org.springframework.test.context.transaction.TransactionalTestExecutionListener, org.springframework.test.context.jdbc.SqlScriptsTestExecutionListener]
16:28:52.380 [main] INFO  o.s.t.c.s.DefaultTestContextBootstrapper - Could not instantiate TestExecutionListener [org.springframework.test.context.web.ServletTestExecutionListener]. Specify custom listener classes or make the default listener classes (and their required dependencies) available. Offending class: [javax/servlet/ServletContext]
16:28:52.380 [main] INFO  o.s.t.c.s.DefaultTestContextBootstrapper - Using TestExecutionListeners: [org.springframework.test.context.support.DependencyInjectionTestExecutionListener@4923ab24, org.springframework.test.context.support.DirtiesContextTestExecutionListener@44c8afef, org.springframework.test.context.transaction.TransactionalTestExecutionListener@7b69c6ba, org.springframework.test.context.jdbc.SqlScriptsTestExecutionListener@46daef40]
16:28:52.381 [main] DEBUG o.s.t.c.j.SpringJUnit4ClassRunner - SpringJUnit4ClassRunner constructor called with [class org.springframework.data.keyvalue.repository.query.AerospikeQueryCreatorUnitTests].
16:28:52.381 [main] DEBUG o.s.test.context.BootstrapUtils - Instantiating TestContextBootstrapper from class [org.springframework.test.context.support.DefaultTestContextBootstrapper]
16:28:52.382 [main] DEBUG o.s.t.c.s.AbstractDelegatingSmartContextLoader - Delegating to AnnotationConfigContextLoader to process context configuration [ContextConfigurationAttributes@13c27452 declaringClass = 'org.springframework.data.keyvalue.repository.query.AerospikeQueryCreatorUnitTests', classes = '{class org.springframework.data.aerospike.config.TestConfig}', locations = '{}', inheritLocations = true, initializers = '{}', inheritInitializers = true, name = [null], contextLoaderClass = 'org.springframework.test.context.ContextLoader'].
16:28:52.382 [main] DEBUG o.s.t.c.support.ActiveProfilesUtils - Could not find an 'annotation declaring class' for annotation type [org.springframework.test.context.ActiveProfiles] and class [org.springframework.data.keyvalue.repository.query.AerospikeQueryCreatorUnitTests]
16:28:52.382 [main] DEBUG o.s.t.c.s.DefaultTestContextBootstrapper - @TestExecutionListeners is not present for class [org.springframework.data.keyvalue.repository.query.AerospikeQueryCreatorUnitTests]: using defaults.
16:28:52.383 [main] INFO  o.s.t.c.s.DefaultTestContextBootstrapper - Loaded default TestExecutionListener class names from location [META-INF/spring.factories]: [org.springframework.test.context.web.ServletTestExecutionListener, org.springframework.test.context.support.DependencyInjectionTestExecutionListener, org.springframework.test.context.support.DirtiesContextTestExecutionListener, org.springframework.test.context.transaction.TransactionalTestExecutionListener, org.springframework.test.context.jdbc.SqlScriptsTestExecutionListener]
16:28:52.383 [main] INFO  o.s.t.c.s.DefaultTestContextBootstrapper - Could not instantiate TestExecutionListener [org.springframework.test.context.web.ServletTestExecutionListener]. Specify custom listener classes or make the default listener classes (and their required dependencies) available. Offending class: [javax/servlet/ServletContext]
16:28:52.383 [main] INFO  o.s.t.c.s.DefaultTestContextBootstrapper - Using TestExecutionListeners: [org.springframework.test.context.support.DependencyInjectionTestExecutionListener@77ec78b9, org.springframework.test.context.support.DirtiesContextTestExecutionListener@1a3869f4, org.springframework.test.context.transaction.TransactionalTestExecutionListener@a38d7a3, org.springframework.test.context.jdbc.SqlScriptsTestExecutionListener@77f99a05]
16:28:52.384 [main] DEBUG o.s.t.c.j.SpringJUnit4ClassRunner - SpringJUnit4ClassRunner constructor called with [class org.springframework.data.keyvalue.repository.query.SpelQueryCreatorUnitTests].
16:28:52.384 [main] DEBUG o.s.test.context.BootstrapUtils - Instantiating TestContextBootstrapper from class [org.springframework.test.context.support.DefaultTestContextBootstrapper]
16:28:52.385 [main] DEBUG o.s.t.c.s.AbstractDelegatingSmartContextLoader - Delegating to AnnotationConfigContextLoader to process context configuration [ContextConfigurationAttributes@3aeaafa6 declaringClass = 'org.springframework.data.keyvalue.repository.query.SpelQueryCreatorUnitTests', classes = '{class org.springframework.data.aerospike.config.TestConfig}', locations = '{}', inheritLocations = true, initializers = '{}', inheritInitializers = true, name = [null], contextLoaderClass = 'org.springframework.test.context.ContextLoader'].
16:28:52.385 [main] DEBUG o.s.t.c.support.ActiveProfilesUtils - Could not find an 'annotation declaring class' for annotation type [org.springframework.test.context.ActiveProfiles] and class [org.springframework.data.keyvalue.repository.query.SpelQueryCreatorUnitTests]
16:28:52.385 [main] DEBUG o.s.t.c.s.DefaultTestContextBootstrapper - @TestExecutionListeners is not present for class [org.springframework.data.keyvalue.repository.query.SpelQueryCreatorUnitTests]: using defaults.
16:28:52.386 [main] INFO  o.s.t.c.s.DefaultTestContextBootstrapper - Loaded default TestExecutionListener class names from location [META-INF/spring.factories]: [org.springframework.test.context.web.ServletTestExecutionListener, org.springframework.test.context.support.DependencyInjectionTestExecutionListener, org.springframework.test.context.support.DirtiesContextTestExecutionListener, org.springframework.test.context.transaction.TransactionalTestExecutionListener, org.springframework.test.context.jdbc.SqlScriptsTestExecutionListener]
16:28:52.386 [main] INFO  o.s.t.c.s.DefaultTestContextBootstrapper - Could not instantiate TestExecutionListener [org.springframework.test.context.web.ServletTestExecutionListener]. Specify custom listener classes or make the default listener classes (and their required dependencies) available. Offending class: [javax/servlet/ServletContext]
16:28:52.386 [main] INFO  o.s.t.c.s.DefaultTestContextBootstrapper - Using TestExecutionListeners: [org.springframework.test.context.support.DependencyInjectionTestExecutionListener@eafc191, org.springframework.test.context.support.DirtiesContextTestExecutionListener@612fc6eb, org.springframework.test.context.transaction.TransactionalTestExecutionListener@1060b431, org.springframework.test.context.jdbc.SqlScriptsTestExecutionListener@612679d6]
16:28:52.400 [main] DEBUG o.s.t.c.j.SpringJUnit4ClassRunner - SpringJUnit4ClassRunner constructor called with [class org.springframework.data.aerospike.core.AerospikeTemplateIntegrationTests].
16:28:52.400 [main] DEBUG o.s.test.context.BootstrapUtils - Instantiating TestContextBootstrapper from class [org.springframework.test.context.support.DefaultTestContextBootstrapper]
16:28:52.401 [main] DEBUG o.s.t.c.s.AbstractDelegatingSmartContextLoader - Delegating to AnnotationConfigContextLoader to process context configuration [ContextConfigurationAttributes@43738a82 declaringClass = 'org.springframework.data.aerospike.core.AerospikeTemplateIntegrationTests', classes = '{class org.springframework.data.aerospike.core.TestConfiguration}', locations = '{}', inheritLocations = true, initializers = '{}', inheritInitializers = true, name = [null], contextLoaderClass = 'org.springframework.test.context.ContextLoader'].
16:28:52.401 [main] DEBUG o.s.t.c.support.ActiveProfilesUtils - Could not find an 'annotation declaring class' for annotation type [org.springframework.test.context.ActiveProfiles] and class [org.springframework.data.aerospike.core.AerospikeTemplateIntegrationTests]
16:28:52.402 [main] DEBUG o.s.t.c.s.DefaultTestContextBootstrapper - @TestExecutionListeners is not present for class [org.springframework.data.aerospike.core.AerospikeTemplateIntegrationTests]: using defaults.
16:28:52.402 [main] INFO  o.s.t.c.s.DefaultTestContextBootstrapper - Loaded default TestExecutionListener class names from location [META-INF/spring.factories]: [org.springframework.test.context.web.ServletTestExecutionListener, org.springframework.test.context.support.DependencyInjectionTestExecutionListener, org.springframework.test.context.support.DirtiesContextTestExecutionListener, org.springframework.test.context.transaction.TransactionalTestExecutionListener, org.springframework.test.context.jdbc.SqlScriptsTestExecutionListener]
16:28:52.403 [main] INFO  o.s.t.c.s.DefaultTestContextBootstrapper - Could not instantiate TestExecutionListener [org.springframework.test.context.web.ServletTestExecutionListener]. Specify custom listener classes or make the default listener classes (and their required dependencies) available. Offending class: [javax/servlet/ServletContext]
16:28:52.403 [main] INFO  o.s.t.c.s.DefaultTestContextBootstrapper - Using TestExecutionListeners: [org.springframework.test.context.support.DependencyInjectionTestExecutionListener@17d0685f, org.springframework.test.context.support.DirtiesContextTestExecutionListener@3891771e, org.springframework.test.context.transaction.TransactionalTestExecutionListener@78ac1102, org.springframework.test.context.jdbc.SqlScriptsTestExecutionListener@2de8284b]
16:28:52.406 [main] DEBUG o.s.t.c.j.SpringJUnit4ClassRunner - SpringJUnit4ClassRunner constructor called with [class org.springframework.data.aerospike.core.AerospikeTemplateTests].
16:28:52.406 [main] DEBUG o.s.test.context.BootstrapUtils - Instantiating TestContextBootstrapper from class [org.springframework.test.context.support.DefaultTestContextBootstrapper]
16:28:52.407 [main] DEBUG o.s.t.c.s.AbstractDelegatingSmartContextLoader - Delegating to AnnotationConfigContextLoader to process context configuration [ContextConfigurationAttributes@64485a47 declaringClass = 'org.springframework.data.aerospike.core.AerospikeTemplateTests', classes = '{class org.springframework.data.aerospike.core.TestConfiguration}', locations = '{}', inheritLocations = true, initializers = '{}', inheritInitializers = true, name = [null], contextLoaderClass = 'org.springframework.test.context.ContextLoader'].
16:28:52.407 [main] DEBUG o.s.t.c.support.ActiveProfilesUtils - Could not find an 'annotation declaring class' for annotation type [org.springframework.test.context.ActiveProfiles] and class [org.springframework.data.aerospike.core.AerospikeTemplateTests]
16:28:52.407 [main] DEBUG o.s.t.c.s.DefaultTestContextBootstrapper - @TestExecutionListeners is not present for class [org.springframework.data.aerospike.core.AerospikeTemplateTests]: using defaults.
16:28:52.408 [main] INFO  o.s.t.c.s.DefaultTestContextBootstrapper - Loaded default TestExecutionListener class names from location [META-INF/spring.factories]: [org.springframework.test.context.web.ServletTestExecutionListener, org.springframework.test.context.support.DependencyInjectionTestExecutionListener, org.springframework.test.context.support.DirtiesContextTestExecutionListener, org.springframework.test.context.transaction.TransactionalTestExecutionListener, org.springframework.test.context.jdbc.SqlScriptsTestExecutionListener]
16:28:52.409 [main] INFO  o.s.t.c.s.DefaultTestContextBootstrapper - Could not instantiate TestExecutionListener [org.springframework.test.context.web.ServletTestExecutionListener]. Specify custom listener classes or make the default listener classes (and their required dependencies) available. Offending class: [javax/servlet/ServletContext]
16:28:52.409 [main] INFO  o.s.t.c.s.DefaultTestContextBootstrapper - Using TestExecutionListeners: [org.springframework.test.context.support.DependencyInjectionTestExecutionListener@4524411f, org.springframework.test.context.support.DirtiesContextTestExecutionListener@401e7803, org.springframework.test.context.transaction.TransactionalTestExecutionListener@10dba097, org.springframework.test.context.jdbc.SqlScriptsTestExecutionListener@1786f9d5]
16:28:52.410 [main] DEBUG o.s.t.c.j.SpringJUnit4ClassRunner - SpringJUnit4ClassRunner constructor called with [class org.springframework.data.aerospike.core.AerospikeTemplateIntegrationTests].
16:28:52.410 [main] DEBUG o.s.test.context.BootstrapUtils - Instantiating TestContextBootstrapper from class [org.springframework.test.context.support.DefaultTestContextBootstrapper]
16:28:52.410 [main] DEBUG o.s.t.c.s.AbstractDelegatingSmartContextLoader - Delegating to AnnotationConfigContextLoader to process context configuration [ContextConfigurationAttributes@eb21112 declaringClass = 'org.springframework.data.aerospike.core.AerospikeTemplateIntegrationTests', classes = '{class org.springframework.data.aerospike.core.TestConfiguration}', locations = '{}', inheritLocations = true, initializers = '{}', inheritInitializers = true, name = [null], contextLoaderClass = 'org.springframework.test.context.ContextLoader'].
16:28:52.411 [main] DEBUG o.s.t.c.support.ActiveProfilesUtils - Could not find an 'annotation declaring class' for annotation type [org.springframework.test.context.ActiveProfiles] and class [org.springframework.data.aerospike.core.AerospikeTemplateIntegrationTests]
16:28:52.411 [main] DEBUG o.s.t.c.s.DefaultTestContextBootstrapper - @TestExecutionListeners is not present for class [org.springframework.data.aerospike.core.AerospikeTemplateIntegrationTests]: using defaults.
16:28:52.411 [main] INFO  o.s.t.c.s.DefaultTestContextBootstrapper - Loaded default TestExecutionListener class names from location [META-INF/spring.factories]: [org.springframework.test.context.web.ServletTestExecutionListener, org.springframework.test.context.support.DependencyInjectionTestExecutionListener, org.springframework.test.context.support.DirtiesContextTestExecutionListener, org.springframework.test.context.transaction.TransactionalTestExecutionListener, org.springframework.test.context.jdbc.SqlScriptsTestExecutionListener]
16:28:52.412 [main] INFO  o.s.t.c.s.DefaultTestContextBootstrapper - Could not instantiate TestExecutionListener [org.springframework.test.context.web.ServletTestExecutionListener]. Specify custom listener classes or make the default listener classes (and their required dependencies) available. Offending class: [javax/servlet/ServletContext]
16:28:52.412 [main] INFO  o.s.t.c.s.DefaultTestContextBootstrapper - Using TestExecutionListeners: [org.springframework.test.context.support.DependencyInjectionTestExecutionListener@47db50c5, org.springframework.test.context.support.DirtiesContextTestExecutionListener@5c072e3f, org.springframework.test.context.transaction.TransactionalTestExecutionListener@4d1b0d2a, org.springframework.test.context.jdbc.SqlScriptsTestExecutionListener@954b04f]
16:28:52.413 [main] DEBUG o.s.t.c.j.SpringJUnit4ClassRunner - SpringJUnit4ClassRunner constructor called with [class org.springframework.data.aerospike.core.AerospikeTemplateTests].
16:28:52.413 [main] DEBUG o.s.test.context.BootstrapUtils - Instantiating TestContextBootstrapper from class [org.springframework.test.context.support.DefaultTestContextBootstrapper]
16:28:52.416 [main] DEBUG o.s.t.c.s.AbstractDelegatingSmartContextLoader - Delegating to AnnotationConfigContextLoader to process context configuration [ContextConfigurationAttributes@4c762604 declaringClass = 'org.springframework.data.aerospike.core.AerospikeTemplateTests', classes = '{class org.springframework.data.aerospike.core.TestConfiguration}', locations = '{}', inheritLocations = true, initializers = '{}', inheritInitializers = true, name = [null], contextLoaderClass = 'org.springframework.test.context.ContextLoader'].
16:28:52.416 [main] DEBUG o.s.t.c.support.ActiveProfilesUtils - Could not find an 'annotation declaring class' for annotation type [org.springframework.test.context.ActiveProfiles] and class [org.springframework.data.aerospike.core.AerospikeTemplateTests]
16:28:52.416 [main] DEBUG o.s.t.c.s.DefaultTestContextBootstrapper - @TestExecutionListeners is not present for class [org.springframework.data.aerospike.core.AerospikeTemplateTests]: using defaults.
16:28:52.417 [main] INFO  o.s.t.c.s.DefaultTestContextBootstrapper - Loaded default TestExecutionListener class names from location [META-INF/spring.factories]: [org.springframework.test.context.web.ServletTestExecutionListener, org.springframework.test.context.support.DependencyInjectionTestExecutionListener, org.springframework.test.context.support.DirtiesContextTestExecutionListener, org.springframework.test.context.transaction.TransactionalTestExecutionListener, org.springframework.test.context.jdbc.SqlScriptsTestExecutionListener]
16:28:52.418 [main] INFO  o.s.t.c.s.DefaultTestContextBootstrapper - Could not instantiate TestExecutionListener [org.springframework.test.context.web.ServletTestExecutionListener]. Specify custom listener classes or make the default listener classes (and their required dependencies) available. Offending class: [javax/servlet/ServletContext]
16:28:52.418 [main] INFO  o.s.t.c.s.DefaultTestContextBootstrapper - Using TestExecutionListeners: [org.springframework.test.context.support.DependencyInjectionTestExecutionListener@2f0a87b3, org.springframework.test.context.support.DirtiesContextTestExecutionListener@319b92f3, org.springframework.test.context.transaction.TransactionalTestExecutionListener@fcd6521, org.springframework.test.context.jdbc.SqlScriptsTestExecutionListener@27d415d9]
16:28:52.436 [main] DEBUG o.s.t.c.j.SpringJUnit4ClassRunner - SpringJUnit4ClassRunner constructor called with [class org.springframework.data.aerospike.repository.CustomerRepositoriesIntegrationTests].
16:28:52.436 [main] DEBUG o.s.test.context.BootstrapUtils - Instantiating TestContextBootstrapper from class [org.springframework.test.context.support.DefaultTestContextBootstrapper]
16:28:52.437 [main] DEBUG o.s.t.c.s.AbstractDelegatingSmartContextLoader - Delegating to GenericXmlContextLoader to process context configuration [ContextConfigurationAttributes@4f51b3e0 declaringClass = 'org.springframework.data.aerospike.repository.CustomerRepositoriesIntegrationTests', classes = '{}', locations = '{}', inheritLocations = true, initializers = '{}', inheritInitializers = true, name = [null], contextLoaderClass = 'org.springframework.test.context.ContextLoader'].
16:28:52.438 [main] DEBUG o.s.t.c.s.AbstractContextLoader - Did not detect default resource location for test class [org.springframework.data.aerospike.repository.CustomerRepositoriesIntegrationTests]: class path resource [org/springframework/data/aerospike/repository/CustomerRepositoriesIntegrationTests-context.xml] does not exist
16:28:52.438 [main] INFO  o.s.t.c.s.AbstractContextLoader - Could not detect default resource locations for test class [org.springframework.data.aerospike.repository.CustomerRepositoriesIntegrationTests]: no resource found for suffixes {-context.xml}.
16:28:52.438 [main] DEBUG o.s.t.c.s.AbstractDelegatingSmartContextLoader - Delegating to AnnotationConfigContextLoader to process context configuration [ContextConfigurationAttributes@4f51b3e0 declaringClass = 'org.springframework.data.aerospike.repository.CustomerRepositoriesIntegrationTests', classes = '{}', locations = '{}', inheritLocations = true, initializers = '{}', inheritInitializers = true, name = [null], contextLoaderClass = 'org.springframework.test.context.ContextLoader'].
16:28:52.444 [main] INFO  o.s.t.c.s.AbstractDelegatingSmartContextLoader - AnnotationConfigContextLoader detected default configuration classes for context configuration [ContextConfigurationAttributes@4f51b3e0 declaringClass = 'org.springframework.data.aerospike.repository.CustomerRepositoriesIntegrationTests', classes = '{class org.springframework.data.aerospike.repository.CustomerRepositoriesIntegrationTests$Config}', locations = '{}', inheritLocations = true, initializers = '{}', inheritInitializers = true, name = [null], contextLoaderClass = 'org.springframework.test.context.ContextLoader'].
16:28:52.445 [main] DEBUG o.s.t.c.support.ActiveProfilesUtils - Could not find an 'annotation declaring class' for annotation type [org.springframework.test.context.ActiveProfiles] and class [org.springframework.data.aerospike.repository.CustomerRepositoriesIntegrationTests]
16:28:52.446 [main] DEBUG o.s.t.c.s.DefaultTestContextBootstrapper - @TestExecutionListeners is not present for class [org.springframework.data.aerospike.repository.CustomerRepositoriesIntegrationTests]: using defaults.
16:28:52.446 [main] INFO  o.s.t.c.s.DefaultTestContextBootstrapper - Loaded default TestExecutionListener class names from location [META-INF/spring.factories]: [org.springframework.test.context.web.ServletTestExecutionListener, org.springframework.test.context.support.DependencyInjectionTestExecutionListener, org.springframework.test.context.support.DirtiesContextTestExecutionListener, org.springframework.test.context.transaction.TransactionalTestExecutionListener, org.springframework.test.context.jdbc.SqlScriptsTestExecutionListener]
16:28:52.447 [main] INFO  o.s.t.c.s.DefaultTestContextBootstrapper - Could not instantiate TestExecutionListener [org.springframework.test.context.web.ServletTestExecutionListener]. Specify custom listener classes or make the default listener classes (and their required dependencies) available. Offending class: [javax/servlet/ServletContext]
16:28:52.448 [main] INFO  o.s.t.c.s.DefaultTestContextBootstrapper - Using TestExecutionListeners: [org.springframework.test.context.support.DependencyInjectionTestExecutionListener@101df177, org.springframework.test.context.support.DirtiesContextTestExecutionListener@166fa74d, org.springframework.test.context.transaction.TransactionalTestExecutionListener@40f08448, org.springframework.test.context.jdbc.SqlScriptsTestExecutionListener@276438c9]
16:28:52.450 [main] DEBUG o.s.t.c.j.SpringJUnit4ClassRunner - SpringJUnit4ClassRunner constructor called with [class org.springframework.data.aerospike.repository.PersonRepositoryIntegrationTests].
16:28:52.450 [main] DEBUG o.s.test.context.BootstrapUtils - Instantiating TestContextBootstrapper from class [org.springframework.test.context.support.DefaultTestContextBootstrapper]
16:28:52.451 [main] DEBUG o.s.t.c.s.AbstractDelegatingSmartContextLoader - Delegating to AnnotationConfigContextLoader to process context configuration [ContextConfigurationAttributes@46238e3f declaringClass = 'org.springframework.data.aerospike.repository.PersonRepositoryIntegrationTests', classes = '{class org.springframework.data.aerospike.repository.TestConfigPerson}', locations = '{}', inheritLocations = true, initializers = '{}', inheritInitializers = true, name = [null], contextLoaderClass = 'org.springframework.test.context.ContextLoader'].
16:28:52.451 [main] DEBUG o.s.t.c.support.ActiveProfilesUtils - Could not find an 'annotation declaring class' for annotation type [org.springframework.test.context.ActiveProfiles] and class [org.springframework.data.aerospike.repository.PersonRepositoryIntegrationTests]
16:28:52.451 [main] DEBUG o.s.t.c.s.DefaultTestContextBootstrapper - @TestExecutionListeners is not present for class [org.springframework.data.aerospike.repository.PersonRepositoryIntegrationTests]: using defaults.
16:28:52.453 [main] INFO  o.s.t.c.s.DefaultTestContextBootstrapper - Loaded default TestExecutionListener class names from location [META-INF/spring.factories]: [org.springframework.test.context.web.ServletTestExecutionListener, org.springframework.test.context.support.DependencyInjectionTestExecutionListener, org.springframework.test.context.support.DirtiesContextTestExecutionListener, org.springframework.test.context.transaction.TransactionalTestExecutionListener, org.springframework.test.context.jdbc.SqlScriptsTestExecutionListener]
16:28:52.453 [main] INFO  o.s.t.c.s.DefaultTestContextBootstrapper - Could not instantiate TestExecutionListener [org.springframework.test.context.web.ServletTestExecutionListener]. Specify custom listener classes or make the default listener classes (and their required dependencies) available. Offending class: [javax/servlet/ServletContext]
16:28:52.454 [main] INFO  o.s.t.c.s.DefaultTestContextBootstrapper - Using TestExecutionListeners: [org.springframework.test.context.support.DependencyInjectionTestExecutionListener@76a4d6c, org.springframework.test.context.support.DirtiesContextTestExecutionListener@517cd4b, org.springframework.test.context.transaction.TransactionalTestExecutionListener@6cc7b4de, org.springframework.test.context.jdbc.SqlScriptsTestExecutionListener@32cf48b7]
16:28:52.454 [main] DEBUG o.s.t.c.j.SpringJUnit4ClassRunner - SpringJUnit4ClassRunner constructor called with [class org.springframework.data.aerospike.repository.PersonRepositoryIntegrationTests].
16:28:52.454 [main] DEBUG o.s.test.context.BootstrapUtils - Instantiating TestContextBootstrapper from class [org.springframework.test.context.support.DefaultTestContextBootstrapper]
16:28:52.455 [main] DEBUG o.s.t.c.s.AbstractDelegatingSmartContextLoader - Delegating to AnnotationConfigContextLoader to process context configuration [ContextConfigurationAttributes@45afc369 declaringClass = 'org.springframework.data.aerospike.repository.PersonRepositoryIntegrationTests', classes = '{class org.springframework.data.aerospike.repository.TestConfigPerson}', locations = '{}', inheritLocations = true, initializers = '{}', inheritInitializers = true, name = [null], contextLoaderClass = 'org.springframework.test.context.ContextLoader'].
16:28:52.455 [main] DEBUG o.s.t.c.support.ActiveProfilesUtils - Could not find an 'annotation declaring class' for annotation type [org.springframework.test.context.ActiveProfiles] and class [org.springframework.data.aerospike.repository.PersonRepositoryIntegrationTests]
16:28:52.455 [main] DEBUG o.s.t.c.s.DefaultTestContextBootstrapper - @TestExecutionListeners is not present for class [org.springframework.data.aerospike.repository.PersonRepositoryIntegrationTests]: using defaults.
16:28:52.456 [main] INFO  o.s.t.c.s.DefaultTestContextBootstrapper - Loaded default TestExecutionListener class names from location [META-INF/spring.factories]: [org.springframework.test.context.web.ServletTestExecutionListener, org.springframework.test.context.support.DependencyInjectionTestExecutionListener, org.springframework.test.context.support.DirtiesContextTestExecutionListener, org.springframework.test.context.transaction.TransactionalTestExecutionListener, org.springframework.test.context.jdbc.SqlScriptsTestExecutionListener]
16:28:52.456 [main] INFO  o.s.t.c.s.DefaultTestContextBootstrapper - Could not instantiate TestExecutionListener [org.springframework.test.context.web.ServletTestExecutionListener]. Specify custom listener classes or make the default listener classes (and their required dependencies) available. Offending class: [javax/servlet/ServletContext]
16:28:52.456 [main] INFO  o.s.t.c.s.DefaultTestContextBootstrapper - Using TestExecutionListeners: [org.springframework.test.context.support.DependencyInjectionTestExecutionListener@2d127a61, org.springframework.test.context.support.DirtiesContextTestExecutionListener@2bbaf4f0, org.springframework.test.context.transaction.TransactionalTestExecutionListener@11c20519, org.springframework.test.context.jdbc.SqlScriptsTestExecutionListener@70beb599]
16:28:52.457 [main] DEBUG o.s.t.c.j.SpringJUnit4ClassRunner - SpringJUnit4ClassRunner constructor called with [class org.springframework.data.aerospike.repository.CustomerRepositoriesIntegrationTests].
16:28:52.457 [main] DEBUG o.s.test.context.BootstrapUtils - Instantiating TestContextBootstrapper from class [org.springframework.test.context.support.DefaultTestContextBootstrapper]
16:28:52.458 [main] DEBUG o.s.t.c.s.AbstractDelegatingSmartContextLoader - Delegating to GenericXmlContextLoader to process context configuration [ContextConfigurationAttributes@33cb5951 declaringClass = 'org.springframework.data.aerospike.repository.CustomerRepositoriesIntegrationTests', classes = '{}', locations = '{}', inheritLocations = true, initializers = '{}', inheritInitializers = true, name = [null], contextLoaderClass = 'org.springframework.test.context.ContextLoader'].
16:28:52.458 [main] DEBUG o.s.t.c.s.AbstractContextLoader - Did not detect default resource location for test class [org.springframework.data.aerospike.repository.CustomerRepositoriesIntegrationTests]: class path resource [org/springframework/data/aerospike/repository/CustomerRepositoriesIntegrationTests-context.xml] does not exist
16:28:52.458 [main] INFO  o.s.t.c.s.AbstractContextLoader - Could not detect default resource locations for test class [org.springframework.data.aerospike.repository.CustomerRepositoriesIntegrationTests]: no resource found for suffixes {-context.xml}.
16:28:52.458 [main] DEBUG o.s.t.c.s.AbstractDelegatingSmartContextLoader - Delegating to AnnotationConfigContextLoader to process context configuration [ContextConfigurationAttributes@33cb5951 declaringClass = 'org.springframework.data.aerospike.repository.CustomerRepositoriesIntegrationTests', classes = '{}', locations = '{}', inheritLocations = true, initializers = '{}', inheritInitializers = true, name = [null], contextLoaderClass = 'org.springframework.test.context.ContextLoader'].
16:28:52.458 [main] INFO  o.s.t.c.s.AbstractDelegatingSmartContextLoader - AnnotationConfigContextLoader detected default configuration classes for context configuration [ContextConfigurationAttributes@33cb5951 declaringClass = 'org.springframework.data.aerospike.repository.CustomerRepositoriesIntegrationTests', classes = '{class org.springframework.data.aerospike.repository.CustomerRepositoriesIntegrationTests$Config}', locations = '{}', inheritLocations = true, initializers = '{}', inheritInitializers = true, name = [null], contextLoaderClass = 'org.springframework.test.context.ContextLoader'].
16:28:52.459 [main] DEBUG o.s.t.c.support.ActiveProfilesUtils - Could not find an 'annotation declaring class' for annotation type [org.springframework.test.context.ActiveProfiles] and class [org.springframework.data.aerospike.repository.CustomerRepositoriesIntegrationTests]
16:28:52.459 [main] DEBUG o.s.t.c.s.DefaultTestContextBootstrapper - @TestExecutionListeners is not present for class [org.springframework.data.aerospike.repository.CustomerRepositoriesIntegrationTests]: using defaults.
16:28:52.460 [main] INFO  o.s.t.c.s.DefaultTestContextBootstrapper - Loaded default TestExecutionListener class names from location [META-INF/spring.factories]: [org.springframework.test.context.web.ServletTestExecutionListener, org.springframework.test.context.support.DependencyInjectionTestExecutionListener, org.springframework.test.context.support.DirtiesContextTestExecutionListener, org.springframework.test.context.transaction.TransactionalTestExecutionListener, org.springframework.test.context.jdbc.SqlScriptsTestExecutionListener]
16:28:52.460 [main] INFO  o.s.t.c.s.DefaultTestContextBootstrapper - Could not instantiate TestExecutionListener [org.springframework.test.context.web.ServletTestExecutionListener]. Specify custom listener classes or make the default listener classes (and their required dependencies) available. Offending class: [javax/servlet/ServletContext]
16:28:52.460 [main] INFO  o.s.t.c.s.DefaultTestContextBootstrapper - Using TestExecutionListeners: [org.springframework.test.context.support.DependencyInjectionTestExecutionListener@76329302, org.springframework.test.context.support.DirtiesContextTestExecutionListener@5e25a92e, org.springframework.test.context.transaction.TransactionalTestExecutionListener@4df828d7, org.springframework.test.context.jdbc.SqlScriptsTestExecutionListener@b59d31]
16:28:52.463 [main] DEBUG o.s.t.annotation.ProfileValueUtils - Retrieved @ProfileValueSourceConfiguration [null] for test class [org.springframework.data.keyvalue.repository.query.SpelQueryCreatorUnitTests]
16:28:52.464 [main] DEBUG o.s.t.annotation.ProfileValueUtils - Retrieved ProfileValueSource type [class org.springframework.test.annotation.SystemProfileValueSource] for class [org.springframework.data.keyvalue.repository.query.SpelQueryCreatorUnitTests]
16:28:52.464 [main] DEBUG o.s.t.annotation.ProfileValueUtils - Retrieved @ProfileValueSourceConfiguration [null] for test class [org.springframework.data.keyvalue.repository.query.AerospikeQueryCreatorUnitTests]
16:28:52.464 [main] DEBUG o.s.t.annotation.ProfileValueUtils - Retrieved ProfileValueSource type [class org.springframework.test.annotation.SystemProfileValueSource] for class [org.springframework.data.keyvalue.repository.query.AerospikeQueryCreatorUnitTests]
16:28:52.464 [main] DEBUG o.s.t.annotation.ProfileValueUtils - Retrieved @ProfileValueSourceConfiguration [null] for test class [org.springframework.data.keyvalue.repository.query.AerospikeQueryCreatorUnitTests]
16:28:52.464 [main] DEBUG o.s.t.annotation.ProfileValueUtils - Retrieved ProfileValueSource type [class org.springframework.test.annotation.SystemProfileValueSource] for class [org.springframework.data.keyvalue.repository.query.AerospikeQueryCreatorUnitTests]
16:28:52.464 [main] DEBUG o.s.t.annotation.ProfileValueUtils - Retrieved @ProfileValueSourceConfiguration [null] for test class [org.springframework.data.keyvalue.repository.query.SpelQueryCreatorUnitTests]
16:28:52.464 [main] DEBUG o.s.t.annotation.ProfileValueUtils - Retrieved ProfileValueSource type [class org.springframework.test.annotation.SystemProfileValueSource] for class [org.springframework.data.keyvalue.repository.query.SpelQueryCreatorUnitTests]
16:28:52.465 [main] DEBUG o.s.t.annotation.ProfileValueUtils - Retrieved @ProfileValueSourceConfiguration [null] for test class [org.springframework.data.aerospike.core.AerospikeTemplateIntegrationTests]
16:28:52.466 [main] DEBUG o.s.t.annotation.ProfileValueUtils - Retrieved ProfileValueSource type [class org.springframework.test.annotation.SystemProfileValueSource] for class [org.springframework.data.aerospike.core.AerospikeTemplateIntegrationTests]
16:28:52.467 [main] DEBUG o.s.t.annotation.ProfileValueUtils - Retrieved @ProfileValueSourceConfiguration [null] for test class [org.springframework.data.aerospike.core.AerospikeTemplateTests]
16:28:52.467 [main] DEBUG o.s.t.annotation.ProfileValueUtils - Retrieved ProfileValueSource type [class org.springframework.test.annotation.SystemProfileValueSource] for class [org.springframework.data.aerospike.core.AerospikeTemplateTests]
16:28:52.468 [main] DEBUG o.s.t.annotation.ProfileValueUtils - Retrieved @ProfileValueSourceConfiguration [null] for test class [org.springframework.data.aerospike.core.AerospikeTemplateIntegrationTests]
16:28:52.468 [main] DEBUG o.s.t.annotation.ProfileValueUtils - Retrieved ProfileValueSource type [class org.springframework.test.annotation.SystemProfileValueSource] for class [org.springframework.data.aerospike.core.AerospikeTemplateIntegrationTests]
16:28:52.469 [main] DEBUG o.s.t.annotation.ProfileValueUtils - Retrieved @ProfileValueSourceConfiguration [null] for test class [org.springframework.data.aerospike.core.AerospikeTemplateTests]
16:28:52.469 [main] DEBUG o.s.t.annotation.ProfileValueUtils - Retrieved ProfileValueSource type [class org.springframework.test.annotation.SystemProfileValueSource] for class [org.springframework.data.aerospike.core.AerospikeTemplateTests]
16:28:52.473 [main] DEBUG o.s.t.annotation.ProfileValueUtils - Retrieved @ProfileValueSourceConfiguration [null] for test class [org.springframework.data.aerospike.repository.CustomerRepositoriesIntegrationTests]
16:28:52.474 [main] DEBUG o.s.t.annotation.ProfileValueUtils - Retrieved ProfileValueSource type [class org.springframework.test.annotation.SystemProfileValueSource] for class [org.springframework.data.aerospike.repository.CustomerRepositoriesIntegrationTests]
16:28:52.474 [main] DEBUG o.s.t.annotation.ProfileValueUtils - Retrieved @ProfileValueSourceConfiguration [null] for test class [org.springframework.data.aerospike.repository.PersonRepositoryIntegrationTests]
16:28:52.474 [main] DEBUG o.s.t.annotation.ProfileValueUtils - Retrieved ProfileValueSource type [class org.springframework.test.annotation.SystemProfileValueSource] for class [org.springframework.data.aerospike.repository.PersonRepositoryIntegrationTests]
16:28:52.474 [main] DEBUG o.s.t.annotation.ProfileValueUtils - Retrieved @ProfileValueSourceConfiguration [null] for test class [org.springframework.data.aerospike.repository.PersonRepositoryIntegrationTests]
16:28:52.475 [main] DEBUG o.s.t.annotation.ProfileValueUtils - Retrieved ProfileValueSource type [class org.springframework.test.annotation.SystemProfileValueSource] for class [org.springframework.data.aerospike.repository.PersonRepositoryIntegrationTests]
16:28:52.475 [main] DEBUG o.s.t.annotation.ProfileValueUtils - Retrieved @ProfileValueSourceConfiguration [null] for test class [org.springframework.data.aerospike.repository.CustomerRepositoriesIntegrationTests]
16:28:52.475 [main] DEBUG o.s.t.annotation.ProfileValueUtils - Retrieved ProfileValueSource type [class org.springframework.test.annotation.SystemProfileValueSource] for class [org.springframework.data.aerospike.repository.CustomerRepositoriesIntegrationTests]
16:28:52.477 [main] DEBUG o.s.t.c.j.SpringJUnit4ClassRunner - SpringJUnit4ClassRunner constructor called with [class org.springframework.data.keyvalue.repository.query.SpelQueryCreatorUnitTests].
16:28:52.478 [main] DEBUG o.s.test.context.BootstrapUtils - Instantiating TestContextBootstrapper from class [org.springframework.test.context.support.DefaultTestContextBootstrapper]
16:28:52.479 [main] DEBUG o.s.t.c.s.AbstractDelegatingSmartContextLoader - Delegating to AnnotationConfigContextLoader to process context configuration [ContextConfigurationAttributes@12405818 declaringClass = 'org.springframework.data.keyvalue.repository.query.SpelQueryCreatorUnitTests', classes = '{class org.springframework.data.aerospike.config.TestConfig}', locations = '{}', inheritLocations = true, initializers = '{}', inheritInitializers = true, name = [null], contextLoaderClass = 'org.springframework.test.context.ContextLoader'].
16:28:52.479 [main] DEBUG o.s.t.c.support.ActiveProfilesUtils - Could not find an 'annotation declaring class' for annotation type [org.springframework.test.context.ActiveProfiles] and class [org.springframework.data.keyvalue.repository.query.SpelQueryCreatorUnitTests]
16:28:52.479 [main] DEBUG o.s.t.c.s.DefaultTestContextBootstrapper - @TestExecutionListeners is not present for class [org.springframework.data.keyvalue.repository.query.SpelQueryCreatorUnitTests]: using defaults.
16:28:52.480 [main] INFO  o.s.t.c.s.DefaultTestContextBootstrapper - Loaded default TestExecutionListener class names from location [META-INF/spring.factories]: [org.springframework.test.context.web.ServletTestExecutionListener, org.springframework.test.context.support.DependencyInjectionTestExecutionListener, org.springframework.test.context.support.DirtiesContextTestExecutionListener, org.springframework.test.context.transaction.TransactionalTestExecutionListener, org.springframework.test.context.jdbc.SqlScriptsTestExecutionListener]
16:28:52.481 [main] INFO  o.s.t.c.s.DefaultTestContextBootstrapper - Could not instantiate TestExecutionListener [org.springframework.test.context.web.ServletTestExecutionListener]. Specify custom listener classes or make the default listener classes (and their required dependencies) available. Offending class: [javax/servlet/ServletContext]
16:28:52.481 [main] INFO  o.s.t.c.s.DefaultTestContextBootstrapper - Using TestExecutionListeners: [org.springframework.test.context.support.DependencyInjectionTestExecutionListener@442675e1, org.springframework.test.context.support.DirtiesContextTestExecutionListener@6166e06f, org.springframework.test.context.transaction.TransactionalTestExecutionListener@49e202ad, org.springframework.test.context.jdbc.SqlScriptsTestExecutionListener@1c72da34]
16:28:52.481 [main] DEBUG o.s.t.annotation.ProfileValueUtils - Retrieved @ProfileValueSourceConfiguration [null] for test class [org.springframework.data.keyvalue.repository.query.SpelQueryCreatorUnitTests]
16:28:52.481 [main] DEBUG o.s.t.annotation.ProfileValueUtils - Retrieved ProfileValueSource type [class org.springframework.test.annotation.SystemProfileValueSource] for class [org.springframework.data.keyvalue.repository.query.SpelQueryCreatorUnitTests]
16:28:52.482 [main] DEBUG o.s.t.annotation.ProfileValueUtils - Retrieved @ProfileValueSourceConfiguration [null] for test class [org.springframework.data.keyvalue.repository.query.SpelQueryCreatorUnitTests]
16:28:52.482 [main] DEBUG o.s.t.annotation.ProfileValueUtils - Retrieved ProfileValueSource type [class org.springframework.test.annotation.SystemProfileValueSource] for class [org.springframework.data.keyvalue.repository.query.SpelQueryCreatorUnitTests]
16:28:52.483 [main] DEBUG o.s.t.annotation.ProfileValueUtils - Retrieved @ProfileValueSourceConfiguration [null] for test class [org.springframework.data.keyvalue.repository.query.SpelQueryCreatorUnitTests]
16:28:52.483 [main] DEBUG o.s.t.annotation.ProfileValueUtils - Retrieved ProfileValueSource type [class org.springframework.test.annotation.SystemProfileValueSource] for class [org.springframework.data.keyvalue.repository.query.SpelQueryCreatorUnitTests]
16:28:52.548 [main] DEBUG o.s.t.c.s.DependencyInjectionTestExecutionListener - Performing dependency injection for test context [[DefaultTestContext@fdefd3f testClass = SpelQueryCreatorUnitTests, testInstance = org.springframework.data.keyvalue.repository.query.SpelQueryCreatorUnitTests@d83da2e, testMethod = [null], testException = [null], mergedContextConfiguration = [MergedContextConfiguration@a4102b8 testClass = SpelQueryCreatorUnitTests, locations = '{}', classes = '{class org.springframework.data.aerospike.config.TestConfig}', contextInitializerClasses = '[]', activeProfiles = '{}', propertySourceLocations = '{}', propertySourceProperties = '{}', contextLoader = 'org.springframework.test.context.support.DelegatingSmartContextLoader', parent = [null]]]].
16:28:52.549 [main] DEBUG o.s.t.c.s.AbstractDelegatingSmartContextLoader - Delegating to AnnotationConfigContextLoader to load context from [MergedContextConfiguration@a4102b8 testClass = SpelQueryCreatorUnitTests, locations = '{}', classes = '{class org.springframework.data.aerospike.config.TestConfig}', contextInitializerClasses = '[]', activeProfiles = '{}', propertySourceLocations = '{}', propertySourceProperties = '{}', contextLoader = 'org.springframework.test.context.support.DelegatingSmartContextLoader', parent = [null]].
16:28:52.549 [main] DEBUG o.s.t.c.s.AbstractGenericContextLoader - Loading ApplicationContext for merged context configuration [[MergedContextConfiguration@a4102b8 testClass = SpelQueryCreatorUnitTests, locations = '{}', classes = '{class org.springframework.data.aerospike.config.TestConfig}', contextInitializerClasses = '[]', activeProfiles = '{}', propertySourceLocations = '{}', propertySourceProperties = '{}', contextLoader = 'org.springframework.test.context.support.DelegatingSmartContextLoader', parent = [null]]].
16:28:52.602 [main] DEBUG o.s.core.env.StandardEnvironment - Adding [systemProperties] PropertySource with lowest search precedence
16:28:52.604 [main] DEBUG o.s.core.env.StandardEnvironment - Adding [systemEnvironment] PropertySource with lowest search precedence
16:28:52.604 [main] DEBUG o.s.core.env.StandardEnvironment - Initialized StandardEnvironment with PropertySources [systemProperties,systemEnvironment]
16:28:52.604 [main] DEBUG o.s.t.c.s.AnnotationConfigContextLoader - Registering annotated classes: {class org.springframework.data.aerospike.config.TestConfig}
16:28:52.647 [main] INFO  o.s.c.s.GenericApplicationContext - Refreshing org.springframework.context.support.GenericApplicationContext@23529fee: startup date [Tue Oct 04 16:28:52 BRT 2016]; root of context hierarchy
16:28:52.648 [main] DEBUG o.s.c.s.GenericApplicationContext - Bean factory for org.springframework.context.support.GenericApplicationContext@23529fee: org.springframework.beans.factory.support.DefaultListableBeanFactory@130d63be: defining beans [org.springframework.context.annotation.internalConfigurationAnnotationProcessor,org.springframework.context.annotation.internalAutowiredAnnotationProcessor,org.springframework.context.annotation.internalRequiredAnnotationProcessor,org.springframework.context.annotation.internalCommonAnnotationProcessor,testConfig]; root of factory hierarchy
16:28:52.654 [main] DEBUG o.s.b.f.s.DefaultListableBeanFactory - Creating shared instance of singleton bean 'org.springframework.context.annotation.internalConfigurationAnnotationProcessor'
16:28:52.654 [main] DEBUG o.s.b.f.s.DefaultListableBeanFactory - Creating instance of bean 'org.springframework.context.annotation.internalConfigurationAnnotationProcessor'
16:28:52.674 [main] DEBUG o.s.b.f.s.DefaultListableBeanFactory - Eagerly caching bean 'org.springframework.context.annotation.internalConfigurationAnnotationProcessor' to allow for resolving potential circular references
16:28:52.675 [main] DEBUG o.s.b.f.s.DefaultListableBeanFactory - Finished creating instance of bean 'org.springframework.context.annotation.internalConfigurationAnnotationProcessor'
16:28:52.704 [main] DEBUG o.s.c.a.ConfigurationClassBeanDefinitionReader - Registering bean definition for @Bean method org.springframework.data.aerospike.config.TestConfig.aerospikeTemplate()
16:28:52.705 [main] DEBUG o.s.c.a.ConfigurationClassBeanDefinitionReader - Registering bean definition for @Bean method org.springframework.data.aerospike.config.TestConfig.aerospikeClient()
16:28:52.710 [main] DEBUG o.s.core.env.StandardEnvironment - Adding [systemProperties] PropertySource with lowest search precedence
16:28:52.710 [main] DEBUG o.s.core.env.StandardEnvironment - Adding [systemEnvironment] PropertySource with lowest search precedence
16:28:52.711 [main] DEBUG o.s.core.env.StandardEnvironment - Initialized StandardEnvironment with PropertySources [systemProperties,systemEnvironment]
16:28:52.713 [main] DEBUG o.s.c.i.s.PathMatchingResourcePatternResolver - Looking for matching resources in directory tree [/home/aluno/spring-projects/maven/spring-data-aerospike/target/test-classes/org/springframework/data]
16:28:52.713 [main] DEBUG o.s.c.i.s.PathMatchingResourcePatternResolver - Searching directory [/home/aluno/spring-projects/maven/spring-data-aerospike/target/test-classes/org/springframework/data] for files matching pattern [/home/aluno/spring-projects/maven/spring-data-aerospike/target/test-classes/org/springframework/data/**/repository/support/**/*.class]
16:28:52.715 [main] DEBUG o.s.c.i.s.PathMatchingResourcePatternResolver - Searching directory [/home/aluno/spring-projects/maven/spring-data-aerospike/target/test-classes/org/springframework/data/keyvalue] for files matching pattern [/home/aluno/spring-projects/maven/spring-data-aerospike/target/test-classes/org/springframework/data/**/repository/support/**/*.class]
16:28:52.715 [main] DEBUG o.s.c.i.s.PathMatchingResourcePatternResolver - Searching directory [/home/aluno/spring-projects/maven/spring-data-aerospike/target/test-classes/org/springframework/data/keyvalue/repository] for files matching pattern [/home/aluno/spring-projects/maven/spring-data-aerospike/target/test-classes/org/springframework/data/**/repository/support/**/*.class]
16:28:52.715 [main] DEBUG o.s.c.i.s.PathMatchingResourcePatternResolver - Searching directory [/home/aluno/spring-projects/maven/spring-data-aerospike/target/test-classes/org/springframework/data/keyvalue/repository/query] for files matching pattern [/home/aluno/spring-projects/maven/spring-data-aerospike/target/test-classes/org/springframework/data/**/repository/support/**/*.class]
16:28:52.716 [main] DEBUG o.s.c.i.s.PathMatchingResourcePatternResolver - Searching directory [/home/aluno/spring-projects/maven/spring-data-aerospike/target/test-classes/org/springframework/data/aerospike] for files matching pattern [/home/aluno/spring-projects/maven/spring-data-aerospike/target/test-classes/org/springframework/data/**/repository/support/**/*.class]
16:28:52.716 [main] DEBUG o.s.c.i.s.PathMatchingResourcePatternResolver - Searching directory [/home/aluno/spring-projects/maven/spring-data-aerospike/target/test-classes/org/springframework/data/aerospike/mapping] for files matching pattern [/home/aluno/spring-projects/maven/spring-data-aerospike/target/test-classes/org/springframework/data/**/repository/support/**/*.class]
16:28:52.717 [main] DEBUG o.s.c.i.s.PathMatchingResourcePatternResolver - Searching directory [/home/aluno/spring-projects/maven/spring-data-aerospike/target/test-classes/org/springframework/data/aerospike/core] for files matching pattern [/home/aluno/spring-projects/maven/spring-data-aerospike/target/test-classes/org/springframework/data/**/repository/support/**/*.class]
16:28:52.717 [main] DEBUG o.s.c.i.s.PathMatchingResourcePatternResolver - Searching directory [/home/aluno/spring-projects/maven/spring-data-aerospike/target/test-classes/org/springframework/data/aerospike/convert] for files matching pattern [/home/aluno/spring-projects/maven/spring-data-aerospike/target/test-classes/org/springframework/data/**/repository/support/**/*.class]
16:28:52.721 [main] DEBUG o.s.c.i.s.PathMatchingResourcePatternResolver - Searching directory [/home/aluno/spring-projects/maven/spring-data-aerospike/target/test-classes/org/springframework/data/aerospike/sample] for files matching pattern [/home/aluno/spring-projects/maven/spring-data-aerospike/target/test-classes/org/springframework/data/**/repository/support/**/*.class]
16:28:52.721 [main] DEBUG o.s.c.i.s.PathMatchingResourcePatternResolver - Searching directory [/home/aluno/spring-projects/maven/spring-data-aerospike/target/test-classes/org/springframework/data/aerospike/repository] for files matching pattern [/home/aluno/spring-projects/maven/spring-data-aerospike/target/test-classes/org/springframework/data/**/repository/support/**/*.class]
16:28:52.722 [main] DEBUG o.s.c.i.s.PathMatchingResourcePatternResolver - Searching directory [/home/aluno/spring-projects/maven/spring-data-aerospike/target/test-classes/org/springframework/data/aerospike/repository/support] for files matching pattern [/home/aluno/spring-projects/maven/spring-data-aerospike/target/test-classes/org/springframework/data/**/repository/support/**/*.class]
16:28:52.723 [main] DEBUG o.s.c.i.s.PathMatchingResourcePatternResolver - Searching directory [/home/aluno/spring-projects/maven/spring-data-aerospike/target/test-classes/org/springframework/data/aerospike/repository/query] for files matching pattern [/home/aluno/spring-projects/maven/spring-data-aerospike/target/test-classes/org/springframework/data/**/repository/support/**/*.class]
16:28:52.723 [main] DEBUG o.s.c.i.s.PathMatchingResourcePatternResolver - Searching directory [/home/aluno/spring-projects/maven/spring-data-aerospike/target/test-classes/org/springframework/data/aerospike/config] for files matching pattern [/home/aluno/spring-projects/maven/spring-data-aerospike/target/test-classes/org/springframework/data/**/repository/support/**/*.class]
16:28:52.723 [main] DEBUG o.s.c.i.s.PathMatchingResourcePatternResolver - Searching directory [/home/aluno/spring-projects/maven/spring-data-aerospike/target/test-classes/org/springframework/data/aerospike/cache] for files matching pattern [/home/aluno/spring-projects/maven/spring-data-aerospike/target/test-classes/org/springframework/data/**/repository/support/**/*.class]
16:28:52.725 [main] DEBUG o.s.c.i.s.PathMatchingResourcePatternResolver - Looking for matching resources in directory tree [/home/aluno/spring-projects/maven/spring-data-aerospike/target/classes/org/springframework/data]
16:28:52.725 [main] DEBUG o.s.c.i.s.PathMatchingResourcePatternResolver - Searching directory [/home/aluno/spring-projects/maven/spring-data-aerospike/target/classes/org/springframework/data] for files matching pattern [/home/aluno/spring-projects/maven/spring-data-aerospike/target/classes/org/springframework/data/**/repository/support/**/*.class]
16:28:52.725 [main] DEBUG o.s.c.i.s.PathMatchingResourcePatternResolver - Searching directory [/home/aluno/spring-projects/maven/spring-data-aerospike/target/classes/org/springframework/data/aerospike] for files matching pattern [/home/aluno/spring-projects/maven/spring-data-aerospike/target/classes/org/springframework/data/**/repository/support/**/*.class]
16:28:52.725 [main] DEBUG o.s.c.i.s.PathMatchingResourcePatternResolver - Searching directory [/home/aluno/spring-projects/maven/spring-data-aerospike/target/classes/org/springframework/data/aerospike/mapping] for files matching pattern [/home/aluno/spring-projects/maven/spring-data-aerospike/target/classes/org/springframework/data/**/repository/support/**/*.class]
16:28:52.726 [main] DEBUG o.s.c.i.s.PathMatchingResourcePatternResolver - Searching directory [/home/aluno/spring-projects/maven/spring-data-aerospike/target/classes/org/springframework/data/aerospike/core] for files matching pattern [/home/aluno/spring-projects/maven/spring-data-aerospike/target/classes/org/springframework/data/**/repository/support/**/*.class]
16:28:52.726 [main] DEBUG o.s.c.i.s.PathMatchingResourcePatternResolver - Searching directory [/home/aluno/spring-projects/maven/spring-data-aerospike/target/classes/org/springframework/data/aerospike/convert] for files matching pattern [/home/aluno/spring-projects/maven/spring-data-aerospike/target/classes/org/springframework/data/**/repository/support/**/*.class]
16:28:52.727 [main] DEBUG o.s.c.i.s.PathMatchingResourcePatternResolver - Searching directory [/home/aluno/spring-projects/maven/spring-data-aerospike/target/classes/org/springframework/data/aerospike/example] for files matching pattern [/home/aluno/spring-projects/maven/spring-data-aerospike/target/classes/org/springframework/data/**/repository/support/**/*.class]
16:28:52.728 [main] DEBUG o.s.c.i.s.PathMatchingResourcePatternResolver - Searching directory [/home/aluno/spring-projects/maven/spring-data-aerospike/target/classes/org/springframework/data/aerospike/example/data] for files matching pattern [/home/aluno/spring-projects/maven/spring-data-aerospike/target/classes/org/springframework/data/**/repository/support/**/*.class]
16:28:52.728 [main] DEBUG o.s.c.i.s.PathMatchingResourcePatternResolver - Searching directory [/home/aluno/spring-projects/maven/spring-data-aerospike/target/classes/org/springframework/data/aerospike/example/config] for files matching pattern [/home/aluno/spring-projects/maven/spring-data-aerospike/target/classes/org/springframework/data/**/repository/support/**/*.class]
16:28:52.728 [main] DEBUG o.s.c.i.s.PathMatchingResourcePatternResolver - Searching directory [/home/aluno/spring-projects/maven/spring-data-aerospike/target/classes/org/springframework/data/aerospike/annotation] for files matching pattern [/home/aluno/spring-projects/maven/spring-data-aerospike/target/classes/org/springframework/data/**/repository/support/**/*.class]
16:28:52.728 [main] DEBUG o.s.c.i.s.PathMatchingResourcePatternResolver - Searching directory [/home/aluno/spring-projects/maven/spring-data-aerospike/target/classes/org/springframework/data/aerospike/repository] for files matching pattern [/home/aluno/spring-projects/maven/spring-data-aerospike/target/classes/org/springframework/data/**/repository/support/**/*.class]
16:28:52.728 [main] DEBUG o.s.c.i.s.PathMatchingResourcePatternResolver - Searching directory [/home/aluno/spring-projects/maven/spring-data-aerospike/target/classes/org/springframework/data/aerospike/repository/support] for files matching pattern [/home/aluno/spring-projects/maven/spring-data-aerospike/target/classes/org/springframework/data/**/repository/support/**/*.class]
16:28:52.728 [main] DEBUG o.s.c.i.s.PathMatchingResourcePatternResolver - Searching directory [/home/aluno/spring-projects/maven/spring-data-aerospike/target/classes/org/springframework/data/aerospike/repository/config] for files matching pattern [/home/aluno/spring-projects/maven/spring-data-aerospike/target/classes/org/springframework/data/**/repository/support/**/*.class]
16:28:52.729 [main] DEBUG o.s.c.i.s.PathMatchingResourcePatternResolver - Searching directory [/home/aluno/spring-projects/maven/spring-data-aerospike/target/classes/org/springframework/data/aerospike/repository/query] for files matching pattern [/home/aluno/spring-projects/maven/spring-data-aerospike/target/classes/org/springframework/data/**/repository/support/**/*.class]
16:28:52.729 [main] DEBUG o.s.c.i.s.PathMatchingResourcePatternResolver - Searching directory [/home/aluno/spring-projects/maven/spring-data-aerospike/target/classes/org/springframework/data/aerospike/config] for files matching pattern [/home/aluno/spring-projects/maven/spring-data-aerospike/target/classes/org/springframework/data/**/repository/support/**/*.class]
16:28:52.730 [main] DEBUG o.s.c.i.s.PathMatchingResourcePatternResolver - Searching directory [/home/aluno/spring-projects/maven/spring-data-aerospike/target/classes/org/springframework/data/aerospike/cache] for files matching pattern [/home/aluno/spring-projects/maven/spring-data-aerospike/target/classes/org/springframework/data/**/repository/support/**/*.class]
16:28:52.730 [main] DEBUG o.s.c.i.s.PathMatchingResourcePatternResolver - Searching directory [/home/aluno/spring-projects/maven/spring-data-aerospike/target/classes/org/springframework/data/aerospike/utility] for files matching pattern [/home/aluno/spring-projects/maven/spring-data-aerospike/target/classes/org/springframework/data/**/repository/support/**/*.class]
16:28:52.730 [main] DEBUG o.s.c.i.s.PathMatchingResourcePatternResolver - Looking for matching resources in jar file [file:/home/aluno/.m2/repository/org/springframework/data/spring-data-commons/1.11.0.RELEASE/spring-data-commons-1.11.0.RELEASE.jar]
16:28:52.741 [main] DEBUG o.s.c.i.s.PathMatchingResourcePatternResolver - Looking for matching resources in jar file [file:/home/aluno/.m2/repository/org/springframework/data/spring-data-keyvalue/1.0.0.M1/spring-data-keyvalue-1.0.0.M1.jar]
16:28:52.745 [main] DEBUG o.s.c.i.s.PathMatchingResourcePatternResolver - Resolved location pattern [classpath*:org/springframework/data/**/repository/support/**/*.class] to resources [file [/home/aluno/spring-projects/maven/spring-data-aerospike/target/test-classes/org/springframework/data/aerospike/repository/support/SimpleAerospikeRepositoryTest$5.class], file [/home/aluno/spring-projects/maven/spring-data-aerospike/target/test-classes/org/springframework/data/aerospike/repository/support/SimpleAerospikeRepositoryTest$9.class], file [/home/aluno/spring-projects/maven/spring-data-aerospike/target/test-classes/org/springframework/data/aerospike/repository/support/SimpleAerospikeRepositoryTest$4.class], file [/home/aluno/spring-projects/maven/spring-data-aerospike/target/test-classes/org/springframework/data/aerospike/repository/support/AerospikeRepositoryFactoryTest.class], file [/home/aluno/spring-projects/maven/spring-data-aerospike/target/test-classes/org/springframework/data/aerospike/repository/support/SimpleAerospikeRepositoryTest.class], file [/home/aluno/spring-projects/maven/spring-data-aerospike/target/test-classes/org/springframework/data/aerospike/repository/support/SimpleAerospikeRepositoryTest$1.class], file [/home/aluno/spring-projects/maven/spring-data-aerospike/target/test-classes/org/springframework/data/aerospike/repository/support/SimpleAerospikeRepositoryTest$3.class], file [/home/aluno/spring-projects/maven/spring-data-aerospike/target/test-classes/org/springframework/data/aerospike/repository/support/SimpleAerospikeRepositoryTest$8.class], file [/home/aluno/spring-projects/maven/spring-data-aerospike/target/test-classes/org/springframework/data/aerospike/repository/support/SimpleAerospikeRepositoryTest$6.class], file [/home/aluno/spring-projects/maven/spring-data-aerospike/target/test-classes/org/springframework/data/aerospike/repository/support/SimpleAerospikeRepositoryTest$2.class], file [/home/aluno/spring-projects/maven/spring-data-aerospike/target/test-classes/org/springframework/data/aerospike/repository/support/AllTests.class], file [/home/aluno/spring-projects/maven/spring-data-aerospike/target/test-classes/org/springframework/data/aerospike/repository/support/SimpleAerospikeRepositoryTest$7.class], file [/home/aluno/spring-projects/maven/spring-data-aerospike/target/classes/org/springframework/data/aerospike/repository/support/AerospikeRepositoryFactoryBean.class], file [/home/aluno/spring-projects/maven/spring-data-aerospike/target/classes/org/springframework/data/aerospike/repository/support/AerospikeRepositoryFactory$AerospikeQueryLookupStrategy.class], file [/home/aluno/spring-projects/maven/spring-data-aerospike/target/classes/org/springframework/data/aerospike/repository/support/AerospikeRepositoryFactory.class], file [/home/aluno/spring-projects/maven/spring-data-aerospike/target/classes/org/springframework/data/aerospike/repository/support/SimpleAerospikeRepository.class], URL [jar:file:/home/aluno/.m2/repository/org/springframework/data/spring-data-commons/1.11.0.RELEASE/spring-data-commons-1.11.0.RELEASE.jar!/org/springframework/data/repository/support/DomainClassConverter$ConversionMatchAbbreviationException.class], URL [jar:file:/home/aluno/.m2/repository/org/springframework/data/spring-data-commons/1.11.0.RELEASE/spring-data-commons-1.11.0.RELEASE.jar!/org/springframework/data/repository/support/DomainClassConverter$ToIdConverter.class], URL [jar:file:/home/aluno/.m2/repository/org/springframework/data/spring-data-commons/1.11.0.RELEASE/spring-data-commons-1.11.0.RELEASE.jar!/org/springframework/data/repository/support/Repositories$EmptyRepositoryFactoryInformation.class], URL [jar:file:/home/aluno/.m2/repository/org/springframework/data/spring-data-commons/1.11.0.RELEASE/spring-data-commons-1.11.0.RELEASE.jar!/org/springframework/data/repository/support/PagingAndSortingRepositoryInvoker.class], URL [jar:file:/home/aluno/.m2/repository/org/springframework/data/spring-data-commons/1.11.0.RELEASE/spring-data-commons-1.11.0.RELEASE.jar!/org/springframework/data/repository/support/QueryMethodParameterConversionException.class], URL [jar:file:/home/aluno/.m2/repository/org/springframework/data/spring-data-commons/1.11.0.RELEASE/spring-data-commons-1.11.0.RELEASE.jar!/org/springframework/data/repository/support/MethodParameters.class], URL [jar:file:/home/aluno/.m2/repository/org/springframework/data/spring-data-commons/1.11.0.RELEASE/spring-data-commons-1.11.0.RELEASE.jar!/org/springframework/data/repository/support/RepositoryInvoker.class], URL [jar:file:/home/aluno/.m2/repository/org/springframework/data/spring-data-commons/1.11.0.RELEASE/spring-data-commons-1.11.0.RELEASE.jar!/org/springframework/data/repository/support/RepositoryInvokerFactory.class], URL [jar:file:/home/aluno/.m2/repository/org/springframework/data/spring-data-commons/1.11.0.RELEASE/spring-data-commons-1.11.0.RELEASE.jar!/org/springframework/data/repository/support/DomainClassPropertyEditorRegistrar.class], URL [jar:file:/home/aluno/.m2/repository/org/springframework/data/spring-data-commons/1.11.0.RELEASE/spring-data-commons-1.11.0.RELEASE.jar!/org/springframework/data/repository/support/AnnotationAttribute.class], URL [jar:file:/home/aluno/.m2/repository/org/springframework/data/spring-data-commons/1.11.0.RELEASE/spring-data-commons-1.11.0.RELEASE.jar!/org/springframework/data/repository/support/DefaultRepositoryInvokerFactory.class], URL [jar:file:/home/aluno/.m2/repository/org/springframework/data/spring-data-commons/1.11.0.RELEASE/spring-data-commons-1.11.0.RELEASE.jar!/org/springframework/data/repository/support/MethodParameters$AnnotationNamingMethodParameter.class], URL [jar:file:/home/aluno/.m2/repository/org/springframework/data/spring-data-commons/1.11.0.RELEASE/spring-data-commons-1.11.0.RELEASE.jar!/org/springframework/data/repository/support/CrudRepositoryInvoker.class], URL [jar:file:/home/aluno/.m2/repository/org/springframework/data/spring-data-commons/1.11.0.RELEASE/spring-data-commons-1.11.0.RELEASE.jar!/org/springframework/data/repository/support/Repositories.class], URL [jar:file:/home/aluno/.m2/repository/org/springframework/data/spring-data-commons/1.11.0.RELEASE/spring-data-commons-1.11.0.RELEASE.jar!/org/springframework/data/repository/support/DomainClassConverter$ToEntityConverter.class], URL [jar:file:/home/aluno/.m2/repository/org/springframework/data/spring-data-commons/1.11.0.RELEASE/spring-data-commons-1.11.0.RELEASE.jar!/org/springframework/data/repository/support/ReflectionRepositoryInvoker.class], URL [jar:file:/home/aluno/.m2/repository/org/springframework/data/spring-data-commons/1.11.0.RELEASE/spring-data-commons-1.11.0.RELEASE.jar!/org/springframework/data/repository/support/DomainClassPropertyEditor.class], URL [jar:file:/home/aluno/.m2/repository/org/springframework/data/spring-data-commons/1.11.0.RELEASE/spring-data-commons-1.11.0.RELEASE.jar!/org/springframework/data/repository/support/DomainClassConverter.class], URL [jar:file:/home/aluno/.m2/repository/org/springframework/data/spring-data-commons/1.11.0.RELEASE/spring-data-commons-1.11.0.RELEASE.jar!/org/springframework/data/repository/support/DomainClassConverter$1.class], URL [jar:file:/home/aluno/.m2/repository/org/springframework/data/spring-data-commons/1.11.0.RELEASE/spring-data-commons-1.11.0.RELEASE.jar!/org/springframework/data/repository/support/RepositoryInvocationInformation.class], URL [jar:file:/home/aluno/.m2/repository/org/springframework/data/spring-data-keyvalue/1.0.0.M1/spring-data-keyvalue-1.0.0.M1.jar!/org/springframework/data/keyvalue/repository/support/KeyValueRepositoryFactory$KeyValueQueryLookupStrategy.class], URL [jar:file:/home/aluno/.m2/repository/org/springframework/data/spring-data-keyvalue/1.0.0.M1/spring-data-keyvalue-1.0.0.M1.jar!/org/springframework/data/keyvalue/repository/support/QuerydslKeyValueRepository.class], URL [jar:file:/home/aluno/.m2/repository/org/springframework/data/spring-data-keyvalue/1.0.0.M1/spring-data-keyvalue-1.0.0.M1.jar!/org/springframework/data/keyvalue/repository/support/KeyValueRepositoryFactoryBean.class], URL [jar:file:/home/aluno/.m2/repository/org/springframework/data/spring-data-keyvalue/1.0.0.M1/spring-data-keyvalue-1.0.0.M1.jar!/org/springframework/data/keyvalue/repository/support/KeyValueQuerydslUtils$1.class], URL [jar:file:/home/aluno/.m2/repository/org/springframework/data/spring-data-keyvalue/1.0.0.M1/spring-data-keyvalue-1.0.0.M1.jar!/org/springframework/data/keyvalue/repository/support/KeyValueQuerydslUtils.class], URL [jar:file:/home/aluno/.m2/repository/org/springframework/data/spring-data-keyvalue/1.0.0.M1/spring-data-keyvalue-1.0.0.M1.jar!/org/springframework/data/keyvalue/repository/support/KeyValueRepositoryFactory.class], URL [jar:file:/home/aluno/.m2/repository/org/springframework/data/spring-data-keyvalue/1.0.0.M1/spring-data-keyvalue-1.0.0.M1.jar!/org/springframework/data/keyvalue/repository/support/SimpleKeyValueRepository.class]]
16:28:52.766 [main] DEBUG o.s.c.a.ClassPathScanningCandidateComponentProvider - Identified candidate component class: file [/home/aluno/spring-projects/maven/spring-data-aerospike/target/classes/org/springframework/data/aerospike/repository/support/AerospikeRepositoryFactory.class]
16:28:52.781 [main] DEBUG o.s.c.a.ClassPathScanningCandidateComponentProvider - Identified candidate component class: URL [jar:file:/home/aluno/.m2/repository/org/springframework/data/spring-data-keyvalue/1.0.0.M1/spring-data-keyvalue-1.0.0.M1.jar!/org/springframework/data/keyvalue/repository/support/KeyValueRepositoryFactory.class]
16:28:52.782 [main] DEBUG o.s.d.r.c.RepositoryConfigurationDelegate - Multiple Spring Data modules found, entering strict repository configuration mode!
16:28:52.785 [main] DEBUG o.s.core.env.StandardEnvironment - Adding [systemProperties] PropertySource with lowest search precedence
16:28:52.793 [main] DEBUG o.s.core.env.StandardEnvironment - Adding [systemEnvironment] PropertySource with lowest search precedence
16:28:52.794 [main] DEBUG o.s.core.env.StandardEnvironment - Initialized StandardEnvironment with PropertySources [systemProperties,systemEnvironment]
16:28:52.796 [main] DEBUG o.s.c.i.s.PathMatchingResourcePatternResolver - Looking for matching resources in directory tree [/home/aluno/spring-projects/maven/spring-data-aerospike/target/test-classes/org/springframework/data/aerospike/repository]
16:28:52.796 [main] DEBUG o.s.c.i.s.PathMatchingResourcePatternResolver - Searching directory [/home/aluno/spring-projects/maven/spring-data-aerospike/target/test-classes/org/springframework/data/aerospike/repository] for files matching pattern [/home/aluno/spring-projects/maven/spring-data-aerospike/target/test-classes/org/springframework/data/aerospike/repository/**/*.class]
16:28:52.797 [main] DEBUG o.s.c.i.s.PathMatchingResourcePatternResolver - Searching directory [/home/aluno/spring-projects/maven/spring-data-aerospike/target/test-classes/org/springframework/data/aerospike/repository/support] for files matching pattern [/home/aluno/spring-projects/maven/spring-data-aerospike/target/test-classes/org/springframework/data/aerospike/repository/**/*.class]
16:28:52.797 [main] DEBUG o.s.c.i.s.PathMatchingResourcePatternResolver - Searching directory [/home/aluno/spring-projects/maven/spring-data-aerospike/target/test-classes/org/springframework/data/aerospike/repository/query] for files matching pattern [/home/aluno/spring-projects/maven/spring-data-aerospike/target/test-classes/org/springframework/data/aerospike/repository/**/*.class]
16:28:52.798 [main] DEBUG o.s.c.i.s.PathMatchingResourcePatternResolver - Looking for matching resources in directory tree [/home/aluno/spring-projects/maven/spring-data-aerospike/target/classes/org/springframework/data/aerospike/repository]
16:28:52.799 [main] DEBUG o.s.c.i.s.PathMatchingResourcePatternResolver - Searching directory [/home/aluno/spring-projects/maven/spring-data-aerospike/target/classes/org/springframework/data/aerospike/repository] for files matching pattern [/home/aluno/spring-projects/maven/spring-data-aerospike/target/classes/org/springframework/data/aerospike/repository/**/*.class]
16:28:52.799 [main] DEBUG o.s.c.i.s.PathMatchingResourcePatternResolver - Searching directory [/home/aluno/spring-projects/maven/spring-data-aerospike/target/classes/org/springframework/data/aerospike/repository/support] for files matching pattern [/home/aluno/spring-projects/maven/spring-data-aerospike/target/classes/org/springframework/data/aerospike/repository/**/*.class]
16:28:52.799 [main] DEBUG o.s.c.i.s.PathMatchingResourcePatternResolver - Searching directory [/home/aluno/spring-projects/maven/spring-data-aerospike/target/classes/org/springframework/data/aerospike/repository/config] for files matching pattern [/home/aluno/spring-projects/maven/spring-data-aerospike/target/classes/org/springframework/data/aerospike/repository/**/*.class]
16:28:52.800 [main] DEBUG o.s.c.i.s.PathMatchingResourcePatternResolver - Searching directory [/home/aluno/spring-projects/maven/spring-data-aerospike/target/classes/org/springframework/data/aerospike/repository/query] for files matching pattern [/home/aluno/spring-projects/maven/spring-data-aerospike/target/classes/org/springframework/data/aerospike/repository/**/*.class]
16:28:52.800 [main] DEBUG o.s.c.i.s.PathMatchingResourcePatternResolver - Resolved location pattern [classpath*:org/springframework/data/aerospike/repository/**/*.class] to resources [file [/home/aluno/spring-projects/maven/spring-data-aerospike/target/test-classes/org/springframework/data/aerospike/repository/Credentials.class], file [/home/aluno/spring-projects/maven/spring-data-aerospike/target/test-classes/org/springframework/data/aerospike/repository/AbstractPersonRepositoryIntegrationTests$1.class], file [/home/aluno/spring-projects/maven/spring-data-aerospike/target/test-classes/org/springframework/data/aerospike/repository/PersonRepository.class], file [/home/aluno/spring-projects/maven/spring-data-aerospike/target/test-classes/org/springframework/data/aerospike/repository/TestConfigPerson.class], file [/home/aluno/spring-projects/maven/spring-data-aerospike/target/test-classes/org/springframework/data/aerospike/repository/Address.class], file [/home/aluno/spring-projects/maven/spring-data-aerospike/target/test-classes/org/springframework/data/aerospike/repository/Person$Sex.class], file [/home/aluno/spring-projects/maven/spring-data-aerospike/target/test-classes/org/springframework/data/aerospike/repository/Person.class], file [/home/aluno/spring-projects/maven/spring-data-aerospike/target/test-classes/org/springframework/data/aerospike/repository/ContactRepository.class], file [/home/aluno/spring-projects/maven/spring-data-aerospike/target/test-classes/org/springframework/data/aerospike/repository/AbstractPersonRepositoryIntegrationTests.class], file [/home/aluno/spring-projects/maven/spring-data-aerospike/target/test-classes/org/springframework/data/aerospike/repository/User.class], file [/home/aluno/spring-projects/maven/spring-data-aerospike/target/test-classes/org/springframework/data/aerospike/repository/CustomerRepositoriesIntegrationTests$Config.class], file [/home/aluno/spring-projects/maven/spring-data-aerospike/target/test-classes/org/springframework/data/aerospike/repository/AnnotatedPerson.class], file [/home/aluno/spring-projects/maven/spring-data-aerospike/target/test-classes/org/springframework/data/aerospike/repository/support/SimpleAerospikeRepositoryTest$5.class], file [/home/aluno/spring-projects/maven/spring-data-aerospike/target/test-classes/org/springframework/data/aerospike/repository/support/SimpleAerospikeRepositoryTest$9.class], file [/home/aluno/spring-projects/maven/spring-data-aerospike/target/test-classes/org/springframework/data/aerospike/repository/support/SimpleAerospikeRepositoryTest$4.class], file [/home/aluno/spring-projects/maven/spring-data-aerospike/target/test-classes/org/springframework/data/aerospike/repository/support/AerospikeRepositoryFactoryTest.class], file [/home/aluno/spring-projects/maven/spring-data-aerospike/target/test-classes/org/springframework/data/aerospike/repository/support/SimpleAerospikeRepositoryTest.class], file [/home/aluno/spring-projects/maven/spring-data-aerospike/target/test-classes/org/springframework/data/aerospike/repository/support/SimpleAerospikeRepositoryTest$1.class], file [/home/aluno/spring-projects/maven/spring-data-aerospike/target/test-classes/org/springframework/data/aerospike/repository/support/SimpleAerospikeRepositoryTest$3.class], file [/home/aluno/spring-projects/maven/spring-data-aerospike/target/test-classes/org/springframework/data/aerospike/repository/support/SimpleAerospikeRepositoryTest$8.class], file [/home/aluno/spring-projects/maven/spring-data-aerospike/target/test-classes/org/springframework/data/aerospike/repository/support/SimpleAerospikeRepositoryTest$6.class], file [/home/aluno/spring-projects/maven/spring-data-aerospike/target/test-classes/org/springframework/data/aerospike/repository/support/SimpleAerospikeRepositoryTest$2.class], file [/home/aluno/spring-projects/maven/spring-data-aerospike/target/test-classes/org/springframework/data/aerospike/repository/support/AllTests.class], file [/home/aluno/spring-projects/maven/spring-data-aerospike/target/test-classes/org/springframework/data/aerospike/repository/support/SimpleAerospikeRepositoryTest$7.class], file [/home/aluno/spring-projects/maven/spring-data-aerospike/target/test-classes/org/springframework/data/aerospike/repository/Contact.class], file [/home/aluno/spring-projects/maven/spring-data-aerospike/target/test-classes/org/springframework/data/aerospike/repository/AllTests.class], file [/home/aluno/spring-projects/maven/spring-data-aerospike/target/test-classes/org/springframework/data/aerospike/repository/PersonRepositoryIntegrationTests.class], file [/home/aluno/spring-projects/maven/spring-data-aerospike/target/test-classes/org/springframework/data/aerospike/repository/query/StubParameterAccessor.class], file [/home/aluno/spring-projects/maven/spring-data-aerospike/target/test-classes/org/springframework/data/aerospike/repository/query/AllTests.class], file [/home/aluno/spring-projects/maven/spring-data-aerospike/target/test-classes/org/springframework/data/aerospike/repository/query/AerospikePartTreeQueryTest.class], file [/home/aluno/spring-projects/maven/spring-data-aerospike/target/test-classes/org/springframework/data/aerospike/repository/CustomerRepositoriesIntegrationTests.class], file [/home/aluno/spring-projects/maven/spring-data-aerospike/target/classes/org/springframework/data/aerospike/repository/AerospikeRepository.class], file [/home/aluno/spring-projects/maven/spring-data-aerospike/target/classes/org/springframework/data/aerospike/repository/support/AerospikeRepositoryFactoryBean.class], file [/home/aluno/spring-projects/maven/spring-data-aerospike/target/classes/org/springframework/data/aerospike/repository/support/AerospikeRepositoryFactory$AerospikeQueryLookupStrategy.class], file [/home/aluno/spring-projects/maven/spring-data-aerospike/target/classes/org/springframework/data/aerospike/repository/support/AerospikeRepositoryFactory.class], file [/home/aluno/spring-projects/maven/spring-data-aerospike/target/classes/org/springframework/data/aerospike/repository/support/SimpleAerospikeRepository.class], file [/home/aluno/spring-projects/maven/spring-data-aerospike/target/classes/org/springframework/data/aerospike/repository/config/AerospikeRepositoriesRegistrar.class], file [/home/aluno/spring-projects/maven/spring-data-aerospike/target/classes/org/springframework/data/aerospike/repository/config/EnableAerospikeRepositories.class], file [/home/aluno/spring-projects/maven/spring-data-aerospike/target/classes/org/springframework/data/aerospike/repository/config/AerospikeRepositoriesRegistrar$1.class], file [/home/aluno/spring-projects/maven/spring-data-aerospike/target/classes/org/springframework/data/aerospike/repository/config/AerospikeRepositoriesRegistrar$AerospikeRepositoryConfigurationExtension.class], file [/home/aluno/spring-projects/maven/spring-data-aerospike/target/classes/org/springframework/data/aerospike/repository/query/AerospikeParameterAccessor.class], file [/home/aluno/spring-projects/maven/spring-data-aerospike/target/classes/org/springframework/data/aerospike/repository/query/Query.class], file [/home/aluno/spring-projects/maven/spring-data-aerospike/target/classes/org/springframework/data/aerospike/repository/query/ConvertingParameterAccessor.class], file [/home/aluno/spring-projects/maven/spring-data-aerospike/target/classes/org/springframework/data/aerospike/repository/query/AerospikeQueryCreator$1.class], file [/home/aluno/spring-projects/maven/spring-data-aerospike/target/classes/org/springframework/data/aerospike/repository/query/CriteriaDefinition.class], file [/home/aluno/spring-projects/maven/spring-data-aerospike/target/classes/org/springframework/data/aerospike/repository/query/TextCriteria.class], file [/home/aluno/spring-projects/maven/spring-data-aerospike/target/classes/org/springframework/data/aerospike/repository/query/Criteria.class], file [/home/aluno/spring-projects/maven/spring-data-aerospike/target/classes/org/springframework/data/aerospike/repository/query/AerospikePartTreeQuery.class], file [/home/aluno/spring-projects/maven/spring-data-aerospike/target/classes/org/springframework/data/aerospike/repository/query/AerospikeQueryCreator.class]]
16:28:52.802 [main] DEBUG o.s.d.r.c.RepositoryComponentProvider - Identified candidate component class: file [/home/aluno/spring-projects/maven/spring-data-aerospike/target/test-classes/org/springframework/data/aerospike/repository/PersonRepository.class]
16:28:52.808 [main] DEBUG o.s.d.r.c.RepositoryComponentProvider - Identified candidate component class: file [/home/aluno/spring-projects/maven/spring-data-aerospike/target/test-classes/org/springframework/data/aerospike/repository/ContactRepository.class]
16:28:52.845 [main] DEBUG o.s.core.env.StandardEnvironment - Adding [systemProperties] PropertySource with lowest search precedence
16:28:52.846 [main] DEBUG o.s.core.env.StandardEnvironment - Adding [systemEnvironment] PropertySource with lowest search precedence
16:28:52.846 [main] DEBUG o.s.core.env.StandardEnvironment - Initialized StandardEnvironment with PropertySources [systemProperties,systemEnvironment]
16:28:52.847 [main] DEBUG o.s.c.i.s.PathMatchingResourcePatternResolver - Looking for matching resources in directory tree [/home/aluno/spring-projects/maven/spring-data-aerospike/target/test-classes/org/springframework/data/aerospike/repository]
16:28:52.847 [main] DEBUG o.s.c.i.s.PathMatchingResourcePatternResolver - Searching directory [/home/aluno/spring-projects/maven/spring-data-aerospike/target/test-classes/org/springframework/data/aerospike/repository] for files matching pattern [/home/aluno/spring-projects/maven/spring-data-aerospike/target/test-classes/org/springframework/data/aerospike/repository/**/*ContactRepositoryImpl.class]
16:28:52.847 [main] DEBUG o.s.c.i.s.PathMatchingResourcePatternResolver - Searching directory [/home/aluno/spring-projects/maven/spring-data-aerospike/target/test-classes/org/springframework/data/aerospike/repository/support] for files matching pattern [/home/aluno/spring-projects/maven/spring-data-aerospike/target/test-classes/org/springframework/data/aerospike/repository/**/*ContactRepositoryImpl.class]
16:28:52.848 [main] DEBUG o.s.c.i.s.PathMatchingResourcePatternResolver - Searching directory [/home/aluno/spring-projects/maven/spring-data-aerospike/target/test-classes/org/springframework/data/aerospike/repository/query] for files matching pattern [/home/aluno/spring-projects/maven/spring-data-aerospike/target/test-classes/org/springframework/data/aerospike/repository/**/*ContactRepositoryImpl.class]
16:28:52.849 [main] DEBUG o.s.c.i.s.PathMatchingResourcePatternResolver - Looking for matching resources in directory tree [/home/aluno/spring-projects/maven/spring-data-aerospike/target/classes/org/springframework/data/aerospike/repository]
16:28:52.849 [main] DEBUG o.s.c.i.s.PathMatchingResourcePatternResolver - Searching directory [/home/aluno/spring-projects/maven/spring-data-aerospike/target/classes/org/springframework/data/aerospike/repository] for files matching pattern [/home/aluno/spring-projects/maven/spring-data-aerospike/target/classes/org/springframework/data/aerospike/repository/**/*ContactRepositoryImpl.class]
16:28:52.849 [main] DEBUG o.s.c.i.s.PathMatchingResourcePatternResolver - Searching directory [/home/aluno/spring-projects/maven/spring-data-aerospike/target/classes/org/springframework/data/aerospike/repository/support] for files matching pattern [/home/aluno/spring-projects/maven/spring-data-aerospike/target/classes/org/springframework/data/aerospike/repository/**/*ContactRepositoryImpl.class]
16:28:52.849 [main] DEBUG o.s.c.i.s.PathMatchingResourcePatternResolver - Searching directory [/home/aluno/spring-projects/maven/spring-data-aerospike/target/classes/org/springframework/data/aerospike/repository/config] for files matching pattern [/home/aluno/spring-projects/maven/spring-data-aerospike/target/classes/org/springframework/data/aerospike/repository/**/*ContactRepositoryImpl.class]
16:28:52.849 [main] DEBUG o.s.c.i.s.PathMatchingResourcePatternResolver - Searching directory [/home/aluno/spring-projects/maven/spring-data-aerospike/target/classes/org/springframework/data/aerospike/repository/query] for files matching pattern [/home/aluno/spring-projects/maven/spring-data-aerospike/target/classes/org/springframework/data/aerospike/repository/**/*ContactRepositoryImpl.class]
16:28:52.850 [main] DEBUG o.s.c.i.s.PathMatchingResourcePatternResolver - Resolved location pattern [classpath*:org/springframework/data/aerospike/repository/**/*ContactRepositoryImpl.class] to resources []
16:28:52.852 [main] DEBUG o.s.d.r.c.RepositoryConfigurationDelegate - Spring Data Aerospike - Registering repository: contactRepository - Interface: org.springframework.data.aerospike.repository.ContactRepository - Factory: org.springframework.data.keyvalue.repository.support.KeyValueRepositoryFactoryBean
16:28:52.855 [main] DEBUG o.s.core.env.StandardEnvironment - Adding [systemProperties] PropertySource with lowest search precedence
16:28:52.855 [main] DEBUG o.s.core.env.StandardEnvironment - Adding [systemEnvironment] PropertySource with lowest search precedence
16:28:52.855 [main] DEBUG o.s.core.env.StandardEnvironment - Initialized StandardEnvironment with PropertySources [systemProperties,systemEnvironment]
16:28:52.855 [main] DEBUG o.s.c.i.s.PathMatchingResourcePatternResolver - Looking for matching resources in directory tree [/home/aluno/spring-projects/maven/spring-data-aerospike/target/test-classes/org/springframework/data/aerospike/repository]
16:28:52.856 [main] DEBUG o.s.c.i.s.PathMatchingResourcePatternResolver - Searching directory [/home/aluno/spring-projects/maven/spring-data-aerospike/target/test-classes/org/springframework/data/aerospike/repository] for files matching pattern [/home/aluno/spring-projects/maven/spring-data-aerospike/target/test-classes/org/springframework/data/aerospike/repository/**/*PersonRepositoryImpl.class]
16:28:52.856 [main] DEBUG o.s.c.i.s.PathMatchingResourcePatternResolver - Searching directory [/home/aluno/spring-projects/maven/spring-data-aerospike/target/test-classes/org/springframework/data/aerospike/repository/support] for files matching pattern [/home/aluno/spring-projects/maven/spring-data-aerospike/target/test-classes/org/springframework/data/aerospike/repository/**/*PersonRepositoryImpl.class]
16:28:52.856 [main] DEBUG o.s.c.i.s.PathMatchingResourcePatternResolver - Searching directory [/home/aluno/spring-projects/maven/spring-data-aerospike/target/test-classes/org/springframework/data/aerospike/repository/query] for files matching pattern [/home/aluno/spring-projects/maven/spring-data-aerospike/target/test-classes/org/springframework/data/aerospike/repository/**/*PersonRepositoryImpl.class]
16:28:52.856 [main] DEBUG o.s.c.i.s.PathMatchingResourcePatternResolver - Looking for matching resources in directory tree [/home/aluno/spring-projects/maven/spring-data-aerospike/target/classes/org/springframework/data/aerospike/repository]
16:28:52.857 [main] DEBUG o.s.c.i.s.PathMatchingResourcePatternResolver - Searching directory [/home/aluno/spring-projects/maven/spring-data-aerospike/target/classes/org/springframework/data/aerospike/repository] for files matching pattern [/home/aluno/spring-projects/maven/spring-data-aerospike/target/classes/org/springframework/data/aerospike/repository/**/*PersonRepositoryImpl.class]
16:28:52.857 [main] DEBUG o.s.c.i.s.PathMatchingResourcePatternResolver - Searching directory [/home/aluno/spring-projects/maven/spring-data-aerospike/target/classes/org/springframework/data/aerospike/repository/support] for files matching pattern [/home/aluno/spring-projects/maven/spring-data-aerospike/target/classes/org/springframework/data/aerospike/repository/**/*PersonRepositoryImpl.class]
16:28:52.857 [main] DEBUG o.s.c.i.s.PathMatchingResourcePatternResolver - Searching directory [/home/aluno/spring-projects/maven/spring-data-aerospike/target/classes/org/springframework/data/aerospike/repository/config] for files matching pattern [/home/aluno/spring-projects/maven/spring-data-aerospike/target/classes/org/springframework/data/aerospike/repository/**/*PersonRepositoryImpl.class]
16:28:52.857 [main] DEBUG o.s.c.i.s.PathMatchingResourcePatternResolver - Searching directory [/home/aluno/spring-projects/maven/spring-data-aerospike/target/classes/org/springframework/data/aerospike/repository/query] for files matching pattern [/home/aluno/spring-projects/maven/spring-data-aerospike/target/classes/org/springframework/data/aerospike/repository/**/*PersonRepositoryImpl.class]
16:28:52.857 [main] DEBUG o.s.c.i.s.PathMatchingResourcePatternResolver - Resolved location pattern [classpath*:org/springframework/data/aerospike/repository/**/*PersonRepositoryImpl.class] to resources []
16:28:52.857 [main] DEBUG o.s.d.r.c.RepositoryConfigurationDelegate - Spring Data Aerospike - Registering repository: personRepository - Interface: org.springframework.data.aerospike.repository.PersonRepository - Factory: org.springframework.data.keyvalue.repository.support.KeyValueRepositoryFactoryBean
16:28:52.909 [main] DEBUG o.s.c.a.ConfigurationClassEnhancer - Successfully enhanced org.springframework.data.aerospike.config.TestConfig; enhanced class name is: org.springframework.data.aerospike.config.TestConfig$$EnhancerBySpringCGLIB$$d926e9ed
16:28:52.909 [main] DEBUG o.s.c.a.ConfigurationClassPostProcessor - Replacing bean definition 'testConfig' existing class name 'org.springframework.data.aerospike.config.TestConfig' with enhanced class name 'org.springframework.data.aerospike.config.TestConfig$$EnhancerBySpringCGLIB$$d926e9ed'
16:28:52.912 [main] DEBUG o.s.b.f.s.DefaultListableBeanFactory - Creating shared instance of singleton bean 'org.springframework.context.annotation.internalAutowiredAnnotationProcessor'
16:28:52.912 [main] DEBUG o.s.b.f.s.DefaultListableBeanFactory - Creating instance of bean 'org.springframework.context.annotation.internalAutowiredAnnotationProcessor'
16:28:52.912 [main] DEBUG o.s.b.f.s.DefaultListableBeanFactory - Eagerly caching bean 'org.springframework.context.annotation.internalAutowiredAnnotationProcessor' to allow for resolving potential circular references
16:28:52.912 [main] DEBUG o.s.b.f.s.DefaultListableBeanFactory - Finished creating instance of bean 'org.springframework.context.annotation.internalAutowiredAnnotationProcessor'
16:28:52.912 [main] DEBUG o.s.b.f.s.DefaultListableBeanFactory - Creating shared instance of singleton bean 'org.springframework.context.annotation.internalRequiredAnnotationProcessor'
16:28:52.912 [main] DEBUG o.s.b.f.s.DefaultListableBeanFactory - Creating instance of bean 'org.springframework.context.annotation.internalRequiredAnnotationProcessor'
16:28:52.913 [main] DEBUG o.s.b.f.s.DefaultListableBeanFactory - Eagerly caching bean 'org.springframework.context.annotation.internalRequiredAnnotationProcessor' to allow for resolving potential circular references
16:28:52.913 [main] DEBUG o.s.b.f.s.DefaultListableBeanFactory - Finished creating instance of bean 'org.springframework.context.annotation.internalRequiredAnnotationProcessor'
16:28:52.916 [main] DEBUG o.s.b.f.s.DefaultListableBeanFactory - Creating shared instance of singleton bean 'org.springframework.context.annotation.internalCommonAnnotationProcessor'
16:28:52.916 [main] DEBUG o.s.b.f.s.DefaultListableBeanFactory - Creating instance of bean 'org.springframework.context.annotation.internalCommonAnnotationProcessor'
16:28:52.919 [main] DEBUG o.s.b.f.s.DefaultListableBeanFactory - Eagerly caching bean 'org.springframework.context.annotation.internalCommonAnnotationProcessor' to allow for resolving potential circular references
16:28:52.919 [main] DEBUG o.s.b.f.s.DefaultListableBeanFactory - Finished creating instance of bean 'org.springframework.context.annotation.internalCommonAnnotationProcessor'
16:28:52.919 [main] DEBUG o.s.b.f.s.DefaultListableBeanFactory - Creating shared instance of singleton bean 'org.springframework.context.annotation.ConfigurationClassPostProcessor.importAwareProcessor'
16:28:52.919 [main] DEBUG o.s.b.f.s.DefaultListableBeanFactory - Creating instance of bean 'org.springframework.context.annotation.ConfigurationClassPostProcessor.importAwareProcessor'
16:28:52.919 [main] DEBUG o.s.b.f.s.DefaultListableBeanFactory - Eagerly caching bean 'org.springframework.context.annotation.ConfigurationClassPostProcessor.importAwareProcessor' to allow for resolving potential circular references
16:28:52.919 [main] DEBUG o.s.b.f.s.DefaultListableBeanFactory - Finished creating instance of bean 'org.springframework.context.annotation.ConfigurationClassPostProcessor.importAwareProcessor'
16:28:52.919 [main] DEBUG o.s.b.f.s.DefaultListableBeanFactory - Creating shared instance of singleton bean 'org.springframework.context.annotation.ConfigurationClassPostProcessor.enhancedConfigurationProcessor'
16:28:52.919 [main] DEBUG o.s.b.f.s.DefaultListableBeanFactory - Creating instance of bean 'org.springframework.context.annotation.ConfigurationClassPostProcessor.enhancedConfigurationProcessor'
16:28:52.920 [main] DEBUG o.s.b.f.s.DefaultListableBeanFactory - Eagerly caching bean 'org.springframework.context.annotation.ConfigurationClassPostProcessor.enhancedConfigurationProcessor' to allow for resolving potential circular references
16:28:52.920 [main] DEBUG o.s.b.f.s.DefaultListableBeanFactory - Finished creating instance of bean 'org.springframework.context.annotation.ConfigurationClassPostProcessor.enhancedConfigurationProcessor'
16:28:52.920 [main] DEBUG o.s.b.f.s.DefaultListableBeanFactory - Creating shared instance of singleton bean 'org.springframework.data.repository.core.support.RepositoryInterfaceAwareBeanPostProcessor'
16:28:52.920 [main] DEBUG o.s.b.f.s.DefaultListableBeanFactory - Creating instance of bean 'org.springframework.data.repository.core.support.RepositoryInterfaceAwareBeanPostProcessor'
16:28:52.920 [main] DEBUG o.s.b.f.s.DefaultListableBeanFactory - Eagerly caching bean 'org.springframework.data.repository.core.support.RepositoryInterfaceAwareBeanPostProcessor' to allow for resolving potential circular references
16:28:52.920 [main] DEBUG o.s.b.f.s.DefaultListableBeanFactory - Finished creating instance of bean 'org.springframework.data.repository.core.support.RepositoryInterfaceAwareBeanPostProcessor'
16:28:52.921 [main] DEBUG o.s.c.s.GenericApplicationContext - Unable to locate MessageSource with name 'messageSource': using default [org.springframework.context.support.DelegatingMessageSource@1750fbeb]
16:28:52.923 [main] DEBUG o.s.c.s.GenericApplicationContext - Unable to locate ApplicationEventMulticaster with name 'applicationEventMulticaster': using default [org.springframework.context.event.SimpleApplicationEventMulticaster@183ec003]
16:28:52.926 [main] DEBUG o.s.b.f.s.DefaultListableBeanFactory - Pre-instantiating singletons in org.springframework.beans.factory.support.DefaultListableBeanFactory@130d63be: defining beans [org.springframework.context.annotation.internalConfigurationAnnotationProcessor,org.springframework.context.annotation.internalAutowiredAnnotationProcessor,org.springframework.context.annotation.internalRequiredAnnotationProcessor,org.springframework.context.annotation.internalCommonAnnotationProcessor,testConfig,org.springframework.context.annotation.ConfigurationClassPostProcessor.importAwareProcessor,org.springframework.context.annotation.ConfigurationClassPostProcessor.enhancedConfigurationProcessor,aerospikeTemplate,aerospikeClient,org.springframework.data.aerospike.repository.config.AerospikeRepositoriesRegistrar$AerospikeRepositoryConfigurationExtension#0,org.springframework.data.repository.core.support.RepositoryInterfaceAwareBeanPostProcessor,keyValueMappingContext,contactRepository,personRepository]; root of factory hierarchy
16:28:52.926 [main] DEBUG o.s.b.f.s.DefaultListableBeanFactory - Returning cached instance of singleton bean 'org.springframework.context.annotation.internalConfigurationAnnotationProcessor'
16:28:52.926 [main] DEBUG o.s.b.f.s.DefaultListableBeanFactory - Returning cached instance of singleton bean 'org.springframework.context.annotation.internalAutowiredAnnotationProcessor'
16:28:52.926 [main] DEBUG o.s.b.f.s.DefaultListableBeanFactory - Returning cached instance of singleton bean 'org.springframework.context.annotation.internalRequiredAnnotationProcessor'
16:28:52.926 [main] DEBUG o.s.b.f.s.DefaultListableBeanFactory - Returning cached instance of singleton bean 'org.springframework.context.annotation.internalCommonAnnotationProcessor'
16:28:52.926 [main] DEBUG o.s.b.f.s.DefaultListableBeanFactory - Creating shared instance of singleton bean 'testConfig'
16:28:52.926 [main] DEBUG o.s.b.f.s.DefaultListableBeanFactory - Creating instance of bean 'testConfig'
16:28:52.929 [main] DEBUG o.s.b.f.s.DefaultListableBeanFactory - Eagerly caching bean 'testConfig' to allow for resolving potential circular references
16:28:52.944 [main] DEBUG o.s.b.f.s.DefaultListableBeanFactory - Finished creating instance of bean 'testConfig'
16:28:52.944 [main] DEBUG o.s.b.f.s.DefaultListableBeanFactory - Returning cached instance of singleton bean 'org.springframework.context.annotation.ConfigurationClassPostProcessor.importAwareProcessor'
16:28:52.944 [main] DEBUG o.s.b.f.s.DefaultListableBeanFactory - Returning cached instance of singleton bean 'org.springframework.context.annotation.ConfigurationClassPostProcessor.enhancedConfigurationProcessor'
16:28:52.945 [main] DEBUG o.s.b.f.s.DefaultListableBeanFactory - Creating shared instance of singleton bean 'aerospikeTemplate'
16:28:52.945 [main] DEBUG o.s.b.f.s.DefaultListableBeanFactory - Creating instance of bean 'aerospikeTemplate'
16:28:52.946 [main] DEBUG o.s.b.f.s.DefaultListableBeanFactory - Returning cached instance of singleton bean 'testConfig'
16:28:52.967 [main] DEBUG o.s.b.f.s.DefaultListableBeanFactory - Creating shared instance of singleton bean 'aerospikeClient'
16:28:52.968 [main] DEBUG o.s.b.f.s.DefaultListableBeanFactory - Creating instance of bean 'aerospikeClient'
16:28:52.968 [main] DEBUG o.s.b.f.s.DefaultListableBeanFactory - Returning cached instance of singleton bean 'testConfig'
16:28:53.823 [main] DEBUG o.s.b.f.s.DefaultListableBeanFactory - Eagerly caching bean 'aerospikeClient' to allow for resolving potential circular references
16:28:53.829 [main] DEBUG o.s.b.f.s.DefaultListableBeanFactory - Finished creating instance of bean 'aerospikeClient'
16:28:56.855 [main] WARN  o.s.c.s.GenericApplicationContext - Exception encountered during context initialization - cancelling refresh attempt
org.springframework.beans.factory.BeanCreationException: Error creating bean with name 'aerospikeTemplate' defined in org.springframework.data.aerospike.config.TestConfig: Bean instantiation via factory method failed; nested exception is org.springframework.beans.BeanInstantiationException: Failed to instantiate [org.springframework.data.aerospike.core.AerospikeTemplate]: Factory method 'aerospikeTemplate' threw exception; nested exception is com.aerospike.helper.query.ClusterRefreshError: Cannot find UDF modules
	at org.springframework.beans.factory.support.ConstructorResolver.instantiateUsingFactoryMethod(ConstructorResolver.java:599) ~[spring-beans-4.1.7.RELEASE.jar:4.1.7.RELEASE]
	at org.springframework.beans.factory.support.AbstractAutowireCapableBeanFactory.instantiateUsingFactoryMethod(AbstractAutowireCapableBeanFactory.java:1119) ~[spring-beans-4.1.7.RELEASE.jar:4.1.7.RELEASE]
	at org.springframework.beans.factory.support.AbstractAutowireCapableBeanFactory.createBeanInstance(AbstractAutowireCapableBeanFactory.java:1014) ~[spring-beans-4.1.7.RELEASE.jar:4.1.7.RELEASE]
	at org.springframework.beans.factory.support.AbstractAutowireCapableBeanFactory.doCreateBean(AbstractAutowireCapableBeanFactory.java:504) ~[spring-beans-4.1.7.RELEASE.jar:4.1.7.RELEASE]
	at org.springframework.beans.factory.support.AbstractAutowireCapableBeanFactory.createBean(AbstractAutowireCapableBeanFactory.java:476) ~[spring-beans-4.1.7.RELEASE.jar:4.1.7.RELEASE]
	at org.springframework.beans.factory.support.AbstractBeanFactory$1.getObject(AbstractBeanFactory.java:303) ~[spring-beans-4.1.7.RELEASE.jar:4.1.7.RELEASE]
	at org.springframework.beans.factory.support.DefaultSingletonBeanRegistry.getSingleton(DefaultSingletonBeanRegistry.java:230) ~[spring-beans-4.1.7.RELEASE.jar:4.1.7.RELEASE]
	at org.springframework.beans.factory.support.AbstractBeanFactory.doGetBean(AbstractBeanFactory.java:299) ~[spring-beans-4.1.7.RELEASE.jar:4.1.7.RELEASE]
	at org.springframework.beans.factory.support.AbstractBeanFactory.getBean(AbstractBeanFactory.java:194) ~[spring-beans-4.1.7.RELEASE.jar:4.1.7.RELEASE]
	at org.springframework.beans.factory.support.DefaultListableBeanFactory.preInstantiateSingletons(DefaultListableBeanFactory.java:755) ~[spring-beans-4.1.7.RELEASE.jar:4.1.7.RELEASE]
	at org.springframework.context.support.AbstractApplicationContext.finishBeanFactoryInitialization(AbstractApplicationContext.java:757) ~[spring-context-4.1.7.RELEASE.jar:4.1.7.RELEASE]
	at org.springframework.context.support.AbstractApplicationContext.refresh(AbstractApplicationContext.java:480) ~[spring-context-4.1.7.RELEASE.jar:4.1.7.RELEASE]
	at org.springframework.test.context.support.AbstractGenericContextLoader.loadContext(AbstractGenericContextLoader.java:125) [spring-test-4.1.7.RELEASE.jar:4.1.7.RELEASE]
	at org.springframework.test.context.support.AbstractGenericContextLoader.loadContext(AbstractGenericContextLoader.java:60) [spring-test-4.1.7.RELEASE.jar:4.1.7.RELEASE]
	at org.springframework.test.context.support.AbstractDelegatingSmartContextLoader.delegateLoading(AbstractDelegatingSmartContextLoader.java:109) [spring-test-4.1.7.RELEASE.jar:4.1.7.RELEASE]
	at org.springframework.test.context.support.AbstractDelegatingSmartContextLoader.loadContext(AbstractDelegatingSmartContextLoader.java:261) [spring-test-4.1.7.RELEASE.jar:4.1.7.RELEASE]
	at org.springframework.test.context.DefaultCacheAwareContextLoaderDelegate.loadContextInternal(DefaultCacheAwareContextLoaderDelegate.java:68) [spring-test-4.1.7.RELEASE.jar:4.1.7.RELEASE]
	at org.springframework.test.context.DefaultCacheAwareContextLoaderDelegate.loadContext(DefaultCacheAwareContextLoaderDelegate.java:86) [spring-test-4.1.7.RELEASE.jar:4.1.7.RELEASE]
	at org.springframework.test.context.DefaultTestContext.getApplicationContext(DefaultTestContext.java:72) [spring-test-4.1.7.RELEASE.jar:4.1.7.RELEASE]
	at org.springframework.test.context.support.DependencyInjectionTestExecutionListener.injectDependencies(DependencyInjectionTestExecutionListener.java:117) [spring-test-4.1.7.RELEASE.jar:4.1.7.RELEASE]
	at org.springframework.test.context.support.DependencyInjectionTestExecutionListener.prepareTestInstance(DependencyInjectionTestExecutionListener.java:83) [spring-test-4.1.7.RELEASE.jar:4.1.7.RELEASE]
	at org.springframework.test.context.TestContextManager.prepareTestInstance(TestContextManager.java:212) [spring-test-4.1.7.RELEASE.jar:4.1.7.RELEASE]
	at org.springframework.test.context.junit4.SpringJUnit4ClassRunner.createTest(SpringJUnit4ClassRunner.java:200) [spring-test-4.1.7.RELEASE.jar:4.1.7.RELEASE]
	at org.springframework.test.context.junit4.SpringJUnit4ClassRunner$1.runReflectiveCall(SpringJUnit4ClassRunner.java:259) [spring-test-4.1.7.RELEASE.jar:4.1.7.RELEASE]
	at org.junit.internal.runners.model.ReflectiveCallable.run(ReflectiveCallable.java:12) [junit-4.12.jar:4.12]
	at org.springframework.test.context.junit4.SpringJUnit4ClassRunner.methodBlock(SpringJUnit4ClassRunner.java:261) [spring-test-4.1.7.RELEASE.jar:4.1.7.RELEASE]
	at org.springframework.test.context.junit4.SpringJUnit4ClassRunner.runChild(SpringJUnit4ClassRunner.java:219) [spring-test-4.1.7.RELEASE.jar:4.1.7.RELEASE]
	at org.springframework.test.context.junit4.SpringJUnit4ClassRunner.runChild(SpringJUnit4ClassRunner.java:83) [spring-test-4.1.7.RELEASE.jar:4.1.7.RELEASE]
	at org.junit.runners.ParentRunner$3.run(ParentRunner.java:290) [junit-4.12.jar:4.12]
	at org.junit.runners.ParentRunner$1.schedule(ParentRunner.java:71) [junit-4.12.jar:4.12]
	at org.junit.runners.ParentRunner.runChildren(ParentRunner.java:288) [junit-4.12.jar:4.12]
	at org.junit.runners.ParentRunner.access$000(ParentRunner.java:58) [junit-4.12.jar:4.12]
	at org.junit.runners.ParentRunner$2.evaluate(ParentRunner.java:268) [junit-4.12.jar:4.12]
	at org.springframework.test.context.junit4.statements.RunBeforeTestClassCallbacks.evaluate(RunBeforeTestClassCallbacks.java:61) [spring-test-4.1.7.RELEASE.jar:4.1.7.RELEASE]
	at org.springframework.test.context.junit4.statements.RunAfterTestClassCallbacks.evaluate(RunAfterTestClassCallbacks.java:68) [spring-test-4.1.7.RELEASE.jar:4.1.7.RELEASE]
	at org.junit.runners.ParentRunner.run(ParentRunner.java:363) [junit-4.12.jar:4.12]
	at org.springframework.test.context.junit4.SpringJUnit4ClassRunner.run(SpringJUnit4ClassRunner.java:163) [spring-test-4.1.7.RELEASE.jar:4.1.7.RELEASE]
	at org.apache.maven.surefire.junit4.JUnit4Provider.execute(JUnit4Provider.java:283) [surefire-junit4-2.18.1.jar:2.18.1]
	at org.apache.maven.surefire.junit4.JUnit4Provider.executeWithRerun(JUnit4Provider.java:173) [surefire-junit4-2.18.1.jar:2.18.1]
	at org.apache.maven.surefire.junit4.JUnit4Provider.executeTestSet(JUnit4Provider.java:153) [surefire-junit4-2.18.1.jar:2.18.1]
	at org.apache.maven.surefire.junit4.JUnit4Provider.invoke(JUnit4Provider.java:128) [surefire-junit4-2.18.1.jar:2.18.1]
	at org.apache.maven.surefire.booter.ForkedBooter.invokeProviderInSameClassLoader(ForkedBooter.java:203) [surefire-booter-2.18.1.jar:2.18.1]
	at org.apache.maven.surefire.booter.ForkedBooter.runSuitesInProcess(ForkedBooter.java:155) [surefire-booter-2.18.1.jar:2.18.1]
	at org.apache.maven.surefire.booter.ForkedBooter.main(ForkedBooter.java:103) [surefire-booter-2.18.1.jar:2.18.1]
Caused by: org.springframework.beans.BeanInstantiationException: Failed to instantiate [org.springframework.data.aerospike.core.AerospikeTemplate]: Factory method 'aerospikeTemplate' threw exception; nested exception is com.aerospike.helper.query.ClusterRefreshError: Cannot find UDF modules
	at org.springframework.beans.factory.support.SimpleInstantiationStrategy.instantiate(SimpleInstantiationStrategy.java:189) ~[spring-beans-4.1.7.RELEASE.jar:4.1.7.RELEASE]
	at org.springframework.beans.factory.support.ConstructorResolver.instantiateUsingFactoryMethod(ConstructorResolver.java:588) ~[spring-beans-4.1.7.RELEASE.jar:4.1.7.RELEASE]
	... 43 common frames omitted
Caused by: com.aerospike.helper.query.ClusterRefreshError: Cannot find UDF modules
	at com.aerospike.helper.query.QueryEngine.refreshModules(QueryEngine.java:678) ~[classes/:na]
	at com.aerospike.helper.query.QueryEngine.refreshCluster(QueryEngine.java:536) ~[classes/:na]
	at com.aerospike.helper.query.QueryEngine.setClient(QueryEngine.java:129) ~[classes/:na]
	at com.aerospike.helper.query.QueryEngine.<init>(QueryEngine.java:110) ~[classes/:na]
	at org.springframework.data.aerospike.core.AerospikeTemplate.<init>(AerospikeTemplate.java:132) ~[classes/:na]
	at org.springframework.data.aerospike.config.TestConfig.aerospikeTemplate(TestConfig.java:39) ~[test-classes/:na]
	at org.springframework.data.aerospike.config.TestConfig$$EnhancerBySpringCGLIB$$d926e9ed.CGLIB$aerospikeTemplate$0(<generated>) ~[spring-core-4.1.7.RELEASE.jar:na]
	at org.springframework.data.aerospike.config.TestConfig$$EnhancerBySpringCGLIB$$d926e9ed$$FastClassBySpringCGLIB$$56523ccb.invoke(<generated>) ~[spring-core-4.1.7.RELEASE.jar:na]
	at org.springframework.cglib.proxy.MethodProxy.invokeSuper(MethodProxy.java:228) ~[spring-core-4.1.7.RELEASE.jar:4.1.7.RELEASE]
	at org.springframework.context.annotation.ConfigurationClassEnhancer$BeanMethodInterceptor.intercept(ConfigurationClassEnhancer.java:309) ~[spring-context-4.1.7.RELEASE.jar:4.1.7.RELEASE]
	at org.springframework.data.aerospike.config.TestConfig$$EnhancerBySpringCGLIB$$d926e9ed.aerospikeTemplate(<generated>) ~[spring-core-4.1.7.RELEASE.jar:na]
	at sun.reflect.NativeMethodAccessorImpl.invoke0(Native Method) ~[na:1.8.0_91]
	at sun.reflect.NativeMethodAccessorImpl.invoke(NativeMethodAccessorImpl.java:62) ~[na:1.8.0_91]
	at sun.reflect.DelegatingMethodAccessorImpl.invoke(DelegatingMethodAccessorImpl.java:43) ~[na:1.8.0_91]
	at java.lang.reflect.Method.invoke(Method.java:498) ~[na:1.8.0_91]
	at org.springframework.beans.factory.support.SimpleInstantiationStrategy.instantiate(SimpleInstantiationStrategy.java:162) ~[spring-beans-4.1.7.RELEASE.jar:4.1.7.RELEASE]
	... 44 common frames omitted
16:28:56.856 [main] DEBUG o.s.b.f.s.DefaultListableBeanFactory - Destroying singletons in org.springframework.beans.factory.support.DefaultListableBeanFactory@130d63be: defining beans [org.springframework.context.annotation.internalConfigurationAnnotationProcessor,org.springframework.context.annotation.internalAutowiredAnnotationProcessor,org.springframework.context.annotation.internalRequiredAnnotationProcessor,org.springframework.context.annotation.internalCommonAnnotationProcessor,testConfig,org.springframework.context.annotation.ConfigurationClassPostProcessor.importAwareProcessor,org.springframework.context.annotation.ConfigurationClassPostProcessor.enhancedConfigurationProcessor,aerospikeTemplate,aerospikeClient,org.springframework.data.aerospike.repository.config.AerospikeRepositoriesRegistrar$AerospikeRepositoryConfigurationExtension#0,org.springframework.data.repository.core.support.RepositoryInterfaceAwareBeanPostProcessor,keyValueMappingContext,contactRepository,personRepository]; root of factory hierarchy
16:28:56.856 [main] DEBUG o.s.b.f.s.DisposableBeanAdapter - Invoking destroy method 'close' on bean with name 'aerospikeClient'
16:28:56.857 [main] ERROR o.s.test.context.TestContextManager - Caught exception while allowing TestExecutionListener [org.springframework.test.context.support.DependencyInjectionTestExecutionListener@442675e1] to prepare test instance [org.springframework.data.keyvalue.repository.query.SpelQueryCreatorUnitTests@d83da2e]
java.lang.IllegalStateException: Failed to load ApplicationContext
	at org.springframework.test.context.DefaultCacheAwareContextLoaderDelegate.loadContext(DefaultCacheAwareContextLoaderDelegate.java:94) ~[spring-test-4.1.7.RELEASE.jar:4.1.7.RELEASE]
	at org.springframework.test.context.DefaultTestContext.getApplicationContext(DefaultTestContext.java:72) ~[spring-test-4.1.7.RELEASE.jar:4.1.7.RELEASE]
	at org.springframework.test.context.support.DependencyInjectionTestExecutionListener.injectDependencies(DependencyInjectionTestExecutionListener.java:117) ~[spring-test-4.1.7.RELEASE.jar:4.1.7.RELEASE]
	at org.springframework.test.context.support.DependencyInjectionTestExecutionListener.prepareTestInstance(DependencyInjectionTestExecutionListener.java:83) ~[spring-test-4.1.7.RELEASE.jar:4.1.7.RELEASE]
	at org.springframework.test.context.TestContextManager.prepareTestInstance(TestContextManager.java:212) ~[spring-test-4.1.7.RELEASE.jar:4.1.7.RELEASE]
	at org.springframework.test.context.junit4.SpringJUnit4ClassRunner.createTest(SpringJUnit4ClassRunner.java:200) [spring-test-4.1.7.RELEASE.jar:4.1.7.RELEASE]
	at org.springframework.test.context.junit4.SpringJUnit4ClassRunner$1.runReflectiveCall(SpringJUnit4ClassRunner.java:259) [spring-test-4.1.7.RELEASE.jar:4.1.7.RELEASE]
	at org.junit.internal.runners.model.ReflectiveCallable.run(ReflectiveCallable.java:12) [junit-4.12.jar:4.12]
	at org.springframework.test.context.junit4.SpringJUnit4ClassRunner.methodBlock(SpringJUnit4ClassRunner.java:261) [spring-test-4.1.7.RELEASE.jar:4.1.7.RELEASE]
	at org.springframework.test.context.junit4.SpringJUnit4ClassRunner.runChild(SpringJUnit4ClassRunner.java:219) [spring-test-4.1.7.RELEASE.jar:4.1.7.RELEASE]
	at org.springframework.test.context.junit4.SpringJUnit4ClassRunner.runChild(SpringJUnit4ClassRunner.java:83) [spring-test-4.1.7.RELEASE.jar:4.1.7.RELEASE]
	at org.junit.runners.ParentRunner$3.run(ParentRunner.java:290) [junit-4.12.jar:4.12]
	at org.junit.runners.ParentRunner$1.schedule(ParentRunner.java:71) [junit-4.12.jar:4.12]
	at org.junit.runners.ParentRunner.runChildren(ParentRunner.java:288) [junit-4.12.jar:4.12]
	at org.junit.runners.ParentRunner.access$000(ParentRunner.java:58) [junit-4.12.jar:4.12]
	at org.junit.runners.ParentRunner$2.evaluate(ParentRunner.java:268) [junit-4.12.jar:4.12]
	at org.springframework.test.context.junit4.statements.RunBeforeTestClassCallbacks.evaluate(RunBeforeTestClassCallbacks.java:61) [spring-test-4.1.7.RELEASE.jar:4.1.7.RELEASE]
	at org.springframework.test.context.junit4.statements.RunAfterTestClassCallbacks.evaluate(RunAfterTestClassCallbacks.java:68) [spring-test-4.1.7.RELEASE.jar:4.1.7.RELEASE]
	at org.junit.runners.ParentRunner.run(ParentRunner.java:363) [junit-4.12.jar:4.12]
	at org.springframework.test.context.junit4.SpringJUnit4ClassRunner.run(SpringJUnit4ClassRunner.java:163) [spring-test-4.1.7.RELEASE.jar:4.1.7.RELEASE]
	at org.apache.maven.surefire.junit4.JUnit4Provider.execute(JUnit4Provider.java:283) [surefire-junit4-2.18.1.jar:2.18.1]
	at org.apache.maven.surefire.junit4.JUnit4Provider.executeWithRerun(JUnit4Provider.java:173) [surefire-junit4-2.18.1.jar:2.18.1]
	at org.apache.maven.surefire.junit4.JUnit4Provider.executeTestSet(JUnit4Provider.java:153) [surefire-junit4-2.18.1.jar:2.18.1]
	at org.apache.maven.surefire.junit4.JUnit4Provider.invoke(JUnit4Provider.java:128) [surefire-junit4-2.18.1.jar:2.18.1]
	at org.apache.maven.surefire.booter.ForkedBooter.invokeProviderInSameClassLoader(ForkedBooter.java:203) [surefire-booter-2.18.1.jar:2.18.1]
	at org.apache.maven.surefire.booter.ForkedBooter.runSuitesInProcess(ForkedBooter.java:155) [surefire-booter-2.18.1.jar:2.18.1]
	at org.apache.maven.surefire.booter.ForkedBooter.main(ForkedBooter.java:103) [surefire-booter-2.18.1.jar:2.18.1]
Caused by: org.springframework.beans.factory.BeanCreationException: Error creating bean with name 'aerospikeTemplate' defined in org.springframework.data.aerospike.config.TestConfig: Bean instantiation via factory method failed; nested exception is org.springframework.beans.BeanInstantiationException: Failed to instantiate [org.springframework.data.aerospike.core.AerospikeTemplate]: Factory method 'aerospikeTemplate' threw exception; nested exception is com.aerospike.helper.query.ClusterRefreshError: Cannot find UDF modules
	at org.springframework.beans.factory.support.ConstructorResolver.instantiateUsingFactoryMethod(ConstructorResolver.java:599) ~[spring-beans-4.1.7.RELEASE.jar:4.1.7.RELEASE]
	at org.springframework.beans.factory.support.AbstractAutowireCapableBeanFactory.instantiateUsingFactoryMethod(AbstractAutowireCapableBeanFactory.java:1119) ~[spring-beans-4.1.7.RELEASE.jar:4.1.7.RELEASE]
	at org.springframework.beans.factory.support.AbstractAutowireCapableBeanFactory.createBeanInstance(AbstractAutowireCapableBeanFactory.java:1014) ~[spring-beans-4.1.7.RELEASE.jar:4.1.7.RELEASE]
	at org.springframework.beans.factory.support.AbstractAutowireCapableBeanFactory.doCreateBean(AbstractAutowireCapableBeanFactory.java:504) ~[spring-beans-4.1.7.RELEASE.jar:4.1.7.RELEASE]
	at org.springframework.beans.factory.support.AbstractAutowireCapableBeanFactory.createBean(AbstractAutowireCapableBeanFactory.java:476) ~[spring-beans-4.1.7.RELEASE.jar:4.1.7.RELEASE]
	at org.springframework.beans.factory.support.AbstractBeanFactory$1.getObject(AbstractBeanFactory.java:303) ~[spring-beans-4.1.7.RELEASE.jar:4.1.7.RELEASE]
	at org.springframework.beans.factory.support.DefaultSingletonBeanRegistry.getSingleton(DefaultSingletonBeanRegistry.java:230) ~[spring-beans-4.1.7.RELEASE.jar:4.1.7.RELEASE]
	at org.springframework.beans.factory.support.AbstractBeanFactory.doGetBean(AbstractBeanFactory.java:299) ~[spring-beans-4.1.7.RELEASE.jar:4.1.7.RELEASE]
	at org.springframework.beans.factory.support.AbstractBeanFactory.getBean(AbstractBeanFactory.java:194) ~[spring-beans-4.1.7.RELEASE.jar:4.1.7.RELEASE]
	at org.springframework.beans.factory.support.DefaultListableBeanFactory.preInstantiateSingletons(DefaultListableBeanFactory.java:755) ~[spring-beans-4.1.7.RELEASE.jar:4.1.7.RELEASE]
	at org.springframework.context.support.AbstractApplicationContext.finishBeanFactoryInitialization(AbstractApplicationContext.java:757) ~[spring-context-4.1.7.RELEASE.jar:4.1.7.RELEASE]
	at org.springframework.context.support.AbstractApplicationContext.refresh(AbstractApplicationContext.java:480) ~[spring-context-4.1.7.RELEASE.jar:4.1.7.RELEASE]
	at org.springframework.test.context.support.AbstractGenericContextLoader.loadContext(AbstractGenericContextLoader.java:125) ~[spring-test-4.1.7.RELEASE.jar:4.1.7.RELEASE]
	at org.springframework.test.context.support.AbstractGenericContextLoader.loadContext(AbstractGenericContextLoader.java:60) ~[spring-test-4.1.7.RELEASE.jar:4.1.7.RELEASE]
	at org.springframework.test.context.support.AbstractDelegatingSmartContextLoader.delegateLoading(AbstractDelegatingSmartContextLoader.java:109) ~[spring-test-4.1.7.RELEASE.jar:4.1.7.RELEASE]
	at org.springframework.test.context.support.AbstractDelegatingSmartContextLoader.loadContext(AbstractDelegatingSmartContextLoader.java:261) ~[spring-test-4.1.7.RELEASE.jar:4.1.7.RELEASE]
	at org.springframework.test.context.DefaultCacheAwareContextLoaderDelegate.loadContextInternal(DefaultCacheAwareContextLoaderDelegate.java:68) ~[spring-test-4.1.7.RELEASE.jar:4.1.7.RELEASE]
	at org.springframework.test.context.DefaultCacheAwareContextLoaderDelegate.loadContext(DefaultCacheAwareContextLoaderDelegate.java:86) ~[spring-test-4.1.7.RELEASE.jar:4.1.7.RELEASE]
	... 26 common frames omitted
Caused by: org.springframework.beans.BeanInstantiationException: Failed to instantiate [org.springframework.data.aerospike.core.AerospikeTemplate]: Factory method 'aerospikeTemplate' threw exception; nested exception is com.aerospike.helper.query.ClusterRefreshError: Cannot find UDF modules
	at org.springframework.beans.factory.support.SimpleInstantiationStrategy.instantiate(SimpleInstantiationStrategy.java:189) ~[spring-beans-4.1.7.RELEASE.jar:4.1.7.RELEASE]
	at org.springframework.beans.factory.support.ConstructorResolver.instantiateUsingFactoryMethod(ConstructorResolver.java:588) ~[spring-beans-4.1.7.RELEASE.jar:4.1.7.RELEASE]
	... 43 common frames omitted
Caused by: com.aerospike.helper.query.ClusterRefreshError: Cannot find UDF modules
	at com.aerospike.helper.query.QueryEngine.refreshModules(QueryEngine.java:678) ~[classes/:na]
	at com.aerospike.helper.query.QueryEngine.refreshCluster(QueryEngine.java:536) ~[classes/:na]
	at com.aerospike.helper.query.QueryEngine.setClient(QueryEngine.java:129) ~[classes/:na]
	at com.aerospike.helper.query.QueryEngine.<init>(QueryEngine.java:110) ~[classes/:na]
	at org.springframework.data.aerospike.core.AerospikeTemplate.<init>(AerospikeTemplate.java:132) ~[classes/:na]
	at org.springframework.data.aerospike.config.TestConfig.aerospikeTemplate(TestConfig.java:39) ~[test-classes/:na]
	at org.springframework.data.aerospike.config.TestConfig$$EnhancerBySpringCGLIB$$d926e9ed.CGLIB$aerospikeTemplate$0(<generated>) ~[spring-core-4.1.7.RELEASE.jar:na]
	at org.springframework.data.aerospike.config.TestConfig$$EnhancerBySpringCGLIB$$d926e9ed$$FastClassBySpringCGLIB$$56523ccb.invoke(<generated>) ~[spring-core-4.1.7.RELEASE.jar:na]
	at org.springframework.cglib.proxy.MethodProxy.invokeSuper(MethodProxy.java:228) ~[spring-core-4.1.7.RELEASE.jar:4.1.7.RELEASE]
	at org.springframework.context.annotation.ConfigurationClassEnhancer$BeanMethodInterceptor.intercept(ConfigurationClassEnhancer.java:309) ~[spring-context-4.1.7.RELEASE.jar:4.1.7.RELEASE]
	at org.springframework.data.aerospike.config.TestConfig$$EnhancerBySpringCGLIB$$d926e9ed.aerospikeTemplate(<generated>) ~[spring-core-4.1.7.RELEASE.jar:na]
	at sun.reflect.NativeMethodAccessorImpl.invoke0(Native Method) ~[na:1.8.0_91]
	at sun.reflect.NativeMethodAccessorImpl.invoke(NativeMethodAccessorImpl.java:62) ~[na:1.8.0_91]
	at sun.reflect.DelegatingMethodAccessorImpl.invoke(DelegatingMethodAccessorImpl.java:43) ~[na:1.8.0_91]
	at java.lang.reflect.Method.invoke(Method.java:498) ~[na:1.8.0_91]
	at org.springframework.beans.factory.support.SimpleInstantiationStrategy.instantiate(SimpleInstantiationStrategy.java:162) ~[spring-beans-4.1.7.RELEASE.jar:4.1.7.RELEASE]
	... 44 common frames omitted
]]></system-out>
    <system-err><![CDATA[log4j:WARN No appenders could be found for logger (com.aerospike.helper.query.QueryEngine).
log4j:WARN Please initialize the log4j system properly.
log4j:WARN See http://logging.apache.org/log4j/1.2/faq.html#noconfig for more info.
]]></system-err>
  </testcase>
</testsuite>