<?xml version="1.0" encoding="UTF-8"?>
<testsuite name="org.springframework.data.aerospike.repository.CustomerRepositoriesIntegrationTests" time="15.741" tests="4" errors="4" skipped="0" failures="0">
  <properties>
    <property name="java.runtime.name" value="Java(TM) SE Runtime Environment"/>
    <property name="sun.boot.library.path" value="/usr/lib/jvm/java-8-oracle/jre/lib/amd64"/>
    <property name="java.vm.version" value="25.91-b14"/>
    <property name="java.vm.vendor" value="Oracle Corporation"/>
    <property name="java.vendor.url" value="http://java.oracle.com/"/>
    <property name="path.separator" value=":"/>
    <property name="guice.disable.misplaced.annotation.check" value="true"/>
    <property name="java.vm.name" value="Java HotSpot(TM) 64-Bit Server VM"/>
    <property name="file.encoding.pkg" value="sun.io"/>
    <property name="user.country" value="BR"/>
    <property name="sun.java.launcher" value="SUN_STANDARD"/>
    <property name="sun.os.patch.level" value="unknown"/>
    <property name="java.vm.specification.name" value="Java Virtual Machine Specification"/>
    <property name="user.dir" value="/home/aluno/spring-projects/maven/spring-data-aerospike"/>
    <property name="java.runtime.version" value="1.8.0_91-b14"/>
    <property name="java.awt.graphicsenv" value="sun.awt.X11GraphicsEnvironment"/>
    <property name="java.endorsed.dirs" value="/usr/lib/jvm/java-8-oracle/jre/lib/endorsed"/>
    <property name="os.arch" value="amd64"/>
    <property name="java.io.tmpdir" value="/tmp"/>
    <property name="line.separator" value="&#10;"/>
    <property name="java.vm.specification.vendor" value="Oracle Corporation"/>
    <property name="os.name" value="Linux"/>
    <property name="classworlds.conf" value="/usr/share/maven/bin/m2.conf"/>
    <property name="sun.jnu.encoding" value="UTF-8"/>
    <property name="java.library.path" value="/usr/java/packages/lib/amd64:/usr/lib64:/lib64:/lib:/usr/lib"/>
    <property name="java.specification.name" value="Java Platform API Specification"/>
    <property name="java.class.version" value="52.0"/>
    <property name="sun.management.compiler" value="HotSpot 64-Bit Tiered Compilers"/>
    <property name="os.version" value="3.13.0-91-generic"/>
    <property name="user.home" value="/home/aluno"/>
    <property name="user.timezone" value="America/Fortaleza"/>
    <property name="java.awt.printerjob" value="sun.print.PSPrinterJob"/>
    <property name="file.encoding" value="UTF-8"/>
    <property name="java.specification.version" value="1.8"/>
    <property name="user.name" value="aluno"/>
    <property name="java.class.path" value="/usr/share/maven/boot/plexus-classworlds-2.x.jar"/>
    <property name="java.vm.specification.version" value="1.8"/>
    <property name="sun.arch.data.model" value="64"/>
    <property name="java.home" value="/usr/lib/jvm/java-8-oracle/jre"/>
    <property name="sun.java.command" value="org.codehaus.plexus.classworlds.launcher.Launcher test"/>
    <property name="java.specification.vendor" value="Oracle Corporation"/>
    <property name="user.language" value="pt"/>
    <property name="awt.toolkit" value="sun.awt.X11.XToolkit"/>
    <property name="java.vm.info" value="mixed mode"/>
    <property name="java.version" value="1.8.0_91"/>
    <property name="java.ext.dirs" value="/usr/lib/jvm/java-8-oracle/jre/lib/ext:/usr/java/packages/lib/ext"/>
    <property name="securerandom.source" value="file:/dev/./urandom"/>
    <property name="sun.boot.class.path" value="/usr/lib/jvm/java-8-oracle/jre/lib/resources.jar:/usr/lib/jvm/java-8-oracle/jre/lib/rt.jar:/usr/lib/jvm/java-8-oracle/jre/lib/sunrsasign.jar:/usr/lib/jvm/java-8-oracle/jre/lib/jsse.jar:/usr/lib/jvm/java-8-oracle/jre/lib/jce.jar:/usr/lib/jvm/java-8-oracle/jre/lib/charsets.jar:/usr/lib/jvm/java-8-oracle/jre/lib/jfr.jar:/usr/lib/jvm/java-8-oracle/jre/classes"/>
    <property name="java.vendor" value="Oracle Corporation"/>
    <property name="maven.home" value="/usr/share/maven"/>
    <property name="file.separator" value="/"/>
    <property name="java.vendor.url.bug" value="http://bugreport.sun.com/bugreport/"/>
    <property name="sun.cpu.endian" value="little"/>
    <property name="sun.io.unicode.encoding" value="UnicodeLittle"/>
    <property name="sun.desktop" value="gnome"/>
    <property name="sun.cpu.isalist" value=""/>
  </properties>
  <testcase name="testReadById" classname="org.springframework.data.aerospike.repository.CustomerRepositoriesIntegrationTests" time="2.246">
    <error message="Aerospike Error: Error Code 11: java.net.SocketTimeoutException: connect timed out; nested exception is com.aerospike.client.AerospikeException$Connection: Error Code 11: java.net.SocketTimeoutException: connect timed out" type="org.springframework.dao.RecoverableDataAccessException"><![CDATA[org.springframework.dao.RecoverableDataAccessException: Aerospike Error: Error Code 11: java.net.SocketTimeoutException: connect timed out; nested exception is com.aerospike.client.AerospikeException$Connection: Error Code 11: java.net.SocketTimeoutException: connect timed out
	at java.net.PlainSocketImpl.socketConnect(Native Method)
	at java.net.AbstractPlainSocketImpl.doConnect(AbstractPlainSocketImpl.java:350)
	at java.net.AbstractPlainSocketImpl.connectToAddress(AbstractPlainSocketImpl.java:206)
	at java.net.AbstractPlainSocketImpl.connect(AbstractPlainSocketImpl.java:188)
	at java.net.SocksSocketImpl.connect(SocksSocketImpl.java:392)
	at java.net.Socket.connect(Socket.java:589)
	at com.aerospike.client.cluster.Connection.<init>(Connection.java:57)
	at com.aerospike.client.cluster.Node.getConnection(Node.java:243)
	at com.aerospike.client.command.SyncCommand.execute(SyncCommand.java:44)
	at com.aerospike.client.AerospikeClient.put(AerospikeClient.java:339)
	at org.springframework.data.aerospike.core.AerospikeTemplate.save(AerospikeTemplate.java:212)
	at org.springframework.data.aerospike.repository.support.SimpleAerospikeRepository.save(SimpleAerospikeRepository.java:45)
	at sun.reflect.NativeMethodAccessorImpl.invoke0(Native Method)
	at sun.reflect.NativeMethodAccessorImpl.invoke(NativeMethodAccessorImpl.java:62)
	at sun.reflect.DelegatingMethodAccessorImpl.invoke(DelegatingMethodAccessorImpl.java:43)
	at java.lang.reflect.Method.invoke(Method.java:498)
	at org.springframework.data.repository.core.support.RepositoryFactorySupport$QueryExecutorMethodInterceptor.executeMethodOn(RepositoryFactorySupport.java:475)
	at org.springframework.data.repository.core.support.RepositoryFactorySupport$QueryExecutorMethodInterceptor.doInvoke(RepositoryFactorySupport.java:460)
	at org.springframework.data.repository.core.support.RepositoryFactorySupport$QueryExecutorMethodInterceptor.invoke(RepositoryFactorySupport.java:432)
	at org.springframework.aop.framework.ReflectiveMethodInvocation.proceed(ReflectiveMethodInvocation.java:179)
	at org.springframework.data.projection.DefaultMethodInvokingMethodInterceptor.invoke(DefaultMethodInvokingMethodInterceptor.java:61)
	at org.springframework.aop.framework.ReflectiveMethodInvocation.proceed(ReflectiveMethodInvocation.java:179)
	at org.springframework.aop.interceptor.ExposeInvocationInterceptor.invoke(ExposeInvocationInterceptor.java:92)
	at org.springframework.aop.framework.ReflectiveMethodInvocation.proceed(ReflectiveMethodInvocation.java:179)
	at org.springframework.aop.framework.JdkDynamicAopProxy.invoke(JdkDynamicAopProxy.java:207)
	at com.sun.proxy.$Proxy32.save(Unknown Source)
	at org.springframework.data.aerospike.repository.CustomerRepositoriesIntegrationTests.testReadById(CustomerRepositoriesIntegrationTests.java:90)
]]></error>
    <system-out><![CDATA[16:38:31.741 [main] DEBUG o.s.t.c.s.DirtiesContextTestExecutionListener - After test class: context [DefaultTestContext@6c1cfa53 testClass = PersonRepositoryIntegrationTests, testInstance = [null], testMethod = [null], testException = [null], mergedContextConfiguration = [MergedContextConfiguration@52b06bef testClass = PersonRepositoryIntegrationTests, locations = '{}', classes = '{class org.springframework.data.aerospike.repository.TestConfigPerson}', contextInitializerClasses = '[]', activeProfiles = '{}', propertySourceLocations = '{}', propertySourceProperties = '{}', contextLoader = 'org.springframework.test.context.support.DelegatingSmartContextLoader', parent = [null]]], dirtiesContext [false].
16:38:31.742 [main] DEBUG o.s.t.c.j.SpringJUnit4ClassRunner - SpringJUnit4ClassRunner constructor called with [class org.springframework.data.aerospike.repository.CustomerRepositoriesIntegrationTests].
16:38:31.742 [main] DEBUG o.s.test.context.BootstrapUtils - Instantiating TestContextBootstrapper from class [org.springframework.test.context.support.DefaultTestContextBootstrapper]
16:38:31.743 [main] DEBUG o.s.t.c.s.AbstractDelegatingSmartContextLoader - Delegating to GenericXmlContextLoader to process context configuration [ContextConfigurationAttributes@37d3e140 declaringClass = 'org.springframework.data.aerospike.repository.CustomerRepositoriesIntegrationTests', classes = '{}', locations = '{}', inheritLocations = true, initializers = '{}', inheritInitializers = true, name = [null], contextLoaderClass = 'org.springframework.test.context.ContextLoader'].
16:38:31.743 [main] DEBUG o.s.t.c.s.AbstractContextLoader - Did not detect default resource location for test class [org.springframework.data.aerospike.repository.CustomerRepositoriesIntegrationTests]: class path resource [org/springframework/data/aerospike/repository/CustomerRepositoriesIntegrationTests-context.xml] does not exist
16:38:31.743 [main] INFO  o.s.t.c.s.AbstractContextLoader - Could not detect default resource locations for test class [org.springframework.data.aerospike.repository.CustomerRepositoriesIntegrationTests]: no resource found for suffixes {-context.xml}.
16:38:31.743 [main] DEBUG o.s.t.c.s.AbstractDelegatingSmartContextLoader - Delegating to AnnotationConfigContextLoader to process context configuration [ContextConfigurationAttributes@37d3e140 declaringClass = 'org.springframework.data.aerospike.repository.CustomerRepositoriesIntegrationTests', classes = '{}', locations = '{}', inheritLocations = true, initializers = '{}', inheritInitializers = true, name = [null], contextLoaderClass = 'org.springframework.test.context.ContextLoader'].
16:38:31.743 [main] INFO  o.s.t.c.s.AbstractDelegatingSmartContextLoader - AnnotationConfigContextLoader detected default configuration classes for context configuration [ContextConfigurationAttributes@37d3e140 declaringClass = 'org.springframework.data.aerospike.repository.CustomerRepositoriesIntegrationTests', classes = '{class org.springframework.data.aerospike.repository.CustomerRepositoriesIntegrationTests$Config}', locations = '{}', inheritLocations = true, initializers = '{}', inheritInitializers = true, name = [null], contextLoaderClass = 'org.springframework.test.context.ContextLoader'].
16:38:31.743 [main] DEBUG o.s.t.c.support.ActiveProfilesUtils - Could not find an 'annotation declaring class' for annotation type [org.springframework.test.context.ActiveProfiles] and class [org.springframework.data.aerospike.repository.CustomerRepositoriesIntegrationTests]
16:38:31.743 [main] DEBUG o.s.t.c.s.DefaultTestContextBootstrapper - @TestExecutionListeners is not present for class [org.springframework.data.aerospike.repository.CustomerRepositoriesIntegrationTests]: using defaults.
16:38:31.744 [main] INFO  o.s.t.c.s.DefaultTestContextBootstrapper - Loaded default TestExecutionListener class names from location [META-INF/spring.factories]: [org.springframework.test.context.web.ServletTestExecutionListener, org.springframework.test.context.support.DependencyInjectionTestExecutionListener, org.springframework.test.context.support.DirtiesContextTestExecutionListener, org.springframework.test.context.transaction.TransactionalTestExecutionListener, org.springframework.test.context.jdbc.SqlScriptsTestExecutionListener]
16:38:31.744 [main] INFO  o.s.t.c.s.DefaultTestContextBootstrapper - Could not instantiate TestExecutionListener [org.springframework.test.context.web.ServletTestExecutionListener]. Specify custom listener classes or make the default listener classes (and their required dependencies) available. Offending class: [javax/servlet/ServletContext]
16:38:31.744 [main] INFO  o.s.t.c.s.DefaultTestContextBootstrapper - Using TestExecutionListeners: [org.springframework.test.context.support.DependencyInjectionTestExecutionListener@1291aab5, org.springframework.test.context.support.DirtiesContextTestExecutionListener@7d133fb7, org.springframework.test.context.transaction.TransactionalTestExecutionListener@40bd0f8, org.springframework.test.context.jdbc.SqlScriptsTestExecutionListener@7eb27768]
16:38:31.744 [main] DEBUG o.s.t.annotation.ProfileValueUtils - Retrieved @ProfileValueSourceConfiguration [null] for test class [org.springframework.data.aerospike.repository.CustomerRepositoriesIntegrationTests]
16:38:31.744 [main] DEBUG o.s.t.annotation.ProfileValueUtils - Retrieved ProfileValueSource type [class org.springframework.test.annotation.SystemProfileValueSource] for class [org.springframework.data.aerospike.repository.CustomerRepositoriesIntegrationTests]
16:38:31.744 [main] DEBUG o.s.t.annotation.ProfileValueUtils - Retrieved @ProfileValueSourceConfiguration [null] for test class [org.springframework.data.aerospike.repository.CustomerRepositoriesIntegrationTests]
16:38:31.745 [main] DEBUG o.s.t.annotation.ProfileValueUtils - Retrieved ProfileValueSource type [class org.springframework.test.annotation.SystemProfileValueSource] for class [org.springframework.data.aerospike.repository.CustomerRepositoriesIntegrationTests]
16:38:31.745 [main] DEBUG o.s.t.annotation.ProfileValueUtils - Retrieved @ProfileValueSourceConfiguration [null] for test class [org.springframework.data.aerospike.repository.CustomerRepositoriesIntegrationTests]
16:38:31.745 [main] DEBUG o.s.t.annotation.ProfileValueUtils - Retrieved ProfileValueSource type [class org.springframework.test.annotation.SystemProfileValueSource] for class [org.springframework.data.aerospike.repository.CustomerRepositoriesIntegrationTests]
16:38:31.745 [main] DEBUG o.s.t.c.s.DependencyInjectionTestExecutionListener - Performing dependency injection for test context [[DefaultTestContext@6169be09 testClass = CustomerRepositoriesIntegrationTests, testInstance = org.springframework.data.aerospike.repository.CustomerRepositoriesIntegrationTests@5e3db14, testMethod = [null], testException = [null], mergedContextConfiguration = [MergedContextConfiguration@5fb54740 testClass = CustomerRepositoriesIntegrationTests, locations = '{}', classes = '{class org.springframework.data.aerospike.repository.CustomerRepositoriesIntegrationTests$Config}', contextInitializerClasses = '[]', activeProfiles = '{}', propertySourceLocations = '{}', propertySourceProperties = '{}', contextLoader = 'org.springframework.test.context.support.DelegatingSmartContextLoader', parent = [null]]]].
16:38:31.745 [main] DEBUG o.s.t.c.DefaultCacheAwareContextLoaderDelegate - Retrieved ApplicationContext from cache with key [[MergedContextConfiguration@5fb54740 testClass = CustomerRepositoriesIntegrationTests, locations = '{}', classes = '{class org.springframework.data.aerospike.repository.CustomerRepositoriesIntegrationTests$Config}', contextInitializerClasses = '[]', activeProfiles = '{}', propertySourceLocations = '{}', propertySourceProperties = '{}', contextLoader = 'org.springframework.test.context.support.DelegatingSmartContextLoader', parent = [null]]]
16:38:31.745 [main] DEBUG o.springframework.test.context.cache - Spring test ApplicationContext cache statistics: [ContextCache@5d8bafa9 size = 3, hitCount = 40, missCount = 77, parentContextCount = 0]
16:38:31.745 [main] DEBUG o.s.b.f.annotation.InjectionMetadata - Processing injected element of bean 'org.springframework.data.aerospike.repository.CustomerRepositoriesIntegrationTests': AutowiredFieldElement for org.springframework.data.aerospike.sample.CustomerRepository org.springframework.data.aerospike.repository.CustomerRepositoriesIntegrationTests.repository
16:38:31.745 [main] DEBUG o.s.b.f.s.DefaultListableBeanFactory - Returning cached instance of singleton bean 'customerRepository'
16:38:36.251 [main] DEBUG o.s.t.c.s.DirtiesContextTestExecutionListener - After test method: context [DefaultTestContext@6169be09 testClass = CustomerRepositoriesIntegrationTests, testInstance = org.springframework.data.aerospike.repository.CustomerRepositoriesIntegrationTests@5e3db14, testMethod = testReadById@CustomerRepositoriesIntegrationTests, testException = org.springframework.dao.RecoverableDataAccessException: Aerospike Error: Error Code 11: java.net.SocketTimeoutException: connect timed out; nested exception is com.aerospike.client.AerospikeException$Connection: Error Code 11: java.net.SocketTimeoutException: connect timed out, mergedContextConfiguration = [MergedContextConfiguration@5fb54740 testClass = CustomerRepositoriesIntegrationTests, locations = '{}', classes = '{class org.springframework.data.aerospike.repository.CustomerRepositoriesIntegrationTests$Config}', contextInitializerClasses = '[]', activeProfiles = '{}', propertySourceLocations = '{}', propertySourceProperties = '{}', contextLoader = 'org.springframework.test.context.support.DelegatingSmartContextLoader', parent = [null]]], class dirties context [false], class mode [null], method dirties context [false].
]]></system-out>
  </testcase>
  <testcase name="testCreate" classname="org.springframework.data.aerospike.repository.CustomerRepositoriesIntegrationTests" time="4.484">
    <error message="Aerospike Error: Error Code 11: java.net.SocketTimeoutException: connect timed out; nested exception is com.aerospike.client.AerospikeException$Connection: Error Code 11: java.net.SocketTimeoutException: connect timed out" type="org.springframework.dao.RecoverableDataAccessException"><![CDATA[org.springframework.dao.RecoverableDataAccessException: Aerospike Error: Error Code 11: java.net.SocketTimeoutException: connect timed out; nested exception is com.aerospike.client.AerospikeException$Connection: Error Code 11: java.net.SocketTimeoutException: connect timed out
	at java.net.PlainSocketImpl.socketConnect(Native Method)
	at java.net.AbstractPlainSocketImpl.doConnect(AbstractPlainSocketImpl.java:350)
	at java.net.AbstractPlainSocketImpl.connectToAddress(AbstractPlainSocketImpl.java:206)
	at java.net.AbstractPlainSocketImpl.connect(AbstractPlainSocketImpl.java:188)
	at java.net.SocksSocketImpl.connect(SocksSocketImpl.java:392)
	at java.net.Socket.connect(Socket.java:589)
	at com.aerospike.client.cluster.Connection.<init>(Connection.java:57)
	at com.aerospike.client.cluster.Node.getConnection(Node.java:243)
	at com.aerospike.client.command.SyncCommand.execute(SyncCommand.java:44)
	at com.aerospike.client.AerospikeClient.put(AerospikeClient.java:339)
	at org.springframework.data.aerospike.core.AerospikeTemplate.save(AerospikeTemplate.java:212)
	at org.springframework.data.aerospike.repository.support.SimpleAerospikeRepository.save(SimpleAerospikeRepository.java:45)
	at sun.reflect.NativeMethodAccessorImpl.invoke0(Native Method)
	at sun.reflect.NativeMethodAccessorImpl.invoke(NativeMethodAccessorImpl.java:62)
	at sun.reflect.DelegatingMethodAccessorImpl.invoke(DelegatingMethodAccessorImpl.java:43)
	at java.lang.reflect.Method.invoke(Method.java:498)
	at org.springframework.data.repository.core.support.RepositoryFactorySupport$QueryExecutorMethodInterceptor.executeMethodOn(RepositoryFactorySupport.java:475)
	at org.springframework.data.repository.core.support.RepositoryFactorySupport$QueryExecutorMethodInterceptor.doInvoke(RepositoryFactorySupport.java:460)
	at org.springframework.data.repository.core.support.RepositoryFactorySupport$QueryExecutorMethodInterceptor.invoke(RepositoryFactorySupport.java:432)
	at org.springframework.aop.framework.ReflectiveMethodInvocation.proceed(ReflectiveMethodInvocation.java:179)
	at org.springframework.data.projection.DefaultMethodInvokingMethodInterceptor.invoke(DefaultMethodInvokingMethodInterceptor.java:61)
	at org.springframework.aop.framework.ReflectiveMethodInvocation.proceed(ReflectiveMethodInvocation.java:179)
	at org.springframework.aop.interceptor.ExposeInvocationInterceptor.invoke(ExposeInvocationInterceptor.java:92)
	at org.springframework.aop.framework.ReflectiveMethodInvocation.proceed(ReflectiveMethodInvocation.java:179)
	at org.springframework.aop.framework.JdkDynamicAopProxy.invoke(JdkDynamicAopProxy.java:207)
	at com.sun.proxy.$Proxy32.save(Unknown Source)
	at org.springframework.data.aerospike.repository.CustomerRepositoriesIntegrationTests.testCreate(CustomerRepositoriesIntegrationTests.java:71)
]]></error>
    <system-out><![CDATA[16:38:36.252 [main] DEBUG o.s.t.annotation.ProfileValueUtils - Retrieved @ProfileValueSourceConfiguration [null] for test class [org.springframework.data.aerospike.repository.CustomerRepositoriesIntegrationTests]
16:38:36.252 [main] DEBUG o.s.t.annotation.ProfileValueUtils - Retrieved ProfileValueSource type [class org.springframework.test.annotation.SystemProfileValueSource] for class [org.springframework.data.aerospike.repository.CustomerRepositoriesIntegrationTests]
16:38:36.252 [main] DEBUG o.s.t.c.s.DependencyInjectionTestExecutionListener - Performing dependency injection for test context [[DefaultTestContext@6169be09 testClass = CustomerRepositoriesIntegrationTests, testInstance = org.springframework.data.aerospike.repository.CustomerRepositoriesIntegrationTests@1ee40b5c, testMethod = [null], testException = [null], mergedContextConfiguration = [MergedContextConfiguration@5fb54740 testClass = CustomerRepositoriesIntegrationTests, locations = '{}', classes = '{class org.springframework.data.aerospike.repository.CustomerRepositoriesIntegrationTests$Config}', contextInitializerClasses = '[]', activeProfiles = '{}', propertySourceLocations = '{}', propertySourceProperties = '{}', contextLoader = 'org.springframework.test.context.support.DelegatingSmartContextLoader', parent = [null]]]].
16:38:36.252 [main] DEBUG o.s.t.c.DefaultCacheAwareContextLoaderDelegate - Retrieved ApplicationContext from cache with key [[MergedContextConfiguration@5fb54740 testClass = CustomerRepositoriesIntegrationTests, locations = '{}', classes = '{class org.springframework.data.aerospike.repository.CustomerRepositoriesIntegrationTests$Config}', contextInitializerClasses = '[]', activeProfiles = '{}', propertySourceLocations = '{}', propertySourceProperties = '{}', contextLoader = 'org.springframework.test.context.support.DelegatingSmartContextLoader', parent = [null]]]
16:38:36.252 [main] DEBUG o.springframework.test.context.cache - Spring test ApplicationContext cache statistics: [ContextCache@5d8bafa9 size = 3, hitCount = 41, missCount = 77, parentContextCount = 0]
16:38:36.252 [main] DEBUG o.s.b.f.annotation.InjectionMetadata - Processing injected element of bean 'org.springframework.data.aerospike.repository.CustomerRepositoriesIntegrationTests': AutowiredFieldElement for org.springframework.data.aerospike.sample.CustomerRepository org.springframework.data.aerospike.repository.CustomerRepositoriesIntegrationTests.repository
16:38:36.252 [main] DEBUG o.s.b.f.s.DefaultListableBeanFactory - Returning cached instance of singleton bean 'customerRepository'
16:38:40.758 [main] DEBUG o.s.t.c.s.DirtiesContextTestExecutionListener - After test method: context [DefaultTestContext@6169be09 testClass = CustomerRepositoriesIntegrationTests, testInstance = org.springframework.data.aerospike.repository.CustomerRepositoriesIntegrationTests@1ee40b5c, testMethod = testCreate@CustomerRepositoriesIntegrationTests, testException = org.springframework.dao.RecoverableDataAccessException: Aerospike Error: Error Code 11: java.net.SocketTimeoutException: connect timed out; nested exception is com.aerospike.client.AerospikeException$Connection: Error Code 11: java.net.SocketTimeoutException: connect timed out, mergedContextConfiguration = [MergedContextConfiguration@5fb54740 testClass = CustomerRepositoriesIntegrationTests, locations = '{}', classes = '{class org.springframework.data.aerospike.repository.CustomerRepositoriesIntegrationTests$Config}', contextInitializerClasses = '[]', activeProfiles = '{}', propertySourceLocations = '{}', propertySourceProperties = '{}', contextLoader = 'org.springframework.test.context.support.DelegatingSmartContextLoader', parent = [null]]], class dirties context [false], class mode [null], method dirties context [false].
]]></system-out>
  </testcase>
  <testcase name="testDelete" classname="org.springframework.data.aerospike.repository.CustomerRepositoriesIntegrationTests" time="4.506">
    <error message="Aerospike Error: Error Code 11: java.net.SocketTimeoutException: connect timed out; nested exception is com.aerospike.client.AerospikeException$Connection: Error Code 11: java.net.SocketTimeoutException: connect timed out" type="org.springframework.dao.RecoverableDataAccessException"><![CDATA[org.springframework.dao.RecoverableDataAccessException: Aerospike Error: Error Code 11: java.net.SocketTimeoutException: connect timed out; nested exception is com.aerospike.client.AerospikeException$Connection: Error Code 11: java.net.SocketTimeoutException: connect timed out
	at java.net.PlainSocketImpl.socketConnect(Native Method)
	at java.net.AbstractPlainSocketImpl.doConnect(AbstractPlainSocketImpl.java:350)
	at java.net.AbstractPlainSocketImpl.connectToAddress(AbstractPlainSocketImpl.java:206)
	at java.net.AbstractPlainSocketImpl.connect(AbstractPlainSocketImpl.java:188)
	at java.net.SocksSocketImpl.connect(SocksSocketImpl.java:392)
	at java.net.Socket.connect(Socket.java:589)
	at com.aerospike.client.cluster.Connection.<init>(Connection.java:57)
	at com.aerospike.client.cluster.Node.getConnection(Node.java:243)
	at com.aerospike.client.command.SyncCommand.execute(SyncCommand.java:44)
	at com.aerospike.client.AerospikeClient.delete(AerospikeClient.java:425)
	at org.springframework.data.aerospike.core.AerospikeTemplate.delete(AerospikeTemplate.java:381)
	at org.springframework.data.aerospike.repository.support.SimpleAerospikeRepository.delete(SimpleAerospikeRepository.java:65)
	at sun.reflect.NativeMethodAccessorImpl.invoke0(Native Method)
	at sun.reflect.NativeMethodAccessorImpl.invoke(NativeMethodAccessorImpl.java:62)
	at sun.reflect.DelegatingMethodAccessorImpl.invoke(DelegatingMethodAccessorImpl.java:43)
	at java.lang.reflect.Method.invoke(Method.java:498)
	at org.springframework.data.repository.core.support.RepositoryFactorySupport$QueryExecutorMethodInterceptor.executeMethodOn(RepositoryFactorySupport.java:475)
	at org.springframework.data.repository.core.support.RepositoryFactorySupport$QueryExecutorMethodInterceptor.doInvoke(RepositoryFactorySupport.java:460)
	at org.springframework.data.repository.core.support.RepositoryFactorySupport$QueryExecutorMethodInterceptor.invoke(RepositoryFactorySupport.java:432)
	at org.springframework.aop.framework.ReflectiveMethodInvocation.proceed(ReflectiveMethodInvocation.java:179)
	at org.springframework.data.projection.DefaultMethodInvokingMethodInterceptor.invoke(DefaultMethodInvokingMethodInterceptor.java:61)
	at org.springframework.aop.framework.ReflectiveMethodInvocation.proceed(ReflectiveMethodInvocation.java:179)
	at org.springframework.aop.interceptor.ExposeInvocationInterceptor.invoke(ExposeInvocationInterceptor.java:92)
	at org.springframework.aop.framework.ReflectiveMethodInvocation.proceed(ReflectiveMethodInvocation.java:179)
	at org.springframework.aop.framework.JdkDynamicAopProxy.invoke(JdkDynamicAopProxy.java:207)
	at com.sun.proxy.$Proxy32.delete(Unknown Source)
	at org.springframework.data.aerospike.repository.CustomerRepositoriesIntegrationTests.testDelete(CustomerRepositoriesIntegrationTests.java:84)
]]></error>
    <system-out><![CDATA[16:38:40.759 [main] DEBUG o.s.t.annotation.ProfileValueUtils - Retrieved @ProfileValueSourceConfiguration [null] for test class [org.springframework.data.aerospike.repository.CustomerRepositoriesIntegrationTests]
16:38:40.759 [main] DEBUG o.s.t.annotation.ProfileValueUtils - Retrieved ProfileValueSource type [class org.springframework.test.annotation.SystemProfileValueSource] for class [org.springframework.data.aerospike.repository.CustomerRepositoriesIntegrationTests]
16:38:40.759 [main] DEBUG o.s.t.c.s.DependencyInjectionTestExecutionListener - Performing dependency injection for test context [[DefaultTestContext@6169be09 testClass = CustomerRepositoriesIntegrationTests, testInstance = org.springframework.data.aerospike.repository.CustomerRepositoriesIntegrationTests@703e8050, testMethod = [null], testException = [null], mergedContextConfiguration = [MergedContextConfiguration@5fb54740 testClass = CustomerRepositoriesIntegrationTests, locations = '{}', classes = '{class org.springframework.data.aerospike.repository.CustomerRepositoriesIntegrationTests$Config}', contextInitializerClasses = '[]', activeProfiles = '{}', propertySourceLocations = '{}', propertySourceProperties = '{}', contextLoader = 'org.springframework.test.context.support.DelegatingSmartContextLoader', parent = [null]]]].
16:38:40.759 [main] DEBUG o.s.t.c.DefaultCacheAwareContextLoaderDelegate - Retrieved ApplicationContext from cache with key [[MergedContextConfiguration@5fb54740 testClass = CustomerRepositoriesIntegrationTests, locations = '{}', classes = '{class org.springframework.data.aerospike.repository.CustomerRepositoriesIntegrationTests$Config}', contextInitializerClasses = '[]', activeProfiles = '{}', propertySourceLocations = '{}', propertySourceProperties = '{}', contextLoader = 'org.springframework.test.context.support.DelegatingSmartContextLoader', parent = [null]]]
16:38:40.759 [main] DEBUG o.springframework.test.context.cache - Spring test ApplicationContext cache statistics: [ContextCache@5d8bafa9 size = 3, hitCount = 42, missCount = 77, parentContextCount = 0]
16:38:40.760 [main] DEBUG o.s.b.f.annotation.InjectionMetadata - Processing injected element of bean 'org.springframework.data.aerospike.repository.CustomerRepositoriesIntegrationTests': AutowiredFieldElement for org.springframework.data.aerospike.sample.CustomerRepository org.springframework.data.aerospike.repository.CustomerRepositoriesIntegrationTests.repository
16:38:40.760 [main] DEBUG o.s.b.f.s.DefaultListableBeanFactory - Returning cached instance of singleton bean 'customerRepository'
16:38:45.265 [main] DEBUG o.s.t.c.s.DirtiesContextTestExecutionListener - After test method: context [DefaultTestContext@6169be09 testClass = CustomerRepositoriesIntegrationTests, testInstance = org.springframework.data.aerospike.repository.CustomerRepositoriesIntegrationTests@703e8050, testMethod = testDelete@CustomerRepositoriesIntegrationTests, testException = org.springframework.dao.RecoverableDataAccessException: Aerospike Error: Error Code 11: java.net.SocketTimeoutException: connect timed out; nested exception is com.aerospike.client.AerospikeException$Connection: Error Code 11: java.net.SocketTimeoutException: connect timed out, mergedContextConfiguration = [MergedContextConfiguration@5fb54740 testClass = CustomerRepositoriesIntegrationTests, locations = '{}', classes = '{class org.springframework.data.aerospike.repository.CustomerRepositoriesIntegrationTests$Config}', contextInitializerClasses = '[]', activeProfiles = '{}', propertySourceLocations = '{}', propertySourceProperties = '{}', contextLoader = 'org.springframework.test.context.support.DelegatingSmartContextLoader', parent = [null]]], class dirties context [false], class mode [null], method dirties context [false].
]]></system-out>
  </testcase>
  <testcase name="testExists" classname="org.springframework.data.aerospike.repository.CustomerRepositoriesIntegrationTests" time="4.505">
    <error message="Aerospike Error: Error Code 11: java.net.SocketTimeoutException: connect timed out; nested exception is com.aerospike.client.AerospikeException$Connection: Error Code 11: java.net.SocketTimeoutException: connect timed out" type="org.springframework.dao.RecoverableDataAccessException"><![CDATA[org.springframework.dao.RecoverableDataAccessException: Aerospike Error: Error Code 11: java.net.SocketTimeoutException: connect timed out; nested exception is com.aerospike.client.AerospikeException$Connection: Error Code 11: java.net.SocketTimeoutException: connect timed out
	at java.net.PlainSocketImpl.socketConnect(Native Method)
	at java.net.AbstractPlainSocketImpl.doConnect(AbstractPlainSocketImpl.java:350)
	at java.net.AbstractPlainSocketImpl.connectToAddress(AbstractPlainSocketImpl.java:206)
	at java.net.AbstractPlainSocketImpl.connect(AbstractPlainSocketImpl.java:188)
	at java.net.SocksSocketImpl.connect(SocksSocketImpl.java:392)
	at java.net.Socket.connect(Socket.java:589)
	at com.aerospike.client.cluster.Connection.<init>(Connection.java:57)
	at com.aerospike.client.cluster.Node.getConnection(Node.java:243)
	at com.aerospike.client.command.SyncCommand.execute(SyncCommand.java:44)
	at com.aerospike.client.AerospikeClient.put(AerospikeClient.java:339)
	at org.springframework.data.aerospike.core.AerospikeTemplate.save(AerospikeTemplate.java:212)
	at org.springframework.data.aerospike.repository.support.SimpleAerospikeRepository.save(SimpleAerospikeRepository.java:45)
	at sun.reflect.NativeMethodAccessorImpl.invoke0(Native Method)
	at sun.reflect.NativeMethodAccessorImpl.invoke(NativeMethodAccessorImpl.java:62)
	at sun.reflect.DelegatingMethodAccessorImpl.invoke(DelegatingMethodAccessorImpl.java:43)
	at java.lang.reflect.Method.invoke(Method.java:498)
	at org.springframework.data.repository.core.support.RepositoryFactorySupport$QueryExecutorMethodInterceptor.executeMethodOn(RepositoryFactorySupport.java:475)
	at org.springframework.data.repository.core.support.RepositoryFactorySupport$QueryExecutorMethodInterceptor.doInvoke(RepositoryFactorySupport.java:460)
	at org.springframework.data.repository.core.support.RepositoryFactorySupport$QueryExecutorMethodInterceptor.invoke(RepositoryFactorySupport.java:432)
	at org.springframework.aop.framework.ReflectiveMethodInvocation.proceed(ReflectiveMethodInvocation.java:179)
	at org.springframework.data.projection.DefaultMethodInvokingMethodInterceptor.invoke(DefaultMethodInvokingMethodInterceptor.java:61)
	at org.springframework.aop.framework.ReflectiveMethodInvocation.proceed(ReflectiveMethodInvocation.java:179)
	at org.springframework.aop.interceptor.ExposeInvocationInterceptor.invoke(ExposeInvocationInterceptor.java:92)
	at org.springframework.aop.framework.ReflectiveMethodInvocation.proceed(ReflectiveMethodInvocation.java:179)
	at org.springframework.aop.framework.JdkDynamicAopProxy.invoke(JdkDynamicAopProxy.java:207)
	at com.sun.proxy.$Proxy32.save(Unknown Source)
	at org.springframework.data.aerospike.repository.CustomerRepositoriesIntegrationTests.testExists(CustomerRepositoriesIntegrationTests.java:77)
]]></error>
    <system-out><![CDATA[16:38:45.266 [main] DEBUG o.s.t.annotation.ProfileValueUtils - Retrieved @ProfileValueSourceConfiguration [null] for test class [org.springframework.data.aerospike.repository.CustomerRepositoriesIntegrationTests]
16:38:45.266 [main] DEBUG o.s.t.annotation.ProfileValueUtils - Retrieved ProfileValueSource type [class org.springframework.test.annotation.SystemProfileValueSource] for class [org.springframework.data.aerospike.repository.CustomerRepositoriesIntegrationTests]
16:38:45.266 [main] DEBUG o.s.t.c.s.DependencyInjectionTestExecutionListener - Performing dependency injection for test context [[DefaultTestContext@6169be09 testClass = CustomerRepositoriesIntegrationTests, testInstance = org.springframework.data.aerospike.repository.CustomerRepositoriesIntegrationTests@7741ae1b, testMethod = [null], testException = [null], mergedContextConfiguration = [MergedContextConfiguration@5fb54740 testClass = CustomerRepositoriesIntegrationTests, locations = '{}', classes = '{class org.springframework.data.aerospike.repository.CustomerRepositoriesIntegrationTests$Config}', contextInitializerClasses = '[]', activeProfiles = '{}', propertySourceLocations = '{}', propertySourceProperties = '{}', contextLoader = 'org.springframework.test.context.support.DelegatingSmartContextLoader', parent = [null]]]].
16:38:45.266 [main] DEBUG o.s.t.c.DefaultCacheAwareContextLoaderDelegate - Retrieved ApplicationContext from cache with key [[MergedContextConfiguration@5fb54740 testClass = CustomerRepositoriesIntegrationTests, locations = '{}', classes = '{class org.springframework.data.aerospike.repository.CustomerRepositoriesIntegrationTests$Config}', contextInitializerClasses = '[]', activeProfiles = '{}', propertySourceLocations = '{}', propertySourceProperties = '{}', contextLoader = 'org.springframework.test.context.support.DelegatingSmartContextLoader', parent = [null]]]
16:38:45.266 [main] DEBUG o.springframework.test.context.cache - Spring test ApplicationContext cache statistics: [ContextCache@5d8bafa9 size = 3, hitCount = 43, missCount = 77, parentContextCount = 0]
16:38:45.266 [main] DEBUG o.s.b.f.annotation.InjectionMetadata - Processing injected element of bean 'org.springframework.data.aerospike.repository.CustomerRepositoriesIntegrationTests': AutowiredFieldElement for org.springframework.data.aerospike.sample.CustomerRepository org.springframework.data.aerospike.repository.CustomerRepositoriesIntegrationTests.repository
16:38:45.266 [main] DEBUG o.s.b.f.s.DefaultListableBeanFactory - Returning cached instance of singleton bean 'customerRepository'
16:38:49.770 [main] DEBUG o.s.t.c.s.DirtiesContextTestExecutionListener - After test method: context [DefaultTestContext@6169be09 testClass = CustomerRepositoriesIntegrationTests, testInstance = org.springframework.data.aerospike.repository.CustomerRepositoriesIntegrationTests@7741ae1b, testMethod = testExists@CustomerRepositoriesIntegrationTests, testException = org.springframework.dao.RecoverableDataAccessException: Aerospike Error: Error Code 11: java.net.SocketTimeoutException: connect timed out; nested exception is com.aerospike.client.AerospikeException$Connection: Error Code 11: java.net.SocketTimeoutException: connect timed out, mergedContextConfiguration = [MergedContextConfiguration@5fb54740 testClass = CustomerRepositoriesIntegrationTests, locations = '{}', classes = '{class org.springframework.data.aerospike.repository.CustomerRepositoriesIntegrationTests$Config}', contextInitializerClasses = '[]', activeProfiles = '{}', propertySourceLocations = '{}', propertySourceProperties = '{}', contextLoader = 'org.springframework.test.context.support.DelegatingSmartContextLoader', parent = [null]]], class dirties context [false], class mode [null], method dirties context [false].
]]></system-out>
  </testcase>
</testsuite>